[2022-11-06T02:00:42.016+0200] {processor.py:154} INFO - Started process (PID=1691) to work on /Users/mnagy99/airflow/dags/project/udac_example_dag.py
[2022-11-06T02:00:42.016+0200] {processor.py:756} INFO - Processing file /Users/mnagy99/airflow/dags/project/udac_example_dag.py for tasks to queue
[2022-11-06T02:00:42.017+0200] {logging_mixin.py:120} INFO - [2022-11-06T02:00:42.017+0200] {dagbag.py:537} INFO - Filling up the DagBag from /Users/mnagy99/airflow/dags/project/udac_example_dag.py
[2022-11-06T02:00:42.387+0200] {processor.py:766} INFO - DAG(s) dict_keys(['udac_example_dag']) retrieved from /Users/mnagy99/airflow/dags/project/udac_example_dag.py
[2022-11-06T02:00:42.809+0200] {logging_mixin.py:120} INFO - [2022-11-06T02:00:42.809+0200] {dag.py:2585} INFO - Sync 1 DAGs
[2022-11-06T02:00:42.828+0200] {logging_mixin.py:120} INFO - [2022-11-06T02:00:42.827+0200] {dag.py:3336} INFO - Setting next_dagrun for udac_example_dag to 2019-01-12T00:00:00+00:00, run_after=2019-01-12T01:00:00+00:00
[2022-11-06T02:00:42.846+0200] {processor.py:176} INFO - Processing /Users/mnagy99/airflow/dags/project/udac_example_dag.py took 0.831 seconds
[2022-11-06T02:02:59.035+0200] {processor.py:154} INFO - Started process (PID=2090) to work on /Users/mnagy99/airflow/dags/project/udac_example_dag.py
[2022-11-06T02:02:59.036+0200] {processor.py:756} INFO - Processing file /Users/mnagy99/airflow/dags/project/udac_example_dag.py for tasks to queue
[2022-11-06T02:02:59.037+0200] {logging_mixin.py:120} INFO - [2022-11-06T02:02:59.036+0200] {dagbag.py:537} INFO - Filling up the DagBag from /Users/mnagy99/airflow/dags/project/udac_example_dag.py
[2022-11-06T02:02:59.254+0200] {processor.py:766} INFO - DAG(s) dict_keys(['udac_example_dag']) retrieved from /Users/mnagy99/airflow/dags/project/udac_example_dag.py
[2022-11-06T02:02:59.717+0200] {logging_mixin.py:120} INFO - [2022-11-06T02:02:59.717+0200] {dag.py:2585} INFO - Sync 1 DAGs
[2022-11-06T02:02:59.741+0200] {logging_mixin.py:120} INFO - [2022-11-06T02:02:59.741+0200] {dag.py:3336} INFO - Setting next_dagrun for udac_example_dag to 2019-01-12T00:00:00+00:00, run_after=2019-01-12T01:00:00+00:00
[2022-11-06T02:02:59.756+0200] {processor.py:176} INFO - Processing /Users/mnagy99/airflow/dags/project/udac_example_dag.py took 0.723 seconds
[2022-11-06T02:05:19.055+0200] {processor.py:154} INFO - Started process (PID=2224) to work on /Users/mnagy99/airflow/dags/project/udac_example_dag.py
[2022-11-06T02:05:19.057+0200] {processor.py:756} INFO - Processing file /Users/mnagy99/airflow/dags/project/udac_example_dag.py for tasks to queue
[2022-11-06T02:05:19.058+0200] {logging_mixin.py:120} INFO - [2022-11-06T02:05:19.057+0200] {dagbag.py:537} INFO - Filling up the DagBag from /Users/mnagy99/airflow/dags/project/udac_example_dag.py
[2022-11-06T02:05:19.516+0200] {processor.py:766} INFO - DAG(s) dict_keys(['udac_example_dag']) retrieved from /Users/mnagy99/airflow/dags/project/udac_example_dag.py
[2022-11-06T02:05:19.947+0200] {logging_mixin.py:120} INFO - [2022-11-06T02:05:19.947+0200] {dag.py:2585} INFO - Sync 1 DAGs
[2022-11-06T02:05:19.964+0200] {logging_mixin.py:120} INFO - [2022-11-06T02:05:19.964+0200] {dag.py:3336} INFO - Setting next_dagrun for udac_example_dag to 2019-01-12T00:00:00+00:00, run_after=2019-01-12T01:00:00+00:00
[2022-11-06T02:05:19.984+0200] {processor.py:176} INFO - Processing /Users/mnagy99/airflow/dags/project/udac_example_dag.py took 0.930 seconds
[2022-11-06T02:07:37.994+0200] {processor.py:154} INFO - Started process (PID=2350) to work on /Users/mnagy99/airflow/dags/project/udac_example_dag.py
[2022-11-06T02:07:37.996+0200] {processor.py:756} INFO - Processing file /Users/mnagy99/airflow/dags/project/udac_example_dag.py for tasks to queue
[2022-11-06T02:07:37.997+0200] {logging_mixin.py:120} INFO - [2022-11-06T02:07:37.997+0200] {dagbag.py:537} INFO - Filling up the DagBag from /Users/mnagy99/airflow/dags/project/udac_example_dag.py
[2022-11-06T02:07:38.402+0200] {processor.py:766} INFO - DAG(s) dict_keys(['udac_example_dag']) retrieved from /Users/mnagy99/airflow/dags/project/udac_example_dag.py
[2022-11-06T02:07:38.852+0200] {logging_mixin.py:120} INFO - [2022-11-06T02:07:38.852+0200] {dag.py:2585} INFO - Sync 1 DAGs
[2022-11-06T02:07:38.868+0200] {logging_mixin.py:120} INFO - [2022-11-06T02:07:38.868+0200] {dag.py:3336} INFO - Setting next_dagrun for udac_example_dag to 2019-01-12T00:00:00+00:00, run_after=2019-01-12T01:00:00+00:00
[2022-11-06T02:07:38.891+0200] {processor.py:176} INFO - Processing /Users/mnagy99/airflow/dags/project/udac_example_dag.py took 0.898 seconds
[2022-11-06T02:09:56.577+0200] {processor.py:154} INFO - Started process (PID=2477) to work on /Users/mnagy99/airflow/dags/project/udac_example_dag.py
[2022-11-06T02:09:56.580+0200] {processor.py:756} INFO - Processing file /Users/mnagy99/airflow/dags/project/udac_example_dag.py for tasks to queue
[2022-11-06T02:09:56.581+0200] {logging_mixin.py:120} INFO - [2022-11-06T02:09:56.580+0200] {dagbag.py:537} INFO - Filling up the DagBag from /Users/mnagy99/airflow/dags/project/udac_example_dag.py
[2022-11-06T02:09:56.985+0200] {processor.py:766} INFO - DAG(s) dict_keys(['udac_example_dag']) retrieved from /Users/mnagy99/airflow/dags/project/udac_example_dag.py
[2022-11-06T02:09:57.466+0200] {logging_mixin.py:120} INFO - [2022-11-06T02:09:57.466+0200] {dag.py:2585} INFO - Sync 1 DAGs
[2022-11-06T02:09:57.485+0200] {logging_mixin.py:120} INFO - [2022-11-06T02:09:57.485+0200] {dag.py:3336} INFO - Setting next_dagrun for udac_example_dag to 2019-01-12T00:00:00+00:00, run_after=2019-01-12T01:00:00+00:00
[2022-11-06T02:09:57.501+0200] {processor.py:176} INFO - Processing /Users/mnagy99/airflow/dags/project/udac_example_dag.py took 0.924 seconds
[2022-11-06T02:12:11.607+0200] {processor.py:154} INFO - Started process (PID=2608) to work on /Users/mnagy99/airflow/dags/project/udac_example_dag.py
[2022-11-06T02:12:11.610+0200] {processor.py:756} INFO - Processing file /Users/mnagy99/airflow/dags/project/udac_example_dag.py for tasks to queue
[2022-11-06T02:12:11.610+0200] {logging_mixin.py:120} INFO - [2022-11-06T02:12:11.610+0200] {dagbag.py:537} INFO - Filling up the DagBag from /Users/mnagy99/airflow/dags/project/udac_example_dag.py
[2022-11-06T02:12:11.950+0200] {processor.py:766} INFO - DAG(s) dict_keys(['udac_example_dag']) retrieved from /Users/mnagy99/airflow/dags/project/udac_example_dag.py
[2022-11-06T02:12:12.322+0200] {logging_mixin.py:120} INFO - [2022-11-06T02:12:12.321+0200] {dag.py:2585} INFO - Sync 1 DAGs
[2022-11-06T02:12:12.338+0200] {logging_mixin.py:120} INFO - [2022-11-06T02:12:12.338+0200] {dag.py:3336} INFO - Setting next_dagrun for udac_example_dag to 2019-01-12T00:00:00+00:00, run_after=2019-01-12T01:00:00+00:00
[2022-11-06T02:12:12.355+0200] {processor.py:176} INFO - Processing /Users/mnagy99/airflow/dags/project/udac_example_dag.py took 0.748 seconds
[2022-11-06T02:14:26.193+0200] {processor.py:154} INFO - Started process (PID=2790) to work on /Users/mnagy99/airflow/dags/project/udac_example_dag.py
[2022-11-06T02:14:26.195+0200] {processor.py:756} INFO - Processing file /Users/mnagy99/airflow/dags/project/udac_example_dag.py for tasks to queue
[2022-11-06T02:14:26.195+0200] {logging_mixin.py:120} INFO - [2022-11-06T02:14:26.195+0200] {dagbag.py:537} INFO - Filling up the DagBag from /Users/mnagy99/airflow/dags/project/udac_example_dag.py
[2022-11-06T02:14:26.605+0200] {processor.py:766} INFO - DAG(s) dict_keys(['udac_example_dag']) retrieved from /Users/mnagy99/airflow/dags/project/udac_example_dag.py
[2022-11-06T02:14:26.984+0200] {logging_mixin.py:120} INFO - [2022-11-06T02:14:26.984+0200] {dag.py:2585} INFO - Sync 1 DAGs
[2022-11-06T02:14:26.999+0200] {logging_mixin.py:120} INFO - [2022-11-06T02:14:26.999+0200] {dag.py:3336} INFO - Setting next_dagrun for udac_example_dag to 2019-01-12T00:00:00+00:00, run_after=2019-01-12T01:00:00+00:00
[2022-11-06T02:14:27.016+0200] {processor.py:176} INFO - Processing /Users/mnagy99/airflow/dags/project/udac_example_dag.py took 0.823 seconds
[2022-11-06T02:16:42.172+0200] {processor.py:154} INFO - Started process (PID=2941) to work on /Users/mnagy99/airflow/dags/project/udac_example_dag.py
[2022-11-06T02:16:42.175+0200] {processor.py:756} INFO - Processing file /Users/mnagy99/airflow/dags/project/udac_example_dag.py for tasks to queue
[2022-11-06T02:16:42.175+0200] {logging_mixin.py:120} INFO - [2022-11-06T02:16:42.175+0200] {dagbag.py:537} INFO - Filling up the DagBag from /Users/mnagy99/airflow/dags/project/udac_example_dag.py
[2022-11-06T02:16:42.350+0200] {processor.py:766} INFO - DAG(s) dict_keys(['udac_example_dag']) retrieved from /Users/mnagy99/airflow/dags/project/udac_example_dag.py
[2022-11-06T02:16:42.717+0200] {logging_mixin.py:120} INFO - [2022-11-06T02:16:42.716+0200] {dag.py:2585} INFO - Sync 1 DAGs
[2022-11-06T02:16:42.750+0200] {processor.py:176} INFO - Processing /Users/mnagy99/airflow/dags/project/udac_example_dag.py took 0.579 seconds
[2022-11-06T02:18:54.184+0200] {processor.py:154} INFO - Started process (PID=3087) to work on /Users/mnagy99/airflow/dags/project/udac_example_dag.py
[2022-11-06T02:18:54.186+0200] {processor.py:756} INFO - Processing file /Users/mnagy99/airflow/dags/project/udac_example_dag.py for tasks to queue
[2022-11-06T02:18:54.187+0200] {logging_mixin.py:120} INFO - [2022-11-06T02:18:54.187+0200] {dagbag.py:537} INFO - Filling up the DagBag from /Users/mnagy99/airflow/dags/project/udac_example_dag.py
[2022-11-06T02:18:54.563+0200] {processor.py:766} INFO - DAG(s) dict_keys(['udac_example_dag']) retrieved from /Users/mnagy99/airflow/dags/project/udac_example_dag.py
[2022-11-06T02:18:55.001+0200] {logging_mixin.py:120} INFO - [2022-11-06T02:18:55.001+0200] {dag.py:2585} INFO - Sync 1 DAGs
[2022-11-06T02:18:55.031+0200] {processor.py:176} INFO - Processing /Users/mnagy99/airflow/dags/project/udac_example_dag.py took 0.848 seconds
[2022-11-06T02:21:09.145+0200] {processor.py:154} INFO - Started process (PID=3221) to work on /Users/mnagy99/airflow/dags/project/udac_example_dag.py
[2022-11-06T02:21:09.147+0200] {processor.py:756} INFO - Processing file /Users/mnagy99/airflow/dags/project/udac_example_dag.py for tasks to queue
[2022-11-06T02:21:09.148+0200] {logging_mixin.py:120} INFO - [2022-11-06T02:21:09.148+0200] {dagbag.py:537} INFO - Filling up the DagBag from /Users/mnagy99/airflow/dags/project/udac_example_dag.py
[2022-11-06T02:21:09.341+0200] {processor.py:766} INFO - DAG(s) dict_keys(['udac_example_dag']) retrieved from /Users/mnagy99/airflow/dags/project/udac_example_dag.py
[2022-11-06T02:21:09.740+0200] {logging_mixin.py:120} INFO - [2022-11-06T02:21:09.740+0200] {dag.py:2585} INFO - Sync 1 DAGs
[2022-11-06T02:21:09.771+0200] {processor.py:176} INFO - Processing /Users/mnagy99/airflow/dags/project/udac_example_dag.py took 0.628 seconds
[2022-11-06T02:23:14.069+0200] {processor.py:154} INFO - Started process (PID=3356) to work on /Users/mnagy99/airflow/dags/project/udac_example_dag.py
[2022-11-06T02:23:14.072+0200] {processor.py:756} INFO - Processing file /Users/mnagy99/airflow/dags/project/udac_example_dag.py for tasks to queue
[2022-11-06T02:23:14.072+0200] {logging_mixin.py:120} INFO - [2022-11-06T02:23:14.072+0200] {dagbag.py:537} INFO - Filling up the DagBag from /Users/mnagy99/airflow/dags/project/udac_example_dag.py
[2022-11-06T02:23:14.262+0200] {processor.py:766} INFO - DAG(s) dict_keys(['udac_example_dag']) retrieved from /Users/mnagy99/airflow/dags/project/udac_example_dag.py
[2022-11-06T02:23:15.263+0200] {logging_mixin.py:120} INFO - [2022-11-06T02:23:15.263+0200] {dag.py:2585} INFO - Sync 1 DAGs
[2022-11-06T02:23:15.292+0200] {processor.py:176} INFO - Processing /Users/mnagy99/airflow/dags/project/udac_example_dag.py took 1.223 seconds
[2022-11-06T02:24:05.076+0200] {processor.py:154} INFO - Started process (PID=3400) to work on /Users/mnagy99/airflow/dags/project/udac_example_dag.py
[2022-11-06T02:24:05.078+0200] {processor.py:756} INFO - Processing file /Users/mnagy99/airflow/dags/project/udac_example_dag.py for tasks to queue
[2022-11-06T02:24:05.078+0200] {logging_mixin.py:120} INFO - [2022-11-06T02:24:05.078+0200] {dagbag.py:537} INFO - Filling up the DagBag from /Users/mnagy99/airflow/dags/project/udac_example_dag.py
[2022-11-06T02:24:05.298+0200] {processor.py:766} INFO - DAG(s) dict_keys(['udac_example_dag']) retrieved from /Users/mnagy99/airflow/dags/project/udac_example_dag.py
[2022-11-06T02:24:05.722+0200] {logging_mixin.py:120} INFO - [2022-11-06T02:24:05.721+0200] {dag.py:2585} INFO - Sync 1 DAGs
[2022-11-06T02:24:05.774+0200] {processor.py:176} INFO - Processing /Users/mnagy99/airflow/dags/project/udac_example_dag.py took 0.699 seconds
[2022-11-06T02:26:19.483+0200] {processor.py:154} INFO - Started process (PID=3540) to work on /Users/mnagy99/airflow/dags/project/udac_example_dag.py
[2022-11-06T02:26:19.486+0200] {processor.py:756} INFO - Processing file /Users/mnagy99/airflow/dags/project/udac_example_dag.py for tasks to queue
[2022-11-06T02:26:19.486+0200] {logging_mixin.py:120} INFO - [2022-11-06T02:26:19.486+0200] {dagbag.py:537} INFO - Filling up the DagBag from /Users/mnagy99/airflow/dags/project/udac_example_dag.py
[2022-11-06T02:26:19.674+0200] {processor.py:766} INFO - DAG(s) dict_keys(['udac_example_dag']) retrieved from /Users/mnagy99/airflow/dags/project/udac_example_dag.py
[2022-11-06T02:26:21.362+0200] {logging_mixin.py:120} INFO - [2022-11-06T02:26:21.362+0200] {dag.py:2585} INFO - Sync 1 DAGs
[2022-11-06T02:26:21.401+0200] {processor.py:176} INFO - Processing /Users/mnagy99/airflow/dags/project/udac_example_dag.py took 1.916 seconds
[2022-11-06T02:28:31.637+0200] {processor.py:154} INFO - Started process (PID=3680) to work on /Users/mnagy99/airflow/dags/project/udac_example_dag.py
[2022-11-06T02:28:31.637+0200] {processor.py:756} INFO - Processing file /Users/mnagy99/airflow/dags/project/udac_example_dag.py for tasks to queue
[2022-11-06T02:28:31.638+0200] {logging_mixin.py:120} INFO - [2022-11-06T02:28:31.638+0200] {dagbag.py:537} INFO - Filling up the DagBag from /Users/mnagy99/airflow/dags/project/udac_example_dag.py
[2022-11-06T02:28:31.829+0200] {processor.py:766} INFO - DAG(s) dict_keys(['udac_example_dag']) retrieved from /Users/mnagy99/airflow/dags/project/udac_example_dag.py
[2022-11-06T02:28:32.199+0200] {logging_mixin.py:120} INFO - [2022-11-06T02:28:32.199+0200] {dag.py:2585} INFO - Sync 1 DAGs
[2022-11-06T02:28:32.232+0200] {processor.py:176} INFO - Processing /Users/mnagy99/airflow/dags/project/udac_example_dag.py took 0.596 seconds
[2022-11-06T02:30:41.677+0200] {processor.py:154} INFO - Started process (PID=3830) to work on /Users/mnagy99/airflow/dags/project/udac_example_dag.py
[2022-11-06T02:30:41.679+0200] {processor.py:756} INFO - Processing file /Users/mnagy99/airflow/dags/project/udac_example_dag.py for tasks to queue
[2022-11-06T02:30:41.680+0200] {logging_mixin.py:120} INFO - [2022-11-06T02:30:41.680+0200] {dagbag.py:537} INFO - Filling up the DagBag from /Users/mnagy99/airflow/dags/project/udac_example_dag.py
[2022-11-06T02:30:41.853+0200] {processor.py:766} INFO - DAG(s) dict_keys(['udac_example_dag']) retrieved from /Users/mnagy99/airflow/dags/project/udac_example_dag.py
[2022-11-06T02:30:42.218+0200] {logging_mixin.py:120} INFO - [2022-11-06T02:30:42.218+0200] {dag.py:2585} INFO - Sync 1 DAGs
[2022-11-06T02:30:42.248+0200] {processor.py:176} INFO - Processing /Users/mnagy99/airflow/dags/project/udac_example_dag.py took 0.572 seconds
[2022-11-06T02:32:56.410+0200] {processor.py:154} INFO - Started process (PID=3982) to work on /Users/mnagy99/airflow/dags/project/udac_example_dag.py
[2022-11-06T02:32:56.411+0200] {processor.py:756} INFO - Processing file /Users/mnagy99/airflow/dags/project/udac_example_dag.py for tasks to queue
[2022-11-06T02:32:56.411+0200] {logging_mixin.py:120} INFO - [2022-11-06T02:32:56.411+0200] {dagbag.py:537} INFO - Filling up the DagBag from /Users/mnagy99/airflow/dags/project/udac_example_dag.py
[2022-11-06T02:32:56.766+0200] {processor.py:766} INFO - DAG(s) dict_keys(['udac_example_dag']) retrieved from /Users/mnagy99/airflow/dags/project/udac_example_dag.py
[2022-11-06T02:32:57.174+0200] {logging_mixin.py:120} INFO - [2022-11-06T02:32:57.174+0200] {dag.py:2585} INFO - Sync 1 DAGs
[2022-11-06T02:32:57.205+0200] {processor.py:176} INFO - Processing /Users/mnagy99/airflow/dags/project/udac_example_dag.py took 0.796 seconds
[2022-11-06T02:35:04.824+0200] {processor.py:154} INFO - Started process (PID=4126) to work on /Users/mnagy99/airflow/dags/project/udac_example_dag.py
[2022-11-06T02:35:04.826+0200] {processor.py:756} INFO - Processing file /Users/mnagy99/airflow/dags/project/udac_example_dag.py for tasks to queue
[2022-11-06T02:35:04.826+0200] {logging_mixin.py:120} INFO - [2022-11-06T02:35:04.826+0200] {dagbag.py:537} INFO - Filling up the DagBag from /Users/mnagy99/airflow/dags/project/udac_example_dag.py
[2022-11-06T02:35:05.011+0200] {processor.py:766} INFO - DAG(s) dict_keys(['udac_example_dag']) retrieved from /Users/mnagy99/airflow/dags/project/udac_example_dag.py
[2022-11-06T02:35:05.412+0200] {logging_mixin.py:120} INFO - [2022-11-06T02:35:05.412+0200] {dag.py:2585} INFO - Sync 1 DAGs
[2022-11-06T02:35:05.449+0200] {processor.py:176} INFO - Processing /Users/mnagy99/airflow/dags/project/udac_example_dag.py took 0.626 seconds
[2022-11-06T02:37:15.370+0200] {processor.py:154} INFO - Started process (PID=4267) to work on /Users/mnagy99/airflow/dags/project/udac_example_dag.py
[2022-11-06T02:37:15.372+0200] {processor.py:756} INFO - Processing file /Users/mnagy99/airflow/dags/project/udac_example_dag.py for tasks to queue
[2022-11-06T02:37:15.373+0200] {logging_mixin.py:120} INFO - [2022-11-06T02:37:15.373+0200] {dagbag.py:537} INFO - Filling up the DagBag from /Users/mnagy99/airflow/dags/project/udac_example_dag.py
[2022-11-06T02:37:15.564+0200] {processor.py:766} INFO - DAG(s) dict_keys(['udac_example_dag']) retrieved from /Users/mnagy99/airflow/dags/project/udac_example_dag.py
[2022-11-06T02:37:16.505+0200] {logging_mixin.py:120} INFO - [2022-11-06T02:37:16.505+0200] {dag.py:2585} INFO - Sync 1 DAGs
[2022-11-06T02:37:16.540+0200] {processor.py:176} INFO - Processing /Users/mnagy99/airflow/dags/project/udac_example_dag.py took 1.170 seconds
[2022-11-06T02:39:25.747+0200] {processor.py:154} INFO - Started process (PID=4397) to work on /Users/mnagy99/airflow/dags/project/udac_example_dag.py
[2022-11-06T02:39:25.749+0200] {processor.py:756} INFO - Processing file /Users/mnagy99/airflow/dags/project/udac_example_dag.py for tasks to queue
[2022-11-06T02:39:25.750+0200] {logging_mixin.py:120} INFO - [2022-11-06T02:39:25.750+0200] {dagbag.py:537} INFO - Filling up the DagBag from /Users/mnagy99/airflow/dags/project/udac_example_dag.py
[2022-11-06T02:39:25.925+0200] {processor.py:766} INFO - DAG(s) dict_keys(['udac_example_dag']) retrieved from /Users/mnagy99/airflow/dags/project/udac_example_dag.py
[2022-11-06T02:39:26.294+0200] {logging_mixin.py:120} INFO - [2022-11-06T02:39:26.293+0200] {dag.py:2585} INFO - Sync 1 DAGs
[2022-11-06T02:39:26.326+0200] {processor.py:176} INFO - Processing /Users/mnagy99/airflow/dags/project/udac_example_dag.py took 0.580 seconds
[2022-11-06T02:41:51.082+0200] {processor.py:154} INFO - Started process (PID=4570) to work on /Users/mnagy99/airflow/dags/project/udac_example_dag.py
[2022-11-06T02:41:51.083+0200] {processor.py:756} INFO - Processing file /Users/mnagy99/airflow/dags/project/udac_example_dag.py for tasks to queue
[2022-11-06T02:41:51.084+0200] {logging_mixin.py:120} INFO - [2022-11-06T02:41:51.084+0200] {dagbag.py:537} INFO - Filling up the DagBag from /Users/mnagy99/airflow/dags/project/udac_example_dag.py
[2022-11-06T02:41:51.297+0200] {processor.py:766} INFO - DAG(s) dict_keys(['udac_example_dag']) retrieved from /Users/mnagy99/airflow/dags/project/udac_example_dag.py
[2022-11-06T02:41:51.697+0200] {logging_mixin.py:120} INFO - [2022-11-06T02:41:51.697+0200] {dag.py:2585} INFO - Sync 1 DAGs
[2022-11-06T02:41:51.733+0200] {processor.py:176} INFO - Processing /Users/mnagy99/airflow/dags/project/udac_example_dag.py took 0.652 seconds
[2022-11-06T02:44:17.364+0200] {processor.py:154} INFO - Started process (PID=4705) to work on /Users/mnagy99/airflow/dags/project/udac_example_dag.py
[2022-11-06T02:44:17.366+0200] {processor.py:756} INFO - Processing file /Users/mnagy99/airflow/dags/project/udac_example_dag.py for tasks to queue
[2022-11-06T02:44:17.366+0200] {logging_mixin.py:120} INFO - [2022-11-06T02:44:17.366+0200] {dagbag.py:537} INFO - Filling up the DagBag from /Users/mnagy99/airflow/dags/project/udac_example_dag.py
[2022-11-06T02:44:17.588+0200] {processor.py:766} INFO - DAG(s) dict_keys(['udac_example_dag']) retrieved from /Users/mnagy99/airflow/dags/project/udac_example_dag.py
[2022-11-06T02:44:17.970+0200] {logging_mixin.py:120} INFO - [2022-11-06T02:44:17.970+0200] {dag.py:2585} INFO - Sync 1 DAGs
[2022-11-06T02:44:18.011+0200] {processor.py:176} INFO - Processing /Users/mnagy99/airflow/dags/project/udac_example_dag.py took 0.648 seconds
[2022-11-06T02:46:30.758+0200] {processor.py:154} INFO - Started process (PID=4845) to work on /Users/mnagy99/airflow/dags/project/udac_example_dag.py
[2022-11-06T02:46:30.761+0200] {processor.py:756} INFO - Processing file /Users/mnagy99/airflow/dags/project/udac_example_dag.py for tasks to queue
[2022-11-06T02:46:30.761+0200] {logging_mixin.py:120} INFO - [2022-11-06T02:46:30.761+0200] {dagbag.py:537} INFO - Filling up the DagBag from /Users/mnagy99/airflow/dags/project/udac_example_dag.py
[2022-11-06T02:46:30.935+0200] {processor.py:766} INFO - DAG(s) dict_keys(['udac_example_dag']) retrieved from /Users/mnagy99/airflow/dags/project/udac_example_dag.py
[2022-11-06T02:46:31.315+0200] {logging_mixin.py:120} INFO - [2022-11-06T02:46:31.315+0200] {dag.py:2585} INFO - Sync 1 DAGs
[2022-11-06T02:46:31.346+0200] {processor.py:176} INFO - Processing /Users/mnagy99/airflow/dags/project/udac_example_dag.py took 0.589 seconds
[2022-11-06T02:48:39.453+0200] {processor.py:154} INFO - Started process (PID=4971) to work on /Users/mnagy99/airflow/dags/project/udac_example_dag.py
[2022-11-06T02:48:39.456+0200] {processor.py:756} INFO - Processing file /Users/mnagy99/airflow/dags/project/udac_example_dag.py for tasks to queue
[2022-11-06T02:48:39.456+0200] {logging_mixin.py:120} INFO - [2022-11-06T02:48:39.456+0200] {dagbag.py:537} INFO - Filling up the DagBag from /Users/mnagy99/airflow/dags/project/udac_example_dag.py
[2022-11-06T02:48:39.632+0200] {processor.py:766} INFO - DAG(s) dict_keys(['udac_example_dag']) retrieved from /Users/mnagy99/airflow/dags/project/udac_example_dag.py
[2022-11-06T02:48:39.994+0200] {logging_mixin.py:120} INFO - [2022-11-06T02:48:39.993+0200] {dag.py:2585} INFO - Sync 1 DAGs
[2022-11-06T02:48:40.028+0200] {processor.py:176} INFO - Processing /Users/mnagy99/airflow/dags/project/udac_example_dag.py took 0.575 seconds
[2022-11-06T02:50:45.162+0200] {processor.py:154} INFO - Started process (PID=5094) to work on /Users/mnagy99/airflow/dags/project/udac_example_dag.py
[2022-11-06T02:50:45.165+0200] {processor.py:756} INFO - Processing file /Users/mnagy99/airflow/dags/project/udac_example_dag.py for tasks to queue
[2022-11-06T02:50:45.165+0200] {logging_mixin.py:120} INFO - [2022-11-06T02:50:45.165+0200] {dagbag.py:537} INFO - Filling up the DagBag from /Users/mnagy99/airflow/dags/project/udac_example_dag.py
[2022-11-06T02:50:45.342+0200] {processor.py:766} INFO - DAG(s) dict_keys(['udac_example_dag']) retrieved from /Users/mnagy99/airflow/dags/project/udac_example_dag.py
[2022-11-06T02:50:45.712+0200] {logging_mixin.py:120} INFO - [2022-11-06T02:50:45.711+0200] {dag.py:2585} INFO - Sync 1 DAGs
[2022-11-06T02:50:45.743+0200] {processor.py:176} INFO - Processing /Users/mnagy99/airflow/dags/project/udac_example_dag.py took 0.582 seconds
[2022-11-06T02:52:52.120+0200] {processor.py:154} INFO - Started process (PID=5223) to work on /Users/mnagy99/airflow/dags/project/udac_example_dag.py
[2022-11-06T02:52:52.123+0200] {processor.py:756} INFO - Processing file /Users/mnagy99/airflow/dags/project/udac_example_dag.py for tasks to queue
[2022-11-06T02:52:52.123+0200] {logging_mixin.py:120} INFO - [2022-11-06T02:52:52.123+0200] {dagbag.py:537} INFO - Filling up the DagBag from /Users/mnagy99/airflow/dags/project/udac_example_dag.py
[2022-11-06T02:52:52.312+0200] {processor.py:766} INFO - DAG(s) dict_keys(['udac_example_dag']) retrieved from /Users/mnagy99/airflow/dags/project/udac_example_dag.py
[2022-11-06T02:52:52.738+0200] {logging_mixin.py:120} INFO - [2022-11-06T02:52:52.738+0200] {dag.py:2585} INFO - Sync 1 DAGs
[2022-11-06T02:52:52.772+0200] {processor.py:176} INFO - Processing /Users/mnagy99/airflow/dags/project/udac_example_dag.py took 0.653 seconds
[2022-11-06T02:54:59.672+0200] {processor.py:154} INFO - Started process (PID=5345) to work on /Users/mnagy99/airflow/dags/project/udac_example_dag.py
[2022-11-06T02:54:59.674+0200] {processor.py:756} INFO - Processing file /Users/mnagy99/airflow/dags/project/udac_example_dag.py for tasks to queue
[2022-11-06T02:54:59.675+0200] {logging_mixin.py:120} INFO - [2022-11-06T02:54:59.675+0200] {dagbag.py:537} INFO - Filling up the DagBag from /Users/mnagy99/airflow/dags/project/udac_example_dag.py
[2022-11-06T02:55:00.160+0200] {processor.py:766} INFO - DAG(s) dict_keys(['udac_example_dag']) retrieved from /Users/mnagy99/airflow/dags/project/udac_example_dag.py
[2022-11-06T02:55:00.566+0200] {logging_mixin.py:120} INFO - [2022-11-06T02:55:00.566+0200] {dag.py:2585} INFO - Sync 1 DAGs
[2022-11-06T02:55:00.603+0200] {processor.py:176} INFO - Processing /Users/mnagy99/airflow/dags/project/udac_example_dag.py took 0.931 seconds
[2022-11-06T02:57:16.249+0200] {processor.py:154} INFO - Started process (PID=5490) to work on /Users/mnagy99/airflow/dags/project/udac_example_dag.py
[2022-11-06T02:57:16.251+0200] {processor.py:756} INFO - Processing file /Users/mnagy99/airflow/dags/project/udac_example_dag.py for tasks to queue
[2022-11-06T02:57:16.251+0200] {logging_mixin.py:120} INFO - [2022-11-06T02:57:16.251+0200] {dagbag.py:537} INFO - Filling up the DagBag from /Users/mnagy99/airflow/dags/project/udac_example_dag.py
[2022-11-06T02:57:16.668+0200] {processor.py:766} INFO - DAG(s) dict_keys(['udac_example_dag']) retrieved from /Users/mnagy99/airflow/dags/project/udac_example_dag.py
[2022-11-06T02:57:17.177+0200] {logging_mixin.py:120} INFO - [2022-11-06T02:57:17.177+0200] {dag.py:2585} INFO - Sync 1 DAGs
[2022-11-06T02:57:17.206+0200] {processor.py:176} INFO - Processing /Users/mnagy99/airflow/dags/project/udac_example_dag.py took 0.958 seconds
[2022-11-06T02:59:33.966+0200] {processor.py:154} INFO - Started process (PID=5626) to work on /Users/mnagy99/airflow/dags/project/udac_example_dag.py
[2022-11-06T02:59:33.967+0200] {processor.py:756} INFO - Processing file /Users/mnagy99/airflow/dags/project/udac_example_dag.py for tasks to queue
[2022-11-06T02:59:33.967+0200] {logging_mixin.py:120} INFO - [2022-11-06T02:59:33.967+0200] {dagbag.py:537} INFO - Filling up the DagBag from /Users/mnagy99/airflow/dags/project/udac_example_dag.py
[2022-11-06T02:59:34.657+0200] {processor.py:766} INFO - DAG(s) dict_keys(['udac_example_dag']) retrieved from /Users/mnagy99/airflow/dags/project/udac_example_dag.py
[2022-11-06T02:59:35.197+0200] {logging_mixin.py:120} INFO - [2022-11-06T02:59:35.197+0200] {dag.py:2585} INFO - Sync 1 DAGs
[2022-11-06T02:59:35.228+0200] {processor.py:176} INFO - Processing /Users/mnagy99/airflow/dags/project/udac_example_dag.py took 1.264 seconds
[2022-11-06T03:02:17.413+0200] {processor.py:154} INFO - Started process (PID=5777) to work on /Users/mnagy99/airflow/dags/project/udac_example_dag.py
[2022-11-06T03:02:17.415+0200] {processor.py:756} INFO - Processing file /Users/mnagy99/airflow/dags/project/udac_example_dag.py for tasks to queue
[2022-11-06T03:02:17.416+0200] {logging_mixin.py:120} INFO - [2022-11-06T03:02:17.416+0200] {dagbag.py:537} INFO - Filling up the DagBag from /Users/mnagy99/airflow/dags/project/udac_example_dag.py
[2022-11-06T03:02:17.591+0200] {processor.py:766} INFO - DAG(s) dict_keys(['udac_example_dag']) retrieved from /Users/mnagy99/airflow/dags/project/udac_example_dag.py
[2022-11-06T03:02:17.997+0200] {logging_mixin.py:120} INFO - [2022-11-06T03:02:17.997+0200] {dag.py:2585} INFO - Sync 1 DAGs
[2022-11-06T03:02:18.031+0200] {processor.py:176} INFO - Processing /Users/mnagy99/airflow/dags/project/udac_example_dag.py took 0.619 seconds
[2022-11-06T03:04:40.423+0200] {processor.py:154} INFO - Started process (PID=5907) to work on /Users/mnagy99/airflow/dags/project/udac_example_dag.py
[2022-11-06T03:04:40.426+0200] {processor.py:756} INFO - Processing file /Users/mnagy99/airflow/dags/project/udac_example_dag.py for tasks to queue
[2022-11-06T03:04:40.427+0200] {logging_mixin.py:120} INFO - [2022-11-06T03:04:40.427+0200] {dagbag.py:537} INFO - Filling up the DagBag from /Users/mnagy99/airflow/dags/project/udac_example_dag.py
[2022-11-06T03:04:40.606+0200] {processor.py:766} INFO - DAG(s) dict_keys(['udac_example_dag']) retrieved from /Users/mnagy99/airflow/dags/project/udac_example_dag.py
[2022-11-06T03:04:41.002+0200] {logging_mixin.py:120} INFO - [2022-11-06T03:04:41.002+0200] {dag.py:2585} INFO - Sync 1 DAGs
[2022-11-06T03:04:41.037+0200] {processor.py:176} INFO - Processing /Users/mnagy99/airflow/dags/project/udac_example_dag.py took 0.614 seconds
[2022-11-06T03:06:47.329+0200] {processor.py:154} INFO - Started process (PID=6034) to work on /Users/mnagy99/airflow/dags/project/udac_example_dag.py
[2022-11-06T03:06:47.332+0200] {processor.py:756} INFO - Processing file /Users/mnagy99/airflow/dags/project/udac_example_dag.py for tasks to queue
[2022-11-06T03:06:47.333+0200] {logging_mixin.py:120} INFO - [2022-11-06T03:06:47.333+0200] {dagbag.py:537} INFO - Filling up the DagBag from /Users/mnagy99/airflow/dags/project/udac_example_dag.py
[2022-11-06T03:06:47.526+0200] {processor.py:766} INFO - DAG(s) dict_keys(['udac_example_dag']) retrieved from /Users/mnagy99/airflow/dags/project/udac_example_dag.py
[2022-11-06T03:06:47.906+0200] {logging_mixin.py:120} INFO - [2022-11-06T03:06:47.906+0200] {dag.py:2585} INFO - Sync 1 DAGs
[2022-11-06T03:06:47.940+0200] {processor.py:176} INFO - Processing /Users/mnagy99/airflow/dags/project/udac_example_dag.py took 0.611 seconds
[2022-11-06T03:09:03.325+0200] {processor.py:154} INFO - Started process (PID=6165) to work on /Users/mnagy99/airflow/dags/project/udac_example_dag.py
[2022-11-06T03:09:03.327+0200] {processor.py:756} INFO - Processing file /Users/mnagy99/airflow/dags/project/udac_example_dag.py for tasks to queue
[2022-11-06T03:09:03.328+0200] {logging_mixin.py:120} INFO - [2022-11-06T03:09:03.328+0200] {dagbag.py:537} INFO - Filling up the DagBag from /Users/mnagy99/airflow/dags/project/udac_example_dag.py
[2022-11-06T03:09:03.511+0200] {processor.py:766} INFO - DAG(s) dict_keys(['udac_example_dag']) retrieved from /Users/mnagy99/airflow/dags/project/udac_example_dag.py
[2022-11-06T03:09:03.926+0200] {logging_mixin.py:120} INFO - [2022-11-06T03:09:03.926+0200] {dag.py:2585} INFO - Sync 1 DAGs
[2022-11-06T03:09:03.960+0200] {processor.py:176} INFO - Processing /Users/mnagy99/airflow/dags/project/udac_example_dag.py took 0.635 seconds
[2022-11-06T03:11:07.370+0200] {processor.py:154} INFO - Started process (PID=6304) to work on /Users/mnagy99/airflow/dags/project/udac_example_dag.py
[2022-11-06T03:11:07.372+0200] {processor.py:756} INFO - Processing file /Users/mnagy99/airflow/dags/project/udac_example_dag.py for tasks to queue
[2022-11-06T03:11:07.373+0200] {logging_mixin.py:120} INFO - [2022-11-06T03:11:07.372+0200] {dagbag.py:537} INFO - Filling up the DagBag from /Users/mnagy99/airflow/dags/project/udac_example_dag.py
[2022-11-06T03:11:07.576+0200] {processor.py:766} INFO - DAG(s) dict_keys(['udac_example_dag']) retrieved from /Users/mnagy99/airflow/dags/project/udac_example_dag.py
[2022-11-06T03:11:07.979+0200] {logging_mixin.py:120} INFO - [2022-11-06T03:11:07.979+0200] {dag.py:2585} INFO - Sync 1 DAGs
[2022-11-06T03:11:08.012+0200] {processor.py:176} INFO - Processing /Users/mnagy99/airflow/dags/project/udac_example_dag.py took 0.643 seconds
[2022-11-06T03:13:16.436+0200] {processor.py:154} INFO - Started process (PID=6432) to work on /Users/mnagy99/airflow/dags/project/udac_example_dag.py
[2022-11-06T03:13:16.438+0200] {processor.py:756} INFO - Processing file /Users/mnagy99/airflow/dags/project/udac_example_dag.py for tasks to queue
[2022-11-06T03:13:16.438+0200] {logging_mixin.py:120} INFO - [2022-11-06T03:13:16.438+0200] {dagbag.py:537} INFO - Filling up the DagBag from /Users/mnagy99/airflow/dags/project/udac_example_dag.py
[2022-11-06T03:13:16.615+0200] {processor.py:766} INFO - DAG(s) dict_keys(['udac_example_dag']) retrieved from /Users/mnagy99/airflow/dags/project/udac_example_dag.py
[2022-11-06T03:13:16.973+0200] {logging_mixin.py:120} INFO - [2022-11-06T03:13:16.972+0200] {dag.py:2585} INFO - Sync 1 DAGs
[2022-11-06T03:13:17.007+0200] {processor.py:176} INFO - Processing /Users/mnagy99/airflow/dags/project/udac_example_dag.py took 0.571 seconds
[2022-11-06T03:15:16.347+0200] {processor.py:154} INFO - Started process (PID=6561) to work on /Users/mnagy99/airflow/dags/project/udac_example_dag.py
[2022-11-06T03:15:16.348+0200] {processor.py:756} INFO - Processing file /Users/mnagy99/airflow/dags/project/udac_example_dag.py for tasks to queue
[2022-11-06T03:15:16.348+0200] {logging_mixin.py:120} INFO - [2022-11-06T03:15:16.348+0200] {dagbag.py:537} INFO - Filling up the DagBag from /Users/mnagy99/airflow/dags/project/udac_example_dag.py
[2022-11-06T03:15:16.361+0200] {logging_mixin.py:120} INFO - [2022-11-06T03:15:16.360+0200] {dagbag.py:342} ERROR - Failed to import: /Users/mnagy99/airflow/dags/project/udac_example_dag.py
Traceback (most recent call last):
  File "/Users/mnagy99/opt/anaconda3/envs/airflow-env/lib/python3.8/site-packages/airflow/models/dagbag.py", line 338, in parse
    loader.exec_module(new_module)
  File "<frozen importlib._bootstrap_external>", line 839, in exec_module
  File "<frozen importlib._bootstrap_external>", line 976, in get_code
  File "<frozen importlib._bootstrap_external>", line 906, in source_to_code
  File "<frozen importlib._bootstrap>", line 219, in _call_with_frames_removed
  File "/Users/mnagy99/airflow/dags/project/udac_example_dag.py", line 69
    json="auto",
    ^
SyntaxError: invalid syntax
[2022-11-06T03:15:16.361+0200] {processor.py:768} WARNING - No viable dags retrieved from /Users/mnagy99/airflow/dags/project/udac_example_dag.py
[2022-11-06T03:15:16.474+0200] {processor.py:176} INFO - Processing /Users/mnagy99/airflow/dags/project/udac_example_dag.py took 0.128 seconds
[2022-11-06T03:17:16.893+0200] {processor.py:154} INFO - Started process (PID=6695) to work on /Users/mnagy99/airflow/dags/project/udac_example_dag.py
[2022-11-06T03:17:16.896+0200] {processor.py:756} INFO - Processing file /Users/mnagy99/airflow/dags/project/udac_example_dag.py for tasks to queue
[2022-11-06T03:17:16.897+0200] {logging_mixin.py:120} INFO - [2022-11-06T03:17:16.896+0200] {dagbag.py:537} INFO - Filling up the DagBag from /Users/mnagy99/airflow/dags/project/udac_example_dag.py
[2022-11-06T03:17:16.910+0200] {logging_mixin.py:120} INFO - [2022-11-06T03:17:16.909+0200] {dagbag.py:342} ERROR - Failed to import: /Users/mnagy99/airflow/dags/project/udac_example_dag.py
Traceback (most recent call last):
  File "/Users/mnagy99/opt/anaconda3/envs/airflow-env/lib/python3.8/site-packages/airflow/models/dagbag.py", line 338, in parse
    loader.exec_module(new_module)
  File "<frozen importlib._bootstrap_external>", line 839, in exec_module
  File "<frozen importlib._bootstrap_external>", line 976, in get_code
  File "<frozen importlib._bootstrap_external>", line 906, in source_to_code
  File "<frozen importlib._bootstrap>", line 219, in _call_with_frames_removed
  File "/Users/mnagy99/airflow/dags/project/udac_example_dag.py", line 69
    json="auto",
    ^
SyntaxError: invalid syntax
[2022-11-06T03:17:16.910+0200] {processor.py:768} WARNING - No viable dags retrieved from /Users/mnagy99/airflow/dags/project/udac_example_dag.py
[2022-11-06T03:17:17.023+0200] {processor.py:176} INFO - Processing /Users/mnagy99/airflow/dags/project/udac_example_dag.py took 0.131 seconds
[2022-11-06T03:19:11.809+0200] {processor.py:154} INFO - Started process (PID=6819) to work on /Users/mnagy99/airflow/dags/project/udac_example_dag.py
[2022-11-06T03:19:11.810+0200] {processor.py:756} INFO - Processing file /Users/mnagy99/airflow/dags/project/udac_example_dag.py for tasks to queue
[2022-11-06T03:19:11.810+0200] {logging_mixin.py:120} INFO - [2022-11-06T03:19:11.810+0200] {dagbag.py:537} INFO - Filling up the DagBag from /Users/mnagy99/airflow/dags/project/udac_example_dag.py
[2022-11-06T03:19:11.823+0200] {logging_mixin.py:120} INFO - [2022-11-06T03:19:11.822+0200] {dagbag.py:342} ERROR - Failed to import: /Users/mnagy99/airflow/dags/project/udac_example_dag.py
Traceback (most recent call last):
  File "/Users/mnagy99/opt/anaconda3/envs/airflow-env/lib/python3.8/site-packages/airflow/models/dagbag.py", line 338, in parse
    loader.exec_module(new_module)
  File "<frozen importlib._bootstrap_external>", line 839, in exec_module
  File "<frozen importlib._bootstrap_external>", line 976, in get_code
  File "<frozen importlib._bootstrap_external>", line 906, in source_to_code
  File "<frozen importlib._bootstrap>", line 219, in _call_with_frames_removed
  File "/Users/mnagy99/airflow/dags/project/udac_example_dag.py", line 69
    json="auto",
    ^
SyntaxError: invalid syntax
[2022-11-06T03:19:11.823+0200] {processor.py:768} WARNING - No viable dags retrieved from /Users/mnagy99/airflow/dags/project/udac_example_dag.py
[2022-11-06T03:19:11.946+0200] {processor.py:176} INFO - Processing /Users/mnagy99/airflow/dags/project/udac_example_dag.py took 0.137 seconds
[2022-11-06T03:21:13.661+0200] {processor.py:154} INFO - Started process (PID=6944) to work on /Users/mnagy99/airflow/dags/project/udac_example_dag.py
[2022-11-06T03:21:13.662+0200] {processor.py:756} INFO - Processing file /Users/mnagy99/airflow/dags/project/udac_example_dag.py for tasks to queue
[2022-11-06T03:21:13.662+0200] {logging_mixin.py:120} INFO - [2022-11-06T03:21:13.662+0200] {dagbag.py:537} INFO - Filling up the DagBag from /Users/mnagy99/airflow/dags/project/udac_example_dag.py
[2022-11-06T03:21:13.675+0200] {logging_mixin.py:120} INFO - [2022-11-06T03:21:13.675+0200] {dagbag.py:342} ERROR - Failed to import: /Users/mnagy99/airflow/dags/project/udac_example_dag.py
Traceback (most recent call last):
  File "/Users/mnagy99/opt/anaconda3/envs/airflow-env/lib/python3.8/site-packages/airflow/models/dagbag.py", line 338, in parse
    loader.exec_module(new_module)
  File "<frozen importlib._bootstrap_external>", line 839, in exec_module
  File "<frozen importlib._bootstrap_external>", line 976, in get_code
  File "<frozen importlib._bootstrap_external>", line 906, in source_to_code
  File "<frozen importlib._bootstrap>", line 219, in _call_with_frames_removed
  File "/Users/mnagy99/airflow/dags/project/udac_example_dag.py", line 69
    json="auto",
    ^
SyntaxError: invalid syntax
[2022-11-06T03:21:13.676+0200] {processor.py:768} WARNING - No viable dags retrieved from /Users/mnagy99/airflow/dags/project/udac_example_dag.py
[2022-11-06T03:21:13.794+0200] {processor.py:176} INFO - Processing /Users/mnagy99/airflow/dags/project/udac_example_dag.py took 0.134 seconds
[2022-11-06T03:23:14.987+0200] {processor.py:154} INFO - Started process (PID=7073) to work on /Users/mnagy99/airflow/dags/project/udac_example_dag.py
[2022-11-06T03:23:14.989+0200] {processor.py:756} INFO - Processing file /Users/mnagy99/airflow/dags/project/udac_example_dag.py for tasks to queue
[2022-11-06T03:23:14.990+0200] {logging_mixin.py:120} INFO - [2022-11-06T03:23:14.990+0200] {dagbag.py:537} INFO - Filling up the DagBag from /Users/mnagy99/airflow/dags/project/udac_example_dag.py
[2022-11-06T03:23:15.007+0200] {logging_mixin.py:120} INFO - [2022-11-06T03:23:15.004+0200] {dagbag.py:342} ERROR - Failed to import: /Users/mnagy99/airflow/dags/project/udac_example_dag.py
Traceback (most recent call last):
  File "/Users/mnagy99/opt/anaconda3/envs/airflow-env/lib/python3.8/site-packages/airflow/models/dagbag.py", line 338, in parse
    loader.exec_module(new_module)
  File "<frozen importlib._bootstrap_external>", line 839, in exec_module
  File "<frozen importlib._bootstrap_external>", line 976, in get_code
  File "<frozen importlib._bootstrap_external>", line 906, in source_to_code
  File "<frozen importlib._bootstrap>", line 219, in _call_with_frames_removed
  File "/Users/mnagy99/airflow/dags/project/udac_example_dag.py", line 69
    json="auto",
    ^
SyntaxError: invalid syntax
[2022-11-06T03:23:15.007+0200] {processor.py:768} WARNING - No viable dags retrieved from /Users/mnagy99/airflow/dags/project/udac_example_dag.py
[2022-11-06T03:23:15.126+0200] {processor.py:176} INFO - Processing /Users/mnagy99/airflow/dags/project/udac_example_dag.py took 0.140 seconds
[2022-11-06T03:25:11.940+0200] {processor.py:154} INFO - Started process (PID=7196) to work on /Users/mnagy99/airflow/dags/project/udac_example_dag.py
[2022-11-06T03:25:11.941+0200] {processor.py:756} INFO - Processing file /Users/mnagy99/airflow/dags/project/udac_example_dag.py for tasks to queue
[2022-11-06T03:25:11.941+0200] {logging_mixin.py:120} INFO - [2022-11-06T03:25:11.941+0200] {dagbag.py:537} INFO - Filling up the DagBag from /Users/mnagy99/airflow/dags/project/udac_example_dag.py
[2022-11-06T03:25:11.958+0200] {logging_mixin.py:120} INFO - [2022-11-06T03:25:11.957+0200] {dagbag.py:342} ERROR - Failed to import: /Users/mnagy99/airflow/dags/project/udac_example_dag.py
Traceback (most recent call last):
  File "/Users/mnagy99/opt/anaconda3/envs/airflow-env/lib/python3.8/site-packages/airflow/models/dagbag.py", line 338, in parse
    loader.exec_module(new_module)
  File "<frozen importlib._bootstrap_external>", line 843, in exec_module
  File "<frozen importlib._bootstrap>", line 219, in _call_with_frames_removed
  File "/Users/mnagy99/airflow/dags/project/udac_example_dag.py", line 27, in <module>
    from operators.stage_redshift import StageToRedshiftOperator
  File "/Users/mnagy99/airflow/plugins/operators/__init__.py", line 1, in <module>
    from operators.stage_redshift import StageToRedshiftOperator
  File "/Users/mnagy99/airflow/plugins/operators/stage_redshift.py", line 95
    self.json
    ^
SyntaxError: invalid syntax
[2022-11-06T03:25:11.958+0200] {processor.py:768} WARNING - No viable dags retrieved from /Users/mnagy99/airflow/dags/project/udac_example_dag.py
[2022-11-06T03:25:12.068+0200] {processor.py:176} INFO - Processing /Users/mnagy99/airflow/dags/project/udac_example_dag.py took 0.129 seconds
[2022-11-06T03:27:12.244+0200] {processor.py:154} INFO - Started process (PID=7342) to work on /Users/mnagy99/airflow/dags/project/udac_example_dag.py
[2022-11-06T03:27:12.247+0200] {processor.py:756} INFO - Processing file /Users/mnagy99/airflow/dags/project/udac_example_dag.py for tasks to queue
[2022-11-06T03:27:12.248+0200] {logging_mixin.py:120} INFO - [2022-11-06T03:27:12.248+0200] {dagbag.py:537} INFO - Filling up the DagBag from /Users/mnagy99/airflow/dags/project/udac_example_dag.py
[2022-11-06T03:27:12.271+0200] {logging_mixin.py:120} INFO - [2022-11-06T03:27:12.268+0200] {dagbag.py:342} ERROR - Failed to import: /Users/mnagy99/airflow/dags/project/udac_example_dag.py
Traceback (most recent call last):
  File "/Users/mnagy99/opt/anaconda3/envs/airflow-env/lib/python3.8/site-packages/airflow/models/dagbag.py", line 338, in parse
    loader.exec_module(new_module)
  File "<frozen importlib._bootstrap_external>", line 843, in exec_module
  File "<frozen importlib._bootstrap>", line 219, in _call_with_frames_removed
  File "/Users/mnagy99/airflow/dags/project/udac_example_dag.py", line 27, in <module>
    from operators.stage_redshift import StageToRedshiftOperator
  File "/Users/mnagy99/airflow/plugins/operators/__init__.py", line 1, in <module>
    from operators.stage_redshift import StageToRedshiftOperator
  File "/Users/mnagy99/airflow/plugins/operators/stage_redshift.py", line 95
    self.json
    ^
SyntaxError: invalid syntax
[2022-11-06T03:27:12.272+0200] {processor.py:768} WARNING - No viable dags retrieved from /Users/mnagy99/airflow/dags/project/udac_example_dag.py
[2022-11-06T03:27:12.387+0200] {processor.py:176} INFO - Processing /Users/mnagy99/airflow/dags/project/udac_example_dag.py took 0.143 seconds
[2022-11-06T03:29:16.486+0200] {processor.py:154} INFO - Started process (PID=7465) to work on /Users/mnagy99/airflow/dags/project/udac_example_dag.py
[2022-11-06T03:29:16.489+0200] {processor.py:756} INFO - Processing file /Users/mnagy99/airflow/dags/project/udac_example_dag.py for tasks to queue
[2022-11-06T03:29:16.490+0200] {logging_mixin.py:120} INFO - [2022-11-06T03:29:16.489+0200] {dagbag.py:537} INFO - Filling up the DagBag from /Users/mnagy99/airflow/dags/project/udac_example_dag.py
[2022-11-06T03:29:16.512+0200] {logging_mixin.py:120} INFO - [2022-11-06T03:29:16.510+0200] {dagbag.py:342} ERROR - Failed to import: /Users/mnagy99/airflow/dags/project/udac_example_dag.py
Traceback (most recent call last):
  File "/Users/mnagy99/opt/anaconda3/envs/airflow-env/lib/python3.8/site-packages/airflow/models/dagbag.py", line 338, in parse
    loader.exec_module(new_module)
  File "<frozen importlib._bootstrap_external>", line 843, in exec_module
  File "<frozen importlib._bootstrap>", line 219, in _call_with_frames_removed
  File "/Users/mnagy99/airflow/dags/project/udac_example_dag.py", line 27, in <module>
    from operators.stage_redshift import StageToRedshiftOperator
  File "/Users/mnagy99/airflow/plugins/operators/__init__.py", line 1, in <module>
    from operators.stage_redshift import StageToRedshiftOperator
  File "/Users/mnagy99/airflow/plugins/operators/stage_redshift.py", line 95
    self.json
    ^
SyntaxError: invalid syntax
[2022-11-06T03:29:16.513+0200] {processor.py:768} WARNING - No viable dags retrieved from /Users/mnagy99/airflow/dags/project/udac_example_dag.py
[2022-11-06T03:29:16.631+0200] {processor.py:176} INFO - Processing /Users/mnagy99/airflow/dags/project/udac_example_dag.py took 0.145 seconds
[2022-11-06T03:31:14.190+0200] {processor.py:154} INFO - Started process (PID=7593) to work on /Users/mnagy99/airflow/dags/project/udac_example_dag.py
[2022-11-06T03:31:14.191+0200] {processor.py:756} INFO - Processing file /Users/mnagy99/airflow/dags/project/udac_example_dag.py for tasks to queue
[2022-11-06T03:31:14.192+0200] {logging_mixin.py:120} INFO - [2022-11-06T03:31:14.191+0200] {dagbag.py:537} INFO - Filling up the DagBag from /Users/mnagy99/airflow/dags/project/udac_example_dag.py
[2022-11-06T03:31:14.211+0200] {logging_mixin.py:120} INFO - [2022-11-06T03:31:14.209+0200] {dagbag.py:342} ERROR - Failed to import: /Users/mnagy99/airflow/dags/project/udac_example_dag.py
Traceback (most recent call last):
  File "/Users/mnagy99/opt/anaconda3/envs/airflow-env/lib/python3.8/site-packages/airflow/models/dagbag.py", line 338, in parse
    loader.exec_module(new_module)
  File "<frozen importlib._bootstrap_external>", line 843, in exec_module
  File "<frozen importlib._bootstrap>", line 219, in _call_with_frames_removed
  File "/Users/mnagy99/airflow/dags/project/udac_example_dag.py", line 27, in <module>
    from operators.stage_redshift import StageToRedshiftOperator
  File "/Users/mnagy99/airflow/plugins/operators/__init__.py", line 1, in <module>
    from operators.stage_redshift import StageToRedshiftOperator
  File "/Users/mnagy99/airflow/plugins/operators/stage_redshift.py", line 95
    self.json
    ^
SyntaxError: invalid syntax
[2022-11-06T03:31:14.212+0200] {processor.py:768} WARNING - No viable dags retrieved from /Users/mnagy99/airflow/dags/project/udac_example_dag.py
[2022-11-06T03:31:14.346+0200] {processor.py:176} INFO - Processing /Users/mnagy99/airflow/dags/project/udac_example_dag.py took 0.156 seconds
[2022-11-06T03:33:20.216+0200] {processor.py:154} INFO - Started process (PID=7721) to work on /Users/mnagy99/airflow/dags/project/udac_example_dag.py
[2022-11-06T03:33:20.217+0200] {processor.py:756} INFO - Processing file /Users/mnagy99/airflow/dags/project/udac_example_dag.py for tasks to queue
[2022-11-06T03:33:20.217+0200] {logging_mixin.py:120} INFO - [2022-11-06T03:33:20.217+0200] {dagbag.py:537} INFO - Filling up the DagBag from /Users/mnagy99/airflow/dags/project/udac_example_dag.py
[2022-11-06T03:33:20.386+0200] {processor.py:766} INFO - DAG(s) dict_keys(['udac_example_dag']) retrieved from /Users/mnagy99/airflow/dags/project/udac_example_dag.py
[2022-11-06T03:33:21.457+0200] {logging_mixin.py:120} INFO - [2022-11-06T03:33:21.457+0200] {dag.py:2585} INFO - Sync 1 DAGs
[2022-11-06T03:33:21.495+0200] {processor.py:176} INFO - Processing /Users/mnagy99/airflow/dags/project/udac_example_dag.py took 1.279 seconds
[2022-11-06T03:35:30.438+0200] {processor.py:154} INFO - Started process (PID=7903) to work on /Users/mnagy99/airflow/dags/project/udac_example_dag.py
[2022-11-06T03:35:30.440+0200] {processor.py:756} INFO - Processing file /Users/mnagy99/airflow/dags/project/udac_example_dag.py for tasks to queue
[2022-11-06T03:35:30.441+0200] {logging_mixin.py:120} INFO - [2022-11-06T03:35:30.440+0200] {dagbag.py:537} INFO - Filling up the DagBag from /Users/mnagy99/airflow/dags/project/udac_example_dag.py
[2022-11-06T03:35:30.623+0200] {processor.py:766} INFO - DAG(s) dict_keys(['udac_example_dag']) retrieved from /Users/mnagy99/airflow/dags/project/udac_example_dag.py
[2022-11-06T03:35:31.029+0200] {logging_mixin.py:120} INFO - [2022-11-06T03:35:31.029+0200] {dag.py:2585} INFO - Sync 1 DAGs
[2022-11-06T03:35:31.061+0200] {processor.py:176} INFO - Processing /Users/mnagy99/airflow/dags/project/udac_example_dag.py took 0.624 seconds
[2022-11-06T03:37:35.027+0200] {processor.py:154} INFO - Started process (PID=8029) to work on /Users/mnagy99/airflow/dags/project/udac_example_dag.py
[2022-11-06T03:37:35.029+0200] {processor.py:756} INFO - Processing file /Users/mnagy99/airflow/dags/project/udac_example_dag.py for tasks to queue
[2022-11-06T03:37:35.029+0200] {logging_mixin.py:120} INFO - [2022-11-06T03:37:35.029+0200] {dagbag.py:537} INFO - Filling up the DagBag from /Users/mnagy99/airflow/dags/project/udac_example_dag.py
[2022-11-06T03:37:35.218+0200] {processor.py:766} INFO - DAG(s) dict_keys(['udac_example_dag']) retrieved from /Users/mnagy99/airflow/dags/project/udac_example_dag.py
[2022-11-06T03:37:35.640+0200] {logging_mixin.py:120} INFO - [2022-11-06T03:37:35.640+0200] {dag.py:2585} INFO - Sync 1 DAGs
[2022-11-06T03:37:35.673+0200] {processor.py:176} INFO - Processing /Users/mnagy99/airflow/dags/project/udac_example_dag.py took 0.647 seconds
[2022-11-06T03:39:33.675+0200] {processor.py:154} INFO - Started process (PID=8151) to work on /Users/mnagy99/airflow/dags/project/udac_example_dag.py
[2022-11-06T03:39:33.676+0200] {processor.py:756} INFO - Processing file /Users/mnagy99/airflow/dags/project/udac_example_dag.py for tasks to queue
[2022-11-06T03:39:33.676+0200] {logging_mixin.py:120} INFO - [2022-11-06T03:39:33.676+0200] {dagbag.py:537} INFO - Filling up the DagBag from /Users/mnagy99/airflow/dags/project/udac_example_dag.py
[2022-11-06T03:39:33.844+0200] {processor.py:766} INFO - DAG(s) dict_keys(['udac_example_dag']) retrieved from /Users/mnagy99/airflow/dags/project/udac_example_dag.py
[2022-11-06T03:39:34.212+0200] {logging_mixin.py:120} INFO - [2022-11-06T03:39:34.212+0200] {dag.py:2585} INFO - Sync 1 DAGs
[2022-11-06T03:39:34.245+0200] {processor.py:176} INFO - Processing /Users/mnagy99/airflow/dags/project/udac_example_dag.py took 0.571 seconds
[2022-11-06T03:41:33.319+0200] {processor.py:154} INFO - Started process (PID=8273) to work on /Users/mnagy99/airflow/dags/project/udac_example_dag.py
[2022-11-06T03:41:33.322+0200] {processor.py:756} INFO - Processing file /Users/mnagy99/airflow/dags/project/udac_example_dag.py for tasks to queue
[2022-11-06T03:41:33.322+0200] {logging_mixin.py:120} INFO - [2022-11-06T03:41:33.322+0200] {dagbag.py:537} INFO - Filling up the DagBag from /Users/mnagy99/airflow/dags/project/udac_example_dag.py
[2022-11-06T03:41:33.503+0200] {processor.py:766} INFO - DAG(s) dict_keys(['udac_example_dag']) retrieved from /Users/mnagy99/airflow/dags/project/udac_example_dag.py
[2022-11-06T03:41:33.872+0200] {logging_mixin.py:120} INFO - [2022-11-06T03:41:33.872+0200] {dag.py:2585} INFO - Sync 1 DAGs
[2022-11-06T03:41:33.905+0200] {processor.py:176} INFO - Processing /Users/mnagy99/airflow/dags/project/udac_example_dag.py took 0.586 seconds
[2022-11-06T03:43:31.534+0200] {processor.py:154} INFO - Started process (PID=8394) to work on /Users/mnagy99/airflow/dags/project/udac_example_dag.py
[2022-11-06T03:43:31.536+0200] {processor.py:756} INFO - Processing file /Users/mnagy99/airflow/dags/project/udac_example_dag.py for tasks to queue
[2022-11-06T03:43:31.536+0200] {logging_mixin.py:120} INFO - [2022-11-06T03:43:31.536+0200] {dagbag.py:537} INFO - Filling up the DagBag from /Users/mnagy99/airflow/dags/project/udac_example_dag.py
[2022-11-06T03:43:31.752+0200] {processor.py:766} INFO - DAG(s) dict_keys(['udac_example_dag']) retrieved from /Users/mnagy99/airflow/dags/project/udac_example_dag.py
[2022-11-06T03:43:32.125+0200] {logging_mixin.py:120} INFO - [2022-11-06T03:43:32.125+0200] {dag.py:2585} INFO - Sync 1 DAGs
[2022-11-06T03:43:32.165+0200] {processor.py:176} INFO - Processing /Users/mnagy99/airflow/dags/project/udac_example_dag.py took 0.632 seconds
[2022-11-06T03:45:35.191+0200] {processor.py:154} INFO - Started process (PID=8535) to work on /Users/mnagy99/airflow/dags/project/udac_example_dag.py
[2022-11-06T03:45:35.193+0200] {processor.py:756} INFO - Processing file /Users/mnagy99/airflow/dags/project/udac_example_dag.py for tasks to queue
[2022-11-06T03:45:35.193+0200] {logging_mixin.py:120} INFO - [2022-11-06T03:45:35.193+0200] {dagbag.py:537} INFO - Filling up the DagBag from /Users/mnagy99/airflow/dags/project/udac_example_dag.py
[2022-11-06T03:45:35.423+0200] {processor.py:766} INFO - DAG(s) dict_keys(['udac_example_dag']) retrieved from /Users/mnagy99/airflow/dags/project/udac_example_dag.py
[2022-11-06T03:45:35.837+0200] {logging_mixin.py:120} INFO - [2022-11-06T03:45:35.837+0200] {dag.py:2585} INFO - Sync 1 DAGs
[2022-11-06T03:45:35.870+0200] {processor.py:176} INFO - Processing /Users/mnagy99/airflow/dags/project/udac_example_dag.py took 0.681 seconds
[2022-11-06T03:47:37.296+0200] {processor.py:154} INFO - Started process (PID=8659) to work on /Users/mnagy99/airflow/dags/project/udac_example_dag.py
[2022-11-06T03:47:37.299+0200] {processor.py:756} INFO - Processing file /Users/mnagy99/airflow/dags/project/udac_example_dag.py for tasks to queue
[2022-11-06T03:47:37.300+0200] {logging_mixin.py:120} INFO - [2022-11-06T03:47:37.300+0200] {dagbag.py:537} INFO - Filling up the DagBag from /Users/mnagy99/airflow/dags/project/udac_example_dag.py
[2022-11-06T03:47:37.480+0200] {processor.py:766} INFO - DAG(s) dict_keys(['udac_example_dag']) retrieved from /Users/mnagy99/airflow/dags/project/udac_example_dag.py
[2022-11-06T03:47:37.854+0200] {logging_mixin.py:120} INFO - [2022-11-06T03:47:37.853+0200] {dag.py:2585} INFO - Sync 1 DAGs
[2022-11-06T03:47:37.896+0200] {processor.py:176} INFO - Processing /Users/mnagy99/airflow/dags/project/udac_example_dag.py took 0.601 seconds
[2022-11-06T03:49:44.361+0200] {processor.py:154} INFO - Started process (PID=8782) to work on /Users/mnagy99/airflow/dags/project/udac_example_dag.py
[2022-11-06T03:49:44.364+0200] {processor.py:756} INFO - Processing file /Users/mnagy99/airflow/dags/project/udac_example_dag.py for tasks to queue
[2022-11-06T03:49:44.364+0200] {logging_mixin.py:120} INFO - [2022-11-06T03:49:44.364+0200] {dagbag.py:537} INFO - Filling up the DagBag from /Users/mnagy99/airflow/dags/project/udac_example_dag.py
[2022-11-06T03:49:44.551+0200] {processor.py:766} INFO - DAG(s) dict_keys(['udac_example_dag']) retrieved from /Users/mnagy99/airflow/dags/project/udac_example_dag.py
[2022-11-06T03:49:44.928+0200] {logging_mixin.py:120} INFO - [2022-11-06T03:49:44.928+0200] {dag.py:2585} INFO - Sync 1 DAGs
[2022-11-06T03:49:44.957+0200] {processor.py:176} INFO - Processing /Users/mnagy99/airflow/dags/project/udac_example_dag.py took 0.596 seconds
[2022-11-06T03:51:48.063+0200] {processor.py:154} INFO - Started process (PID=8910) to work on /Users/mnagy99/airflow/dags/project/udac_example_dag.py
[2022-11-06T03:51:48.065+0200] {processor.py:756} INFO - Processing file /Users/mnagy99/airflow/dags/project/udac_example_dag.py for tasks to queue
[2022-11-06T03:51:48.066+0200] {logging_mixin.py:120} INFO - [2022-11-06T03:51:48.066+0200] {dagbag.py:537} INFO - Filling up the DagBag from /Users/mnagy99/airflow/dags/project/udac_example_dag.py
[2022-11-06T03:51:48.256+0200] {processor.py:766} INFO - DAG(s) dict_keys(['udac_example_dag']) retrieved from /Users/mnagy99/airflow/dags/project/udac_example_dag.py
[2022-11-06T03:51:48.637+0200] {logging_mixin.py:120} INFO - [2022-11-06T03:51:48.637+0200] {dag.py:2585} INFO - Sync 1 DAGs
[2022-11-06T03:51:48.669+0200] {processor.py:176} INFO - Processing /Users/mnagy99/airflow/dags/project/udac_example_dag.py took 0.607 seconds
[2022-11-06T03:54:00.769+0200] {processor.py:154} INFO - Started process (PID=9047) to work on /Users/mnagy99/airflow/dags/project/udac_example_dag.py
[2022-11-06T03:54:00.772+0200] {processor.py:756} INFO - Processing file /Users/mnagy99/airflow/dags/project/udac_example_dag.py for tasks to queue
[2022-11-06T03:54:00.772+0200] {logging_mixin.py:120} INFO - [2022-11-06T03:54:00.772+0200] {dagbag.py:537} INFO - Filling up the DagBag from /Users/mnagy99/airflow/dags/project/udac_example_dag.py
[2022-11-06T03:54:00.951+0200] {processor.py:766} INFO - DAG(s) dict_keys(['udac_example_dag']) retrieved from /Users/mnagy99/airflow/dags/project/udac_example_dag.py
[2022-11-06T03:54:01.341+0200] {logging_mixin.py:120} INFO - [2022-11-06T03:54:01.341+0200] {dag.py:2585} INFO - Sync 1 DAGs
[2022-11-06T03:54:01.372+0200] {processor.py:176} INFO - Processing /Users/mnagy99/airflow/dags/project/udac_example_dag.py took 0.603 seconds
[2022-11-06T03:56:21.200+0200] {processor.py:154} INFO - Started process (PID=9186) to work on /Users/mnagy99/airflow/dags/project/udac_example_dag.py
[2022-11-06T03:56:21.217+0200] {processor.py:756} INFO - Processing file /Users/mnagy99/airflow/dags/project/udac_example_dag.py for tasks to queue
[2022-11-06T03:56:21.217+0200] {logging_mixin.py:120} INFO - [2022-11-06T03:56:21.217+0200] {dagbag.py:537} INFO - Filling up the DagBag from /Users/mnagy99/airflow/dags/project/udac_example_dag.py
[2022-11-06T03:56:21.462+0200] {processor.py:766} INFO - DAG(s) dict_keys(['udac_example_dag']) retrieved from /Users/mnagy99/airflow/dags/project/udac_example_dag.py
[2022-11-06T03:56:21.856+0200] {logging_mixin.py:120} INFO - [2022-11-06T03:56:21.855+0200] {dag.py:2585} INFO - Sync 1 DAGs
[2022-11-06T03:56:21.886+0200] {processor.py:176} INFO - Processing /Users/mnagy99/airflow/dags/project/udac_example_dag.py took 0.686 seconds
[2022-11-06T03:58:35.984+0200] {processor.py:154} INFO - Started process (PID=9316) to work on /Users/mnagy99/airflow/dags/project/udac_example_dag.py
[2022-11-06T03:58:35.988+0200] {processor.py:756} INFO - Processing file /Users/mnagy99/airflow/dags/project/udac_example_dag.py for tasks to queue
[2022-11-06T03:58:35.989+0200] {logging_mixin.py:120} INFO - [2022-11-06T03:58:35.989+0200] {dagbag.py:537} INFO - Filling up the DagBag from /Users/mnagy99/airflow/dags/project/udac_example_dag.py
[2022-11-06T03:58:36.367+0200] {processor.py:766} INFO - DAG(s) dict_keys(['udac_example_dag']) retrieved from /Users/mnagy99/airflow/dags/project/udac_example_dag.py
[2022-11-06T03:58:36.864+0200] {logging_mixin.py:120} INFO - [2022-11-06T03:58:36.864+0200] {dag.py:2585} INFO - Sync 1 DAGs
[2022-11-06T03:58:36.908+0200] {processor.py:176} INFO - Processing /Users/mnagy99/airflow/dags/project/udac_example_dag.py took 0.925 seconds
[2022-11-06T04:01:04.435+0200] {processor.py:154} INFO - Started process (PID=9470) to work on /Users/mnagy99/airflow/dags/project/udac_example_dag.py
[2022-11-06T04:01:04.436+0200] {processor.py:756} INFO - Processing file /Users/mnagy99/airflow/dags/project/udac_example_dag.py for tasks to queue
[2022-11-06T04:01:04.437+0200] {logging_mixin.py:120} INFO - [2022-11-06T04:01:04.437+0200] {dagbag.py:537} INFO - Filling up the DagBag from /Users/mnagy99/airflow/dags/project/udac_example_dag.py
[2022-11-06T04:01:04.662+0200] {processor.py:766} INFO - DAG(s) dict_keys(['udac_example_dag']) retrieved from /Users/mnagy99/airflow/dags/project/udac_example_dag.py
[2022-11-06T04:01:05.070+0200] {logging_mixin.py:120} INFO - [2022-11-06T04:01:05.070+0200] {dag.py:2585} INFO - Sync 1 DAGs
[2022-11-06T04:01:05.102+0200] {processor.py:176} INFO - Processing /Users/mnagy99/airflow/dags/project/udac_example_dag.py took 0.668 seconds
[2022-11-06T04:03:23.451+0200] {processor.py:154} INFO - Started process (PID=9615) to work on /Users/mnagy99/airflow/dags/project/udac_example_dag.py
[2022-11-06T04:03:23.452+0200] {processor.py:756} INFO - Processing file /Users/mnagy99/airflow/dags/project/udac_example_dag.py for tasks to queue
[2022-11-06T04:03:23.452+0200] {logging_mixin.py:120} INFO - [2022-11-06T04:03:23.452+0200] {dagbag.py:537} INFO - Filling up the DagBag from /Users/mnagy99/airflow/dags/project/udac_example_dag.py
[2022-11-06T04:03:23.622+0200] {processor.py:766} INFO - DAG(s) dict_keys(['udac_example_dag']) retrieved from /Users/mnagy99/airflow/dags/project/udac_example_dag.py
[2022-11-06T04:03:23.986+0200] {logging_mixin.py:120} INFO - [2022-11-06T04:03:23.986+0200] {dag.py:2585} INFO - Sync 1 DAGs
[2022-11-06T04:03:24.018+0200] {processor.py:176} INFO - Processing /Users/mnagy99/airflow/dags/project/udac_example_dag.py took 0.568 seconds
[2022-11-06T04:05:29.609+0200] {processor.py:154} INFO - Started process (PID=9751) to work on /Users/mnagy99/airflow/dags/project/udac_example_dag.py
[2022-11-06T04:05:29.613+0200] {processor.py:756} INFO - Processing file /Users/mnagy99/airflow/dags/project/udac_example_dag.py for tasks to queue
[2022-11-06T04:05:29.613+0200] {logging_mixin.py:120} INFO - [2022-11-06T04:05:29.613+0200] {dagbag.py:537} INFO - Filling up the DagBag from /Users/mnagy99/airflow/dags/project/udac_example_dag.py
[2022-11-06T04:05:29.851+0200] {processor.py:766} INFO - DAG(s) dict_keys(['udac_example_dag']) retrieved from /Users/mnagy99/airflow/dags/project/udac_example_dag.py
[2022-11-06T04:05:30.266+0200] {logging_mixin.py:120} INFO - [2022-11-06T04:05:30.265+0200] {dag.py:2585} INFO - Sync 1 DAGs
[2022-11-06T04:05:30.302+0200] {processor.py:176} INFO - Processing /Users/mnagy99/airflow/dags/project/udac_example_dag.py took 0.693 seconds
[2022-11-06T04:08:03.065+0200] {processor.py:154} INFO - Started process (PID=9909) to work on /Users/mnagy99/airflow/dags/project/udac_example_dag.py
[2022-11-06T04:08:03.067+0200] {processor.py:756} INFO - Processing file /Users/mnagy99/airflow/dags/project/udac_example_dag.py for tasks to queue
[2022-11-06T04:08:03.068+0200] {logging_mixin.py:120} INFO - [2022-11-06T04:08:03.068+0200] {dagbag.py:537} INFO - Filling up the DagBag from /Users/mnagy99/airflow/dags/project/udac_example_dag.py
[2022-11-06T04:08:03.289+0200] {processor.py:766} INFO - DAG(s) dict_keys(['udac_example_dag']) retrieved from /Users/mnagy99/airflow/dags/project/udac_example_dag.py
[2022-11-06T04:08:03.659+0200] {logging_mixin.py:120} INFO - [2022-11-06T04:08:03.659+0200] {dag.py:2585} INFO - Sync 1 DAGs
[2022-11-06T04:08:03.694+0200] {processor.py:176} INFO - Processing /Users/mnagy99/airflow/dags/project/udac_example_dag.py took 0.630 seconds
[2022-11-06T04:10:09.044+0200] {processor.py:154} INFO - Started process (PID=10042) to work on /Users/mnagy99/airflow/dags/project/udac_example_dag.py
[2022-11-06T04:10:09.045+0200] {processor.py:756} INFO - Processing file /Users/mnagy99/airflow/dags/project/udac_example_dag.py for tasks to queue
[2022-11-06T04:10:09.046+0200] {logging_mixin.py:120} INFO - [2022-11-06T04:10:09.046+0200] {dagbag.py:537} INFO - Filling up the DagBag from /Users/mnagy99/airflow/dags/project/udac_example_dag.py
[2022-11-06T04:10:09.277+0200] {processor.py:766} INFO - DAG(s) dict_keys(['udac_example_dag']) retrieved from /Users/mnagy99/airflow/dags/project/udac_example_dag.py
[2022-11-06T04:10:09.665+0200] {logging_mixin.py:120} INFO - [2022-11-06T04:10:09.665+0200] {dag.py:2585} INFO - Sync 1 DAGs
[2022-11-06T04:10:09.697+0200] {processor.py:176} INFO - Processing /Users/mnagy99/airflow/dags/project/udac_example_dag.py took 0.654 seconds
[2022-11-06T04:12:33.723+0200] {processor.py:154} INFO - Started process (PID=10192) to work on /Users/mnagy99/airflow/dags/project/udac_example_dag.py
[2022-11-06T04:12:33.725+0200] {processor.py:756} INFO - Processing file /Users/mnagy99/airflow/dags/project/udac_example_dag.py for tasks to queue
[2022-11-06T04:12:33.726+0200] {logging_mixin.py:120} INFO - [2022-11-06T04:12:33.726+0200] {dagbag.py:537} INFO - Filling up the DagBag from /Users/mnagy99/airflow/dags/project/udac_example_dag.py
[2022-11-06T04:12:33.899+0200] {processor.py:766} INFO - DAG(s) dict_keys(['udac_example_dag']) retrieved from /Users/mnagy99/airflow/dags/project/udac_example_dag.py
[2022-11-06T04:12:34.265+0200] {logging_mixin.py:120} INFO - [2022-11-06T04:12:34.265+0200] {dag.py:2585} INFO - Sync 1 DAGs
[2022-11-06T04:12:34.295+0200] {processor.py:176} INFO - Processing /Users/mnagy99/airflow/dags/project/udac_example_dag.py took 0.573 seconds
[2022-11-06T04:14:34.747+0200] {processor.py:154} INFO - Started process (PID=10325) to work on /Users/mnagy99/airflow/dags/project/udac_example_dag.py
[2022-11-06T04:14:34.749+0200] {processor.py:756} INFO - Processing file /Users/mnagy99/airflow/dags/project/udac_example_dag.py for tasks to queue
[2022-11-06T04:14:34.750+0200] {logging_mixin.py:120} INFO - [2022-11-06T04:14:34.750+0200] {dagbag.py:537} INFO - Filling up the DagBag from /Users/mnagy99/airflow/dags/project/udac_example_dag.py
[2022-11-06T04:14:34.923+0200] {processor.py:766} INFO - DAG(s) dict_keys(['udac_example_dag']) retrieved from /Users/mnagy99/airflow/dags/project/udac_example_dag.py
[2022-11-06T04:14:35.311+0200] {logging_mixin.py:120} INFO - [2022-11-06T04:14:35.311+0200] {dag.py:2585} INFO - Sync 1 DAGs
[2022-11-06T04:14:35.346+0200] {processor.py:176} INFO - Processing /Users/mnagy99/airflow/dags/project/udac_example_dag.py took 0.600 seconds
[2022-11-06T04:16:51.837+0200] {processor.py:154} INFO - Started process (PID=10462) to work on /Users/mnagy99/airflow/dags/project/udac_example_dag.py
[2022-11-06T04:16:51.840+0200] {processor.py:756} INFO - Processing file /Users/mnagy99/airflow/dags/project/udac_example_dag.py for tasks to queue
[2022-11-06T04:16:51.840+0200] {logging_mixin.py:120} INFO - [2022-11-06T04:16:51.840+0200] {dagbag.py:537} INFO - Filling up the DagBag from /Users/mnagy99/airflow/dags/project/udac_example_dag.py
[2022-11-06T04:16:52.013+0200] {processor.py:766} INFO - DAG(s) dict_keys(['udac_example_dag']) retrieved from /Users/mnagy99/airflow/dags/project/udac_example_dag.py
[2022-11-06T04:16:52.389+0200] {logging_mixin.py:120} INFO - [2022-11-06T04:16:52.389+0200] {dag.py:2585} INFO - Sync 1 DAGs
[2022-11-06T04:16:52.423+0200] {processor.py:176} INFO - Processing /Users/mnagy99/airflow/dags/project/udac_example_dag.py took 0.587 seconds
