[2022-11-06T03:01:24.416+0200] {taskinstance.py:1165} INFO - Dependencies all met for <TaskInstance: udac_example_dag.Stage_events scheduled__2019-01-12T03:00:00+00:00 [queued]>
[2022-11-06T03:01:24.422+0200] {taskinstance.py:1165} INFO - Dependencies all met for <TaskInstance: udac_example_dag.Stage_events scheduled__2019-01-12T03:00:00+00:00 [queued]>
[2022-11-06T03:01:24.422+0200] {taskinstance.py:1362} INFO - 
--------------------------------------------------------------------------------
[2022-11-06T03:01:24.423+0200] {taskinstance.py:1363} INFO - Starting attempt 4 of 4
[2022-11-06T03:01:24.423+0200] {taskinstance.py:1364} INFO - 
--------------------------------------------------------------------------------
[2022-11-06T03:01:24.433+0200] {taskinstance.py:1383} INFO - Executing <Task(StageToRedshiftOperator): Stage_events> on 2019-01-12 03:00:00+00:00
[2022-11-06T03:01:24.435+0200] {standard_task_runner.py:55} INFO - Started process 5739 to run task
[2022-11-06T03:01:24.441+0200] {standard_task_runner.py:82} INFO - Running: ['airflow', 'tasks', 'run', 'udac_example_dag', 'Stage_events', 'scheduled__2019-01-12T03:00:00+00:00', '--job-id', '35', '--raw', '--subdir', 'DAGS_FOLDER/project/udac_example_dag.py', '--cfg-path', '/var/folders/sp/0_qfxj196m7gs6tyf69417g00000gn/T/tmpxhjghzgb']
[2022-11-06T03:01:24.444+0200] {standard_task_runner.py:83} INFO - Job 35: Subtask Stage_events
[2022-11-06T03:01:24.492+0200] {task_command.py:376} INFO - Running <TaskInstance: udac_example_dag.Stage_events scheduled__2019-01-12T03:00:00+00:00 [running]> on host mahmouds-macbook-pro.local
[2022-11-06T03:01:24.528+0200] {logging_mixin.py:120} WARNING - /Users/mnagy99/opt/anaconda3/envs/airflow-env/lib/python3.8/site-packages/airflow/utils/context.py:204 AirflowContextDeprecationWarning: Accessing 'execution_date' from the template is deprecated and will be removed in a future version. Please use 'data_interval_start' or 'logical_date' instead.
[2022-11-06T03:01:24.558+0200] {taskinstance.py:1590} INFO - Exporting the following env vars:
AIRFLOW_CTX_DAG_OWNER=udacity
AIRFLOW_CTX_DAG_ID=udac_example_dag
AIRFLOW_CTX_TASK_ID=Stage_events
AIRFLOW_CTX_EXECUTION_DATE=2019-01-12T03:00:00+00:00
AIRFLOW_CTX_TRY_NUMBER=4
AIRFLOW_CTX_DAG_RUN_ID=scheduled__2019-01-12T03:00:00+00:00
[2022-11-06T03:01:24.565+0200] {base.py:71} INFO - Using connection ID 'aws_credentials' for task execution.
[2022-11-06T03:01:24.566+0200] {connection_wrapper.py:303} INFO - AWS Connection (conn_id='aws_credentials', conn_type='aws') credentials retrieved from login and password.
[2022-11-06T03:01:24.584+0200] {stage_redshift.py:78} INFO - Clearing data destination Redshift table
[2022-11-06T03:01:24.586+0200] {base.py:71} INFO - Using connection ID 'redshift' for task execution.
[2022-11-06T03:01:26.585+0200] {sql.py:315} INFO - Running statement: TRUNCATE TABLE staging_events, parameters: None
[2022-11-06T03:01:27.503+0200] {stage_redshift.py:85} INFO - Copying data from s3 to Redshift
[2022-11-06T03:01:27.505+0200] {logging_mixin.py:120} WARNING - /Users/mnagy99/opt/anaconda3/envs/airflow-env/lib/python3.8/site-packages/airflow/utils/context.py:204 AirflowContextDeprecationWarning: Accessing 'next_ds' from the template is deprecated and will be removed in a future version. Please use '{{ data_interval_end | ds }}' instead.
[2022-11-06T03:01:27.506+0200] {logging_mixin.py:120} WARNING - /Users/mnagy99/opt/anaconda3/envs/airflow-env/lib/python3.8/site-packages/airflow/utils/context.py:204 AirflowContextDeprecationWarning: Accessing 'next_ds_nodash' from the template is deprecated and will be removed in a future version. Please use '{{ data_interval_end | ds_nodash }}' instead.
[2022-11-06T03:01:27.507+0200] {logging_mixin.py:120} WARNING - /Users/mnagy99/opt/anaconda3/envs/airflow-env/lib/python3.8/site-packages/airflow/utils/context.py:204 AirflowContextDeprecationWarning: Accessing 'next_execution_date' from the template is deprecated and will be removed in a future version. Please use 'data_interval_end' instead.
[2022-11-06T03:01:27.508+0200] {logging_mixin.py:120} WARNING - /Users/mnagy99/opt/anaconda3/envs/airflow-env/lib/python3.8/site-packages/airflow/utils/context.py:204 AirflowContextDeprecationWarning: Accessing 'prev_ds' from the template is deprecated and will be removed in a future version.
[2022-11-06T03:01:27.509+0200] {logging_mixin.py:120} WARNING - /Users/mnagy99/opt/anaconda3/envs/airflow-env/lib/python3.8/site-packages/airflow/utils/context.py:204 AirflowContextDeprecationWarning: Accessing 'prev_ds_nodash' from the template is deprecated and will be removed in a future version.
[2022-11-06T03:01:27.511+0200] {logging_mixin.py:120} WARNING - /Users/mnagy99/opt/anaconda3/envs/airflow-env/lib/python3.8/site-packages/airflow/utils/context.py:204 AirflowContextDeprecationWarning: Accessing 'prev_execution_date' from the template is deprecated and will be removed in a future version.
[2022-11-06T03:01:27.513+0200] {logging_mixin.py:120} WARNING - /Users/mnagy99/opt/anaconda3/envs/airflow-env/lib/python3.8/site-packages/airflow/utils/context.py:204 AirflowContextDeprecationWarning: Accessing 'prev_execution_date_success' from the template is deprecated and will be removed in a future version. Please use 'prev_data_interval_start_success' instead.
[2022-11-06T03:01:27.514+0200] {logging_mixin.py:120} WARNING - /Users/mnagy99/opt/anaconda3/envs/airflow-env/lib/python3.8/site-packages/airflow/utils/context.py:204 AirflowContextDeprecationWarning: Accessing 'tomorrow_ds' from the template is deprecated and will be removed in a future version.
[2022-11-06T03:01:27.515+0200] {logging_mixin.py:120} WARNING - /Users/mnagy99/opt/anaconda3/envs/airflow-env/lib/python3.8/site-packages/airflow/utils/context.py:204 AirflowContextDeprecationWarning: Accessing 'tomorrow_ds_nodash' from the template is deprecated and will be removed in a future version.
[2022-11-06T03:01:27.515+0200] {logging_mixin.py:120} WARNING - /Users/mnagy99/opt/anaconda3/envs/airflow-env/lib/python3.8/site-packages/airflow/utils/context.py:204 AirflowContextDeprecationWarning: Accessing 'yesterday_ds' from the template is deprecated and will be removed in a future version.
[2022-11-06T03:01:27.516+0200] {logging_mixin.py:120} WARNING - /Users/mnagy99/opt/anaconda3/envs/airflow-env/lib/python3.8/site-packages/airflow/utils/context.py:204 AirflowContextDeprecationWarning: Accessing 'yesterday_ds_nodash' from the template is deprecated and will be removed in a future version.
[2022-11-06T03:01:27.520+0200] {base.py:71} INFO - Using connection ID 'redshift' for task execution.
[2022-11-06T03:01:29.487+0200] {sql.py:315} INFO - Running statement: 
    COPY staging_events
    FROM 's3://udacity-dend/log_data/2019/01/2019-01-12-events.json'
    ACCESSS_KEY_ID 'ASIAXUCJIPRIUU3ECWPH'
    SECRET_ACCESS_KEY '***'
    IGNOREHEADER 1
    DELIMITER ','
    , parameters: None
[2022-11-06T03:01:30.065+0200] {taskinstance.py:1851} ERROR - Task failed with exception
Traceback (most recent call last):
  File "/Users/mnagy99/airflow/plugins/operators/stage_redshift.py", line 96, in execute
    redshift_hook.run(formatted_sql)
  File "/Users/mnagy99/opt/anaconda3/envs/airflow-env/lib/python3.8/site-packages/airflow/providers/common/sql/hooks/sql.py", line 295, in run
    self._run_command(cur, sql_statement, parameters)
  File "/Users/mnagy99/opt/anaconda3/envs/airflow-env/lib/python3.8/site-packages/airflow/providers/common/sql/hooks/sql.py", line 320, in _run_command
    cur.execute(sql_statement)
psycopg2.errors.SyntaxError: syntax error at or near "ACCESSS_KEY_ID"
LINE 4:     ACCESSS_KEY_ID 'ASIAXUCJIPRIUU3ECWPH'
            ^

[2022-11-06T03:01:30.082+0200] {taskinstance.py:1401} INFO - Marking task as FAILED. dag_id=udac_example_dag, task_id=Stage_events, execution_date=20190112T030000, start_date=20221106T010124, end_date=20221106T010130
[2022-11-06T03:01:30.091+0200] {standard_task_runner.py:100} ERROR - Failed to execute job 35 for task Stage_events (syntax error at or near "ACCESSS_KEY_ID"
LINE 4:     ACCESSS_KEY_ID 'ASIAXUCJIPRIUU3ECWPH'
            ^
; 5739)
[2022-11-06T03:01:30.096+0200] {local_task_job.py:164} INFO - Task exited with return code 1
[2022-11-06T03:01:30.122+0200] {local_task_job.py:273} INFO - 0 downstream tasks scheduled from follow-on schedule check
