[2022-11-06T02:00:58.830+0200] {processor.py:154} INFO - Started process (PID=1714) to work on /Users/mnagy99/airflow/dags/lesson3/exercise1.py
[2022-11-06T02:00:58.831+0200] {processor.py:756} INFO - Processing file /Users/mnagy99/airflow/dags/lesson3/exercise1.py for tasks to queue
[2022-11-06T02:00:58.832+0200] {logging_mixin.py:120} INFO - [2022-11-06T02:00:58.831+0200] {dagbag.py:537} INFO - Filling up the DagBag from /Users/mnagy99/airflow/dags/lesson3/exercise1.py
[2022-11-06T02:00:59.755+0200] {processor.py:766} INFO - DAG(s) dict_keys(['lesson3.exercise1']) retrieved from /Users/mnagy99/airflow/dags/lesson3/exercise1.py
[2022-11-06T02:01:00.162+0200] {logging_mixin.py:120} INFO - [2022-11-06T02:01:00.162+0200] {dag.py:2585} INFO - Sync 1 DAGs
[2022-11-06T02:01:00.181+0200] {logging_mixin.py:120} INFO - [2022-11-06T02:01:00.181+0200] {dag.py:3336} INFO - Setting next_dagrun for lesson3.exercise1 to 2018-01-01T00:00:00+00:00, run_after=2018-02-01T00:00:00+00:00
[2022-11-06T02:01:00.202+0200] {processor.py:176} INFO - Processing /Users/mnagy99/airflow/dags/lesson3/exercise1.py took 1.374 seconds
[2022-11-06T02:03:15.543+0200] {processor.py:154} INFO - Started process (PID=2104) to work on /Users/mnagy99/airflow/dags/lesson3/exercise1.py
[2022-11-06T02:03:15.546+0200] {processor.py:756} INFO - Processing file /Users/mnagy99/airflow/dags/lesson3/exercise1.py for tasks to queue
[2022-11-06T02:03:15.546+0200] {logging_mixin.py:120} INFO - [2022-11-06T02:03:15.546+0200] {dagbag.py:537} INFO - Filling up the DagBag from /Users/mnagy99/airflow/dags/lesson3/exercise1.py
[2022-11-06T02:03:16.505+0200] {processor.py:766} INFO - DAG(s) dict_keys(['lesson3.exercise1']) retrieved from /Users/mnagy99/airflow/dags/lesson3/exercise1.py
[2022-11-06T02:03:16.930+0200] {logging_mixin.py:120} INFO - [2022-11-06T02:03:16.930+0200] {dag.py:2585} INFO - Sync 1 DAGs
[2022-11-06T02:03:16.947+0200] {logging_mixin.py:120} INFO - [2022-11-06T02:03:16.947+0200] {dag.py:3336} INFO - Setting next_dagrun for lesson3.exercise1 to 2018-01-01T00:00:00+00:00, run_after=2018-02-01T00:00:00+00:00
[2022-11-06T02:03:16.961+0200] {processor.py:176} INFO - Processing /Users/mnagy99/airflow/dags/lesson3/exercise1.py took 1.418 seconds
[2022-11-06T02:05:34.424+0200] {processor.py:154} INFO - Started process (PID=2235) to work on /Users/mnagy99/airflow/dags/lesson3/exercise1.py
[2022-11-06T02:05:34.427+0200] {processor.py:756} INFO - Processing file /Users/mnagy99/airflow/dags/lesson3/exercise1.py for tasks to queue
[2022-11-06T02:05:34.427+0200] {logging_mixin.py:120} INFO - [2022-11-06T02:05:34.427+0200] {dagbag.py:537} INFO - Filling up the DagBag from /Users/mnagy99/airflow/dags/lesson3/exercise1.py
[2022-11-06T02:05:35.553+0200] {processor.py:766} INFO - DAG(s) dict_keys(['lesson3.exercise1']) retrieved from /Users/mnagy99/airflow/dags/lesson3/exercise1.py
[2022-11-06T02:05:36.168+0200] {logging_mixin.py:120} INFO - [2022-11-06T02:05:36.168+0200] {dag.py:2585} INFO - Sync 1 DAGs
[2022-11-06T02:05:36.190+0200] {logging_mixin.py:120} INFO - [2022-11-06T02:05:36.190+0200] {dag.py:3336} INFO - Setting next_dagrun for lesson3.exercise1 to 2018-01-01T00:00:00+00:00, run_after=2018-02-01T00:00:00+00:00
[2022-11-06T02:05:36.210+0200] {processor.py:176} INFO - Processing /Users/mnagy99/airflow/dags/lesson3/exercise1.py took 1.786 seconds
[2022-11-06T02:07:53.459+0200] {processor.py:154} INFO - Started process (PID=2362) to work on /Users/mnagy99/airflow/dags/lesson3/exercise1.py
[2022-11-06T02:07:53.460+0200] {processor.py:756} INFO - Processing file /Users/mnagy99/airflow/dags/lesson3/exercise1.py for tasks to queue
[2022-11-06T02:07:53.461+0200] {logging_mixin.py:120} INFO - [2022-11-06T02:07:53.460+0200] {dagbag.py:537} INFO - Filling up the DagBag from /Users/mnagy99/airflow/dags/lesson3/exercise1.py
[2022-11-06T02:07:54.340+0200] {processor.py:766} INFO - DAG(s) dict_keys(['lesson3.exercise1']) retrieved from /Users/mnagy99/airflow/dags/lesson3/exercise1.py
[2022-11-06T02:07:54.725+0200] {logging_mixin.py:120} INFO - [2022-11-06T02:07:54.725+0200] {dag.py:2585} INFO - Sync 1 DAGs
[2022-11-06T02:07:54.743+0200] {logging_mixin.py:120} INFO - [2022-11-06T02:07:54.743+0200] {dag.py:3336} INFO - Setting next_dagrun for lesson3.exercise1 to 2018-01-01T00:00:00+00:00, run_after=2018-02-01T00:00:00+00:00
[2022-11-06T02:07:54.756+0200] {processor.py:176} INFO - Processing /Users/mnagy99/airflow/dags/lesson3/exercise1.py took 1.299 seconds
[2022-11-06T02:10:12.597+0200] {processor.py:154} INFO - Started process (PID=2491) to work on /Users/mnagy99/airflow/dags/lesson3/exercise1.py
[2022-11-06T02:10:12.599+0200] {processor.py:756} INFO - Processing file /Users/mnagy99/airflow/dags/lesson3/exercise1.py for tasks to queue
[2022-11-06T02:10:12.600+0200] {logging_mixin.py:120} INFO - [2022-11-06T02:10:12.600+0200] {dagbag.py:537} INFO - Filling up the DagBag from /Users/mnagy99/airflow/dags/lesson3/exercise1.py
[2022-11-06T02:10:13.438+0200] {processor.py:766} INFO - DAG(s) dict_keys(['lesson3.exercise1']) retrieved from /Users/mnagy99/airflow/dags/lesson3/exercise1.py
[2022-11-06T02:10:13.812+0200] {logging_mixin.py:120} INFO - [2022-11-06T02:10:13.812+0200] {dag.py:2585} INFO - Sync 1 DAGs
[2022-11-06T02:10:13.830+0200] {logging_mixin.py:120} INFO - [2022-11-06T02:10:13.830+0200] {dag.py:3336} INFO - Setting next_dagrun for lesson3.exercise1 to 2018-01-01T00:00:00+00:00, run_after=2018-02-01T00:00:00+00:00
[2022-11-06T02:10:13.849+0200] {processor.py:176} INFO - Processing /Users/mnagy99/airflow/dags/lesson3/exercise1.py took 1.253 seconds
[2022-11-06T02:12:26.376+0200] {processor.py:154} INFO - Started process (PID=2621) to work on /Users/mnagy99/airflow/dags/lesson3/exercise1.py
[2022-11-06T02:12:26.379+0200] {processor.py:756} INFO - Processing file /Users/mnagy99/airflow/dags/lesson3/exercise1.py for tasks to queue
[2022-11-06T02:12:26.379+0200] {logging_mixin.py:120} INFO - [2022-11-06T02:12:26.379+0200] {dagbag.py:537} INFO - Filling up the DagBag from /Users/mnagy99/airflow/dags/lesson3/exercise1.py
[2022-11-06T02:12:27.212+0200] {processor.py:766} INFO - DAG(s) dict_keys(['lesson3.exercise1']) retrieved from /Users/mnagy99/airflow/dags/lesson3/exercise1.py
[2022-11-06T02:12:27.595+0200] {logging_mixin.py:120} INFO - [2022-11-06T02:12:27.595+0200] {dag.py:2585} INFO - Sync 1 DAGs
[2022-11-06T02:12:27.610+0200] {logging_mixin.py:120} INFO - [2022-11-06T02:12:27.610+0200] {dag.py:3336} INFO - Setting next_dagrun for lesson3.exercise1 to 2018-01-01T00:00:00+00:00, run_after=2018-02-01T00:00:00+00:00
[2022-11-06T02:12:27.626+0200] {processor.py:176} INFO - Processing /Users/mnagy99/airflow/dags/lesson3/exercise1.py took 1.250 seconds
[2022-11-06T02:14:43.059+0200] {processor.py:154} INFO - Started process (PID=2801) to work on /Users/mnagy99/airflow/dags/lesson3/exercise1.py
[2022-11-06T02:14:43.061+0200] {processor.py:756} INFO - Processing file /Users/mnagy99/airflow/dags/lesson3/exercise1.py for tasks to queue
[2022-11-06T02:14:43.063+0200] {logging_mixin.py:120} INFO - [2022-11-06T02:14:43.062+0200] {dagbag.py:537} INFO - Filling up the DagBag from /Users/mnagy99/airflow/dags/lesson3/exercise1.py
[2022-11-06T02:14:44.016+0200] {processor.py:766} INFO - DAG(s) dict_keys(['lesson3.exercise1']) retrieved from /Users/mnagy99/airflow/dags/lesson3/exercise1.py
[2022-11-06T02:14:44.422+0200] {logging_mixin.py:120} INFO - [2022-11-06T02:14:44.422+0200] {dag.py:2585} INFO - Sync 1 DAGs
[2022-11-06T02:14:44.438+0200] {logging_mixin.py:120} INFO - [2022-11-06T02:14:44.438+0200] {dag.py:3336} INFO - Setting next_dagrun for lesson3.exercise1 to 2018-01-01T00:00:00+00:00, run_after=2018-02-01T00:00:00+00:00
[2022-11-06T02:14:44.454+0200] {processor.py:176} INFO - Processing /Users/mnagy99/airflow/dags/lesson3/exercise1.py took 1.396 seconds
[2022-11-06T02:16:55.788+0200] {processor.py:154} INFO - Started process (PID=2953) to work on /Users/mnagy99/airflow/dags/lesson3/exercise1.py
[2022-11-06T02:16:55.790+0200] {processor.py:756} INFO - Processing file /Users/mnagy99/airflow/dags/lesson3/exercise1.py for tasks to queue
[2022-11-06T02:16:55.791+0200] {logging_mixin.py:120} INFO - [2022-11-06T02:16:55.791+0200] {dagbag.py:537} INFO - Filling up the DagBag from /Users/mnagy99/airflow/dags/lesson3/exercise1.py
[2022-11-06T02:16:56.659+0200] {processor.py:766} INFO - DAG(s) dict_keys(['lesson3.exercise1']) retrieved from /Users/mnagy99/airflow/dags/lesson3/exercise1.py
[2022-11-06T02:16:57.031+0200] {logging_mixin.py:120} INFO - [2022-11-06T02:16:57.031+0200] {dag.py:2585} INFO - Sync 1 DAGs
[2022-11-06T02:16:57.048+0200] {logging_mixin.py:120} INFO - [2022-11-06T02:16:57.048+0200] {dag.py:3336} INFO - Setting next_dagrun for lesson3.exercise1 to 2018-01-01T00:00:00+00:00, run_after=2018-02-01T00:00:00+00:00
[2022-11-06T02:16:57.068+0200] {processor.py:176} INFO - Processing /Users/mnagy99/airflow/dags/lesson3/exercise1.py took 1.280 seconds
[2022-11-06T02:19:09.822+0200] {processor.py:154} INFO - Started process (PID=3099) to work on /Users/mnagy99/airflow/dags/lesson3/exercise1.py
[2022-11-06T02:19:09.824+0200] {processor.py:756} INFO - Processing file /Users/mnagy99/airflow/dags/lesson3/exercise1.py for tasks to queue
[2022-11-06T02:19:09.825+0200] {logging_mixin.py:120} INFO - [2022-11-06T02:19:09.825+0200] {dagbag.py:537} INFO - Filling up the DagBag from /Users/mnagy99/airflow/dags/lesson3/exercise1.py
[2022-11-06T02:19:10.636+0200] {processor.py:766} INFO - DAG(s) dict_keys(['lesson3.exercise1']) retrieved from /Users/mnagy99/airflow/dags/lesson3/exercise1.py
[2022-11-06T02:19:10.992+0200] {logging_mixin.py:120} INFO - [2022-11-06T02:19:10.992+0200] {dag.py:2585} INFO - Sync 1 DAGs
[2022-11-06T02:19:11.007+0200] {logging_mixin.py:120} INFO - [2022-11-06T02:19:11.007+0200] {dag.py:3336} INFO - Setting next_dagrun for lesson3.exercise1 to 2018-01-01T00:00:00+00:00, run_after=2018-02-01T00:00:00+00:00
[2022-11-06T02:19:11.027+0200] {processor.py:176} INFO - Processing /Users/mnagy99/airflow/dags/lesson3/exercise1.py took 1.206 seconds
[2022-11-06T02:21:23.235+0200] {processor.py:154} INFO - Started process (PID=3233) to work on /Users/mnagy99/airflow/dags/lesson3/exercise1.py
[2022-11-06T02:21:23.237+0200] {processor.py:756} INFO - Processing file /Users/mnagy99/airflow/dags/lesson3/exercise1.py for tasks to queue
[2022-11-06T02:21:23.238+0200] {logging_mixin.py:120} INFO - [2022-11-06T02:21:23.238+0200] {dagbag.py:537} INFO - Filling up the DagBag from /Users/mnagy99/airflow/dags/lesson3/exercise1.py
[2022-11-06T02:21:24.124+0200] {processor.py:766} INFO - DAG(s) dict_keys(['lesson3.exercise1']) retrieved from /Users/mnagy99/airflow/dags/lesson3/exercise1.py
[2022-11-06T02:21:24.505+0200] {logging_mixin.py:120} INFO - [2022-11-06T02:21:24.504+0200] {dag.py:2585} INFO - Sync 1 DAGs
[2022-11-06T02:21:24.520+0200] {logging_mixin.py:120} INFO - [2022-11-06T02:21:24.520+0200] {dag.py:3336} INFO - Setting next_dagrun for lesson3.exercise1 to 2018-01-01T00:00:00+00:00, run_after=2018-02-01T00:00:00+00:00
[2022-11-06T02:21:24.537+0200] {processor.py:176} INFO - Processing /Users/mnagy99/airflow/dags/lesson3/exercise1.py took 1.303 seconds
[2022-11-06T02:25:44.115+0200] {processor.py:154} INFO - Started process (PID=3508) to work on /Users/mnagy99/airflow/dags/lesson3/exercise1.py
[2022-11-06T02:25:44.117+0200] {processor.py:756} INFO - Processing file /Users/mnagy99/airflow/dags/lesson3/exercise1.py for tasks to queue
[2022-11-06T02:25:44.118+0200] {logging_mixin.py:120} INFO - [2022-11-06T02:25:44.118+0200] {dagbag.py:537} INFO - Filling up the DagBag from /Users/mnagy99/airflow/dags/lesson3/exercise1.py
[2022-11-06T02:25:44.976+0200] {processor.py:766} INFO - DAG(s) dict_keys(['lesson3.exercise1']) retrieved from /Users/mnagy99/airflow/dags/lesson3/exercise1.py
[2022-11-06T02:25:45.344+0200] {logging_mixin.py:120} INFO - [2022-11-06T02:25:45.343+0200] {dag.py:2585} INFO - Sync 1 DAGs
[2022-11-06T02:25:45.360+0200] {logging_mixin.py:120} INFO - [2022-11-06T02:25:45.360+0200] {dag.py:3336} INFO - Setting next_dagrun for lesson3.exercise1 to 2018-01-01T00:00:00+00:00, run_after=2018-02-01T00:00:00+00:00
[2022-11-06T02:25:45.376+0200] {processor.py:176} INFO - Processing /Users/mnagy99/airflow/dags/lesson3/exercise1.py took 1.262 seconds
[2022-11-06T02:27:56.281+0200] {processor.py:154} INFO - Started process (PID=3651) to work on /Users/mnagy99/airflow/dags/lesson3/exercise1.py
[2022-11-06T02:27:56.284+0200] {processor.py:756} INFO - Processing file /Users/mnagy99/airflow/dags/lesson3/exercise1.py for tasks to queue
[2022-11-06T02:27:56.285+0200] {logging_mixin.py:120} INFO - [2022-11-06T02:27:56.285+0200] {dagbag.py:537} INFO - Filling up the DagBag from /Users/mnagy99/airflow/dags/lesson3/exercise1.py
[2022-11-06T02:27:57.049+0200] {processor.py:766} INFO - DAG(s) dict_keys(['lesson3.exercise1']) retrieved from /Users/mnagy99/airflow/dags/lesson3/exercise1.py
[2022-11-06T02:27:57.394+0200] {logging_mixin.py:120} INFO - [2022-11-06T02:27:57.394+0200] {dag.py:2585} INFO - Sync 1 DAGs
[2022-11-06T02:27:57.409+0200] {logging_mixin.py:120} INFO - [2022-11-06T02:27:57.409+0200] {dag.py:3336} INFO - Setting next_dagrun for lesson3.exercise1 to 2018-01-01T00:00:00+00:00, run_after=2018-02-01T00:00:00+00:00
[2022-11-06T02:27:57.429+0200] {processor.py:176} INFO - Processing /Users/mnagy99/airflow/dags/lesson3/exercise1.py took 1.148 seconds
[2022-11-06T02:30:09.518+0200] {processor.py:154} INFO - Started process (PID=3802) to work on /Users/mnagy99/airflow/dags/lesson3/exercise1.py
[2022-11-06T02:30:09.521+0200] {processor.py:756} INFO - Processing file /Users/mnagy99/airflow/dags/lesson3/exercise1.py for tasks to queue
[2022-11-06T02:30:09.522+0200] {logging_mixin.py:120} INFO - [2022-11-06T02:30:09.521+0200] {dagbag.py:537} INFO - Filling up the DagBag from /Users/mnagy99/airflow/dags/lesson3/exercise1.py
[2022-11-06T02:30:10.346+0200] {processor.py:766} INFO - DAG(s) dict_keys(['lesson3.exercise1']) retrieved from /Users/mnagy99/airflow/dags/lesson3/exercise1.py
[2022-11-06T02:30:10.698+0200] {logging_mixin.py:120} INFO - [2022-11-06T02:30:10.698+0200] {dag.py:2585} INFO - Sync 1 DAGs
[2022-11-06T02:30:10.713+0200] {logging_mixin.py:120} INFO - [2022-11-06T02:30:10.713+0200] {dag.py:3336} INFO - Setting next_dagrun for lesson3.exercise1 to 2018-01-01T00:00:00+00:00, run_after=2018-02-01T00:00:00+00:00
[2022-11-06T02:30:10.727+0200] {processor.py:176} INFO - Processing /Users/mnagy99/airflow/dags/lesson3/exercise1.py took 1.209 seconds
[2022-11-06T02:32:23.583+0200] {processor.py:154} INFO - Started process (PID=3951) to work on /Users/mnagy99/airflow/dags/lesson3/exercise1.py
[2022-11-06T02:32:23.585+0200] {processor.py:756} INFO - Processing file /Users/mnagy99/airflow/dags/lesson3/exercise1.py for tasks to queue
[2022-11-06T02:32:23.586+0200] {logging_mixin.py:120} INFO - [2022-11-06T02:32:23.586+0200] {dagbag.py:537} INFO - Filling up the DagBag from /Users/mnagy99/airflow/dags/lesson3/exercise1.py
[2022-11-06T02:32:24.392+0200] {processor.py:766} INFO - DAG(s) dict_keys(['lesson3.exercise1']) retrieved from /Users/mnagy99/airflow/dags/lesson3/exercise1.py
[2022-11-06T02:32:24.771+0200] {logging_mixin.py:120} INFO - [2022-11-06T02:32:24.771+0200] {dag.py:2585} INFO - Sync 1 DAGs
[2022-11-06T02:32:24.786+0200] {logging_mixin.py:120} INFO - [2022-11-06T02:32:24.786+0200] {dag.py:3336} INFO - Setting next_dagrun for lesson3.exercise1 to 2018-01-01T00:00:00+00:00, run_after=2018-02-01T00:00:00+00:00
[2022-11-06T02:32:24.801+0200] {processor.py:176} INFO - Processing /Users/mnagy99/airflow/dags/lesson3/exercise1.py took 1.219 seconds
[2022-11-06T02:34:32.757+0200] {processor.py:154} INFO - Started process (PID=4098) to work on /Users/mnagy99/airflow/dags/lesson3/exercise1.py
[2022-11-06T02:34:32.759+0200] {processor.py:756} INFO - Processing file /Users/mnagy99/airflow/dags/lesson3/exercise1.py for tasks to queue
[2022-11-06T02:34:32.760+0200] {logging_mixin.py:120} INFO - [2022-11-06T02:34:32.760+0200] {dagbag.py:537} INFO - Filling up the DagBag from /Users/mnagy99/airflow/dags/lesson3/exercise1.py
[2022-11-06T02:34:33.528+0200] {processor.py:766} INFO - DAG(s) dict_keys(['lesson3.exercise1']) retrieved from /Users/mnagy99/airflow/dags/lesson3/exercise1.py
[2022-11-06T02:34:33.872+0200] {logging_mixin.py:120} INFO - [2022-11-06T02:34:33.872+0200] {dag.py:2585} INFO - Sync 1 DAGs
[2022-11-06T02:34:33.887+0200] {logging_mixin.py:120} INFO - [2022-11-06T02:34:33.887+0200] {dag.py:3336} INFO - Setting next_dagrun for lesson3.exercise1 to 2018-01-01T00:00:00+00:00, run_after=2018-02-01T00:00:00+00:00
[2022-11-06T02:34:33.904+0200] {processor.py:176} INFO - Processing /Users/mnagy99/airflow/dags/lesson3/exercise1.py took 1.148 seconds
[2022-11-06T02:36:41.043+0200] {processor.py:154} INFO - Started process (PID=4238) to work on /Users/mnagy99/airflow/dags/lesson3/exercise1.py
[2022-11-06T02:36:41.046+0200] {processor.py:756} INFO - Processing file /Users/mnagy99/airflow/dags/lesson3/exercise1.py for tasks to queue
[2022-11-06T02:36:41.047+0200] {logging_mixin.py:120} INFO - [2022-11-06T02:36:41.047+0200] {dagbag.py:537} INFO - Filling up the DagBag from /Users/mnagy99/airflow/dags/lesson3/exercise1.py
[2022-11-06T02:36:41.887+0200] {processor.py:766} INFO - DAG(s) dict_keys(['lesson3.exercise1']) retrieved from /Users/mnagy99/airflow/dags/lesson3/exercise1.py
[2022-11-06T02:36:42.253+0200] {logging_mixin.py:120} INFO - [2022-11-06T02:36:42.252+0200] {dag.py:2585} INFO - Sync 1 DAGs
[2022-11-06T02:36:42.269+0200] {logging_mixin.py:120} INFO - [2022-11-06T02:36:42.269+0200] {dag.py:3336} INFO - Setting next_dagrun for lesson3.exercise1 to 2018-01-01T00:00:00+00:00, run_after=2018-02-01T00:00:00+00:00
[2022-11-06T02:36:42.284+0200] {processor.py:176} INFO - Processing /Users/mnagy99/airflow/dags/lesson3/exercise1.py took 1.241 seconds
[2022-11-06T02:38:51.386+0200] {processor.py:154} INFO - Started process (PID=4370) to work on /Users/mnagy99/airflow/dags/lesson3/exercise1.py
[2022-11-06T02:38:51.388+0200] {processor.py:756} INFO - Processing file /Users/mnagy99/airflow/dags/lesson3/exercise1.py for tasks to queue
[2022-11-06T02:38:51.389+0200] {logging_mixin.py:120} INFO - [2022-11-06T02:38:51.389+0200] {dagbag.py:537} INFO - Filling up the DagBag from /Users/mnagy99/airflow/dags/lesson3/exercise1.py
[2022-11-06T02:38:53.506+0200] {processor.py:766} INFO - DAG(s) dict_keys(['lesson3.exercise1']) retrieved from /Users/mnagy99/airflow/dags/lesson3/exercise1.py
[2022-11-06T02:38:54.209+0200] {logging_mixin.py:120} INFO - [2022-11-06T02:38:54.209+0200] {dag.py:2585} INFO - Sync 1 DAGs
[2022-11-06T02:38:54.233+0200] {logging_mixin.py:120} INFO - [2022-11-06T02:38:54.232+0200] {dag.py:3336} INFO - Setting next_dagrun for lesson3.exercise1 to 2018-01-01T00:00:00+00:00, run_after=2018-02-01T00:00:00+00:00
[2022-11-06T02:38:54.256+0200] {processor.py:176} INFO - Processing /Users/mnagy99/airflow/dags/lesson3/exercise1.py took 2.873 seconds
[2022-11-06T02:41:14.969+0200] {processor.py:154} INFO - Started process (PID=4531) to work on /Users/mnagy99/airflow/dags/lesson3/exercise1.py
[2022-11-06T02:41:14.970+0200] {processor.py:756} INFO - Processing file /Users/mnagy99/airflow/dags/lesson3/exercise1.py for tasks to queue
[2022-11-06T02:41:14.971+0200] {logging_mixin.py:120} INFO - [2022-11-06T02:41:14.971+0200] {dagbag.py:537} INFO - Filling up the DagBag from /Users/mnagy99/airflow/dags/lesson3/exercise1.py
[2022-11-06T02:41:15.821+0200] {processor.py:766} INFO - DAG(s) dict_keys(['lesson3.exercise1']) retrieved from /Users/mnagy99/airflow/dags/lesson3/exercise1.py
[2022-11-06T02:41:16.215+0200] {logging_mixin.py:120} INFO - [2022-11-06T02:41:16.215+0200] {dag.py:2585} INFO - Sync 1 DAGs
[2022-11-06T02:41:16.232+0200] {logging_mixin.py:120} INFO - [2022-11-06T02:41:16.232+0200] {dag.py:3336} INFO - Setting next_dagrun for lesson3.exercise1 to 2018-01-01T00:00:00+00:00, run_after=2018-02-01T00:00:00+00:00
[2022-11-06T02:41:16.249+0200] {processor.py:176} INFO - Processing /Users/mnagy99/airflow/dags/lesson3/exercise1.py took 1.281 seconds
[2022-11-06T02:43:37.200+0200] {processor.py:154} INFO - Started process (PID=4673) to work on /Users/mnagy99/airflow/dags/lesson3/exercise1.py
[2022-11-06T02:43:37.205+0200] {processor.py:756} INFO - Processing file /Users/mnagy99/airflow/dags/lesson3/exercise1.py for tasks to queue
[2022-11-06T02:43:37.206+0200] {logging_mixin.py:120} INFO - [2022-11-06T02:43:37.205+0200] {dagbag.py:537} INFO - Filling up the DagBag from /Users/mnagy99/airflow/dags/lesson3/exercise1.py
[2022-11-06T02:43:38.397+0200] {processor.py:766} INFO - DAG(s) dict_keys(['lesson3.exercise1']) retrieved from /Users/mnagy99/airflow/dags/lesson3/exercise1.py
[2022-11-06T02:43:38.810+0200] {logging_mixin.py:120} INFO - [2022-11-06T02:43:38.810+0200] {dag.py:2585} INFO - Sync 1 DAGs
[2022-11-06T02:43:38.826+0200] {logging_mixin.py:120} INFO - [2022-11-06T02:43:38.826+0200] {dag.py:3336} INFO - Setting next_dagrun for lesson3.exercise1 to 2018-01-01T00:00:00+00:00, run_after=2018-02-01T00:00:00+00:00
[2022-11-06T02:43:38.845+0200] {processor.py:176} INFO - Processing /Users/mnagy99/airflow/dags/lesson3/exercise1.py took 1.646 seconds
[2022-11-06T02:45:53.762+0200] {processor.py:154} INFO - Started process (PID=4804) to work on /Users/mnagy99/airflow/dags/lesson3/exercise1.py
[2022-11-06T02:45:53.765+0200] {processor.py:756} INFO - Processing file /Users/mnagy99/airflow/dags/lesson3/exercise1.py for tasks to queue
[2022-11-06T02:45:53.766+0200] {logging_mixin.py:120} INFO - [2022-11-06T02:45:53.765+0200] {dagbag.py:537} INFO - Filling up the DagBag from /Users/mnagy99/airflow/dags/lesson3/exercise1.py
[2022-11-06T02:45:54.545+0200] {processor.py:766} INFO - DAG(s) dict_keys(['lesson3.exercise1']) retrieved from /Users/mnagy99/airflow/dags/lesson3/exercise1.py
[2022-11-06T02:45:54.888+0200] {logging_mixin.py:120} INFO - [2022-11-06T02:45:54.888+0200] {dag.py:2585} INFO - Sync 1 DAGs
[2022-11-06T02:45:54.903+0200] {logging_mixin.py:120} INFO - [2022-11-06T02:45:54.903+0200] {dag.py:3336} INFO - Setting next_dagrun for lesson3.exercise1 to 2018-01-01T00:00:00+00:00, run_after=2018-02-01T00:00:00+00:00
[2022-11-06T02:45:54.921+0200] {processor.py:176} INFO - Processing /Users/mnagy99/airflow/dags/lesson3/exercise1.py took 1.160 seconds
[2022-11-06T02:48:08.497+0200] {processor.py:154} INFO - Started process (PID=4945) to work on /Users/mnagy99/airflow/dags/lesson3/exercise1.py
[2022-11-06T02:48:08.500+0200] {processor.py:756} INFO - Processing file /Users/mnagy99/airflow/dags/lesson3/exercise1.py for tasks to queue
[2022-11-06T02:48:08.500+0200] {logging_mixin.py:120} INFO - [2022-11-06T02:48:08.500+0200] {dagbag.py:537} INFO - Filling up the DagBag from /Users/mnagy99/airflow/dags/lesson3/exercise1.py
[2022-11-06T02:48:09.282+0200] {processor.py:766} INFO - DAG(s) dict_keys(['lesson3.exercise1']) retrieved from /Users/mnagy99/airflow/dags/lesson3/exercise1.py
[2022-11-06T02:48:09.648+0200] {logging_mixin.py:120} INFO - [2022-11-06T02:48:09.647+0200] {dag.py:2585} INFO - Sync 1 DAGs
[2022-11-06T02:48:09.663+0200] {logging_mixin.py:120} INFO - [2022-11-06T02:48:09.663+0200] {dag.py:3336} INFO - Setting next_dagrun for lesson3.exercise1 to 2018-01-01T00:00:00+00:00, run_after=2018-02-01T00:00:00+00:00
[2022-11-06T02:48:09.678+0200] {processor.py:176} INFO - Processing /Users/mnagy99/airflow/dags/lesson3/exercise1.py took 1.182 seconds
[2022-11-06T02:52:18.361+0200] {processor.py:154} INFO - Started process (PID=5196) to work on /Users/mnagy99/airflow/dags/lesson3/exercise1.py
[2022-11-06T02:52:18.364+0200] {processor.py:756} INFO - Processing file /Users/mnagy99/airflow/dags/lesson3/exercise1.py for tasks to queue
[2022-11-06T02:52:18.365+0200] {logging_mixin.py:120} INFO - [2022-11-06T02:52:18.365+0200] {dagbag.py:537} INFO - Filling up the DagBag from /Users/mnagy99/airflow/dags/lesson3/exercise1.py
[2022-11-06T02:52:19.298+0200] {processor.py:766} INFO - DAG(s) dict_keys(['lesson3.exercise1']) retrieved from /Users/mnagy99/airflow/dags/lesson3/exercise1.py
[2022-11-06T02:52:19.691+0200] {logging_mixin.py:120} INFO - [2022-11-06T02:52:19.691+0200] {dag.py:2585} INFO - Sync 1 DAGs
[2022-11-06T02:52:19.707+0200] {logging_mixin.py:120} INFO - [2022-11-06T02:52:19.706+0200] {dag.py:3336} INFO - Setting next_dagrun for lesson3.exercise1 to 2018-01-01T00:00:00+00:00, run_after=2018-02-01T00:00:00+00:00
[2022-11-06T02:52:19.723+0200] {processor.py:176} INFO - Processing /Users/mnagy99/airflow/dags/lesson3/exercise1.py took 1.364 seconds
[2022-11-06T02:54:24.925+0200] {processor.py:154} INFO - Started process (PID=5317) to work on /Users/mnagy99/airflow/dags/lesson3/exercise1.py
[2022-11-06T02:54:24.928+0200] {processor.py:756} INFO - Processing file /Users/mnagy99/airflow/dags/lesson3/exercise1.py for tasks to queue
[2022-11-06T02:54:24.928+0200] {logging_mixin.py:120} INFO - [2022-11-06T02:54:24.928+0200] {dagbag.py:537} INFO - Filling up the DagBag from /Users/mnagy99/airflow/dags/lesson3/exercise1.py
[2022-11-06T02:54:26.102+0200] {processor.py:766} INFO - DAG(s) dict_keys(['lesson3.exercise1']) retrieved from /Users/mnagy99/airflow/dags/lesson3/exercise1.py
[2022-11-06T02:54:26.552+0200] {logging_mixin.py:120} INFO - [2022-11-06T02:54:26.552+0200] {dag.py:2585} INFO - Sync 1 DAGs
[2022-11-06T02:54:26.570+0200] {logging_mixin.py:120} INFO - [2022-11-06T02:54:26.570+0200] {dag.py:3336} INFO - Setting next_dagrun for lesson3.exercise1 to 2018-01-01T00:00:00+00:00, run_after=2018-02-01T00:00:00+00:00
[2022-11-06T02:54:26.586+0200] {processor.py:176} INFO - Processing /Users/mnagy99/airflow/dags/lesson3/exercise1.py took 1.662 seconds
[2022-11-06T02:56:39.753+0200] {processor.py:154} INFO - Started process (PID=5455) to work on /Users/mnagy99/airflow/dags/lesson3/exercise1.py
[2022-11-06T02:56:39.755+0200] {processor.py:756} INFO - Processing file /Users/mnagy99/airflow/dags/lesson3/exercise1.py for tasks to queue
[2022-11-06T02:56:39.756+0200] {logging_mixin.py:120} INFO - [2022-11-06T02:56:39.756+0200] {dagbag.py:537} INFO - Filling up the DagBag from /Users/mnagy99/airflow/dags/lesson3/exercise1.py
[2022-11-06T02:56:40.645+0200] {processor.py:766} INFO - DAG(s) dict_keys(['lesson3.exercise1']) retrieved from /Users/mnagy99/airflow/dags/lesson3/exercise1.py
[2022-11-06T02:56:40.996+0200] {logging_mixin.py:120} INFO - [2022-11-06T02:56:40.996+0200] {dag.py:2585} INFO - Sync 1 DAGs
[2022-11-06T02:56:41.012+0200] {logging_mixin.py:120} INFO - [2022-11-06T02:56:41.011+0200] {dag.py:3336} INFO - Setting next_dagrun for lesson3.exercise1 to 2018-01-01T00:00:00+00:00, run_after=2018-02-01T00:00:00+00:00
[2022-11-06T02:56:41.028+0200] {processor.py:176} INFO - Processing /Users/mnagy99/airflow/dags/lesson3/exercise1.py took 1.276 seconds
[2022-11-06T02:58:52.976+0200] {processor.py:154} INFO - Started process (PID=5591) to work on /Users/mnagy99/airflow/dags/lesson3/exercise1.py
[2022-11-06T02:58:52.979+0200] {processor.py:756} INFO - Processing file /Users/mnagy99/airflow/dags/lesson3/exercise1.py for tasks to queue
[2022-11-06T02:58:52.980+0200] {logging_mixin.py:120} INFO - [2022-11-06T02:58:52.980+0200] {dagbag.py:537} INFO - Filling up the DagBag from /Users/mnagy99/airflow/dags/lesson3/exercise1.py
[2022-11-06T02:58:53.978+0200] {processor.py:766} INFO - DAG(s) dict_keys(['lesson3.exercise1']) retrieved from /Users/mnagy99/airflow/dags/lesson3/exercise1.py
[2022-11-06T02:58:54.339+0200] {logging_mixin.py:120} INFO - [2022-11-06T02:58:54.339+0200] {dag.py:2585} INFO - Sync 1 DAGs
[2022-11-06T02:58:54.355+0200] {logging_mixin.py:120} INFO - [2022-11-06T02:58:54.355+0200] {dag.py:3336} INFO - Setting next_dagrun for lesson3.exercise1 to 2018-01-01T00:00:00+00:00, run_after=2018-02-01T00:00:00+00:00
[2022-11-06T02:58:54.372+0200] {processor.py:176} INFO - Processing /Users/mnagy99/airflow/dags/lesson3/exercise1.py took 1.396 seconds
[2022-11-06T03:01:14.296+0200] {processor.py:154} INFO - Started process (PID=5729) to work on /Users/mnagy99/airflow/dags/lesson3/exercise1.py
[2022-11-06T03:01:14.299+0200] {processor.py:756} INFO - Processing file /Users/mnagy99/airflow/dags/lesson3/exercise1.py for tasks to queue
[2022-11-06T03:01:14.299+0200] {logging_mixin.py:120} INFO - [2022-11-06T03:01:14.299+0200] {dagbag.py:537} INFO - Filling up the DagBag from /Users/mnagy99/airflow/dags/lesson3/exercise1.py
[2022-11-06T03:01:15.138+0200] {processor.py:766} INFO - DAG(s) dict_keys(['lesson3.exercise1']) retrieved from /Users/mnagy99/airflow/dags/lesson3/exercise1.py
[2022-11-06T03:01:15.509+0200] {logging_mixin.py:120} INFO - [2022-11-06T03:01:15.509+0200] {dag.py:2585} INFO - Sync 1 DAGs
[2022-11-06T03:01:15.524+0200] {logging_mixin.py:120} INFO - [2022-11-06T03:01:15.524+0200] {dag.py:3336} INFO - Setting next_dagrun for lesson3.exercise1 to 2018-01-01T00:00:00+00:00, run_after=2018-02-01T00:00:00+00:00
[2022-11-06T03:01:15.541+0200] {processor.py:176} INFO - Processing /Users/mnagy99/airflow/dags/lesson3/exercise1.py took 1.246 seconds
[2022-11-06T03:03:55.901+0200] {processor.py:154} INFO - Started process (PID=5871) to work on /Users/mnagy99/airflow/dags/lesson3/exercise1.py
[2022-11-06T03:03:55.903+0200] {processor.py:756} INFO - Processing file /Users/mnagy99/airflow/dags/lesson3/exercise1.py for tasks to queue
[2022-11-06T03:03:55.904+0200] {logging_mixin.py:120} INFO - [2022-11-06T03:03:55.904+0200] {dagbag.py:537} INFO - Filling up the DagBag from /Users/mnagy99/airflow/dags/lesson3/exercise1.py
[2022-11-06T03:03:56.678+0200] {processor.py:766} INFO - DAG(s) dict_keys(['lesson3.exercise1']) retrieved from /Users/mnagy99/airflow/dags/lesson3/exercise1.py
[2022-11-06T03:03:57.022+0200] {logging_mixin.py:120} INFO - [2022-11-06T03:03:57.021+0200] {dag.py:2585} INFO - Sync 1 DAGs
[2022-11-06T03:03:57.038+0200] {logging_mixin.py:120} INFO - [2022-11-06T03:03:57.038+0200] {dag.py:3336} INFO - Setting next_dagrun for lesson3.exercise1 to 2018-01-01T00:00:00+00:00, run_after=2018-02-01T00:00:00+00:00
[2022-11-06T03:03:57.058+0200] {processor.py:176} INFO - Processing /Users/mnagy99/airflow/dags/lesson3/exercise1.py took 1.158 seconds
[2022-11-06T03:06:13.845+0200] {processor.py:154} INFO - Started process (PID=6007) to work on /Users/mnagy99/airflow/dags/lesson3/exercise1.py
[2022-11-06T03:06:13.847+0200] {processor.py:756} INFO - Processing file /Users/mnagy99/airflow/dags/lesson3/exercise1.py for tasks to queue
[2022-11-06T03:06:13.848+0200] {logging_mixin.py:120} INFO - [2022-11-06T03:06:13.847+0200] {dagbag.py:537} INFO - Filling up the DagBag from /Users/mnagy99/airflow/dags/lesson3/exercise1.py
[2022-11-06T03:06:14.762+0200] {processor.py:766} INFO - DAG(s) dict_keys(['lesson3.exercise1']) retrieved from /Users/mnagy99/airflow/dags/lesson3/exercise1.py
[2022-11-06T03:06:15.151+0200] {logging_mixin.py:120} INFO - [2022-11-06T03:06:15.151+0200] {dag.py:2585} INFO - Sync 1 DAGs
[2022-11-06T03:06:15.166+0200] {logging_mixin.py:120} INFO - [2022-11-06T03:06:15.166+0200] {dag.py:3336} INFO - Setting next_dagrun for lesson3.exercise1 to 2018-01-01T00:00:00+00:00, run_after=2018-02-01T00:00:00+00:00
[2022-11-06T03:06:15.184+0200] {processor.py:176} INFO - Processing /Users/mnagy99/airflow/dags/lesson3/exercise1.py took 1.340 seconds
[2022-11-06T03:08:32.134+0200] {processor.py:154} INFO - Started process (PID=6139) to work on /Users/mnagy99/airflow/dags/lesson3/exercise1.py
[2022-11-06T03:08:32.136+0200] {processor.py:756} INFO - Processing file /Users/mnagy99/airflow/dags/lesson3/exercise1.py for tasks to queue
[2022-11-06T03:08:32.137+0200] {logging_mixin.py:120} INFO - [2022-11-06T03:08:32.137+0200] {dagbag.py:537} INFO - Filling up the DagBag from /Users/mnagy99/airflow/dags/lesson3/exercise1.py
[2022-11-06T03:08:32.966+0200] {processor.py:766} INFO - DAG(s) dict_keys(['lesson3.exercise1']) retrieved from /Users/mnagy99/airflow/dags/lesson3/exercise1.py
[2022-11-06T03:08:33.312+0200] {logging_mixin.py:120} INFO - [2022-11-06T03:08:33.312+0200] {dag.py:2585} INFO - Sync 1 DAGs
[2022-11-06T03:08:33.328+0200] {logging_mixin.py:120} INFO - [2022-11-06T03:08:33.328+0200] {dag.py:3336} INFO - Setting next_dagrun for lesson3.exercise1 to 2018-01-01T00:00:00+00:00, run_after=2018-02-01T00:00:00+00:00
[2022-11-06T03:08:33.344+0200] {processor.py:176} INFO - Processing /Users/mnagy99/airflow/dags/lesson3/exercise1.py took 1.210 seconds
[2022-11-06T03:12:44.204+0200] {processor.py:154} INFO - Started process (PID=6406) to work on /Users/mnagy99/airflow/dags/lesson3/exercise1.py
[2022-11-06T03:12:44.205+0200] {processor.py:756} INFO - Processing file /Users/mnagy99/airflow/dags/lesson3/exercise1.py for tasks to queue
[2022-11-06T03:12:44.206+0200] {logging_mixin.py:120} INFO - [2022-11-06T03:12:44.205+0200] {dagbag.py:537} INFO - Filling up the DagBag from /Users/mnagy99/airflow/dags/lesson3/exercise1.py
[2022-11-06T03:12:45.027+0200] {processor.py:766} INFO - DAG(s) dict_keys(['lesson3.exercise1']) retrieved from /Users/mnagy99/airflow/dags/lesson3/exercise1.py
[2022-11-06T03:12:45.395+0200] {logging_mixin.py:120} INFO - [2022-11-06T03:12:45.395+0200] {dag.py:2585} INFO - Sync 1 DAGs
[2022-11-06T03:12:45.410+0200] {logging_mixin.py:120} INFO - [2022-11-06T03:12:45.410+0200] {dag.py:3336} INFO - Setting next_dagrun for lesson3.exercise1 to 2018-01-01T00:00:00+00:00, run_after=2018-02-01T00:00:00+00:00
[2022-11-06T03:12:45.429+0200] {processor.py:176} INFO - Processing /Users/mnagy99/airflow/dags/lesson3/exercise1.py took 1.226 seconds
[2022-11-06T03:14:46.261+0200] {processor.py:154} INFO - Started process (PID=6531) to work on /Users/mnagy99/airflow/dags/lesson3/exercise1.py
[2022-11-06T03:14:46.261+0200] {processor.py:756} INFO - Processing file /Users/mnagy99/airflow/dags/lesson3/exercise1.py for tasks to queue
[2022-11-06T03:14:46.262+0200] {logging_mixin.py:120} INFO - [2022-11-06T03:14:46.262+0200] {dagbag.py:537} INFO - Filling up the DagBag from /Users/mnagy99/airflow/dags/lesson3/exercise1.py
[2022-11-06T03:14:47.141+0200] {logging_mixin.py:120} INFO - [2022-11-06T03:14:47.141+0200] {dagbag.py:342} ERROR - Failed to import: /Users/mnagy99/airflow/dags/lesson3/exercise1.py
Traceback (most recent call last):
  File "/Users/mnagy99/opt/anaconda3/envs/airflow-env/lib/python3.8/site-packages/airflow/models/dagbag.py", line 338, in parse
    loader.exec_module(new_module)
  File "<frozen importlib._bootstrap_external>", line 843, in exec_module
  File "<frozen importlib._bootstrap>", line 219, in _call_with_frames_removed
  File "/Users/mnagy99/airflow/dags/lesson3/exercise1.py", line 30, in <module>
    from operators.s3_to_redshift import S3ToRedshiftOperator
  File "/Users/mnagy99/airflow/plugins/operators/__init__.py", line 1, in <module>
    from operators.stage_redshift import StageToRedshiftOperator
  File "/Users/mnagy99/airflow/plugins/operators/stage_redshift.py", line 95
    self.json
    ^
SyntaxError: invalid syntax
[2022-11-06T03:14:47.142+0200] {processor.py:768} WARNING - No viable dags retrieved from /Users/mnagy99/airflow/dags/lesson3/exercise1.py
[2022-11-06T03:14:47.253+0200] {processor.py:176} INFO - Processing /Users/mnagy99/airflow/dags/lesson3/exercise1.py took 0.993 seconds
[2022-11-06T03:18:40.600+0200] {processor.py:154} INFO - Started process (PID=6791) to work on /Users/mnagy99/airflow/dags/lesson3/exercise1.py
[2022-11-06T03:18:40.601+0200] {processor.py:756} INFO - Processing file /Users/mnagy99/airflow/dags/lesson3/exercise1.py for tasks to queue
[2022-11-06T03:18:40.602+0200] {logging_mixin.py:120} INFO - [2022-11-06T03:18:40.602+0200] {dagbag.py:537} INFO - Filling up the DagBag from /Users/mnagy99/airflow/dags/lesson3/exercise1.py
[2022-11-06T03:18:41.422+0200] {logging_mixin.py:120} INFO - [2022-11-06T03:18:41.421+0200] {dagbag.py:342} ERROR - Failed to import: /Users/mnagy99/airflow/dags/lesson3/exercise1.py
Traceback (most recent call last):
  File "/Users/mnagy99/opt/anaconda3/envs/airflow-env/lib/python3.8/site-packages/airflow/models/dagbag.py", line 338, in parse
    loader.exec_module(new_module)
  File "<frozen importlib._bootstrap_external>", line 843, in exec_module
  File "<frozen importlib._bootstrap>", line 219, in _call_with_frames_removed
  File "/Users/mnagy99/airflow/dags/lesson3/exercise1.py", line 30, in <module>
    from operators.s3_to_redshift import S3ToRedshiftOperator
  File "/Users/mnagy99/airflow/plugins/operators/__init__.py", line 1, in <module>
    from operators.stage_redshift import StageToRedshiftOperator
  File "/Users/mnagy99/airflow/plugins/operators/stage_redshift.py", line 95
    self.json
    ^
SyntaxError: invalid syntax
[2022-11-06T03:18:41.422+0200] {processor.py:768} WARNING - No viable dags retrieved from /Users/mnagy99/airflow/dags/lesson3/exercise1.py
[2022-11-06T03:18:41.523+0200] {processor.py:176} INFO - Processing /Users/mnagy99/airflow/dags/lesson3/exercise1.py took 0.925 seconds
[2022-11-06T03:22:44.638+0200] {processor.py:154} INFO - Started process (PID=7047) to work on /Users/mnagy99/airflow/dags/lesson3/exercise1.py
[2022-11-06T03:22:44.639+0200] {processor.py:756} INFO - Processing file /Users/mnagy99/airflow/dags/lesson3/exercise1.py for tasks to queue
[2022-11-06T03:22:44.640+0200] {logging_mixin.py:120} INFO - [2022-11-06T03:22:44.639+0200] {dagbag.py:537} INFO - Filling up the DagBag from /Users/mnagy99/airflow/dags/lesson3/exercise1.py
[2022-11-06T03:22:45.557+0200] {logging_mixin.py:120} INFO - [2022-11-06T03:22:45.557+0200] {dagbag.py:342} ERROR - Failed to import: /Users/mnagy99/airflow/dags/lesson3/exercise1.py
Traceback (most recent call last):
  File "/Users/mnagy99/opt/anaconda3/envs/airflow-env/lib/python3.8/site-packages/airflow/models/dagbag.py", line 338, in parse
    loader.exec_module(new_module)
  File "<frozen importlib._bootstrap_external>", line 843, in exec_module
  File "<frozen importlib._bootstrap>", line 219, in _call_with_frames_removed
  File "/Users/mnagy99/airflow/dags/lesson3/exercise1.py", line 30, in <module>
    from operators.s3_to_redshift import S3ToRedshiftOperator
  File "/Users/mnagy99/airflow/plugins/operators/__init__.py", line 1, in <module>
    from operators.stage_redshift import StageToRedshiftOperator
  File "/Users/mnagy99/airflow/plugins/operators/stage_redshift.py", line 95
    self.json
    ^
SyntaxError: invalid syntax
[2022-11-06T03:22:45.558+0200] {processor.py:768} WARNING - No viable dags retrieved from /Users/mnagy99/airflow/dags/lesson3/exercise1.py
[2022-11-06T03:22:45.664+0200] {processor.py:176} INFO - Processing /Users/mnagy99/airflow/dags/lesson3/exercise1.py took 1.027 seconds
[2022-11-06T03:26:39.887+0200] {processor.py:154} INFO - Started process (PID=7314) to work on /Users/mnagy99/airflow/dags/lesson3/exercise1.py
[2022-11-06T03:26:39.890+0200] {processor.py:756} INFO - Processing file /Users/mnagy99/airflow/dags/lesson3/exercise1.py for tasks to queue
[2022-11-06T03:26:39.890+0200] {logging_mixin.py:120} INFO - [2022-11-06T03:26:39.890+0200] {dagbag.py:537} INFO - Filling up the DagBag from /Users/mnagy99/airflow/dags/lesson3/exercise1.py
[2022-11-06T03:26:40.704+0200] {logging_mixin.py:120} INFO - [2022-11-06T03:26:40.703+0200] {dagbag.py:342} ERROR - Failed to import: /Users/mnagy99/airflow/dags/lesson3/exercise1.py
Traceback (most recent call last):
  File "/Users/mnagy99/opt/anaconda3/envs/airflow-env/lib/python3.8/site-packages/airflow/models/dagbag.py", line 338, in parse
    loader.exec_module(new_module)
  File "<frozen importlib._bootstrap_external>", line 843, in exec_module
  File "<frozen importlib._bootstrap>", line 219, in _call_with_frames_removed
  File "/Users/mnagy99/airflow/dags/lesson3/exercise1.py", line 30, in <module>
    from operators.s3_to_redshift import S3ToRedshiftOperator
  File "/Users/mnagy99/airflow/plugins/operators/__init__.py", line 1, in <module>
    from operators.stage_redshift import StageToRedshiftOperator
  File "/Users/mnagy99/airflow/plugins/operators/stage_redshift.py", line 95
    self.json
    ^
SyntaxError: invalid syntax
[2022-11-06T03:26:40.704+0200] {processor.py:768} WARNING - No viable dags retrieved from /Users/mnagy99/airflow/dags/lesson3/exercise1.py
[2022-11-06T03:26:40.815+0200] {processor.py:176} INFO - Processing /Users/mnagy99/airflow/dags/lesson3/exercise1.py took 0.929 seconds
[2022-11-06T03:28:45.224+0200] {processor.py:154} INFO - Started process (PID=7439) to work on /Users/mnagy99/airflow/dags/lesson3/exercise1.py
[2022-11-06T03:28:45.227+0200] {processor.py:756} INFO - Processing file /Users/mnagy99/airflow/dags/lesson3/exercise1.py for tasks to queue
[2022-11-06T03:28:45.228+0200] {logging_mixin.py:120} INFO - [2022-11-06T03:28:45.228+0200] {dagbag.py:537} INFO - Filling up the DagBag from /Users/mnagy99/airflow/dags/lesson3/exercise1.py
[2022-11-06T03:28:46.017+0200] {logging_mixin.py:120} INFO - [2022-11-06T03:28:46.016+0200] {dagbag.py:342} ERROR - Failed to import: /Users/mnagy99/airflow/dags/lesson3/exercise1.py
Traceback (most recent call last):
  File "/Users/mnagy99/opt/anaconda3/envs/airflow-env/lib/python3.8/site-packages/airflow/models/dagbag.py", line 338, in parse
    loader.exec_module(new_module)
  File "<frozen importlib._bootstrap_external>", line 843, in exec_module
  File "<frozen importlib._bootstrap>", line 219, in _call_with_frames_removed
  File "/Users/mnagy99/airflow/dags/lesson3/exercise1.py", line 30, in <module>
    from operators.s3_to_redshift import S3ToRedshiftOperator
  File "/Users/mnagy99/airflow/plugins/operators/__init__.py", line 1, in <module>
    from operators.stage_redshift import StageToRedshiftOperator
  File "/Users/mnagy99/airflow/plugins/operators/stage_redshift.py", line 95
    self.json
    ^
SyntaxError: invalid syntax
[2022-11-06T03:28:46.017+0200] {processor.py:768} WARNING - No viable dags retrieved from /Users/mnagy99/airflow/dags/lesson3/exercise1.py
[2022-11-06T03:28:46.122+0200] {processor.py:176} INFO - Processing /Users/mnagy99/airflow/dags/lesson3/exercise1.py took 0.898 seconds
[2022-11-06T03:32:46.081+0200] {processor.py:154} INFO - Started process (PID=7690) to work on /Users/mnagy99/airflow/dags/lesson3/exercise1.py
[2022-11-06T03:32:46.083+0200] {processor.py:756} INFO - Processing file /Users/mnagy99/airflow/dags/lesson3/exercise1.py for tasks to queue
[2022-11-06T03:32:46.084+0200] {logging_mixin.py:120} INFO - [2022-11-06T03:32:46.084+0200] {dagbag.py:537} INFO - Filling up the DagBag from /Users/mnagy99/airflow/dags/lesson3/exercise1.py
[2022-11-06T03:32:46.987+0200] {processor.py:766} INFO - DAG(s) dict_keys(['lesson3.exercise1']) retrieved from /Users/mnagy99/airflow/dags/lesson3/exercise1.py
[2022-11-06T03:32:47.401+0200] {logging_mixin.py:120} INFO - [2022-11-06T03:32:47.401+0200] {dag.py:2585} INFO - Sync 1 DAGs
[2022-11-06T03:32:47.419+0200] {logging_mixin.py:120} INFO - [2022-11-06T03:32:47.419+0200] {dag.py:3336} INFO - Setting next_dagrun for lesson3.exercise1 to 2018-01-01T00:00:00+00:00, run_after=2018-02-01T00:00:00+00:00
[2022-11-06T03:32:47.440+0200] {processor.py:176} INFO - Processing /Users/mnagy99/airflow/dags/lesson3/exercise1.py took 1.360 seconds
[2022-11-06T03:34:58.296+0200] {processor.py:154} INFO - Started process (PID=7834) to work on /Users/mnagy99/airflow/dags/lesson3/exercise1.py
[2022-11-06T03:34:58.298+0200] {processor.py:756} INFO - Processing file /Users/mnagy99/airflow/dags/lesson3/exercise1.py for tasks to queue
[2022-11-06T03:34:58.299+0200] {logging_mixin.py:120} INFO - [2022-11-06T03:34:58.299+0200] {dagbag.py:537} INFO - Filling up the DagBag from /Users/mnagy99/airflow/dags/lesson3/exercise1.py
[2022-11-06T03:34:59.219+0200] {processor.py:766} INFO - DAG(s) dict_keys(['lesson3.exercise1']) retrieved from /Users/mnagy99/airflow/dags/lesson3/exercise1.py
[2022-11-06T03:34:59.678+0200] {logging_mixin.py:120} INFO - [2022-11-06T03:34:59.678+0200] {dag.py:2585} INFO - Sync 1 DAGs
[2022-11-06T03:34:59.702+0200] {logging_mixin.py:120} INFO - [2022-11-06T03:34:59.702+0200] {dag.py:3336} INFO - Setting next_dagrun for lesson3.exercise1 to 2018-01-01T00:00:00+00:00, run_after=2018-02-01T00:00:00+00:00
[2022-11-06T03:34:59.721+0200] {processor.py:176} INFO - Processing /Users/mnagy99/airflow/dags/lesson3/exercise1.py took 1.426 seconds
[2022-11-06T03:39:02.651+0200] {processor.py:154} INFO - Started process (PID=8124) to work on /Users/mnagy99/airflow/dags/lesson3/exercise1.py
[2022-11-06T03:39:02.653+0200] {processor.py:756} INFO - Processing file /Users/mnagy99/airflow/dags/lesson3/exercise1.py for tasks to queue
[2022-11-06T03:39:02.654+0200] {logging_mixin.py:120} INFO - [2022-11-06T03:39:02.654+0200] {dagbag.py:537} INFO - Filling up the DagBag from /Users/mnagy99/airflow/dags/lesson3/exercise1.py
[2022-11-06T03:39:03.428+0200] {processor.py:766} INFO - DAG(s) dict_keys(['lesson3.exercise1']) retrieved from /Users/mnagy99/airflow/dags/lesson3/exercise1.py
[2022-11-06T03:39:03.773+0200] {logging_mixin.py:120} INFO - [2022-11-06T03:39:03.772+0200] {dag.py:2585} INFO - Sync 1 DAGs
[2022-11-06T03:39:03.788+0200] {logging_mixin.py:120} INFO - [2022-11-06T03:39:03.788+0200] {dag.py:3336} INFO - Setting next_dagrun for lesson3.exercise1 to 2018-01-01T00:00:00+00:00, run_after=2018-02-01T00:00:00+00:00
[2022-11-06T03:39:03.805+0200] {processor.py:176} INFO - Processing /Users/mnagy99/airflow/dags/lesson3/exercise1.py took 1.155 seconds
[2022-11-06T03:42:59.511+0200] {processor.py:154} INFO - Started process (PID=8365) to work on /Users/mnagy99/airflow/dags/lesson3/exercise1.py
[2022-11-06T03:42:59.514+0200] {processor.py:756} INFO - Processing file /Users/mnagy99/airflow/dags/lesson3/exercise1.py for tasks to queue
[2022-11-06T03:42:59.515+0200] {logging_mixin.py:120} INFO - [2022-11-06T03:42:59.515+0200] {dagbag.py:537} INFO - Filling up the DagBag from /Users/mnagy99/airflow/dags/lesson3/exercise1.py
[2022-11-06T03:43:00.333+0200] {processor.py:766} INFO - DAG(s) dict_keys(['lesson3.exercise1']) retrieved from /Users/mnagy99/airflow/dags/lesson3/exercise1.py
[2022-11-06T03:43:00.672+0200] {logging_mixin.py:120} INFO - [2022-11-06T03:43:00.672+0200] {dag.py:2585} INFO - Sync 1 DAGs
[2022-11-06T03:43:00.687+0200] {logging_mixin.py:120} INFO - [2022-11-06T03:43:00.687+0200] {dag.py:3336} INFO - Setting next_dagrun for lesson3.exercise1 to 2018-01-01T00:00:00+00:00, run_after=2018-02-01T00:00:00+00:00
[2022-11-06T03:43:00.707+0200] {processor.py:176} INFO - Processing /Users/mnagy99/airflow/dags/lesson3/exercise1.py took 1.197 seconds
[2022-11-06T03:47:04.642+0200] {processor.py:154} INFO - Started process (PID=8633) to work on /Users/mnagy99/airflow/dags/lesson3/exercise1.py
[2022-11-06T03:47:04.644+0200] {processor.py:756} INFO - Processing file /Users/mnagy99/airflow/dags/lesson3/exercise1.py for tasks to queue
[2022-11-06T03:47:04.644+0200] {logging_mixin.py:120} INFO - [2022-11-06T03:47:04.644+0200] {dagbag.py:537} INFO - Filling up the DagBag from /Users/mnagy99/airflow/dags/lesson3/exercise1.py
[2022-11-06T03:47:05.605+0200] {processor.py:766} INFO - DAG(s) dict_keys(['lesson3.exercise1']) retrieved from /Users/mnagy99/airflow/dags/lesson3/exercise1.py
[2022-11-06T03:47:06.053+0200] {logging_mixin.py:120} INFO - [2022-11-06T03:47:06.053+0200] {dag.py:2585} INFO - Sync 1 DAGs
[2022-11-06T03:47:06.072+0200] {logging_mixin.py:120} INFO - [2022-11-06T03:47:06.072+0200] {dag.py:3336} INFO - Setting next_dagrun for lesson3.exercise1 to 2018-01-01T00:00:00+00:00, run_after=2018-02-01T00:00:00+00:00
[2022-11-06T03:47:06.096+0200] {processor.py:176} INFO - Processing /Users/mnagy99/airflow/dags/lesson3/exercise1.py took 1.455 seconds
[2022-11-06T03:49:13.814+0200] {processor.py:154} INFO - Started process (PID=8755) to work on /Users/mnagy99/airflow/dags/lesson3/exercise1.py
[2022-11-06T03:49:13.816+0200] {processor.py:756} INFO - Processing file /Users/mnagy99/airflow/dags/lesson3/exercise1.py for tasks to queue
[2022-11-06T03:49:13.816+0200] {logging_mixin.py:120} INFO - [2022-11-06T03:49:13.816+0200] {dagbag.py:537} INFO - Filling up the DagBag from /Users/mnagy99/airflow/dags/lesson3/exercise1.py
[2022-11-06T03:49:14.640+0200] {processor.py:766} INFO - DAG(s) dict_keys(['lesson3.exercise1']) retrieved from /Users/mnagy99/airflow/dags/lesson3/exercise1.py
[2022-11-06T03:49:14.981+0200] {logging_mixin.py:120} INFO - [2022-11-06T03:49:14.980+0200] {dag.py:2585} INFO - Sync 1 DAGs
[2022-11-06T03:49:15.001+0200] {logging_mixin.py:120} INFO - [2022-11-06T03:49:15.001+0200] {dag.py:3336} INFO - Setting next_dagrun for lesson3.exercise1 to 2018-01-01T00:00:00+00:00, run_after=2018-02-01T00:00:00+00:00
[2022-11-06T03:49:15.018+0200] {processor.py:176} INFO - Processing /Users/mnagy99/airflow/dags/lesson3/exercise1.py took 1.204 seconds
[2022-11-06T03:53:26.429+0200] {processor.py:154} INFO - Started process (PID=9016) to work on /Users/mnagy99/airflow/dags/lesson3/exercise1.py
[2022-11-06T03:53:26.430+0200] {processor.py:756} INFO - Processing file /Users/mnagy99/airflow/dags/lesson3/exercise1.py for tasks to queue
[2022-11-06T03:53:26.431+0200] {logging_mixin.py:120} INFO - [2022-11-06T03:53:26.431+0200] {dagbag.py:537} INFO - Filling up the DagBag from /Users/mnagy99/airflow/dags/lesson3/exercise1.py
[2022-11-06T03:53:27.286+0200] {processor.py:766} INFO - DAG(s) dict_keys(['lesson3.exercise1']) retrieved from /Users/mnagy99/airflow/dags/lesson3/exercise1.py
[2022-11-06T03:53:27.662+0200] {logging_mixin.py:120} INFO - [2022-11-06T03:53:27.661+0200] {dag.py:2585} INFO - Sync 1 DAGs
[2022-11-06T03:53:27.677+0200] {logging_mixin.py:120} INFO - [2022-11-06T03:53:27.677+0200] {dag.py:3336} INFO - Setting next_dagrun for lesson3.exercise1 to 2018-01-01T00:00:00+00:00, run_after=2018-02-01T00:00:00+00:00
[2022-11-06T03:53:27.693+0200] {processor.py:176} INFO - Processing /Users/mnagy99/airflow/dags/lesson3/exercise1.py took 1.265 seconds
[2022-11-06T03:55:45.702+0200] {processor.py:154} INFO - Started process (PID=9156) to work on /Users/mnagy99/airflow/dags/lesson3/exercise1.py
[2022-11-06T03:55:45.705+0200] {processor.py:756} INFO - Processing file /Users/mnagy99/airflow/dags/lesson3/exercise1.py for tasks to queue
[2022-11-06T03:55:45.705+0200] {logging_mixin.py:120} INFO - [2022-11-06T03:55:45.705+0200] {dagbag.py:537} INFO - Filling up the DagBag from /Users/mnagy99/airflow/dags/lesson3/exercise1.py
[2022-11-06T03:55:46.562+0200] {processor.py:766} INFO - DAG(s) dict_keys(['lesson3.exercise1']) retrieved from /Users/mnagy99/airflow/dags/lesson3/exercise1.py
[2022-11-06T03:55:46.923+0200] {logging_mixin.py:120} INFO - [2022-11-06T03:55:46.923+0200] {dag.py:2585} INFO - Sync 1 DAGs
[2022-11-06T03:55:46.939+0200] {logging_mixin.py:120} INFO - [2022-11-06T03:55:46.939+0200] {dag.py:3336} INFO - Setting next_dagrun for lesson3.exercise1 to 2018-01-01T00:00:00+00:00, run_after=2018-02-01T00:00:00+00:00
[2022-11-06T03:55:46.956+0200] {processor.py:176} INFO - Processing /Users/mnagy99/airflow/dags/lesson3/exercise1.py took 1.254 seconds
[2022-11-06T03:57:59.444+0200] {processor.py:154} INFO - Started process (PID=9290) to work on /Users/mnagy99/airflow/dags/lesson3/exercise1.py
[2022-11-06T03:57:59.446+0200] {processor.py:756} INFO - Processing file /Users/mnagy99/airflow/dags/lesson3/exercise1.py for tasks to queue
[2022-11-06T03:57:59.447+0200] {logging_mixin.py:120} INFO - [2022-11-06T03:57:59.447+0200] {dagbag.py:537} INFO - Filling up the DagBag from /Users/mnagy99/airflow/dags/lesson3/exercise1.py
[2022-11-06T03:58:00.504+0200] {processor.py:766} INFO - DAG(s) dict_keys(['lesson3.exercise1']) retrieved from /Users/mnagy99/airflow/dags/lesson3/exercise1.py
[2022-11-06T03:58:00.964+0200] {logging_mixin.py:120} INFO - [2022-11-06T03:58:00.964+0200] {dag.py:2585} INFO - Sync 1 DAGs
[2022-11-06T03:58:00.979+0200] {logging_mixin.py:120} INFO - [2022-11-06T03:58:00.979+0200] {dag.py:3336} INFO - Setting next_dagrun for lesson3.exercise1 to 2018-01-01T00:00:00+00:00, run_after=2018-02-01T00:00:00+00:00
[2022-11-06T03:58:00.994+0200] {processor.py:176} INFO - Processing /Users/mnagy99/airflow/dags/lesson3/exercise1.py took 1.552 seconds
[2022-11-06T04:00:13.196+0200] {processor.py:154} INFO - Started process (PID=9423) to work on /Users/mnagy99/airflow/dags/lesson3/exercise1.py
[2022-11-06T04:00:13.199+0200] {processor.py:756} INFO - Processing file /Users/mnagy99/airflow/dags/lesson3/exercise1.py for tasks to queue
[2022-11-06T04:00:13.200+0200] {logging_mixin.py:120} INFO - [2022-11-06T04:00:13.200+0200] {dagbag.py:537} INFO - Filling up the DagBag from /Users/mnagy99/airflow/dags/lesson3/exercise1.py
[2022-11-06T04:00:14.132+0200] {processor.py:766} INFO - DAG(s) dict_keys(['lesson3.exercise1']) retrieved from /Users/mnagy99/airflow/dags/lesson3/exercise1.py
[2022-11-06T04:00:14.857+0200] {logging_mixin.py:120} INFO - [2022-11-06T04:00:14.857+0200] {dag.py:2585} INFO - Sync 1 DAGs
[2022-11-06T04:00:14.877+0200] {logging_mixin.py:120} INFO - [2022-11-06T04:00:14.877+0200] {dag.py:3336} INFO - Setting next_dagrun for lesson3.exercise1 to 2018-01-01T00:00:00+00:00, run_after=2018-02-01T00:00:00+00:00
[2022-11-06T04:00:14.895+0200] {processor.py:176} INFO - Processing /Users/mnagy99/airflow/dags/lesson3/exercise1.py took 1.700 seconds
[2022-11-06T04:02:35.300+0200] {processor.py:154} INFO - Started process (PID=9573) to work on /Users/mnagy99/airflow/dags/lesson3/exercise1.py
[2022-11-06T04:02:35.302+0200] {processor.py:756} INFO - Processing file /Users/mnagy99/airflow/dags/lesson3/exercise1.py for tasks to queue
[2022-11-06T04:02:35.303+0200] {logging_mixin.py:120} INFO - [2022-11-06T04:02:35.303+0200] {dagbag.py:537} INFO - Filling up the DagBag from /Users/mnagy99/airflow/dags/lesson3/exercise1.py
[2022-11-06T04:02:36.147+0200] {processor.py:766} INFO - DAG(s) dict_keys(['lesson3.exercise1']) retrieved from /Users/mnagy99/airflow/dags/lesson3/exercise1.py
[2022-11-06T04:02:36.551+0200] {logging_mixin.py:120} INFO - [2022-11-06T04:02:36.551+0200] {dag.py:2585} INFO - Sync 1 DAGs
[2022-11-06T04:02:36.566+0200] {logging_mixin.py:120} INFO - [2022-11-06T04:02:36.566+0200] {dag.py:3336} INFO - Setting next_dagrun for lesson3.exercise1 to 2018-01-01T00:00:00+00:00, run_after=2018-02-01T00:00:00+00:00
[2022-11-06T04:02:36.579+0200] {processor.py:176} INFO - Processing /Users/mnagy99/airflow/dags/lesson3/exercise1.py took 1.280 seconds
[2022-11-06T04:04:53.866+0200] {processor.py:154} INFO - Started process (PID=9720) to work on /Users/mnagy99/airflow/dags/lesson3/exercise1.py
[2022-11-06T04:04:53.868+0200] {processor.py:756} INFO - Processing file /Users/mnagy99/airflow/dags/lesson3/exercise1.py for tasks to queue
[2022-11-06T04:04:53.869+0200] {logging_mixin.py:120} INFO - [2022-11-06T04:04:53.869+0200] {dagbag.py:537} INFO - Filling up the DagBag from /Users/mnagy99/airflow/dags/lesson3/exercise1.py
[2022-11-06T04:04:54.739+0200] {processor.py:766} INFO - DAG(s) dict_keys(['lesson3.exercise1']) retrieved from /Users/mnagy99/airflow/dags/lesson3/exercise1.py
[2022-11-06T04:04:55.115+0200] {logging_mixin.py:120} INFO - [2022-11-06T04:04:55.115+0200] {dag.py:2585} INFO - Sync 1 DAGs
[2022-11-06T04:04:55.131+0200] {logging_mixin.py:120} INFO - [2022-11-06T04:04:55.131+0200] {dag.py:3336} INFO - Setting next_dagrun for lesson3.exercise1 to 2018-01-01T00:00:00+00:00, run_after=2018-02-01T00:00:00+00:00
[2022-11-06T04:04:55.145+0200] {processor.py:176} INFO - Processing /Users/mnagy99/airflow/dags/lesson3/exercise1.py took 1.280 seconds
[2022-11-06T04:07:32.005+0200] {processor.py:154} INFO - Started process (PID=9882) to work on /Users/mnagy99/airflow/dags/lesson3/exercise1.py
[2022-11-06T04:07:32.007+0200] {processor.py:756} INFO - Processing file /Users/mnagy99/airflow/dags/lesson3/exercise1.py for tasks to queue
[2022-11-06T04:07:32.008+0200] {logging_mixin.py:120} INFO - [2022-11-06T04:07:32.008+0200] {dagbag.py:537} INFO - Filling up the DagBag from /Users/mnagy99/airflow/dags/lesson3/exercise1.py
[2022-11-06T04:07:32.819+0200] {processor.py:766} INFO - DAG(s) dict_keys(['lesson3.exercise1']) retrieved from /Users/mnagy99/airflow/dags/lesson3/exercise1.py
[2022-11-06T04:07:33.182+0200] {logging_mixin.py:120} INFO - [2022-11-06T04:07:33.181+0200] {dag.py:2585} INFO - Sync 1 DAGs
[2022-11-06T04:07:33.198+0200] {logging_mixin.py:120} INFO - [2022-11-06T04:07:33.198+0200] {dag.py:3336} INFO - Setting next_dagrun for lesson3.exercise1 to 2018-01-01T00:00:00+00:00, run_after=2018-02-01T00:00:00+00:00
[2022-11-06T04:07:33.212+0200] {processor.py:176} INFO - Processing /Users/mnagy99/airflow/dags/lesson3/exercise1.py took 1.208 seconds
[2022-11-06T04:12:01.941+0200] {processor.py:154} INFO - Started process (PID=10166) to work on /Users/mnagy99/airflow/dags/lesson3/exercise1.py
[2022-11-06T04:12:01.943+0200] {processor.py:756} INFO - Processing file /Users/mnagy99/airflow/dags/lesson3/exercise1.py for tasks to queue
[2022-11-06T04:12:01.944+0200] {logging_mixin.py:120} INFO - [2022-11-06T04:12:01.944+0200] {dagbag.py:537} INFO - Filling up the DagBag from /Users/mnagy99/airflow/dags/lesson3/exercise1.py
[2022-11-06T04:12:02.714+0200] {processor.py:766} INFO - DAG(s) dict_keys(['lesson3.exercise1']) retrieved from /Users/mnagy99/airflow/dags/lesson3/exercise1.py
[2022-11-06T04:12:03.060+0200] {logging_mixin.py:120} INFO - [2022-11-06T04:12:03.060+0200] {dag.py:2585} INFO - Sync 1 DAGs
[2022-11-06T04:12:03.075+0200] {logging_mixin.py:120} INFO - [2022-11-06T04:12:03.075+0200] {dag.py:3336} INFO - Setting next_dagrun for lesson3.exercise1 to 2018-01-01T00:00:00+00:00, run_after=2018-02-01T00:00:00+00:00
[2022-11-06T04:12:03.092+0200] {processor.py:176} INFO - Processing /Users/mnagy99/airflow/dags/lesson3/exercise1.py took 1.152 seconds
[2022-11-06T04:16:07.485+0200] {processor.py:154} INFO - Started process (PID=10426) to work on /Users/mnagy99/airflow/dags/lesson3/exercise1.py
[2022-11-06T04:16:07.487+0200] {processor.py:756} INFO - Processing file /Users/mnagy99/airflow/dags/lesson3/exercise1.py for tasks to queue
[2022-11-06T04:16:07.488+0200] {logging_mixin.py:120} INFO - [2022-11-06T04:16:07.487+0200] {dagbag.py:537} INFO - Filling up the DagBag from /Users/mnagy99/airflow/dags/lesson3/exercise1.py
[2022-11-06T04:16:08.536+0200] {processor.py:766} INFO - DAG(s) dict_keys(['lesson3.exercise1']) retrieved from /Users/mnagy99/airflow/dags/lesson3/exercise1.py
[2022-11-06T04:16:08.965+0200] {logging_mixin.py:120} INFO - [2022-11-06T04:16:08.964+0200] {dag.py:2585} INFO - Sync 1 DAGs
[2022-11-06T04:16:08.982+0200] {logging_mixin.py:120} INFO - [2022-11-06T04:16:08.982+0200] {dag.py:3336} INFO - Setting next_dagrun for lesson3.exercise1 to 2018-01-01T00:00:00+00:00, run_after=2018-02-01T00:00:00+00:00
[2022-11-06T04:16:09.007+0200] {processor.py:176} INFO - Processing /Users/mnagy99/airflow/dags/lesson3/exercise1.py took 1.522 seconds
[2022-11-06T04:18:26.238+0200] {processor.py:154} INFO - Started process (PID=10558) to work on /Users/mnagy99/airflow/dags/lesson3/exercise1.py
[2022-11-06T04:18:26.240+0200] {processor.py:756} INFO - Processing file /Users/mnagy99/airflow/dags/lesson3/exercise1.py for tasks to queue
[2022-11-06T04:18:26.240+0200] {logging_mixin.py:120} INFO - [2022-11-06T04:18:26.240+0200] {dagbag.py:537} INFO - Filling up the DagBag from /Users/mnagy99/airflow/dags/lesson3/exercise1.py
[2022-11-06T04:18:27.056+0200] {processor.py:766} INFO - DAG(s) dict_keys(['lesson3.exercise1']) retrieved from /Users/mnagy99/airflow/dags/lesson3/exercise1.py
[2022-11-06T04:18:27.438+0200] {logging_mixin.py:120} INFO - [2022-11-06T04:18:27.438+0200] {dag.py:2585} INFO - Sync 1 DAGs
[2022-11-06T04:18:27.453+0200] {logging_mixin.py:120} INFO - [2022-11-06T04:18:27.453+0200] {dag.py:3336} INFO - Setting next_dagrun for lesson3.exercise1 to 2018-01-01T00:00:00+00:00, run_after=2018-02-01T00:00:00+00:00
[2022-11-06T04:18:27.469+0200] {processor.py:176} INFO - Processing /Users/mnagy99/airflow/dags/lesson3/exercise1.py took 1.232 seconds
