[2022-11-06T02:01:01.519+0200] {processor.py:154} INFO - Started process (PID=1716) to work on /Users/mnagy99/airflow/dags/lesson3/exercise4.py
[2022-11-06T02:01:01.521+0200] {processor.py:756} INFO - Processing file /Users/mnagy99/airflow/dags/lesson3/exercise4.py for tasks to queue
[2022-11-06T02:01:01.521+0200] {logging_mixin.py:120} INFO - [2022-11-06T02:01:01.521+0200] {dagbag.py:537} INFO - Filling up the DagBag from /Users/mnagy99/airflow/dags/lesson3/exercise4.py
[2022-11-06T02:01:01.735+0200] {processor.py:766} INFO - DAG(s) dict_keys(['lesson3.exercise4']) retrieved from /Users/mnagy99/airflow/dags/lesson3/exercise4.py
[2022-11-06T02:01:02.940+0200] {logging_mixin.py:120} INFO - [2022-11-06T02:01:02.940+0200] {dag.py:2585} INFO - Sync 1 DAGs
[2022-11-06T02:01:02.956+0200] {logging_mixin.py:120} INFO - [2022-11-06T02:01:02.955+0200] {dag.py:3336} INFO - Setting next_dagrun for lesson3.exercise4 to 2022-11-06T00:01:01.724521+00:00, run_after=2022-11-07T00:01:01.724521+00:00
[2022-11-06T02:01:02.975+0200] {processor.py:176} INFO - Processing /Users/mnagy99/airflow/dags/lesson3/exercise4.py took 1.457 seconds
[2022-11-06T02:03:18.945+0200] {processor.py:154} INFO - Started process (PID=2107) to work on /Users/mnagy99/airflow/dags/lesson3/exercise4.py
[2022-11-06T02:03:18.947+0200] {processor.py:756} INFO - Processing file /Users/mnagy99/airflow/dags/lesson3/exercise4.py for tasks to queue
[2022-11-06T02:03:18.948+0200] {logging_mixin.py:120} INFO - [2022-11-06T02:03:18.947+0200] {dagbag.py:537} INFO - Filling up the DagBag from /Users/mnagy99/airflow/dags/lesson3/exercise4.py
[2022-11-06T02:03:19.171+0200] {processor.py:766} INFO - DAG(s) dict_keys(['lesson3.exercise4']) retrieved from /Users/mnagy99/airflow/dags/lesson3/exercise4.py
[2022-11-06T02:03:20.351+0200] {logging_mixin.py:120} INFO - [2022-11-06T02:03:20.351+0200] {dag.py:2585} INFO - Sync 1 DAGs
[2022-11-06T02:03:20.364+0200] {logging_mixin.py:120} INFO - [2022-11-06T02:03:20.364+0200] {dag.py:3336} INFO - Setting next_dagrun for lesson3.exercise4 to 2022-11-06T00:03:19.162109+00:00, run_after=2022-11-07T00:03:19.162109+00:00
[2022-11-06T02:03:20.388+0200] {processor.py:176} INFO - Processing /Users/mnagy99/airflow/dags/lesson3/exercise4.py took 1.444 seconds
[2022-11-06T02:05:38.145+0200] {processor.py:154} INFO - Started process (PID=2239) to work on /Users/mnagy99/airflow/dags/lesson3/exercise4.py
[2022-11-06T02:05:38.147+0200] {processor.py:756} INFO - Processing file /Users/mnagy99/airflow/dags/lesson3/exercise4.py for tasks to queue
[2022-11-06T02:05:38.147+0200] {logging_mixin.py:120} INFO - [2022-11-06T02:05:38.147+0200] {dagbag.py:537} INFO - Filling up the DagBag from /Users/mnagy99/airflow/dags/lesson3/exercise4.py
[2022-11-06T02:05:38.344+0200] {processor.py:766} INFO - DAG(s) dict_keys(['lesson3.exercise4']) retrieved from /Users/mnagy99/airflow/dags/lesson3/exercise4.py
[2022-11-06T02:05:39.480+0200] {logging_mixin.py:120} INFO - [2022-11-06T02:05:39.479+0200] {dag.py:2585} INFO - Sync 1 DAGs
[2022-11-06T02:05:39.498+0200] {logging_mixin.py:120} INFO - [2022-11-06T02:05:39.498+0200] {dag.py:3336} INFO - Setting next_dagrun for lesson3.exercise4 to 2022-11-06T00:05:38.338220+00:00, run_after=2022-11-07T00:05:38.338220+00:00
[2022-11-06T02:05:39.520+0200] {processor.py:176} INFO - Processing /Users/mnagy99/airflow/dags/lesson3/exercise4.py took 1.376 seconds
[2022-11-06T02:07:56.669+0200] {processor.py:154} INFO - Started process (PID=2365) to work on /Users/mnagy99/airflow/dags/lesson3/exercise4.py
[2022-11-06T02:07:56.671+0200] {processor.py:756} INFO - Processing file /Users/mnagy99/airflow/dags/lesson3/exercise4.py for tasks to queue
[2022-11-06T02:07:56.671+0200] {logging_mixin.py:120} INFO - [2022-11-06T02:07:56.671+0200] {dagbag.py:537} INFO - Filling up the DagBag from /Users/mnagy99/airflow/dags/lesson3/exercise4.py
[2022-11-06T02:07:56.860+0200] {processor.py:766} INFO - DAG(s) dict_keys(['lesson3.exercise4']) retrieved from /Users/mnagy99/airflow/dags/lesson3/exercise4.py
[2022-11-06T02:07:57.943+0200] {logging_mixin.py:120} INFO - [2022-11-06T02:07:57.943+0200] {dag.py:2585} INFO - Sync 1 DAGs
[2022-11-06T02:07:57.956+0200] {logging_mixin.py:120} INFO - [2022-11-06T02:07:57.956+0200] {dag.py:3336} INFO - Setting next_dagrun for lesson3.exercise4 to 2022-11-06T00:07:56.854658+00:00, run_after=2022-11-07T00:07:56.854658+00:00
[2022-11-06T02:07:57.971+0200] {processor.py:176} INFO - Processing /Users/mnagy99/airflow/dags/lesson3/exercise4.py took 1.303 seconds
[2022-11-06T02:10:15.471+0200] {processor.py:154} INFO - Started process (PID=2493) to work on /Users/mnagy99/airflow/dags/lesson3/exercise4.py
[2022-11-06T02:10:15.472+0200] {processor.py:756} INFO - Processing file /Users/mnagy99/airflow/dags/lesson3/exercise4.py for tasks to queue
[2022-11-06T02:10:15.473+0200] {logging_mixin.py:120} INFO - [2022-11-06T02:10:15.473+0200] {dagbag.py:537} INFO - Filling up the DagBag from /Users/mnagy99/airflow/dags/lesson3/exercise4.py
[2022-11-06T02:10:15.664+0200] {processor.py:766} INFO - DAG(s) dict_keys(['lesson3.exercise4']) retrieved from /Users/mnagy99/airflow/dags/lesson3/exercise4.py
[2022-11-06T02:10:16.668+0200] {logging_mixin.py:120} INFO - [2022-11-06T02:10:16.668+0200] {dag.py:2585} INFO - Sync 1 DAGs
[2022-11-06T02:10:16.684+0200] {logging_mixin.py:120} INFO - [2022-11-06T02:10:16.684+0200] {dag.py:3336} INFO - Setting next_dagrun for lesson3.exercise4 to 2022-11-06T00:10:15.657233+00:00, run_after=2022-11-07T00:10:15.657233+00:00
[2022-11-06T02:10:16.706+0200] {processor.py:176} INFO - Processing /Users/mnagy99/airflow/dags/lesson3/exercise4.py took 1.236 seconds
[2022-11-06T02:12:29.405+0200] {processor.py:154} INFO - Started process (PID=2624) to work on /Users/mnagy99/airflow/dags/lesson3/exercise4.py
[2022-11-06T02:12:29.406+0200] {processor.py:756} INFO - Processing file /Users/mnagy99/airflow/dags/lesson3/exercise4.py for tasks to queue
[2022-11-06T02:12:29.407+0200] {logging_mixin.py:120} INFO - [2022-11-06T02:12:29.407+0200] {dagbag.py:537} INFO - Filling up the DagBag from /Users/mnagy99/airflow/dags/lesson3/exercise4.py
[2022-11-06T02:12:29.590+0200] {processor.py:766} INFO - DAG(s) dict_keys(['lesson3.exercise4']) retrieved from /Users/mnagy99/airflow/dags/lesson3/exercise4.py
[2022-11-06T02:12:30.624+0200] {logging_mixin.py:120} INFO - [2022-11-06T02:12:30.623+0200] {dag.py:2585} INFO - Sync 1 DAGs
[2022-11-06T02:12:30.647+0200] {logging_mixin.py:120} INFO - [2022-11-06T02:12:30.647+0200] {dag.py:3336} INFO - Setting next_dagrun for lesson3.exercise4 to 2022-11-06T00:12:29.583588+00:00, run_after=2022-11-07T00:12:29.583588+00:00
[2022-11-06T02:12:30.664+0200] {processor.py:176} INFO - Processing /Users/mnagy99/airflow/dags/lesson3/exercise4.py took 1.260 seconds
[2022-11-06T02:16:58.965+0200] {processor.py:154} INFO - Started process (PID=2956) to work on /Users/mnagy99/airflow/dags/lesson3/exercise4.py
[2022-11-06T02:16:58.967+0200] {processor.py:756} INFO - Processing file /Users/mnagy99/airflow/dags/lesson3/exercise4.py for tasks to queue
[2022-11-06T02:16:58.968+0200] {logging_mixin.py:120} INFO - [2022-11-06T02:16:58.967+0200] {dagbag.py:537} INFO - Filling up the DagBag from /Users/mnagy99/airflow/dags/lesson3/exercise4.py
[2022-11-06T02:16:59.130+0200] {processor.py:766} INFO - DAG(s) dict_keys(['lesson3.exercise4']) retrieved from /Users/mnagy99/airflow/dags/lesson3/exercise4.py
[2022-11-06T02:17:00.078+0200] {logging_mixin.py:120} INFO - [2022-11-06T02:17:00.077+0200] {dag.py:2585} INFO - Sync 1 DAGs
[2022-11-06T02:17:00.091+0200] {logging_mixin.py:120} INFO - [2022-11-06T02:17:00.091+0200] {dag.py:3336} INFO - Setting next_dagrun for lesson3.exercise4 to 2022-11-06T00:16:59.123915+00:00, run_after=2022-11-07T00:16:59.123915+00:00
[2022-11-06T02:17:00.107+0200] {processor.py:176} INFO - Processing /Users/mnagy99/airflow/dags/lesson3/exercise4.py took 1.143 seconds
[2022-11-06T02:19:12.888+0200] {processor.py:154} INFO - Started process (PID=3101) to work on /Users/mnagy99/airflow/dags/lesson3/exercise4.py
[2022-11-06T02:19:12.891+0200] {processor.py:756} INFO - Processing file /Users/mnagy99/airflow/dags/lesson3/exercise4.py for tasks to queue
[2022-11-06T02:19:12.892+0200] {logging_mixin.py:120} INFO - [2022-11-06T02:19:12.892+0200] {dagbag.py:537} INFO - Filling up the DagBag from /Users/mnagy99/airflow/dags/lesson3/exercise4.py
[2022-11-06T02:19:13.062+0200] {processor.py:766} INFO - DAG(s) dict_keys(['lesson3.exercise4']) retrieved from /Users/mnagy99/airflow/dags/lesson3/exercise4.py
[2022-11-06T02:19:14.017+0200] {logging_mixin.py:120} INFO - [2022-11-06T02:19:14.017+0200] {dag.py:2585} INFO - Sync 1 DAGs
[2022-11-06T02:19:14.032+0200] {logging_mixin.py:120} INFO - [2022-11-06T02:19:14.032+0200] {dag.py:3336} INFO - Setting next_dagrun for lesson3.exercise4 to 2022-11-06T00:19:13.056452+00:00, run_after=2022-11-07T00:19:13.056452+00:00
[2022-11-06T02:19:14.051+0200] {processor.py:176} INFO - Processing /Users/mnagy99/airflow/dags/lesson3/exercise4.py took 1.163 seconds
[2022-11-06T02:23:30.476+0200] {processor.py:154} INFO - Started process (PID=3371) to work on /Users/mnagy99/airflow/dags/lesson3/exercise4.py
[2022-11-06T02:23:30.478+0200] {processor.py:756} INFO - Processing file /Users/mnagy99/airflow/dags/lesson3/exercise4.py for tasks to queue
[2022-11-06T02:23:30.478+0200] {logging_mixin.py:120} INFO - [2022-11-06T02:23:30.478+0200] {dagbag.py:537} INFO - Filling up the DagBag from /Users/mnagy99/airflow/dags/lesson3/exercise4.py
[2022-11-06T02:23:30.705+0200] {processor.py:766} INFO - DAG(s) dict_keys(['lesson3.exercise4']) retrieved from /Users/mnagy99/airflow/dags/lesson3/exercise4.py
[2022-11-06T02:23:31.728+0200] {logging_mixin.py:120} INFO - [2022-11-06T02:23:31.728+0200] {dag.py:2585} INFO - Sync 1 DAGs
[2022-11-06T02:23:31.748+0200] {logging_mixin.py:120} INFO - [2022-11-06T02:23:31.748+0200] {dag.py:3336} INFO - Setting next_dagrun for lesson3.exercise4 to 2022-11-06T00:23:30.696224+00:00, run_after=2022-11-07T00:23:30.696224+00:00
[2022-11-06T02:23:31.774+0200] {processor.py:176} INFO - Processing /Users/mnagy99/airflow/dags/lesson3/exercise4.py took 1.299 seconds
[2022-11-06T02:25:46.502+0200] {processor.py:154} INFO - Started process (PID=3511) to work on /Users/mnagy99/airflow/dags/lesson3/exercise4.py
[2022-11-06T02:25:46.504+0200] {processor.py:756} INFO - Processing file /Users/mnagy99/airflow/dags/lesson3/exercise4.py for tasks to queue
[2022-11-06T02:25:46.505+0200] {logging_mixin.py:120} INFO - [2022-11-06T02:25:46.505+0200] {dagbag.py:537} INFO - Filling up the DagBag from /Users/mnagy99/airflow/dags/lesson3/exercise4.py
[2022-11-06T02:25:46.703+0200] {processor.py:766} INFO - DAG(s) dict_keys(['lesson3.exercise4']) retrieved from /Users/mnagy99/airflow/dags/lesson3/exercise4.py
[2022-11-06T02:25:47.727+0200] {logging_mixin.py:120} INFO - [2022-11-06T02:25:47.727+0200] {dag.py:2585} INFO - Sync 1 DAGs
[2022-11-06T02:25:47.741+0200] {logging_mixin.py:120} INFO - [2022-11-06T02:25:47.741+0200] {dag.py:3336} INFO - Setting next_dagrun for lesson3.exercise4 to 2022-11-06T00:25:46.691129+00:00, run_after=2022-11-07T00:25:46.691129+00:00
[2022-11-06T02:25:47.757+0200] {processor.py:176} INFO - Processing /Users/mnagy99/airflow/dags/lesson3/exercise4.py took 1.256 seconds
[2022-11-06T02:27:59.272+0200] {processor.py:154} INFO - Started process (PID=3653) to work on /Users/mnagy99/airflow/dags/lesson3/exercise4.py
[2022-11-06T02:27:59.274+0200] {processor.py:756} INFO - Processing file /Users/mnagy99/airflow/dags/lesson3/exercise4.py for tasks to queue
[2022-11-06T02:27:59.275+0200] {logging_mixin.py:120} INFO - [2022-11-06T02:27:59.275+0200] {dagbag.py:537} INFO - Filling up the DagBag from /Users/mnagy99/airflow/dags/lesson3/exercise4.py
[2022-11-06T02:27:59.438+0200] {processor.py:766} INFO - DAG(s) dict_keys(['lesson3.exercise4']) retrieved from /Users/mnagy99/airflow/dags/lesson3/exercise4.py
[2022-11-06T02:28:00.375+0200] {logging_mixin.py:120} INFO - [2022-11-06T02:28:00.375+0200] {dag.py:2585} INFO - Sync 1 DAGs
[2022-11-06T02:28:00.389+0200] {logging_mixin.py:120} INFO - [2022-11-06T02:28:00.389+0200] {dag.py:3336} INFO - Setting next_dagrun for lesson3.exercise4 to 2022-11-06T00:27:59.432642+00:00, run_after=2022-11-07T00:27:59.432642+00:00
[2022-11-06T02:28:00.409+0200] {processor.py:176} INFO - Processing /Users/mnagy99/airflow/dags/lesson3/exercise4.py took 1.138 seconds
[2022-11-06T02:30:11.647+0200] {processor.py:154} INFO - Started process (PID=3804) to work on /Users/mnagy99/airflow/dags/lesson3/exercise4.py
[2022-11-06T02:30:11.648+0200] {processor.py:756} INFO - Processing file /Users/mnagy99/airflow/dags/lesson3/exercise4.py for tasks to queue
[2022-11-06T02:30:11.649+0200] {logging_mixin.py:120} INFO - [2022-11-06T02:30:11.649+0200] {dagbag.py:537} INFO - Filling up the DagBag from /Users/mnagy99/airflow/dags/lesson3/exercise4.py
[2022-11-06T02:30:11.832+0200] {processor.py:766} INFO - DAG(s) dict_keys(['lesson3.exercise4']) retrieved from /Users/mnagy99/airflow/dags/lesson3/exercise4.py
[2022-11-06T02:30:12.831+0200] {logging_mixin.py:120} INFO - [2022-11-06T02:30:12.831+0200] {dag.py:2585} INFO - Sync 1 DAGs
[2022-11-06T02:30:12.845+0200] {logging_mixin.py:120} INFO - [2022-11-06T02:30:12.845+0200] {dag.py:3336} INFO - Setting next_dagrun for lesson3.exercise4 to 2022-11-06T00:30:11.824472+00:00, run_after=2022-11-07T00:30:11.824472+00:00
[2022-11-06T02:30:12.862+0200] {processor.py:176} INFO - Processing /Users/mnagy99/airflow/dags/lesson3/exercise4.py took 1.216 seconds
[2022-11-06T02:34:35.745+0200] {processor.py:154} INFO - Started process (PID=4100) to work on /Users/mnagy99/airflow/dags/lesson3/exercise4.py
[2022-11-06T02:34:35.748+0200] {processor.py:756} INFO - Processing file /Users/mnagy99/airflow/dags/lesson3/exercise4.py for tasks to queue
[2022-11-06T02:34:35.749+0200] {logging_mixin.py:120} INFO - [2022-11-06T02:34:35.748+0200] {dagbag.py:537} INFO - Filling up the DagBag from /Users/mnagy99/airflow/dags/lesson3/exercise4.py
[2022-11-06T02:34:35.913+0200] {processor.py:766} INFO - DAG(s) dict_keys(['lesson3.exercise4']) retrieved from /Users/mnagy99/airflow/dags/lesson3/exercise4.py
[2022-11-06T02:34:36.845+0200] {logging_mixin.py:120} INFO - [2022-11-06T02:34:36.844+0200] {dag.py:2585} INFO - Sync 1 DAGs
[2022-11-06T02:34:36.858+0200] {logging_mixin.py:120} INFO - [2022-11-06T02:34:36.858+0200] {dag.py:3336} INFO - Setting next_dagrun for lesson3.exercise4 to 2022-11-06T00:34:35.907617+00:00, run_after=2022-11-07T00:34:35.907617+00:00
[2022-11-06T02:34:36.876+0200] {processor.py:176} INFO - Processing /Users/mnagy99/airflow/dags/lesson3/exercise4.py took 1.131 seconds
[2022-11-06T02:38:56.285+0200] {processor.py:154} INFO - Started process (PID=4373) to work on /Users/mnagy99/airflow/dags/lesson3/exercise4.py
[2022-11-06T02:38:56.286+0200] {processor.py:756} INFO - Processing file /Users/mnagy99/airflow/dags/lesson3/exercise4.py for tasks to queue
[2022-11-06T02:38:56.287+0200] {logging_mixin.py:120} INFO - [2022-11-06T02:38:56.287+0200] {dagbag.py:537} INFO - Filling up the DagBag from /Users/mnagy99/airflow/dags/lesson3/exercise4.py
[2022-11-06T02:38:56.672+0200] {processor.py:766} INFO - DAG(s) dict_keys(['lesson3.exercise4']) retrieved from /Users/mnagy99/airflow/dags/lesson3/exercise4.py
[2022-11-06T02:38:57.692+0200] {logging_mixin.py:120} INFO - [2022-11-06T02:38:57.692+0200] {dag.py:2585} INFO - Sync 1 DAGs
[2022-11-06T02:38:57.705+0200] {logging_mixin.py:120} INFO - [2022-11-06T02:38:57.705+0200] {dag.py:3336} INFO - Setting next_dagrun for lesson3.exercise4 to 2022-11-06T00:38:56.666633+00:00, run_after=2022-11-07T00:38:56.666633+00:00
[2022-11-06T02:38:57.721+0200] {processor.py:176} INFO - Processing /Users/mnagy99/airflow/dags/lesson3/exercise4.py took 1.437 seconds
[2022-11-06T02:43:40.597+0200] {processor.py:154} INFO - Started process (PID=4677) to work on /Users/mnagy99/airflow/dags/lesson3/exercise4.py
[2022-11-06T02:43:40.598+0200] {processor.py:756} INFO - Processing file /Users/mnagy99/airflow/dags/lesson3/exercise4.py for tasks to queue
[2022-11-06T02:43:40.599+0200] {logging_mixin.py:120} INFO - [2022-11-06T02:43:40.599+0200] {dagbag.py:537} INFO - Filling up the DagBag from /Users/mnagy99/airflow/dags/lesson3/exercise4.py
[2022-11-06T02:43:40.782+0200] {processor.py:766} INFO - DAG(s) dict_keys(['lesson3.exercise4']) retrieved from /Users/mnagy99/airflow/dags/lesson3/exercise4.py
[2022-11-06T02:43:41.823+0200] {logging_mixin.py:120} INFO - [2022-11-06T02:43:41.823+0200] {dag.py:2585} INFO - Sync 1 DAGs
[2022-11-06T02:43:41.837+0200] {logging_mixin.py:120} INFO - [2022-11-06T02:43:41.837+0200] {dag.py:3336} INFO - Setting next_dagrun for lesson3.exercise4 to 2022-11-06T00:43:40.775448+00:00, run_after=2022-11-07T00:43:40.775448+00:00
[2022-11-06T02:43:41.853+0200] {processor.py:176} INFO - Processing /Users/mnagy99/airflow/dags/lesson3/exercise4.py took 1.257 seconds
[2022-11-06T02:45:56.163+0200] {processor.py:154} INFO - Started process (PID=4806) to work on /Users/mnagy99/airflow/dags/lesson3/exercise4.py
[2022-11-06T02:45:56.165+0200] {processor.py:756} INFO - Processing file /Users/mnagy99/airflow/dags/lesson3/exercise4.py for tasks to queue
[2022-11-06T02:45:56.165+0200] {logging_mixin.py:120} INFO - [2022-11-06T02:45:56.165+0200] {dagbag.py:537} INFO - Filling up the DagBag from /Users/mnagy99/airflow/dags/lesson3/exercise4.py
[2022-11-06T02:45:56.332+0200] {processor.py:766} INFO - DAG(s) dict_keys(['lesson3.exercise4']) retrieved from /Users/mnagy99/airflow/dags/lesson3/exercise4.py
[2022-11-06T02:45:57.301+0200] {logging_mixin.py:120} INFO - [2022-11-06T02:45:57.300+0200] {dag.py:2585} INFO - Sync 1 DAGs
[2022-11-06T02:45:57.315+0200] {logging_mixin.py:120} INFO - [2022-11-06T02:45:57.315+0200] {dag.py:3336} INFO - Setting next_dagrun for lesson3.exercise4 to 2022-11-06T00:45:56.325809+00:00, run_after=2022-11-07T00:45:56.325809+00:00
[2022-11-06T02:45:57.339+0200] {processor.py:176} INFO - Processing /Users/mnagy99/airflow/dags/lesson3/exercise4.py took 1.177 seconds
[2022-11-06T02:48:11.503+0200] {processor.py:154} INFO - Started process (PID=4947) to work on /Users/mnagy99/airflow/dags/lesson3/exercise4.py
[2022-11-06T02:48:11.506+0200] {processor.py:756} INFO - Processing file /Users/mnagy99/airflow/dags/lesson3/exercise4.py for tasks to queue
[2022-11-06T02:48:11.508+0200] {logging_mixin.py:120} INFO - [2022-11-06T02:48:11.507+0200] {dagbag.py:537} INFO - Filling up the DagBag from /Users/mnagy99/airflow/dags/lesson3/exercise4.py
[2022-11-06T02:48:11.677+0200] {processor.py:766} INFO - DAG(s) dict_keys(['lesson3.exercise4']) retrieved from /Users/mnagy99/airflow/dags/lesson3/exercise4.py
[2022-11-06T02:48:12.623+0200] {logging_mixin.py:120} INFO - [2022-11-06T02:48:12.622+0200] {dag.py:2585} INFO - Sync 1 DAGs
[2022-11-06T02:48:12.636+0200] {logging_mixin.py:120} INFO - [2022-11-06T02:48:12.636+0200] {dag.py:3336} INFO - Setting next_dagrun for lesson3.exercise4 to 2022-11-06T00:48:11.671010+00:00, run_after=2022-11-07T00:48:11.671010+00:00
[2022-11-06T02:48:12.654+0200] {processor.py:176} INFO - Processing /Users/mnagy99/airflow/dags/lesson3/exercise4.py took 1.151 seconds
[2022-11-06T02:52:21.454+0200] {processor.py:154} INFO - Started process (PID=5198) to work on /Users/mnagy99/airflow/dags/lesson3/exercise4.py
[2022-11-06T02:52:21.455+0200] {processor.py:756} INFO - Processing file /Users/mnagy99/airflow/dags/lesson3/exercise4.py for tasks to queue
[2022-11-06T02:52:21.455+0200] {logging_mixin.py:120} INFO - [2022-11-06T02:52:21.455+0200] {dagbag.py:537} INFO - Filling up the DagBag from /Users/mnagy99/airflow/dags/lesson3/exercise4.py
[2022-11-06T02:52:21.645+0200] {processor.py:766} INFO - DAG(s) dict_keys(['lesson3.exercise4']) retrieved from /Users/mnagy99/airflow/dags/lesson3/exercise4.py
[2022-11-06T02:52:22.691+0200] {logging_mixin.py:120} INFO - [2022-11-06T02:52:22.691+0200] {dag.py:2585} INFO - Sync 1 DAGs
[2022-11-06T02:52:22.705+0200] {logging_mixin.py:120} INFO - [2022-11-06T02:52:22.704+0200] {dag.py:3336} INFO - Setting next_dagrun for lesson3.exercise4 to 2022-11-06T00:52:21.635837+00:00, run_after=2022-11-07T00:52:21.635837+00:00
[2022-11-06T02:52:22.723+0200] {processor.py:176} INFO - Processing /Users/mnagy99/airflow/dags/lesson3/exercise4.py took 1.270 seconds
[2022-11-06T02:56:42.723+0200] {processor.py:154} INFO - Started process (PID=5458) to work on /Users/mnagy99/airflow/dags/lesson3/exercise4.py
[2022-11-06T02:56:42.726+0200] {processor.py:756} INFO - Processing file /Users/mnagy99/airflow/dags/lesson3/exercise4.py for tasks to queue
[2022-11-06T02:56:42.726+0200] {logging_mixin.py:120} INFO - [2022-11-06T02:56:42.726+0200] {dagbag.py:537} INFO - Filling up the DagBag from /Users/mnagy99/airflow/dags/lesson3/exercise4.py
[2022-11-06T02:56:42.890+0200] {processor.py:766} INFO - DAG(s) dict_keys(['lesson3.exercise4']) retrieved from /Users/mnagy99/airflow/dags/lesson3/exercise4.py
[2022-11-06T02:56:43.834+0200] {logging_mixin.py:120} INFO - [2022-11-06T02:56:43.834+0200] {dag.py:2585} INFO - Sync 1 DAGs
[2022-11-06T02:56:43.849+0200] {logging_mixin.py:120} INFO - [2022-11-06T02:56:43.849+0200] {dag.py:3336} INFO - Setting next_dagrun for lesson3.exercise4 to 2022-11-06T00:56:42.884441+00:00, run_after=2022-11-07T00:56:42.884441+00:00
[2022-11-06T02:56:43.869+0200] {processor.py:176} INFO - Processing /Users/mnagy99/airflow/dags/lesson3/exercise4.py took 1.146 seconds
[2022-11-06T02:58:56.445+0200] {processor.py:154} INFO - Started process (PID=5594) to work on /Users/mnagy99/airflow/dags/lesson3/exercise4.py
[2022-11-06T02:58:56.448+0200] {processor.py:756} INFO - Processing file /Users/mnagy99/airflow/dags/lesson3/exercise4.py for tasks to queue
[2022-11-06T02:58:56.448+0200] {logging_mixin.py:120} INFO - [2022-11-06T02:58:56.448+0200] {dagbag.py:537} INFO - Filling up the DagBag from /Users/mnagy99/airflow/dags/lesson3/exercise4.py
[2022-11-06T02:58:56.691+0200] {processor.py:766} INFO - DAG(s) dict_keys(['lesson3.exercise4']) retrieved from /Users/mnagy99/airflow/dags/lesson3/exercise4.py
[2022-11-06T02:58:58.716+0200] {logging_mixin.py:120} INFO - [2022-11-06T02:58:58.715+0200] {dag.py:2585} INFO - Sync 1 DAGs
[2022-11-06T02:58:58.799+0200] {logging_mixin.py:120} INFO - [2022-11-06T02:58:58.799+0200] {dag.py:3336} INFO - Setting next_dagrun for lesson3.exercise4 to 2022-11-06T00:58:56.681383+00:00, run_after=2022-11-07T00:58:56.681383+00:00
[2022-11-06T02:58:58.834+0200] {processor.py:176} INFO - Processing /Users/mnagy99/airflow/dags/lesson3/exercise4.py took 2.390 seconds
[2022-11-06T03:01:17.585+0200] {processor.py:154} INFO - Started process (PID=5733) to work on /Users/mnagy99/airflow/dags/lesson3/exercise4.py
[2022-11-06T03:01:17.588+0200] {processor.py:756} INFO - Processing file /Users/mnagy99/airflow/dags/lesson3/exercise4.py for tasks to queue
[2022-11-06T03:01:17.588+0200] {logging_mixin.py:120} INFO - [2022-11-06T03:01:17.588+0200] {dagbag.py:537} INFO - Filling up the DagBag from /Users/mnagy99/airflow/dags/lesson3/exercise4.py
[2022-11-06T03:01:17.831+0200] {processor.py:766} INFO - DAG(s) dict_keys(['lesson3.exercise4']) retrieved from /Users/mnagy99/airflow/dags/lesson3/exercise4.py
[2022-11-06T03:01:19.190+0200] {logging_mixin.py:120} INFO - [2022-11-06T03:01:19.190+0200] {dag.py:2585} INFO - Sync 1 DAGs
[2022-11-06T03:01:19.206+0200] {logging_mixin.py:120} INFO - [2022-11-06T03:01:19.206+0200] {dag.py:3336} INFO - Setting next_dagrun for lesson3.exercise4 to 2022-11-06T01:01:17.823271+00:00, run_after=2022-11-07T01:01:17.823271+00:00
[2022-11-06T03:01:19.222+0200] {processor.py:176} INFO - Processing /Users/mnagy99/airflow/dags/lesson3/exercise4.py took 1.639 seconds
[2022-11-06T03:03:58.959+0200] {processor.py:154} INFO - Started process (PID=5874) to work on /Users/mnagy99/airflow/dags/lesson3/exercise4.py
[2022-11-06T03:03:58.961+0200] {processor.py:756} INFO - Processing file /Users/mnagy99/airflow/dags/lesson3/exercise4.py for tasks to queue
[2022-11-06T03:03:58.962+0200] {logging_mixin.py:120} INFO - [2022-11-06T03:03:58.962+0200] {dagbag.py:537} INFO - Filling up the DagBag from /Users/mnagy99/airflow/dags/lesson3/exercise4.py
[2022-11-06T03:03:59.138+0200] {processor.py:766} INFO - DAG(s) dict_keys(['lesson3.exercise4']) retrieved from /Users/mnagy99/airflow/dags/lesson3/exercise4.py
[2022-11-06T03:04:00.073+0200] {logging_mixin.py:120} INFO - [2022-11-06T03:04:00.073+0200] {dag.py:2585} INFO - Sync 1 DAGs
[2022-11-06T03:04:00.087+0200] {logging_mixin.py:120} INFO - [2022-11-06T03:04:00.087+0200] {dag.py:3336} INFO - Setting next_dagrun for lesson3.exercise4 to 2022-11-06T01:03:59.131818+00:00, run_after=2022-11-07T01:03:59.131818+00:00
[2022-11-06T03:04:00.104+0200] {processor.py:176} INFO - Processing /Users/mnagy99/airflow/dags/lesson3/exercise4.py took 1.146 seconds
[2022-11-06T03:06:17.156+0200] {processor.py:154} INFO - Started process (PID=6011) to work on /Users/mnagy99/airflow/dags/lesson3/exercise4.py
[2022-11-06T03:06:17.159+0200] {processor.py:756} INFO - Processing file /Users/mnagy99/airflow/dags/lesson3/exercise4.py for tasks to queue
[2022-11-06T03:06:17.159+0200] {logging_mixin.py:120} INFO - [2022-11-06T03:06:17.159+0200] {dagbag.py:537} INFO - Filling up the DagBag from /Users/mnagy99/airflow/dags/lesson3/exercise4.py
[2022-11-06T03:06:17.331+0200] {processor.py:766} INFO - DAG(s) dict_keys(['lesson3.exercise4']) retrieved from /Users/mnagy99/airflow/dags/lesson3/exercise4.py
[2022-11-06T03:06:18.339+0200] {logging_mixin.py:120} INFO - [2022-11-06T03:06:18.339+0200] {dag.py:2585} INFO - Sync 1 DAGs
[2022-11-06T03:06:18.352+0200] {logging_mixin.py:120} INFO - [2022-11-06T03:06:18.352+0200] {dag.py:3336} INFO - Setting next_dagrun for lesson3.exercise4 to 2022-11-06T01:06:17.324296+00:00, run_after=2022-11-07T01:06:17.324296+00:00
[2022-11-06T03:06:18.372+0200] {processor.py:176} INFO - Processing /Users/mnagy99/airflow/dags/lesson3/exercise4.py took 1.216 seconds
[2022-11-06T03:10:38.879+0200] {processor.py:154} INFO - Started process (PID=6279) to work on /Users/mnagy99/airflow/dags/lesson3/exercise4.py
[2022-11-06T03:10:38.882+0200] {processor.py:756} INFO - Processing file /Users/mnagy99/airflow/dags/lesson3/exercise4.py for tasks to queue
[2022-11-06T03:10:38.883+0200] {logging_mixin.py:120} INFO - [2022-11-06T03:10:38.883+0200] {dagbag.py:537} INFO - Filling up the DagBag from /Users/mnagy99/airflow/dags/lesson3/exercise4.py
[2022-11-06T03:10:39.051+0200] {processor.py:766} INFO - DAG(s) dict_keys(['lesson3.exercise4']) retrieved from /Users/mnagy99/airflow/dags/lesson3/exercise4.py
[2022-11-06T03:10:39.982+0200] {logging_mixin.py:120} INFO - [2022-11-06T03:10:39.982+0200] {dag.py:2585} INFO - Sync 1 DAGs
[2022-11-06T03:10:39.996+0200] {logging_mixin.py:120} INFO - [2022-11-06T03:10:39.995+0200] {dag.py:3336} INFO - Setting next_dagrun for lesson3.exercise4 to 2022-11-06T01:10:39.044990+00:00, run_after=2022-11-07T01:10:39.044990+00:00
[2022-11-06T03:10:40.014+0200] {processor.py:176} INFO - Processing /Users/mnagy99/airflow/dags/lesson3/exercise4.py took 1.135 seconds
[2022-11-06T03:14:48.471+0200] {processor.py:154} INFO - Started process (PID=6535) to work on /Users/mnagy99/airflow/dags/lesson3/exercise4.py
[2022-11-06T03:14:48.473+0200] {processor.py:756} INFO - Processing file /Users/mnagy99/airflow/dags/lesson3/exercise4.py for tasks to queue
[2022-11-06T03:14:48.474+0200] {logging_mixin.py:120} INFO - [2022-11-06T03:14:48.474+0200] {dagbag.py:537} INFO - Filling up the DagBag from /Users/mnagy99/airflow/dags/lesson3/exercise4.py
[2022-11-06T03:14:48.489+0200] {logging_mixin.py:120} INFO - [2022-11-06T03:14:48.489+0200] {dagbag.py:342} ERROR - Failed to import: /Users/mnagy99/airflow/dags/lesson3/exercise4.py
Traceback (most recent call last):
  File "/Users/mnagy99/opt/anaconda3/envs/airflow-env/lib/python3.8/site-packages/airflow/models/dagbag.py", line 338, in parse
    loader.exec_module(new_module)
  File "<frozen importlib._bootstrap_external>", line 843, in exec_module
  File "<frozen importlib._bootstrap>", line 219, in _call_with_frames_removed
  File "/Users/mnagy99/airflow/dags/lesson3/exercise4.py", line 13, in <module>
    from operators.facts_calculator import FactsCalculatorOperator
  File "/Users/mnagy99/airflow/plugins/operators/__init__.py", line 1, in <module>
    from operators.stage_redshift import StageToRedshiftOperator
  File "/Users/mnagy99/airflow/plugins/operators/stage_redshift.py", line 95
    self.json
    ^
SyntaxError: invalid syntax
[2022-11-06T03:14:48.490+0200] {processor.py:768} WARNING - No viable dags retrieved from /Users/mnagy99/airflow/dags/lesson3/exercise4.py
[2022-11-06T03:14:48.599+0200] {processor.py:176} INFO - Processing /Users/mnagy99/airflow/dags/lesson3/exercise4.py took 0.129 seconds
[2022-11-06T03:18:43.287+0200] {processor.py:154} INFO - Started process (PID=6793) to work on /Users/mnagy99/airflow/dags/lesson3/exercise4.py
[2022-11-06T03:18:43.288+0200] {processor.py:756} INFO - Processing file /Users/mnagy99/airflow/dags/lesson3/exercise4.py for tasks to queue
[2022-11-06T03:18:43.288+0200] {logging_mixin.py:120} INFO - [2022-11-06T03:18:43.288+0200] {dagbag.py:537} INFO - Filling up the DagBag from /Users/mnagy99/airflow/dags/lesson3/exercise4.py
[2022-11-06T03:18:43.303+0200] {logging_mixin.py:120} INFO - [2022-11-06T03:18:43.303+0200] {dagbag.py:342} ERROR - Failed to import: /Users/mnagy99/airflow/dags/lesson3/exercise4.py
Traceback (most recent call last):
  File "/Users/mnagy99/opt/anaconda3/envs/airflow-env/lib/python3.8/site-packages/airflow/models/dagbag.py", line 338, in parse
    loader.exec_module(new_module)
  File "<frozen importlib._bootstrap_external>", line 843, in exec_module
  File "<frozen importlib._bootstrap>", line 219, in _call_with_frames_removed
  File "/Users/mnagy99/airflow/dags/lesson3/exercise4.py", line 13, in <module>
    from operators.facts_calculator import FactsCalculatorOperator
  File "/Users/mnagy99/airflow/plugins/operators/__init__.py", line 1, in <module>
    from operators.stage_redshift import StageToRedshiftOperator
  File "/Users/mnagy99/airflow/plugins/operators/stage_redshift.py", line 95
    self.json
    ^
SyntaxError: invalid syntax
[2022-11-06T03:18:43.304+0200] {processor.py:768} WARNING - No viable dags retrieved from /Users/mnagy99/airflow/dags/lesson3/exercise4.py
[2022-11-06T03:18:43.415+0200] {processor.py:176} INFO - Processing /Users/mnagy99/airflow/dags/lesson3/exercise4.py took 0.129 seconds
[2022-11-06T03:22:47.498+0200] {processor.py:154} INFO - Started process (PID=7050) to work on /Users/mnagy99/airflow/dags/lesson3/exercise4.py
[2022-11-06T03:22:47.501+0200] {processor.py:756} INFO - Processing file /Users/mnagy99/airflow/dags/lesson3/exercise4.py for tasks to queue
[2022-11-06T03:22:47.501+0200] {logging_mixin.py:120} INFO - [2022-11-06T03:22:47.501+0200] {dagbag.py:537} INFO - Filling up the DagBag from /Users/mnagy99/airflow/dags/lesson3/exercise4.py
[2022-11-06T03:22:47.516+0200] {logging_mixin.py:120} INFO - [2022-11-06T03:22:47.515+0200] {dagbag.py:342} ERROR - Failed to import: /Users/mnagy99/airflow/dags/lesson3/exercise4.py
Traceback (most recent call last):
  File "/Users/mnagy99/opt/anaconda3/envs/airflow-env/lib/python3.8/site-packages/airflow/models/dagbag.py", line 338, in parse
    loader.exec_module(new_module)
  File "<frozen importlib._bootstrap_external>", line 843, in exec_module
  File "<frozen importlib._bootstrap>", line 219, in _call_with_frames_removed
  File "/Users/mnagy99/airflow/dags/lesson3/exercise4.py", line 13, in <module>
    from operators.facts_calculator import FactsCalculatorOperator
  File "/Users/mnagy99/airflow/plugins/operators/__init__.py", line 1, in <module>
    from operators.stage_redshift import StageToRedshiftOperator
  File "/Users/mnagy99/airflow/plugins/operators/stage_redshift.py", line 95
    self.json
    ^
SyntaxError: invalid syntax
[2022-11-06T03:22:47.516+0200] {processor.py:768} WARNING - No viable dags retrieved from /Users/mnagy99/airflow/dags/lesson3/exercise4.py
[2022-11-06T03:22:47.631+0200] {processor.py:176} INFO - Processing /Users/mnagy99/airflow/dags/lesson3/exercise4.py took 0.133 seconds
[2022-11-06T03:26:42.788+0200] {processor.py:154} INFO - Started process (PID=7316) to work on /Users/mnagy99/airflow/dags/lesson3/exercise4.py
[2022-11-06T03:26:42.789+0200] {processor.py:756} INFO - Processing file /Users/mnagy99/airflow/dags/lesson3/exercise4.py for tasks to queue
[2022-11-06T03:26:42.790+0200] {logging_mixin.py:120} INFO - [2022-11-06T03:26:42.789+0200] {dagbag.py:537} INFO - Filling up the DagBag from /Users/mnagy99/airflow/dags/lesson3/exercise4.py
[2022-11-06T03:26:42.804+0200] {logging_mixin.py:120} INFO - [2022-11-06T03:26:42.803+0200] {dagbag.py:342} ERROR - Failed to import: /Users/mnagy99/airflow/dags/lesson3/exercise4.py
Traceback (most recent call last):
  File "/Users/mnagy99/opt/anaconda3/envs/airflow-env/lib/python3.8/site-packages/airflow/models/dagbag.py", line 338, in parse
    loader.exec_module(new_module)
  File "<frozen importlib._bootstrap_external>", line 843, in exec_module
  File "<frozen importlib._bootstrap>", line 219, in _call_with_frames_removed
  File "/Users/mnagy99/airflow/dags/lesson3/exercise4.py", line 13, in <module>
    from operators.facts_calculator import FactsCalculatorOperator
  File "/Users/mnagy99/airflow/plugins/operators/__init__.py", line 1, in <module>
    from operators.stage_redshift import StageToRedshiftOperator
  File "/Users/mnagy99/airflow/plugins/operators/stage_redshift.py", line 95
    self.json
    ^
SyntaxError: invalid syntax
[2022-11-06T03:26:42.804+0200] {processor.py:768} WARNING - No viable dags retrieved from /Users/mnagy99/airflow/dags/lesson3/exercise4.py
[2022-11-06T03:26:42.931+0200] {processor.py:176} INFO - Processing /Users/mnagy99/airflow/dags/lesson3/exercise4.py took 0.144 seconds
[2022-11-06T03:30:43.555+0200] {processor.py:154} INFO - Started process (PID=7567) to work on /Users/mnagy99/airflow/dags/lesson3/exercise4.py
[2022-11-06T03:30:43.557+0200] {processor.py:756} INFO - Processing file /Users/mnagy99/airflow/dags/lesson3/exercise4.py for tasks to queue
[2022-11-06T03:30:43.558+0200] {logging_mixin.py:120} INFO - [2022-11-06T03:30:43.558+0200] {dagbag.py:537} INFO - Filling up the DagBag from /Users/mnagy99/airflow/dags/lesson3/exercise4.py
[2022-11-06T03:30:43.574+0200] {logging_mixin.py:120} INFO - [2022-11-06T03:30:43.573+0200] {dagbag.py:342} ERROR - Failed to import: /Users/mnagy99/airflow/dags/lesson3/exercise4.py
Traceback (most recent call last):
  File "/Users/mnagy99/opt/anaconda3/envs/airflow-env/lib/python3.8/site-packages/airflow/models/dagbag.py", line 338, in parse
    loader.exec_module(new_module)
  File "<frozen importlib._bootstrap_external>", line 843, in exec_module
  File "<frozen importlib._bootstrap>", line 219, in _call_with_frames_removed
  File "/Users/mnagy99/airflow/dags/lesson3/exercise4.py", line 13, in <module>
    from operators.facts_calculator import FactsCalculatorOperator
  File "/Users/mnagy99/airflow/plugins/operators/__init__.py", line 1, in <module>
    from operators.stage_redshift import StageToRedshiftOperator
  File "/Users/mnagy99/airflow/plugins/operators/stage_redshift.py", line 95
    self.json
    ^
SyntaxError: invalid syntax
[2022-11-06T03:30:43.574+0200] {processor.py:768} WARNING - No viable dags retrieved from /Users/mnagy99/airflow/dags/lesson3/exercise4.py
[2022-11-06T03:30:43.694+0200] {processor.py:176} INFO - Processing /Users/mnagy99/airflow/dags/lesson3/exercise4.py took 0.140 seconds
[2022-11-06T03:35:01.384+0200] {processor.py:154} INFO - Started process (PID=7875) to work on /Users/mnagy99/airflow/dags/lesson3/exercise4.py
[2022-11-06T03:35:01.387+0200] {processor.py:756} INFO - Processing file /Users/mnagy99/airflow/dags/lesson3/exercise4.py for tasks to queue
[2022-11-06T03:35:01.387+0200] {logging_mixin.py:120} INFO - [2022-11-06T03:35:01.387+0200] {dagbag.py:537} INFO - Filling up the DagBag from /Users/mnagy99/airflow/dags/lesson3/exercise4.py
[2022-11-06T03:35:01.587+0200] {processor.py:766} INFO - DAG(s) dict_keys(['lesson3.exercise4']) retrieved from /Users/mnagy99/airflow/dags/lesson3/exercise4.py
[2022-11-06T03:35:02.614+0200] {logging_mixin.py:120} INFO - [2022-11-06T03:35:02.614+0200] {dag.py:2585} INFO - Sync 1 DAGs
[2022-11-06T03:35:02.629+0200] {logging_mixin.py:120} INFO - [2022-11-06T03:35:02.629+0200] {dag.py:3336} INFO - Setting next_dagrun for lesson3.exercise4 to 2022-11-06T01:35:01.580304+00:00, run_after=2022-11-07T01:35:01.580304+00:00
[2022-11-06T03:35:02.651+0200] {processor.py:176} INFO - Processing /Users/mnagy99/airflow/dags/lesson3/exercise4.py took 1.267 seconds
[2022-11-06T03:39:05.626+0200] {processor.py:154} INFO - Started process (PID=8126) to work on /Users/mnagy99/airflow/dags/lesson3/exercise4.py
[2022-11-06T03:39:05.629+0200] {processor.py:756} INFO - Processing file /Users/mnagy99/airflow/dags/lesson3/exercise4.py for tasks to queue
[2022-11-06T03:39:05.629+0200] {logging_mixin.py:120} INFO - [2022-11-06T03:39:05.629+0200] {dagbag.py:537} INFO - Filling up the DagBag from /Users/mnagy99/airflow/dags/lesson3/exercise4.py
[2022-11-06T03:39:05.798+0200] {processor.py:766} INFO - DAG(s) dict_keys(['lesson3.exercise4']) retrieved from /Users/mnagy99/airflow/dags/lesson3/exercise4.py
[2022-11-06T03:39:06.740+0200] {logging_mixin.py:120} INFO - [2022-11-06T03:39:06.740+0200] {dag.py:2585} INFO - Sync 1 DAGs
[2022-11-06T03:39:06.753+0200] {logging_mixin.py:120} INFO - [2022-11-06T03:39:06.753+0200] {dag.py:3336} INFO - Setting next_dagrun for lesson3.exercise4 to 2022-11-06T01:39:05.792202+00:00, run_after=2022-11-07T01:39:05.792202+00:00
[2022-11-06T03:39:06.772+0200] {processor.py:176} INFO - Processing /Users/mnagy99/airflow/dags/lesson3/exercise4.py took 1.146 seconds
[2022-11-06T03:43:02.614+0200] {processor.py:154} INFO - Started process (PID=8367) to work on /Users/mnagy99/airflow/dags/lesson3/exercise4.py
[2022-11-06T03:43:02.616+0200] {processor.py:756} INFO - Processing file /Users/mnagy99/airflow/dags/lesson3/exercise4.py for tasks to queue
[2022-11-06T03:43:02.617+0200] {logging_mixin.py:120} INFO - [2022-11-06T03:43:02.617+0200] {dagbag.py:537} INFO - Filling up the DagBag from /Users/mnagy99/airflow/dags/lesson3/exercise4.py
[2022-11-06T03:43:02.778+0200] {processor.py:766} INFO - DAG(s) dict_keys(['lesson3.exercise4']) retrieved from /Users/mnagy99/airflow/dags/lesson3/exercise4.py
[2022-11-06T03:43:03.822+0200] {logging_mixin.py:120} INFO - [2022-11-06T03:43:03.822+0200] {dag.py:2585} INFO - Sync 1 DAGs
[2022-11-06T03:43:03.838+0200] {logging_mixin.py:120} INFO - [2022-11-06T03:43:03.837+0200] {dag.py:3336} INFO - Setting next_dagrun for lesson3.exercise4 to 2022-11-06T01:43:02.772942+00:00, run_after=2022-11-07T01:43:02.772942+00:00
[2022-11-06T03:43:03.855+0200] {processor.py:176} INFO - Processing /Users/mnagy99/airflow/dags/lesson3/exercise4.py took 1.241 seconds
[2022-11-06T03:47:08.064+0200] {processor.py:154} INFO - Started process (PID=8636) to work on /Users/mnagy99/airflow/dags/lesson3/exercise4.py
[2022-11-06T03:47:08.066+0200] {processor.py:756} INFO - Processing file /Users/mnagy99/airflow/dags/lesson3/exercise4.py for tasks to queue
[2022-11-06T03:47:08.066+0200] {logging_mixin.py:120} INFO - [2022-11-06T03:47:08.066+0200] {dagbag.py:537} INFO - Filling up the DagBag from /Users/mnagy99/airflow/dags/lesson3/exercise4.py
[2022-11-06T03:47:08.270+0200] {processor.py:766} INFO - DAG(s) dict_keys(['lesson3.exercise4']) retrieved from /Users/mnagy99/airflow/dags/lesson3/exercise4.py
[2022-11-06T03:47:09.506+0200] {logging_mixin.py:120} INFO - [2022-11-06T03:47:09.505+0200] {dag.py:2585} INFO - Sync 1 DAGs
[2022-11-06T03:47:09.524+0200] {logging_mixin.py:120} INFO - [2022-11-06T03:47:09.524+0200] {dag.py:3336} INFO - Setting next_dagrun for lesson3.exercise4 to 2022-11-06T01:47:08.256212+00:00, run_after=2022-11-07T01:47:08.256212+00:00
[2022-11-06T03:47:09.541+0200] {processor.py:176} INFO - Processing /Users/mnagy99/airflow/dags/lesson3/exercise4.py took 1.478 seconds
[2022-11-06T03:51:17.538+0200] {processor.py:154} INFO - Started process (PID=8882) to work on /Users/mnagy99/airflow/dags/lesson3/exercise4.py
[2022-11-06T03:51:17.539+0200] {processor.py:756} INFO - Processing file /Users/mnagy99/airflow/dags/lesson3/exercise4.py for tasks to queue
[2022-11-06T03:51:17.540+0200] {logging_mixin.py:120} INFO - [2022-11-06T03:51:17.540+0200] {dagbag.py:537} INFO - Filling up the DagBag from /Users/mnagy99/airflow/dags/lesson3/exercise4.py
[2022-11-06T03:51:17.705+0200] {processor.py:766} INFO - DAG(s) dict_keys(['lesson3.exercise4']) retrieved from /Users/mnagy99/airflow/dags/lesson3/exercise4.py
[2022-11-06T03:51:18.666+0200] {logging_mixin.py:120} INFO - [2022-11-06T03:51:18.666+0200] {dag.py:2585} INFO - Sync 1 DAGs
[2022-11-06T03:51:18.684+0200] {logging_mixin.py:120} INFO - [2022-11-06T03:51:18.683+0200] {dag.py:3336} INFO - Setting next_dagrun for lesson3.exercise4 to 2022-11-06T01:51:17.698752+00:00, run_after=2022-11-07T01:51:17.698752+00:00
[2022-11-06T03:51:18.700+0200] {processor.py:176} INFO - Processing /Users/mnagy99/airflow/dags/lesson3/exercise4.py took 1.163 seconds
[2022-11-06T03:55:48.843+0200] {processor.py:154} INFO - Started process (PID=9159) to work on /Users/mnagy99/airflow/dags/lesson3/exercise4.py
[2022-11-06T03:55:48.844+0200] {processor.py:756} INFO - Processing file /Users/mnagy99/airflow/dags/lesson3/exercise4.py for tasks to queue
[2022-11-06T03:55:48.845+0200] {logging_mixin.py:120} INFO - [2022-11-06T03:55:48.845+0200] {dagbag.py:537} INFO - Filling up the DagBag from /Users/mnagy99/airflow/dags/lesson3/exercise4.py
[2022-11-06T03:55:49.083+0200] {processor.py:766} INFO - DAG(s) dict_keys(['lesson3.exercise4']) retrieved from /Users/mnagy99/airflow/dags/lesson3/exercise4.py
[2022-11-06T03:55:50.495+0200] {logging_mixin.py:120} INFO - [2022-11-06T03:55:50.494+0200] {dag.py:2585} INFO - Sync 1 DAGs
[2022-11-06T03:55:50.509+0200] {logging_mixin.py:120} INFO - [2022-11-06T03:55:50.508+0200] {dag.py:3336} INFO - Setting next_dagrun for lesson3.exercise4 to 2022-11-06T01:55:49.074590+00:00, run_after=2022-11-07T01:55:49.074590+00:00
[2022-11-06T03:55:50.526+0200] {processor.py:176} INFO - Processing /Users/mnagy99/airflow/dags/lesson3/exercise4.py took 1.683 seconds
[2022-11-06T04:00:16.885+0200] {processor.py:154} INFO - Started process (PID=9425) to work on /Users/mnagy99/airflow/dags/lesson3/exercise4.py
[2022-11-06T04:00:16.887+0200] {processor.py:756} INFO - Processing file /Users/mnagy99/airflow/dags/lesson3/exercise4.py for tasks to queue
[2022-11-06T04:00:16.888+0200] {logging_mixin.py:120} INFO - [2022-11-06T04:00:16.888+0200] {dagbag.py:537} INFO - Filling up the DagBag from /Users/mnagy99/airflow/dags/lesson3/exercise4.py
[2022-11-06T04:00:17.064+0200] {processor.py:766} INFO - DAG(s) dict_keys(['lesson3.exercise4']) retrieved from /Users/mnagy99/airflow/dags/lesson3/exercise4.py
[2022-11-06T04:00:18.460+0200] {logging_mixin.py:120} INFO - [2022-11-06T04:00:18.460+0200] {dag.py:2585} INFO - Sync 1 DAGs
[2022-11-06T04:00:18.474+0200] {logging_mixin.py:120} INFO - [2022-11-06T04:00:18.474+0200] {dag.py:3336} INFO - Setting next_dagrun for lesson3.exercise4 to 2022-11-06T02:00:17.058111+00:00, run_after=2022-11-07T02:00:17.058111+00:00
[2022-11-06T04:00:18.492+0200] {processor.py:176} INFO - Processing /Users/mnagy99/airflow/dags/lesson3/exercise4.py took 1.608 seconds
[2022-11-06T04:02:38.381+0200] {processor.py:154} INFO - Started process (PID=9576) to work on /Users/mnagy99/airflow/dags/lesson3/exercise4.py
[2022-11-06T04:02:38.383+0200] {processor.py:756} INFO - Processing file /Users/mnagy99/airflow/dags/lesson3/exercise4.py for tasks to queue
[2022-11-06T04:02:38.384+0200] {logging_mixin.py:120} INFO - [2022-11-06T04:02:38.384+0200] {dagbag.py:537} INFO - Filling up the DagBag from /Users/mnagy99/airflow/dags/lesson3/exercise4.py
[2022-11-06T04:02:38.555+0200] {processor.py:766} INFO - DAG(s) dict_keys(['lesson3.exercise4']) retrieved from /Users/mnagy99/airflow/dags/lesson3/exercise4.py
[2022-11-06T04:02:39.578+0200] {logging_mixin.py:120} INFO - [2022-11-06T04:02:39.577+0200] {dag.py:2585} INFO - Sync 1 DAGs
[2022-11-06T04:02:39.593+0200] {logging_mixin.py:120} INFO - [2022-11-06T04:02:39.593+0200] {dag.py:3336} INFO - Setting next_dagrun for lesson3.exercise4 to 2022-11-06T02:02:38.549691+00:00, run_after=2022-11-07T02:02:38.549691+00:00
[2022-11-06T04:02:39.613+0200] {processor.py:176} INFO - Processing /Users/mnagy99/airflow/dags/lesson3/exercise4.py took 1.233 seconds
[2022-11-06T04:04:57.605+0200] {processor.py:154} INFO - Started process (PID=9722) to work on /Users/mnagy99/airflow/dags/lesson3/exercise4.py
[2022-11-06T04:04:57.606+0200] {processor.py:756} INFO - Processing file /Users/mnagy99/airflow/dags/lesson3/exercise4.py for tasks to queue
[2022-11-06T04:04:57.606+0200] {logging_mixin.py:120} INFO - [2022-11-06T04:04:57.606+0200] {dagbag.py:537} INFO - Filling up the DagBag from /Users/mnagy99/airflow/dags/lesson3/exercise4.py
[2022-11-06T04:04:57.872+0200] {processor.py:766} INFO - DAG(s) dict_keys(['lesson3.exercise4']) retrieved from /Users/mnagy99/airflow/dags/lesson3/exercise4.py
[2022-11-06T04:04:58.963+0200] {logging_mixin.py:120} INFO - [2022-11-06T04:04:58.963+0200] {dag.py:2585} INFO - Sync 1 DAGs
[2022-11-06T04:04:58.976+0200] {logging_mixin.py:120} INFO - [2022-11-06T04:04:58.976+0200] {dag.py:3336} INFO - Setting next_dagrun for lesson3.exercise4 to 2022-11-06T02:04:57.864437+00:00, run_after=2022-11-07T02:04:57.864437+00:00
[2022-11-06T04:04:58.995+0200] {processor.py:176} INFO - Processing /Users/mnagy99/airflow/dags/lesson3/exercise4.py took 1.391 seconds
[2022-11-06T04:09:38.335+0200] {processor.py:154} INFO - Started process (PID=10010) to work on /Users/mnagy99/airflow/dags/lesson3/exercise4.py
[2022-11-06T04:09:38.338+0200] {processor.py:756} INFO - Processing file /Users/mnagy99/airflow/dags/lesson3/exercise4.py for tasks to queue
[2022-11-06T04:09:38.338+0200] {logging_mixin.py:120} INFO - [2022-11-06T04:09:38.338+0200] {dagbag.py:537} INFO - Filling up the DagBag from /Users/mnagy99/airflow/dags/lesson3/exercise4.py
[2022-11-06T04:09:38.506+0200] {processor.py:766} INFO - DAG(s) dict_keys(['lesson3.exercise4']) retrieved from /Users/mnagy99/airflow/dags/lesson3/exercise4.py
[2022-11-06T04:09:39.442+0200] {logging_mixin.py:120} INFO - [2022-11-06T04:09:39.442+0200] {dag.py:2585} INFO - Sync 1 DAGs
[2022-11-06T04:09:39.455+0200] {logging_mixin.py:120} INFO - [2022-11-06T04:09:39.455+0200] {dag.py:3336} INFO - Setting next_dagrun for lesson3.exercise4 to 2022-11-06T02:09:38.499849+00:00, run_after=2022-11-07T02:09:38.499849+00:00
[2022-11-06T04:09:39.473+0200] {processor.py:176} INFO - Processing /Users/mnagy99/airflow/dags/lesson3/exercise4.py took 1.139 seconds
[2022-11-06T04:14:04.664+0200] {processor.py:154} INFO - Started process (PID=10300) to work on /Users/mnagy99/airflow/dags/lesson3/exercise4.py
[2022-11-06T04:14:04.667+0200] {processor.py:756} INFO - Processing file /Users/mnagy99/airflow/dags/lesson3/exercise4.py for tasks to queue
[2022-11-06T04:14:04.667+0200] {logging_mixin.py:120} INFO - [2022-11-06T04:14:04.667+0200] {dagbag.py:537} INFO - Filling up the DagBag from /Users/mnagy99/airflow/dags/lesson3/exercise4.py
[2022-11-06T04:14:04.844+0200] {processor.py:766} INFO - DAG(s) dict_keys(['lesson3.exercise4']) retrieved from /Users/mnagy99/airflow/dags/lesson3/exercise4.py
[2022-11-06T04:14:05.828+0200] {logging_mixin.py:120} INFO - [2022-11-06T04:14:05.828+0200] {dag.py:2585} INFO - Sync 1 DAGs
[2022-11-06T04:14:05.842+0200] {logging_mixin.py:120} INFO - [2022-11-06T04:14:05.842+0200] {dag.py:3336} INFO - Setting next_dagrun for lesson3.exercise4 to 2022-11-06T02:14:04.837404+00:00, run_after=2022-11-07T02:14:04.837404+00:00
[2022-11-06T04:14:05.860+0200] {processor.py:176} INFO - Processing /Users/mnagy99/airflow/dags/lesson3/exercise4.py took 1.196 seconds
[2022-11-06T04:18:28.422+0200] {processor.py:154} INFO - Started process (PID=10560) to work on /Users/mnagy99/airflow/dags/lesson3/exercise4.py
[2022-11-06T04:18:28.425+0200] {processor.py:756} INFO - Processing file /Users/mnagy99/airflow/dags/lesson3/exercise4.py for tasks to queue
[2022-11-06T04:18:28.426+0200] {logging_mixin.py:120} INFO - [2022-11-06T04:18:28.426+0200] {dagbag.py:537} INFO - Filling up the DagBag from /Users/mnagy99/airflow/dags/lesson3/exercise4.py
[2022-11-06T04:18:28.611+0200] {processor.py:766} INFO - DAG(s) dict_keys(['lesson3.exercise4']) retrieved from /Users/mnagy99/airflow/dags/lesson3/exercise4.py
[2022-11-06T04:18:29.603+0200] {logging_mixin.py:120} INFO - [2022-11-06T04:18:29.603+0200] {dag.py:2585} INFO - Sync 1 DAGs
[2022-11-06T04:18:29.617+0200] {logging_mixin.py:120} INFO - [2022-11-06T04:18:29.616+0200] {dag.py:3336} INFO - Setting next_dagrun for lesson3.exercise4 to 2022-11-06T02:18:28.604899+00:00, run_after=2022-11-07T02:18:28.604899+00:00
[2022-11-06T04:18:29.635+0200] {processor.py:176} INFO - Processing /Users/mnagy99/airflow/dags/lesson3/exercise4.py took 1.214 seconds
