[2022-11-06T04:00:47.807+0200] {taskinstance.py:1165} INFO - Dependencies all met for <TaskInstance: udac_example_dag.Stage_songs scheduled__2019-01-12T05:00:00+00:00 [queued]>
[2022-11-06T04:00:47.814+0200] {taskinstance.py:1165} INFO - Dependencies all met for <TaskInstance: udac_example_dag.Stage_songs scheduled__2019-01-12T05:00:00+00:00 [queued]>
[2022-11-06T04:00:47.814+0200] {taskinstance.py:1362} INFO - 
--------------------------------------------------------------------------------
[2022-11-06T04:00:47.814+0200] {taskinstance.py:1363} INFO - Starting attempt 3 of 4
[2022-11-06T04:00:47.814+0200] {taskinstance.py:1364} INFO - 
--------------------------------------------------------------------------------
[2022-11-06T04:00:47.823+0200] {taskinstance.py:1383} INFO - Executing <Task(StageToRedshiftOperator): Stage_songs> on 2019-01-12 05:00:00+00:00
[2022-11-06T04:00:47.825+0200] {standard_task_runner.py:55} INFO - Started process 9452 to run task
[2022-11-06T04:00:47.830+0200] {standard_task_runner.py:82} INFO - Running: ['airflow', 'tasks', 'run', 'udac_example_dag', 'Stage_songs', 'scheduled__2019-01-12T05:00:00+00:00', '--job-id', '50', '--raw', '--subdir', 'DAGS_FOLDER/project/udac_example_dag.py', '--cfg-path', '/var/folders/sp/0_qfxj196m7gs6tyf69417g00000gn/T/tmpj15_sjku']
[2022-11-06T04:00:47.832+0200] {standard_task_runner.py:83} INFO - Job 50: Subtask Stage_songs
[2022-11-06T04:00:47.872+0200] {task_command.py:376} INFO - Running <TaskInstance: udac_example_dag.Stage_songs scheduled__2019-01-12T05:00:00+00:00 [running]> on host mahmouds-macbook-pro.local
[2022-11-06T04:00:47.911+0200] {taskinstance.py:1590} INFO - Exporting the following env vars:
AIRFLOW_CTX_DAG_OWNER=udacity
AIRFLOW_CTX_DAG_ID=udac_example_dag
AIRFLOW_CTX_TASK_ID=Stage_songs
AIRFLOW_CTX_EXECUTION_DATE=2019-01-12T05:00:00+00:00
AIRFLOW_CTX_TRY_NUMBER=3
AIRFLOW_CTX_DAG_RUN_ID=scheduled__2019-01-12T05:00:00+00:00
[2022-11-06T04:00:47.915+0200] {base.py:71} INFO - Using connection ID 'aws_credentials' for task execution.
[2022-11-06T04:00:47.916+0200] {connection_wrapper.py:303} INFO - AWS Connection (conn_id='aws_credentials', conn_type='aws') credentials retrieved from login and password.
[2022-11-06T04:00:47.927+0200] {stage_redshift.py:78} INFO - Clearing data destination Redshift table
[2022-11-06T04:00:47.929+0200] {base.py:71} INFO - Using connection ID 'redshift' for task execution.
[2022-11-06T04:00:49.560+0200] {sql.py:315} INFO - Running statement: TRUNCATE TABLE staging_songs, parameters: None
[2022-11-06T04:00:50.403+0200] {stage_redshift.py:85} INFO - Copying data from s3 to Redshift
[2022-11-06T04:00:50.411+0200] {logging_mixin.py:120} WARNING - /Users/mnagy99/opt/anaconda3/envs/airflow-env/lib/python3.8/site-packages/airflow/utils/context.py:204 AirflowContextDeprecationWarning: Accessing 'execution_date' from the template is deprecated and will be removed in a future version. Please use 'data_interval_start' or 'logical_date' instead.
[2022-11-06T04:00:50.412+0200] {logging_mixin.py:120} WARNING - /Users/mnagy99/opt/anaconda3/envs/airflow-env/lib/python3.8/site-packages/airflow/utils/context.py:204 AirflowContextDeprecationWarning: Accessing 'next_ds' from the template is deprecated and will be removed in a future version. Please use '{{ data_interval_end | ds }}' instead.
[2022-11-06T04:00:50.413+0200] {logging_mixin.py:120} WARNING - /Users/mnagy99/opt/anaconda3/envs/airflow-env/lib/python3.8/site-packages/airflow/utils/context.py:204 AirflowContextDeprecationWarning: Accessing 'next_ds_nodash' from the template is deprecated and will be removed in a future version. Please use '{{ data_interval_end | ds_nodash }}' instead.
[2022-11-06T04:00:50.414+0200] {logging_mixin.py:120} WARNING - /Users/mnagy99/opt/anaconda3/envs/airflow-env/lib/python3.8/site-packages/airflow/utils/context.py:204 AirflowContextDeprecationWarning: Accessing 'next_execution_date' from the template is deprecated and will be removed in a future version. Please use 'data_interval_end' instead.
[2022-11-06T04:00:50.415+0200] {logging_mixin.py:120} WARNING - /Users/mnagy99/opt/anaconda3/envs/airflow-env/lib/python3.8/site-packages/airflow/utils/context.py:204 AirflowContextDeprecationWarning: Accessing 'prev_ds' from the template is deprecated and will be removed in a future version.
[2022-11-06T04:00:50.416+0200] {logging_mixin.py:120} WARNING - /Users/mnagy99/opt/anaconda3/envs/airflow-env/lib/python3.8/site-packages/airflow/utils/context.py:204 AirflowContextDeprecationWarning: Accessing 'prev_ds_nodash' from the template is deprecated and will be removed in a future version.
[2022-11-06T04:00:50.417+0200] {logging_mixin.py:120} WARNING - /Users/mnagy99/opt/anaconda3/envs/airflow-env/lib/python3.8/site-packages/airflow/utils/context.py:204 AirflowContextDeprecationWarning: Accessing 'prev_execution_date' from the template is deprecated and will be removed in a future version.
[2022-11-06T04:00:50.418+0200] {logging_mixin.py:120} WARNING - /Users/mnagy99/opt/anaconda3/envs/airflow-env/lib/python3.8/site-packages/airflow/utils/context.py:204 AirflowContextDeprecationWarning: Accessing 'prev_execution_date_success' from the template is deprecated and will be removed in a future version. Please use 'prev_data_interval_start_success' instead.
[2022-11-06T04:00:50.419+0200] {logging_mixin.py:120} WARNING - /Users/mnagy99/opt/anaconda3/envs/airflow-env/lib/python3.8/site-packages/airflow/utils/context.py:204 AirflowContextDeprecationWarning: Accessing 'tomorrow_ds' from the template is deprecated and will be removed in a future version.
[2022-11-06T04:00:50.419+0200] {logging_mixin.py:120} WARNING - /Users/mnagy99/opt/anaconda3/envs/airflow-env/lib/python3.8/site-packages/airflow/utils/context.py:204 AirflowContextDeprecationWarning: Accessing 'tomorrow_ds_nodash' from the template is deprecated and will be removed in a future version.
[2022-11-06T04:00:50.420+0200] {logging_mixin.py:120} WARNING - /Users/mnagy99/opt/anaconda3/envs/airflow-env/lib/python3.8/site-packages/airflow/utils/context.py:204 AirflowContextDeprecationWarning: Accessing 'yesterday_ds' from the template is deprecated and will be removed in a future version.
[2022-11-06T04:00:50.421+0200] {logging_mixin.py:120} WARNING - /Users/mnagy99/opt/anaconda3/envs/airflow-env/lib/python3.8/site-packages/airflow/utils/context.py:204 AirflowContextDeprecationWarning: Accessing 'yesterday_ds_nodash' from the template is deprecated and will be removed in a future version.
[2022-11-06T04:00:50.424+0200] {base.py:71} INFO - Using connection ID 'redshift' for task execution.
[2022-11-06T04:00:52.734+0200] {sql.py:315} INFO - Running statement: 
    COPY staging_songs
    FROM 's3://udacity-dend/song-data/A/A/A'
    ACCESSS_KEY_ID 'AKIAQG756CCNWGODFBM6'
    SECRET_ACCESS_KEY '***'
    IGNOREHEADER 1
    DELIMITER ','
    JSON 'auto'
    , parameters: None
[2022-11-06T04:00:53.349+0200] {taskinstance.py:1851} ERROR - Task failed with exception
Traceback (most recent call last):
  File "/Users/mnagy99/airflow/plugins/operators/stage_redshift.py", line 97, in execute
    redshift_hook.run(formatted_sql)
  File "/Users/mnagy99/opt/anaconda3/envs/airflow-env/lib/python3.8/site-packages/airflow/providers/common/sql/hooks/sql.py", line 295, in run
    self._run_command(cur, sql_statement, parameters)
  File "/Users/mnagy99/opt/anaconda3/envs/airflow-env/lib/python3.8/site-packages/airflow/providers/common/sql/hooks/sql.py", line 320, in _run_command
    cur.execute(sql_statement)
psycopg2.errors.SyntaxError: syntax error at or near "ACCESSS_KEY_ID"
LINE 4:     ACCESSS_KEY_ID 'AKIAQG756CCNWGODFBM6'
            ^

[2022-11-06T04:00:53.357+0200] {taskinstance.py:1401} INFO - Marking task as UP_FOR_RETRY. dag_id=udac_example_dag, task_id=Stage_songs, execution_date=20190112T050000, start_date=20221106T020047, end_date=20221106T020053
[2022-11-06T04:00:53.366+0200] {standard_task_runner.py:100} ERROR - Failed to execute job 50 for task Stage_songs (syntax error at or near "ACCESSS_KEY_ID"
LINE 4:     ACCESSS_KEY_ID 'AKIAQG756CCNWGODFBM6'
            ^
; 9452)
[2022-11-06T04:00:53.387+0200] {local_task_job.py:164} INFO - Task exited with return code 1
[2022-11-06T04:00:53.409+0200] {local_task_job.py:273} INFO - 0 downstream tasks scheduled from follow-on schedule check
