[2022-11-06T02:03:36.109+0200] {processor.py:154} INFO - Started process (PID=2119) to work on /Users/mnagy99/airflow/dags/lesson2_solutions/solution3.py
[2022-11-06T02:03:36.109+0200] {processor.py:756} INFO - Processing file /Users/mnagy99/airflow/dags/lesson2_solutions/solution3.py for tasks to queue
[2022-11-06T02:03:36.110+0200] {logging_mixin.py:120} INFO - [2022-11-06T02:03:36.110+0200] {dagbag.py:537} INFO - Filling up the DagBag from /Users/mnagy99/airflow/dags/lesson2_solutions/solution3.py
[2022-11-06T02:03:36.995+0200] {processor.py:766} INFO - DAG(s) dict_keys(['lesson2.exercise3']) retrieved from /Users/mnagy99/airflow/dags/lesson2_solutions/solution3.py
[2022-11-06T02:03:37.408+0200] {logging_mixin.py:120} INFO - [2022-11-06T02:03:37.408+0200] {dag.py:2585} INFO - Sync 1 DAGs
[2022-11-06T02:03:37.426+0200] {logging_mixin.py:120} INFO - [2022-11-06T02:03:37.426+0200] {dag.py:3336} INFO - Setting next_dagrun for lesson2.exercise3 to 2018-01-01T00:00:00+00:00, run_after=2018-02-01T00:00:00+00:00
[2022-11-06T02:03:37.444+0200] {processor.py:176} INFO - Processing /Users/mnagy99/airflow/dags/lesson2_solutions/solution3.py took 1.336 seconds
[2022-11-06T02:08:11.851+0200] {processor.py:154} INFO - Started process (PID=2377) to work on /Users/mnagy99/airflow/dags/lesson2_solutions/solution3.py
[2022-11-06T02:08:11.854+0200] {processor.py:756} INFO - Processing file /Users/mnagy99/airflow/dags/lesson2_solutions/solution3.py for tasks to queue
[2022-11-06T02:08:11.854+0200] {logging_mixin.py:120} INFO - [2022-11-06T02:08:11.854+0200] {dagbag.py:537} INFO - Filling up the DagBag from /Users/mnagy99/airflow/dags/lesson2_solutions/solution3.py
[2022-11-06T02:08:12.722+0200] {processor.py:766} INFO - DAG(s) dict_keys(['lesson2.exercise3']) retrieved from /Users/mnagy99/airflow/dags/lesson2_solutions/solution3.py
[2022-11-06T02:08:13.175+0200] {logging_mixin.py:120} INFO - [2022-11-06T02:08:13.172+0200] {dag.py:2585} INFO - Sync 1 DAGs
[2022-11-06T02:08:13.198+0200] {logging_mixin.py:120} INFO - [2022-11-06T02:08:13.198+0200] {dag.py:3336} INFO - Setting next_dagrun for lesson2.exercise3 to 2018-01-01T00:00:00+00:00, run_after=2018-02-01T00:00:00+00:00
[2022-11-06T02:08:13.219+0200] {processor.py:176} INFO - Processing /Users/mnagy99/airflow/dags/lesson2_solutions/solution3.py took 1.369 seconds
[2022-11-06T02:12:41.487+0200] {processor.py:154} INFO - Started process (PID=2633) to work on /Users/mnagy99/airflow/dags/lesson2_solutions/solution3.py
[2022-11-06T02:12:41.489+0200] {processor.py:756} INFO - Processing file /Users/mnagy99/airflow/dags/lesson2_solutions/solution3.py for tasks to queue
[2022-11-06T02:12:41.490+0200] {logging_mixin.py:120} INFO - [2022-11-06T02:12:41.490+0200] {dagbag.py:537} INFO - Filling up the DagBag from /Users/mnagy99/airflow/dags/lesson2_solutions/solution3.py
[2022-11-06T02:12:42.259+0200] {processor.py:766} INFO - DAG(s) dict_keys(['lesson2.exercise3']) retrieved from /Users/mnagy99/airflow/dags/lesson2_solutions/solution3.py
[2022-11-06T02:12:42.626+0200] {logging_mixin.py:120} INFO - [2022-11-06T02:12:42.626+0200] {dag.py:2585} INFO - Sync 1 DAGs
[2022-11-06T02:12:42.642+0200] {logging_mixin.py:120} INFO - [2022-11-06T02:12:42.641+0200] {dag.py:3336} INFO - Setting next_dagrun for lesson2.exercise3 to 2018-01-01T00:00:00+00:00, run_after=2018-02-01T00:00:00+00:00
[2022-11-06T02:12:42.659+0200] {processor.py:176} INFO - Processing /Users/mnagy99/airflow/dags/lesson2_solutions/solution3.py took 1.173 seconds
[2022-11-06T02:17:17.617+0200] {processor.py:154} INFO - Started process (PID=2974) to work on /Users/mnagy99/airflow/dags/lesson2_solutions/solution3.py
[2022-11-06T02:17:17.619+0200] {processor.py:756} INFO - Processing file /Users/mnagy99/airflow/dags/lesson2_solutions/solution3.py for tasks to queue
[2022-11-06T02:17:17.620+0200] {logging_mixin.py:120} INFO - [2022-11-06T02:17:17.620+0200] {dagbag.py:537} INFO - Filling up the DagBag from /Users/mnagy99/airflow/dags/lesson2_solutions/solution3.py
[2022-11-06T02:17:18.993+0200] {processor.py:766} INFO - DAG(s) dict_keys(['lesson2.exercise3']) retrieved from /Users/mnagy99/airflow/dags/lesson2_solutions/solution3.py
[2022-11-06T02:17:19.817+0200] {logging_mixin.py:120} INFO - [2022-11-06T02:17:19.817+0200] {dag.py:2585} INFO - Sync 1 DAGs
[2022-11-06T02:17:19.833+0200] {logging_mixin.py:120} INFO - [2022-11-06T02:17:19.833+0200] {dag.py:3336} INFO - Setting next_dagrun for lesson2.exercise3 to 2018-01-01T00:00:00+00:00, run_after=2018-02-01T00:00:00+00:00
[2022-11-06T02:17:19.849+0200] {processor.py:176} INFO - Processing /Users/mnagy99/airflow/dags/lesson2_solutions/solution3.py took 2.234 seconds
[2022-11-06T02:21:37.072+0200] {processor.py:154} INFO - Started process (PID=3245) to work on /Users/mnagy99/airflow/dags/lesson2_solutions/solution3.py
[2022-11-06T02:21:37.075+0200] {processor.py:756} INFO - Processing file /Users/mnagy99/airflow/dags/lesson2_solutions/solution3.py for tasks to queue
[2022-11-06T02:21:37.075+0200] {logging_mixin.py:120} INFO - [2022-11-06T02:21:37.075+0200] {dagbag.py:537} INFO - Filling up the DagBag from /Users/mnagy99/airflow/dags/lesson2_solutions/solution3.py
[2022-11-06T02:21:38.193+0200] {processor.py:766} INFO - DAG(s) dict_keys(['lesson2.exercise3']) retrieved from /Users/mnagy99/airflow/dags/lesson2_solutions/solution3.py
[2022-11-06T02:21:38.597+0200] {logging_mixin.py:120} INFO - [2022-11-06T02:21:38.597+0200] {dag.py:2585} INFO - Sync 1 DAGs
[2022-11-06T02:21:38.612+0200] {logging_mixin.py:120} INFO - [2022-11-06T02:21:38.612+0200] {dag.py:3336} INFO - Setting next_dagrun for lesson2.exercise3 to 2018-01-01T00:00:00+00:00, run_after=2018-02-01T00:00:00+00:00
[2022-11-06T02:21:38.627+0200] {processor.py:176} INFO - Processing /Users/mnagy99/airflow/dags/lesson2_solutions/solution3.py took 1.556 seconds
[2022-11-06T02:25:58.947+0200] {processor.py:154} INFO - Started process (PID=3523) to work on /Users/mnagy99/airflow/dags/lesson2_solutions/solution3.py
[2022-11-06T02:25:58.949+0200] {processor.py:756} INFO - Processing file /Users/mnagy99/airflow/dags/lesson2_solutions/solution3.py for tasks to queue
[2022-11-06T02:25:58.949+0200] {logging_mixin.py:120} INFO - [2022-11-06T02:25:58.949+0200] {dagbag.py:537} INFO - Filling up the DagBag from /Users/mnagy99/airflow/dags/lesson2_solutions/solution3.py
[2022-11-06T02:25:59.849+0200] {processor.py:766} INFO - DAG(s) dict_keys(['lesson2.exercise3']) retrieved from /Users/mnagy99/airflow/dags/lesson2_solutions/solution3.py
[2022-11-06T02:26:00.234+0200] {logging_mixin.py:120} INFO - [2022-11-06T02:26:00.234+0200] {dag.py:2585} INFO - Sync 1 DAGs
[2022-11-06T02:26:00.251+0200] {logging_mixin.py:120} INFO - [2022-11-06T02:26:00.251+0200] {dag.py:3336} INFO - Setting next_dagrun for lesson2.exercise3 to 2018-01-01T00:00:00+00:00, run_after=2018-02-01T00:00:00+00:00
[2022-11-06T02:26:00.269+0200] {processor.py:176} INFO - Processing /Users/mnagy99/airflow/dags/lesson2_solutions/solution3.py took 1.322 seconds
[2022-11-06T02:30:23.707+0200] {processor.py:154} INFO - Started process (PID=3814) to work on /Users/mnagy99/airflow/dags/lesson2_solutions/solution3.py
[2022-11-06T02:30:23.710+0200] {processor.py:756} INFO - Processing file /Users/mnagy99/airflow/dags/lesson2_solutions/solution3.py for tasks to queue
[2022-11-06T02:30:23.710+0200] {logging_mixin.py:120} INFO - [2022-11-06T02:30:23.710+0200] {dagbag.py:537} INFO - Filling up the DagBag from /Users/mnagy99/airflow/dags/lesson2_solutions/solution3.py
[2022-11-06T02:30:24.503+0200] {processor.py:766} INFO - DAG(s) dict_keys(['lesson2.exercise3']) retrieved from /Users/mnagy99/airflow/dags/lesson2_solutions/solution3.py
[2022-11-06T02:30:24.884+0200] {logging_mixin.py:120} INFO - [2022-11-06T02:30:24.884+0200] {dag.py:2585} INFO - Sync 1 DAGs
[2022-11-06T02:30:24.903+0200] {logging_mixin.py:120} INFO - [2022-11-06T02:30:24.903+0200] {dag.py:3336} INFO - Setting next_dagrun for lesson2.exercise3 to 2018-01-01T00:00:00+00:00, run_after=2018-02-01T00:00:00+00:00
[2022-11-06T02:30:24.923+0200] {processor.py:176} INFO - Processing /Users/mnagy99/airflow/dags/lesson2_solutions/solution3.py took 1.216 seconds
[2022-11-06T02:34:47.576+0200] {processor.py:154} INFO - Started process (PID=4110) to work on /Users/mnagy99/airflow/dags/lesson2_solutions/solution3.py
[2022-11-06T02:34:47.579+0200] {processor.py:756} INFO - Processing file /Users/mnagy99/airflow/dags/lesson2_solutions/solution3.py for tasks to queue
[2022-11-06T02:34:47.579+0200] {logging_mixin.py:120} INFO - [2022-11-06T02:34:47.579+0200] {dagbag.py:537} INFO - Filling up the DagBag from /Users/mnagy99/airflow/dags/lesson2_solutions/solution3.py
[2022-11-06T02:34:48.383+0200] {processor.py:766} INFO - DAG(s) dict_keys(['lesson2.exercise3']) retrieved from /Users/mnagy99/airflow/dags/lesson2_solutions/solution3.py
[2022-11-06T02:34:48.763+0200] {logging_mixin.py:120} INFO - [2022-11-06T02:34:48.763+0200] {dag.py:2585} INFO - Sync 1 DAGs
[2022-11-06T02:34:48.778+0200] {logging_mixin.py:120} INFO - [2022-11-06T02:34:48.778+0200] {dag.py:3336} INFO - Setting next_dagrun for lesson2.exercise3 to 2018-01-01T00:00:00+00:00, run_after=2018-02-01T00:00:00+00:00
[2022-11-06T02:34:48.797+0200] {processor.py:176} INFO - Processing /Users/mnagy99/airflow/dags/lesson2_solutions/solution3.py took 1.222 seconds
[2022-11-06T02:39:08.699+0200] {processor.py:154} INFO - Started process (PID=4383) to work on /Users/mnagy99/airflow/dags/lesson2_solutions/solution3.py
[2022-11-06T02:39:08.702+0200] {processor.py:756} INFO - Processing file /Users/mnagy99/airflow/dags/lesson2_solutions/solution3.py for tasks to queue
[2022-11-06T02:39:08.702+0200] {logging_mixin.py:120} INFO - [2022-11-06T02:39:08.702+0200] {dagbag.py:537} INFO - Filling up the DagBag from /Users/mnagy99/airflow/dags/lesson2_solutions/solution3.py
[2022-11-06T02:39:09.475+0200] {processor.py:766} INFO - DAG(s) dict_keys(['lesson2.exercise3']) retrieved from /Users/mnagy99/airflow/dags/lesson2_solutions/solution3.py
[2022-11-06T02:39:09.847+0200] {logging_mixin.py:120} INFO - [2022-11-06T02:39:09.847+0200] {dag.py:2585} INFO - Sync 1 DAGs
[2022-11-06T02:39:09.862+0200] {logging_mixin.py:120} INFO - [2022-11-06T02:39:09.862+0200] {dag.py:3336} INFO - Setting next_dagrun for lesson2.exercise3 to 2018-01-01T00:00:00+00:00, run_after=2018-02-01T00:00:00+00:00
[2022-11-06T02:39:09.880+0200] {processor.py:176} INFO - Processing /Users/mnagy99/airflow/dags/lesson2_solutions/solution3.py took 1.181 seconds
[2022-11-06T02:43:56.652+0200] {processor.py:154} INFO - Started process (PID=4689) to work on /Users/mnagy99/airflow/dags/lesson2_solutions/solution3.py
[2022-11-06T02:43:56.654+0200] {processor.py:756} INFO - Processing file /Users/mnagy99/airflow/dags/lesson2_solutions/solution3.py for tasks to queue
[2022-11-06T02:43:56.655+0200] {logging_mixin.py:120} INFO - [2022-11-06T02:43:56.655+0200] {dagbag.py:537} INFO - Filling up the DagBag from /Users/mnagy99/airflow/dags/lesson2_solutions/solution3.py
[2022-11-06T02:43:57.797+0200] {processor.py:766} INFO - DAG(s) dict_keys(['lesson2.exercise3']) retrieved from /Users/mnagy99/airflow/dags/lesson2_solutions/solution3.py
[2022-11-06T02:43:58.222+0200] {logging_mixin.py:120} INFO - [2022-11-06T02:43:58.222+0200] {dag.py:2585} INFO - Sync 1 DAGs
[2022-11-06T02:43:58.240+0200] {logging_mixin.py:120} INFO - [2022-11-06T02:43:58.240+0200] {dag.py:3336} INFO - Setting next_dagrun for lesson2.exercise3 to 2018-01-01T00:00:00+00:00, run_after=2018-02-01T00:00:00+00:00
[2022-11-06T02:43:58.259+0200] {processor.py:176} INFO - Processing /Users/mnagy99/airflow/dags/lesson2_solutions/solution3.py took 1.608 seconds
[2022-11-06T02:48:22.440+0200] {processor.py:154} INFO - Started process (PID=4957) to work on /Users/mnagy99/airflow/dags/lesson2_solutions/solution3.py
[2022-11-06T02:48:22.442+0200] {processor.py:756} INFO - Processing file /Users/mnagy99/airflow/dags/lesson2_solutions/solution3.py for tasks to queue
[2022-11-06T02:48:22.443+0200] {logging_mixin.py:120} INFO - [2022-11-06T02:48:22.443+0200] {dagbag.py:537} INFO - Filling up the DagBag from /Users/mnagy99/airflow/dags/lesson2_solutions/solution3.py
[2022-11-06T02:48:23.208+0200] {processor.py:766} INFO - DAG(s) dict_keys(['lesson2.exercise3']) retrieved from /Users/mnagy99/airflow/dags/lesson2_solutions/solution3.py
[2022-11-06T02:48:23.581+0200] {logging_mixin.py:120} INFO - [2022-11-06T02:48:23.580+0200] {dag.py:2585} INFO - Sync 1 DAGs
[2022-11-06T02:48:23.596+0200] {logging_mixin.py:120} INFO - [2022-11-06T02:48:23.596+0200] {dag.py:3336} INFO - Setting next_dagrun for lesson2.exercise3 to 2018-01-01T00:00:00+00:00, run_after=2018-02-01T00:00:00+00:00
[2022-11-06T02:48:23.614+0200] {processor.py:176} INFO - Processing /Users/mnagy99/airflow/dags/lesson2_solutions/solution3.py took 1.174 seconds
[2022-11-06T02:52:33.529+0200] {processor.py:154} INFO - Started process (PID=5207) to work on /Users/mnagy99/airflow/dags/lesson2_solutions/solution3.py
[2022-11-06T02:52:33.532+0200] {processor.py:756} INFO - Processing file /Users/mnagy99/airflow/dags/lesson2_solutions/solution3.py for tasks to queue
[2022-11-06T02:52:33.533+0200] {logging_mixin.py:120} INFO - [2022-11-06T02:52:33.533+0200] {dagbag.py:537} INFO - Filling up the DagBag from /Users/mnagy99/airflow/dags/lesson2_solutions/solution3.py
[2022-11-06T02:52:34.296+0200] {processor.py:766} INFO - DAG(s) dict_keys(['lesson2.exercise3']) retrieved from /Users/mnagy99/airflow/dags/lesson2_solutions/solution3.py
[2022-11-06T02:52:34.673+0200] {logging_mixin.py:120} INFO - [2022-11-06T02:52:34.673+0200] {dag.py:2585} INFO - Sync 1 DAGs
[2022-11-06T02:52:34.688+0200] {logging_mixin.py:120} INFO - [2022-11-06T02:52:34.688+0200] {dag.py:3336} INFO - Setting next_dagrun for lesson2.exercise3 to 2018-01-01T00:00:00+00:00, run_after=2018-02-01T00:00:00+00:00
[2022-11-06T02:52:34.705+0200] {processor.py:176} INFO - Processing /Users/mnagy99/airflow/dags/lesson2_solutions/solution3.py took 1.177 seconds
[2022-11-06T02:56:55.337+0200] {processor.py:154} INFO - Started process (PID=5473) to work on /Users/mnagy99/airflow/dags/lesson2_solutions/solution3.py
[2022-11-06T02:56:55.339+0200] {processor.py:756} INFO - Processing file /Users/mnagy99/airflow/dags/lesson2_solutions/solution3.py for tasks to queue
[2022-11-06T02:56:55.340+0200] {logging_mixin.py:120} INFO - [2022-11-06T02:56:55.340+0200] {dagbag.py:537} INFO - Filling up the DagBag from /Users/mnagy99/airflow/dags/lesson2_solutions/solution3.py
[2022-11-06T02:56:56.412+0200] {processor.py:766} INFO - DAG(s) dict_keys(['lesson2.exercise3']) retrieved from /Users/mnagy99/airflow/dags/lesson2_solutions/solution3.py
[2022-11-06T02:56:56.789+0200] {logging_mixin.py:120} INFO - [2022-11-06T02:56:56.789+0200] {dag.py:2585} INFO - Sync 1 DAGs
[2022-11-06T02:56:56.808+0200] {logging_mixin.py:120} INFO - [2022-11-06T02:56:56.808+0200] {dag.py:3336} INFO - Setting next_dagrun for lesson2.exercise3 to 2018-01-01T00:00:00+00:00, run_after=2018-02-01T00:00:00+00:00
[2022-11-06T02:56:56.839+0200] {processor.py:176} INFO - Processing /Users/mnagy99/airflow/dags/lesson2_solutions/solution3.py took 1.502 seconds
[2022-11-06T03:01:46.408+0200] {processor.py:154} INFO - Started process (PID=5752) to work on /Users/mnagy99/airflow/dags/lesson2_solutions/solution3.py
[2022-11-06T03:01:46.410+0200] {processor.py:756} INFO - Processing file /Users/mnagy99/airflow/dags/lesson2_solutions/solution3.py for tasks to queue
[2022-11-06T03:01:46.411+0200] {logging_mixin.py:120} INFO - [2022-11-06T03:01:46.411+0200] {dagbag.py:537} INFO - Filling up the DagBag from /Users/mnagy99/airflow/dags/lesson2_solutions/solution3.py
[2022-11-06T03:01:47.180+0200] {processor.py:766} INFO - DAG(s) dict_keys(['lesson2.exercise3']) retrieved from /Users/mnagy99/airflow/dags/lesson2_solutions/solution3.py
[2022-11-06T03:01:47.548+0200] {logging_mixin.py:120} INFO - [2022-11-06T03:01:47.548+0200] {dag.py:2585} INFO - Sync 1 DAGs
[2022-11-06T03:01:47.564+0200] {logging_mixin.py:120} INFO - [2022-11-06T03:01:47.564+0200] {dag.py:3336} INFO - Setting next_dagrun for lesson2.exercise3 to 2018-01-01T00:00:00+00:00, run_after=2018-02-01T00:00:00+00:00
[2022-11-06T03:01:47.582+0200] {processor.py:176} INFO - Processing /Users/mnagy99/airflow/dags/lesson2_solutions/solution3.py took 1.175 seconds
[2022-11-06T03:06:29.143+0200] {processor.py:154} INFO - Started process (PID=6020) to work on /Users/mnagy99/airflow/dags/lesson2_solutions/solution3.py
[2022-11-06T03:06:29.146+0200] {processor.py:756} INFO - Processing file /Users/mnagy99/airflow/dags/lesson2_solutions/solution3.py for tasks to queue
[2022-11-06T03:06:29.146+0200] {logging_mixin.py:120} INFO - [2022-11-06T03:06:29.146+0200] {dagbag.py:537} INFO - Filling up the DagBag from /Users/mnagy99/airflow/dags/lesson2_solutions/solution3.py
[2022-11-06T03:06:29.929+0200] {processor.py:766} INFO - DAG(s) dict_keys(['lesson2.exercise3']) retrieved from /Users/mnagy99/airflow/dags/lesson2_solutions/solution3.py
[2022-11-06T03:06:30.318+0200] {logging_mixin.py:120} INFO - [2022-11-06T03:06:30.317+0200] {dag.py:2585} INFO - Sync 1 DAGs
[2022-11-06T03:06:30.336+0200] {logging_mixin.py:120} INFO - [2022-11-06T03:06:30.336+0200] {dag.py:3336} INFO - Setting next_dagrun for lesson2.exercise3 to 2018-01-01T00:00:00+00:00, run_after=2018-02-01T00:00:00+00:00
[2022-11-06T03:06:30.355+0200] {processor.py:176} INFO - Processing /Users/mnagy99/airflow/dags/lesson2_solutions/solution3.py took 1.213 seconds
[2022-11-06T03:10:49.973+0200] {processor.py:154} INFO - Started process (PID=6289) to work on /Users/mnagy99/airflow/dags/lesson2_solutions/solution3.py
[2022-11-06T03:10:49.976+0200] {processor.py:756} INFO - Processing file /Users/mnagy99/airflow/dags/lesson2_solutions/solution3.py for tasks to queue
[2022-11-06T03:10:49.977+0200] {logging_mixin.py:120} INFO - [2022-11-06T03:10:49.977+0200] {dagbag.py:537} INFO - Filling up the DagBag from /Users/mnagy99/airflow/dags/lesson2_solutions/solution3.py
[2022-11-06T03:10:50.748+0200] {processor.py:766} INFO - DAG(s) dict_keys(['lesson2.exercise3']) retrieved from /Users/mnagy99/airflow/dags/lesson2_solutions/solution3.py
[2022-11-06T03:10:50.765+0200] {logging_mixin.py:120} INFO - [2022-11-06T03:10:50.765+0200] {dag.py:2585} INFO - Sync 1 DAGs
[2022-11-06T03:10:50.853+0200] {logging_mixin.py:120} INFO - [2022-11-06T03:10:50.853+0200] {dag.py:3336} INFO - Setting next_dagrun for lesson2.exercise3 to 2018-01-01T00:00:00+00:00, run_after=2018-02-01T00:00:00+00:00
[2022-11-06T03:10:50.874+0200] {processor.py:176} INFO - Processing /Users/mnagy99/airflow/dags/lesson2_solutions/solution3.py took 0.902 seconds
[2022-11-06T03:14:59.202+0200] {processor.py:154} INFO - Started process (PID=6545) to work on /Users/mnagy99/airflow/dags/lesson2_solutions/solution3.py
[2022-11-06T03:14:59.205+0200] {processor.py:756} INFO - Processing file /Users/mnagy99/airflow/dags/lesson2_solutions/solution3.py for tasks to queue
[2022-11-06T03:14:59.206+0200] {logging_mixin.py:120} INFO - [2022-11-06T03:14:59.206+0200] {dagbag.py:537} INFO - Filling up the DagBag from /Users/mnagy99/airflow/dags/lesson2_solutions/solution3.py
[2022-11-06T03:15:00.058+0200] {processor.py:766} INFO - DAG(s) dict_keys(['lesson2.exercise3']) retrieved from /Users/mnagy99/airflow/dags/lesson2_solutions/solution3.py
[2022-11-06T03:15:00.428+0200] {logging_mixin.py:120} INFO - [2022-11-06T03:15:00.428+0200] {dag.py:2585} INFO - Sync 1 DAGs
[2022-11-06T03:15:00.443+0200] {logging_mixin.py:120} INFO - [2022-11-06T03:15:00.443+0200] {dag.py:3336} INFO - Setting next_dagrun for lesson2.exercise3 to 2018-01-01T00:00:00+00:00, run_after=2018-02-01T00:00:00+00:00
[2022-11-06T03:15:00.462+0200] {processor.py:176} INFO - Processing /Users/mnagy99/airflow/dags/lesson2_solutions/solution3.py took 1.260 seconds
[2022-11-06T03:18:53.914+0200] {processor.py:154} INFO - Started process (PID=6803) to work on /Users/mnagy99/airflow/dags/lesson2_solutions/solution3.py
[2022-11-06T03:18:53.917+0200] {processor.py:756} INFO - Processing file /Users/mnagy99/airflow/dags/lesson2_solutions/solution3.py for tasks to queue
[2022-11-06T03:18:53.918+0200] {logging_mixin.py:120} INFO - [2022-11-06T03:18:53.917+0200] {dagbag.py:537} INFO - Filling up the DagBag from /Users/mnagy99/airflow/dags/lesson2_solutions/solution3.py
[2022-11-06T03:18:54.736+0200] {processor.py:766} INFO - DAG(s) dict_keys(['lesson2.exercise3']) retrieved from /Users/mnagy99/airflow/dags/lesson2_solutions/solution3.py
[2022-11-06T03:18:54.753+0200] {logging_mixin.py:120} INFO - [2022-11-06T03:18:54.752+0200] {dag.py:2585} INFO - Sync 1 DAGs
[2022-11-06T03:18:54.839+0200] {logging_mixin.py:120} INFO - [2022-11-06T03:18:54.838+0200] {dag.py:3336} INFO - Setting next_dagrun for lesson2.exercise3 to 2018-01-01T00:00:00+00:00, run_after=2018-02-01T00:00:00+00:00
[2022-11-06T03:18:54.856+0200] {processor.py:176} INFO - Processing /Users/mnagy99/airflow/dags/lesson2_solutions/solution3.py took 0.943 seconds
[2022-11-06T03:22:56.842+0200] {processor.py:154} INFO - Started process (PID=7059) to work on /Users/mnagy99/airflow/dags/lesson2_solutions/solution3.py
[2022-11-06T03:22:56.843+0200] {processor.py:756} INFO - Processing file /Users/mnagy99/airflow/dags/lesson2_solutions/solution3.py for tasks to queue
[2022-11-06T03:22:56.844+0200] {logging_mixin.py:120} INFO - [2022-11-06T03:22:56.844+0200] {dagbag.py:537} INFO - Filling up the DagBag from /Users/mnagy99/airflow/dags/lesson2_solutions/solution3.py
[2022-11-06T03:22:57.679+0200] {processor.py:766} INFO - DAG(s) dict_keys(['lesson2.exercise3']) retrieved from /Users/mnagy99/airflow/dags/lesson2_solutions/solution3.py
[2022-11-06T03:22:58.150+0200] {logging_mixin.py:120} INFO - [2022-11-06T03:22:58.150+0200] {dag.py:2585} INFO - Sync 1 DAGs
[2022-11-06T03:22:58.168+0200] {logging_mixin.py:120} INFO - [2022-11-06T03:22:58.168+0200] {dag.py:3336} INFO - Setting next_dagrun for lesson2.exercise3 to 2018-01-01T00:00:00+00:00, run_after=2018-02-01T00:00:00+00:00
[2022-11-06T03:22:58.188+0200] {processor.py:176} INFO - Processing /Users/mnagy99/airflow/dags/lesson2_solutions/solution3.py took 1.346 seconds
[2022-11-06T03:26:53.904+0200] {processor.py:154} INFO - Started process (PID=7326) to work on /Users/mnagy99/airflow/dags/lesson2_solutions/solution3.py
[2022-11-06T03:26:53.907+0200] {processor.py:756} INFO - Processing file /Users/mnagy99/airflow/dags/lesson2_solutions/solution3.py for tasks to queue
[2022-11-06T03:26:53.908+0200] {logging_mixin.py:120} INFO - [2022-11-06T03:26:53.908+0200] {dagbag.py:537} INFO - Filling up the DagBag from /Users/mnagy99/airflow/dags/lesson2_solutions/solution3.py
[2022-11-06T03:26:54.763+0200] {processor.py:766} INFO - DAG(s) dict_keys(['lesson2.exercise3']) retrieved from /Users/mnagy99/airflow/dags/lesson2_solutions/solution3.py
[2022-11-06T03:26:54.784+0200] {logging_mixin.py:120} INFO - [2022-11-06T03:26:54.784+0200] {dag.py:2585} INFO - Sync 1 DAGs
[2022-11-06T03:26:54.899+0200] {logging_mixin.py:120} INFO - [2022-11-06T03:26:54.899+0200] {dag.py:3336} INFO - Setting next_dagrun for lesson2.exercise3 to 2018-01-01T00:00:00+00:00, run_after=2018-02-01T00:00:00+00:00
[2022-11-06T03:26:54.921+0200] {processor.py:176} INFO - Processing /Users/mnagy99/airflow/dags/lesson2_solutions/solution3.py took 1.017 seconds
[2022-11-06T03:30:53.968+0200] {processor.py:154} INFO - Started process (PID=7577) to work on /Users/mnagy99/airflow/dags/lesson2_solutions/solution3.py
[2022-11-06T03:30:53.969+0200] {processor.py:756} INFO - Processing file /Users/mnagy99/airflow/dags/lesson2_solutions/solution3.py for tasks to queue
[2022-11-06T03:30:53.970+0200] {logging_mixin.py:120} INFO - [2022-11-06T03:30:53.970+0200] {dagbag.py:537} INFO - Filling up the DagBag from /Users/mnagy99/airflow/dags/lesson2_solutions/solution3.py
[2022-11-06T03:30:54.798+0200] {processor.py:766} INFO - DAG(s) dict_keys(['lesson2.exercise3']) retrieved from /Users/mnagy99/airflow/dags/lesson2_solutions/solution3.py
[2022-11-06T03:30:55.173+0200] {logging_mixin.py:120} INFO - [2022-11-06T03:30:55.172+0200] {dag.py:2585} INFO - Sync 1 DAGs
[2022-11-06T03:30:55.188+0200] {logging_mixin.py:120} INFO - [2022-11-06T03:30:55.188+0200] {dag.py:3336} INFO - Setting next_dagrun for lesson2.exercise3 to 2018-01-01T00:00:00+00:00, run_after=2018-02-01T00:00:00+00:00
[2022-11-06T03:30:55.209+0200] {processor.py:176} INFO - Processing /Users/mnagy99/airflow/dags/lesson2_solutions/solution3.py took 1.241 seconds
[2022-11-06T03:35:13.522+0200] {processor.py:154} INFO - Started process (PID=7888) to work on /Users/mnagy99/airflow/dags/lesson2_solutions/solution3.py
[2022-11-06T03:35:13.523+0200] {processor.py:756} INFO - Processing file /Users/mnagy99/airflow/dags/lesson2_solutions/solution3.py for tasks to queue
[2022-11-06T03:35:13.524+0200] {logging_mixin.py:120} INFO - [2022-11-06T03:35:13.524+0200] {dagbag.py:537} INFO - Filling up the DagBag from /Users/mnagy99/airflow/dags/lesson2_solutions/solution3.py
[2022-11-06T03:35:14.456+0200] {processor.py:766} INFO - DAG(s) dict_keys(['lesson2.exercise3']) retrieved from /Users/mnagy99/airflow/dags/lesson2_solutions/solution3.py
[2022-11-06T03:35:14.472+0200] {logging_mixin.py:120} INFO - [2022-11-06T03:35:14.472+0200] {dag.py:2585} INFO - Sync 1 DAGs
[2022-11-06T03:35:14.563+0200] {logging_mixin.py:120} INFO - [2022-11-06T03:35:14.563+0200] {dag.py:3336} INFO - Setting next_dagrun for lesson2.exercise3 to 2018-01-01T00:00:00+00:00, run_after=2018-02-01T00:00:00+00:00
[2022-11-06T03:35:14.579+0200] {processor.py:176} INFO - Processing /Users/mnagy99/airflow/dags/lesson2_solutions/solution3.py took 1.059 seconds
[2022-11-06T03:39:16.655+0200] {processor.py:154} INFO - Started process (PID=8135) to work on /Users/mnagy99/airflow/dags/lesson2_solutions/solution3.py
[2022-11-06T03:39:16.657+0200] {processor.py:756} INFO - Processing file /Users/mnagy99/airflow/dags/lesson2_solutions/solution3.py for tasks to queue
[2022-11-06T03:39:16.658+0200] {logging_mixin.py:120} INFO - [2022-11-06T03:39:16.658+0200] {dagbag.py:537} INFO - Filling up the DagBag from /Users/mnagy99/airflow/dags/lesson2_solutions/solution3.py
[2022-11-06T03:39:17.432+0200] {processor.py:766} INFO - DAG(s) dict_keys(['lesson2.exercise3']) retrieved from /Users/mnagy99/airflow/dags/lesson2_solutions/solution3.py
[2022-11-06T03:39:17.804+0200] {logging_mixin.py:120} INFO - [2022-11-06T03:39:17.804+0200] {dag.py:2585} INFO - Sync 1 DAGs
[2022-11-06T03:39:17.820+0200] {logging_mixin.py:120} INFO - [2022-11-06T03:39:17.820+0200] {dag.py:3336} INFO - Setting next_dagrun for lesson2.exercise3 to 2018-01-01T00:00:00+00:00, run_after=2018-02-01T00:00:00+00:00
[2022-11-06T03:39:17.840+0200] {processor.py:176} INFO - Processing /Users/mnagy99/airflow/dags/lesson2_solutions/solution3.py took 1.186 seconds
[2022-11-06T03:43:14.758+0200] {processor.py:154} INFO - Started process (PID=8376) to work on /Users/mnagy99/airflow/dags/lesson2_solutions/solution3.py
[2022-11-06T03:43:14.760+0200] {processor.py:756} INFO - Processing file /Users/mnagy99/airflow/dags/lesson2_solutions/solution3.py for tasks to queue
[2022-11-06T03:43:14.761+0200] {logging_mixin.py:120} INFO - [2022-11-06T03:43:14.761+0200] {dagbag.py:537} INFO - Filling up the DagBag from /Users/mnagy99/airflow/dags/lesson2_solutions/solution3.py
[2022-11-06T03:43:15.568+0200] {processor.py:766} INFO - DAG(s) dict_keys(['lesson2.exercise3']) retrieved from /Users/mnagy99/airflow/dags/lesson2_solutions/solution3.py
[2022-11-06T03:43:15.586+0200] {logging_mixin.py:120} INFO - [2022-11-06T03:43:15.586+0200] {dag.py:2585} INFO - Sync 1 DAGs
[2022-11-06T03:43:15.683+0200] {logging_mixin.py:120} INFO - [2022-11-06T03:43:15.683+0200] {dag.py:3336} INFO - Setting next_dagrun for lesson2.exercise3 to 2018-01-01T00:00:00+00:00, run_after=2018-02-01T00:00:00+00:00
[2022-11-06T03:43:15.703+0200] {processor.py:176} INFO - Processing /Users/mnagy99/airflow/dags/lesson2_solutions/solution3.py took 0.946 seconds
[2022-11-06T03:47:19.568+0200] {processor.py:154} INFO - Started process (PID=8646) to work on /Users/mnagy99/airflow/dags/lesson2_solutions/solution3.py
[2022-11-06T03:47:19.570+0200] {processor.py:756} INFO - Processing file /Users/mnagy99/airflow/dags/lesson2_solutions/solution3.py for tasks to queue
[2022-11-06T03:47:19.571+0200] {logging_mixin.py:120} INFO - [2022-11-06T03:47:19.571+0200] {dagbag.py:537} INFO - Filling up the DagBag from /Users/mnagy99/airflow/dags/lesson2_solutions/solution3.py
[2022-11-06T03:47:20.380+0200] {processor.py:766} INFO - DAG(s) dict_keys(['lesson2.exercise3']) retrieved from /Users/mnagy99/airflow/dags/lesson2_solutions/solution3.py
[2022-11-06T03:47:20.755+0200] {logging_mixin.py:120} INFO - [2022-11-06T03:47:20.755+0200] {dag.py:2585} INFO - Sync 1 DAGs
[2022-11-06T03:47:20.771+0200] {logging_mixin.py:120} INFO - [2022-11-06T03:47:20.771+0200] {dag.py:3336} INFO - Setting next_dagrun for lesson2.exercise3 to 2018-01-01T00:00:00+00:00, run_after=2018-02-01T00:00:00+00:00
[2022-11-06T03:47:20.788+0200] {processor.py:176} INFO - Processing /Users/mnagy99/airflow/dags/lesson2_solutions/solution3.py took 1.221 seconds
[2022-11-06T03:51:30.385+0200] {processor.py:154} INFO - Started process (PID=8896) to work on /Users/mnagy99/airflow/dags/lesson2_solutions/solution3.py
[2022-11-06T03:51:30.388+0200] {processor.py:756} INFO - Processing file /Users/mnagy99/airflow/dags/lesson2_solutions/solution3.py for tasks to queue
[2022-11-06T03:51:30.389+0200] {logging_mixin.py:120} INFO - [2022-11-06T03:51:30.389+0200] {dagbag.py:537} INFO - Filling up the DagBag from /Users/mnagy99/airflow/dags/lesson2_solutions/solution3.py
[2022-11-06T03:51:31.221+0200] {processor.py:766} INFO - DAG(s) dict_keys(['lesson2.exercise3']) retrieved from /Users/mnagy99/airflow/dags/lesson2_solutions/solution3.py
[2022-11-06T03:51:31.240+0200] {logging_mixin.py:120} INFO - [2022-11-06T03:51:31.240+0200] {dag.py:2585} INFO - Sync 1 DAGs
[2022-11-06T03:51:31.338+0200] {logging_mixin.py:120} INFO - [2022-11-06T03:51:31.338+0200] {dag.py:3336} INFO - Setting next_dagrun for lesson2.exercise3 to 2018-01-01T00:00:00+00:00, run_after=2018-02-01T00:00:00+00:00
[2022-11-06T03:51:31.354+0200] {processor.py:176} INFO - Processing /Users/mnagy99/airflow/dags/lesson2_solutions/solution3.py took 0.969 seconds
[2022-11-06T03:56:01.498+0200] {processor.py:154} INFO - Started process (PID=9169) to work on /Users/mnagy99/airflow/dags/lesson2_solutions/solution3.py
[2022-11-06T03:56:01.501+0200] {processor.py:756} INFO - Processing file /Users/mnagy99/airflow/dags/lesson2_solutions/solution3.py for tasks to queue
[2022-11-06T03:56:01.501+0200] {logging_mixin.py:120} INFO - [2022-11-06T03:56:01.501+0200] {dagbag.py:537} INFO - Filling up the DagBag from /Users/mnagy99/airflow/dags/lesson2_solutions/solution3.py
[2022-11-06T03:56:02.291+0200] {processor.py:766} INFO - DAG(s) dict_keys(['lesson2.exercise3']) retrieved from /Users/mnagy99/airflow/dags/lesson2_solutions/solution3.py
[2022-11-06T03:56:02.673+0200] {logging_mixin.py:120} INFO - [2022-11-06T03:56:02.673+0200] {dag.py:2585} INFO - Sync 1 DAGs
[2022-11-06T03:56:02.689+0200] {logging_mixin.py:120} INFO - [2022-11-06T03:56:02.689+0200] {dag.py:3336} INFO - Setting next_dagrun for lesson2.exercise3 to 2018-01-01T00:00:00+00:00, run_after=2018-02-01T00:00:00+00:00
[2022-11-06T03:56:02.706+0200] {processor.py:176} INFO - Processing /Users/mnagy99/airflow/dags/lesson2_solutions/solution3.py took 1.208 seconds
[2022-11-06T04:00:32.466+0200] {processor.py:154} INFO - Started process (PID=9438) to work on /Users/mnagy99/airflow/dags/lesson2_solutions/solution3.py
[2022-11-06T04:00:32.468+0200] {processor.py:756} INFO - Processing file /Users/mnagy99/airflow/dags/lesson2_solutions/solution3.py for tasks to queue
[2022-11-06T04:00:32.468+0200] {logging_mixin.py:120} INFO - [2022-11-06T04:00:32.468+0200] {dagbag.py:537} INFO - Filling up the DagBag from /Users/mnagy99/airflow/dags/lesson2_solutions/solution3.py
[2022-11-06T04:00:33.438+0200] {processor.py:766} INFO - DAG(s) dict_keys(['lesson2.exercise3']) retrieved from /Users/mnagy99/airflow/dags/lesson2_solutions/solution3.py
[2022-11-06T04:00:33.461+0200] {logging_mixin.py:120} INFO - [2022-11-06T04:00:33.460+0200] {dag.py:2585} INFO - Sync 1 DAGs
[2022-11-06T04:00:33.559+0200] {logging_mixin.py:120} INFO - [2022-11-06T04:00:33.558+0200] {dag.py:3336} INFO - Setting next_dagrun for lesson2.exercise3 to 2018-01-01T00:00:00+00:00, run_after=2018-02-01T00:00:00+00:00
[2022-11-06T04:00:33.576+0200] {processor.py:176} INFO - Processing /Users/mnagy99/airflow/dags/lesson2_solutions/solution3.py took 1.111 seconds
[2022-11-06T04:03:20.847+0200] {processor.py:154} INFO - Started process (PID=9613) to work on /Users/mnagy99/airflow/dags/lesson2_solutions/solution3.py
[2022-11-06T04:03:20.850+0200] {processor.py:756} INFO - Processing file /Users/mnagy99/airflow/dags/lesson2_solutions/solution3.py for tasks to queue
[2022-11-06T04:03:20.851+0200] {logging_mixin.py:120} INFO - [2022-11-06T04:03:20.851+0200] {dagbag.py:537} INFO - Filling up the DagBag from /Users/mnagy99/airflow/dags/lesson2_solutions/solution3.py
[2022-11-06T04:03:21.633+0200] {processor.py:766} INFO - DAG(s) dict_keys(['lesson2.exercise3']) retrieved from /Users/mnagy99/airflow/dags/lesson2_solutions/solution3.py
[2022-11-06T04:03:22.005+0200] {logging_mixin.py:120} INFO - [2022-11-06T04:03:22.004+0200] {dag.py:2585} INFO - Sync 1 DAGs
[2022-11-06T04:03:22.020+0200] {logging_mixin.py:120} INFO - [2022-11-06T04:03:22.020+0200] {dag.py:3336} INFO - Setting next_dagrun for lesson2.exercise3 to 2018-01-01T00:00:00+00:00, run_after=2018-02-01T00:00:00+00:00
[2022-11-06T04:03:22.038+0200] {processor.py:176} INFO - Processing /Users/mnagy99/airflow/dags/lesson2_solutions/solution3.py took 1.192 seconds
[2022-11-06T04:08:00.347+0200] {processor.py:154} INFO - Started process (PID=9907) to work on /Users/mnagy99/airflow/dags/lesson2_solutions/solution3.py
[2022-11-06T04:08:00.350+0200] {processor.py:756} INFO - Processing file /Users/mnagy99/airflow/dags/lesson2_solutions/solution3.py for tasks to queue
[2022-11-06T04:08:00.351+0200] {logging_mixin.py:120} INFO - [2022-11-06T04:08:00.351+0200] {dagbag.py:537} INFO - Filling up the DagBag from /Users/mnagy99/airflow/dags/lesson2_solutions/solution3.py
[2022-11-06T04:08:01.116+0200] {processor.py:766} INFO - DAG(s) dict_keys(['lesson2.exercise3']) retrieved from /Users/mnagy99/airflow/dags/lesson2_solutions/solution3.py
[2022-11-06T04:08:01.490+0200] {logging_mixin.py:120} INFO - [2022-11-06T04:08:01.490+0200] {dag.py:2585} INFO - Sync 1 DAGs
[2022-11-06T04:08:01.506+0200] {logging_mixin.py:120} INFO - [2022-11-06T04:08:01.506+0200] {dag.py:3336} INFO - Setting next_dagrun for lesson2.exercise3 to 2018-01-01T00:00:00+00:00, run_after=2018-02-01T00:00:00+00:00
[2022-11-06T04:08:01.521+0200] {processor.py:176} INFO - Processing /Users/mnagy99/airflow/dags/lesson2_solutions/solution3.py took 1.174 seconds
[2022-11-06T04:12:30.699+0200] {processor.py:154} INFO - Started process (PID=10190) to work on /Users/mnagy99/airflow/dags/lesson2_solutions/solution3.py
[2022-11-06T04:12:30.701+0200] {processor.py:756} INFO - Processing file /Users/mnagy99/airflow/dags/lesson2_solutions/solution3.py for tasks to queue
[2022-11-06T04:12:30.702+0200] {logging_mixin.py:120} INFO - [2022-11-06T04:12:30.702+0200] {dagbag.py:537} INFO - Filling up the DagBag from /Users/mnagy99/airflow/dags/lesson2_solutions/solution3.py
[2022-11-06T04:12:31.475+0200] {processor.py:766} INFO - DAG(s) dict_keys(['lesson2.exercise3']) retrieved from /Users/mnagy99/airflow/dags/lesson2_solutions/solution3.py
[2022-11-06T04:12:31.843+0200] {logging_mixin.py:120} INFO - [2022-11-06T04:12:31.843+0200] {dag.py:2585} INFO - Sync 1 DAGs
[2022-11-06T04:12:31.858+0200] {logging_mixin.py:120} INFO - [2022-11-06T04:12:31.858+0200] {dag.py:3336} INFO - Setting next_dagrun for lesson2.exercise3 to 2018-01-01T00:00:00+00:00, run_after=2018-02-01T00:00:00+00:00
[2022-11-06T04:12:31.880+0200] {processor.py:176} INFO - Processing /Users/mnagy99/airflow/dags/lesson2_solutions/solution3.py took 1.182 seconds
[2022-11-06T04:16:49.069+0200] {processor.py:154} INFO - Started process (PID=10459) to work on /Users/mnagy99/airflow/dags/lesson2_solutions/solution3.py
[2022-11-06T04:16:49.072+0200] {processor.py:756} INFO - Processing file /Users/mnagy99/airflow/dags/lesson2_solutions/solution3.py for tasks to queue
[2022-11-06T04:16:49.073+0200] {logging_mixin.py:120} INFO - [2022-11-06T04:16:49.073+0200] {dagbag.py:537} INFO - Filling up the DagBag from /Users/mnagy99/airflow/dags/lesson2_solutions/solution3.py
[2022-11-06T04:16:49.850+0200] {processor.py:766} INFO - DAG(s) dict_keys(['lesson2.exercise3']) retrieved from /Users/mnagy99/airflow/dags/lesson2_solutions/solution3.py
[2022-11-06T04:16:50.224+0200] {logging_mixin.py:120} INFO - [2022-11-06T04:16:50.224+0200] {dag.py:2585} INFO - Sync 1 DAGs
[2022-11-06T04:16:50.239+0200] {logging_mixin.py:120} INFO - [2022-11-06T04:16:50.239+0200] {dag.py:3336} INFO - Setting next_dagrun for lesson2.exercise3 to 2018-01-01T00:00:00+00:00, run_after=2018-02-01T00:00:00+00:00
[2022-11-06T04:16:50.257+0200] {processor.py:176} INFO - Processing /Users/mnagy99/airflow/dags/lesson2_solutions/solution3.py took 1.188 seconds
