[2022-11-06T02:03:32.524+0200] {processor.py:154} INFO - Started process (PID=2116) to work on /Users/mnagy99/airflow/dags/lesson2_solutions/solution4.py
[2022-11-06T02:03:32.525+0200] {processor.py:756} INFO - Processing file /Users/mnagy99/airflow/dags/lesson2_solutions/solution4.py for tasks to queue
[2022-11-06T02:03:32.526+0200] {logging_mixin.py:120} INFO - [2022-11-06T02:03:32.526+0200] {dagbag.py:537} INFO - Filling up the DagBag from /Users/mnagy99/airflow/dags/lesson2_solutions/solution4.py
[2022-11-06T02:03:33.494+0200] {processor.py:766} INFO - DAG(s) dict_keys(['lesson2.exercise4']) retrieved from /Users/mnagy99/airflow/dags/lesson2_solutions/solution4.py
[2022-11-06T02:03:33.959+0200] {logging_mixin.py:120} INFO - [2022-11-06T02:03:33.959+0200] {dag.py:2585} INFO - Sync 1 DAGs
[2022-11-06T02:03:33.982+0200] {logging_mixin.py:120} INFO - [2022-11-06T02:03:33.982+0200] {dag.py:3336} INFO - Setting next_dagrun for lesson2.exercise4 to 2018-01-01T00:00:00+00:00, run_after=2018-02-01T00:00:00+00:00
[2022-11-06T02:03:33.999+0200] {processor.py:176} INFO - Processing /Users/mnagy99/airflow/dags/lesson2_solutions/solution4.py took 1.476 seconds
[2022-11-06T02:08:08.524+0200] {processor.py:154} INFO - Started process (PID=2374) to work on /Users/mnagy99/airflow/dags/lesson2_solutions/solution4.py
[2022-11-06T02:08:08.526+0200] {processor.py:756} INFO - Processing file /Users/mnagy99/airflow/dags/lesson2_solutions/solution4.py for tasks to queue
[2022-11-06T02:08:08.527+0200] {logging_mixin.py:120} INFO - [2022-11-06T02:08:08.527+0200] {dagbag.py:537} INFO - Filling up the DagBag from /Users/mnagy99/airflow/dags/lesson2_solutions/solution4.py
[2022-11-06T02:08:09.441+0200] {processor.py:766} INFO - DAG(s) dict_keys(['lesson2.exercise4']) retrieved from /Users/mnagy99/airflow/dags/lesson2_solutions/solution4.py
[2022-11-06T02:08:09.903+0200] {logging_mixin.py:120} INFO - [2022-11-06T02:08:09.902+0200] {dag.py:2585} INFO - Sync 1 DAGs
[2022-11-06T02:08:09.918+0200] {logging_mixin.py:120} INFO - [2022-11-06T02:08:09.918+0200] {dag.py:3336} INFO - Setting next_dagrun for lesson2.exercise4 to 2018-01-01T00:00:00+00:00, run_after=2018-02-01T00:00:00+00:00
[2022-11-06T02:08:09.939+0200] {processor.py:176} INFO - Processing /Users/mnagy99/airflow/dags/lesson2_solutions/solution4.py took 1.416 seconds
[2022-11-06T02:12:38.452+0200] {processor.py:154} INFO - Started process (PID=2631) to work on /Users/mnagy99/airflow/dags/lesson2_solutions/solution4.py
[2022-11-06T02:12:38.454+0200] {processor.py:756} INFO - Processing file /Users/mnagy99/airflow/dags/lesson2_solutions/solution4.py for tasks to queue
[2022-11-06T02:12:38.455+0200] {logging_mixin.py:120} INFO - [2022-11-06T02:12:38.455+0200] {dagbag.py:537} INFO - Filling up the DagBag from /Users/mnagy99/airflow/dags/lesson2_solutions/solution4.py
[2022-11-06T02:12:39.253+0200] {processor.py:766} INFO - DAG(s) dict_keys(['lesson2.exercise4']) retrieved from /Users/mnagy99/airflow/dags/lesson2_solutions/solution4.py
[2022-11-06T02:12:39.626+0200] {logging_mixin.py:120} INFO - [2022-11-06T02:12:39.625+0200] {dag.py:2585} INFO - Sync 1 DAGs
[2022-11-06T02:12:39.641+0200] {logging_mixin.py:120} INFO - [2022-11-06T02:12:39.641+0200] {dag.py:3336} INFO - Setting next_dagrun for lesson2.exercise4 to 2018-01-01T00:00:00+00:00, run_after=2018-02-01T00:00:00+00:00
[2022-11-06T02:12:39.657+0200] {processor.py:176} INFO - Processing /Users/mnagy99/airflow/dags/lesson2_solutions/solution4.py took 1.206 seconds
[2022-11-06T02:17:14.441+0200] {processor.py:154} INFO - Started process (PID=2970) to work on /Users/mnagy99/airflow/dags/lesson2_solutions/solution4.py
[2022-11-06T02:17:14.442+0200] {processor.py:756} INFO - Processing file /Users/mnagy99/airflow/dags/lesson2_solutions/solution4.py for tasks to queue
[2022-11-06T02:17:14.442+0200] {logging_mixin.py:120} INFO - [2022-11-06T02:17:14.442+0200] {dagbag.py:537} INFO - Filling up the DagBag from /Users/mnagy99/airflow/dags/lesson2_solutions/solution4.py
[2022-11-06T02:17:15.301+0200] {processor.py:766} INFO - DAG(s) dict_keys(['lesson2.exercise4']) retrieved from /Users/mnagy99/airflow/dags/lesson2_solutions/solution4.py
[2022-11-06T02:17:15.711+0200] {logging_mixin.py:120} INFO - [2022-11-06T02:17:15.711+0200] {dag.py:2585} INFO - Sync 1 DAGs
[2022-11-06T02:17:15.727+0200] {logging_mixin.py:120} INFO - [2022-11-06T02:17:15.727+0200] {dag.py:3336} INFO - Setting next_dagrun for lesson2.exercise4 to 2018-01-01T00:00:00+00:00, run_after=2018-02-01T00:00:00+00:00
[2022-11-06T02:17:15.744+0200] {processor.py:176} INFO - Processing /Users/mnagy99/airflow/dags/lesson2_solutions/solution4.py took 1.305 seconds
[2022-11-06T02:21:32.688+0200] {processor.py:154} INFO - Started process (PID=3240) to work on /Users/mnagy99/airflow/dags/lesson2_solutions/solution4.py
[2022-11-06T02:21:32.690+0200] {processor.py:756} INFO - Processing file /Users/mnagy99/airflow/dags/lesson2_solutions/solution4.py for tasks to queue
[2022-11-06T02:21:32.691+0200] {logging_mixin.py:120} INFO - [2022-11-06T02:21:32.691+0200] {dagbag.py:537} INFO - Filling up the DagBag from /Users/mnagy99/airflow/dags/lesson2_solutions/solution4.py
[2022-11-06T02:21:34.173+0200] {processor.py:766} INFO - DAG(s) dict_keys(['lesson2.exercise4']) retrieved from /Users/mnagy99/airflow/dags/lesson2_solutions/solution4.py
[2022-11-06T02:21:34.875+0200] {logging_mixin.py:120} INFO - [2022-11-06T02:21:34.875+0200] {dag.py:2585} INFO - Sync 1 DAGs
[2022-11-06T02:21:34.904+0200] {logging_mixin.py:120} INFO - [2022-11-06T02:21:34.904+0200] {dag.py:3336} INFO - Setting next_dagrun for lesson2.exercise4 to 2018-01-01T00:00:00+00:00, run_after=2018-02-01T00:00:00+00:00
[2022-11-06T02:21:34.932+0200] {processor.py:176} INFO - Processing /Users/mnagy99/airflow/dags/lesson2_solutions/solution4.py took 2.245 seconds
[2022-11-06T02:25:56.098+0200] {processor.py:154} INFO - Started process (PID=3521) to work on /Users/mnagy99/airflow/dags/lesson2_solutions/solution4.py
[2022-11-06T02:25:56.101+0200] {processor.py:756} INFO - Processing file /Users/mnagy99/airflow/dags/lesson2_solutions/solution4.py for tasks to queue
[2022-11-06T02:25:56.102+0200] {logging_mixin.py:120} INFO - [2022-11-06T02:25:56.101+0200] {dagbag.py:537} INFO - Filling up the DagBag from /Users/mnagy99/airflow/dags/lesson2_solutions/solution4.py
[2022-11-06T02:25:56.896+0200] {processor.py:766} INFO - DAG(s) dict_keys(['lesson2.exercise4']) retrieved from /Users/mnagy99/airflow/dags/lesson2_solutions/solution4.py
[2022-11-06T02:25:57.274+0200] {logging_mixin.py:120} INFO - [2022-11-06T02:25:57.274+0200] {dag.py:2585} INFO - Sync 1 DAGs
[2022-11-06T02:25:57.296+0200] {logging_mixin.py:120} INFO - [2022-11-06T02:25:57.295+0200] {dag.py:3336} INFO - Setting next_dagrun for lesson2.exercise4 to 2018-01-01T00:00:00+00:00, run_after=2018-02-01T00:00:00+00:00
[2022-11-06T02:25:57.361+0200] {processor.py:176} INFO - Processing /Users/mnagy99/airflow/dags/lesson2_solutions/solution4.py took 1.264 seconds
[2022-11-06T02:30:20.572+0200] {processor.py:154} INFO - Started process (PID=3812) to work on /Users/mnagy99/airflow/dags/lesson2_solutions/solution4.py
[2022-11-06T02:30:20.575+0200] {processor.py:756} INFO - Processing file /Users/mnagy99/airflow/dags/lesson2_solutions/solution4.py for tasks to queue
[2022-11-06T02:30:20.575+0200] {logging_mixin.py:120} INFO - [2022-11-06T02:30:20.575+0200] {dagbag.py:537} INFO - Filling up the DagBag from /Users/mnagy99/airflow/dags/lesson2_solutions/solution4.py
[2022-11-06T02:30:21.409+0200] {processor.py:766} INFO - DAG(s) dict_keys(['lesson2.exercise4']) retrieved from /Users/mnagy99/airflow/dags/lesson2_solutions/solution4.py
[2022-11-06T02:30:21.807+0200] {logging_mixin.py:120} INFO - [2022-11-06T02:30:21.806+0200] {dag.py:2585} INFO - Sync 1 DAGs
[2022-11-06T02:30:21.822+0200] {logging_mixin.py:120} INFO - [2022-11-06T02:30:21.822+0200] {dag.py:3336} INFO - Setting next_dagrun for lesson2.exercise4 to 2018-01-01T00:00:00+00:00, run_after=2018-02-01T00:00:00+00:00
[2022-11-06T02:30:21.843+0200] {processor.py:176} INFO - Processing /Users/mnagy99/airflow/dags/lesson2_solutions/solution4.py took 1.271 seconds
[2022-11-06T02:34:44.531+0200] {processor.py:154} INFO - Started process (PID=4107) to work on /Users/mnagy99/airflow/dags/lesson2_solutions/solution4.py
[2022-11-06T02:34:44.533+0200] {processor.py:756} INFO - Processing file /Users/mnagy99/airflow/dags/lesson2_solutions/solution4.py for tasks to queue
[2022-11-06T02:34:44.534+0200] {logging_mixin.py:120} INFO - [2022-11-06T02:34:44.534+0200] {dagbag.py:537} INFO - Filling up the DagBag from /Users/mnagy99/airflow/dags/lesson2_solutions/solution4.py
[2022-11-06T02:34:45.302+0200] {processor.py:766} INFO - DAG(s) dict_keys(['lesson2.exercise4']) retrieved from /Users/mnagy99/airflow/dags/lesson2_solutions/solution4.py
[2022-11-06T02:34:45.673+0200] {logging_mixin.py:120} INFO - [2022-11-06T02:34:45.672+0200] {dag.py:2585} INFO - Sync 1 DAGs
[2022-11-06T02:34:45.688+0200] {logging_mixin.py:120} INFO - [2022-11-06T02:34:45.688+0200] {dag.py:3336} INFO - Setting next_dagrun for lesson2.exercise4 to 2018-01-01T00:00:00+00:00, run_after=2018-02-01T00:00:00+00:00
[2022-11-06T02:34:45.708+0200] {processor.py:176} INFO - Processing /Users/mnagy99/airflow/dags/lesson2_solutions/solution4.py took 1.178 seconds
[2022-11-06T02:39:05.647+0200] {processor.py:154} INFO - Started process (PID=4380) to work on /Users/mnagy99/airflow/dags/lesson2_solutions/solution4.py
[2022-11-06T02:39:05.650+0200] {processor.py:756} INFO - Processing file /Users/mnagy99/airflow/dags/lesson2_solutions/solution4.py for tasks to queue
[2022-11-06T02:39:05.651+0200] {logging_mixin.py:120} INFO - [2022-11-06T02:39:05.650+0200] {dagbag.py:537} INFO - Filling up the DagBag from /Users/mnagy99/airflow/dags/lesson2_solutions/solution4.py
[2022-11-06T02:39:06.436+0200] {processor.py:766} INFO - DAG(s) dict_keys(['lesson2.exercise4']) retrieved from /Users/mnagy99/airflow/dags/lesson2_solutions/solution4.py
[2022-11-06T02:39:06.816+0200] {logging_mixin.py:120} INFO - [2022-11-06T02:39:06.816+0200] {dag.py:2585} INFO - Sync 1 DAGs
[2022-11-06T02:39:06.832+0200] {logging_mixin.py:120} INFO - [2022-11-06T02:39:06.832+0200] {dag.py:3336} INFO - Setting next_dagrun for lesson2.exercise4 to 2018-01-01T00:00:00+00:00, run_after=2018-02-01T00:00:00+00:00
[2022-11-06T02:39:06.850+0200] {processor.py:176} INFO - Processing /Users/mnagy99/airflow/dags/lesson2_solutions/solution4.py took 1.204 seconds
[2022-11-06T02:43:53.348+0200] {processor.py:154} INFO - Started process (PID=4687) to work on /Users/mnagy99/airflow/dags/lesson2_solutions/solution4.py
[2022-11-06T02:43:53.350+0200] {processor.py:756} INFO - Processing file /Users/mnagy99/airflow/dags/lesson2_solutions/solution4.py for tasks to queue
[2022-11-06T02:43:53.351+0200] {logging_mixin.py:120} INFO - [2022-11-06T02:43:53.350+0200] {dagbag.py:537} INFO - Filling up the DagBag from /Users/mnagy99/airflow/dags/lesson2_solutions/solution4.py
[2022-11-06T02:43:54.232+0200] {processor.py:766} INFO - DAG(s) dict_keys(['lesson2.exercise4']) retrieved from /Users/mnagy99/airflow/dags/lesson2_solutions/solution4.py
[2022-11-06T02:43:54.645+0200] {logging_mixin.py:120} INFO - [2022-11-06T02:43:54.644+0200] {dag.py:2585} INFO - Sync 1 DAGs
[2022-11-06T02:43:54.660+0200] {logging_mixin.py:120} INFO - [2022-11-06T02:43:54.660+0200] {dag.py:3336} INFO - Setting next_dagrun for lesson2.exercise4 to 2018-01-01T00:00:00+00:00, run_after=2018-02-01T00:00:00+00:00
[2022-11-06T02:43:54.677+0200] {processor.py:176} INFO - Processing /Users/mnagy99/airflow/dags/lesson2_solutions/solution4.py took 1.330 seconds
[2022-11-06T02:48:20.339+0200] {processor.py:154} INFO - Started process (PID=4955) to work on /Users/mnagy99/airflow/dags/lesson2_solutions/solution4.py
[2022-11-06T02:48:20.340+0200] {processor.py:756} INFO - Processing file /Users/mnagy99/airflow/dags/lesson2_solutions/solution4.py for tasks to queue
[2022-11-06T02:48:20.341+0200] {logging_mixin.py:120} INFO - [2022-11-06T02:48:20.341+0200] {dagbag.py:537} INFO - Filling up the DagBag from /Users/mnagy99/airflow/dags/lesson2_solutions/solution4.py
[2022-11-06T02:48:21.112+0200] {processor.py:766} INFO - DAG(s) dict_keys(['lesson2.exercise4']) retrieved from /Users/mnagy99/airflow/dags/lesson2_solutions/solution4.py
[2022-11-06T02:48:21.484+0200] {logging_mixin.py:120} INFO - [2022-11-06T02:48:21.484+0200] {dag.py:2585} INFO - Sync 1 DAGs
[2022-11-06T02:48:21.499+0200] {logging_mixin.py:120} INFO - [2022-11-06T02:48:21.499+0200] {dag.py:3336} INFO - Setting next_dagrun for lesson2.exercise4 to 2018-01-01T00:00:00+00:00, run_after=2018-02-01T00:00:00+00:00
[2022-11-06T02:48:21.517+0200] {processor.py:176} INFO - Processing /Users/mnagy99/airflow/dags/lesson2_solutions/solution4.py took 1.179 seconds
[2022-11-06T02:52:30.823+0200] {processor.py:154} INFO - Started process (PID=5205) to work on /Users/mnagy99/airflow/dags/lesson2_solutions/solution4.py
[2022-11-06T02:52:30.825+0200] {processor.py:756} INFO - Processing file /Users/mnagy99/airflow/dags/lesson2_solutions/solution4.py for tasks to queue
[2022-11-06T02:52:30.826+0200] {logging_mixin.py:120} INFO - [2022-11-06T02:52:30.826+0200] {dagbag.py:537} INFO - Filling up the DagBag from /Users/mnagy99/airflow/dags/lesson2_solutions/solution4.py
[2022-11-06T02:52:31.748+0200] {processor.py:766} INFO - DAG(s) dict_keys(['lesson2.exercise4']) retrieved from /Users/mnagy99/airflow/dags/lesson2_solutions/solution4.py
[2022-11-06T02:52:32.149+0200] {logging_mixin.py:120} INFO - [2022-11-06T02:52:32.148+0200] {dag.py:2585} INFO - Sync 1 DAGs
[2022-11-06T02:52:32.164+0200] {logging_mixin.py:120} INFO - [2022-11-06T02:52:32.164+0200] {dag.py:3336} INFO - Setting next_dagrun for lesson2.exercise4 to 2018-01-01T00:00:00+00:00, run_after=2018-02-01T00:00:00+00:00
[2022-11-06T02:52:32.183+0200] {processor.py:176} INFO - Processing /Users/mnagy99/airflow/dags/lesson2_solutions/solution4.py took 1.361 seconds
[2022-11-06T02:56:52.156+0200] {processor.py:154} INFO - Started process (PID=5471) to work on /Users/mnagy99/airflow/dags/lesson2_solutions/solution4.py
[2022-11-06T02:56:52.158+0200] {processor.py:756} INFO - Processing file /Users/mnagy99/airflow/dags/lesson2_solutions/solution4.py for tasks to queue
[2022-11-06T02:56:52.159+0200] {logging_mixin.py:120} INFO - [2022-11-06T02:56:52.159+0200] {dagbag.py:537} INFO - Filling up the DagBag from /Users/mnagy99/airflow/dags/lesson2_solutions/solution4.py
[2022-11-06T02:56:52.975+0200] {processor.py:766} INFO - DAG(s) dict_keys(['lesson2.exercise4']) retrieved from /Users/mnagy99/airflow/dags/lesson2_solutions/solution4.py
[2022-11-06T02:56:53.387+0200] {logging_mixin.py:120} INFO - [2022-11-06T02:56:53.386+0200] {dag.py:2585} INFO - Sync 1 DAGs
[2022-11-06T02:56:53.405+0200] {logging_mixin.py:120} INFO - [2022-11-06T02:56:53.405+0200] {dag.py:3336} INFO - Setting next_dagrun for lesson2.exercise4 to 2018-01-01T00:00:00+00:00, run_after=2018-02-01T00:00:00+00:00
[2022-11-06T02:56:53.427+0200] {processor.py:176} INFO - Processing /Users/mnagy99/airflow/dags/lesson2_solutions/solution4.py took 1.272 seconds
[2022-11-06T03:01:43.134+0200] {processor.py:154} INFO - Started process (PID=5750) to work on /Users/mnagy99/airflow/dags/lesson2_solutions/solution4.py
[2022-11-06T03:01:43.136+0200] {processor.py:756} INFO - Processing file /Users/mnagy99/airflow/dags/lesson2_solutions/solution4.py for tasks to queue
[2022-11-06T03:01:43.138+0200] {logging_mixin.py:120} INFO - [2022-11-06T03:01:43.138+0200] {dagbag.py:537} INFO - Filling up the DagBag from /Users/mnagy99/airflow/dags/lesson2_solutions/solution4.py
[2022-11-06T03:01:44.075+0200] {processor.py:766} INFO - DAG(s) dict_keys(['lesson2.exercise4']) retrieved from /Users/mnagy99/airflow/dags/lesson2_solutions/solution4.py
[2022-11-06T03:01:44.513+0200] {logging_mixin.py:120} INFO - [2022-11-06T03:01:44.513+0200] {dag.py:2585} INFO - Sync 1 DAGs
[2022-11-06T03:01:44.530+0200] {logging_mixin.py:120} INFO - [2022-11-06T03:01:44.530+0200] {dag.py:3336} INFO - Setting next_dagrun for lesson2.exercise4 to 2018-01-01T00:00:00+00:00, run_after=2018-02-01T00:00:00+00:00
[2022-11-06T03:01:44.549+0200] {processor.py:176} INFO - Processing /Users/mnagy99/airflow/dags/lesson2_solutions/solution4.py took 1.416 seconds
[2022-11-06T03:04:37.255+0200] {processor.py:154} INFO - Started process (PID=5905) to work on /Users/mnagy99/airflow/dags/lesson2_solutions/solution4.py
[2022-11-06T03:04:37.258+0200] {processor.py:756} INFO - Processing file /Users/mnagy99/airflow/dags/lesson2_solutions/solution4.py for tasks to queue
[2022-11-06T03:04:37.259+0200] {logging_mixin.py:120} INFO - [2022-11-06T03:04:37.259+0200] {dagbag.py:537} INFO - Filling up the DagBag from /Users/mnagy99/airflow/dags/lesson2_solutions/solution4.py
[2022-11-06T03:04:38.151+0200] {processor.py:766} INFO - DAG(s) dict_keys(['lesson2.exercise4']) retrieved from /Users/mnagy99/airflow/dags/lesson2_solutions/solution4.py
[2022-11-06T03:04:38.539+0200] {logging_mixin.py:120} INFO - [2022-11-06T03:04:38.539+0200] {dag.py:2585} INFO - Sync 1 DAGs
[2022-11-06T03:04:38.554+0200] {logging_mixin.py:120} INFO - [2022-11-06T03:04:38.554+0200] {dag.py:3336} INFO - Setting next_dagrun for lesson2.exercise4 to 2018-01-01T00:00:00+00:00, run_after=2018-02-01T00:00:00+00:00
[2022-11-06T03:04:38.572+0200] {processor.py:176} INFO - Processing /Users/mnagy99/airflow/dags/lesson2_solutions/solution4.py took 1.317 seconds
[2022-11-06T03:09:00.233+0200] {processor.py:154} INFO - Started process (PID=6163) to work on /Users/mnagy99/airflow/dags/lesson2_solutions/solution4.py
[2022-11-06T03:09:00.236+0200] {processor.py:756} INFO - Processing file /Users/mnagy99/airflow/dags/lesson2_solutions/solution4.py for tasks to queue
[2022-11-06T03:09:00.237+0200] {logging_mixin.py:120} INFO - [2022-11-06T03:09:00.237+0200] {dagbag.py:537} INFO - Filling up the DagBag from /Users/mnagy99/airflow/dags/lesson2_solutions/solution4.py
[2022-11-06T03:09:01.034+0200] {processor.py:766} INFO - DAG(s) dict_keys(['lesson2.exercise4']) retrieved from /Users/mnagy99/airflow/dags/lesson2_solutions/solution4.py
[2022-11-06T03:09:01.410+0200] {logging_mixin.py:120} INFO - [2022-11-06T03:09:01.410+0200] {dag.py:2585} INFO - Sync 1 DAGs
[2022-11-06T03:09:01.426+0200] {logging_mixin.py:120} INFO - [2022-11-06T03:09:01.426+0200] {dag.py:3336} INFO - Setting next_dagrun for lesson2.exercise4 to 2018-01-01T00:00:00+00:00, run_after=2018-02-01T00:00:00+00:00
[2022-11-06T03:09:01.443+0200] {processor.py:176} INFO - Processing /Users/mnagy99/airflow/dags/lesson2_solutions/solution4.py took 1.210 seconds
[2022-11-06T03:13:13.334+0200] {processor.py:154} INFO - Started process (PID=6430) to work on /Users/mnagy99/airflow/dags/lesson2_solutions/solution4.py
[2022-11-06T03:13:13.337+0200] {processor.py:756} INFO - Processing file /Users/mnagy99/airflow/dags/lesson2_solutions/solution4.py for tasks to queue
[2022-11-06T03:13:13.338+0200] {logging_mixin.py:120} INFO - [2022-11-06T03:13:13.337+0200] {dagbag.py:537} INFO - Filling up the DagBag from /Users/mnagy99/airflow/dags/lesson2_solutions/solution4.py
[2022-11-06T03:13:14.111+0200] {processor.py:766} INFO - DAG(s) dict_keys(['lesson2.exercise4']) retrieved from /Users/mnagy99/airflow/dags/lesson2_solutions/solution4.py
[2022-11-06T03:13:14.487+0200] {logging_mixin.py:120} INFO - [2022-11-06T03:13:14.487+0200] {dag.py:2585} INFO - Sync 1 DAGs
[2022-11-06T03:13:14.503+0200] {logging_mixin.py:120} INFO - [2022-11-06T03:13:14.503+0200] {dag.py:3336} INFO - Setting next_dagrun for lesson2.exercise4 to 2018-01-01T00:00:00+00:00, run_after=2018-02-01T00:00:00+00:00
[2022-11-06T03:13:14.521+0200] {processor.py:176} INFO - Processing /Users/mnagy99/airflow/dags/lesson2_solutions/solution4.py took 1.187 seconds
[2022-11-06T03:17:13.820+0200] {processor.py:154} INFO - Started process (PID=6693) to work on /Users/mnagy99/airflow/dags/lesson2_solutions/solution4.py
[2022-11-06T03:17:13.823+0200] {processor.py:756} INFO - Processing file /Users/mnagy99/airflow/dags/lesson2_solutions/solution4.py for tasks to queue
[2022-11-06T03:17:13.823+0200] {logging_mixin.py:120} INFO - [2022-11-06T03:17:13.823+0200] {dagbag.py:537} INFO - Filling up the DagBag from /Users/mnagy99/airflow/dags/lesson2_solutions/solution4.py
[2022-11-06T03:17:14.598+0200] {processor.py:766} INFO - DAG(s) dict_keys(['lesson2.exercise4']) retrieved from /Users/mnagy99/airflow/dags/lesson2_solutions/solution4.py
[2022-11-06T03:17:14.988+0200] {logging_mixin.py:120} INFO - [2022-11-06T03:17:14.987+0200] {dag.py:2585} INFO - Sync 1 DAGs
[2022-11-06T03:17:15.003+0200] {logging_mixin.py:120} INFO - [2022-11-06T03:17:15.002+0200] {dag.py:3336} INFO - Setting next_dagrun for lesson2.exercise4 to 2018-01-01T00:00:00+00:00, run_after=2018-02-01T00:00:00+00:00
[2022-11-06T03:17:15.020+0200] {processor.py:176} INFO - Processing /Users/mnagy99/airflow/dags/lesson2_solutions/solution4.py took 1.200 seconds
[2022-11-06T03:21:10.198+0200] {processor.py:154} INFO - Started process (PID=6942) to work on /Users/mnagy99/airflow/dags/lesson2_solutions/solution4.py
[2022-11-06T03:21:10.198+0200] {processor.py:756} INFO - Processing file /Users/mnagy99/airflow/dags/lesson2_solutions/solution4.py for tasks to queue
[2022-11-06T03:21:10.199+0200] {logging_mixin.py:120} INFO - [2022-11-06T03:21:10.199+0200] {dagbag.py:537} INFO - Filling up the DagBag from /Users/mnagy99/airflow/dags/lesson2_solutions/solution4.py
[2022-11-06T03:21:11.248+0200] {processor.py:766} INFO - DAG(s) dict_keys(['lesson2.exercise4']) retrieved from /Users/mnagy99/airflow/dags/lesson2_solutions/solution4.py
[2022-11-06T03:21:11.784+0200] {logging_mixin.py:120} INFO - [2022-11-06T03:21:11.784+0200] {dag.py:2585} INFO - Sync 1 DAGs
[2022-11-06T03:21:11.801+0200] {logging_mixin.py:120} INFO - [2022-11-06T03:21:11.801+0200] {dag.py:3336} INFO - Setting next_dagrun for lesson2.exercise4 to 2018-01-01T00:00:00+00:00, run_after=2018-02-01T00:00:00+00:00
[2022-11-06T03:21:11.819+0200] {processor.py:176} INFO - Processing /Users/mnagy99/airflow/dags/lesson2_solutions/solution4.py took 1.622 seconds
[2022-11-06T03:25:08.844+0200] {processor.py:154} INFO - Started process (PID=7194) to work on /Users/mnagy99/airflow/dags/lesson2_solutions/solution4.py
[2022-11-06T03:25:08.845+0200] {processor.py:756} INFO - Processing file /Users/mnagy99/airflow/dags/lesson2_solutions/solution4.py for tasks to queue
[2022-11-06T03:25:08.846+0200] {logging_mixin.py:120} INFO - [2022-11-06T03:25:08.846+0200] {dagbag.py:537} INFO - Filling up the DagBag from /Users/mnagy99/airflow/dags/lesson2_solutions/solution4.py
[2022-11-06T03:25:09.644+0200] {processor.py:766} INFO - DAG(s) dict_keys(['lesson2.exercise4']) retrieved from /Users/mnagy99/airflow/dags/lesson2_solutions/solution4.py
[2022-11-06T03:25:10.039+0200] {logging_mixin.py:120} INFO - [2022-11-06T03:25:10.039+0200] {dag.py:2585} INFO - Sync 1 DAGs
[2022-11-06T03:25:10.054+0200] {logging_mixin.py:120} INFO - [2022-11-06T03:25:10.054+0200] {dag.py:3336} INFO - Setting next_dagrun for lesson2.exercise4 to 2018-01-01T00:00:00+00:00, run_after=2018-02-01T00:00:00+00:00
[2022-11-06T03:25:10.071+0200] {processor.py:176} INFO - Processing /Users/mnagy99/airflow/dags/lesson2_solutions/solution4.py took 1.227 seconds
[2022-11-06T03:29:13.435+0200] {processor.py:154} INFO - Started process (PID=7463) to work on /Users/mnagy99/airflow/dags/lesson2_solutions/solution4.py
[2022-11-06T03:29:13.436+0200] {processor.py:756} INFO - Processing file /Users/mnagy99/airflow/dags/lesson2_solutions/solution4.py for tasks to queue
[2022-11-06T03:29:13.436+0200] {logging_mixin.py:120} INFO - [2022-11-06T03:29:13.436+0200] {dagbag.py:537} INFO - Filling up the DagBag from /Users/mnagy99/airflow/dags/lesson2_solutions/solution4.py
[2022-11-06T03:29:14.246+0200] {processor.py:766} INFO - DAG(s) dict_keys(['lesson2.exercise4']) retrieved from /Users/mnagy99/airflow/dags/lesson2_solutions/solution4.py
[2022-11-06T03:29:14.661+0200] {logging_mixin.py:120} INFO - [2022-11-06T03:29:14.661+0200] {dag.py:2585} INFO - Sync 1 DAGs
[2022-11-06T03:29:14.675+0200] {logging_mixin.py:120} INFO - [2022-11-06T03:29:14.675+0200] {dag.py:3336} INFO - Setting next_dagrun for lesson2.exercise4 to 2018-01-01T00:00:00+00:00, run_after=2018-02-01T00:00:00+00:00
[2022-11-06T03:29:14.692+0200] {processor.py:176} INFO - Processing /Users/mnagy99/airflow/dags/lesson2_solutions/solution4.py took 1.258 seconds
[2022-11-06T03:33:17.030+0200] {processor.py:154} INFO - Started process (PID=7717) to work on /Users/mnagy99/airflow/dags/lesson2_solutions/solution4.py
[2022-11-06T03:33:17.033+0200] {processor.py:756} INFO - Processing file /Users/mnagy99/airflow/dags/lesson2_solutions/solution4.py for tasks to queue
[2022-11-06T03:33:17.033+0200] {logging_mixin.py:120} INFO - [2022-11-06T03:33:17.033+0200] {dagbag.py:537} INFO - Filling up the DagBag from /Users/mnagy99/airflow/dags/lesson2_solutions/solution4.py
[2022-11-06T03:33:17.920+0200] {processor.py:766} INFO - DAG(s) dict_keys(['lesson2.exercise4']) retrieved from /Users/mnagy99/airflow/dags/lesson2_solutions/solution4.py
[2022-11-06T03:33:18.347+0200] {logging_mixin.py:120} INFO - [2022-11-06T03:33:18.347+0200] {dag.py:2585} INFO - Sync 1 DAGs
[2022-11-06T03:33:18.363+0200] {logging_mixin.py:120} INFO - [2022-11-06T03:33:18.362+0200] {dag.py:3336} INFO - Setting next_dagrun for lesson2.exercise4 to 2018-01-01T00:00:00+00:00, run_after=2018-02-01T00:00:00+00:00
[2022-11-06T03:33:18.381+0200] {processor.py:176} INFO - Processing /Users/mnagy99/airflow/dags/lesson2_solutions/solution4.py took 1.352 seconds
[2022-11-06T03:37:31.861+0200] {processor.py:154} INFO - Started process (PID=8027) to work on /Users/mnagy99/airflow/dags/lesson2_solutions/solution4.py
[2022-11-06T03:37:31.863+0200] {processor.py:756} INFO - Processing file /Users/mnagy99/airflow/dags/lesson2_solutions/solution4.py for tasks to queue
[2022-11-06T03:37:31.864+0200] {logging_mixin.py:120} INFO - [2022-11-06T03:37:31.864+0200] {dagbag.py:537} INFO - Filling up the DagBag from /Users/mnagy99/airflow/dags/lesson2_solutions/solution4.py
[2022-11-06T03:37:32.698+0200] {processor.py:766} INFO - DAG(s) dict_keys(['lesson2.exercise4']) retrieved from /Users/mnagy99/airflow/dags/lesson2_solutions/solution4.py
[2022-11-06T03:37:33.132+0200] {logging_mixin.py:120} INFO - [2022-11-06T03:37:33.132+0200] {dag.py:2585} INFO - Sync 1 DAGs
[2022-11-06T03:37:33.148+0200] {logging_mixin.py:120} INFO - [2022-11-06T03:37:33.148+0200] {dag.py:3336} INFO - Setting next_dagrun for lesson2.exercise4 to 2018-01-01T00:00:00+00:00, run_after=2018-02-01T00:00:00+00:00
[2022-11-06T03:37:33.169+0200] {processor.py:176} INFO - Processing /Users/mnagy99/airflow/dags/lesson2_solutions/solution4.py took 1.309 seconds
[2022-11-06T03:41:30.152+0200] {processor.py:154} INFO - Started process (PID=8271) to work on /Users/mnagy99/airflow/dags/lesson2_solutions/solution4.py
[2022-11-06T03:41:30.155+0200] {processor.py:756} INFO - Processing file /Users/mnagy99/airflow/dags/lesson2_solutions/solution4.py for tasks to queue
[2022-11-06T03:41:30.155+0200] {logging_mixin.py:120} INFO - [2022-11-06T03:41:30.155+0200] {dagbag.py:537} INFO - Filling up the DagBag from /Users/mnagy99/airflow/dags/lesson2_solutions/solution4.py
[2022-11-06T03:41:30.988+0200] {processor.py:766} INFO - DAG(s) dict_keys(['lesson2.exercise4']) retrieved from /Users/mnagy99/airflow/dags/lesson2_solutions/solution4.py
[2022-11-06T03:41:31.413+0200] {logging_mixin.py:120} INFO - [2022-11-06T03:41:31.413+0200] {dag.py:2585} INFO - Sync 1 DAGs
[2022-11-06T03:41:31.429+0200] {logging_mixin.py:120} INFO - [2022-11-06T03:41:31.429+0200] {dag.py:3336} INFO - Setting next_dagrun for lesson2.exercise4 to 2018-01-01T00:00:00+00:00, run_after=2018-02-01T00:00:00+00:00
[2022-11-06T03:41:31.448+0200] {processor.py:176} INFO - Processing /Users/mnagy99/airflow/dags/lesson2_solutions/solution4.py took 1.296 seconds
[2022-11-06T03:45:31.997+0200] {processor.py:154} INFO - Started process (PID=8533) to work on /Users/mnagy99/airflow/dags/lesson2_solutions/solution4.py
[2022-11-06T03:45:31.999+0200] {processor.py:756} INFO - Processing file /Users/mnagy99/airflow/dags/lesson2_solutions/solution4.py for tasks to queue
[2022-11-06T03:45:32.000+0200] {logging_mixin.py:120} INFO - [2022-11-06T03:45:32.000+0200] {dagbag.py:537} INFO - Filling up the DagBag from /Users/mnagy99/airflow/dags/lesson2_solutions/solution4.py
[2022-11-06T03:45:32.903+0200] {processor.py:766} INFO - DAG(s) dict_keys(['lesson2.exercise4']) retrieved from /Users/mnagy99/airflow/dags/lesson2_solutions/solution4.py
[2022-11-06T03:45:33.297+0200] {logging_mixin.py:120} INFO - [2022-11-06T03:45:33.297+0200] {dag.py:2585} INFO - Sync 1 DAGs
[2022-11-06T03:45:33.313+0200] {logging_mixin.py:120} INFO - [2022-11-06T03:45:33.313+0200] {dag.py:3336} INFO - Setting next_dagrun for lesson2.exercise4 to 2018-01-01T00:00:00+00:00, run_after=2018-02-01T00:00:00+00:00
[2022-11-06T03:45:33.329+0200] {processor.py:176} INFO - Processing /Users/mnagy99/airflow/dags/lesson2_solutions/solution4.py took 1.333 seconds
[2022-11-06T03:49:41.126+0200] {processor.py:154} INFO - Started process (PID=8779) to work on /Users/mnagy99/airflow/dags/lesson2_solutions/solution4.py
[2022-11-06T03:49:41.128+0200] {processor.py:756} INFO - Processing file /Users/mnagy99/airflow/dags/lesson2_solutions/solution4.py for tasks to queue
[2022-11-06T03:49:41.129+0200] {logging_mixin.py:120} INFO - [2022-11-06T03:49:41.129+0200] {dagbag.py:537} INFO - Filling up the DagBag from /Users/mnagy99/airflow/dags/lesson2_solutions/solution4.py
[2022-11-06T03:49:42.063+0200] {processor.py:766} INFO - DAG(s) dict_keys(['lesson2.exercise4']) retrieved from /Users/mnagy99/airflow/dags/lesson2_solutions/solution4.py
[2022-11-06T03:49:42.450+0200] {logging_mixin.py:120} INFO - [2022-11-06T03:49:42.449+0200] {dag.py:2585} INFO - Sync 1 DAGs
[2022-11-06T03:49:42.465+0200] {logging_mixin.py:120} INFO - [2022-11-06T03:49:42.465+0200] {dag.py:3336} INFO - Setting next_dagrun for lesson2.exercise4 to 2018-01-01T00:00:00+00:00, run_after=2018-02-01T00:00:00+00:00
[2022-11-06T03:49:42.482+0200] {processor.py:176} INFO - Processing /Users/mnagy99/airflow/dags/lesson2_solutions/solution4.py took 1.358 seconds
[2022-11-06T03:53:57.597+0200] {processor.py:154} INFO - Started process (PID=9044) to work on /Users/mnagy99/airflow/dags/lesson2_solutions/solution4.py
[2022-11-06T03:53:57.599+0200] {processor.py:756} INFO - Processing file /Users/mnagy99/airflow/dags/lesson2_solutions/solution4.py for tasks to queue
[2022-11-06T03:53:57.599+0200] {logging_mixin.py:120} INFO - [2022-11-06T03:53:57.599+0200] {dagbag.py:537} INFO - Filling up the DagBag from /Users/mnagy99/airflow/dags/lesson2_solutions/solution4.py
[2022-11-06T03:53:58.448+0200] {processor.py:766} INFO - DAG(s) dict_keys(['lesson2.exercise4']) retrieved from /Users/mnagy99/airflow/dags/lesson2_solutions/solution4.py
[2022-11-06T03:53:58.855+0200] {logging_mixin.py:120} INFO - [2022-11-06T03:53:58.855+0200] {dag.py:2585} INFO - Sync 1 DAGs
[2022-11-06T03:53:58.870+0200] {logging_mixin.py:120} INFO - [2022-11-06T03:53:58.870+0200] {dag.py:3336} INFO - Setting next_dagrun for lesson2.exercise4 to 2018-01-01T00:00:00+00:00, run_after=2018-02-01T00:00:00+00:00
[2022-11-06T03:53:58.890+0200] {processor.py:176} INFO - Processing /Users/mnagy99/airflow/dags/lesson2_solutions/solution4.py took 1.294 seconds
[2022-11-06T03:58:32.667+0200] {processor.py:154} INFO - Started process (PID=9314) to work on /Users/mnagy99/airflow/dags/lesson2_solutions/solution4.py
[2022-11-06T03:58:32.669+0200] {processor.py:756} INFO - Processing file /Users/mnagy99/airflow/dags/lesson2_solutions/solution4.py for tasks to queue
[2022-11-06T03:58:32.669+0200] {logging_mixin.py:120} INFO - [2022-11-06T03:58:32.669+0200] {dagbag.py:537} INFO - Filling up the DagBag from /Users/mnagy99/airflow/dags/lesson2_solutions/solution4.py
[2022-11-06T03:58:33.571+0200] {processor.py:766} INFO - DAG(s) dict_keys(['lesson2.exercise4']) retrieved from /Users/mnagy99/airflow/dags/lesson2_solutions/solution4.py
[2022-11-06T03:58:33.966+0200] {logging_mixin.py:120} INFO - [2022-11-06T03:58:33.966+0200] {dag.py:2585} INFO - Sync 1 DAGs
[2022-11-06T03:58:33.982+0200] {logging_mixin.py:120} INFO - [2022-11-06T03:58:33.982+0200] {dag.py:3336} INFO - Setting next_dagrun for lesson2.exercise4 to 2018-01-01T00:00:00+00:00, run_after=2018-02-01T00:00:00+00:00
[2022-11-06T03:58:34.002+0200] {processor.py:176} INFO - Processing /Users/mnagy99/airflow/dags/lesson2_solutions/solution4.py took 1.336 seconds
[2022-11-06T04:03:17.647+0200] {processor.py:154} INFO - Started process (PID=9609) to work on /Users/mnagy99/airflow/dags/lesson2_solutions/solution4.py
[2022-11-06T04:03:17.649+0200] {processor.py:756} INFO - Processing file /Users/mnagy99/airflow/dags/lesson2_solutions/solution4.py for tasks to queue
[2022-11-06T04:03:17.650+0200] {logging_mixin.py:120} INFO - [2022-11-06T04:03:17.650+0200] {dagbag.py:537} INFO - Filling up the DagBag from /Users/mnagy99/airflow/dags/lesson2_solutions/solution4.py
[2022-11-06T04:03:18.483+0200] {processor.py:766} INFO - DAG(s) dict_keys(['lesson2.exercise4']) retrieved from /Users/mnagy99/airflow/dags/lesson2_solutions/solution4.py
[2022-11-06T04:03:18.918+0200] {logging_mixin.py:120} INFO - [2022-11-06T04:03:18.918+0200] {dag.py:2585} INFO - Sync 1 DAGs
[2022-11-06T04:03:18.935+0200] {logging_mixin.py:120} INFO - [2022-11-06T04:03:18.935+0200] {dag.py:3336} INFO - Setting next_dagrun for lesson2.exercise4 to 2018-01-01T00:00:00+00:00, run_after=2018-02-01T00:00:00+00:00
[2022-11-06T04:03:18.953+0200] {processor.py:176} INFO - Processing /Users/mnagy99/airflow/dags/lesson2_solutions/solution4.py took 1.307 seconds
[2022-11-06T04:07:57.243+0200] {processor.py:154} INFO - Started process (PID=9904) to work on /Users/mnagy99/airflow/dags/lesson2_solutions/solution4.py
[2022-11-06T04:07:57.246+0200] {processor.py:756} INFO - Processing file /Users/mnagy99/airflow/dags/lesson2_solutions/solution4.py for tasks to queue
[2022-11-06T04:07:57.246+0200] {logging_mixin.py:120} INFO - [2022-11-06T04:07:57.246+0200] {dagbag.py:537} INFO - Filling up the DagBag from /Users/mnagy99/airflow/dags/lesson2_solutions/solution4.py
[2022-11-06T04:07:58.077+0200] {processor.py:766} INFO - DAG(s) dict_keys(['lesson2.exercise4']) retrieved from /Users/mnagy99/airflow/dags/lesson2_solutions/solution4.py
[2022-11-06T04:07:58.460+0200] {logging_mixin.py:120} INFO - [2022-11-06T04:07:58.460+0200] {dag.py:2585} INFO - Sync 1 DAGs
[2022-11-06T04:07:58.476+0200] {logging_mixin.py:120} INFO - [2022-11-06T04:07:58.476+0200] {dag.py:3336} INFO - Setting next_dagrun for lesson2.exercise4 to 2018-01-01T00:00:00+00:00, run_after=2018-02-01T00:00:00+00:00
[2022-11-06T04:07:58.492+0200] {processor.py:176} INFO - Processing /Users/mnagy99/airflow/dags/lesson2_solutions/solution4.py took 1.249 seconds
[2022-11-06T04:12:27.613+0200] {processor.py:154} INFO - Started process (PID=10187) to work on /Users/mnagy99/airflow/dags/lesson2_solutions/solution4.py
[2022-11-06T04:12:27.616+0200] {processor.py:756} INFO - Processing file /Users/mnagy99/airflow/dags/lesson2_solutions/solution4.py for tasks to queue
[2022-11-06T04:12:27.616+0200] {logging_mixin.py:120} INFO - [2022-11-06T04:12:27.616+0200] {dagbag.py:537} INFO - Filling up the DagBag from /Users/mnagy99/airflow/dags/lesson2_solutions/solution4.py
[2022-11-06T04:12:28.437+0200] {processor.py:766} INFO - DAG(s) dict_keys(['lesson2.exercise4']) retrieved from /Users/mnagy99/airflow/dags/lesson2_solutions/solution4.py
[2022-11-06T04:12:28.809+0200] {logging_mixin.py:120} INFO - [2022-11-06T04:12:28.809+0200] {dag.py:2585} INFO - Sync 1 DAGs
[2022-11-06T04:12:28.824+0200] {logging_mixin.py:120} INFO - [2022-11-06T04:12:28.824+0200] {dag.py:3336} INFO - Setting next_dagrun for lesson2.exercise4 to 2018-01-01T00:00:00+00:00, run_after=2018-02-01T00:00:00+00:00
[2022-11-06T04:12:28.841+0200] {processor.py:176} INFO - Processing /Users/mnagy99/airflow/dags/lesson2_solutions/solution4.py took 1.229 seconds
[2022-11-06T04:16:46.028+0200] {processor.py:154} INFO - Started process (PID=10456) to work on /Users/mnagy99/airflow/dags/lesson2_solutions/solution4.py
[2022-11-06T04:16:46.031+0200] {processor.py:756} INFO - Processing file /Users/mnagy99/airflow/dags/lesson2_solutions/solution4.py for tasks to queue
[2022-11-06T04:16:46.031+0200] {logging_mixin.py:120} INFO - [2022-11-06T04:16:46.031+0200] {dagbag.py:537} INFO - Filling up the DagBag from /Users/mnagy99/airflow/dags/lesson2_solutions/solution4.py
[2022-11-06T04:16:46.813+0200] {processor.py:766} INFO - DAG(s) dict_keys(['lesson2.exercise4']) retrieved from /Users/mnagy99/airflow/dags/lesson2_solutions/solution4.py
[2022-11-06T04:16:47.196+0200] {logging_mixin.py:120} INFO - [2022-11-06T04:16:47.195+0200] {dag.py:2585} INFO - Sync 1 DAGs
[2022-11-06T04:16:47.211+0200] {logging_mixin.py:120} INFO - [2022-11-06T04:16:47.211+0200] {dag.py:3336} INFO - Setting next_dagrun for lesson2.exercise4 to 2018-01-01T00:00:00+00:00, run_after=2018-02-01T00:00:00+00:00
[2022-11-06T04:16:47.229+0200] {processor.py:176} INFO - Processing /Users/mnagy99/airflow/dags/lesson2_solutions/solution4.py took 1.201 seconds
