[2022-11-06T02:03:39.342+0200] {processor.py:154} INFO - Started process (PID=2121) to work on /Users/mnagy99/airflow/dags/lesson2_solutions/solution2.py
[2022-11-06T02:03:39.343+0200] {processor.py:756} INFO - Processing file /Users/mnagy99/airflow/dags/lesson2_solutions/solution2.py for tasks to queue
[2022-11-06T02:03:39.343+0200] {logging_mixin.py:120} INFO - [2022-11-06T02:03:39.343+0200] {dagbag.py:537} INFO - Filling up the DagBag from /Users/mnagy99/airflow/dags/lesson2_solutions/solution2.py
[2022-11-06T02:03:40.233+0200] {processor.py:766} INFO - DAG(s) dict_keys(['lesson2.exercise2']) retrieved from /Users/mnagy99/airflow/dags/lesson2_solutions/solution2.py
[2022-11-06T02:03:40.669+0200] {logging_mixin.py:120} INFO - [2022-11-06T02:03:40.668+0200] {dag.py:2585} INFO - Sync 1 DAGs
[2022-11-06T02:03:40.688+0200] {logging_mixin.py:120} INFO - [2022-11-06T02:03:40.688+0200] {dag.py:3336} INFO - Setting next_dagrun for lesson2.exercise2 to 2018-01-01T00:00:00+00:00, run_after=2018-02-01T00:00:00+00:00
[2022-11-06T02:03:40.733+0200] {processor.py:176} INFO - Processing /Users/mnagy99/airflow/dags/lesson2_solutions/solution2.py took 1.392 seconds
[2022-11-06T02:08:15.302+0200] {processor.py:154} INFO - Started process (PID=2379) to work on /Users/mnagy99/airflow/dags/lesson2_solutions/solution2.py
[2022-11-06T02:08:15.304+0200] {processor.py:756} INFO - Processing file /Users/mnagy99/airflow/dags/lesson2_solutions/solution2.py for tasks to queue
[2022-11-06T02:08:15.305+0200] {logging_mixin.py:120} INFO - [2022-11-06T02:08:15.305+0200] {dagbag.py:537} INFO - Filling up the DagBag from /Users/mnagy99/airflow/dags/lesson2_solutions/solution2.py
[2022-11-06T02:08:16.210+0200] {processor.py:766} INFO - DAG(s) dict_keys(['lesson2.exercise2']) retrieved from /Users/mnagy99/airflow/dags/lesson2_solutions/solution2.py
[2022-11-06T02:08:16.642+0200] {logging_mixin.py:120} INFO - [2022-11-06T02:08:16.642+0200] {dag.py:2585} INFO - Sync 1 DAGs
[2022-11-06T02:08:16.659+0200] {logging_mixin.py:120} INFO - [2022-11-06T02:08:16.659+0200] {dag.py:3336} INFO - Setting next_dagrun for lesson2.exercise2 to 2018-01-01T00:00:00+00:00, run_after=2018-02-01T00:00:00+00:00
[2022-11-06T02:08:16.678+0200] {processor.py:176} INFO - Processing /Users/mnagy99/airflow/dags/lesson2_solutions/solution2.py took 1.378 seconds
[2022-11-06T02:12:44.545+0200] {processor.py:154} INFO - Started process (PID=2635) to work on /Users/mnagy99/airflow/dags/lesson2_solutions/solution2.py
[2022-11-06T02:12:44.547+0200] {processor.py:756} INFO - Processing file /Users/mnagy99/airflow/dags/lesson2_solutions/solution2.py for tasks to queue
[2022-11-06T02:12:44.548+0200] {logging_mixin.py:120} INFO - [2022-11-06T02:12:44.548+0200] {dagbag.py:537} INFO - Filling up the DagBag from /Users/mnagy99/airflow/dags/lesson2_solutions/solution2.py
[2022-11-06T02:12:45.519+0200] {processor.py:766} INFO - DAG(s) dict_keys(['lesson2.exercise2']) retrieved from /Users/mnagy99/airflow/dags/lesson2_solutions/solution2.py
[2022-11-06T02:12:46.090+0200] {logging_mixin.py:120} INFO - [2022-11-06T02:12:46.090+0200] {dag.py:2585} INFO - Sync 1 DAGs
[2022-11-06T02:12:46.106+0200] {logging_mixin.py:120} INFO - [2022-11-06T02:12:46.106+0200] {dag.py:3336} INFO - Setting next_dagrun for lesson2.exercise2 to 2018-01-01T00:00:00+00:00, run_after=2018-02-01T00:00:00+00:00
[2022-11-06T02:12:46.125+0200] {processor.py:176} INFO - Processing /Users/mnagy99/airflow/dags/lesson2_solutions/solution2.py took 1.581 seconds
[2022-11-06T02:17:21.650+0200] {processor.py:154} INFO - Started process (PID=2980) to work on /Users/mnagy99/airflow/dags/lesson2_solutions/solution2.py
[2022-11-06T02:17:21.653+0200] {processor.py:756} INFO - Processing file /Users/mnagy99/airflow/dags/lesson2_solutions/solution2.py for tasks to queue
[2022-11-06T02:17:21.654+0200] {logging_mixin.py:120} INFO - [2022-11-06T02:17:21.653+0200] {dagbag.py:537} INFO - Filling up the DagBag from /Users/mnagy99/airflow/dags/lesson2_solutions/solution2.py
[2022-11-06T02:17:22.586+0200] {processor.py:766} INFO - DAG(s) dict_keys(['lesson2.exercise2']) retrieved from /Users/mnagy99/airflow/dags/lesson2_solutions/solution2.py
[2022-11-06T02:17:23.021+0200] {logging_mixin.py:120} INFO - [2022-11-06T02:17:23.020+0200] {dag.py:2585} INFO - Sync 1 DAGs
[2022-11-06T02:17:23.036+0200] {logging_mixin.py:120} INFO - [2022-11-06T02:17:23.036+0200] {dag.py:3336} INFO - Setting next_dagrun for lesson2.exercise2 to 2018-01-01T00:00:00+00:00, run_after=2018-02-01T00:00:00+00:00
[2022-11-06T02:17:23.054+0200] {processor.py:176} INFO - Processing /Users/mnagy99/airflow/dags/lesson2_solutions/solution2.py took 1.404 seconds
[2022-11-06T02:21:40.926+0200] {processor.py:154} INFO - Started process (PID=3247) to work on /Users/mnagy99/airflow/dags/lesson2_solutions/solution2.py
[2022-11-06T02:21:40.928+0200] {processor.py:756} INFO - Processing file /Users/mnagy99/airflow/dags/lesson2_solutions/solution2.py for tasks to queue
[2022-11-06T02:21:40.929+0200] {logging_mixin.py:120} INFO - [2022-11-06T02:21:40.929+0200] {dagbag.py:537} INFO - Filling up the DagBag from /Users/mnagy99/airflow/dags/lesson2_solutions/solution2.py
[2022-11-06T02:21:41.758+0200] {processor.py:766} INFO - DAG(s) dict_keys(['lesson2.exercise2']) retrieved from /Users/mnagy99/airflow/dags/lesson2_solutions/solution2.py
[2022-11-06T02:21:42.173+0200] {logging_mixin.py:120} INFO - [2022-11-06T02:21:42.173+0200] {dag.py:2585} INFO - Sync 1 DAGs
[2022-11-06T02:21:42.189+0200] {logging_mixin.py:120} INFO - [2022-11-06T02:21:42.189+0200] {dag.py:3336} INFO - Setting next_dagrun for lesson2.exercise2 to 2018-01-01T00:00:00+00:00, run_after=2018-02-01T00:00:00+00:00
[2022-11-06T02:21:42.205+0200] {processor.py:176} INFO - Processing /Users/mnagy99/airflow/dags/lesson2_solutions/solution2.py took 1.280 seconds
[2022-11-06T02:26:02.259+0200] {processor.py:154} INFO - Started process (PID=3525) to work on /Users/mnagy99/airflow/dags/lesson2_solutions/solution2.py
[2022-11-06T02:26:02.261+0200] {processor.py:756} INFO - Processing file /Users/mnagy99/airflow/dags/lesson2_solutions/solution2.py for tasks to queue
[2022-11-06T02:26:02.262+0200] {logging_mixin.py:120} INFO - [2022-11-06T02:26:02.261+0200] {dagbag.py:537} INFO - Filling up the DagBag from /Users/mnagy99/airflow/dags/lesson2_solutions/solution2.py
[2022-11-06T02:26:03.091+0200] {processor.py:766} INFO - DAG(s) dict_keys(['lesson2.exercise2']) retrieved from /Users/mnagy99/airflow/dags/lesson2_solutions/solution2.py
[2022-11-06T02:26:03.506+0200] {logging_mixin.py:120} INFO - [2022-11-06T02:26:03.506+0200] {dag.py:2585} INFO - Sync 1 DAGs
[2022-11-06T02:26:03.522+0200] {logging_mixin.py:120} INFO - [2022-11-06T02:26:03.522+0200] {dag.py:3336} INFO - Setting next_dagrun for lesson2.exercise2 to 2018-01-01T00:00:00+00:00, run_after=2018-02-01T00:00:00+00:00
[2022-11-06T02:26:03.542+0200] {processor.py:176} INFO - Processing /Users/mnagy99/airflow/dags/lesson2_solutions/solution2.py took 1.284 seconds
[2022-11-06T02:30:26.814+0200] {processor.py:154} INFO - Started process (PID=3817) to work on /Users/mnagy99/airflow/dags/lesson2_solutions/solution2.py
[2022-11-06T02:30:26.816+0200] {processor.py:756} INFO - Processing file /Users/mnagy99/airflow/dags/lesson2_solutions/solution2.py for tasks to queue
[2022-11-06T02:30:26.817+0200] {logging_mixin.py:120} INFO - [2022-11-06T02:30:26.817+0200] {dagbag.py:537} INFO - Filling up the DagBag from /Users/mnagy99/airflow/dags/lesson2_solutions/solution2.py
[2022-11-06T02:30:27.607+0200] {processor.py:766} INFO - DAG(s) dict_keys(['lesson2.exercise2']) retrieved from /Users/mnagy99/airflow/dags/lesson2_solutions/solution2.py
[2022-11-06T02:30:27.982+0200] {logging_mixin.py:120} INFO - [2022-11-06T02:30:27.982+0200] {dag.py:2585} INFO - Sync 1 DAGs
[2022-11-06T02:30:27.998+0200] {logging_mixin.py:120} INFO - [2022-11-06T02:30:27.997+0200] {dag.py:3336} INFO - Setting next_dagrun for lesson2.exercise2 to 2018-01-01T00:00:00+00:00, run_after=2018-02-01T00:00:00+00:00
[2022-11-06T02:30:28.014+0200] {processor.py:176} INFO - Processing /Users/mnagy99/airflow/dags/lesson2_solutions/solution2.py took 1.201 seconds
[2022-11-06T02:34:49.757+0200] {processor.py:154} INFO - Started process (PID=4113) to work on /Users/mnagy99/airflow/dags/lesson2_solutions/solution2.py
[2022-11-06T02:34:49.759+0200] {processor.py:756} INFO - Processing file /Users/mnagy99/airflow/dags/lesson2_solutions/solution2.py for tasks to queue
[2022-11-06T02:34:49.760+0200] {logging_mixin.py:120} INFO - [2022-11-06T02:34:49.760+0200] {dagbag.py:537} INFO - Filling up the DagBag from /Users/mnagy99/airflow/dags/lesson2_solutions/solution2.py
[2022-11-06T02:34:50.555+0200] {processor.py:766} INFO - DAG(s) dict_keys(['lesson2.exercise2']) retrieved from /Users/mnagy99/airflow/dags/lesson2_solutions/solution2.py
[2022-11-06T02:34:50.946+0200] {logging_mixin.py:120} INFO - [2022-11-06T02:34:50.946+0200] {dag.py:2585} INFO - Sync 1 DAGs
[2022-11-06T02:34:50.961+0200] {logging_mixin.py:120} INFO - [2022-11-06T02:34:50.961+0200] {dag.py:3336} INFO - Setting next_dagrun for lesson2.exercise2 to 2018-01-01T00:00:00+00:00, run_after=2018-02-01T00:00:00+00:00
[2022-11-06T02:34:50.979+0200] {processor.py:176} INFO - Processing /Users/mnagy99/airflow/dags/lesson2_solutions/solution2.py took 1.223 seconds
[2022-11-06T02:39:11.630+0200] {processor.py:154} INFO - Started process (PID=4385) to work on /Users/mnagy99/airflow/dags/lesson2_solutions/solution2.py
[2022-11-06T02:39:11.633+0200] {processor.py:756} INFO - Processing file /Users/mnagy99/airflow/dags/lesson2_solutions/solution2.py for tasks to queue
[2022-11-06T02:39:11.634+0200] {logging_mixin.py:120} INFO - [2022-11-06T02:39:11.633+0200] {dagbag.py:537} INFO - Filling up the DagBag from /Users/mnagy99/airflow/dags/lesson2_solutions/solution2.py
[2022-11-06T02:39:12.432+0200] {processor.py:766} INFO - DAG(s) dict_keys(['lesson2.exercise2']) retrieved from /Users/mnagy99/airflow/dags/lesson2_solutions/solution2.py
[2022-11-06T02:39:12.806+0200] {logging_mixin.py:120} INFO - [2022-11-06T02:39:12.806+0200] {dag.py:2585} INFO - Sync 1 DAGs
[2022-11-06T02:39:12.821+0200] {logging_mixin.py:120} INFO - [2022-11-06T02:39:12.821+0200] {dag.py:3336} INFO - Setting next_dagrun for lesson2.exercise2 to 2018-01-01T00:00:00+00:00, run_after=2018-02-01T00:00:00+00:00
[2022-11-06T02:39:12.839+0200] {processor.py:176} INFO - Processing /Users/mnagy99/airflow/dags/lesson2_solutions/solution2.py took 1.209 seconds
[2022-11-06T02:44:00.286+0200] {processor.py:154} INFO - Started process (PID=4692) to work on /Users/mnagy99/airflow/dags/lesson2_solutions/solution2.py
[2022-11-06T02:44:00.289+0200] {processor.py:756} INFO - Processing file /Users/mnagy99/airflow/dags/lesson2_solutions/solution2.py for tasks to queue
[2022-11-06T02:44:00.289+0200] {logging_mixin.py:120} INFO - [2022-11-06T02:44:00.289+0200] {dagbag.py:537} INFO - Filling up the DagBag from /Users/mnagy99/airflow/dags/lesson2_solutions/solution2.py
[2022-11-06T02:44:01.178+0200] {processor.py:766} INFO - DAG(s) dict_keys(['lesson2.exercise2']) retrieved from /Users/mnagy99/airflow/dags/lesson2_solutions/solution2.py
[2022-11-06T02:44:01.593+0200] {logging_mixin.py:120} INFO - [2022-11-06T02:44:01.592+0200] {dag.py:2585} INFO - Sync 1 DAGs
[2022-11-06T02:44:01.608+0200] {logging_mixin.py:120} INFO - [2022-11-06T02:44:01.608+0200] {dag.py:3336} INFO - Setting next_dagrun for lesson2.exercise2 to 2018-01-01T00:00:00+00:00, run_after=2018-02-01T00:00:00+00:00
[2022-11-06T02:44:01.627+0200] {processor.py:176} INFO - Processing /Users/mnagy99/airflow/dags/lesson2_solutions/solution2.py took 1.342 seconds
[2022-11-06T02:48:25.451+0200] {processor.py:154} INFO - Started process (PID=4959) to work on /Users/mnagy99/airflow/dags/lesson2_solutions/solution2.py
[2022-11-06T02:48:25.452+0200] {processor.py:756} INFO - Processing file /Users/mnagy99/airflow/dags/lesson2_solutions/solution2.py for tasks to queue
[2022-11-06T02:48:25.453+0200] {logging_mixin.py:120} INFO - [2022-11-06T02:48:25.453+0200] {dagbag.py:537} INFO - Filling up the DagBag from /Users/mnagy99/airflow/dags/lesson2_solutions/solution2.py
[2022-11-06T02:48:26.223+0200] {processor.py:766} INFO - DAG(s) dict_keys(['lesson2.exercise2']) retrieved from /Users/mnagy99/airflow/dags/lesson2_solutions/solution2.py
[2022-11-06T02:48:26.597+0200] {logging_mixin.py:120} INFO - [2022-11-06T02:48:26.597+0200] {dag.py:2585} INFO - Sync 1 DAGs
[2022-11-06T02:48:26.612+0200] {logging_mixin.py:120} INFO - [2022-11-06T02:48:26.612+0200] {dag.py:3336} INFO - Setting next_dagrun for lesson2.exercise2 to 2018-01-01T00:00:00+00:00, run_after=2018-02-01T00:00:00+00:00
[2022-11-06T02:48:26.630+0200] {processor.py:176} INFO - Processing /Users/mnagy99/airflow/dags/lesson2_solutions/solution2.py took 1.180 seconds
[2022-11-06T02:52:36.548+0200] {processor.py:154} INFO - Started process (PID=5209) to work on /Users/mnagy99/airflow/dags/lesson2_solutions/solution2.py
[2022-11-06T02:52:36.551+0200] {processor.py:756} INFO - Processing file /Users/mnagy99/airflow/dags/lesson2_solutions/solution2.py for tasks to queue
[2022-11-06T02:52:36.551+0200] {logging_mixin.py:120} INFO - [2022-11-06T02:52:36.551+0200] {dagbag.py:537} INFO - Filling up the DagBag from /Users/mnagy99/airflow/dags/lesson2_solutions/solution2.py
[2022-11-06T02:52:37.345+0200] {processor.py:766} INFO - DAG(s) dict_keys(['lesson2.exercise2']) retrieved from /Users/mnagy99/airflow/dags/lesson2_solutions/solution2.py
[2022-11-06T02:52:37.717+0200] {logging_mixin.py:120} INFO - [2022-11-06T02:52:37.716+0200] {dag.py:2585} INFO - Sync 1 DAGs
[2022-11-06T02:52:37.732+0200] {logging_mixin.py:120} INFO - [2022-11-06T02:52:37.732+0200] {dag.py:3336} INFO - Setting next_dagrun for lesson2.exercise2 to 2018-01-01T00:00:00+00:00, run_after=2018-02-01T00:00:00+00:00
[2022-11-06T02:52:37.753+0200] {processor.py:176} INFO - Processing /Users/mnagy99/airflow/dags/lesson2_solutions/solution2.py took 1.205 seconds
[2022-11-06T02:56:58.913+0200] {processor.py:154} INFO - Started process (PID=5477) to work on /Users/mnagy99/airflow/dags/lesson2_solutions/solution2.py
[2022-11-06T02:56:58.916+0200] {processor.py:756} INFO - Processing file /Users/mnagy99/airflow/dags/lesson2_solutions/solution2.py for tasks to queue
[2022-11-06T02:56:58.916+0200] {logging_mixin.py:120} INFO - [2022-11-06T02:56:58.916+0200] {dagbag.py:537} INFO - Filling up the DagBag from /Users/mnagy99/airflow/dags/lesson2_solutions/solution2.py
[2022-11-06T02:56:59.791+0200] {processor.py:766} INFO - DAG(s) dict_keys(['lesson2.exercise2']) retrieved from /Users/mnagy99/airflow/dags/lesson2_solutions/solution2.py
[2022-11-06T02:57:00.173+0200] {logging_mixin.py:120} INFO - [2022-11-06T02:57:00.173+0200] {dag.py:2585} INFO - Sync 1 DAGs
[2022-11-06T02:57:00.189+0200] {logging_mixin.py:120} INFO - [2022-11-06T02:57:00.189+0200] {dag.py:3336} INFO - Setting next_dagrun for lesson2.exercise2 to 2018-01-01T00:00:00+00:00, run_after=2018-02-01T00:00:00+00:00
[2022-11-06T02:57:00.204+0200] {processor.py:176} INFO - Processing /Users/mnagy99/airflow/dags/lesson2_solutions/solution2.py took 1.291 seconds
[2022-11-06T03:01:49.471+0200] {processor.py:154} INFO - Started process (PID=5755) to work on /Users/mnagy99/airflow/dags/lesson2_solutions/solution2.py
[2022-11-06T03:01:49.472+0200] {processor.py:756} INFO - Processing file /Users/mnagy99/airflow/dags/lesson2_solutions/solution2.py for tasks to queue
[2022-11-06T03:01:49.473+0200] {logging_mixin.py:120} INFO - [2022-11-06T03:01:49.473+0200] {dagbag.py:537} INFO - Filling up the DagBag from /Users/mnagy99/airflow/dags/lesson2_solutions/solution2.py
[2022-11-06T03:01:50.267+0200] {processor.py:766} INFO - DAG(s) dict_keys(['lesson2.exercise2']) retrieved from /Users/mnagy99/airflow/dags/lesson2_solutions/solution2.py
[2022-11-06T03:01:50.642+0200] {logging_mixin.py:120} INFO - [2022-11-06T03:01:50.642+0200] {dag.py:2585} INFO - Sync 1 DAGs
[2022-11-06T03:01:50.658+0200] {logging_mixin.py:120} INFO - [2022-11-06T03:01:50.658+0200] {dag.py:3336} INFO - Setting next_dagrun for lesson2.exercise2 to 2018-01-01T00:00:00+00:00, run_after=2018-02-01T00:00:00+00:00
[2022-11-06T03:01:50.674+0200] {processor.py:176} INFO - Processing /Users/mnagy99/airflow/dags/lesson2_solutions/solution2.py took 1.204 seconds
[2022-11-06T03:06:32.224+0200] {processor.py:154} INFO - Started process (PID=6022) to work on /Users/mnagy99/airflow/dags/lesson2_solutions/solution2.py
[2022-11-06T03:06:32.226+0200] {processor.py:756} INFO - Processing file /Users/mnagy99/airflow/dags/lesson2_solutions/solution2.py for tasks to queue
[2022-11-06T03:06:32.227+0200] {logging_mixin.py:120} INFO - [2022-11-06T03:06:32.227+0200] {dagbag.py:537} INFO - Filling up the DagBag from /Users/mnagy99/airflow/dags/lesson2_solutions/solution2.py
[2022-11-06T03:06:33.012+0200] {processor.py:766} INFO - DAG(s) dict_keys(['lesson2.exercise2']) retrieved from /Users/mnagy99/airflow/dags/lesson2_solutions/solution2.py
[2022-11-06T03:06:33.420+0200] {logging_mixin.py:120} INFO - [2022-11-06T03:06:33.419+0200] {dag.py:2585} INFO - Sync 1 DAGs
[2022-11-06T03:06:33.435+0200] {logging_mixin.py:120} INFO - [2022-11-06T03:06:33.435+0200] {dag.py:3336} INFO - Setting next_dagrun for lesson2.exercise2 to 2018-01-01T00:00:00+00:00, run_after=2018-02-01T00:00:00+00:00
[2022-11-06T03:06:33.454+0200] {processor.py:176} INFO - Processing /Users/mnagy99/airflow/dags/lesson2_solutions/solution2.py took 1.231 seconds
[2022-11-06T03:10:52.665+0200] {processor.py:154} INFO - Started process (PID=6292) to work on /Users/mnagy99/airflow/dags/lesson2_solutions/solution2.py
[2022-11-06T03:10:52.668+0200] {processor.py:756} INFO - Processing file /Users/mnagy99/airflow/dags/lesson2_solutions/solution2.py for tasks to queue
[2022-11-06T03:10:52.669+0200] {logging_mixin.py:120} INFO - [2022-11-06T03:10:52.668+0200] {dagbag.py:537} INFO - Filling up the DagBag from /Users/mnagy99/airflow/dags/lesson2_solutions/solution2.py
[2022-11-06T03:10:53.442+0200] {processor.py:766} INFO - DAG(s) dict_keys(['lesson2.exercise2']) retrieved from /Users/mnagy99/airflow/dags/lesson2_solutions/solution2.py
[2022-11-06T03:10:53.830+0200] {logging_mixin.py:120} INFO - [2022-11-06T03:10:53.830+0200] {dag.py:2585} INFO - Sync 1 DAGs
[2022-11-06T03:10:53.845+0200] {logging_mixin.py:120} INFO - [2022-11-06T03:10:53.845+0200] {dag.py:3336} INFO - Setting next_dagrun for lesson2.exercise2 to 2018-01-01T00:00:00+00:00, run_after=2018-02-01T00:00:00+00:00
[2022-11-06T03:10:53.862+0200] {processor.py:176} INFO - Processing /Users/mnagy99/airflow/dags/lesson2_solutions/solution2.py took 1.197 seconds
[2022-11-06T03:15:02.105+0200] {processor.py:154} INFO - Started process (PID=6547) to work on /Users/mnagy99/airflow/dags/lesson2_solutions/solution2.py
[2022-11-06T03:15:02.108+0200] {processor.py:756} INFO - Processing file /Users/mnagy99/airflow/dags/lesson2_solutions/solution2.py for tasks to queue
[2022-11-06T03:15:02.108+0200] {logging_mixin.py:120} INFO - [2022-11-06T03:15:02.108+0200] {dagbag.py:537} INFO - Filling up the DagBag from /Users/mnagy99/airflow/dags/lesson2_solutions/solution2.py
[2022-11-06T03:15:02.886+0200] {processor.py:766} INFO - DAG(s) dict_keys(['lesson2.exercise2']) retrieved from /Users/mnagy99/airflow/dags/lesson2_solutions/solution2.py
[2022-11-06T03:15:03.277+0200] {logging_mixin.py:120} INFO - [2022-11-06T03:15:03.277+0200] {dag.py:2585} INFO - Sync 1 DAGs
[2022-11-06T03:15:03.293+0200] {logging_mixin.py:120} INFO - [2022-11-06T03:15:03.293+0200] {dag.py:3336} INFO - Setting next_dagrun for lesson2.exercise2 to 2018-01-01T00:00:00+00:00, run_after=2018-02-01T00:00:00+00:00
[2022-11-06T03:15:03.313+0200] {processor.py:176} INFO - Processing /Users/mnagy99/airflow/dags/lesson2_solutions/solution2.py took 1.209 seconds
[2022-11-06T03:18:56.522+0200] {processor.py:154} INFO - Started process (PID=6805) to work on /Users/mnagy99/airflow/dags/lesson2_solutions/solution2.py
[2022-11-06T03:18:56.539+0200] {processor.py:756} INFO - Processing file /Users/mnagy99/airflow/dags/lesson2_solutions/solution2.py for tasks to queue
[2022-11-06T03:18:56.539+0200] {logging_mixin.py:120} INFO - [2022-11-06T03:18:56.539+0200] {dagbag.py:537} INFO - Filling up the DagBag from /Users/mnagy99/airflow/dags/lesson2_solutions/solution2.py
[2022-11-06T03:18:57.419+0200] {processor.py:766} INFO - DAG(s) dict_keys(['lesson2.exercise2']) retrieved from /Users/mnagy99/airflow/dags/lesson2_solutions/solution2.py
[2022-11-06T03:18:57.836+0200] {logging_mixin.py:120} INFO - [2022-11-06T03:18:57.836+0200] {dag.py:2585} INFO - Sync 1 DAGs
[2022-11-06T03:18:57.851+0200] {logging_mixin.py:120} INFO - [2022-11-06T03:18:57.851+0200] {dag.py:3336} INFO - Setting next_dagrun for lesson2.exercise2 to 2018-01-01T00:00:00+00:00, run_after=2018-02-01T00:00:00+00:00
[2022-11-06T03:18:57.867+0200] {processor.py:176} INFO - Processing /Users/mnagy99/airflow/dags/lesson2_solutions/solution2.py took 1.356 seconds
[2022-11-06T03:23:00.231+0200] {processor.py:154} INFO - Started process (PID=7062) to work on /Users/mnagy99/airflow/dags/lesson2_solutions/solution2.py
[2022-11-06T03:23:00.233+0200] {processor.py:756} INFO - Processing file /Users/mnagy99/airflow/dags/lesson2_solutions/solution2.py for tasks to queue
[2022-11-06T03:23:00.233+0200] {logging_mixin.py:120} INFO - [2022-11-06T03:23:00.233+0200] {dagbag.py:537} INFO - Filling up the DagBag from /Users/mnagy99/airflow/dags/lesson2_solutions/solution2.py
[2022-11-06T03:23:01.245+0200] {processor.py:766} INFO - DAG(s) dict_keys(['lesson2.exercise2']) retrieved from /Users/mnagy99/airflow/dags/lesson2_solutions/solution2.py
[2022-11-06T03:23:01.681+0200] {logging_mixin.py:120} INFO - [2022-11-06T03:23:01.681+0200] {dag.py:2585} INFO - Sync 1 DAGs
[2022-11-06T03:23:01.698+0200] {logging_mixin.py:120} INFO - [2022-11-06T03:23:01.698+0200] {dag.py:3336} INFO - Setting next_dagrun for lesson2.exercise2 to 2018-01-01T00:00:00+00:00, run_after=2018-02-01T00:00:00+00:00
[2022-11-06T03:23:01.718+0200] {processor.py:176} INFO - Processing /Users/mnagy99/airflow/dags/lesson2_solutions/solution2.py took 1.488 seconds
[2022-11-06T03:26:56.708+0200] {processor.py:154} INFO - Started process (PID=7328) to work on /Users/mnagy99/airflow/dags/lesson2_solutions/solution2.py
[2022-11-06T03:26:56.710+0200] {processor.py:756} INFO - Processing file /Users/mnagy99/airflow/dags/lesson2_solutions/solution2.py for tasks to queue
[2022-11-06T03:26:56.711+0200] {logging_mixin.py:120} INFO - [2022-11-06T03:26:56.711+0200] {dagbag.py:537} INFO - Filling up the DagBag from /Users/mnagy99/airflow/dags/lesson2_solutions/solution2.py
[2022-11-06T03:26:57.499+0200] {processor.py:766} INFO - DAG(s) dict_keys(['lesson2.exercise2']) retrieved from /Users/mnagy99/airflow/dags/lesson2_solutions/solution2.py
[2022-11-06T03:26:57.878+0200] {logging_mixin.py:120} INFO - [2022-11-06T03:26:57.878+0200] {dag.py:2585} INFO - Sync 1 DAGs
[2022-11-06T03:26:57.893+0200] {logging_mixin.py:120} INFO - [2022-11-06T03:26:57.893+0200] {dag.py:3336} INFO - Setting next_dagrun for lesson2.exercise2 to 2018-01-01T00:00:00+00:00, run_after=2018-02-01T00:00:00+00:00
[2022-11-06T03:26:57.912+0200] {processor.py:176} INFO - Processing /Users/mnagy99/airflow/dags/lesson2_solutions/solution2.py took 1.205 seconds
[2022-11-06T03:30:57.071+0200] {processor.py:154} INFO - Started process (PID=7579) to work on /Users/mnagy99/airflow/dags/lesson2_solutions/solution2.py
[2022-11-06T03:30:57.074+0200] {processor.py:756} INFO - Processing file /Users/mnagy99/airflow/dags/lesson2_solutions/solution2.py for tasks to queue
[2022-11-06T03:30:57.074+0200] {logging_mixin.py:120} INFO - [2022-11-06T03:30:57.074+0200] {dagbag.py:537} INFO - Filling up the DagBag from /Users/mnagy99/airflow/dags/lesson2_solutions/solution2.py
[2022-11-06T03:30:57.992+0200] {processor.py:766} INFO - DAG(s) dict_keys(['lesson2.exercise2']) retrieved from /Users/mnagy99/airflow/dags/lesson2_solutions/solution2.py
[2022-11-06T03:30:58.503+0200] {logging_mixin.py:120} INFO - [2022-11-06T03:30:58.503+0200] {dag.py:2585} INFO - Sync 1 DAGs
[2022-11-06T03:30:58.524+0200] {logging_mixin.py:120} INFO - [2022-11-06T03:30:58.524+0200] {dag.py:3336} INFO - Setting next_dagrun for lesson2.exercise2 to 2018-01-01T00:00:00+00:00, run_after=2018-02-01T00:00:00+00:00
[2022-11-06T03:30:58.544+0200] {processor.py:176} INFO - Processing /Users/mnagy99/airflow/dags/lesson2_solutions/solution2.py took 1.473 seconds
[2022-11-06T03:35:15.606+0200] {processor.py:154} INFO - Started process (PID=7890) to work on /Users/mnagy99/airflow/dags/lesson2_solutions/solution2.py
[2022-11-06T03:35:15.609+0200] {processor.py:756} INFO - Processing file /Users/mnagy99/airflow/dags/lesson2_solutions/solution2.py for tasks to queue
[2022-11-06T03:35:15.609+0200] {logging_mixin.py:120} INFO - [2022-11-06T03:35:15.609+0200] {dagbag.py:537} INFO - Filling up the DagBag from /Users/mnagy99/airflow/dags/lesson2_solutions/solution2.py
[2022-11-06T03:35:16.404+0200] {processor.py:766} INFO - DAG(s) dict_keys(['lesson2.exercise2']) retrieved from /Users/mnagy99/airflow/dags/lesson2_solutions/solution2.py
[2022-11-06T03:35:16.828+0200] {logging_mixin.py:120} INFO - [2022-11-06T03:35:16.828+0200] {dag.py:2585} INFO - Sync 1 DAGs
[2022-11-06T03:35:16.845+0200] {logging_mixin.py:120} INFO - [2022-11-06T03:35:16.845+0200] {dag.py:3336} INFO - Setting next_dagrun for lesson2.exercise2 to 2018-01-01T00:00:00+00:00, run_after=2018-02-01T00:00:00+00:00
[2022-11-06T03:35:16.861+0200] {processor.py:176} INFO - Processing /Users/mnagy99/airflow/dags/lesson2_solutions/solution2.py took 1.256 seconds
[2022-11-06T03:39:19.681+0200] {processor.py:154} INFO - Started process (PID=8140) to work on /Users/mnagy99/airflow/dags/lesson2_solutions/solution2.py
[2022-11-06T03:39:19.684+0200] {processor.py:756} INFO - Processing file /Users/mnagy99/airflow/dags/lesson2_solutions/solution2.py for tasks to queue
[2022-11-06T03:39:19.684+0200] {logging_mixin.py:120} INFO - [2022-11-06T03:39:19.684+0200] {dagbag.py:537} INFO - Filling up the DagBag from /Users/mnagy99/airflow/dags/lesson2_solutions/solution2.py
[2022-11-06T03:39:20.457+0200] {processor.py:766} INFO - DAG(s) dict_keys(['lesson2.exercise2']) retrieved from /Users/mnagy99/airflow/dags/lesson2_solutions/solution2.py
[2022-11-06T03:39:20.861+0200] {logging_mixin.py:120} INFO - [2022-11-06T03:39:20.861+0200] {dag.py:2585} INFO - Sync 1 DAGs
[2022-11-06T03:39:20.877+0200] {logging_mixin.py:120} INFO - [2022-11-06T03:39:20.877+0200] {dag.py:3336} INFO - Setting next_dagrun for lesson2.exercise2 to 2018-01-01T00:00:00+00:00, run_after=2018-02-01T00:00:00+00:00
[2022-11-06T03:39:20.896+0200] {processor.py:176} INFO - Processing /Users/mnagy99/airflow/dags/lesson2_solutions/solution2.py took 1.216 seconds
[2022-11-06T03:43:17.540+0200] {processor.py:154} INFO - Started process (PID=8379) to work on /Users/mnagy99/airflow/dags/lesson2_solutions/solution2.py
[2022-11-06T03:43:17.543+0200] {processor.py:756} INFO - Processing file /Users/mnagy99/airflow/dags/lesson2_solutions/solution2.py for tasks to queue
[2022-11-06T03:43:17.543+0200] {logging_mixin.py:120} INFO - [2022-11-06T03:43:17.543+0200] {dagbag.py:537} INFO - Filling up the DagBag from /Users/mnagy99/airflow/dags/lesson2_solutions/solution2.py
[2022-11-06T03:43:18.403+0200] {processor.py:766} INFO - DAG(s) dict_keys(['lesson2.exercise2']) retrieved from /Users/mnagy99/airflow/dags/lesson2_solutions/solution2.py
[2022-11-06T03:43:18.772+0200] {logging_mixin.py:120} INFO - [2022-11-06T03:43:18.772+0200] {dag.py:2585} INFO - Sync 1 DAGs
[2022-11-06T03:43:18.787+0200] {logging_mixin.py:120} INFO - [2022-11-06T03:43:18.787+0200] {dag.py:3336} INFO - Setting next_dagrun for lesson2.exercise2 to 2018-01-01T00:00:00+00:00, run_after=2018-02-01T00:00:00+00:00
[2022-11-06T03:43:18.804+0200] {processor.py:176} INFO - Processing /Users/mnagy99/airflow/dags/lesson2_solutions/solution2.py took 1.265 seconds
[2022-11-06T03:47:21.990+0200] {processor.py:154} INFO - Started process (PID=8648) to work on /Users/mnagy99/airflow/dags/lesson2_solutions/solution2.py
[2022-11-06T03:47:21.992+0200] {processor.py:756} INFO - Processing file /Users/mnagy99/airflow/dags/lesson2_solutions/solution2.py for tasks to queue
[2022-11-06T03:47:21.992+0200] {logging_mixin.py:120} INFO - [2022-11-06T03:47:21.992+0200] {dagbag.py:537} INFO - Filling up the DagBag from /Users/mnagy99/airflow/dags/lesson2_solutions/solution2.py
[2022-11-06T03:47:22.814+0200] {processor.py:766} INFO - DAG(s) dict_keys(['lesson2.exercise2']) retrieved from /Users/mnagy99/airflow/dags/lesson2_solutions/solution2.py
[2022-11-06T03:47:23.221+0200] {logging_mixin.py:120} INFO - [2022-11-06T03:47:23.221+0200] {dag.py:2585} INFO - Sync 1 DAGs
[2022-11-06T03:47:23.237+0200] {logging_mixin.py:120} INFO - [2022-11-06T03:47:23.237+0200] {dag.py:3336} INFO - Setting next_dagrun for lesson2.exercise2 to 2018-01-01T00:00:00+00:00, run_after=2018-02-01T00:00:00+00:00
[2022-11-06T03:47:23.253+0200] {processor.py:176} INFO - Processing /Users/mnagy99/airflow/dags/lesson2_solutions/solution2.py took 1.264 seconds
[2022-11-06T03:51:33.145+0200] {processor.py:154} INFO - Started process (PID=8898) to work on /Users/mnagy99/airflow/dags/lesson2_solutions/solution2.py
[2022-11-06T03:51:33.147+0200] {processor.py:756} INFO - Processing file /Users/mnagy99/airflow/dags/lesson2_solutions/solution2.py for tasks to queue
[2022-11-06T03:51:33.147+0200] {logging_mixin.py:120} INFO - [2022-11-06T03:51:33.147+0200] {dagbag.py:537} INFO - Filling up the DagBag from /Users/mnagy99/airflow/dags/lesson2_solutions/solution2.py
[2022-11-06T03:51:33.922+0200] {processor.py:766} INFO - DAG(s) dict_keys(['lesson2.exercise2']) retrieved from /Users/mnagy99/airflow/dags/lesson2_solutions/solution2.py
[2022-11-06T03:51:34.309+0200] {logging_mixin.py:120} INFO - [2022-11-06T03:51:34.309+0200] {dag.py:2585} INFO - Sync 1 DAGs
[2022-11-06T03:51:34.325+0200] {logging_mixin.py:120} INFO - [2022-11-06T03:51:34.324+0200] {dag.py:3336} INFO - Setting next_dagrun for lesson2.exercise2 to 2018-01-01T00:00:00+00:00, run_after=2018-02-01T00:00:00+00:00
[2022-11-06T03:51:34.342+0200] {processor.py:176} INFO - Processing /Users/mnagy99/airflow/dags/lesson2_solutions/solution2.py took 1.197 seconds
[2022-11-06T03:56:04.598+0200] {processor.py:154} INFO - Started process (PID=9171) to work on /Users/mnagy99/airflow/dags/lesson2_solutions/solution2.py
[2022-11-06T03:56:04.601+0200] {processor.py:756} INFO - Processing file /Users/mnagy99/airflow/dags/lesson2_solutions/solution2.py for tasks to queue
[2022-11-06T03:56:04.601+0200] {logging_mixin.py:120} INFO - [2022-11-06T03:56:04.601+0200] {dagbag.py:537} INFO - Filling up the DagBag from /Users/mnagy99/airflow/dags/lesson2_solutions/solution2.py
[2022-11-06T03:56:05.474+0200] {processor.py:766} INFO - DAG(s) dict_keys(['lesson2.exercise2']) retrieved from /Users/mnagy99/airflow/dags/lesson2_solutions/solution2.py
[2022-11-06T03:56:05.862+0200] {logging_mixin.py:120} INFO - [2022-11-06T03:56:05.861+0200] {dag.py:2585} INFO - Sync 1 DAGs
[2022-11-06T03:56:05.877+0200] {logging_mixin.py:120} INFO - [2022-11-06T03:56:05.877+0200] {dag.py:3336} INFO - Setting next_dagrun for lesson2.exercise2 to 2018-01-01T00:00:00+00:00, run_after=2018-02-01T00:00:00+00:00
[2022-11-06T03:56:05.893+0200] {processor.py:176} INFO - Processing /Users/mnagy99/airflow/dags/lesson2_solutions/solution2.py took 1.296 seconds
[2022-11-06T04:00:35.472+0200] {processor.py:154} INFO - Started process (PID=9440) to work on /Users/mnagy99/airflow/dags/lesson2_solutions/solution2.py
[2022-11-06T04:00:35.473+0200] {processor.py:756} INFO - Processing file /Users/mnagy99/airflow/dags/lesson2_solutions/solution2.py for tasks to queue
[2022-11-06T04:00:35.473+0200] {logging_mixin.py:120} INFO - [2022-11-06T04:00:35.473+0200] {dagbag.py:537} INFO - Filling up the DagBag from /Users/mnagy99/airflow/dags/lesson2_solutions/solution2.py
[2022-11-06T04:00:36.327+0200] {processor.py:766} INFO - DAG(s) dict_keys(['lesson2.exercise2']) retrieved from /Users/mnagy99/airflow/dags/lesson2_solutions/solution2.py
[2022-11-06T04:00:36.718+0200] {logging_mixin.py:120} INFO - [2022-11-06T04:00:36.718+0200] {dag.py:2585} INFO - Sync 1 DAGs
[2022-11-06T04:00:36.734+0200] {logging_mixin.py:120} INFO - [2022-11-06T04:00:36.734+0200] {dag.py:3336} INFO - Setting next_dagrun for lesson2.exercise2 to 2018-01-01T00:00:00+00:00, run_after=2018-02-01T00:00:00+00:00
[2022-11-06T04:00:36.751+0200] {processor.py:176} INFO - Processing /Users/mnagy99/airflow/dags/lesson2_solutions/solution2.py took 1.280 seconds
[2022-11-06T04:05:14.197+0200] {processor.py:154} INFO - Started process (PID=9737) to work on /Users/mnagy99/airflow/dags/lesson2_solutions/solution2.py
[2022-11-06T04:05:14.199+0200] {processor.py:756} INFO - Processing file /Users/mnagy99/airflow/dags/lesson2_solutions/solution2.py for tasks to queue
[2022-11-06T04:05:14.200+0200] {logging_mixin.py:120} INFO - [2022-11-06T04:05:14.200+0200] {dagbag.py:537} INFO - Filling up the DagBag from /Users/mnagy99/airflow/dags/lesson2_solutions/solution2.py
[2022-11-06T04:05:15.159+0200] {processor.py:766} INFO - DAG(s) dict_keys(['lesson2.exercise2']) retrieved from /Users/mnagy99/airflow/dags/lesson2_solutions/solution2.py
[2022-11-06T04:05:15.560+0200] {logging_mixin.py:120} INFO - [2022-11-06T04:05:15.559+0200] {dag.py:2585} INFO - Sync 1 DAGs
[2022-11-06T04:05:15.575+0200] {logging_mixin.py:120} INFO - [2022-11-06T04:05:15.575+0200] {dag.py:3336} INFO - Setting next_dagrun for lesson2.exercise2 to 2018-01-01T00:00:00+00:00, run_after=2018-02-01T00:00:00+00:00
[2022-11-06T04:05:15.598+0200] {processor.py:176} INFO - Processing /Users/mnagy99/airflow/dags/lesson2_solutions/solution2.py took 1.402 seconds
[2022-11-06T04:09:53.587+0200] {processor.py:154} INFO - Started process (PID=10022) to work on /Users/mnagy99/airflow/dags/lesson2_solutions/solution2.py
[2022-11-06T04:09:53.588+0200] {processor.py:756} INFO - Processing file /Users/mnagy99/airflow/dags/lesson2_solutions/solution2.py for tasks to queue
[2022-11-06T04:09:53.588+0200] {logging_mixin.py:120} INFO - [2022-11-06T04:09:53.588+0200] {dagbag.py:537} INFO - Filling up the DagBag from /Users/mnagy99/airflow/dags/lesson2_solutions/solution2.py
[2022-11-06T04:09:54.688+0200] {processor.py:766} INFO - DAG(s) dict_keys(['lesson2.exercise2']) retrieved from /Users/mnagy99/airflow/dags/lesson2_solutions/solution2.py
[2022-11-06T04:09:54.717+0200] {logging_mixin.py:120} INFO - [2022-11-06T04:09:54.717+0200] {dag.py:2585} INFO - Sync 1 DAGs
[2022-11-06T04:09:54.873+0200] {logging_mixin.py:120} INFO - [2022-11-06T04:09:54.873+0200] {dag.py:3336} INFO - Setting next_dagrun for lesson2.exercise2 to 2018-01-01T00:00:00+00:00, run_after=2018-02-01T00:00:00+00:00
[2022-11-06T04:09:54.898+0200] {processor.py:176} INFO - Processing /Users/mnagy99/airflow/dags/lesson2_solutions/solution2.py took 1.312 seconds
[2022-11-06T04:14:19.932+0200] {processor.py:154} INFO - Started process (PID=10314) to work on /Users/mnagy99/airflow/dags/lesson2_solutions/solution2.py
[2022-11-06T04:14:19.935+0200] {processor.py:756} INFO - Processing file /Users/mnagy99/airflow/dags/lesson2_solutions/solution2.py for tasks to queue
[2022-11-06T04:14:19.936+0200] {logging_mixin.py:120} INFO - [2022-11-06T04:14:19.936+0200] {dagbag.py:537} INFO - Filling up the DagBag from /Users/mnagy99/airflow/dags/lesson2_solutions/solution2.py
[2022-11-06T04:14:20.738+0200] {processor.py:766} INFO - DAG(s) dict_keys(['lesson2.exercise2']) retrieved from /Users/mnagy99/airflow/dags/lesson2_solutions/solution2.py
[2022-11-06T04:14:21.136+0200] {logging_mixin.py:120} INFO - [2022-11-06T04:14:21.136+0200] {dag.py:2585} INFO - Sync 1 DAGs
[2022-11-06T04:14:21.151+0200] {logging_mixin.py:120} INFO - [2022-11-06T04:14:21.151+0200] {dag.py:3336} INFO - Setting next_dagrun for lesson2.exercise2 to 2018-01-01T00:00:00+00:00, run_after=2018-02-01T00:00:00+00:00
[2022-11-06T04:14:21.168+0200] {processor.py:176} INFO - Processing /Users/mnagy99/airflow/dags/lesson2_solutions/solution2.py took 1.236 seconds
[2022-11-06T04:18:57.913+0200] {processor.py:154} INFO - Started process (PID=10599) to work on /Users/mnagy99/airflow/dags/lesson2_solutions/solution2.py
[2022-11-06T04:18:57.916+0200] {processor.py:756} INFO - Processing file /Users/mnagy99/airflow/dags/lesson2_solutions/solution2.py for tasks to queue
[2022-11-06T04:18:57.916+0200] {logging_mixin.py:120} INFO - [2022-11-06T04:18:57.916+0200] {dagbag.py:537} INFO - Filling up the DagBag from /Users/mnagy99/airflow/dags/lesson2_solutions/solution2.py
[2022-11-06T04:18:58.728+0200] {processor.py:766} INFO - DAG(s) dict_keys(['lesson2.exercise2']) retrieved from /Users/mnagy99/airflow/dags/lesson2_solutions/solution2.py
[2022-11-06T04:18:58.746+0200] {logging_mixin.py:120} INFO - [2022-11-06T04:18:58.746+0200] {dag.py:2585} INFO - Sync 1 DAGs
[2022-11-06T04:18:58.841+0200] {logging_mixin.py:120} INFO - [2022-11-06T04:18:58.841+0200] {dag.py:3336} INFO - Setting next_dagrun for lesson2.exercise2 to 2018-01-01T00:00:00+00:00, run_after=2018-02-01T00:00:00+00:00
[2022-11-06T04:18:58.860+0200] {processor.py:176} INFO - Processing /Users/mnagy99/airflow/dags/lesson2_solutions/solution2.py took 0.947 seconds
