[2022-11-06T02:03:42.660+0200] {processor.py:154} INFO - Started process (PID=2123) to work on /Users/mnagy99/airflow/dags/lesson2_solutions/solution1.py
[2022-11-06T02:03:42.660+0200] {processor.py:756} INFO - Processing file /Users/mnagy99/airflow/dags/lesson2_solutions/solution1.py for tasks to queue
[2022-11-06T02:03:42.661+0200] {logging_mixin.py:120} INFO - [2022-11-06T02:03:42.661+0200] {dagbag.py:537} INFO - Filling up the DagBag from /Users/mnagy99/airflow/dags/lesson2_solutions/solution1.py
[2022-11-06T02:03:43.599+0200] {processor.py:766} INFO - DAG(s) dict_keys(['lesson2.exercise1']) retrieved from /Users/mnagy99/airflow/dags/lesson2_solutions/solution1.py
[2022-11-06T02:03:44.019+0200] {logging_mixin.py:120} INFO - [2022-11-06T02:03:44.019+0200] {dag.py:2585} INFO - Sync 1 DAGs
[2022-11-06T02:03:44.040+0200] {logging_mixin.py:120} INFO - [2022-11-06T02:03:44.039+0200] {dag.py:3336} INFO - Setting next_dagrun for lesson2.exercise1 to 2022-11-06T02:03:43.591055+00:00, run_after=2022-11-07T02:03:43.591055+00:00
[2022-11-06T02:03:44.054+0200] {processor.py:176} INFO - Processing /Users/mnagy99/airflow/dags/lesson2_solutions/solution1.py took 1.395 seconds
[2022-11-06T02:08:18.599+0200] {processor.py:154} INFO - Started process (PID=2383) to work on /Users/mnagy99/airflow/dags/lesson2_solutions/solution1.py
[2022-11-06T02:08:18.601+0200] {processor.py:756} INFO - Processing file /Users/mnagy99/airflow/dags/lesson2_solutions/solution1.py for tasks to queue
[2022-11-06T02:08:18.602+0200] {logging_mixin.py:120} INFO - [2022-11-06T02:08:18.602+0200] {dagbag.py:537} INFO - Filling up the DagBag from /Users/mnagy99/airflow/dags/lesson2_solutions/solution1.py
[2022-11-06T02:08:19.691+0200] {processor.py:766} INFO - DAG(s) dict_keys(['lesson2.exercise1']) retrieved from /Users/mnagy99/airflow/dags/lesson2_solutions/solution1.py
[2022-11-06T02:08:20.364+0200] {logging_mixin.py:120} INFO - [2022-11-06T02:08:20.363+0200] {dag.py:2585} INFO - Sync 1 DAGs
[2022-11-06T02:08:20.388+0200] {logging_mixin.py:120} INFO - [2022-11-06T02:08:20.388+0200] {dag.py:3336} INFO - Setting next_dagrun for lesson2.exercise1 to 2022-11-06T02:08:19.678321+00:00, run_after=2022-11-07T02:08:19.678321+00:00
[2022-11-06T02:08:20.477+0200] {processor.py:176} INFO - Processing /Users/mnagy99/airflow/dags/lesson2_solutions/solution1.py took 1.879 seconds
[2022-11-06T02:12:47.999+0200] {processor.py:154} INFO - Started process (PID=2638) to work on /Users/mnagy99/airflow/dags/lesson2_solutions/solution1.py
[2022-11-06T02:12:48.001+0200] {processor.py:756} INFO - Processing file /Users/mnagy99/airflow/dags/lesson2_solutions/solution1.py for tasks to queue
[2022-11-06T02:12:48.002+0200] {logging_mixin.py:120} INFO - [2022-11-06T02:12:48.002+0200] {dagbag.py:537} INFO - Filling up the DagBag from /Users/mnagy99/airflow/dags/lesson2_solutions/solution1.py
[2022-11-06T02:12:48.785+0200] {processor.py:766} INFO - DAG(s) dict_keys(['lesson2.exercise1']) retrieved from /Users/mnagy99/airflow/dags/lesson2_solutions/solution1.py
[2022-11-06T02:12:49.172+0200] {logging_mixin.py:120} INFO - [2022-11-06T02:12:49.172+0200] {dag.py:2585} INFO - Sync 1 DAGs
[2022-11-06T02:12:49.186+0200] {logging_mixin.py:120} INFO - [2022-11-06T02:12:49.186+0200] {dag.py:3336} INFO - Setting next_dagrun for lesson2.exercise1 to 2022-11-06T02:12:48.776720+00:00, run_after=2022-11-07T02:12:48.776720+00:00
[2022-11-06T02:12:49.205+0200] {processor.py:176} INFO - Processing /Users/mnagy99/airflow/dags/lesson2_solutions/solution1.py took 1.207 seconds
[2022-11-06T02:17:24.476+0200] {processor.py:154} INFO - Started process (PID=2982) to work on /Users/mnagy99/airflow/dags/lesson2_solutions/solution1.py
[2022-11-06T02:17:24.477+0200] {processor.py:756} INFO - Processing file /Users/mnagy99/airflow/dags/lesson2_solutions/solution1.py for tasks to queue
[2022-11-06T02:17:24.478+0200] {logging_mixin.py:120} INFO - [2022-11-06T02:17:24.478+0200] {dagbag.py:537} INFO - Filling up the DagBag from /Users/mnagy99/airflow/dags/lesson2_solutions/solution1.py
[2022-11-06T02:17:25.289+0200] {processor.py:766} INFO - DAG(s) dict_keys(['lesson2.exercise1']) retrieved from /Users/mnagy99/airflow/dags/lesson2_solutions/solution1.py
[2022-11-06T02:17:25.726+0200] {logging_mixin.py:120} INFO - [2022-11-06T02:17:25.726+0200] {dag.py:2585} INFO - Sync 1 DAGs
[2022-11-06T02:17:25.749+0200] {logging_mixin.py:120} INFO - [2022-11-06T02:17:25.749+0200] {dag.py:3336} INFO - Setting next_dagrun for lesson2.exercise1 to 2022-11-06T02:17:25.280430+00:00, run_after=2022-11-07T02:17:25.280430+00:00
[2022-11-06T02:17:25.778+0200] {processor.py:176} INFO - Processing /Users/mnagy99/airflow/dags/lesson2_solutions/solution1.py took 1.303 seconds
[2022-11-06T02:21:43.184+0200] {processor.py:154} INFO - Started process (PID=3249) to work on /Users/mnagy99/airflow/dags/lesson2_solutions/solution1.py
[2022-11-06T02:21:43.186+0200] {processor.py:756} INFO - Processing file /Users/mnagy99/airflow/dags/lesson2_solutions/solution1.py for tasks to queue
[2022-11-06T02:21:43.187+0200] {logging_mixin.py:120} INFO - [2022-11-06T02:21:43.187+0200] {dagbag.py:537} INFO - Filling up the DagBag from /Users/mnagy99/airflow/dags/lesson2_solutions/solution1.py
[2022-11-06T02:21:43.971+0200] {processor.py:766} INFO - DAG(s) dict_keys(['lesson2.exercise1']) retrieved from /Users/mnagy99/airflow/dags/lesson2_solutions/solution1.py
[2022-11-06T02:21:44.339+0200] {logging_mixin.py:120} INFO - [2022-11-06T02:21:44.339+0200] {dag.py:2585} INFO - Sync 1 DAGs
[2022-11-06T02:21:44.354+0200] {logging_mixin.py:120} INFO - [2022-11-06T02:21:44.354+0200] {dag.py:3336} INFO - Setting next_dagrun for lesson2.exercise1 to 2022-11-06T02:21:43.963567+00:00, run_after=2022-11-07T02:21:43.963567+00:00
[2022-11-06T02:21:44.373+0200] {processor.py:176} INFO - Processing /Users/mnagy99/airflow/dags/lesson2_solutions/solution1.py took 1.190 seconds
[2022-11-06T02:26:05.546+0200] {processor.py:154} INFO - Started process (PID=3527) to work on /Users/mnagy99/airflow/dags/lesson2_solutions/solution1.py
[2022-11-06T02:26:05.547+0200] {processor.py:756} INFO - Processing file /Users/mnagy99/airflow/dags/lesson2_solutions/solution1.py for tasks to queue
[2022-11-06T02:26:05.549+0200] {logging_mixin.py:120} INFO - [2022-11-06T02:26:05.549+0200] {dagbag.py:537} INFO - Filling up the DagBag from /Users/mnagy99/airflow/dags/lesson2_solutions/solution1.py
[2022-11-06T02:26:06.754+0200] {processor.py:766} INFO - DAG(s) dict_keys(['lesson2.exercise1']) retrieved from /Users/mnagy99/airflow/dags/lesson2_solutions/solution1.py
[2022-11-06T02:26:07.475+0200] {logging_mixin.py:120} INFO - [2022-11-06T02:26:07.474+0200] {dag.py:2585} INFO - Sync 1 DAGs
[2022-11-06T02:26:07.502+0200] {logging_mixin.py:120} INFO - [2022-11-06T02:26:07.502+0200] {dag.py:3336} INFO - Setting next_dagrun for lesson2.exercise1 to 2022-11-06T02:26:06.744249+00:00, run_after=2022-11-07T02:26:06.744249+00:00
[2022-11-06T02:26:07.531+0200] {processor.py:176} INFO - Processing /Users/mnagy99/airflow/dags/lesson2_solutions/solution1.py took 1.985 seconds
[2022-11-06T02:30:29.844+0200] {processor.py:154} INFO - Started process (PID=3819) to work on /Users/mnagy99/airflow/dags/lesson2_solutions/solution1.py
[2022-11-06T02:30:29.847+0200] {processor.py:756} INFO - Processing file /Users/mnagy99/airflow/dags/lesson2_solutions/solution1.py for tasks to queue
[2022-11-06T02:30:29.848+0200] {logging_mixin.py:120} INFO - [2022-11-06T02:30:29.848+0200] {dagbag.py:537} INFO - Filling up the DagBag from /Users/mnagy99/airflow/dags/lesson2_solutions/solution1.py
[2022-11-06T02:30:30.651+0200] {processor.py:766} INFO - DAG(s) dict_keys(['lesson2.exercise1']) retrieved from /Users/mnagy99/airflow/dags/lesson2_solutions/solution1.py
[2022-11-06T02:30:31.019+0200] {logging_mixin.py:120} INFO - [2022-11-06T02:30:31.019+0200] {dag.py:2585} INFO - Sync 1 DAGs
[2022-11-06T02:30:31.034+0200] {logging_mixin.py:120} INFO - [2022-11-06T02:30:31.034+0200] {dag.py:3336} INFO - Setting next_dagrun for lesson2.exercise1 to 2022-11-06T02:30:30.643274+00:00, run_after=2022-11-07T02:30:30.643274+00:00
[2022-11-06T02:30:31.052+0200] {processor.py:176} INFO - Processing /Users/mnagy99/airflow/dags/lesson2_solutions/solution1.py took 1.209 seconds
[2022-11-06T02:34:52.863+0200] {processor.py:154} INFO - Started process (PID=4115) to work on /Users/mnagy99/airflow/dags/lesson2_solutions/solution1.py
[2022-11-06T02:34:52.866+0200] {processor.py:756} INFO - Processing file /Users/mnagy99/airflow/dags/lesson2_solutions/solution1.py for tasks to queue
[2022-11-06T02:34:52.866+0200] {logging_mixin.py:120} INFO - [2022-11-06T02:34:52.866+0200] {dagbag.py:537} INFO - Filling up the DagBag from /Users/mnagy99/airflow/dags/lesson2_solutions/solution1.py
[2022-11-06T02:34:53.673+0200] {processor.py:766} INFO - DAG(s) dict_keys(['lesson2.exercise1']) retrieved from /Users/mnagy99/airflow/dags/lesson2_solutions/solution1.py
[2022-11-06T02:34:54.050+0200] {logging_mixin.py:120} INFO - [2022-11-06T02:34:54.050+0200] {dag.py:2585} INFO - Sync 1 DAGs
[2022-11-06T02:34:54.066+0200] {logging_mixin.py:120} INFO - [2022-11-06T02:34:54.066+0200] {dag.py:3336} INFO - Setting next_dagrun for lesson2.exercise1 to 2022-11-06T02:34:53.664655+00:00, run_after=2022-11-07T02:34:53.664655+00:00
[2022-11-06T02:34:54.083+0200] {processor.py:176} INFO - Processing /Users/mnagy99/airflow/dags/lesson2_solutions/solution1.py took 1.220 seconds
[2022-11-06T02:39:14.684+0200] {processor.py:154} INFO - Started process (PID=4387) to work on /Users/mnagy99/airflow/dags/lesson2_solutions/solution1.py
[2022-11-06T02:39:14.687+0200] {processor.py:756} INFO - Processing file /Users/mnagy99/airflow/dags/lesson2_solutions/solution1.py for tasks to queue
[2022-11-06T02:39:14.687+0200] {logging_mixin.py:120} INFO - [2022-11-06T02:39:14.687+0200] {dagbag.py:537} INFO - Filling up the DagBag from /Users/mnagy99/airflow/dags/lesson2_solutions/solution1.py
[2022-11-06T02:39:15.463+0200] {processor.py:766} INFO - DAG(s) dict_keys(['lesson2.exercise1']) retrieved from /Users/mnagy99/airflow/dags/lesson2_solutions/solution1.py
[2022-11-06T02:39:15.835+0200] {logging_mixin.py:120} INFO - [2022-11-06T02:39:15.835+0200] {dag.py:2585} INFO - Sync 1 DAGs
[2022-11-06T02:39:15.849+0200] {logging_mixin.py:120} INFO - [2022-11-06T02:39:15.849+0200] {dag.py:3336} INFO - Setting next_dagrun for lesson2.exercise1 to 2022-11-06T02:39:15.454678+00:00, run_after=2022-11-07T02:39:15.454678+00:00
[2022-11-06T02:39:15.865+0200] {processor.py:176} INFO - Processing /Users/mnagy99/airflow/dags/lesson2_solutions/solution1.py took 1.182 seconds
[2022-11-06T02:44:03.505+0200] {processor.py:154} INFO - Started process (PID=4694) to work on /Users/mnagy99/airflow/dags/lesson2_solutions/solution1.py
[2022-11-06T02:44:03.507+0200] {processor.py:756} INFO - Processing file /Users/mnagy99/airflow/dags/lesson2_solutions/solution1.py for tasks to queue
[2022-11-06T02:44:03.508+0200] {logging_mixin.py:120} INFO - [2022-11-06T02:44:03.508+0200] {dagbag.py:537} INFO - Filling up the DagBag from /Users/mnagy99/airflow/dags/lesson2_solutions/solution1.py
[2022-11-06T02:44:04.362+0200] {processor.py:766} INFO - DAG(s) dict_keys(['lesson2.exercise1']) retrieved from /Users/mnagy99/airflow/dags/lesson2_solutions/solution1.py
[2022-11-06T02:44:05.076+0200] {logging_mixin.py:120} INFO - [2022-11-06T02:44:05.075+0200] {dag.py:2585} INFO - Sync 1 DAGs
[2022-11-06T02:44:05.090+0200] {logging_mixin.py:120} INFO - [2022-11-06T02:44:05.090+0200] {dag.py:3336} INFO - Setting next_dagrun for lesson2.exercise1 to 2022-11-06T02:44:04.354062+00:00, run_after=2022-11-07T02:44:04.354062+00:00
[2022-11-06T02:44:05.108+0200] {processor.py:176} INFO - Processing /Users/mnagy99/airflow/dags/lesson2_solutions/solution1.py took 1.604 seconds
[2022-11-06T02:48:28.479+0200] {processor.py:154} INFO - Started process (PID=4962) to work on /Users/mnagy99/airflow/dags/lesson2_solutions/solution1.py
[2022-11-06T02:48:28.482+0200] {processor.py:756} INFO - Processing file /Users/mnagy99/airflow/dags/lesson2_solutions/solution1.py for tasks to queue
[2022-11-06T02:48:28.483+0200] {logging_mixin.py:120} INFO - [2022-11-06T02:48:28.482+0200] {dagbag.py:537} INFO - Filling up the DagBag from /Users/mnagy99/airflow/dags/lesson2_solutions/solution1.py
[2022-11-06T02:48:29.265+0200] {processor.py:766} INFO - DAG(s) dict_keys(['lesson2.exercise1']) retrieved from /Users/mnagy99/airflow/dags/lesson2_solutions/solution1.py
[2022-11-06T02:48:29.631+0200] {logging_mixin.py:120} INFO - [2022-11-06T02:48:29.631+0200] {dag.py:2585} INFO - Sync 1 DAGs
[2022-11-06T02:48:29.646+0200] {logging_mixin.py:120} INFO - [2022-11-06T02:48:29.646+0200] {dag.py:3336} INFO - Setting next_dagrun for lesson2.exercise1 to 2022-11-06T02:48:29.256476+00:00, run_after=2022-11-07T02:48:29.256476+00:00
[2022-11-06T02:48:29.663+0200] {processor.py:176} INFO - Processing /Users/mnagy99/airflow/dags/lesson2_solutions/solution1.py took 1.185 seconds
[2022-11-06T02:52:39.697+0200] {processor.py:154} INFO - Started process (PID=5212) to work on /Users/mnagy99/airflow/dags/lesson2_solutions/solution1.py
[2022-11-06T02:52:39.700+0200] {processor.py:756} INFO - Processing file /Users/mnagy99/airflow/dags/lesson2_solutions/solution1.py for tasks to queue
[2022-11-06T02:52:39.701+0200] {logging_mixin.py:120} INFO - [2022-11-06T02:52:39.701+0200] {dagbag.py:537} INFO - Filling up the DagBag from /Users/mnagy99/airflow/dags/lesson2_solutions/solution1.py
[2022-11-06T02:52:40.501+0200] {processor.py:766} INFO - DAG(s) dict_keys(['lesson2.exercise1']) retrieved from /Users/mnagy99/airflow/dags/lesson2_solutions/solution1.py
[2022-11-06T02:52:40.900+0200] {logging_mixin.py:120} INFO - [2022-11-06T02:52:40.900+0200] {dag.py:2585} INFO - Sync 1 DAGs
[2022-11-06T02:52:40.914+0200] {logging_mixin.py:120} INFO - [2022-11-06T02:52:40.914+0200] {dag.py:3336} INFO - Setting next_dagrun for lesson2.exercise1 to 2022-11-06T02:52:40.492995+00:00, run_after=2022-11-07T02:52:40.492995+00:00
[2022-11-06T02:52:40.930+0200] {processor.py:176} INFO - Processing /Users/mnagy99/airflow/dags/lesson2_solutions/solution1.py took 1.233 seconds
[2022-11-06T02:57:02.311+0200] {processor.py:154} INFO - Started process (PID=5481) to work on /Users/mnagy99/airflow/dags/lesson2_solutions/solution1.py
[2022-11-06T02:57:02.314+0200] {processor.py:756} INFO - Processing file /Users/mnagy99/airflow/dags/lesson2_solutions/solution1.py for tasks to queue
[2022-11-06T02:57:02.314+0200] {logging_mixin.py:120} INFO - [2022-11-06T02:57:02.314+0200] {dagbag.py:537} INFO - Filling up the DagBag from /Users/mnagy99/airflow/dags/lesson2_solutions/solution1.py
[2022-11-06T02:57:03.412+0200] {processor.py:766} INFO - DAG(s) dict_keys(['lesson2.exercise1']) retrieved from /Users/mnagy99/airflow/dags/lesson2_solutions/solution1.py
[2022-11-06T02:57:04.092+0200] {logging_mixin.py:120} INFO - [2022-11-06T02:57:04.091+0200] {dag.py:2585} INFO - Sync 1 DAGs
[2022-11-06T02:57:04.109+0200] {logging_mixin.py:120} INFO - [2022-11-06T02:57:04.109+0200] {dag.py:3336} INFO - Setting next_dagrun for lesson2.exercise1 to 2022-11-06T02:57:03.400105+00:00, run_after=2022-11-07T02:57:03.400105+00:00
[2022-11-06T02:57:04.131+0200] {processor.py:176} INFO - Processing /Users/mnagy99/airflow/dags/lesson2_solutions/solution1.py took 1.820 seconds
[2022-11-06T03:02:05.178+0200] {processor.py:154} INFO - Started process (PID=5766) to work on /Users/mnagy99/airflow/dags/lesson2_solutions/solution1.py
[2022-11-06T03:02:05.180+0200] {processor.py:756} INFO - Processing file /Users/mnagy99/airflow/dags/lesson2_solutions/solution1.py for tasks to queue
[2022-11-06T03:02:05.181+0200] {logging_mixin.py:120} INFO - [2022-11-06T03:02:05.181+0200] {dagbag.py:537} INFO - Filling up the DagBag from /Users/mnagy99/airflow/dags/lesson2_solutions/solution1.py
[2022-11-06T03:02:05.953+0200] {processor.py:766} INFO - DAG(s) dict_keys(['lesson2.exercise1']) retrieved from /Users/mnagy99/airflow/dags/lesson2_solutions/solution1.py
[2022-11-06T03:02:06.321+0200] {logging_mixin.py:120} INFO - [2022-11-06T03:02:06.321+0200] {dag.py:2585} INFO - Sync 1 DAGs
[2022-11-06T03:02:06.335+0200] {logging_mixin.py:120} INFO - [2022-11-06T03:02:06.335+0200] {dag.py:3336} INFO - Setting next_dagrun for lesson2.exercise1 to 2022-11-06T03:02:05.945382+00:00, run_after=2022-11-07T03:02:05.945382+00:00
[2022-11-06T03:02:06.354+0200] {processor.py:176} INFO - Processing /Users/mnagy99/airflow/dags/lesson2_solutions/solution1.py took 1.177 seconds
[2022-11-06T03:06:35.304+0200] {processor.py:154} INFO - Started process (PID=6024) to work on /Users/mnagy99/airflow/dags/lesson2_solutions/solution1.py
[2022-11-06T03:06:35.307+0200] {processor.py:756} INFO - Processing file /Users/mnagy99/airflow/dags/lesson2_solutions/solution1.py for tasks to queue
[2022-11-06T03:06:35.307+0200] {logging_mixin.py:120} INFO - [2022-11-06T03:06:35.307+0200] {dagbag.py:537} INFO - Filling up the DagBag from /Users/mnagy99/airflow/dags/lesson2_solutions/solution1.py
[2022-11-06T03:06:36.113+0200] {processor.py:766} INFO - DAG(s) dict_keys(['lesson2.exercise1']) retrieved from /Users/mnagy99/airflow/dags/lesson2_solutions/solution1.py
[2022-11-06T03:06:36.496+0200] {logging_mixin.py:120} INFO - [2022-11-06T03:06:36.496+0200] {dag.py:2585} INFO - Sync 1 DAGs
[2022-11-06T03:06:36.511+0200] {logging_mixin.py:120} INFO - [2022-11-06T03:06:36.511+0200] {dag.py:3336} INFO - Setting next_dagrun for lesson2.exercise1 to 2022-11-06T03:06:36.105285+00:00, run_after=2022-11-07T03:06:36.105285+00:00
[2022-11-06T03:06:36.529+0200] {processor.py:176} INFO - Processing /Users/mnagy99/airflow/dags/lesson2_solutions/solution1.py took 1.226 seconds
[2022-11-06T03:10:55.703+0200] {processor.py:154} INFO - Started process (PID=6294) to work on /Users/mnagy99/airflow/dags/lesson2_solutions/solution1.py
[2022-11-06T03:10:55.705+0200] {processor.py:756} INFO - Processing file /Users/mnagy99/airflow/dags/lesson2_solutions/solution1.py for tasks to queue
[2022-11-06T03:10:55.705+0200] {logging_mixin.py:120} INFO - [2022-11-06T03:10:55.705+0200] {dagbag.py:537} INFO - Filling up the DagBag from /Users/mnagy99/airflow/dags/lesson2_solutions/solution1.py
[2022-11-06T03:10:56.543+0200] {processor.py:766} INFO - DAG(s) dict_keys(['lesson2.exercise1']) retrieved from /Users/mnagy99/airflow/dags/lesson2_solutions/solution1.py
[2022-11-06T03:10:56.955+0200] {logging_mixin.py:120} INFO - [2022-11-06T03:10:56.955+0200] {dag.py:2585} INFO - Sync 1 DAGs
[2022-11-06T03:10:56.970+0200] {logging_mixin.py:120} INFO - [2022-11-06T03:10:56.970+0200] {dag.py:3336} INFO - Setting next_dagrun for lesson2.exercise1 to 2022-11-06T03:10:56.535549+00:00, run_after=2022-11-07T03:10:56.535549+00:00
[2022-11-06T03:10:56.988+0200] {processor.py:176} INFO - Processing /Users/mnagy99/airflow/dags/lesson2_solutions/solution1.py took 1.286 seconds
[2022-11-06T03:15:05.208+0200] {processor.py:154} INFO - Started process (PID=6549) to work on /Users/mnagy99/airflow/dags/lesson2_solutions/solution1.py
[2022-11-06T03:15:05.211+0200] {processor.py:756} INFO - Processing file /Users/mnagy99/airflow/dags/lesson2_solutions/solution1.py for tasks to queue
[2022-11-06T03:15:05.211+0200] {logging_mixin.py:120} INFO - [2022-11-06T03:15:05.211+0200] {dagbag.py:537} INFO - Filling up the DagBag from /Users/mnagy99/airflow/dags/lesson2_solutions/solution1.py
[2022-11-06T03:15:06.118+0200] {processor.py:766} INFO - DAG(s) dict_keys(['lesson2.exercise1']) retrieved from /Users/mnagy99/airflow/dags/lesson2_solutions/solution1.py
[2022-11-06T03:15:06.532+0200] {logging_mixin.py:120} INFO - [2022-11-06T03:15:06.532+0200] {dag.py:2585} INFO - Sync 1 DAGs
[2022-11-06T03:15:06.553+0200] {logging_mixin.py:120} INFO - [2022-11-06T03:15:06.553+0200] {dag.py:3336} INFO - Setting next_dagrun for lesson2.exercise1 to 2022-11-06T03:15:06.109320+00:00, run_after=2022-11-07T03:15:06.109320+00:00
[2022-11-06T03:15:06.568+0200] {processor.py:176} INFO - Processing /Users/mnagy99/airflow/dags/lesson2_solutions/solution1.py took 1.360 seconds
[2022-11-06T03:18:59.805+0200] {processor.py:154} INFO - Started process (PID=6808) to work on /Users/mnagy99/airflow/dags/lesson2_solutions/solution1.py
[2022-11-06T03:18:59.807+0200] {processor.py:756} INFO - Processing file /Users/mnagy99/airflow/dags/lesson2_solutions/solution1.py for tasks to queue
[2022-11-06T03:18:59.808+0200] {logging_mixin.py:120} INFO - [2022-11-06T03:18:59.808+0200] {dagbag.py:537} INFO - Filling up the DagBag from /Users/mnagy99/airflow/dags/lesson2_solutions/solution1.py
[2022-11-06T03:19:00.636+0200] {processor.py:766} INFO - DAG(s) dict_keys(['lesson2.exercise1']) retrieved from /Users/mnagy99/airflow/dags/lesson2_solutions/solution1.py
[2022-11-06T03:19:01.037+0200] {logging_mixin.py:120} INFO - [2022-11-06T03:19:01.037+0200] {dag.py:2585} INFO - Sync 1 DAGs
[2022-11-06T03:19:01.056+0200] {logging_mixin.py:120} INFO - [2022-11-06T03:19:01.056+0200] {dag.py:3336} INFO - Setting next_dagrun for lesson2.exercise1 to 2022-11-06T03:19:00.627699+00:00, run_after=2022-11-07T03:19:00.627699+00:00
[2022-11-06T03:19:01.076+0200] {processor.py:176} INFO - Processing /Users/mnagy99/airflow/dags/lesson2_solutions/solution1.py took 1.271 seconds
[2022-11-06T03:23:02.734+0200] {processor.py:154} INFO - Started process (PID=7064) to work on /Users/mnagy99/airflow/dags/lesson2_solutions/solution1.py
[2022-11-06T03:23:02.737+0200] {processor.py:756} INFO - Processing file /Users/mnagy99/airflow/dags/lesson2_solutions/solution1.py for tasks to queue
[2022-11-06T03:23:02.737+0200] {logging_mixin.py:120} INFO - [2022-11-06T03:23:02.737+0200] {dagbag.py:537} INFO - Filling up the DagBag from /Users/mnagy99/airflow/dags/lesson2_solutions/solution1.py
[2022-11-06T03:23:03.715+0200] {processor.py:766} INFO - DAG(s) dict_keys(['lesson2.exercise1']) retrieved from /Users/mnagy99/airflow/dags/lesson2_solutions/solution1.py
[2022-11-06T03:23:04.108+0200] {logging_mixin.py:120} INFO - [2022-11-06T03:23:04.108+0200] {dag.py:2585} INFO - Sync 1 DAGs
[2022-11-06T03:23:04.124+0200] {logging_mixin.py:120} INFO - [2022-11-06T03:23:04.124+0200] {dag.py:3336} INFO - Setting next_dagrun for lesson2.exercise1 to 2022-11-06T03:23:03.706225+00:00, run_after=2022-11-07T03:23:03.706225+00:00
[2022-11-06T03:23:04.141+0200] {processor.py:176} INFO - Processing /Users/mnagy99/airflow/dags/lesson2_solutions/solution1.py took 1.407 seconds
[2022-11-06T03:26:59.771+0200] {processor.py:154} INFO - Started process (PID=7331) to work on /Users/mnagy99/airflow/dags/lesson2_solutions/solution1.py
[2022-11-06T03:26:59.774+0200] {processor.py:756} INFO - Processing file /Users/mnagy99/airflow/dags/lesson2_solutions/solution1.py for tasks to queue
[2022-11-06T03:26:59.775+0200] {logging_mixin.py:120} INFO - [2022-11-06T03:26:59.775+0200] {dagbag.py:537} INFO - Filling up the DagBag from /Users/mnagy99/airflow/dags/lesson2_solutions/solution1.py
[2022-11-06T03:27:00.552+0200] {processor.py:766} INFO - DAG(s) dict_keys(['lesson2.exercise1']) retrieved from /Users/mnagy99/airflow/dags/lesson2_solutions/solution1.py
[2022-11-06T03:27:00.924+0200] {logging_mixin.py:120} INFO - [2022-11-06T03:27:00.924+0200] {dag.py:2585} INFO - Sync 1 DAGs
[2022-11-06T03:27:00.940+0200] {logging_mixin.py:120} INFO - [2022-11-06T03:27:00.940+0200] {dag.py:3336} INFO - Setting next_dagrun for lesson2.exercise1 to 2022-11-06T03:27:00.543515+00:00, run_after=2022-11-07T03:27:00.543515+00:00
[2022-11-06T03:27:00.956+0200] {processor.py:176} INFO - Processing /Users/mnagy99/airflow/dags/lesson2_solutions/solution1.py took 1.186 seconds
[2022-11-06T03:31:00.590+0200] {processor.py:154} INFO - Started process (PID=7582) to work on /Users/mnagy99/airflow/dags/lesson2_solutions/solution1.py
[2022-11-06T03:31:00.592+0200] {processor.py:756} INFO - Processing file /Users/mnagy99/airflow/dags/lesson2_solutions/solution1.py for tasks to queue
[2022-11-06T03:31:00.593+0200] {logging_mixin.py:120} INFO - [2022-11-06T03:31:00.593+0200] {dagbag.py:537} INFO - Filling up the DagBag from /Users/mnagy99/airflow/dags/lesson2_solutions/solution1.py
[2022-11-06T03:31:02.199+0200] {processor.py:766} INFO - DAG(s) dict_keys(['lesson2.exercise1']) retrieved from /Users/mnagy99/airflow/dags/lesson2_solutions/solution1.py
[2022-11-06T03:31:02.785+0200] {logging_mixin.py:120} INFO - [2022-11-06T03:31:02.785+0200] {dag.py:2585} INFO - Sync 1 DAGs
[2022-11-06T03:31:02.807+0200] {logging_mixin.py:120} INFO - [2022-11-06T03:31:02.806+0200] {dag.py:3336} INFO - Setting next_dagrun for lesson2.exercise1 to 2022-11-06T03:31:02.167660+00:00, run_after=2022-11-07T03:31:02.167660+00:00
[2022-11-06T03:31:02.828+0200] {processor.py:176} INFO - Processing /Users/mnagy99/airflow/dags/lesson2_solutions/solution1.py took 2.238 seconds
[2022-11-06T03:35:17.779+0200] {processor.py:154} INFO - Started process (PID=7894) to work on /Users/mnagy99/airflow/dags/lesson2_solutions/solution1.py
[2022-11-06T03:35:17.782+0200] {processor.py:756} INFO - Processing file /Users/mnagy99/airflow/dags/lesson2_solutions/solution1.py for tasks to queue
[2022-11-06T03:35:17.782+0200] {logging_mixin.py:120} INFO - [2022-11-06T03:35:17.782+0200] {dagbag.py:537} INFO - Filling up the DagBag from /Users/mnagy99/airflow/dags/lesson2_solutions/solution1.py
[2022-11-06T03:35:18.873+0200] {processor.py:766} INFO - DAG(s) dict_keys(['lesson2.exercise1']) retrieved from /Users/mnagy99/airflow/dags/lesson2_solutions/solution1.py
[2022-11-06T03:35:19.458+0200] {logging_mixin.py:120} INFO - [2022-11-06T03:35:19.457+0200] {dag.py:2585} INFO - Sync 1 DAGs
[2022-11-06T03:35:19.472+0200] {logging_mixin.py:120} INFO - [2022-11-06T03:35:19.472+0200] {dag.py:3336} INFO - Setting next_dagrun for lesson2.exercise1 to 2022-11-06T03:35:18.858453+00:00, run_after=2022-11-07T03:35:18.858453+00:00
[2022-11-06T03:35:19.489+0200] {processor.py:176} INFO - Processing /Users/mnagy99/airflow/dags/lesson2_solutions/solution1.py took 1.710 seconds
[2022-11-06T03:39:22.740+0200] {processor.py:154} INFO - Started process (PID=8142) to work on /Users/mnagy99/airflow/dags/lesson2_solutions/solution1.py
[2022-11-06T03:39:22.743+0200] {processor.py:756} INFO - Processing file /Users/mnagy99/airflow/dags/lesson2_solutions/solution1.py for tasks to queue
[2022-11-06T03:39:22.744+0200] {logging_mixin.py:120} INFO - [2022-11-06T03:39:22.744+0200] {dagbag.py:537} INFO - Filling up the DagBag from /Users/mnagy99/airflow/dags/lesson2_solutions/solution1.py
[2022-11-06T03:39:23.513+0200] {processor.py:766} INFO - DAG(s) dict_keys(['lesson2.exercise1']) retrieved from /Users/mnagy99/airflow/dags/lesson2_solutions/solution1.py
[2022-11-06T03:39:23.884+0200] {logging_mixin.py:120} INFO - [2022-11-06T03:39:23.884+0200] {dag.py:2585} INFO - Sync 1 DAGs
[2022-11-06T03:39:23.899+0200] {logging_mixin.py:120} INFO - [2022-11-06T03:39:23.899+0200] {dag.py:3336} INFO - Setting next_dagrun for lesson2.exercise1 to 2022-11-06T03:39:23.505019+00:00, run_after=2022-11-07T03:39:23.505019+00:00
[2022-11-06T03:39:23.914+0200] {processor.py:176} INFO - Processing /Users/mnagy99/airflow/dags/lesson2_solutions/solution1.py took 1.174 seconds
[2022-11-06T03:43:19.766+0200] {processor.py:154} INFO - Started process (PID=8382) to work on /Users/mnagy99/airflow/dags/lesson2_solutions/solution1.py
[2022-11-06T03:43:19.769+0200] {processor.py:756} INFO - Processing file /Users/mnagy99/airflow/dags/lesson2_solutions/solution1.py for tasks to queue
[2022-11-06T03:43:19.769+0200] {logging_mixin.py:120} INFO - [2022-11-06T03:43:19.769+0200] {dagbag.py:537} INFO - Filling up the DagBag from /Users/mnagy99/airflow/dags/lesson2_solutions/solution1.py
[2022-11-06T03:43:20.548+0200] {processor.py:766} INFO - DAG(s) dict_keys(['lesson2.exercise1']) retrieved from /Users/mnagy99/airflow/dags/lesson2_solutions/solution1.py
[2022-11-06T03:43:20.918+0200] {logging_mixin.py:120} INFO - [2022-11-06T03:43:20.918+0200] {dag.py:2585} INFO - Sync 1 DAGs
[2022-11-06T03:43:20.932+0200] {logging_mixin.py:120} INFO - [2022-11-06T03:43:20.932+0200] {dag.py:3336} INFO - Setting next_dagrun for lesson2.exercise1 to 2022-11-06T03:43:20.538637+00:00, run_after=2022-11-07T03:43:20.538637+00:00
[2022-11-06T03:43:20.952+0200] {processor.py:176} INFO - Processing /Users/mnagy99/airflow/dags/lesson2_solutions/solution1.py took 1.186 seconds
[2022-11-06T03:47:25.119+0200] {processor.py:154} INFO - Started process (PID=8650) to work on /Users/mnagy99/airflow/dags/lesson2_solutions/solution1.py
[2022-11-06T03:47:25.121+0200] {processor.py:756} INFO - Processing file /Users/mnagy99/airflow/dags/lesson2_solutions/solution1.py for tasks to queue
[2022-11-06T03:47:25.122+0200] {logging_mixin.py:120} INFO - [2022-11-06T03:47:25.122+0200] {dagbag.py:537} INFO - Filling up the DagBag from /Users/mnagy99/airflow/dags/lesson2_solutions/solution1.py
[2022-11-06T03:47:25.976+0200] {processor.py:766} INFO - DAG(s) dict_keys(['lesson2.exercise1']) retrieved from /Users/mnagy99/airflow/dags/lesson2_solutions/solution1.py
[2022-11-06T03:47:26.414+0200] {logging_mixin.py:120} INFO - [2022-11-06T03:47:26.413+0200] {dag.py:2585} INFO - Sync 1 DAGs
[2022-11-06T03:47:26.428+0200] {logging_mixin.py:120} INFO - [2022-11-06T03:47:26.428+0200] {dag.py:3336} INFO - Setting next_dagrun for lesson2.exercise1 to 2022-11-06T03:47:25.967641+00:00, run_after=2022-11-07T03:47:25.967641+00:00
[2022-11-06T03:47:26.445+0200] {processor.py:176} INFO - Processing /Users/mnagy99/airflow/dags/lesson2_solutions/solution1.py took 1.327 seconds
[2022-11-06T03:51:36.193+0200] {processor.py:154} INFO - Started process (PID=8900) to work on /Users/mnagy99/airflow/dags/lesson2_solutions/solution1.py
[2022-11-06T03:51:36.195+0200] {processor.py:756} INFO - Processing file /Users/mnagy99/airflow/dags/lesson2_solutions/solution1.py for tasks to queue
[2022-11-06T03:51:36.196+0200] {logging_mixin.py:120} INFO - [2022-11-06T03:51:36.196+0200] {dagbag.py:537} INFO - Filling up the DagBag from /Users/mnagy99/airflow/dags/lesson2_solutions/solution1.py
[2022-11-06T03:51:36.968+0200] {processor.py:766} INFO - DAG(s) dict_keys(['lesson2.exercise1']) retrieved from /Users/mnagy99/airflow/dags/lesson2_solutions/solution1.py
[2022-11-06T03:51:37.340+0200] {logging_mixin.py:120} INFO - [2022-11-06T03:51:37.339+0200] {dag.py:2585} INFO - Sync 1 DAGs
[2022-11-06T03:51:37.354+0200] {logging_mixin.py:120} INFO - [2022-11-06T03:51:37.354+0200] {dag.py:3336} INFO - Setting next_dagrun for lesson2.exercise1 to 2022-11-06T03:51:36.959616+00:00, run_after=2022-11-07T03:51:36.959616+00:00
[2022-11-06T03:51:37.372+0200] {processor.py:176} INFO - Processing /Users/mnagy99/airflow/dags/lesson2_solutions/solution1.py took 1.180 seconds
[2022-11-06T03:56:07.850+0200] {processor.py:154} INFO - Started process (PID=9173) to work on /Users/mnagy99/airflow/dags/lesson2_solutions/solution1.py
[2022-11-06T03:56:07.853+0200] {processor.py:756} INFO - Processing file /Users/mnagy99/airflow/dags/lesson2_solutions/solution1.py for tasks to queue
[2022-11-06T03:56:07.853+0200] {logging_mixin.py:120} INFO - [2022-11-06T03:56:07.853+0200] {dagbag.py:537} INFO - Filling up the DagBag from /Users/mnagy99/airflow/dags/lesson2_solutions/solution1.py
[2022-11-06T03:56:08.679+0200] {processor.py:766} INFO - DAG(s) dict_keys(['lesson2.exercise1']) retrieved from /Users/mnagy99/airflow/dags/lesson2_solutions/solution1.py
[2022-11-06T03:56:09.056+0200] {logging_mixin.py:120} INFO - [2022-11-06T03:56:09.055+0200] {dag.py:2585} INFO - Sync 1 DAGs
[2022-11-06T03:56:09.070+0200] {logging_mixin.py:120} INFO - [2022-11-06T03:56:09.070+0200] {dag.py:3336} INFO - Setting next_dagrun for lesson2.exercise1 to 2022-11-06T03:56:08.670822+00:00, run_after=2022-11-07T03:56:08.670822+00:00
[2022-11-06T03:56:09.090+0200] {processor.py:176} INFO - Processing /Users/mnagy99/airflow/dags/lesson2_solutions/solution1.py took 1.240 seconds
[2022-11-06T04:00:45.021+0200] {processor.py:154} INFO - Started process (PID=9447) to work on /Users/mnagy99/airflow/dags/lesson2_solutions/solution1.py
[2022-11-06T04:00:45.023+0200] {processor.py:756} INFO - Processing file /Users/mnagy99/airflow/dags/lesson2_solutions/solution1.py for tasks to queue
[2022-11-06T04:00:45.023+0200] {logging_mixin.py:120} INFO - [2022-11-06T04:00:45.023+0200] {dagbag.py:537} INFO - Filling up the DagBag from /Users/mnagy99/airflow/dags/lesson2_solutions/solution1.py
[2022-11-06T04:00:45.986+0200] {processor.py:766} INFO - DAG(s) dict_keys(['lesson2.exercise1']) retrieved from /Users/mnagy99/airflow/dags/lesson2_solutions/solution1.py
[2022-11-06T04:00:46.439+0200] {logging_mixin.py:120} INFO - [2022-11-06T04:00:46.438+0200] {dag.py:2585} INFO - Sync 1 DAGs
[2022-11-06T04:00:46.457+0200] {logging_mixin.py:120} INFO - [2022-11-06T04:00:46.456+0200] {dag.py:3336} INFO - Setting next_dagrun for lesson2.exercise1 to 2022-11-06T04:00:45.976133+00:00, run_after=2022-11-07T04:00:45.976133+00:00
[2022-11-06T04:00:46.474+0200] {processor.py:176} INFO - Processing /Users/mnagy99/airflow/dags/lesson2_solutions/solution1.py took 1.453 seconds
[2022-11-06T04:05:17.755+0200] {processor.py:154} INFO - Started process (PID=9739) to work on /Users/mnagy99/airflow/dags/lesson2_solutions/solution1.py
[2022-11-06T04:05:17.758+0200] {processor.py:756} INFO - Processing file /Users/mnagy99/airflow/dags/lesson2_solutions/solution1.py for tasks to queue
[2022-11-06T04:05:17.758+0200] {logging_mixin.py:120} INFO - [2022-11-06T04:05:17.758+0200] {dagbag.py:537} INFO - Filling up the DagBag from /Users/mnagy99/airflow/dags/lesson2_solutions/solution1.py
[2022-11-06T04:05:18.547+0200] {processor.py:766} INFO - DAG(s) dict_keys(['lesson2.exercise1']) retrieved from /Users/mnagy99/airflow/dags/lesson2_solutions/solution1.py
[2022-11-06T04:05:18.951+0200] {logging_mixin.py:120} INFO - [2022-11-06T04:05:18.951+0200] {dag.py:2585} INFO - Sync 1 DAGs
[2022-11-06T04:05:18.966+0200] {logging_mixin.py:120} INFO - [2022-11-06T04:05:18.966+0200] {dag.py:3336} INFO - Setting next_dagrun for lesson2.exercise1 to 2022-11-06T04:05:18.538247+00:00, run_after=2022-11-07T04:05:18.538247+00:00
[2022-11-06T04:05:18.982+0200] {processor.py:176} INFO - Processing /Users/mnagy99/airflow/dags/lesson2_solutions/solution1.py took 1.228 seconds
[2022-11-06T04:09:56.294+0200] {processor.py:154} INFO - Started process (PID=10028) to work on /Users/mnagy99/airflow/dags/lesson2_solutions/solution1.py
[2022-11-06T04:09:56.296+0200] {processor.py:756} INFO - Processing file /Users/mnagy99/airflow/dags/lesson2_solutions/solution1.py for tasks to queue
[2022-11-06T04:09:56.296+0200] {logging_mixin.py:120} INFO - [2022-11-06T04:09:56.296+0200] {dagbag.py:537} INFO - Filling up the DagBag from /Users/mnagy99/airflow/dags/lesson2_solutions/solution1.py
[2022-11-06T04:09:57.111+0200] {processor.py:766} INFO - DAG(s) dict_keys(['lesson2.exercise1']) retrieved from /Users/mnagy99/airflow/dags/lesson2_solutions/solution1.py
[2022-11-06T04:09:58.002+0200] {logging_mixin.py:120} INFO - [2022-11-06T04:09:58.002+0200] {dag.py:2585} INFO - Sync 1 DAGs
[2022-11-06T04:09:58.023+0200] {logging_mixin.py:120} INFO - [2022-11-06T04:09:58.023+0200] {dag.py:3336} INFO - Setting next_dagrun for lesson2.exercise1 to 2022-11-06T04:09:57.099114+00:00, run_after=2022-11-07T04:09:57.099114+00:00
[2022-11-06T04:09:58.047+0200] {processor.py:176} INFO - Processing /Users/mnagy99/airflow/dags/lesson2_solutions/solution1.py took 1.754 seconds
[2022-11-06T04:14:23.020+0200] {processor.py:154} INFO - Started process (PID=10316) to work on /Users/mnagy99/airflow/dags/lesson2_solutions/solution1.py
[2022-11-06T04:14:23.023+0200] {processor.py:756} INFO - Processing file /Users/mnagy99/airflow/dags/lesson2_solutions/solution1.py for tasks to queue
[2022-11-06T04:14:23.023+0200] {logging_mixin.py:120} INFO - [2022-11-06T04:14:23.023+0200] {dagbag.py:537} INFO - Filling up the DagBag from /Users/mnagy99/airflow/dags/lesson2_solutions/solution1.py
[2022-11-06T04:14:23.844+0200] {processor.py:766} INFO - DAG(s) dict_keys(['lesson2.exercise1']) retrieved from /Users/mnagy99/airflow/dags/lesson2_solutions/solution1.py
[2022-11-06T04:14:24.230+0200] {logging_mixin.py:120} INFO - [2022-11-06T04:14:24.229+0200] {dag.py:2585} INFO - Sync 1 DAGs
[2022-11-06T04:14:24.246+0200] {logging_mixin.py:120} INFO - [2022-11-06T04:14:24.246+0200] {dag.py:3336} INFO - Setting next_dagrun for lesson2.exercise1 to 2022-11-06T04:14:23.834364+00:00, run_after=2022-11-07T04:14:23.834364+00:00
[2022-11-06T04:14:24.265+0200] {processor.py:176} INFO - Processing /Users/mnagy99/airflow/dags/lesson2_solutions/solution1.py took 1.245 seconds
[2022-11-06T04:18:59.970+0200] {processor.py:154} INFO - Started process (PID=10603) to work on /Users/mnagy99/airflow/dags/lesson2_solutions/solution1.py
[2022-11-06T04:18:59.973+0200] {processor.py:756} INFO - Processing file /Users/mnagy99/airflow/dags/lesson2_solutions/solution1.py for tasks to queue
[2022-11-06T04:18:59.973+0200] {logging_mixin.py:120} INFO - [2022-11-06T04:18:59.973+0200] {dagbag.py:537} INFO - Filling up the DagBag from /Users/mnagy99/airflow/dags/lesson2_solutions/solution1.py
[2022-11-06T04:19:00.739+0200] {processor.py:766} INFO - DAG(s) dict_keys(['lesson2.exercise1']) retrieved from /Users/mnagy99/airflow/dags/lesson2_solutions/solution1.py
[2022-11-06T04:19:00.756+0200] {logging_mixin.py:120} INFO - [2022-11-06T04:19:00.756+0200] {dag.py:2585} INFO - Sync 1 DAGs
[2022-11-06T04:19:00.851+0200] {logging_mixin.py:120} INFO - [2022-11-06T04:19:00.851+0200] {dag.py:3336} INFO - Setting next_dagrun for lesson2.exercise1 to 2022-11-06T04:19:00.730930+00:00, run_after=2022-11-07T04:19:00.730930+00:00
[2022-11-06T04:19:00.869+0200] {processor.py:176} INFO - Processing /Users/mnagy99/airflow/dags/lesson2_solutions/solution1.py took 0.900 seconds
