[2022-11-06T02:01:37.204+0200] {processor.py:154} INFO - Started process (PID=1811) to work on /Users/mnagy99/opt/anaconda3/envs/airflow-env/lib/python3.8/site-packages/airflow/example_dags/plugins/workday.py
[2022-11-06T02:01:37.205+0200] {processor.py:756} INFO - Processing file /Users/mnagy99/opt/anaconda3/envs/airflow-env/lib/python3.8/site-packages/airflow/example_dags/plugins/workday.py for tasks to queue
[2022-11-06T02:01:37.205+0200] {logging_mixin.py:120} INFO - [2022-11-06T02:01:37.205+0200] {dagbag.py:537} INFO - Filling up the DagBag from /Users/mnagy99/opt/anaconda3/envs/airflow-env/lib/python3.8/site-packages/airflow/example_dags/plugins/workday.py
[2022-11-06T02:01:37.216+0200] {processor.py:768} WARNING - No viable dags retrieved from /Users/mnagy99/opt/anaconda3/envs/airflow-env/lib/python3.8/site-packages/airflow/example_dags/plugins/workday.py
[2022-11-06T02:01:37.344+0200] {processor.py:176} INFO - Processing /Users/mnagy99/opt/anaconda3/envs/airflow-env/lib/python3.8/site-packages/airflow/example_dags/plugins/workday.py took 0.141 seconds
[2022-11-06T02:03:56.436+0200] {processor.py:154} INFO - Started process (PID=2136) to work on /Users/mnagy99/opt/anaconda3/envs/airflow-env/lib/python3.8/site-packages/airflow/example_dags/plugins/workday.py
[2022-11-06T02:03:56.439+0200] {processor.py:756} INFO - Processing file /Users/mnagy99/opt/anaconda3/envs/airflow-env/lib/python3.8/site-packages/airflow/example_dags/plugins/workday.py for tasks to queue
[2022-11-06T02:03:56.440+0200] {logging_mixin.py:120} INFO - [2022-11-06T02:03:56.440+0200] {dagbag.py:537} INFO - Filling up the DagBag from /Users/mnagy99/opt/anaconda3/envs/airflow-env/lib/python3.8/site-packages/airflow/example_dags/plugins/workday.py
[2022-11-06T02:03:56.458+0200] {processor.py:768} WARNING - No viable dags retrieved from /Users/mnagy99/opt/anaconda3/envs/airflow-env/lib/python3.8/site-packages/airflow/example_dags/plugins/workday.py
[2022-11-06T02:03:56.583+0200] {processor.py:176} INFO - Processing /Users/mnagy99/opt/anaconda3/envs/airflow-env/lib/python3.8/site-packages/airflow/example_dags/plugins/workday.py took 0.148 seconds
[2022-11-06T02:06:15.690+0200] {processor.py:154} INFO - Started process (PID=2269) to work on /Users/mnagy99/opt/anaconda3/envs/airflow-env/lib/python3.8/site-packages/airflow/example_dags/plugins/workday.py
[2022-11-06T02:06:15.692+0200] {processor.py:756} INFO - Processing file /Users/mnagy99/opt/anaconda3/envs/airflow-env/lib/python3.8/site-packages/airflow/example_dags/plugins/workday.py for tasks to queue
[2022-11-06T02:06:15.692+0200] {logging_mixin.py:120} INFO - [2022-11-06T02:06:15.692+0200] {dagbag.py:537} INFO - Filling up the DagBag from /Users/mnagy99/opt/anaconda3/envs/airflow-env/lib/python3.8/site-packages/airflow/example_dags/plugins/workday.py
[2022-11-06T02:06:15.706+0200] {processor.py:768} WARNING - No viable dags retrieved from /Users/mnagy99/opt/anaconda3/envs/airflow-env/lib/python3.8/site-packages/airflow/example_dags/plugins/workday.py
[2022-11-06T02:06:15.823+0200] {processor.py:176} INFO - Processing /Users/mnagy99/opt/anaconda3/envs/airflow-env/lib/python3.8/site-packages/airflow/example_dags/plugins/workday.py took 0.134 seconds
[2022-11-06T02:08:34.066+0200] {processor.py:154} INFO - Started process (PID=2394) to work on /Users/mnagy99/opt/anaconda3/envs/airflow-env/lib/python3.8/site-packages/airflow/example_dags/plugins/workday.py
[2022-11-06T02:08:34.068+0200] {processor.py:756} INFO - Processing file /Users/mnagy99/opt/anaconda3/envs/airflow-env/lib/python3.8/site-packages/airflow/example_dags/plugins/workday.py for tasks to queue
[2022-11-06T02:08:34.069+0200] {logging_mixin.py:120} INFO - [2022-11-06T02:08:34.068+0200] {dagbag.py:537} INFO - Filling up the DagBag from /Users/mnagy99/opt/anaconda3/envs/airflow-env/lib/python3.8/site-packages/airflow/example_dags/plugins/workday.py
[2022-11-06T02:08:34.089+0200] {processor.py:768} WARNING - No viable dags retrieved from /Users/mnagy99/opt/anaconda3/envs/airflow-env/lib/python3.8/site-packages/airflow/example_dags/plugins/workday.py
[2022-11-06T02:08:34.211+0200] {processor.py:176} INFO - Processing /Users/mnagy99/opt/anaconda3/envs/airflow-env/lib/python3.8/site-packages/airflow/example_dags/plugins/workday.py took 0.146 seconds
[2022-11-06T02:10:51.342+0200] {processor.py:154} INFO - Started process (PID=2525) to work on /Users/mnagy99/opt/anaconda3/envs/airflow-env/lib/python3.8/site-packages/airflow/example_dags/plugins/workday.py
[2022-11-06T02:10:51.344+0200] {processor.py:756} INFO - Processing file /Users/mnagy99/opt/anaconda3/envs/airflow-env/lib/python3.8/site-packages/airflow/example_dags/plugins/workday.py for tasks to queue
[2022-11-06T02:10:51.345+0200] {logging_mixin.py:120} INFO - [2022-11-06T02:10:51.345+0200] {dagbag.py:537} INFO - Filling up the DagBag from /Users/mnagy99/opt/anaconda3/envs/airflow-env/lib/python3.8/site-packages/airflow/example_dags/plugins/workday.py
[2022-11-06T02:10:51.363+0200] {processor.py:768} WARNING - No viable dags retrieved from /Users/mnagy99/opt/anaconda3/envs/airflow-env/lib/python3.8/site-packages/airflow/example_dags/plugins/workday.py
[2022-11-06T02:10:51.475+0200] {processor.py:176} INFO - Processing /Users/mnagy99/opt/anaconda3/envs/airflow-env/lib/python3.8/site-packages/airflow/example_dags/plugins/workday.py took 0.133 seconds
[2022-11-06T02:13:01.210+0200] {processor.py:154} INFO - Started process (PID=2650) to work on /Users/mnagy99/opt/anaconda3/envs/airflow-env/lib/python3.8/site-packages/airflow/example_dags/plugins/workday.py
[2022-11-06T02:13:01.213+0200] {processor.py:756} INFO - Processing file /Users/mnagy99/opt/anaconda3/envs/airflow-env/lib/python3.8/site-packages/airflow/example_dags/plugins/workday.py for tasks to queue
[2022-11-06T02:13:01.214+0200] {logging_mixin.py:120} INFO - [2022-11-06T02:13:01.214+0200] {dagbag.py:537} INFO - Filling up the DagBag from /Users/mnagy99/opt/anaconda3/envs/airflow-env/lib/python3.8/site-packages/airflow/example_dags/plugins/workday.py
[2022-11-06T02:13:01.230+0200] {processor.py:768} WARNING - No viable dags retrieved from /Users/mnagy99/opt/anaconda3/envs/airflow-env/lib/python3.8/site-packages/airflow/example_dags/plugins/workday.py
[2022-11-06T02:13:01.333+0200] {processor.py:176} INFO - Processing /Users/mnagy99/opt/anaconda3/envs/airflow-env/lib/python3.8/site-packages/airflow/example_dags/plugins/workday.py took 0.124 seconds
[2022-11-06T02:15:24.217+0200] {processor.py:154} INFO - Started process (PID=2849) to work on /Users/mnagy99/opt/anaconda3/envs/airflow-env/lib/python3.8/site-packages/airflow/example_dags/plugins/workday.py
[2022-11-06T02:15:24.219+0200] {processor.py:756} INFO - Processing file /Users/mnagy99/opt/anaconda3/envs/airflow-env/lib/python3.8/site-packages/airflow/example_dags/plugins/workday.py for tasks to queue
[2022-11-06T02:15:24.220+0200] {logging_mixin.py:120} INFO - [2022-11-06T02:15:24.220+0200] {dagbag.py:537} INFO - Filling up the DagBag from /Users/mnagy99/opt/anaconda3/envs/airflow-env/lib/python3.8/site-packages/airflow/example_dags/plugins/workday.py
[2022-11-06T02:15:24.238+0200] {processor.py:768} WARNING - No viable dags retrieved from /Users/mnagy99/opt/anaconda3/envs/airflow-env/lib/python3.8/site-packages/airflow/example_dags/plugins/workday.py
[2022-11-06T02:15:24.343+0200] {processor.py:176} INFO - Processing /Users/mnagy99/opt/anaconda3/envs/airflow-env/lib/python3.8/site-packages/airflow/example_dags/plugins/workday.py took 0.128 seconds
[2022-11-06T02:17:38.606+0200] {processor.py:154} INFO - Started process (PID=2999) to work on /Users/mnagy99/opt/anaconda3/envs/airflow-env/lib/python3.8/site-packages/airflow/example_dags/plugins/workday.py
[2022-11-06T02:17:38.608+0200] {processor.py:756} INFO - Processing file /Users/mnagy99/opt/anaconda3/envs/airflow-env/lib/python3.8/site-packages/airflow/example_dags/plugins/workday.py for tasks to queue
[2022-11-06T02:17:38.609+0200] {logging_mixin.py:120} INFO - [2022-11-06T02:17:38.609+0200] {dagbag.py:537} INFO - Filling up the DagBag from /Users/mnagy99/opt/anaconda3/envs/airflow-env/lib/python3.8/site-packages/airflow/example_dags/plugins/workday.py
[2022-11-06T02:17:38.623+0200] {processor.py:768} WARNING - No viable dags retrieved from /Users/mnagy99/opt/anaconda3/envs/airflow-env/lib/python3.8/site-packages/airflow/example_dags/plugins/workday.py
[2022-11-06T02:17:38.729+0200] {processor.py:176} INFO - Processing /Users/mnagy99/opt/anaconda3/envs/airflow-env/lib/python3.8/site-packages/airflow/example_dags/plugins/workday.py took 0.124 seconds
[2022-11-06T02:19:46.700+0200] {processor.py:154} INFO - Started process (PID=3130) to work on /Users/mnagy99/opt/anaconda3/envs/airflow-env/lib/python3.8/site-packages/airflow/example_dags/plugins/workday.py
[2022-11-06T02:19:46.702+0200] {processor.py:756} INFO - Processing file /Users/mnagy99/opt/anaconda3/envs/airflow-env/lib/python3.8/site-packages/airflow/example_dags/plugins/workday.py for tasks to queue
[2022-11-06T02:19:46.703+0200] {logging_mixin.py:120} INFO - [2022-11-06T02:19:46.703+0200] {dagbag.py:537} INFO - Filling up the DagBag from /Users/mnagy99/opt/anaconda3/envs/airflow-env/lib/python3.8/site-packages/airflow/example_dags/plugins/workday.py
[2022-11-06T02:19:46.716+0200] {processor.py:768} WARNING - No viable dags retrieved from /Users/mnagy99/opt/anaconda3/envs/airflow-env/lib/python3.8/site-packages/airflow/example_dags/plugins/workday.py
[2022-11-06T02:19:46.830+0200] {processor.py:176} INFO - Processing /Users/mnagy99/opt/anaconda3/envs/airflow-env/lib/python3.8/site-packages/airflow/example_dags/plugins/workday.py took 0.131 seconds
[2022-11-06T02:21:56.264+0200] {processor.py:154} INFO - Started process (PID=3263) to work on /Users/mnagy99/opt/anaconda3/envs/airflow-env/lib/python3.8/site-packages/airflow/example_dags/plugins/workday.py
[2022-11-06T02:21:56.266+0200] {processor.py:756} INFO - Processing file /Users/mnagy99/opt/anaconda3/envs/airflow-env/lib/python3.8/site-packages/airflow/example_dags/plugins/workday.py for tasks to queue
[2022-11-06T02:21:56.267+0200] {logging_mixin.py:120} INFO - [2022-11-06T02:21:56.266+0200] {dagbag.py:537} INFO - Filling up the DagBag from /Users/mnagy99/opt/anaconda3/envs/airflow-env/lib/python3.8/site-packages/airflow/example_dags/plugins/workday.py
[2022-11-06T02:21:56.280+0200] {processor.py:768} WARNING - No viable dags retrieved from /Users/mnagy99/opt/anaconda3/envs/airflow-env/lib/python3.8/site-packages/airflow/example_dags/plugins/workday.py
[2022-11-06T02:21:56.390+0200] {processor.py:176} INFO - Processing /Users/mnagy99/opt/anaconda3/envs/airflow-env/lib/python3.8/site-packages/airflow/example_dags/plugins/workday.py took 0.127 seconds
[2022-11-06T02:24:09.190+0200] {processor.py:154} INFO - Started process (PID=3405) to work on /Users/mnagy99/opt/anaconda3/envs/airflow-env/lib/python3.8/site-packages/airflow/example_dags/plugins/workday.py
[2022-11-06T02:24:09.191+0200] {processor.py:756} INFO - Processing file /Users/mnagy99/opt/anaconda3/envs/airflow-env/lib/python3.8/site-packages/airflow/example_dags/plugins/workday.py for tasks to queue
[2022-11-06T02:24:09.192+0200] {logging_mixin.py:120} INFO - [2022-11-06T02:24:09.192+0200] {dagbag.py:537} INFO - Filling up the DagBag from /Users/mnagy99/opt/anaconda3/envs/airflow-env/lib/python3.8/site-packages/airflow/example_dags/plugins/workday.py
[2022-11-06T02:24:09.207+0200] {processor.py:768} WARNING - No viable dags retrieved from /Users/mnagy99/opt/anaconda3/envs/airflow-env/lib/python3.8/site-packages/airflow/example_dags/plugins/workday.py
[2022-11-06T02:24:09.325+0200] {processor.py:176} INFO - Processing /Users/mnagy99/opt/anaconda3/envs/airflow-env/lib/python3.8/site-packages/airflow/example_dags/plugins/workday.py took 0.136 seconds
[2022-11-06T02:26:23.599+0200] {processor.py:154} INFO - Started process (PID=3546) to work on /Users/mnagy99/opt/anaconda3/envs/airflow-env/lib/python3.8/site-packages/airflow/example_dags/plugins/workday.py
[2022-11-06T02:26:23.601+0200] {processor.py:756} INFO - Processing file /Users/mnagy99/opt/anaconda3/envs/airflow-env/lib/python3.8/site-packages/airflow/example_dags/plugins/workday.py for tasks to queue
[2022-11-06T02:26:23.602+0200] {logging_mixin.py:120} INFO - [2022-11-06T02:26:23.602+0200] {dagbag.py:537} INFO - Filling up the DagBag from /Users/mnagy99/opt/anaconda3/envs/airflow-env/lib/python3.8/site-packages/airflow/example_dags/plugins/workday.py
[2022-11-06T02:26:23.616+0200] {processor.py:768} WARNING - No viable dags retrieved from /Users/mnagy99/opt/anaconda3/envs/airflow-env/lib/python3.8/site-packages/airflow/example_dags/plugins/workday.py
[2022-11-06T02:26:23.739+0200] {processor.py:176} INFO - Processing /Users/mnagy99/opt/anaconda3/envs/airflow-env/lib/python3.8/site-packages/airflow/example_dags/plugins/workday.py took 0.140 seconds
[2022-11-06T02:28:35.622+0200] {processor.py:154} INFO - Started process (PID=3684) to work on /Users/mnagy99/opt/anaconda3/envs/airflow-env/lib/python3.8/site-packages/airflow/example_dags/plugins/workday.py
[2022-11-06T02:28:35.623+0200] {processor.py:756} INFO - Processing file /Users/mnagy99/opt/anaconda3/envs/airflow-env/lib/python3.8/site-packages/airflow/example_dags/plugins/workday.py for tasks to queue
[2022-11-06T02:28:35.623+0200] {logging_mixin.py:120} INFO - [2022-11-06T02:28:35.623+0200] {dagbag.py:537} INFO - Filling up the DagBag from /Users/mnagy99/opt/anaconda3/envs/airflow-env/lib/python3.8/site-packages/airflow/example_dags/plugins/workday.py
[2022-11-06T02:28:35.635+0200] {processor.py:768} WARNING - No viable dags retrieved from /Users/mnagy99/opt/anaconda3/envs/airflow-env/lib/python3.8/site-packages/airflow/example_dags/plugins/workday.py
[2022-11-06T02:28:35.747+0200] {processor.py:176} INFO - Processing /Users/mnagy99/opt/anaconda3/envs/airflow-env/lib/python3.8/site-packages/airflow/example_dags/plugins/workday.py took 0.125 seconds
[2022-11-06T02:30:45.878+0200] {processor.py:154} INFO - Started process (PID=3834) to work on /Users/mnagy99/opt/anaconda3/envs/airflow-env/lib/python3.8/site-packages/airflow/example_dags/plugins/workday.py
[2022-11-06T02:30:45.879+0200] {processor.py:756} INFO - Processing file /Users/mnagy99/opt/anaconda3/envs/airflow-env/lib/python3.8/site-packages/airflow/example_dags/plugins/workday.py for tasks to queue
[2022-11-06T02:30:45.880+0200] {logging_mixin.py:120} INFO - [2022-11-06T02:30:45.880+0200] {dagbag.py:537} INFO - Filling up the DagBag from /Users/mnagy99/opt/anaconda3/envs/airflow-env/lib/python3.8/site-packages/airflow/example_dags/plugins/workday.py
[2022-11-06T02:30:45.899+0200] {processor.py:768} WARNING - No viable dags retrieved from /Users/mnagy99/opt/anaconda3/envs/airflow-env/lib/python3.8/site-packages/airflow/example_dags/plugins/workday.py
[2022-11-06T02:30:46.021+0200] {processor.py:176} INFO - Processing /Users/mnagy99/opt/anaconda3/envs/airflow-env/lib/python3.8/site-packages/airflow/example_dags/plugins/workday.py took 0.144 seconds
[2022-11-06T02:32:59.803+0200] {processor.py:154} INFO - Started process (PID=3987) to work on /Users/mnagy99/opt/anaconda3/envs/airflow-env/lib/python3.8/site-packages/airflow/example_dags/plugins/workday.py
[2022-11-06T02:32:59.805+0200] {processor.py:756} INFO - Processing file /Users/mnagy99/opt/anaconda3/envs/airflow-env/lib/python3.8/site-packages/airflow/example_dags/plugins/workday.py for tasks to queue
[2022-11-06T02:32:59.806+0200] {logging_mixin.py:120} INFO - [2022-11-06T02:32:59.806+0200] {dagbag.py:537} INFO - Filling up the DagBag from /Users/mnagy99/opt/anaconda3/envs/airflow-env/lib/python3.8/site-packages/airflow/example_dags/plugins/workday.py
[2022-11-06T02:32:59.819+0200] {processor.py:768} WARNING - No viable dags retrieved from /Users/mnagy99/opt/anaconda3/envs/airflow-env/lib/python3.8/site-packages/airflow/example_dags/plugins/workday.py
[2022-11-06T02:32:59.922+0200] {processor.py:176} INFO - Processing /Users/mnagy99/opt/anaconda3/envs/airflow-env/lib/python3.8/site-packages/airflow/example_dags/plugins/workday.py took 0.120 seconds
[2022-11-06T02:35:08.815+0200] {processor.py:154} INFO - Started process (PID=4133) to work on /Users/mnagy99/opt/anaconda3/envs/airflow-env/lib/python3.8/site-packages/airflow/example_dags/plugins/workday.py
[2022-11-06T02:35:08.818+0200] {processor.py:756} INFO - Processing file /Users/mnagy99/opt/anaconda3/envs/airflow-env/lib/python3.8/site-packages/airflow/example_dags/plugins/workday.py for tasks to queue
[2022-11-06T02:35:08.819+0200] {logging_mixin.py:120} INFO - [2022-11-06T02:35:08.819+0200] {dagbag.py:537} INFO - Filling up the DagBag from /Users/mnagy99/opt/anaconda3/envs/airflow-env/lib/python3.8/site-packages/airflow/example_dags/plugins/workday.py
[2022-11-06T02:35:08.836+0200] {processor.py:768} WARNING - No viable dags retrieved from /Users/mnagy99/opt/anaconda3/envs/airflow-env/lib/python3.8/site-packages/airflow/example_dags/plugins/workday.py
[2022-11-06T02:35:08.967+0200] {processor.py:176} INFO - Processing /Users/mnagy99/opt/anaconda3/envs/airflow-env/lib/python3.8/site-packages/airflow/example_dags/plugins/workday.py took 0.153 seconds
[2022-11-06T02:37:19.434+0200] {processor.py:154} INFO - Started process (PID=4274) to work on /Users/mnagy99/opt/anaconda3/envs/airflow-env/lib/python3.8/site-packages/airflow/example_dags/plugins/workday.py
[2022-11-06T02:37:19.437+0200] {processor.py:756} INFO - Processing file /Users/mnagy99/opt/anaconda3/envs/airflow-env/lib/python3.8/site-packages/airflow/example_dags/plugins/workday.py for tasks to queue
[2022-11-06T02:37:19.438+0200] {logging_mixin.py:120} INFO - [2022-11-06T02:37:19.437+0200] {dagbag.py:537} INFO - Filling up the DagBag from /Users/mnagy99/opt/anaconda3/envs/airflow-env/lib/python3.8/site-packages/airflow/example_dags/plugins/workday.py
[2022-11-06T02:37:19.454+0200] {processor.py:768} WARNING - No viable dags retrieved from /Users/mnagy99/opt/anaconda3/envs/airflow-env/lib/python3.8/site-packages/airflow/example_dags/plugins/workday.py
[2022-11-06T02:37:19.577+0200] {processor.py:176} INFO - Processing /Users/mnagy99/opt/anaconda3/envs/airflow-env/lib/python3.8/site-packages/airflow/example_dags/plugins/workday.py took 0.144 seconds
[2022-11-06T02:39:29.886+0200] {processor.py:154} INFO - Started process (PID=4403) to work on /Users/mnagy99/opt/anaconda3/envs/airflow-env/lib/python3.8/site-packages/airflow/example_dags/plugins/workday.py
[2022-11-06T02:39:29.889+0200] {processor.py:756} INFO - Processing file /Users/mnagy99/opt/anaconda3/envs/airflow-env/lib/python3.8/site-packages/airflow/example_dags/plugins/workday.py for tasks to queue
[2022-11-06T02:39:29.889+0200] {logging_mixin.py:120} INFO - [2022-11-06T02:39:29.889+0200] {dagbag.py:537} INFO - Filling up the DagBag from /Users/mnagy99/opt/anaconda3/envs/airflow-env/lib/python3.8/site-packages/airflow/example_dags/plugins/workday.py
[2022-11-06T02:39:29.906+0200] {processor.py:768} WARNING - No viable dags retrieved from /Users/mnagy99/opt/anaconda3/envs/airflow-env/lib/python3.8/site-packages/airflow/example_dags/plugins/workday.py
[2022-11-06T02:39:30.011+0200] {processor.py:176} INFO - Processing /Users/mnagy99/opt/anaconda3/envs/airflow-env/lib/python3.8/site-packages/airflow/example_dags/plugins/workday.py took 0.126 seconds
[2022-11-06T02:41:54.736+0200] {processor.py:154} INFO - Started process (PID=4574) to work on /Users/mnagy99/opt/anaconda3/envs/airflow-env/lib/python3.8/site-packages/airflow/example_dags/plugins/workday.py
[2022-11-06T02:41:54.738+0200] {processor.py:756} INFO - Processing file /Users/mnagy99/opt/anaconda3/envs/airflow-env/lib/python3.8/site-packages/airflow/example_dags/plugins/workday.py for tasks to queue
[2022-11-06T02:41:54.739+0200] {logging_mixin.py:120} INFO - [2022-11-06T02:41:54.739+0200] {dagbag.py:537} INFO - Filling up the DagBag from /Users/mnagy99/opt/anaconda3/envs/airflow-env/lib/python3.8/site-packages/airflow/example_dags/plugins/workday.py
[2022-11-06T02:41:54.754+0200] {processor.py:768} WARNING - No viable dags retrieved from /Users/mnagy99/opt/anaconda3/envs/airflow-env/lib/python3.8/site-packages/airflow/example_dags/plugins/workday.py
[2022-11-06T02:41:54.867+0200] {processor.py:176} INFO - Processing /Users/mnagy99/opt/anaconda3/envs/airflow-env/lib/python3.8/site-packages/airflow/example_dags/plugins/workday.py took 0.131 seconds
[2022-11-06T02:44:21.008+0200] {processor.py:154} INFO - Started process (PID=4709) to work on /Users/mnagy99/opt/anaconda3/envs/airflow-env/lib/python3.8/site-packages/airflow/example_dags/plugins/workday.py
[2022-11-06T02:44:21.010+0200] {processor.py:756} INFO - Processing file /Users/mnagy99/opt/anaconda3/envs/airflow-env/lib/python3.8/site-packages/airflow/example_dags/plugins/workday.py for tasks to queue
[2022-11-06T02:44:21.011+0200] {logging_mixin.py:120} INFO - [2022-11-06T02:44:21.010+0200] {dagbag.py:537} INFO - Filling up the DagBag from /Users/mnagy99/opt/anaconda3/envs/airflow-env/lib/python3.8/site-packages/airflow/example_dags/plugins/workday.py
[2022-11-06T02:44:21.026+0200] {processor.py:768} WARNING - No viable dags retrieved from /Users/mnagy99/opt/anaconda3/envs/airflow-env/lib/python3.8/site-packages/airflow/example_dags/plugins/workday.py
[2022-11-06T02:44:21.164+0200] {processor.py:176} INFO - Processing /Users/mnagy99/opt/anaconda3/envs/airflow-env/lib/python3.8/site-packages/airflow/example_dags/plugins/workday.py took 0.158 seconds
[2022-11-06T02:46:35.043+0200] {processor.py:154} INFO - Started process (PID=4849) to work on /Users/mnagy99/opt/anaconda3/envs/airflow-env/lib/python3.8/site-packages/airflow/example_dags/plugins/workday.py
[2022-11-06T02:46:35.044+0200] {processor.py:756} INFO - Processing file /Users/mnagy99/opt/anaconda3/envs/airflow-env/lib/python3.8/site-packages/airflow/example_dags/plugins/workday.py for tasks to queue
[2022-11-06T02:46:35.044+0200] {logging_mixin.py:120} INFO - [2022-11-06T02:46:35.044+0200] {dagbag.py:537} INFO - Filling up the DagBag from /Users/mnagy99/opt/anaconda3/envs/airflow-env/lib/python3.8/site-packages/airflow/example_dags/plugins/workday.py
[2022-11-06T02:46:35.058+0200] {processor.py:768} WARNING - No viable dags retrieved from /Users/mnagy99/opt/anaconda3/envs/airflow-env/lib/python3.8/site-packages/airflow/example_dags/plugins/workday.py
[2022-11-06T02:46:35.180+0200] {processor.py:176} INFO - Processing /Users/mnagy99/opt/anaconda3/envs/airflow-env/lib/python3.8/site-packages/airflow/example_dags/plugins/workday.py took 0.137 seconds
[2022-11-06T02:48:43.541+0200] {processor.py:154} INFO - Started process (PID=4976) to work on /Users/mnagy99/opt/anaconda3/envs/airflow-env/lib/python3.8/site-packages/airflow/example_dags/plugins/workday.py
[2022-11-06T02:48:43.544+0200] {processor.py:756} INFO - Processing file /Users/mnagy99/opt/anaconda3/envs/airflow-env/lib/python3.8/site-packages/airflow/example_dags/plugins/workday.py for tasks to queue
[2022-11-06T02:48:43.545+0200] {logging_mixin.py:120} INFO - [2022-11-06T02:48:43.545+0200] {dagbag.py:537} INFO - Filling up the DagBag from /Users/mnagy99/opt/anaconda3/envs/airflow-env/lib/python3.8/site-packages/airflow/example_dags/plugins/workday.py
[2022-11-06T02:48:43.562+0200] {processor.py:768} WARNING - No viable dags retrieved from /Users/mnagy99/opt/anaconda3/envs/airflow-env/lib/python3.8/site-packages/airflow/example_dags/plugins/workday.py
[2022-11-06T02:48:43.669+0200] {processor.py:176} INFO - Processing /Users/mnagy99/opt/anaconda3/envs/airflow-env/lib/python3.8/site-packages/airflow/example_dags/plugins/workday.py took 0.129 seconds
[2022-11-06T02:50:49.333+0200] {processor.py:154} INFO - Started process (PID=5099) to work on /Users/mnagy99/opt/anaconda3/envs/airflow-env/lib/python3.8/site-packages/airflow/example_dags/plugins/workday.py
[2022-11-06T02:50:49.335+0200] {processor.py:756} INFO - Processing file /Users/mnagy99/opt/anaconda3/envs/airflow-env/lib/python3.8/site-packages/airflow/example_dags/plugins/workday.py for tasks to queue
[2022-11-06T02:50:49.335+0200] {logging_mixin.py:120} INFO - [2022-11-06T02:50:49.335+0200] {dagbag.py:537} INFO - Filling up the DagBag from /Users/mnagy99/opt/anaconda3/envs/airflow-env/lib/python3.8/site-packages/airflow/example_dags/plugins/workday.py
[2022-11-06T02:50:49.350+0200] {processor.py:768} WARNING - No viable dags retrieved from /Users/mnagy99/opt/anaconda3/envs/airflow-env/lib/python3.8/site-packages/airflow/example_dags/plugins/workday.py
[2022-11-06T02:50:49.456+0200] {processor.py:176} INFO - Processing /Users/mnagy99/opt/anaconda3/envs/airflow-env/lib/python3.8/site-packages/airflow/example_dags/plugins/workday.py took 0.124 seconds
[2022-11-06T02:52:55.510+0200] {processor.py:154} INFO - Started process (PID=5227) to work on /Users/mnagy99/opt/anaconda3/envs/airflow-env/lib/python3.8/site-packages/airflow/example_dags/plugins/workday.py
[2022-11-06T02:52:55.513+0200] {processor.py:756} INFO - Processing file /Users/mnagy99/opt/anaconda3/envs/airflow-env/lib/python3.8/site-packages/airflow/example_dags/plugins/workday.py for tasks to queue
[2022-11-06T02:52:55.513+0200] {logging_mixin.py:120} INFO - [2022-11-06T02:52:55.513+0200] {dagbag.py:537} INFO - Filling up the DagBag from /Users/mnagy99/opt/anaconda3/envs/airflow-env/lib/python3.8/site-packages/airflow/example_dags/plugins/workday.py
[2022-11-06T02:52:55.529+0200] {processor.py:768} WARNING - No viable dags retrieved from /Users/mnagy99/opt/anaconda3/envs/airflow-env/lib/python3.8/site-packages/airflow/example_dags/plugins/workday.py
[2022-11-06T02:52:55.662+0200] {processor.py:176} INFO - Processing /Users/mnagy99/opt/anaconda3/envs/airflow-env/lib/python3.8/site-packages/airflow/example_dags/plugins/workday.py took 0.154 seconds
[2022-11-06T02:55:03.668+0200] {processor.py:154} INFO - Started process (PID=5349) to work on /Users/mnagy99/opt/anaconda3/envs/airflow-env/lib/python3.8/site-packages/airflow/example_dags/plugins/workday.py
[2022-11-06T02:55:03.671+0200] {processor.py:756} INFO - Processing file /Users/mnagy99/opt/anaconda3/envs/airflow-env/lib/python3.8/site-packages/airflow/example_dags/plugins/workday.py for tasks to queue
[2022-11-06T02:55:03.671+0200] {logging_mixin.py:120} INFO - [2022-11-06T02:55:03.671+0200] {dagbag.py:537} INFO - Filling up the DagBag from /Users/mnagy99/opt/anaconda3/envs/airflow-env/lib/python3.8/site-packages/airflow/example_dags/plugins/workday.py
[2022-11-06T02:55:03.689+0200] {processor.py:768} WARNING - No viable dags retrieved from /Users/mnagy99/opt/anaconda3/envs/airflow-env/lib/python3.8/site-packages/airflow/example_dags/plugins/workday.py
[2022-11-06T02:55:03.795+0200] {processor.py:176} INFO - Processing /Users/mnagy99/opt/anaconda3/envs/airflow-env/lib/python3.8/site-packages/airflow/example_dags/plugins/workday.py took 0.128 seconds
[2022-11-06T02:57:20.414+0200] {processor.py:154} INFO - Started process (PID=5496) to work on /Users/mnagy99/opt/anaconda3/envs/airflow-env/lib/python3.8/site-packages/airflow/example_dags/plugins/workday.py
[2022-11-06T02:57:20.416+0200] {processor.py:756} INFO - Processing file /Users/mnagy99/opt/anaconda3/envs/airflow-env/lib/python3.8/site-packages/airflow/example_dags/plugins/workday.py for tasks to queue
[2022-11-06T02:57:20.417+0200] {logging_mixin.py:120} INFO - [2022-11-06T02:57:20.416+0200] {dagbag.py:537} INFO - Filling up the DagBag from /Users/mnagy99/opt/anaconda3/envs/airflow-env/lib/python3.8/site-packages/airflow/example_dags/plugins/workday.py
[2022-11-06T02:57:20.430+0200] {processor.py:768} WARNING - No viable dags retrieved from /Users/mnagy99/opt/anaconda3/envs/airflow-env/lib/python3.8/site-packages/airflow/example_dags/plugins/workday.py
[2022-11-06T02:57:20.534+0200] {processor.py:176} INFO - Processing /Users/mnagy99/opt/anaconda3/envs/airflow-env/lib/python3.8/site-packages/airflow/example_dags/plugins/workday.py took 0.122 seconds
[2022-11-06T02:59:38.911+0200] {processor.py:154} INFO - Started process (PID=5634) to work on /Users/mnagy99/opt/anaconda3/envs/airflow-env/lib/python3.8/site-packages/airflow/example_dags/plugins/workday.py
[2022-11-06T02:59:38.913+0200] {processor.py:756} INFO - Processing file /Users/mnagy99/opt/anaconda3/envs/airflow-env/lib/python3.8/site-packages/airflow/example_dags/plugins/workday.py for tasks to queue
[2022-11-06T02:59:38.914+0200] {logging_mixin.py:120} INFO - [2022-11-06T02:59:38.914+0200] {dagbag.py:537} INFO - Filling up the DagBag from /Users/mnagy99/opt/anaconda3/envs/airflow-env/lib/python3.8/site-packages/airflow/example_dags/plugins/workday.py
[2022-11-06T02:59:38.928+0200] {processor.py:768} WARNING - No viable dags retrieved from /Users/mnagy99/opt/anaconda3/envs/airflow-env/lib/python3.8/site-packages/airflow/example_dags/plugins/workday.py
[2022-11-06T02:59:39.042+0200] {processor.py:176} INFO - Processing /Users/mnagy99/opt/anaconda3/envs/airflow-env/lib/python3.8/site-packages/airflow/example_dags/plugins/workday.py took 0.131 seconds
[2022-11-06T03:02:21.546+0200] {processor.py:154} INFO - Started process (PID=5781) to work on /Users/mnagy99/opt/anaconda3/envs/airflow-env/lib/python3.8/site-packages/airflow/example_dags/plugins/workday.py
[2022-11-06T03:02:21.548+0200] {processor.py:756} INFO - Processing file /Users/mnagy99/opt/anaconda3/envs/airflow-env/lib/python3.8/site-packages/airflow/example_dags/plugins/workday.py for tasks to queue
[2022-11-06T03:02:21.549+0200] {logging_mixin.py:120} INFO - [2022-11-06T03:02:21.549+0200] {dagbag.py:537} INFO - Filling up the DagBag from /Users/mnagy99/opt/anaconda3/envs/airflow-env/lib/python3.8/site-packages/airflow/example_dags/plugins/workday.py
[2022-11-06T03:02:21.565+0200] {processor.py:768} WARNING - No viable dags retrieved from /Users/mnagy99/opt/anaconda3/envs/airflow-env/lib/python3.8/site-packages/airflow/example_dags/plugins/workday.py
[2022-11-06T03:02:21.693+0200] {processor.py:176} INFO - Processing /Users/mnagy99/opt/anaconda3/envs/airflow-env/lib/python3.8/site-packages/airflow/example_dags/plugins/workday.py took 0.147 seconds
[2022-11-06T03:04:44.451+0200] {processor.py:154} INFO - Started process (PID=5911) to work on /Users/mnagy99/opt/anaconda3/envs/airflow-env/lib/python3.8/site-packages/airflow/example_dags/plugins/workday.py
[2022-11-06T03:04:44.454+0200] {processor.py:756} INFO - Processing file /Users/mnagy99/opt/anaconda3/envs/airflow-env/lib/python3.8/site-packages/airflow/example_dags/plugins/workday.py for tasks to queue
[2022-11-06T03:04:44.454+0200] {logging_mixin.py:120} INFO - [2022-11-06T03:04:44.454+0200] {dagbag.py:537} INFO - Filling up the DagBag from /Users/mnagy99/opt/anaconda3/envs/airflow-env/lib/python3.8/site-packages/airflow/example_dags/plugins/workday.py
[2022-11-06T03:04:44.467+0200] {processor.py:768} WARNING - No viable dags retrieved from /Users/mnagy99/opt/anaconda3/envs/airflow-env/lib/python3.8/site-packages/airflow/example_dags/plugins/workday.py
[2022-11-06T03:04:44.576+0200] {processor.py:176} INFO - Processing /Users/mnagy99/opt/anaconda3/envs/airflow-env/lib/python3.8/site-packages/airflow/example_dags/plugins/workday.py took 0.125 seconds
[2022-11-06T03:06:51.387+0200] {processor.py:154} INFO - Started process (PID=6039) to work on /Users/mnagy99/opt/anaconda3/envs/airflow-env/lib/python3.8/site-packages/airflow/example_dags/plugins/workday.py
[2022-11-06T03:06:51.390+0200] {processor.py:756} INFO - Processing file /Users/mnagy99/opt/anaconda3/envs/airflow-env/lib/python3.8/site-packages/airflow/example_dags/plugins/workday.py for tasks to queue
[2022-11-06T03:06:51.390+0200] {logging_mixin.py:120} INFO - [2022-11-06T03:06:51.390+0200] {dagbag.py:537} INFO - Filling up the DagBag from /Users/mnagy99/opt/anaconda3/envs/airflow-env/lib/python3.8/site-packages/airflow/example_dags/plugins/workday.py
[2022-11-06T03:06:51.403+0200] {processor.py:768} WARNING - No viable dags retrieved from /Users/mnagy99/opt/anaconda3/envs/airflow-env/lib/python3.8/site-packages/airflow/example_dags/plugins/workday.py
[2022-11-06T03:06:51.504+0200] {processor.py:176} INFO - Processing /Users/mnagy99/opt/anaconda3/envs/airflow-env/lib/python3.8/site-packages/airflow/example_dags/plugins/workday.py took 0.118 seconds
[2022-11-06T03:09:07.620+0200] {processor.py:154} INFO - Started process (PID=6170) to work on /Users/mnagy99/opt/anaconda3/envs/airflow-env/lib/python3.8/site-packages/airflow/example_dags/plugins/workday.py
[2022-11-06T03:09:07.622+0200] {processor.py:756} INFO - Processing file /Users/mnagy99/opt/anaconda3/envs/airflow-env/lib/python3.8/site-packages/airflow/example_dags/plugins/workday.py for tasks to queue
[2022-11-06T03:09:07.623+0200] {logging_mixin.py:120} INFO - [2022-11-06T03:09:07.623+0200] {dagbag.py:537} INFO - Filling up the DagBag from /Users/mnagy99/opt/anaconda3/envs/airflow-env/lib/python3.8/site-packages/airflow/example_dags/plugins/workday.py
[2022-11-06T03:09:07.637+0200] {processor.py:768} WARNING - No viable dags retrieved from /Users/mnagy99/opt/anaconda3/envs/airflow-env/lib/python3.8/site-packages/airflow/example_dags/plugins/workday.py
[2022-11-06T03:09:07.759+0200] {processor.py:176} INFO - Processing /Users/mnagy99/opt/anaconda3/envs/airflow-env/lib/python3.8/site-packages/airflow/example_dags/plugins/workday.py took 0.139 seconds
[2022-11-06T03:11:11.625+0200] {processor.py:154} INFO - Started process (PID=6308) to work on /Users/mnagy99/opt/anaconda3/envs/airflow-env/lib/python3.8/site-packages/airflow/example_dags/plugins/workday.py
[2022-11-06T03:11:11.627+0200] {processor.py:756} INFO - Processing file /Users/mnagy99/opt/anaconda3/envs/airflow-env/lib/python3.8/site-packages/airflow/example_dags/plugins/workday.py for tasks to queue
[2022-11-06T03:11:11.628+0200] {logging_mixin.py:120} INFO - [2022-11-06T03:11:11.627+0200] {dagbag.py:537} INFO - Filling up the DagBag from /Users/mnagy99/opt/anaconda3/envs/airflow-env/lib/python3.8/site-packages/airflow/example_dags/plugins/workday.py
[2022-11-06T03:11:11.645+0200] {processor.py:768} WARNING - No viable dags retrieved from /Users/mnagy99/opt/anaconda3/envs/airflow-env/lib/python3.8/site-packages/airflow/example_dags/plugins/workday.py
[2022-11-06T03:11:11.775+0200] {processor.py:176} INFO - Processing /Users/mnagy99/opt/anaconda3/envs/airflow-env/lib/python3.8/site-packages/airflow/example_dags/plugins/workday.py took 0.152 seconds
[2022-11-06T03:13:20.369+0200] {processor.py:154} INFO - Started process (PID=6438) to work on /Users/mnagy99/opt/anaconda3/envs/airflow-env/lib/python3.8/site-packages/airflow/example_dags/plugins/workday.py
[2022-11-06T03:13:20.371+0200] {processor.py:756} INFO - Processing file /Users/mnagy99/opt/anaconda3/envs/airflow-env/lib/python3.8/site-packages/airflow/example_dags/plugins/workday.py for tasks to queue
[2022-11-06T03:13:20.371+0200] {logging_mixin.py:120} INFO - [2022-11-06T03:13:20.371+0200] {dagbag.py:537} INFO - Filling up the DagBag from /Users/mnagy99/opt/anaconda3/envs/airflow-env/lib/python3.8/site-packages/airflow/example_dags/plugins/workday.py
[2022-11-06T03:13:20.384+0200] {processor.py:768} WARNING - No viable dags retrieved from /Users/mnagy99/opt/anaconda3/envs/airflow-env/lib/python3.8/site-packages/airflow/example_dags/plugins/workday.py
[2022-11-06T03:13:20.491+0200] {processor.py:176} INFO - Processing /Users/mnagy99/opt/anaconda3/envs/airflow-env/lib/python3.8/site-packages/airflow/example_dags/plugins/workday.py took 0.123 seconds
[2022-11-06T03:15:19.942+0200] {processor.py:154} INFO - Started process (PID=6567) to work on /Users/mnagy99/opt/anaconda3/envs/airflow-env/lib/python3.8/site-packages/airflow/example_dags/plugins/workday.py
[2022-11-06T03:15:19.943+0200] {processor.py:756} INFO - Processing file /Users/mnagy99/opt/anaconda3/envs/airflow-env/lib/python3.8/site-packages/airflow/example_dags/plugins/workday.py for tasks to queue
[2022-11-06T03:15:19.943+0200] {logging_mixin.py:120} INFO - [2022-11-06T03:15:19.943+0200] {dagbag.py:537} INFO - Filling up the DagBag from /Users/mnagy99/opt/anaconda3/envs/airflow-env/lib/python3.8/site-packages/airflow/example_dags/plugins/workday.py
[2022-11-06T03:15:19.954+0200] {processor.py:768} WARNING - No viable dags retrieved from /Users/mnagy99/opt/anaconda3/envs/airflow-env/lib/python3.8/site-packages/airflow/example_dags/plugins/workday.py
[2022-11-06T03:15:20.080+0200] {processor.py:176} INFO - Processing /Users/mnagy99/opt/anaconda3/envs/airflow-env/lib/python3.8/site-packages/airflow/example_dags/plugins/workday.py took 0.139 seconds
[2022-11-06T03:17:18.668+0200] {processor.py:154} INFO - Started process (PID=6701) to work on /Users/mnagy99/opt/anaconda3/envs/airflow-env/lib/python3.8/site-packages/airflow/example_dags/plugins/workday.py
[2022-11-06T03:17:18.670+0200] {processor.py:756} INFO - Processing file /Users/mnagy99/opt/anaconda3/envs/airflow-env/lib/python3.8/site-packages/airflow/example_dags/plugins/workday.py for tasks to queue
[2022-11-06T03:17:18.671+0200] {logging_mixin.py:120} INFO - [2022-11-06T03:17:18.671+0200] {dagbag.py:537} INFO - Filling up the DagBag from /Users/mnagy99/opt/anaconda3/envs/airflow-env/lib/python3.8/site-packages/airflow/example_dags/plugins/workday.py
[2022-11-06T03:17:18.683+0200] {processor.py:768} WARNING - No viable dags retrieved from /Users/mnagy99/opt/anaconda3/envs/airflow-env/lib/python3.8/site-packages/airflow/example_dags/plugins/workday.py
[2022-11-06T03:17:18.792+0200] {processor.py:176} INFO - Processing /Users/mnagy99/opt/anaconda3/envs/airflow-env/lib/python3.8/site-packages/airflow/example_dags/plugins/workday.py took 0.125 seconds
[2022-11-06T03:19:15.424+0200] {processor.py:154} INFO - Started process (PID=6824) to work on /Users/mnagy99/opt/anaconda3/envs/airflow-env/lib/python3.8/site-packages/airflow/example_dags/plugins/workday.py
[2022-11-06T03:19:15.425+0200] {processor.py:756} INFO - Processing file /Users/mnagy99/opt/anaconda3/envs/airflow-env/lib/python3.8/site-packages/airflow/example_dags/plugins/workday.py for tasks to queue
[2022-11-06T03:19:15.425+0200] {logging_mixin.py:120} INFO - [2022-11-06T03:19:15.425+0200] {dagbag.py:537} INFO - Filling up the DagBag from /Users/mnagy99/opt/anaconda3/envs/airflow-env/lib/python3.8/site-packages/airflow/example_dags/plugins/workday.py
[2022-11-06T03:19:15.437+0200] {processor.py:768} WARNING - No viable dags retrieved from /Users/mnagy99/opt/anaconda3/envs/airflow-env/lib/python3.8/site-packages/airflow/example_dags/plugins/workday.py
[2022-11-06T03:19:15.559+0200] {processor.py:176} INFO - Processing /Users/mnagy99/opt/anaconda3/envs/airflow-env/lib/python3.8/site-packages/airflow/example_dags/plugins/workday.py took 0.136 seconds
[2022-11-06T03:21:16.994+0200] {processor.py:154} INFO - Started process (PID=6948) to work on /Users/mnagy99/opt/anaconda3/envs/airflow-env/lib/python3.8/site-packages/airflow/example_dags/plugins/workday.py
[2022-11-06T03:21:16.995+0200] {processor.py:756} INFO - Processing file /Users/mnagy99/opt/anaconda3/envs/airflow-env/lib/python3.8/site-packages/airflow/example_dags/plugins/workday.py for tasks to queue
[2022-11-06T03:21:16.995+0200] {logging_mixin.py:120} INFO - [2022-11-06T03:21:16.995+0200] {dagbag.py:537} INFO - Filling up the DagBag from /Users/mnagy99/opt/anaconda3/envs/airflow-env/lib/python3.8/site-packages/airflow/example_dags/plugins/workday.py
[2022-11-06T03:21:17.008+0200] {processor.py:768} WARNING - No viable dags retrieved from /Users/mnagy99/opt/anaconda3/envs/airflow-env/lib/python3.8/site-packages/airflow/example_dags/plugins/workday.py
[2022-11-06T03:21:17.134+0200] {processor.py:176} INFO - Processing /Users/mnagy99/opt/anaconda3/envs/airflow-env/lib/python3.8/site-packages/airflow/example_dags/plugins/workday.py took 0.140 seconds
[2022-11-06T03:23:17.924+0200] {processor.py:154} INFO - Started process (PID=7079) to work on /Users/mnagy99/opt/anaconda3/envs/airflow-env/lib/python3.8/site-packages/airflow/example_dags/plugins/workday.py
[2022-11-06T03:23:17.926+0200] {processor.py:756} INFO - Processing file /Users/mnagy99/opt/anaconda3/envs/airflow-env/lib/python3.8/site-packages/airflow/example_dags/plugins/workday.py for tasks to queue
[2022-11-06T03:23:17.927+0200] {logging_mixin.py:120} INFO - [2022-11-06T03:23:17.927+0200] {dagbag.py:537} INFO - Filling up the DagBag from /Users/mnagy99/opt/anaconda3/envs/airflow-env/lib/python3.8/site-packages/airflow/example_dags/plugins/workday.py
[2022-11-06T03:23:17.942+0200] {processor.py:768} WARNING - No viable dags retrieved from /Users/mnagy99/opt/anaconda3/envs/airflow-env/lib/python3.8/site-packages/airflow/example_dags/plugins/workday.py
[2022-11-06T03:23:18.047+0200] {processor.py:176} INFO - Processing /Users/mnagy99/opt/anaconda3/envs/airflow-env/lib/python3.8/site-packages/airflow/example_dags/plugins/workday.py took 0.124 seconds
[2022-11-06T03:25:14.680+0200] {processor.py:154} INFO - Started process (PID=7200) to work on /Users/mnagy99/opt/anaconda3/envs/airflow-env/lib/python3.8/site-packages/airflow/example_dags/plugins/workday.py
[2022-11-06T03:25:14.682+0200] {processor.py:756} INFO - Processing file /Users/mnagy99/opt/anaconda3/envs/airflow-env/lib/python3.8/site-packages/airflow/example_dags/plugins/workday.py for tasks to queue
[2022-11-06T03:25:14.683+0200] {logging_mixin.py:120} INFO - [2022-11-06T03:25:14.683+0200] {dagbag.py:537} INFO - Filling up the DagBag from /Users/mnagy99/opt/anaconda3/envs/airflow-env/lib/python3.8/site-packages/airflow/example_dags/plugins/workday.py
[2022-11-06T03:25:14.698+0200] {processor.py:768} WARNING - No viable dags retrieved from /Users/mnagy99/opt/anaconda3/envs/airflow-env/lib/python3.8/site-packages/airflow/example_dags/plugins/workday.py
[2022-11-06T03:25:14.880+0200] {processor.py:176} INFO - Processing /Users/mnagy99/opt/anaconda3/envs/airflow-env/lib/python3.8/site-packages/airflow/example_dags/plugins/workday.py took 0.201 seconds
[2022-11-06T03:27:15.090+0200] {processor.py:154} INFO - Started process (PID=7346) to work on /Users/mnagy99/opt/anaconda3/envs/airflow-env/lib/python3.8/site-packages/airflow/example_dags/plugins/workday.py
[2022-11-06T03:27:15.091+0200] {processor.py:756} INFO - Processing file /Users/mnagy99/opt/anaconda3/envs/airflow-env/lib/python3.8/site-packages/airflow/example_dags/plugins/workday.py for tasks to queue
[2022-11-06T03:27:15.092+0200] {logging_mixin.py:120} INFO - [2022-11-06T03:27:15.092+0200] {dagbag.py:537} INFO - Filling up the DagBag from /Users/mnagy99/opt/anaconda3/envs/airflow-env/lib/python3.8/site-packages/airflow/example_dags/plugins/workday.py
[2022-11-06T03:27:15.106+0200] {processor.py:768} WARNING - No viable dags retrieved from /Users/mnagy99/opt/anaconda3/envs/airflow-env/lib/python3.8/site-packages/airflow/example_dags/plugins/workday.py
[2022-11-06T03:27:15.214+0200] {processor.py:176} INFO - Processing /Users/mnagy99/opt/anaconda3/envs/airflow-env/lib/python3.8/site-packages/airflow/example_dags/plugins/workday.py took 0.124 seconds
[2022-11-06T03:29:18.715+0200] {processor.py:154} INFO - Started process (PID=7471) to work on /Users/mnagy99/opt/anaconda3/envs/airflow-env/lib/python3.8/site-packages/airflow/example_dags/plugins/workday.py
[2022-11-06T03:29:18.716+0200] {processor.py:756} INFO - Processing file /Users/mnagy99/opt/anaconda3/envs/airflow-env/lib/python3.8/site-packages/airflow/example_dags/plugins/workday.py for tasks to queue
[2022-11-06T03:29:18.717+0200] {logging_mixin.py:120} INFO - [2022-11-06T03:29:18.717+0200] {dagbag.py:537} INFO - Filling up the DagBag from /Users/mnagy99/opt/anaconda3/envs/airflow-env/lib/python3.8/site-packages/airflow/example_dags/plugins/workday.py
[2022-11-06T03:29:18.735+0200] {processor.py:768} WARNING - No viable dags retrieved from /Users/mnagy99/opt/anaconda3/envs/airflow-env/lib/python3.8/site-packages/airflow/example_dags/plugins/workday.py
[2022-11-06T03:29:18.840+0200] {processor.py:176} INFO - Processing /Users/mnagy99/opt/anaconda3/envs/airflow-env/lib/python3.8/site-packages/airflow/example_dags/plugins/workday.py took 0.126 seconds
[2022-11-06T03:31:17.051+0200] {processor.py:154} INFO - Started process (PID=7597) to work on /Users/mnagy99/opt/anaconda3/envs/airflow-env/lib/python3.8/site-packages/airflow/example_dags/plugins/workday.py
[2022-11-06T03:31:17.053+0200] {processor.py:756} INFO - Processing file /Users/mnagy99/opt/anaconda3/envs/airflow-env/lib/python3.8/site-packages/airflow/example_dags/plugins/workday.py for tasks to queue
[2022-11-06T03:31:17.054+0200] {logging_mixin.py:120} INFO - [2022-11-06T03:31:17.054+0200] {dagbag.py:537} INFO - Filling up the DagBag from /Users/mnagy99/opt/anaconda3/envs/airflow-env/lib/python3.8/site-packages/airflow/example_dags/plugins/workday.py
[2022-11-06T03:31:17.069+0200] {processor.py:768} WARNING - No viable dags retrieved from /Users/mnagy99/opt/anaconda3/envs/airflow-env/lib/python3.8/site-packages/airflow/example_dags/plugins/workday.py
[2022-11-06T03:31:17.181+0200] {processor.py:176} INFO - Processing /Users/mnagy99/opt/anaconda3/envs/airflow-env/lib/python3.8/site-packages/airflow/example_dags/plugins/workday.py took 0.131 seconds
[2022-11-06T03:33:27.403+0200] {processor.py:154} INFO - Started process (PID=7731) to work on /Users/mnagy99/opt/anaconda3/envs/airflow-env/lib/python3.8/site-packages/airflow/example_dags/plugins/workday.py
[2022-11-06T03:33:27.404+0200] {processor.py:756} INFO - Processing file /Users/mnagy99/opt/anaconda3/envs/airflow-env/lib/python3.8/site-packages/airflow/example_dags/plugins/workday.py for tasks to queue
[2022-11-06T03:33:27.404+0200] {logging_mixin.py:120} INFO - [2022-11-06T03:33:27.404+0200] {dagbag.py:537} INFO - Filling up the DagBag from /Users/mnagy99/opt/anaconda3/envs/airflow-env/lib/python3.8/site-packages/airflow/example_dags/plugins/workday.py
[2022-11-06T03:33:27.416+0200] {processor.py:768} WARNING - No viable dags retrieved from /Users/mnagy99/opt/anaconda3/envs/airflow-env/lib/python3.8/site-packages/airflow/example_dags/plugins/workday.py
[2022-11-06T03:33:27.525+0200] {processor.py:176} INFO - Processing /Users/mnagy99/opt/anaconda3/envs/airflow-env/lib/python3.8/site-packages/airflow/example_dags/plugins/workday.py took 0.122 seconds
[2022-11-06T03:35:34.476+0200] {processor.py:154} INFO - Started process (PID=7907) to work on /Users/mnagy99/opt/anaconda3/envs/airflow-env/lib/python3.8/site-packages/airflow/example_dags/plugins/workday.py
[2022-11-06T03:35:34.478+0200] {processor.py:756} INFO - Processing file /Users/mnagy99/opt/anaconda3/envs/airflow-env/lib/python3.8/site-packages/airflow/example_dags/plugins/workday.py for tasks to queue
[2022-11-06T03:35:34.479+0200] {logging_mixin.py:120} INFO - [2022-11-06T03:35:34.479+0200] {dagbag.py:537} INFO - Filling up the DagBag from /Users/mnagy99/opt/anaconda3/envs/airflow-env/lib/python3.8/site-packages/airflow/example_dags/plugins/workday.py
[2022-11-06T03:35:34.494+0200] {processor.py:768} WARNING - No viable dags retrieved from /Users/mnagy99/opt/anaconda3/envs/airflow-env/lib/python3.8/site-packages/airflow/example_dags/plugins/workday.py
[2022-11-06T03:35:34.608+0200] {processor.py:176} INFO - Processing /Users/mnagy99/opt/anaconda3/envs/airflow-env/lib/python3.8/site-packages/airflow/example_dags/plugins/workday.py took 0.133 seconds
[2022-11-06T03:37:39.012+0200] {processor.py:154} INFO - Started process (PID=8034) to work on /Users/mnagy99/opt/anaconda3/envs/airflow-env/lib/python3.8/site-packages/airflow/example_dags/plugins/workday.py
[2022-11-06T03:37:39.015+0200] {processor.py:756} INFO - Processing file /Users/mnagy99/opt/anaconda3/envs/airflow-env/lib/python3.8/site-packages/airflow/example_dags/plugins/workday.py for tasks to queue
[2022-11-06T03:37:39.015+0200] {logging_mixin.py:120} INFO - [2022-11-06T03:37:39.015+0200] {dagbag.py:537} INFO - Filling up the DagBag from /Users/mnagy99/opt/anaconda3/envs/airflow-env/lib/python3.8/site-packages/airflow/example_dags/plugins/workday.py
[2022-11-06T03:37:39.032+0200] {processor.py:768} WARNING - No viable dags retrieved from /Users/mnagy99/opt/anaconda3/envs/airflow-env/lib/python3.8/site-packages/airflow/example_dags/plugins/workday.py
[2022-11-06T03:37:39.151+0200] {processor.py:176} INFO - Processing /Users/mnagy99/opt/anaconda3/envs/airflow-env/lib/python3.8/site-packages/airflow/example_dags/plugins/workday.py took 0.139 seconds
[2022-11-06T03:39:37.533+0200] {processor.py:154} INFO - Started process (PID=8155) to work on /Users/mnagy99/opt/anaconda3/envs/airflow-env/lib/python3.8/site-packages/airflow/example_dags/plugins/workday.py
[2022-11-06T03:39:37.533+0200] {processor.py:756} INFO - Processing file /Users/mnagy99/opt/anaconda3/envs/airflow-env/lib/python3.8/site-packages/airflow/example_dags/plugins/workday.py for tasks to queue
[2022-11-06T03:39:37.534+0200] {logging_mixin.py:120} INFO - [2022-11-06T03:39:37.534+0200] {dagbag.py:537} INFO - Filling up the DagBag from /Users/mnagy99/opt/anaconda3/envs/airflow-env/lib/python3.8/site-packages/airflow/example_dags/plugins/workday.py
[2022-11-06T03:39:37.545+0200] {processor.py:768} WARNING - No viable dags retrieved from /Users/mnagy99/opt/anaconda3/envs/airflow-env/lib/python3.8/site-packages/airflow/example_dags/plugins/workday.py
[2022-11-06T03:39:37.649+0200] {processor.py:176} INFO - Processing /Users/mnagy99/opt/anaconda3/envs/airflow-env/lib/python3.8/site-packages/airflow/example_dags/plugins/workday.py took 0.117 seconds
[2022-11-06T03:41:37.281+0200] {processor.py:154} INFO - Started process (PID=8277) to work on /Users/mnagy99/opt/anaconda3/envs/airflow-env/lib/python3.8/site-packages/airflow/example_dags/plugins/workday.py
[2022-11-06T03:41:37.284+0200] {processor.py:756} INFO - Processing file /Users/mnagy99/opt/anaconda3/envs/airflow-env/lib/python3.8/site-packages/airflow/example_dags/plugins/workday.py for tasks to queue
[2022-11-06T03:41:37.285+0200] {logging_mixin.py:120} INFO - [2022-11-06T03:41:37.285+0200] {dagbag.py:537} INFO - Filling up the DagBag from /Users/mnagy99/opt/anaconda3/envs/airflow-env/lib/python3.8/site-packages/airflow/example_dags/plugins/workday.py
[2022-11-06T03:41:37.302+0200] {processor.py:768} WARNING - No viable dags retrieved from /Users/mnagy99/opt/anaconda3/envs/airflow-env/lib/python3.8/site-packages/airflow/example_dags/plugins/workday.py
[2022-11-06T03:41:37.413+0200] {processor.py:176} INFO - Processing /Users/mnagy99/opt/anaconda3/envs/airflow-env/lib/python3.8/site-packages/airflow/example_dags/plugins/workday.py took 0.132 seconds
[2022-11-06T03:43:36.088+0200] {processor.py:154} INFO - Started process (PID=8398) to work on /Users/mnagy99/opt/anaconda3/envs/airflow-env/lib/python3.8/site-packages/airflow/example_dags/plugins/workday.py
[2022-11-06T03:43:36.089+0200] {processor.py:756} INFO - Processing file /Users/mnagy99/opt/anaconda3/envs/airflow-env/lib/python3.8/site-packages/airflow/example_dags/plugins/workday.py for tasks to queue
[2022-11-06T03:43:36.090+0200] {logging_mixin.py:120} INFO - [2022-11-06T03:43:36.089+0200] {dagbag.py:537} INFO - Filling up the DagBag from /Users/mnagy99/opt/anaconda3/envs/airflow-env/lib/python3.8/site-packages/airflow/example_dags/plugins/workday.py
[2022-11-06T03:43:36.105+0200] {processor.py:768} WARNING - No viable dags retrieved from /Users/mnagy99/opt/anaconda3/envs/airflow-env/lib/python3.8/site-packages/airflow/example_dags/plugins/workday.py
[2022-11-06T03:43:36.231+0200] {processor.py:176} INFO - Processing /Users/mnagy99/opt/anaconda3/envs/airflow-env/lib/python3.8/site-packages/airflow/example_dags/plugins/workday.py took 0.144 seconds
[2022-11-06T03:45:39.461+0200] {processor.py:154} INFO - Started process (PID=8542) to work on /Users/mnagy99/opt/anaconda3/envs/airflow-env/lib/python3.8/site-packages/airflow/example_dags/plugins/workday.py
[2022-11-06T03:45:39.464+0200] {processor.py:756} INFO - Processing file /Users/mnagy99/opt/anaconda3/envs/airflow-env/lib/python3.8/site-packages/airflow/example_dags/plugins/workday.py for tasks to queue
[2022-11-06T03:45:39.464+0200] {logging_mixin.py:120} INFO - [2022-11-06T03:45:39.464+0200] {dagbag.py:537} INFO - Filling up the DagBag from /Users/mnagy99/opt/anaconda3/envs/airflow-env/lib/python3.8/site-packages/airflow/example_dags/plugins/workday.py
[2022-11-06T03:45:39.478+0200] {processor.py:768} WARNING - No viable dags retrieved from /Users/mnagy99/opt/anaconda3/envs/airflow-env/lib/python3.8/site-packages/airflow/example_dags/plugins/workday.py
[2022-11-06T03:45:39.601+0200] {processor.py:176} INFO - Processing /Users/mnagy99/opt/anaconda3/envs/airflow-env/lib/python3.8/site-packages/airflow/example_dags/plugins/workday.py took 0.141 seconds
[2022-11-06T03:47:40.855+0200] {processor.py:154} INFO - Started process (PID=8664) to work on /Users/mnagy99/opt/anaconda3/envs/airflow-env/lib/python3.8/site-packages/airflow/example_dags/plugins/workday.py
[2022-11-06T03:47:40.857+0200] {processor.py:756} INFO - Processing file /Users/mnagy99/opt/anaconda3/envs/airflow-env/lib/python3.8/site-packages/airflow/example_dags/plugins/workday.py for tasks to queue
[2022-11-06T03:47:40.858+0200] {logging_mixin.py:120} INFO - [2022-11-06T03:47:40.858+0200] {dagbag.py:537} INFO - Filling up the DagBag from /Users/mnagy99/opt/anaconda3/envs/airflow-env/lib/python3.8/site-packages/airflow/example_dags/plugins/workday.py
[2022-11-06T03:47:40.873+0200] {processor.py:768} WARNING - No viable dags retrieved from /Users/mnagy99/opt/anaconda3/envs/airflow-env/lib/python3.8/site-packages/airflow/example_dags/plugins/workday.py
[2022-11-06T03:47:40.979+0200] {processor.py:176} INFO - Processing /Users/mnagy99/opt/anaconda3/envs/airflow-env/lib/python3.8/site-packages/airflow/example_dags/plugins/workday.py took 0.125 seconds
[2022-11-06T03:49:48.160+0200] {processor.py:154} INFO - Started process (PID=8787) to work on /Users/mnagy99/opt/anaconda3/envs/airflow-env/lib/python3.8/site-packages/airflow/example_dags/plugins/workday.py
[2022-11-06T03:49:48.162+0200] {processor.py:756} INFO - Processing file /Users/mnagy99/opt/anaconda3/envs/airflow-env/lib/python3.8/site-packages/airflow/example_dags/plugins/workday.py for tasks to queue
[2022-11-06T03:49:48.164+0200] {logging_mixin.py:120} INFO - [2022-11-06T03:49:48.164+0200] {dagbag.py:537} INFO - Filling up the DagBag from /Users/mnagy99/opt/anaconda3/envs/airflow-env/lib/python3.8/site-packages/airflow/example_dags/plugins/workday.py
[2022-11-06T03:49:48.182+0200] {processor.py:768} WARNING - No viable dags retrieved from /Users/mnagy99/opt/anaconda3/envs/airflow-env/lib/python3.8/site-packages/airflow/example_dags/plugins/workday.py
[2022-11-06T03:49:48.464+0200] {processor.py:176} INFO - Processing /Users/mnagy99/opt/anaconda3/envs/airflow-env/lib/python3.8/site-packages/airflow/example_dags/plugins/workday.py took 0.305 seconds
[2022-11-06T03:51:52.032+0200] {processor.py:154} INFO - Started process (PID=8915) to work on /Users/mnagy99/opt/anaconda3/envs/airflow-env/lib/python3.8/site-packages/airflow/example_dags/plugins/workday.py
[2022-11-06T03:51:52.035+0200] {processor.py:756} INFO - Processing file /Users/mnagy99/opt/anaconda3/envs/airflow-env/lib/python3.8/site-packages/airflow/example_dags/plugins/workday.py for tasks to queue
[2022-11-06T03:51:52.036+0200] {logging_mixin.py:120} INFO - [2022-11-06T03:51:52.035+0200] {dagbag.py:537} INFO - Filling up the DagBag from /Users/mnagy99/opt/anaconda3/envs/airflow-env/lib/python3.8/site-packages/airflow/example_dags/plugins/workday.py
[2022-11-06T03:51:52.048+0200] {processor.py:768} WARNING - No viable dags retrieved from /Users/mnagy99/opt/anaconda3/envs/airflow-env/lib/python3.8/site-packages/airflow/example_dags/plugins/workday.py
[2022-11-06T03:51:52.158+0200] {processor.py:176} INFO - Processing /Users/mnagy99/opt/anaconda3/envs/airflow-env/lib/python3.8/site-packages/airflow/example_dags/plugins/workday.py took 0.126 seconds
[2022-11-06T03:54:04.724+0200] {processor.py:154} INFO - Started process (PID=9051) to work on /Users/mnagy99/opt/anaconda3/envs/airflow-env/lib/python3.8/site-packages/airflow/example_dags/plugins/workday.py
[2022-11-06T03:54:04.726+0200] {processor.py:756} INFO - Processing file /Users/mnagy99/opt/anaconda3/envs/airflow-env/lib/python3.8/site-packages/airflow/example_dags/plugins/workday.py for tasks to queue
[2022-11-06T03:54:04.727+0200] {logging_mixin.py:120} INFO - [2022-11-06T03:54:04.727+0200] {dagbag.py:537} INFO - Filling up the DagBag from /Users/mnagy99/opt/anaconda3/envs/airflow-env/lib/python3.8/site-packages/airflow/example_dags/plugins/workday.py
[2022-11-06T03:54:04.742+0200] {processor.py:768} WARNING - No viable dags retrieved from /Users/mnagy99/opt/anaconda3/envs/airflow-env/lib/python3.8/site-packages/airflow/example_dags/plugins/workday.py
[2022-11-06T03:54:04.848+0200] {processor.py:176} INFO - Processing /Users/mnagy99/opt/anaconda3/envs/airflow-env/lib/python3.8/site-packages/airflow/example_dags/plugins/workday.py took 0.125 seconds
[2022-11-06T03:56:25.584+0200] {processor.py:154} INFO - Started process (PID=9193) to work on /Users/mnagy99/opt/anaconda3/envs/airflow-env/lib/python3.8/site-packages/airflow/example_dags/plugins/workday.py
[2022-11-06T03:56:25.587+0200] {processor.py:756} INFO - Processing file /Users/mnagy99/opt/anaconda3/envs/airflow-env/lib/python3.8/site-packages/airflow/example_dags/plugins/workday.py for tasks to queue
[2022-11-06T03:56:25.587+0200] {logging_mixin.py:120} INFO - [2022-11-06T03:56:25.587+0200] {dagbag.py:537} INFO - Filling up the DagBag from /Users/mnagy99/opt/anaconda3/envs/airflow-env/lib/python3.8/site-packages/airflow/example_dags/plugins/workday.py
[2022-11-06T03:56:25.602+0200] {processor.py:768} WARNING - No viable dags retrieved from /Users/mnagy99/opt/anaconda3/envs/airflow-env/lib/python3.8/site-packages/airflow/example_dags/plugins/workday.py
[2022-11-06T03:56:25.775+0200] {processor.py:176} INFO - Processing /Users/mnagy99/opt/anaconda3/envs/airflow-env/lib/python3.8/site-packages/airflow/example_dags/plugins/workday.py took 0.191 seconds
[2022-11-06T03:58:39.909+0200] {processor.py:154} INFO - Started process (PID=9321) to work on /Users/mnagy99/opt/anaconda3/envs/airflow-env/lib/python3.8/site-packages/airflow/example_dags/plugins/workday.py
[2022-11-06T03:58:39.912+0200] {processor.py:756} INFO - Processing file /Users/mnagy99/opt/anaconda3/envs/airflow-env/lib/python3.8/site-packages/airflow/example_dags/plugins/workday.py for tasks to queue
[2022-11-06T03:58:39.912+0200] {logging_mixin.py:120} INFO - [2022-11-06T03:58:39.912+0200] {dagbag.py:537} INFO - Filling up the DagBag from /Users/mnagy99/opt/anaconda3/envs/airflow-env/lib/python3.8/site-packages/airflow/example_dags/plugins/workday.py
[2022-11-06T03:58:39.930+0200] {processor.py:768} WARNING - No viable dags retrieved from /Users/mnagy99/opt/anaconda3/envs/airflow-env/lib/python3.8/site-packages/airflow/example_dags/plugins/workday.py
[2022-11-06T03:58:40.062+0200] {processor.py:176} INFO - Processing /Users/mnagy99/opt/anaconda3/envs/airflow-env/lib/python3.8/site-packages/airflow/example_dags/plugins/workday.py took 0.154 seconds
[2022-11-06T04:01:08.646+0200] {processor.py:154} INFO - Started process (PID=9482) to work on /Users/mnagy99/opt/anaconda3/envs/airflow-env/lib/python3.8/site-packages/airflow/example_dags/plugins/workday.py
[2022-11-06T04:01:08.648+0200] {processor.py:756} INFO - Processing file /Users/mnagy99/opt/anaconda3/envs/airflow-env/lib/python3.8/site-packages/airflow/example_dags/plugins/workday.py for tasks to queue
[2022-11-06T04:01:08.649+0200] {logging_mixin.py:120} INFO - [2022-11-06T04:01:08.649+0200] {dagbag.py:537} INFO - Filling up the DagBag from /Users/mnagy99/opt/anaconda3/envs/airflow-env/lib/python3.8/site-packages/airflow/example_dags/plugins/workday.py
[2022-11-06T04:01:08.667+0200] {processor.py:768} WARNING - No viable dags retrieved from /Users/mnagy99/opt/anaconda3/envs/airflow-env/lib/python3.8/site-packages/airflow/example_dags/plugins/workday.py
[2022-11-06T04:01:08.773+0200] {processor.py:176} INFO - Processing /Users/mnagy99/opt/anaconda3/envs/airflow-env/lib/python3.8/site-packages/airflow/example_dags/plugins/workday.py took 0.128 seconds
[2022-11-06T04:03:26.593+0200] {processor.py:154} INFO - Started process (PID=9619) to work on /Users/mnagy99/opt/anaconda3/envs/airflow-env/lib/python3.8/site-packages/airflow/example_dags/plugins/workday.py
[2022-11-06T04:03:26.594+0200] {processor.py:756} INFO - Processing file /Users/mnagy99/opt/anaconda3/envs/airflow-env/lib/python3.8/site-packages/airflow/example_dags/plugins/workday.py for tasks to queue
[2022-11-06T04:03:26.594+0200] {logging_mixin.py:120} INFO - [2022-11-06T04:03:26.594+0200] {dagbag.py:537} INFO - Filling up the DagBag from /Users/mnagy99/opt/anaconda3/envs/airflow-env/lib/python3.8/site-packages/airflow/example_dags/plugins/workday.py
[2022-11-06T04:03:26.606+0200] {processor.py:768} WARNING - No viable dags retrieved from /Users/mnagy99/opt/anaconda3/envs/airflow-env/lib/python3.8/site-packages/airflow/example_dags/plugins/workday.py
[2022-11-06T04:03:26.711+0200] {processor.py:176} INFO - Processing /Users/mnagy99/opt/anaconda3/envs/airflow-env/lib/python3.8/site-packages/airflow/example_dags/plugins/workday.py took 0.119 seconds
[2022-11-06T04:05:32.984+0200] {processor.py:154} INFO - Started process (PID=9756) to work on /Users/mnagy99/opt/anaconda3/envs/airflow-env/lib/python3.8/site-packages/airflow/example_dags/plugins/workday.py
[2022-11-06T04:05:32.987+0200] {processor.py:756} INFO - Processing file /Users/mnagy99/opt/anaconda3/envs/airflow-env/lib/python3.8/site-packages/airflow/example_dags/plugins/workday.py for tasks to queue
[2022-11-06T04:05:32.987+0200] {logging_mixin.py:120} INFO - [2022-11-06T04:05:32.987+0200] {dagbag.py:537} INFO - Filling up the DagBag from /Users/mnagy99/opt/anaconda3/envs/airflow-env/lib/python3.8/site-packages/airflow/example_dags/plugins/workday.py
[2022-11-06T04:05:33.005+0200] {processor.py:768} WARNING - No viable dags retrieved from /Users/mnagy99/opt/anaconda3/envs/airflow-env/lib/python3.8/site-packages/airflow/example_dags/plugins/workday.py
[2022-11-06T04:05:33.110+0200] {processor.py:176} INFO - Processing /Users/mnagy99/opt/anaconda3/envs/airflow-env/lib/python3.8/site-packages/airflow/example_dags/plugins/workday.py took 0.127 seconds
[2022-11-06T04:08:07.231+0200] {processor.py:154} INFO - Started process (PID=9913) to work on /Users/mnagy99/opt/anaconda3/envs/airflow-env/lib/python3.8/site-packages/airflow/example_dags/plugins/workday.py
[2022-11-06T04:08:07.233+0200] {processor.py:756} INFO - Processing file /Users/mnagy99/opt/anaconda3/envs/airflow-env/lib/python3.8/site-packages/airflow/example_dags/plugins/workday.py for tasks to queue
[2022-11-06T04:08:07.234+0200] {logging_mixin.py:120} INFO - [2022-11-06T04:08:07.234+0200] {dagbag.py:537} INFO - Filling up the DagBag from /Users/mnagy99/opt/anaconda3/envs/airflow-env/lib/python3.8/site-packages/airflow/example_dags/plugins/workday.py
[2022-11-06T04:08:07.251+0200] {processor.py:768} WARNING - No viable dags retrieved from /Users/mnagy99/opt/anaconda3/envs/airflow-env/lib/python3.8/site-packages/airflow/example_dags/plugins/workday.py
[2022-11-06T04:08:07.357+0200] {processor.py:176} INFO - Processing /Users/mnagy99/opt/anaconda3/envs/airflow-env/lib/python3.8/site-packages/airflow/example_dags/plugins/workday.py took 0.127 seconds
[2022-11-06T04:10:12.517+0200] {processor.py:154} INFO - Started process (PID=10049) to work on /Users/mnagy99/opt/anaconda3/envs/airflow-env/lib/python3.8/site-packages/airflow/example_dags/plugins/workday.py
[2022-11-06T04:10:12.519+0200] {processor.py:756} INFO - Processing file /Users/mnagy99/opt/anaconda3/envs/airflow-env/lib/python3.8/site-packages/airflow/example_dags/plugins/workday.py for tasks to queue
[2022-11-06T04:10:12.519+0200] {logging_mixin.py:120} INFO - [2022-11-06T04:10:12.519+0200] {dagbag.py:537} INFO - Filling up the DagBag from /Users/mnagy99/opt/anaconda3/envs/airflow-env/lib/python3.8/site-packages/airflow/example_dags/plugins/workday.py
[2022-11-06T04:10:12.534+0200] {processor.py:768} WARNING - No viable dags retrieved from /Users/mnagy99/opt/anaconda3/envs/airflow-env/lib/python3.8/site-packages/airflow/example_dags/plugins/workday.py
[2022-11-06T04:10:12.644+0200] {processor.py:176} INFO - Processing /Users/mnagy99/opt/anaconda3/envs/airflow-env/lib/python3.8/site-packages/airflow/example_dags/plugins/workday.py took 0.127 seconds
[2022-11-06T04:12:37.605+0200] {processor.py:154} INFO - Started process (PID=10199) to work on /Users/mnagy99/opt/anaconda3/envs/airflow-env/lib/python3.8/site-packages/airflow/example_dags/plugins/workday.py
[2022-11-06T04:12:37.608+0200] {processor.py:756} INFO - Processing file /Users/mnagy99/opt/anaconda3/envs/airflow-env/lib/python3.8/site-packages/airflow/example_dags/plugins/workday.py for tasks to queue
[2022-11-06T04:12:37.608+0200] {logging_mixin.py:120} INFO - [2022-11-06T04:12:37.608+0200] {dagbag.py:537} INFO - Filling up the DagBag from /Users/mnagy99/opt/anaconda3/envs/airflow-env/lib/python3.8/site-packages/airflow/example_dags/plugins/workday.py
[2022-11-06T04:12:37.624+0200] {processor.py:768} WARNING - No viable dags retrieved from /Users/mnagy99/opt/anaconda3/envs/airflow-env/lib/python3.8/site-packages/airflow/example_dags/plugins/workday.py
[2022-11-06T04:12:37.744+0200] {processor.py:176} INFO - Processing /Users/mnagy99/opt/anaconda3/envs/airflow-env/lib/python3.8/site-packages/airflow/example_dags/plugins/workday.py took 0.139 seconds
[2022-11-06T04:14:37.871+0200] {processor.py:154} INFO - Started process (PID=10329) to work on /Users/mnagy99/opt/anaconda3/envs/airflow-env/lib/python3.8/site-packages/airflow/example_dags/plugins/workday.py
[2022-11-06T04:14:37.872+0200] {processor.py:756} INFO - Processing file /Users/mnagy99/opt/anaconda3/envs/airflow-env/lib/python3.8/site-packages/airflow/example_dags/plugins/workday.py for tasks to queue
[2022-11-06T04:14:37.873+0200] {logging_mixin.py:120} INFO - [2022-11-06T04:14:37.873+0200] {dagbag.py:537} INFO - Filling up the DagBag from /Users/mnagy99/opt/anaconda3/envs/airflow-env/lib/python3.8/site-packages/airflow/example_dags/plugins/workday.py
[2022-11-06T04:14:37.890+0200] {processor.py:768} WARNING - No viable dags retrieved from /Users/mnagy99/opt/anaconda3/envs/airflow-env/lib/python3.8/site-packages/airflow/example_dags/plugins/workday.py
[2022-11-06T04:14:37.999+0200] {processor.py:176} INFO - Processing /Users/mnagy99/opt/anaconda3/envs/airflow-env/lib/python3.8/site-packages/airflow/example_dags/plugins/workday.py took 0.129 seconds
[2022-11-06T04:16:56.088+0200] {processor.py:154} INFO - Started process (PID=10466) to work on /Users/mnagy99/opt/anaconda3/envs/airflow-env/lib/python3.8/site-packages/airflow/example_dags/plugins/workday.py
[2022-11-06T04:16:56.091+0200] {processor.py:756} INFO - Processing file /Users/mnagy99/opt/anaconda3/envs/airflow-env/lib/python3.8/site-packages/airflow/example_dags/plugins/workday.py for tasks to queue
[2022-11-06T04:16:56.091+0200] {logging_mixin.py:120} INFO - [2022-11-06T04:16:56.091+0200] {dagbag.py:537} INFO - Filling up the DagBag from /Users/mnagy99/opt/anaconda3/envs/airflow-env/lib/python3.8/site-packages/airflow/example_dags/plugins/workday.py
[2022-11-06T04:16:56.109+0200] {processor.py:768} WARNING - No viable dags retrieved from /Users/mnagy99/opt/anaconda3/envs/airflow-env/lib/python3.8/site-packages/airflow/example_dags/plugins/workday.py
[2022-11-06T04:16:56.236+0200] {processor.py:176} INFO - Processing /Users/mnagy99/opt/anaconda3/envs/airflow-env/lib/python3.8/site-packages/airflow/example_dags/plugins/workday.py took 0.148 seconds
