[2022-11-06T02:01:35.334+0200] {processor.py:154} INFO - Started process (PID=1803) to work on /Users/mnagy99/opt/anaconda3/envs/airflow-env/lib/python3.8/site-packages/airflow/example_dags/subdags/subdag.py
[2022-11-06T02:01:35.335+0200] {processor.py:756} INFO - Processing file /Users/mnagy99/opt/anaconda3/envs/airflow-env/lib/python3.8/site-packages/airflow/example_dags/subdags/subdag.py for tasks to queue
[2022-11-06T02:01:35.336+0200] {logging_mixin.py:120} INFO - [2022-11-06T02:01:35.336+0200] {dagbag.py:537} INFO - Filling up the DagBag from /Users/mnagy99/opt/anaconda3/envs/airflow-env/lib/python3.8/site-packages/airflow/example_dags/subdags/subdag.py
[2022-11-06T02:01:35.349+0200] {processor.py:768} WARNING - No viable dags retrieved from /Users/mnagy99/opt/anaconda3/envs/airflow-env/lib/python3.8/site-packages/airflow/example_dags/subdags/subdag.py
[2022-11-06T02:01:35.469+0200] {processor.py:176} INFO - Processing /Users/mnagy99/opt/anaconda3/envs/airflow-env/lib/python3.8/site-packages/airflow/example_dags/subdags/subdag.py took 0.136 seconds
[2022-11-06T02:03:54.582+0200] {processor.py:154} INFO - Started process (PID=2133) to work on /Users/mnagy99/opt/anaconda3/envs/airflow-env/lib/python3.8/site-packages/airflow/example_dags/subdags/subdag.py
[2022-11-06T02:03:54.584+0200] {processor.py:756} INFO - Processing file /Users/mnagy99/opt/anaconda3/envs/airflow-env/lib/python3.8/site-packages/airflow/example_dags/subdags/subdag.py for tasks to queue
[2022-11-06T02:03:54.585+0200] {logging_mixin.py:120} INFO - [2022-11-06T02:03:54.584+0200] {dagbag.py:537} INFO - Filling up the DagBag from /Users/mnagy99/opt/anaconda3/envs/airflow-env/lib/python3.8/site-packages/airflow/example_dags/subdags/subdag.py
[2022-11-06T02:03:54.600+0200] {processor.py:768} WARNING - No viable dags retrieved from /Users/mnagy99/opt/anaconda3/envs/airflow-env/lib/python3.8/site-packages/airflow/example_dags/subdags/subdag.py
[2022-11-06T02:03:54.724+0200] {processor.py:176} INFO - Processing /Users/mnagy99/opt/anaconda3/envs/airflow-env/lib/python3.8/site-packages/airflow/example_dags/subdags/subdag.py took 0.144 seconds
[2022-11-06T02:06:13.789+0200] {processor.py:154} INFO - Started process (PID=2266) to work on /Users/mnagy99/opt/anaconda3/envs/airflow-env/lib/python3.8/site-packages/airflow/example_dags/subdags/subdag.py
[2022-11-06T02:06:13.790+0200] {processor.py:756} INFO - Processing file /Users/mnagy99/opt/anaconda3/envs/airflow-env/lib/python3.8/site-packages/airflow/example_dags/subdags/subdag.py for tasks to queue
[2022-11-06T02:06:13.790+0200] {logging_mixin.py:120} INFO - [2022-11-06T02:06:13.790+0200] {dagbag.py:537} INFO - Filling up the DagBag from /Users/mnagy99/opt/anaconda3/envs/airflow-env/lib/python3.8/site-packages/airflow/example_dags/subdags/subdag.py
[2022-11-06T02:06:13.808+0200] {processor.py:768} WARNING - No viable dags retrieved from /Users/mnagy99/opt/anaconda3/envs/airflow-env/lib/python3.8/site-packages/airflow/example_dags/subdags/subdag.py
[2022-11-06T02:06:13.933+0200] {processor.py:176} INFO - Processing /Users/mnagy99/opt/anaconda3/envs/airflow-env/lib/python3.8/site-packages/airflow/example_dags/subdags/subdag.py took 0.145 seconds
[2022-11-06T02:08:32.186+0200] {processor.py:154} INFO - Started process (PID=2392) to work on /Users/mnagy99/opt/anaconda3/envs/airflow-env/lib/python3.8/site-packages/airflow/example_dags/subdags/subdag.py
[2022-11-06T02:08:32.189+0200] {processor.py:756} INFO - Processing file /Users/mnagy99/opt/anaconda3/envs/airflow-env/lib/python3.8/site-packages/airflow/example_dags/subdags/subdag.py for tasks to queue
[2022-11-06T02:08:32.189+0200] {logging_mixin.py:120} INFO - [2022-11-06T02:08:32.189+0200] {dagbag.py:537} INFO - Filling up the DagBag from /Users/mnagy99/opt/anaconda3/envs/airflow-env/lib/python3.8/site-packages/airflow/example_dags/subdags/subdag.py
[2022-11-06T02:08:32.204+0200] {processor.py:768} WARNING - No viable dags retrieved from /Users/mnagy99/opt/anaconda3/envs/airflow-env/lib/python3.8/site-packages/airflow/example_dags/subdags/subdag.py
[2022-11-06T02:08:32.330+0200] {processor.py:176} INFO - Processing /Users/mnagy99/opt/anaconda3/envs/airflow-env/lib/python3.8/site-packages/airflow/example_dags/subdags/subdag.py took 0.145 seconds
[2022-11-06T02:10:49.528+0200] {processor.py:154} INFO - Started process (PID=2523) to work on /Users/mnagy99/opt/anaconda3/envs/airflow-env/lib/python3.8/site-packages/airflow/example_dags/subdags/subdag.py
[2022-11-06T02:10:49.530+0200] {processor.py:756} INFO - Processing file /Users/mnagy99/opt/anaconda3/envs/airflow-env/lib/python3.8/site-packages/airflow/example_dags/subdags/subdag.py for tasks to queue
[2022-11-06T02:10:49.531+0200] {logging_mixin.py:120} INFO - [2022-11-06T02:10:49.531+0200] {dagbag.py:537} INFO - Filling up the DagBag from /Users/mnagy99/opt/anaconda3/envs/airflow-env/lib/python3.8/site-packages/airflow/example_dags/subdags/subdag.py
[2022-11-06T02:10:49.549+0200] {processor.py:768} WARNING - No viable dags retrieved from /Users/mnagy99/opt/anaconda3/envs/airflow-env/lib/python3.8/site-packages/airflow/example_dags/subdags/subdag.py
[2022-11-06T02:10:49.673+0200] {processor.py:176} INFO - Processing /Users/mnagy99/opt/anaconda3/envs/airflow-env/lib/python3.8/site-packages/airflow/example_dags/subdags/subdag.py took 0.145 seconds
[2022-11-06T02:12:59.454+0200] {processor.py:154} INFO - Started process (PID=2648) to work on /Users/mnagy99/opt/anaconda3/envs/airflow-env/lib/python3.8/site-packages/airflow/example_dags/subdags/subdag.py
[2022-11-06T02:12:59.457+0200] {processor.py:756} INFO - Processing file /Users/mnagy99/opt/anaconda3/envs/airflow-env/lib/python3.8/site-packages/airflow/example_dags/subdags/subdag.py for tasks to queue
[2022-11-06T02:12:59.457+0200] {logging_mixin.py:120} INFO - [2022-11-06T02:12:59.457+0200] {dagbag.py:537} INFO - Filling up the DagBag from /Users/mnagy99/opt/anaconda3/envs/airflow-env/lib/python3.8/site-packages/airflow/example_dags/subdags/subdag.py
[2022-11-06T02:12:59.473+0200] {processor.py:768} WARNING - No viable dags retrieved from /Users/mnagy99/opt/anaconda3/envs/airflow-env/lib/python3.8/site-packages/airflow/example_dags/subdags/subdag.py
[2022-11-06T02:12:59.582+0200] {processor.py:176} INFO - Processing /Users/mnagy99/opt/anaconda3/envs/airflow-env/lib/python3.8/site-packages/airflow/example_dags/subdags/subdag.py took 0.128 seconds
[2022-11-06T02:15:22.482+0200] {processor.py:154} INFO - Started process (PID=2847) to work on /Users/mnagy99/opt/anaconda3/envs/airflow-env/lib/python3.8/site-packages/airflow/example_dags/subdags/subdag.py
[2022-11-06T02:15:22.484+0200] {processor.py:756} INFO - Processing file /Users/mnagy99/opt/anaconda3/envs/airflow-env/lib/python3.8/site-packages/airflow/example_dags/subdags/subdag.py for tasks to queue
[2022-11-06T02:15:22.485+0200] {logging_mixin.py:120} INFO - [2022-11-06T02:15:22.485+0200] {dagbag.py:537} INFO - Filling up the DagBag from /Users/mnagy99/opt/anaconda3/envs/airflow-env/lib/python3.8/site-packages/airflow/example_dags/subdags/subdag.py
[2022-11-06T02:15:22.498+0200] {processor.py:768} WARNING - No viable dags retrieved from /Users/mnagy99/opt/anaconda3/envs/airflow-env/lib/python3.8/site-packages/airflow/example_dags/subdags/subdag.py
[2022-11-06T02:15:22.603+0200] {processor.py:176} INFO - Processing /Users/mnagy99/opt/anaconda3/envs/airflow-env/lib/python3.8/site-packages/airflow/example_dags/subdags/subdag.py took 0.121 seconds
[2022-11-06T02:17:36.821+0200] {processor.py:154} INFO - Started process (PID=2997) to work on /Users/mnagy99/opt/anaconda3/envs/airflow-env/lib/python3.8/site-packages/airflow/example_dags/subdags/subdag.py
[2022-11-06T02:17:36.824+0200] {processor.py:756} INFO - Processing file /Users/mnagy99/opt/anaconda3/envs/airflow-env/lib/python3.8/site-packages/airflow/example_dags/subdags/subdag.py for tasks to queue
[2022-11-06T02:17:36.825+0200] {logging_mixin.py:120} INFO - [2022-11-06T02:17:36.824+0200] {dagbag.py:537} INFO - Filling up the DagBag from /Users/mnagy99/opt/anaconda3/envs/airflow-env/lib/python3.8/site-packages/airflow/example_dags/subdags/subdag.py
[2022-11-06T02:17:36.844+0200] {processor.py:768} WARNING - No viable dags retrieved from /Users/mnagy99/opt/anaconda3/envs/airflow-env/lib/python3.8/site-packages/airflow/example_dags/subdags/subdag.py
[2022-11-06T02:17:36.958+0200] {processor.py:176} INFO - Processing /Users/mnagy99/opt/anaconda3/envs/airflow-env/lib/python3.8/site-packages/airflow/example_dags/subdags/subdag.py took 0.137 seconds
[2022-11-06T02:19:44.797+0200] {processor.py:154} INFO - Started process (PID=3127) to work on /Users/mnagy99/opt/anaconda3/envs/airflow-env/lib/python3.8/site-packages/airflow/example_dags/subdags/subdag.py
[2022-11-06T02:19:44.799+0200] {processor.py:756} INFO - Processing file /Users/mnagy99/opt/anaconda3/envs/airflow-env/lib/python3.8/site-packages/airflow/example_dags/subdags/subdag.py for tasks to queue
[2022-11-06T02:19:44.800+0200] {logging_mixin.py:120} INFO - [2022-11-06T02:19:44.800+0200] {dagbag.py:537} INFO - Filling up the DagBag from /Users/mnagy99/opt/anaconda3/envs/airflow-env/lib/python3.8/site-packages/airflow/example_dags/subdags/subdag.py
[2022-11-06T02:19:44.818+0200] {processor.py:768} WARNING - No viable dags retrieved from /Users/mnagy99/opt/anaconda3/envs/airflow-env/lib/python3.8/site-packages/airflow/example_dags/subdags/subdag.py
[2022-11-06T02:19:44.963+0200] {processor.py:176} INFO - Processing /Users/mnagy99/opt/anaconda3/envs/airflow-env/lib/python3.8/site-packages/airflow/example_dags/subdags/subdag.py took 0.167 seconds
[2022-11-06T02:21:55.042+0200] {processor.py:154} INFO - Started process (PID=3260) to work on /Users/mnagy99/opt/anaconda3/envs/airflow-env/lib/python3.8/site-packages/airflow/example_dags/subdags/subdag.py
[2022-11-06T02:21:55.044+0200] {processor.py:756} INFO - Processing file /Users/mnagy99/opt/anaconda3/envs/airflow-env/lib/python3.8/site-packages/airflow/example_dags/subdags/subdag.py for tasks to queue
[2022-11-06T02:21:55.044+0200] {logging_mixin.py:120} INFO - [2022-11-06T02:21:55.044+0200] {dagbag.py:537} INFO - Filling up the DagBag from /Users/mnagy99/opt/anaconda3/envs/airflow-env/lib/python3.8/site-packages/airflow/example_dags/subdags/subdag.py
[2022-11-06T02:21:55.059+0200] {processor.py:768} WARNING - No viable dags retrieved from /Users/mnagy99/opt/anaconda3/envs/airflow-env/lib/python3.8/site-packages/airflow/example_dags/subdags/subdag.py
[2022-11-06T02:21:55.164+0200] {processor.py:176} INFO - Processing /Users/mnagy99/opt/anaconda3/envs/airflow-env/lib/python3.8/site-packages/airflow/example_dags/subdags/subdag.py took 0.123 seconds
[2022-11-06T02:24:07.902+0200] {processor.py:154} INFO - Started process (PID=3403) to work on /Users/mnagy99/opt/anaconda3/envs/airflow-env/lib/python3.8/site-packages/airflow/example_dags/subdags/subdag.py
[2022-11-06T02:24:07.905+0200] {processor.py:756} INFO - Processing file /Users/mnagy99/opt/anaconda3/envs/airflow-env/lib/python3.8/site-packages/airflow/example_dags/subdags/subdag.py for tasks to queue
[2022-11-06T02:24:07.905+0200] {logging_mixin.py:120} INFO - [2022-11-06T02:24:07.905+0200] {dagbag.py:537} INFO - Filling up the DagBag from /Users/mnagy99/opt/anaconda3/envs/airflow-env/lib/python3.8/site-packages/airflow/example_dags/subdags/subdag.py
[2022-11-06T02:24:07.920+0200] {processor.py:768} WARNING - No viable dags retrieved from /Users/mnagy99/opt/anaconda3/envs/airflow-env/lib/python3.8/site-packages/airflow/example_dags/subdags/subdag.py
[2022-11-06T02:24:08.022+0200] {processor.py:176} INFO - Processing /Users/mnagy99/opt/anaconda3/envs/airflow-env/lib/python3.8/site-packages/airflow/example_dags/subdags/subdag.py took 0.120 seconds
[2022-11-06T02:26:22.343+0200] {processor.py:154} INFO - Started process (PID=3544) to work on /Users/mnagy99/opt/anaconda3/envs/airflow-env/lib/python3.8/site-packages/airflow/example_dags/subdags/subdag.py
[2022-11-06T02:26:22.344+0200] {processor.py:756} INFO - Processing file /Users/mnagy99/opt/anaconda3/envs/airflow-env/lib/python3.8/site-packages/airflow/example_dags/subdags/subdag.py for tasks to queue
[2022-11-06T02:26:22.345+0200] {logging_mixin.py:120} INFO - [2022-11-06T02:26:22.344+0200] {dagbag.py:537} INFO - Filling up the DagBag from /Users/mnagy99/opt/anaconda3/envs/airflow-env/lib/python3.8/site-packages/airflow/example_dags/subdags/subdag.py
[2022-11-06T02:26:22.363+0200] {processor.py:768} WARNING - No viable dags retrieved from /Users/mnagy99/opt/anaconda3/envs/airflow-env/lib/python3.8/site-packages/airflow/example_dags/subdags/subdag.py
[2022-11-06T02:26:22.475+0200] {processor.py:176} INFO - Processing /Users/mnagy99/opt/anaconda3/envs/airflow-env/lib/python3.8/site-packages/airflow/example_dags/subdags/subdag.py took 0.132 seconds
[2022-11-06T02:28:34.024+0200] {processor.py:154} INFO - Started process (PID=3682) to work on /Users/mnagy99/opt/anaconda3/envs/airflow-env/lib/python3.8/site-packages/airflow/example_dags/subdags/subdag.py
[2022-11-06T02:28:34.025+0200] {processor.py:756} INFO - Processing file /Users/mnagy99/opt/anaconda3/envs/airflow-env/lib/python3.8/site-packages/airflow/example_dags/subdags/subdag.py for tasks to queue
[2022-11-06T02:28:34.025+0200] {logging_mixin.py:120} INFO - [2022-11-06T02:28:34.025+0200] {dagbag.py:537} INFO - Filling up the DagBag from /Users/mnagy99/opt/anaconda3/envs/airflow-env/lib/python3.8/site-packages/airflow/example_dags/subdags/subdag.py
[2022-11-06T02:28:34.039+0200] {processor.py:768} WARNING - No viable dags retrieved from /Users/mnagy99/opt/anaconda3/envs/airflow-env/lib/python3.8/site-packages/airflow/example_dags/subdags/subdag.py
[2022-11-06T02:28:34.167+0200] {processor.py:176} INFO - Processing /Users/mnagy99/opt/anaconda3/envs/airflow-env/lib/python3.8/site-packages/airflow/example_dags/subdags/subdag.py took 0.144 seconds
[2022-11-06T02:30:44.000+0200] {processor.py:154} INFO - Started process (PID=3832) to work on /Users/mnagy99/opt/anaconda3/envs/airflow-env/lib/python3.8/site-packages/airflow/example_dags/subdags/subdag.py
[2022-11-06T02:30:44.002+0200] {processor.py:756} INFO - Processing file /Users/mnagy99/opt/anaconda3/envs/airflow-env/lib/python3.8/site-packages/airflow/example_dags/subdags/subdag.py for tasks to queue
[2022-11-06T02:30:44.003+0200] {logging_mixin.py:120} INFO - [2022-11-06T02:30:44.003+0200] {dagbag.py:537} INFO - Filling up the DagBag from /Users/mnagy99/opt/anaconda3/envs/airflow-env/lib/python3.8/site-packages/airflow/example_dags/subdags/subdag.py
[2022-11-06T02:30:44.020+0200] {processor.py:768} WARNING - No viable dags retrieved from /Users/mnagy99/opt/anaconda3/envs/airflow-env/lib/python3.8/site-packages/airflow/example_dags/subdags/subdag.py
[2022-11-06T02:30:44.136+0200] {processor.py:176} INFO - Processing /Users/mnagy99/opt/anaconda3/envs/airflow-env/lib/python3.8/site-packages/airflow/example_dags/subdags/subdag.py took 0.137 seconds
[2022-11-06T02:32:58.846+0200] {processor.py:154} INFO - Started process (PID=3985) to work on /Users/mnagy99/opt/anaconda3/envs/airflow-env/lib/python3.8/site-packages/airflow/example_dags/subdags/subdag.py
[2022-11-06T02:32:58.847+0200] {processor.py:756} INFO - Processing file /Users/mnagy99/opt/anaconda3/envs/airflow-env/lib/python3.8/site-packages/airflow/example_dags/subdags/subdag.py for tasks to queue
[2022-11-06T02:32:58.847+0200] {logging_mixin.py:120} INFO - [2022-11-06T02:32:58.847+0200] {dagbag.py:537} INFO - Filling up the DagBag from /Users/mnagy99/opt/anaconda3/envs/airflow-env/lib/python3.8/site-packages/airflow/example_dags/subdags/subdag.py
[2022-11-06T02:32:58.864+0200] {processor.py:768} WARNING - No viable dags retrieved from /Users/mnagy99/opt/anaconda3/envs/airflow-env/lib/python3.8/site-packages/airflow/example_dags/subdags/subdag.py
[2022-11-06T02:32:58.992+0200] {processor.py:176} INFO - Processing /Users/mnagy99/opt/anaconda3/envs/airflow-env/lib/python3.8/site-packages/airflow/example_dags/subdags/subdag.py took 0.147 seconds
[2022-11-06T02:35:06.874+0200] {processor.py:154} INFO - Started process (PID=4131) to work on /Users/mnagy99/opt/anaconda3/envs/airflow-env/lib/python3.8/site-packages/airflow/example_dags/subdags/subdag.py
[2022-11-06T02:35:06.877+0200] {processor.py:756} INFO - Processing file /Users/mnagy99/opt/anaconda3/envs/airflow-env/lib/python3.8/site-packages/airflow/example_dags/subdags/subdag.py for tasks to queue
[2022-11-06T02:35:06.877+0200] {logging_mixin.py:120} INFO - [2022-11-06T02:35:06.877+0200] {dagbag.py:537} INFO - Filling up the DagBag from /Users/mnagy99/opt/anaconda3/envs/airflow-env/lib/python3.8/site-packages/airflow/example_dags/subdags/subdag.py
[2022-11-06T02:35:06.891+0200] {processor.py:768} WARNING - No viable dags retrieved from /Users/mnagy99/opt/anaconda3/envs/airflow-env/lib/python3.8/site-packages/airflow/example_dags/subdags/subdag.py
[2022-11-06T02:35:07.289+0200] {processor.py:176} INFO - Processing /Users/mnagy99/opt/anaconda3/envs/airflow-env/lib/python3.8/site-packages/airflow/example_dags/subdags/subdag.py took 0.416 seconds
[2022-11-06T02:37:18.416+0200] {processor.py:154} INFO - Started process (PID=4272) to work on /Users/mnagy99/opt/anaconda3/envs/airflow-env/lib/python3.8/site-packages/airflow/example_dags/subdags/subdag.py
[2022-11-06T02:37:18.419+0200] {processor.py:756} INFO - Processing file /Users/mnagy99/opt/anaconda3/envs/airflow-env/lib/python3.8/site-packages/airflow/example_dags/subdags/subdag.py for tasks to queue
[2022-11-06T02:37:18.419+0200] {logging_mixin.py:120} INFO - [2022-11-06T02:37:18.419+0200] {dagbag.py:537} INFO - Filling up the DagBag from /Users/mnagy99/opt/anaconda3/envs/airflow-env/lib/python3.8/site-packages/airflow/example_dags/subdags/subdag.py
[2022-11-06T02:37:18.432+0200] {processor.py:768} WARNING - No viable dags retrieved from /Users/mnagy99/opt/anaconda3/envs/airflow-env/lib/python3.8/site-packages/airflow/example_dags/subdags/subdag.py
[2022-11-06T02:37:18.533+0200] {processor.py:176} INFO - Processing /Users/mnagy99/opt/anaconda3/envs/airflow-env/lib/python3.8/site-packages/airflow/example_dags/subdags/subdag.py took 0.117 seconds
[2022-11-06T02:39:28.095+0200] {processor.py:154} INFO - Started process (PID=4401) to work on /Users/mnagy99/opt/anaconda3/envs/airflow-env/lib/python3.8/site-packages/airflow/example_dags/subdags/subdag.py
[2022-11-06T02:39:28.097+0200] {processor.py:756} INFO - Processing file /Users/mnagy99/opt/anaconda3/envs/airflow-env/lib/python3.8/site-packages/airflow/example_dags/subdags/subdag.py for tasks to queue
[2022-11-06T02:39:28.098+0200] {logging_mixin.py:120} INFO - [2022-11-06T02:39:28.098+0200] {dagbag.py:537} INFO - Filling up the DagBag from /Users/mnagy99/opt/anaconda3/envs/airflow-env/lib/python3.8/site-packages/airflow/example_dags/subdags/subdag.py
[2022-11-06T02:39:28.112+0200] {processor.py:768} WARNING - No viable dags retrieved from /Users/mnagy99/opt/anaconda3/envs/airflow-env/lib/python3.8/site-packages/airflow/example_dags/subdags/subdag.py
[2022-11-06T02:39:28.220+0200] {processor.py:176} INFO - Processing /Users/mnagy99/opt/anaconda3/envs/airflow-env/lib/python3.8/site-packages/airflow/example_dags/subdags/subdag.py took 0.125 seconds
[2022-11-06T02:41:52.754+0200] {processor.py:154} INFO - Started process (PID=4572) to work on /Users/mnagy99/opt/anaconda3/envs/airflow-env/lib/python3.8/site-packages/airflow/example_dags/subdags/subdag.py
[2022-11-06T02:41:52.757+0200] {processor.py:756} INFO - Processing file /Users/mnagy99/opt/anaconda3/envs/airflow-env/lib/python3.8/site-packages/airflow/example_dags/subdags/subdag.py for tasks to queue
[2022-11-06T02:41:52.757+0200] {logging_mixin.py:120} INFO - [2022-11-06T02:41:52.757+0200] {dagbag.py:537} INFO - Filling up the DagBag from /Users/mnagy99/opt/anaconda3/envs/airflow-env/lib/python3.8/site-packages/airflow/example_dags/subdags/subdag.py
[2022-11-06T02:41:52.773+0200] {processor.py:768} WARNING - No viable dags retrieved from /Users/mnagy99/opt/anaconda3/envs/airflow-env/lib/python3.8/site-packages/airflow/example_dags/subdags/subdag.py
[2022-11-06T02:41:52.916+0200] {processor.py:176} INFO - Processing /Users/mnagy99/opt/anaconda3/envs/airflow-env/lib/python3.8/site-packages/airflow/example_dags/subdags/subdag.py took 0.162 seconds
[2022-11-06T02:44:19.792+0200] {processor.py:154} INFO - Started process (PID=4707) to work on /Users/mnagy99/opt/anaconda3/envs/airflow-env/lib/python3.8/site-packages/airflow/example_dags/subdags/subdag.py
[2022-11-06T02:44:19.795+0200] {processor.py:756} INFO - Processing file /Users/mnagy99/opt/anaconda3/envs/airflow-env/lib/python3.8/site-packages/airflow/example_dags/subdags/subdag.py for tasks to queue
[2022-11-06T02:44:19.796+0200] {logging_mixin.py:120} INFO - [2022-11-06T02:44:19.796+0200] {dagbag.py:537} INFO - Filling up the DagBag from /Users/mnagy99/opt/anaconda3/envs/airflow-env/lib/python3.8/site-packages/airflow/example_dags/subdags/subdag.py
[2022-11-06T02:44:19.810+0200] {processor.py:768} WARNING - No viable dags retrieved from /Users/mnagy99/opt/anaconda3/envs/airflow-env/lib/python3.8/site-packages/airflow/example_dags/subdags/subdag.py
[2022-11-06T02:44:19.919+0200] {processor.py:176} INFO - Processing /Users/mnagy99/opt/anaconda3/envs/airflow-env/lib/python3.8/site-packages/airflow/example_dags/subdags/subdag.py took 0.128 seconds
[2022-11-06T02:46:33.251+0200] {processor.py:154} INFO - Started process (PID=4847) to work on /Users/mnagy99/opt/anaconda3/envs/airflow-env/lib/python3.8/site-packages/airflow/example_dags/subdags/subdag.py
[2022-11-06T02:46:33.254+0200] {processor.py:756} INFO - Processing file /Users/mnagy99/opt/anaconda3/envs/airflow-env/lib/python3.8/site-packages/airflow/example_dags/subdags/subdag.py for tasks to queue
[2022-11-06T02:46:33.254+0200] {logging_mixin.py:120} INFO - [2022-11-06T02:46:33.254+0200] {dagbag.py:537} INFO - Filling up the DagBag from /Users/mnagy99/opt/anaconda3/envs/airflow-env/lib/python3.8/site-packages/airflow/example_dags/subdags/subdag.py
[2022-11-06T02:46:33.270+0200] {processor.py:768} WARNING - No viable dags retrieved from /Users/mnagy99/opt/anaconda3/envs/airflow-env/lib/python3.8/site-packages/airflow/example_dags/subdags/subdag.py
[2022-11-06T02:46:33.396+0200] {processor.py:176} INFO - Processing /Users/mnagy99/opt/anaconda3/envs/airflow-env/lib/python3.8/site-packages/airflow/example_dags/subdags/subdag.py took 0.146 seconds
[2022-11-06T02:48:41.774+0200] {processor.py:154} INFO - Started process (PID=4974) to work on /Users/mnagy99/opt/anaconda3/envs/airflow-env/lib/python3.8/site-packages/airflow/example_dags/subdags/subdag.py
[2022-11-06T02:48:41.778+0200] {processor.py:756} INFO - Processing file /Users/mnagy99/opt/anaconda3/envs/airflow-env/lib/python3.8/site-packages/airflow/example_dags/subdags/subdag.py for tasks to queue
[2022-11-06T02:48:41.779+0200] {logging_mixin.py:120} INFO - [2022-11-06T02:48:41.778+0200] {dagbag.py:537} INFO - Filling up the DagBag from /Users/mnagy99/opt/anaconda3/envs/airflow-env/lib/python3.8/site-packages/airflow/example_dags/subdags/subdag.py
[2022-11-06T02:48:41.797+0200] {processor.py:768} WARNING - No viable dags retrieved from /Users/mnagy99/opt/anaconda3/envs/airflow-env/lib/python3.8/site-packages/airflow/example_dags/subdags/subdag.py
[2022-11-06T02:48:41.908+0200] {processor.py:176} INFO - Processing /Users/mnagy99/opt/anaconda3/envs/airflow-env/lib/python3.8/site-packages/airflow/example_dags/subdags/subdag.py took 0.134 seconds
[2022-11-06T02:50:47.540+0200] {processor.py:154} INFO - Started process (PID=5097) to work on /Users/mnagy99/opt/anaconda3/envs/airflow-env/lib/python3.8/site-packages/airflow/example_dags/subdags/subdag.py
[2022-11-06T02:50:47.543+0200] {processor.py:756} INFO - Processing file /Users/mnagy99/opt/anaconda3/envs/airflow-env/lib/python3.8/site-packages/airflow/example_dags/subdags/subdag.py for tasks to queue
[2022-11-06T02:50:47.543+0200] {logging_mixin.py:120} INFO - [2022-11-06T02:50:47.543+0200] {dagbag.py:537} INFO - Filling up the DagBag from /Users/mnagy99/opt/anaconda3/envs/airflow-env/lib/python3.8/site-packages/airflow/example_dags/subdags/subdag.py
[2022-11-06T02:50:47.558+0200] {processor.py:768} WARNING - No viable dags retrieved from /Users/mnagy99/opt/anaconda3/envs/airflow-env/lib/python3.8/site-packages/airflow/example_dags/subdags/subdag.py
[2022-11-06T02:50:47.678+0200] {processor.py:176} INFO - Processing /Users/mnagy99/opt/anaconda3/envs/airflow-env/lib/python3.8/site-packages/airflow/example_dags/subdags/subdag.py took 0.138 seconds
[2022-11-06T02:52:53.649+0200] {processor.py:154} INFO - Started process (PID=5225) to work on /Users/mnagy99/opt/anaconda3/envs/airflow-env/lib/python3.8/site-packages/airflow/example_dags/subdags/subdag.py
[2022-11-06T02:52:53.652+0200] {processor.py:756} INFO - Processing file /Users/mnagy99/opt/anaconda3/envs/airflow-env/lib/python3.8/site-packages/airflow/example_dags/subdags/subdag.py for tasks to queue
[2022-11-06T02:52:53.652+0200] {logging_mixin.py:120} INFO - [2022-11-06T02:52:53.652+0200] {dagbag.py:537} INFO - Filling up the DagBag from /Users/mnagy99/opt/anaconda3/envs/airflow-env/lib/python3.8/site-packages/airflow/example_dags/subdags/subdag.py
[2022-11-06T02:52:53.668+0200] {processor.py:768} WARNING - No viable dags retrieved from /Users/mnagy99/opt/anaconda3/envs/airflow-env/lib/python3.8/site-packages/airflow/example_dags/subdags/subdag.py
[2022-11-06T02:52:53.806+0200] {processor.py:176} INFO - Processing /Users/mnagy99/opt/anaconda3/envs/airflow-env/lib/python3.8/site-packages/airflow/example_dags/subdags/subdag.py took 0.159 seconds
[2022-11-06T02:55:02.085+0200] {processor.py:154} INFO - Started process (PID=5347) to work on /Users/mnagy99/opt/anaconda3/envs/airflow-env/lib/python3.8/site-packages/airflow/example_dags/subdags/subdag.py
[2022-11-06T02:55:02.088+0200] {processor.py:756} INFO - Processing file /Users/mnagy99/opt/anaconda3/envs/airflow-env/lib/python3.8/site-packages/airflow/example_dags/subdags/subdag.py for tasks to queue
[2022-11-06T02:55:02.089+0200] {logging_mixin.py:120} INFO - [2022-11-06T02:55:02.089+0200] {dagbag.py:537} INFO - Filling up the DagBag from /Users/mnagy99/opt/anaconda3/envs/airflow-env/lib/python3.8/site-packages/airflow/example_dags/subdags/subdag.py
[2022-11-06T02:55:02.105+0200] {processor.py:768} WARNING - No viable dags retrieved from /Users/mnagy99/opt/anaconda3/envs/airflow-env/lib/python3.8/site-packages/airflow/example_dags/subdags/subdag.py
[2022-11-06T02:55:02.248+0200] {processor.py:176} INFO - Processing /Users/mnagy99/opt/anaconda3/envs/airflow-env/lib/python3.8/site-packages/airflow/example_dags/subdags/subdag.py took 0.164 seconds
[2022-11-06T02:57:18.610+0200] {processor.py:154} INFO - Started process (PID=5494) to work on /Users/mnagy99/opt/anaconda3/envs/airflow-env/lib/python3.8/site-packages/airflow/example_dags/subdags/subdag.py
[2022-11-06T02:57:18.612+0200] {processor.py:756} INFO - Processing file /Users/mnagy99/opt/anaconda3/envs/airflow-env/lib/python3.8/site-packages/airflow/example_dags/subdags/subdag.py for tasks to queue
[2022-11-06T02:57:18.613+0200] {logging_mixin.py:120} INFO - [2022-11-06T02:57:18.613+0200] {dagbag.py:537} INFO - Filling up the DagBag from /Users/mnagy99/opt/anaconda3/envs/airflow-env/lib/python3.8/site-packages/airflow/example_dags/subdags/subdag.py
[2022-11-06T02:57:18.627+0200] {processor.py:768} WARNING - No viable dags retrieved from /Users/mnagy99/opt/anaconda3/envs/airflow-env/lib/python3.8/site-packages/airflow/example_dags/subdags/subdag.py
[2022-11-06T02:57:18.752+0200] {processor.py:176} INFO - Processing /Users/mnagy99/opt/anaconda3/envs/airflow-env/lib/python3.8/site-packages/airflow/example_dags/subdags/subdag.py took 0.144 seconds
[2022-11-06T02:59:37.063+0200] {processor.py:154} INFO - Started process (PID=5632) to work on /Users/mnagy99/opt/anaconda3/envs/airflow-env/lib/python3.8/site-packages/airflow/example_dags/subdags/subdag.py
[2022-11-06T02:59:37.065+0200] {processor.py:756} INFO - Processing file /Users/mnagy99/opt/anaconda3/envs/airflow-env/lib/python3.8/site-packages/airflow/example_dags/subdags/subdag.py for tasks to queue
[2022-11-06T02:59:37.066+0200] {logging_mixin.py:120} INFO - [2022-11-06T02:59:37.066+0200] {dagbag.py:537} INFO - Filling up the DagBag from /Users/mnagy99/opt/anaconda3/envs/airflow-env/lib/python3.8/site-packages/airflow/example_dags/subdags/subdag.py
[2022-11-06T02:59:37.081+0200] {processor.py:768} WARNING - No viable dags retrieved from /Users/mnagy99/opt/anaconda3/envs/airflow-env/lib/python3.8/site-packages/airflow/example_dags/subdags/subdag.py
[2022-11-06T02:59:37.204+0200] {processor.py:176} INFO - Processing /Users/mnagy99/opt/anaconda3/envs/airflow-env/lib/python3.8/site-packages/airflow/example_dags/subdags/subdag.py took 0.142 seconds
[2022-11-06T03:02:19.935+0200] {processor.py:154} INFO - Started process (PID=5779) to work on /Users/mnagy99/opt/anaconda3/envs/airflow-env/lib/python3.8/site-packages/airflow/example_dags/subdags/subdag.py
[2022-11-06T03:02:19.937+0200] {processor.py:756} INFO - Processing file /Users/mnagy99/opt/anaconda3/envs/airflow-env/lib/python3.8/site-packages/airflow/example_dags/subdags/subdag.py for tasks to queue
[2022-11-06T03:02:19.938+0200] {logging_mixin.py:120} INFO - [2022-11-06T03:02:19.938+0200] {dagbag.py:537} INFO - Filling up the DagBag from /Users/mnagy99/opt/anaconda3/envs/airflow-env/lib/python3.8/site-packages/airflow/example_dags/subdags/subdag.py
[2022-11-06T03:02:19.952+0200] {processor.py:768} WARNING - No viable dags retrieved from /Users/mnagy99/opt/anaconda3/envs/airflow-env/lib/python3.8/site-packages/airflow/example_dags/subdags/subdag.py
[2022-11-06T03:02:20.074+0200] {processor.py:176} INFO - Processing /Users/mnagy99/opt/anaconda3/envs/airflow-env/lib/python3.8/site-packages/airflow/example_dags/subdags/subdag.py took 0.140 seconds
[2022-11-06T03:04:42.810+0200] {processor.py:154} INFO - Started process (PID=5909) to work on /Users/mnagy99/opt/anaconda3/envs/airflow-env/lib/python3.8/site-packages/airflow/example_dags/subdags/subdag.py
[2022-11-06T03:04:42.812+0200] {processor.py:756} INFO - Processing file /Users/mnagy99/opt/anaconda3/envs/airflow-env/lib/python3.8/site-packages/airflow/example_dags/subdags/subdag.py for tasks to queue
[2022-11-06T03:04:42.813+0200] {logging_mixin.py:120} INFO - [2022-11-06T03:04:42.813+0200] {dagbag.py:537} INFO - Filling up the DagBag from /Users/mnagy99/opt/anaconda3/envs/airflow-env/lib/python3.8/site-packages/airflow/example_dags/subdags/subdag.py
[2022-11-06T03:04:42.827+0200] {processor.py:768} WARNING - No viable dags retrieved from /Users/mnagy99/opt/anaconda3/envs/airflow-env/lib/python3.8/site-packages/airflow/example_dags/subdags/subdag.py
[2022-11-06T03:04:42.940+0200] {processor.py:176} INFO - Processing /Users/mnagy99/opt/anaconda3/envs/airflow-env/lib/python3.8/site-packages/airflow/example_dags/subdags/subdag.py took 0.131 seconds
[2022-11-06T03:06:49.710+0200] {processor.py:154} INFO - Started process (PID=6036) to work on /Users/mnagy99/opt/anaconda3/envs/airflow-env/lib/python3.8/site-packages/airflow/example_dags/subdags/subdag.py
[2022-11-06T03:06:49.712+0200] {processor.py:756} INFO - Processing file /Users/mnagy99/opt/anaconda3/envs/airflow-env/lib/python3.8/site-packages/airflow/example_dags/subdags/subdag.py for tasks to queue
[2022-11-06T03:06:49.713+0200] {logging_mixin.py:120} INFO - [2022-11-06T03:06:49.713+0200] {dagbag.py:537} INFO - Filling up the DagBag from /Users/mnagy99/opt/anaconda3/envs/airflow-env/lib/python3.8/site-packages/airflow/example_dags/subdags/subdag.py
[2022-11-06T03:06:49.730+0200] {processor.py:768} WARNING - No viable dags retrieved from /Users/mnagy99/opt/anaconda3/envs/airflow-env/lib/python3.8/site-packages/airflow/example_dags/subdags/subdag.py
[2022-11-06T03:06:49.842+0200] {processor.py:176} INFO - Processing /Users/mnagy99/opt/anaconda3/envs/airflow-env/lib/python3.8/site-packages/airflow/example_dags/subdags/subdag.py took 0.133 seconds
[2022-11-06T03:09:05.828+0200] {processor.py:154} INFO - Started process (PID=6167) to work on /Users/mnagy99/opt/anaconda3/envs/airflow-env/lib/python3.8/site-packages/airflow/example_dags/subdags/subdag.py
[2022-11-06T03:09:05.831+0200] {processor.py:756} INFO - Processing file /Users/mnagy99/opt/anaconda3/envs/airflow-env/lib/python3.8/site-packages/airflow/example_dags/subdags/subdag.py for tasks to queue
[2022-11-06T03:09:05.831+0200] {logging_mixin.py:120} INFO - [2022-11-06T03:09:05.831+0200] {dagbag.py:537} INFO - Filling up the DagBag from /Users/mnagy99/opt/anaconda3/envs/airflow-env/lib/python3.8/site-packages/airflow/example_dags/subdags/subdag.py
[2022-11-06T03:09:05.849+0200] {processor.py:768} WARNING - No viable dags retrieved from /Users/mnagy99/opt/anaconda3/envs/airflow-env/lib/python3.8/site-packages/airflow/example_dags/subdags/subdag.py
[2022-11-06T03:09:05.960+0200] {processor.py:176} INFO - Processing /Users/mnagy99/opt/anaconda3/envs/airflow-env/lib/python3.8/site-packages/airflow/example_dags/subdags/subdag.py took 0.132 seconds
[2022-11-06T03:11:09.814+0200] {processor.py:154} INFO - Started process (PID=6306) to work on /Users/mnagy99/opt/anaconda3/envs/airflow-env/lib/python3.8/site-packages/airflow/example_dags/subdags/subdag.py
[2022-11-06T03:11:09.816+0200] {processor.py:756} INFO - Processing file /Users/mnagy99/opt/anaconda3/envs/airflow-env/lib/python3.8/site-packages/airflow/example_dags/subdags/subdag.py for tasks to queue
[2022-11-06T03:11:09.816+0200] {logging_mixin.py:120} INFO - [2022-11-06T03:11:09.816+0200] {dagbag.py:537} INFO - Filling up the DagBag from /Users/mnagy99/opt/anaconda3/envs/airflow-env/lib/python3.8/site-packages/airflow/example_dags/subdags/subdag.py
[2022-11-06T03:11:09.832+0200] {processor.py:768} WARNING - No viable dags retrieved from /Users/mnagy99/opt/anaconda3/envs/airflow-env/lib/python3.8/site-packages/airflow/example_dags/subdags/subdag.py
[2022-11-06T03:11:09.948+0200] {processor.py:176} INFO - Processing /Users/mnagy99/opt/anaconda3/envs/airflow-env/lib/python3.8/site-packages/airflow/example_dags/subdags/subdag.py took 0.135 seconds
[2022-11-06T03:13:18.784+0200] {processor.py:154} INFO - Started process (PID=6436) to work on /Users/mnagy99/opt/anaconda3/envs/airflow-env/lib/python3.8/site-packages/airflow/example_dags/subdags/subdag.py
[2022-11-06T03:13:18.785+0200] {processor.py:756} INFO - Processing file /Users/mnagy99/opt/anaconda3/envs/airflow-env/lib/python3.8/site-packages/airflow/example_dags/subdags/subdag.py for tasks to queue
[2022-11-06T03:13:18.786+0200] {logging_mixin.py:120} INFO - [2022-11-06T03:13:18.785+0200] {dagbag.py:537} INFO - Filling up the DagBag from /Users/mnagy99/opt/anaconda3/envs/airflow-env/lib/python3.8/site-packages/airflow/example_dags/subdags/subdag.py
[2022-11-06T03:13:18.799+0200] {processor.py:768} WARNING - No viable dags retrieved from /Users/mnagy99/opt/anaconda3/envs/airflow-env/lib/python3.8/site-packages/airflow/example_dags/subdags/subdag.py
[2022-11-06T03:13:18.907+0200] {processor.py:176} INFO - Processing /Users/mnagy99/opt/anaconda3/envs/airflow-env/lib/python3.8/site-packages/airflow/example_dags/subdags/subdag.py took 0.124 seconds
[2022-11-06T03:15:18.126+0200] {processor.py:154} INFO - Started process (PID=6565) to work on /Users/mnagy99/opt/anaconda3/envs/airflow-env/lib/python3.8/site-packages/airflow/example_dags/subdags/subdag.py
[2022-11-06T03:15:18.127+0200] {processor.py:756} INFO - Processing file /Users/mnagy99/opt/anaconda3/envs/airflow-env/lib/python3.8/site-packages/airflow/example_dags/subdags/subdag.py for tasks to queue
[2022-11-06T03:15:18.127+0200] {logging_mixin.py:120} INFO - [2022-11-06T03:15:18.127+0200] {dagbag.py:537} INFO - Filling up the DagBag from /Users/mnagy99/opt/anaconda3/envs/airflow-env/lib/python3.8/site-packages/airflow/example_dags/subdags/subdag.py
[2022-11-06T03:15:18.140+0200] {processor.py:768} WARNING - No viable dags retrieved from /Users/mnagy99/opt/anaconda3/envs/airflow-env/lib/python3.8/site-packages/airflow/example_dags/subdags/subdag.py
[2022-11-06T03:15:18.246+0200] {processor.py:176} INFO - Processing /Users/mnagy99/opt/anaconda3/envs/airflow-env/lib/python3.8/site-packages/airflow/example_dags/subdags/subdag.py took 0.121 seconds
[2022-11-06T03:17:17.820+0200] {processor.py:154} INFO - Started process (PID=6699) to work on /Users/mnagy99/opt/anaconda3/envs/airflow-env/lib/python3.8/site-packages/airflow/example_dags/subdags/subdag.py
[2022-11-06T03:17:17.822+0200] {processor.py:756} INFO - Processing file /Users/mnagy99/opt/anaconda3/envs/airflow-env/lib/python3.8/site-packages/airflow/example_dags/subdags/subdag.py for tasks to queue
[2022-11-06T03:17:17.823+0200] {logging_mixin.py:120} INFO - [2022-11-06T03:17:17.823+0200] {dagbag.py:537} INFO - Filling up the DagBag from /Users/mnagy99/opt/anaconda3/envs/airflow-env/lib/python3.8/site-packages/airflow/example_dags/subdags/subdag.py
[2022-11-06T03:17:17.841+0200] {processor.py:768} WARNING - No viable dags retrieved from /Users/mnagy99/opt/anaconda3/envs/airflow-env/lib/python3.8/site-packages/airflow/example_dags/subdags/subdag.py
[2022-11-06T03:17:17.948+0200] {processor.py:176} INFO - Processing /Users/mnagy99/opt/anaconda3/envs/airflow-env/lib/python3.8/site-packages/airflow/example_dags/subdags/subdag.py took 0.129 seconds
[2022-11-06T03:19:13.631+0200] {processor.py:154} INFO - Started process (PID=6821) to work on /Users/mnagy99/opt/anaconda3/envs/airflow-env/lib/python3.8/site-packages/airflow/example_dags/subdags/subdag.py
[2022-11-06T03:19:13.632+0200] {processor.py:756} INFO - Processing file /Users/mnagy99/opt/anaconda3/envs/airflow-env/lib/python3.8/site-packages/airflow/example_dags/subdags/subdag.py for tasks to queue
[2022-11-06T03:19:13.632+0200] {logging_mixin.py:120} INFO - [2022-11-06T03:19:13.632+0200] {dagbag.py:537} INFO - Filling up the DagBag from /Users/mnagy99/opt/anaconda3/envs/airflow-env/lib/python3.8/site-packages/airflow/example_dags/subdags/subdag.py
[2022-11-06T03:19:13.644+0200] {processor.py:768} WARNING - No viable dags retrieved from /Users/mnagy99/opt/anaconda3/envs/airflow-env/lib/python3.8/site-packages/airflow/example_dags/subdags/subdag.py
[2022-11-06T03:19:13.765+0200] {processor.py:176} INFO - Processing /Users/mnagy99/opt/anaconda3/envs/airflow-env/lib/python3.8/site-packages/airflow/example_dags/subdags/subdag.py took 0.134 seconds
[2022-11-06T03:21:14.941+0200] {processor.py:154} INFO - Started process (PID=6946) to work on /Users/mnagy99/opt/anaconda3/envs/airflow-env/lib/python3.8/site-packages/airflow/example_dags/subdags/subdag.py
[2022-11-06T03:21:14.942+0200] {processor.py:756} INFO - Processing file /Users/mnagy99/opt/anaconda3/envs/airflow-env/lib/python3.8/site-packages/airflow/example_dags/subdags/subdag.py for tasks to queue
[2022-11-06T03:21:14.943+0200] {logging_mixin.py:120} INFO - [2022-11-06T03:21:14.942+0200] {dagbag.py:537} INFO - Filling up the DagBag from /Users/mnagy99/opt/anaconda3/envs/airflow-env/lib/python3.8/site-packages/airflow/example_dags/subdags/subdag.py
[2022-11-06T03:21:14.958+0200] {processor.py:768} WARNING - No viable dags retrieved from /Users/mnagy99/opt/anaconda3/envs/airflow-env/lib/python3.8/site-packages/airflow/example_dags/subdags/subdag.py
[2022-11-06T03:21:15.092+0200] {processor.py:176} INFO - Processing /Users/mnagy99/opt/anaconda3/envs/airflow-env/lib/python3.8/site-packages/airflow/example_dags/subdags/subdag.py took 0.151 seconds
[2022-11-06T03:23:16.144+0200] {processor.py:154} INFO - Started process (PID=7075) to work on /Users/mnagy99/opt/anaconda3/envs/airflow-env/lib/python3.8/site-packages/airflow/example_dags/subdags/subdag.py
[2022-11-06T03:23:16.146+0200] {processor.py:756} INFO - Processing file /Users/mnagy99/opt/anaconda3/envs/airflow-env/lib/python3.8/site-packages/airflow/example_dags/subdags/subdag.py for tasks to queue
[2022-11-06T03:23:16.147+0200] {logging_mixin.py:120} INFO - [2022-11-06T03:23:16.147+0200] {dagbag.py:537} INFO - Filling up the DagBag from /Users/mnagy99/opt/anaconda3/envs/airflow-env/lib/python3.8/site-packages/airflow/example_dags/subdags/subdag.py
[2022-11-06T03:23:16.163+0200] {processor.py:768} WARNING - No viable dags retrieved from /Users/mnagy99/opt/anaconda3/envs/airflow-env/lib/python3.8/site-packages/airflow/example_dags/subdags/subdag.py
[2022-11-06T03:23:16.277+0200] {processor.py:176} INFO - Processing /Users/mnagy99/opt/anaconda3/envs/airflow-env/lib/python3.8/site-packages/airflow/example_dags/subdags/subdag.py took 0.134 seconds
[2022-11-06T03:25:12.873+0200] {processor.py:154} INFO - Started process (PID=7198) to work on /Users/mnagy99/opt/anaconda3/envs/airflow-env/lib/python3.8/site-packages/airflow/example_dags/subdags/subdag.py
[2022-11-06T03:25:12.874+0200] {processor.py:756} INFO - Processing file /Users/mnagy99/opt/anaconda3/envs/airflow-env/lib/python3.8/site-packages/airflow/example_dags/subdags/subdag.py for tasks to queue
[2022-11-06T03:25:12.874+0200] {logging_mixin.py:120} INFO - [2022-11-06T03:25:12.874+0200] {dagbag.py:537} INFO - Filling up the DagBag from /Users/mnagy99/opt/anaconda3/envs/airflow-env/lib/python3.8/site-packages/airflow/example_dags/subdags/subdag.py
[2022-11-06T03:25:12.887+0200] {processor.py:768} WARNING - No viable dags retrieved from /Users/mnagy99/opt/anaconda3/envs/airflow-env/lib/python3.8/site-packages/airflow/example_dags/subdags/subdag.py
[2022-11-06T03:25:13.011+0200] {processor.py:176} INFO - Processing /Users/mnagy99/opt/anaconda3/envs/airflow-env/lib/python3.8/site-packages/airflow/example_dags/subdags/subdag.py took 0.139 seconds
[2022-11-06T03:27:14.045+0200] {processor.py:154} INFO - Started process (PID=7344) to work on /Users/mnagy99/opt/anaconda3/envs/airflow-env/lib/python3.8/site-packages/airflow/example_dags/subdags/subdag.py
[2022-11-06T03:27:14.048+0200] {processor.py:756} INFO - Processing file /Users/mnagy99/opt/anaconda3/envs/airflow-env/lib/python3.8/site-packages/airflow/example_dags/subdags/subdag.py for tasks to queue
[2022-11-06T03:27:14.049+0200] {logging_mixin.py:120} INFO - [2022-11-06T03:27:14.049+0200] {dagbag.py:537} INFO - Filling up the DagBag from /Users/mnagy99/opt/anaconda3/envs/airflow-env/lib/python3.8/site-packages/airflow/example_dags/subdags/subdag.py
[2022-11-06T03:27:14.067+0200] {processor.py:768} WARNING - No viable dags retrieved from /Users/mnagy99/opt/anaconda3/envs/airflow-env/lib/python3.8/site-packages/airflow/example_dags/subdags/subdag.py
[2022-11-06T03:27:14.193+0200] {processor.py:176} INFO - Processing /Users/mnagy99/opt/anaconda3/envs/airflow-env/lib/python3.8/site-packages/airflow/example_dags/subdags/subdag.py took 0.149 seconds
[2022-11-06T03:29:17.440+0200] {processor.py:154} INFO - Started process (PID=7468) to work on /Users/mnagy99/opt/anaconda3/envs/airflow-env/lib/python3.8/site-packages/airflow/example_dags/subdags/subdag.py
[2022-11-06T03:29:17.444+0200] {processor.py:756} INFO - Processing file /Users/mnagy99/opt/anaconda3/envs/airflow-env/lib/python3.8/site-packages/airflow/example_dags/subdags/subdag.py for tasks to queue
[2022-11-06T03:29:17.444+0200] {logging_mixin.py:120} INFO - [2022-11-06T03:29:17.444+0200] {dagbag.py:537} INFO - Filling up the DagBag from /Users/mnagy99/opt/anaconda3/envs/airflow-env/lib/python3.8/site-packages/airflow/example_dags/subdags/subdag.py
[2022-11-06T03:29:17.462+0200] {processor.py:768} WARNING - No viable dags retrieved from /Users/mnagy99/opt/anaconda3/envs/airflow-env/lib/python3.8/site-packages/airflow/example_dags/subdags/subdag.py
[2022-11-06T03:29:17.581+0200] {processor.py:176} INFO - Processing /Users/mnagy99/opt/anaconda3/envs/airflow-env/lib/python3.8/site-packages/airflow/example_dags/subdags/subdag.py took 0.142 seconds
[2022-11-06T03:31:15.238+0200] {processor.py:154} INFO - Started process (PID=7595) to work on /Users/mnagy99/opt/anaconda3/envs/airflow-env/lib/python3.8/site-packages/airflow/example_dags/subdags/subdag.py
[2022-11-06T03:31:15.240+0200] {processor.py:756} INFO - Processing file /Users/mnagy99/opt/anaconda3/envs/airflow-env/lib/python3.8/site-packages/airflow/example_dags/subdags/subdag.py for tasks to queue
[2022-11-06T03:31:15.240+0200] {logging_mixin.py:120} INFO - [2022-11-06T03:31:15.240+0200] {dagbag.py:537} INFO - Filling up the DagBag from /Users/mnagy99/opt/anaconda3/envs/airflow-env/lib/python3.8/site-packages/airflow/example_dags/subdags/subdag.py
[2022-11-06T03:31:15.254+0200] {processor.py:768} WARNING - No viable dags retrieved from /Users/mnagy99/opt/anaconda3/envs/airflow-env/lib/python3.8/site-packages/airflow/example_dags/subdags/subdag.py
[2022-11-06T03:31:15.365+0200] {processor.py:176} INFO - Processing /Users/mnagy99/opt/anaconda3/envs/airflow-env/lib/python3.8/site-packages/airflow/example_dags/subdags/subdag.py took 0.129 seconds
[2022-11-06T03:33:25.588+0200] {processor.py:154} INFO - Started process (PID=7729) to work on /Users/mnagy99/opt/anaconda3/envs/airflow-env/lib/python3.8/site-packages/airflow/example_dags/subdags/subdag.py
[2022-11-06T03:33:25.589+0200] {processor.py:756} INFO - Processing file /Users/mnagy99/opt/anaconda3/envs/airflow-env/lib/python3.8/site-packages/airflow/example_dags/subdags/subdag.py for tasks to queue
[2022-11-06T03:33:25.589+0200] {logging_mixin.py:120} INFO - [2022-11-06T03:33:25.589+0200] {dagbag.py:537} INFO - Filling up the DagBag from /Users/mnagy99/opt/anaconda3/envs/airflow-env/lib/python3.8/site-packages/airflow/example_dags/subdags/subdag.py
[2022-11-06T03:33:25.602+0200] {processor.py:768} WARNING - No viable dags retrieved from /Users/mnagy99/opt/anaconda3/envs/airflow-env/lib/python3.8/site-packages/airflow/example_dags/subdags/subdag.py
[2022-11-06T03:33:25.724+0200] {processor.py:176} INFO - Processing /Users/mnagy99/opt/anaconda3/envs/airflow-env/lib/python3.8/site-packages/airflow/example_dags/subdags/subdag.py took 0.137 seconds
[2022-11-06T03:35:32.663+0200] {processor.py:154} INFO - Started process (PID=7905) to work on /Users/mnagy99/opt/anaconda3/envs/airflow-env/lib/python3.8/site-packages/airflow/example_dags/subdags/subdag.py
[2022-11-06T03:35:32.665+0200] {processor.py:756} INFO - Processing file /Users/mnagy99/opt/anaconda3/envs/airflow-env/lib/python3.8/site-packages/airflow/example_dags/subdags/subdag.py for tasks to queue
[2022-11-06T03:35:32.666+0200] {logging_mixin.py:120} INFO - [2022-11-06T03:35:32.666+0200] {dagbag.py:537} INFO - Filling up the DagBag from /Users/mnagy99/opt/anaconda3/envs/airflow-env/lib/python3.8/site-packages/airflow/example_dags/subdags/subdag.py
[2022-11-06T03:35:32.686+0200] {processor.py:768} WARNING - No viable dags retrieved from /Users/mnagy99/opt/anaconda3/envs/airflow-env/lib/python3.8/site-packages/airflow/example_dags/subdags/subdag.py
[2022-11-06T03:35:32.794+0200] {processor.py:176} INFO - Processing /Users/mnagy99/opt/anaconda3/envs/airflow-env/lib/python3.8/site-packages/airflow/example_dags/subdags/subdag.py took 0.131 seconds
[2022-11-06T03:37:37.425+0200] {processor.py:154} INFO - Started process (PID=8031) to work on /Users/mnagy99/opt/anaconda3/envs/airflow-env/lib/python3.8/site-packages/airflow/example_dags/subdags/subdag.py
[2022-11-06T03:37:37.428+0200] {processor.py:756} INFO - Processing file /Users/mnagy99/opt/anaconda3/envs/airflow-env/lib/python3.8/site-packages/airflow/example_dags/subdags/subdag.py for tasks to queue
[2022-11-06T03:37:37.428+0200] {logging_mixin.py:120} INFO - [2022-11-06T03:37:37.428+0200] {dagbag.py:537} INFO - Filling up the DagBag from /Users/mnagy99/opt/anaconda3/envs/airflow-env/lib/python3.8/site-packages/airflow/example_dags/subdags/subdag.py
[2022-11-06T03:37:37.445+0200] {processor.py:768} WARNING - No viable dags retrieved from /Users/mnagy99/opt/anaconda3/envs/airflow-env/lib/python3.8/site-packages/airflow/example_dags/subdags/subdag.py
[2022-11-06T03:37:37.555+0200] {processor.py:176} INFO - Processing /Users/mnagy99/opt/anaconda3/envs/airflow-env/lib/python3.8/site-packages/airflow/example_dags/subdags/subdag.py took 0.130 seconds
[2022-11-06T03:39:35.775+0200] {processor.py:154} INFO - Started process (PID=8153) to work on /Users/mnagy99/opt/anaconda3/envs/airflow-env/lib/python3.8/site-packages/airflow/example_dags/subdags/subdag.py
[2022-11-06T03:39:35.775+0200] {processor.py:756} INFO - Processing file /Users/mnagy99/opt/anaconda3/envs/airflow-env/lib/python3.8/site-packages/airflow/example_dags/subdags/subdag.py for tasks to queue
[2022-11-06T03:39:35.776+0200] {logging_mixin.py:120} INFO - [2022-11-06T03:39:35.776+0200] {dagbag.py:537} INFO - Filling up the DagBag from /Users/mnagy99/opt/anaconda3/envs/airflow-env/lib/python3.8/site-packages/airflow/example_dags/subdags/subdag.py
[2022-11-06T03:39:35.788+0200] {processor.py:768} WARNING - No viable dags retrieved from /Users/mnagy99/opt/anaconda3/envs/airflow-env/lib/python3.8/site-packages/airflow/example_dags/subdags/subdag.py
[2022-11-06T03:39:35.895+0200] {processor.py:176} INFO - Processing /Users/mnagy99/opt/anaconda3/envs/airflow-env/lib/python3.8/site-packages/airflow/example_dags/subdags/subdag.py took 0.121 seconds
[2022-11-06T03:41:35.641+0200] {processor.py:154} INFO - Started process (PID=8275) to work on /Users/mnagy99/opt/anaconda3/envs/airflow-env/lib/python3.8/site-packages/airflow/example_dags/subdags/subdag.py
[2022-11-06T03:41:35.643+0200] {processor.py:756} INFO - Processing file /Users/mnagy99/opt/anaconda3/envs/airflow-env/lib/python3.8/site-packages/airflow/example_dags/subdags/subdag.py for tasks to queue
[2022-11-06T03:41:35.644+0200] {logging_mixin.py:120} INFO - [2022-11-06T03:41:35.643+0200] {dagbag.py:537} INFO - Filling up the DagBag from /Users/mnagy99/opt/anaconda3/envs/airflow-env/lib/python3.8/site-packages/airflow/example_dags/subdags/subdag.py
[2022-11-06T03:41:35.664+0200] {processor.py:768} WARNING - No viable dags retrieved from /Users/mnagy99/opt/anaconda3/envs/airflow-env/lib/python3.8/site-packages/airflow/example_dags/subdags/subdag.py
[2022-11-06T03:41:35.776+0200] {processor.py:176} INFO - Processing /Users/mnagy99/opt/anaconda3/envs/airflow-env/lib/python3.8/site-packages/airflow/example_dags/subdags/subdag.py took 0.136 seconds
[2022-11-06T03:43:33.953+0200] {processor.py:154} INFO - Started process (PID=8396) to work on /Users/mnagy99/opt/anaconda3/envs/airflow-env/lib/python3.8/site-packages/airflow/example_dags/subdags/subdag.py
[2022-11-06T03:43:33.956+0200] {processor.py:756} INFO - Processing file /Users/mnagy99/opt/anaconda3/envs/airflow-env/lib/python3.8/site-packages/airflow/example_dags/subdags/subdag.py for tasks to queue
[2022-11-06T03:43:33.956+0200] {logging_mixin.py:120} INFO - [2022-11-06T03:43:33.956+0200] {dagbag.py:537} INFO - Filling up the DagBag from /Users/mnagy99/opt/anaconda3/envs/airflow-env/lib/python3.8/site-packages/airflow/example_dags/subdags/subdag.py
[2022-11-06T03:43:33.970+0200] {processor.py:768} WARNING - No viable dags retrieved from /Users/mnagy99/opt/anaconda3/envs/airflow-env/lib/python3.8/site-packages/airflow/example_dags/subdags/subdag.py
[2022-11-06T03:43:34.090+0200] {processor.py:176} INFO - Processing /Users/mnagy99/opt/anaconda3/envs/airflow-env/lib/python3.8/site-packages/airflow/example_dags/subdags/subdag.py took 0.138 seconds
[2022-11-06T03:45:37.649+0200] {processor.py:154} INFO - Started process (PID=8538) to work on /Users/mnagy99/opt/anaconda3/envs/airflow-env/lib/python3.8/site-packages/airflow/example_dags/subdags/subdag.py
[2022-11-06T03:45:37.652+0200] {processor.py:756} INFO - Processing file /Users/mnagy99/opt/anaconda3/envs/airflow-env/lib/python3.8/site-packages/airflow/example_dags/subdags/subdag.py for tasks to queue
[2022-11-06T03:45:37.652+0200] {logging_mixin.py:120} INFO - [2022-11-06T03:45:37.652+0200] {dagbag.py:537} INFO - Filling up the DagBag from /Users/mnagy99/opt/anaconda3/envs/airflow-env/lib/python3.8/site-packages/airflow/example_dags/subdags/subdag.py
[2022-11-06T03:45:37.668+0200] {processor.py:768} WARNING - No viable dags retrieved from /Users/mnagy99/opt/anaconda3/envs/airflow-env/lib/python3.8/site-packages/airflow/example_dags/subdags/subdag.py
[2022-11-06T03:45:37.775+0200] {processor.py:176} INFO - Processing /Users/mnagy99/opt/anaconda3/envs/airflow-env/lib/python3.8/site-packages/airflow/example_dags/subdags/subdag.py took 0.127 seconds
[2022-11-06T03:47:39.064+0200] {processor.py:154} INFO - Started process (PID=8662) to work on /Users/mnagy99/opt/anaconda3/envs/airflow-env/lib/python3.8/site-packages/airflow/example_dags/subdags/subdag.py
[2022-11-06T03:47:39.065+0200] {processor.py:756} INFO - Processing file /Users/mnagy99/opt/anaconda3/envs/airflow-env/lib/python3.8/site-packages/airflow/example_dags/subdags/subdag.py for tasks to queue
[2022-11-06T03:47:39.066+0200] {logging_mixin.py:120} INFO - [2022-11-06T03:47:39.065+0200] {dagbag.py:537} INFO - Filling up the DagBag from /Users/mnagy99/opt/anaconda3/envs/airflow-env/lib/python3.8/site-packages/airflow/example_dags/subdags/subdag.py
[2022-11-06T03:47:39.086+0200] {processor.py:768} WARNING - No viable dags retrieved from /Users/mnagy99/opt/anaconda3/envs/airflow-env/lib/python3.8/site-packages/airflow/example_dags/subdags/subdag.py
[2022-11-06T03:47:39.202+0200] {processor.py:176} INFO - Processing /Users/mnagy99/opt/anaconda3/envs/airflow-env/lib/python3.8/site-packages/airflow/example_dags/subdags/subdag.py took 0.140 seconds
[2022-11-06T03:49:46.106+0200] {processor.py:154} INFO - Started process (PID=8784) to work on /Users/mnagy99/opt/anaconda3/envs/airflow-env/lib/python3.8/site-packages/airflow/example_dags/subdags/subdag.py
[2022-11-06T03:49:46.107+0200] {processor.py:756} INFO - Processing file /Users/mnagy99/opt/anaconda3/envs/airflow-env/lib/python3.8/site-packages/airflow/example_dags/subdags/subdag.py for tasks to queue
[2022-11-06T03:49:46.108+0200] {logging_mixin.py:120} INFO - [2022-11-06T03:49:46.108+0200] {dagbag.py:537} INFO - Filling up the DagBag from /Users/mnagy99/opt/anaconda3/envs/airflow-env/lib/python3.8/site-packages/airflow/example_dags/subdags/subdag.py
[2022-11-06T03:49:46.125+0200] {processor.py:768} WARNING - No viable dags retrieved from /Users/mnagy99/opt/anaconda3/envs/airflow-env/lib/python3.8/site-packages/airflow/example_dags/subdags/subdag.py
[2022-11-06T03:49:46.241+0200] {processor.py:176} INFO - Processing /Users/mnagy99/opt/anaconda3/envs/airflow-env/lib/python3.8/site-packages/airflow/example_dags/subdags/subdag.py took 0.135 seconds
[2022-11-06T03:51:50.568+0200] {processor.py:154} INFO - Started process (PID=8912) to work on /Users/mnagy99/opt/anaconda3/envs/airflow-env/lib/python3.8/site-packages/airflow/example_dags/subdags/subdag.py
[2022-11-06T03:51:50.571+0200] {processor.py:756} INFO - Processing file /Users/mnagy99/opt/anaconda3/envs/airflow-env/lib/python3.8/site-packages/airflow/example_dags/subdags/subdag.py for tasks to queue
[2022-11-06T03:51:50.571+0200] {logging_mixin.py:120} INFO - [2022-11-06T03:51:50.571+0200] {dagbag.py:537} INFO - Filling up the DagBag from /Users/mnagy99/opt/anaconda3/envs/airflow-env/lib/python3.8/site-packages/airflow/example_dags/subdags/subdag.py
[2022-11-06T03:51:50.585+0200] {processor.py:768} WARNING - No viable dags retrieved from /Users/mnagy99/opt/anaconda3/envs/airflow-env/lib/python3.8/site-packages/airflow/example_dags/subdags/subdag.py
[2022-11-06T03:51:50.692+0200] {processor.py:176} INFO - Processing /Users/mnagy99/opt/anaconda3/envs/airflow-env/lib/python3.8/site-packages/airflow/example_dags/subdags/subdag.py took 0.124 seconds
[2022-11-06T03:54:02.940+0200] {processor.py:154} INFO - Started process (PID=9049) to work on /Users/mnagy99/opt/anaconda3/envs/airflow-env/lib/python3.8/site-packages/airflow/example_dags/subdags/subdag.py
[2022-11-06T03:54:02.943+0200] {processor.py:756} INFO - Processing file /Users/mnagy99/opt/anaconda3/envs/airflow-env/lib/python3.8/site-packages/airflow/example_dags/subdags/subdag.py for tasks to queue
[2022-11-06T03:54:02.943+0200] {logging_mixin.py:120} INFO - [2022-11-06T03:54:02.943+0200] {dagbag.py:537} INFO - Filling up the DagBag from /Users/mnagy99/opt/anaconda3/envs/airflow-env/lib/python3.8/site-packages/airflow/example_dags/subdags/subdag.py
[2022-11-06T03:54:02.958+0200] {processor.py:768} WARNING - No viable dags retrieved from /Users/mnagy99/opt/anaconda3/envs/airflow-env/lib/python3.8/site-packages/airflow/example_dags/subdags/subdag.py
[2022-11-06T03:54:03.067+0200] {processor.py:176} INFO - Processing /Users/mnagy99/opt/anaconda3/envs/airflow-env/lib/python3.8/site-packages/airflow/example_dags/subdags/subdag.py took 0.128 seconds
[2022-11-06T03:56:23.806+0200] {processor.py:154} INFO - Started process (PID=9191) to work on /Users/mnagy99/opt/anaconda3/envs/airflow-env/lib/python3.8/site-packages/airflow/example_dags/subdags/subdag.py
[2022-11-06T03:56:23.809+0200] {processor.py:756} INFO - Processing file /Users/mnagy99/opt/anaconda3/envs/airflow-env/lib/python3.8/site-packages/airflow/example_dags/subdags/subdag.py for tasks to queue
[2022-11-06T03:56:23.809+0200] {logging_mixin.py:120} INFO - [2022-11-06T03:56:23.809+0200] {dagbag.py:537} INFO - Filling up the DagBag from /Users/mnagy99/opt/anaconda3/envs/airflow-env/lib/python3.8/site-packages/airflow/example_dags/subdags/subdag.py
[2022-11-06T03:56:23.827+0200] {processor.py:768} WARNING - No viable dags retrieved from /Users/mnagy99/opt/anaconda3/envs/airflow-env/lib/python3.8/site-packages/airflow/example_dags/subdags/subdag.py
[2022-11-06T03:56:23.937+0200] {processor.py:176} INFO - Processing /Users/mnagy99/opt/anaconda3/envs/airflow-env/lib/python3.8/site-packages/airflow/example_dags/subdags/subdag.py took 0.132 seconds
[2022-11-06T03:58:38.823+0200] {processor.py:154} INFO - Started process (PID=9319) to work on /Users/mnagy99/opt/anaconda3/envs/airflow-env/lib/python3.8/site-packages/airflow/example_dags/subdags/subdag.py
[2022-11-06T03:58:38.825+0200] {processor.py:756} INFO - Processing file /Users/mnagy99/opt/anaconda3/envs/airflow-env/lib/python3.8/site-packages/airflow/example_dags/subdags/subdag.py for tasks to queue
[2022-11-06T03:58:38.826+0200] {logging_mixin.py:120} INFO - [2022-11-06T03:58:38.825+0200] {dagbag.py:537} INFO - Filling up the DagBag from /Users/mnagy99/opt/anaconda3/envs/airflow-env/lib/python3.8/site-packages/airflow/example_dags/subdags/subdag.py
[2022-11-06T03:58:38.842+0200] {processor.py:768} WARNING - No viable dags retrieved from /Users/mnagy99/opt/anaconda3/envs/airflow-env/lib/python3.8/site-packages/airflow/example_dags/subdags/subdag.py
[2022-11-06T03:58:38.965+0200] {processor.py:176} INFO - Processing /Users/mnagy99/opt/anaconda3/envs/airflow-env/lib/python3.8/site-packages/airflow/example_dags/subdags/subdag.py took 0.142 seconds
[2022-11-06T04:01:06.854+0200] {processor.py:154} INFO - Started process (PID=9479) to work on /Users/mnagy99/opt/anaconda3/envs/airflow-env/lib/python3.8/site-packages/airflow/example_dags/subdags/subdag.py
[2022-11-06T04:01:06.857+0200] {processor.py:756} INFO - Processing file /Users/mnagy99/opt/anaconda3/envs/airflow-env/lib/python3.8/site-packages/airflow/example_dags/subdags/subdag.py for tasks to queue
[2022-11-06T04:01:06.858+0200] {logging_mixin.py:120} INFO - [2022-11-06T04:01:06.857+0200] {dagbag.py:537} INFO - Filling up the DagBag from /Users/mnagy99/opt/anaconda3/envs/airflow-env/lib/python3.8/site-packages/airflow/example_dags/subdags/subdag.py
[2022-11-06T04:01:06.873+0200] {processor.py:768} WARNING - No viable dags retrieved from /Users/mnagy99/opt/anaconda3/envs/airflow-env/lib/python3.8/site-packages/airflow/example_dags/subdags/subdag.py
[2022-11-06T04:01:06.983+0200] {processor.py:176} INFO - Processing /Users/mnagy99/opt/anaconda3/envs/airflow-env/lib/python3.8/site-packages/airflow/example_dags/subdags/subdag.py took 0.129 seconds
[2022-11-06T04:03:24.818+0200] {processor.py:154} INFO - Started process (PID=9617) to work on /Users/mnagy99/opt/anaconda3/envs/airflow-env/lib/python3.8/site-packages/airflow/example_dags/subdags/subdag.py
[2022-11-06T04:03:24.819+0200] {processor.py:756} INFO - Processing file /Users/mnagy99/opt/anaconda3/envs/airflow-env/lib/python3.8/site-packages/airflow/example_dags/subdags/subdag.py for tasks to queue
[2022-11-06T04:03:24.819+0200] {logging_mixin.py:120} INFO - [2022-11-06T04:03:24.819+0200] {dagbag.py:537} INFO - Filling up the DagBag from /Users/mnagy99/opt/anaconda3/envs/airflow-env/lib/python3.8/site-packages/airflow/example_dags/subdags/subdag.py
[2022-11-06T04:03:24.831+0200] {processor.py:768} WARNING - No viable dags retrieved from /Users/mnagy99/opt/anaconda3/envs/airflow-env/lib/python3.8/site-packages/airflow/example_dags/subdags/subdag.py
[2022-11-06T04:03:24.937+0200] {processor.py:176} INFO - Processing /Users/mnagy99/opt/anaconda3/envs/airflow-env/lib/python3.8/site-packages/airflow/example_dags/subdags/subdag.py took 0.119 seconds
[2022-11-06T04:05:31.122+0200] {processor.py:154} INFO - Started process (PID=9753) to work on /Users/mnagy99/opt/anaconda3/envs/airflow-env/lib/python3.8/site-packages/airflow/example_dags/subdags/subdag.py
[2022-11-06T04:05:31.124+0200] {processor.py:756} INFO - Processing file /Users/mnagy99/opt/anaconda3/envs/airflow-env/lib/python3.8/site-packages/airflow/example_dags/subdags/subdag.py for tasks to queue
[2022-11-06T04:05:31.125+0200] {logging_mixin.py:120} INFO - [2022-11-06T04:05:31.125+0200] {dagbag.py:537} INFO - Filling up the DagBag from /Users/mnagy99/opt/anaconda3/envs/airflow-env/lib/python3.8/site-packages/airflow/example_dags/subdags/subdag.py
[2022-11-06T04:05:31.140+0200] {processor.py:768} WARNING - No viable dags retrieved from /Users/mnagy99/opt/anaconda3/envs/airflow-env/lib/python3.8/site-packages/airflow/example_dags/subdags/subdag.py
[2022-11-06T04:05:31.254+0200] {processor.py:176} INFO - Processing /Users/mnagy99/opt/anaconda3/envs/airflow-env/lib/python3.8/site-packages/airflow/example_dags/subdags/subdag.py took 0.132 seconds
[2022-11-06T04:08:05.469+0200] {processor.py:154} INFO - Started process (PID=9911) to work on /Users/mnagy99/opt/anaconda3/envs/airflow-env/lib/python3.8/site-packages/airflow/example_dags/subdags/subdag.py
[2022-11-06T04:08:05.471+0200] {processor.py:756} INFO - Processing file /Users/mnagy99/opt/anaconda3/envs/airflow-env/lib/python3.8/site-packages/airflow/example_dags/subdags/subdag.py for tasks to queue
[2022-11-06T04:08:05.472+0200] {logging_mixin.py:120} INFO - [2022-11-06T04:08:05.471+0200] {dagbag.py:537} INFO - Filling up the DagBag from /Users/mnagy99/opt/anaconda3/envs/airflow-env/lib/python3.8/site-packages/airflow/example_dags/subdags/subdag.py
[2022-11-06T04:08:05.487+0200] {processor.py:768} WARNING - No viable dags retrieved from /Users/mnagy99/opt/anaconda3/envs/airflow-env/lib/python3.8/site-packages/airflow/example_dags/subdags/subdag.py
[2022-11-06T04:08:05.592+0200] {processor.py:176} INFO - Processing /Users/mnagy99/opt/anaconda3/envs/airflow-env/lib/python3.8/site-packages/airflow/example_dags/subdags/subdag.py took 0.124 seconds
[2022-11-06T04:10:10.602+0200] {processor.py:154} INFO - Started process (PID=10047) to work on /Users/mnagy99/opt/anaconda3/envs/airflow-env/lib/python3.8/site-packages/airflow/example_dags/subdags/subdag.py
[2022-11-06T04:10:10.604+0200] {processor.py:756} INFO - Processing file /Users/mnagy99/opt/anaconda3/envs/airflow-env/lib/python3.8/site-packages/airflow/example_dags/subdags/subdag.py for tasks to queue
[2022-11-06T04:10:10.605+0200] {logging_mixin.py:120} INFO - [2022-11-06T04:10:10.605+0200] {dagbag.py:537} INFO - Filling up the DagBag from /Users/mnagy99/opt/anaconda3/envs/airflow-env/lib/python3.8/site-packages/airflow/example_dags/subdags/subdag.py
[2022-11-06T04:10:10.621+0200] {processor.py:768} WARNING - No viable dags retrieved from /Users/mnagy99/opt/anaconda3/envs/airflow-env/lib/python3.8/site-packages/airflow/example_dags/subdags/subdag.py
[2022-11-06T04:10:10.734+0200] {processor.py:176} INFO - Processing /Users/mnagy99/opt/anaconda3/envs/airflow-env/lib/python3.8/site-packages/airflow/example_dags/subdags/subdag.py took 0.133 seconds
[2022-11-06T04:12:36.507+0200] {processor.py:154} INFO - Started process (PID=10197) to work on /Users/mnagy99/opt/anaconda3/envs/airflow-env/lib/python3.8/site-packages/airflow/example_dags/subdags/subdag.py
[2022-11-06T04:12:36.509+0200] {processor.py:756} INFO - Processing file /Users/mnagy99/opt/anaconda3/envs/airflow-env/lib/python3.8/site-packages/airflow/example_dags/subdags/subdag.py for tasks to queue
[2022-11-06T04:12:36.510+0200] {logging_mixin.py:120} INFO - [2022-11-06T04:12:36.510+0200] {dagbag.py:537} INFO - Filling up the DagBag from /Users/mnagy99/opt/anaconda3/envs/airflow-env/lib/python3.8/site-packages/airflow/example_dags/subdags/subdag.py
[2022-11-06T04:12:36.540+0200] {processor.py:768} WARNING - No viable dags retrieved from /Users/mnagy99/opt/anaconda3/envs/airflow-env/lib/python3.8/site-packages/airflow/example_dags/subdags/subdag.py
[2022-11-06T04:12:36.659+0200] {processor.py:176} INFO - Processing /Users/mnagy99/opt/anaconda3/envs/airflow-env/lib/python3.8/site-packages/airflow/example_dags/subdags/subdag.py took 0.153 seconds
[2022-11-06T04:14:37.024+0200] {processor.py:154} INFO - Started process (PID=10327) to work on /Users/mnagy99/opt/anaconda3/envs/airflow-env/lib/python3.8/site-packages/airflow/example_dags/subdags/subdag.py
[2022-11-06T04:14:37.027+0200] {processor.py:756} INFO - Processing file /Users/mnagy99/opt/anaconda3/envs/airflow-env/lib/python3.8/site-packages/airflow/example_dags/subdags/subdag.py for tasks to queue
[2022-11-06T04:14:37.027+0200] {logging_mixin.py:120} INFO - [2022-11-06T04:14:37.027+0200] {dagbag.py:537} INFO - Filling up the DagBag from /Users/mnagy99/opt/anaconda3/envs/airflow-env/lib/python3.8/site-packages/airflow/example_dags/subdags/subdag.py
[2022-11-06T04:14:37.044+0200] {processor.py:768} WARNING - No viable dags retrieved from /Users/mnagy99/opt/anaconda3/envs/airflow-env/lib/python3.8/site-packages/airflow/example_dags/subdags/subdag.py
[2022-11-06T04:14:37.158+0200] {processor.py:176} INFO - Processing /Users/mnagy99/opt/anaconda3/envs/airflow-env/lib/python3.8/site-packages/airflow/example_dags/subdags/subdag.py took 0.134 seconds
[2022-11-06T04:16:54.230+0200] {processor.py:154} INFO - Started process (PID=10464) to work on /Users/mnagy99/opt/anaconda3/envs/airflow-env/lib/python3.8/site-packages/airflow/example_dags/subdags/subdag.py
[2022-11-06T04:16:54.233+0200] {processor.py:756} INFO - Processing file /Users/mnagy99/opt/anaconda3/envs/airflow-env/lib/python3.8/site-packages/airflow/example_dags/subdags/subdag.py for tasks to queue
[2022-11-06T04:16:54.234+0200] {logging_mixin.py:120} INFO - [2022-11-06T04:16:54.234+0200] {dagbag.py:537} INFO - Filling up the DagBag from /Users/mnagy99/opt/anaconda3/envs/airflow-env/lib/python3.8/site-packages/airflow/example_dags/subdags/subdag.py
[2022-11-06T04:16:54.250+0200] {processor.py:768} WARNING - No viable dags retrieved from /Users/mnagy99/opt/anaconda3/envs/airflow-env/lib/python3.8/site-packages/airflow/example_dags/subdags/subdag.py
[2022-11-06T04:16:54.424+0200] {processor.py:176} INFO - Processing /Users/mnagy99/opt/anaconda3/envs/airflow-env/lib/python3.8/site-packages/airflow/example_dags/subdags/subdag.py took 0.194 seconds
