[2022-11-06T02:03:51.547+0200] {processor.py:154} INFO - Started process (PID=2131) to work on /Users/mnagy99/airflow/dags/lesson1_solutions/solution3.py
[2022-11-06T02:03:51.548+0200] {processor.py:756} INFO - Processing file /Users/mnagy99/airflow/dags/lesson1_solutions/solution3.py for tasks to queue
[2022-11-06T02:03:51.548+0200] {logging_mixin.py:120} INFO - [2022-11-06T02:03:51.548+0200] {dagbag.py:537} INFO - Filling up the DagBag from /Users/mnagy99/airflow/dags/lesson1_solutions/solution3.py
[2022-11-06T02:03:51.588+0200] {processor.py:766} INFO - DAG(s) dict_keys(['lesson1.solution3']) retrieved from /Users/mnagy99/airflow/dags/lesson1_solutions/solution3.py
[2022-11-06T02:03:52.666+0200] {logging_mixin.py:120} INFO - [2022-11-06T02:03:52.666+0200] {dag.py:2585} INFO - Sync 1 DAGs
[2022-11-06T02:03:52.685+0200] {logging_mixin.py:120} INFO - [2022-11-06T02:03:52.685+0200] {dag.py:3336} INFO - Setting next_dagrun for lesson1.solution3 to 2022-11-05T03:00:00+00:00, run_after=2022-11-05T04:00:00+00:00
[2022-11-06T02:03:52.701+0200] {processor.py:176} INFO - Processing /Users/mnagy99/airflow/dags/lesson1_solutions/solution3.py took 1.155 seconds
[2022-11-06T02:08:29.115+0200] {processor.py:154} INFO - Started process (PID=2390) to work on /Users/mnagy99/airflow/dags/lesson1_solutions/solution3.py
[2022-11-06T02:08:29.117+0200] {processor.py:756} INFO - Processing file /Users/mnagy99/airflow/dags/lesson1_solutions/solution3.py for tasks to queue
[2022-11-06T02:08:29.118+0200] {logging_mixin.py:120} INFO - [2022-11-06T02:08:29.118+0200] {dagbag.py:537} INFO - Filling up the DagBag from /Users/mnagy99/airflow/dags/lesson1_solutions/solution3.py
[2022-11-06T02:08:29.161+0200] {processor.py:766} INFO - DAG(s) dict_keys(['lesson1.solution3']) retrieved from /Users/mnagy99/airflow/dags/lesson1_solutions/solution3.py
[2022-11-06T02:08:30.246+0200] {logging_mixin.py:120} INFO - [2022-11-06T02:08:30.246+0200] {dag.py:2585} INFO - Sync 1 DAGs
[2022-11-06T02:08:30.264+0200] {logging_mixin.py:120} INFO - [2022-11-06T02:08:30.264+0200] {dag.py:3336} INFO - Setting next_dagrun for lesson1.solution3 to 2022-11-05T03:00:00+00:00, run_after=2022-11-05T04:00:00+00:00
[2022-11-06T02:08:30.290+0200] {processor.py:176} INFO - Processing /Users/mnagy99/airflow/dags/lesson1_solutions/solution3.py took 1.176 seconds
[2022-11-06T02:12:56.623+0200] {processor.py:154} INFO - Started process (PID=2646) to work on /Users/mnagy99/airflow/dags/lesson1_solutions/solution3.py
[2022-11-06T02:12:56.626+0200] {processor.py:756} INFO - Processing file /Users/mnagy99/airflow/dags/lesson1_solutions/solution3.py for tasks to queue
[2022-11-06T02:12:56.626+0200] {logging_mixin.py:120} INFO - [2022-11-06T02:12:56.626+0200] {dagbag.py:537} INFO - Filling up the DagBag from /Users/mnagy99/airflow/dags/lesson1_solutions/solution3.py
[2022-11-06T02:12:56.660+0200] {processor.py:766} INFO - DAG(s) dict_keys(['lesson1.solution3']) retrieved from /Users/mnagy99/airflow/dags/lesson1_solutions/solution3.py
[2022-11-06T02:12:57.610+0200] {logging_mixin.py:120} INFO - [2022-11-06T02:12:57.610+0200] {dag.py:2585} INFO - Sync 1 DAGs
[2022-11-06T02:12:57.626+0200] {logging_mixin.py:120} INFO - [2022-11-06T02:12:57.626+0200] {dag.py:3336} INFO - Setting next_dagrun for lesson1.solution3 to 2022-11-05T03:00:00+00:00, run_after=2022-11-05T04:00:00+00:00
[2022-11-06T02:12:57.644+0200] {processor.py:176} INFO - Processing /Users/mnagy99/airflow/dags/lesson1_solutions/solution3.py took 1.021 seconds
[2022-11-06T02:17:33.943+0200] {processor.py:154} INFO - Started process (PID=2994) to work on /Users/mnagy99/airflow/dags/lesson1_solutions/solution3.py
[2022-11-06T02:17:33.945+0200] {processor.py:756} INFO - Processing file /Users/mnagy99/airflow/dags/lesson1_solutions/solution3.py for tasks to queue
[2022-11-06T02:17:33.945+0200] {logging_mixin.py:120} INFO - [2022-11-06T02:17:33.945+0200] {dagbag.py:537} INFO - Filling up the DagBag from /Users/mnagy99/airflow/dags/lesson1_solutions/solution3.py
[2022-11-06T02:17:33.983+0200] {processor.py:766} INFO - DAG(s) dict_keys(['lesson1.solution3']) retrieved from /Users/mnagy99/airflow/dags/lesson1_solutions/solution3.py
[2022-11-06T02:17:34.966+0200] {logging_mixin.py:120} INFO - [2022-11-06T02:17:34.966+0200] {dag.py:2585} INFO - Sync 1 DAGs
[2022-11-06T02:17:34.981+0200] {logging_mixin.py:120} INFO - [2022-11-06T02:17:34.980+0200] {dag.py:3336} INFO - Setting next_dagrun for lesson1.solution3 to 2022-11-05T03:00:00+00:00, run_after=2022-11-05T04:00:00+00:00
[2022-11-06T02:17:34.997+0200] {processor.py:176} INFO - Processing /Users/mnagy99/airflow/dags/lesson1_solutions/solution3.py took 1.055 seconds
[2022-11-06T02:21:52.217+0200] {processor.py:154} INFO - Started process (PID=3258) to work on /Users/mnagy99/airflow/dags/lesson1_solutions/solution3.py
[2022-11-06T02:21:52.220+0200] {processor.py:756} INFO - Processing file /Users/mnagy99/airflow/dags/lesson1_solutions/solution3.py for tasks to queue
[2022-11-06T02:21:52.221+0200] {logging_mixin.py:120} INFO - [2022-11-06T02:21:52.220+0200] {dagbag.py:537} INFO - Filling up the DagBag from /Users/mnagy99/airflow/dags/lesson1_solutions/solution3.py
[2022-11-06T02:21:52.255+0200] {processor.py:766} INFO - DAG(s) dict_keys(['lesson1.solution3']) retrieved from /Users/mnagy99/airflow/dags/lesson1_solutions/solution3.py
[2022-11-06T02:21:53.192+0200] {logging_mixin.py:120} INFO - [2022-11-06T02:21:53.192+0200] {dag.py:2585} INFO - Sync 1 DAGs
[2022-11-06T02:21:53.208+0200] {logging_mixin.py:120} INFO - [2022-11-06T02:21:53.208+0200] {dag.py:3336} INFO - Setting next_dagrun for lesson1.solution3 to 2022-11-05T03:00:00+00:00, run_after=2022-11-05T04:00:00+00:00
[2022-11-06T02:21:53.225+0200] {processor.py:176} INFO - Processing /Users/mnagy99/airflow/dags/lesson1_solutions/solution3.py took 1.009 seconds
[2022-11-06T02:26:16.617+0200] {processor.py:154} INFO - Started process (PID=3537) to work on /Users/mnagy99/airflow/dags/lesson1_solutions/solution3.py
[2022-11-06T02:26:16.619+0200] {processor.py:756} INFO - Processing file /Users/mnagy99/airflow/dags/lesson1_solutions/solution3.py for tasks to queue
[2022-11-06T02:26:16.620+0200] {logging_mixin.py:120} INFO - [2022-11-06T02:26:16.619+0200] {dagbag.py:537} INFO - Filling up the DagBag from /Users/mnagy99/airflow/dags/lesson1_solutions/solution3.py
[2022-11-06T02:26:16.652+0200] {processor.py:766} INFO - DAG(s) dict_keys(['lesson1.solution3']) retrieved from /Users/mnagy99/airflow/dags/lesson1_solutions/solution3.py
[2022-11-06T02:26:17.669+0200] {logging_mixin.py:120} INFO - [2022-11-06T02:26:17.669+0200] {dag.py:2585} INFO - Sync 1 DAGs
[2022-11-06T02:26:17.684+0200] {logging_mixin.py:120} INFO - [2022-11-06T02:26:17.684+0200] {dag.py:3336} INFO - Setting next_dagrun for lesson1.solution3 to 2022-11-05T03:00:00+00:00, run_after=2022-11-05T04:00:00+00:00
[2022-11-06T02:26:17.703+0200] {processor.py:176} INFO - Processing /Users/mnagy99/airflow/dags/lesson1_solutions/solution3.py took 1.087 seconds
[2022-11-06T02:30:38.854+0200] {processor.py:154} INFO - Started process (PID=3828) to work on /Users/mnagy99/airflow/dags/lesson1_solutions/solution3.py
[2022-11-06T02:30:38.856+0200] {processor.py:756} INFO - Processing file /Users/mnagy99/airflow/dags/lesson1_solutions/solution3.py for tasks to queue
[2022-11-06T02:30:38.857+0200] {logging_mixin.py:120} INFO - [2022-11-06T02:30:38.857+0200] {dagbag.py:537} INFO - Filling up the DagBag from /Users/mnagy99/airflow/dags/lesson1_solutions/solution3.py
[2022-11-06T02:30:38.890+0200] {processor.py:766} INFO - DAG(s) dict_keys(['lesson1.solution3']) retrieved from /Users/mnagy99/airflow/dags/lesson1_solutions/solution3.py
[2022-11-06T02:30:39.836+0200] {logging_mixin.py:120} INFO - [2022-11-06T02:30:39.836+0200] {dag.py:2585} INFO - Sync 1 DAGs
[2022-11-06T02:30:39.851+0200] {logging_mixin.py:120} INFO - [2022-11-06T02:30:39.851+0200] {dag.py:3336} INFO - Setting next_dagrun for lesson1.solution3 to 2022-11-05T03:00:00+00:00, run_after=2022-11-05T04:00:00+00:00
[2022-11-06T02:30:39.869+0200] {processor.py:176} INFO - Processing /Users/mnagy99/airflow/dags/lesson1_solutions/solution3.py took 1.016 seconds
[2022-11-06T02:35:01.846+0200] {processor.py:154} INFO - Started process (PID=4124) to work on /Users/mnagy99/airflow/dags/lesson1_solutions/solution3.py
[2022-11-06T02:35:01.849+0200] {processor.py:756} INFO - Processing file /Users/mnagy99/airflow/dags/lesson1_solutions/solution3.py for tasks to queue
[2022-11-06T02:35:01.849+0200] {logging_mixin.py:120} INFO - [2022-11-06T02:35:01.849+0200] {dagbag.py:537} INFO - Filling up the DagBag from /Users/mnagy99/airflow/dags/lesson1_solutions/solution3.py
[2022-11-06T02:35:01.880+0200] {processor.py:766} INFO - DAG(s) dict_keys(['lesson1.solution3']) retrieved from /Users/mnagy99/airflow/dags/lesson1_solutions/solution3.py
[2022-11-06T02:35:02.897+0200] {logging_mixin.py:120} INFO - [2022-11-06T02:35:02.897+0200] {dag.py:2585} INFO - Sync 1 DAGs
[2022-11-06T02:35:02.915+0200] {logging_mixin.py:120} INFO - [2022-11-06T02:35:02.914+0200] {dag.py:3336} INFO - Setting next_dagrun for lesson1.solution3 to 2022-11-05T03:00:00+00:00, run_after=2022-11-05T04:00:00+00:00
[2022-11-06T02:35:02.936+0200] {processor.py:176} INFO - Processing /Users/mnagy99/airflow/dags/lesson1_solutions/solution3.py took 1.091 seconds
[2022-11-06T02:39:23.695+0200] {processor.py:154} INFO - Started process (PID=4395) to work on /Users/mnagy99/airflow/dags/lesson1_solutions/solution3.py
[2022-11-06T02:39:23.698+0200] {processor.py:756} INFO - Processing file /Users/mnagy99/airflow/dags/lesson1_solutions/solution3.py for tasks to queue
[2022-11-06T02:39:23.698+0200] {logging_mixin.py:120} INFO - [2022-11-06T02:39:23.698+0200] {dagbag.py:537} INFO - Filling up the DagBag from /Users/mnagy99/airflow/dags/lesson1_solutions/solution3.py
[2022-11-06T02:39:23.731+0200] {processor.py:766} INFO - DAG(s) dict_keys(['lesson1.solution3']) retrieved from /Users/mnagy99/airflow/dags/lesson1_solutions/solution3.py
[2022-11-06T02:39:24.700+0200] {logging_mixin.py:120} INFO - [2022-11-06T02:39:24.700+0200] {dag.py:2585} INFO - Sync 1 DAGs
[2022-11-06T02:39:24.715+0200] {logging_mixin.py:120} INFO - [2022-11-06T02:39:24.715+0200] {dag.py:3336} INFO - Setting next_dagrun for lesson1.solution3 to 2022-11-05T03:00:00+00:00, run_after=2022-11-05T04:00:00+00:00
[2022-11-06T02:39:24.737+0200] {processor.py:176} INFO - Processing /Users/mnagy99/airflow/dags/lesson1_solutions/solution3.py took 1.042 seconds
[2022-11-06T02:44:14.082+0200] {processor.py:154} INFO - Started process (PID=4701) to work on /Users/mnagy99/airflow/dags/lesson1_solutions/solution3.py
[2022-11-06T02:44:14.084+0200] {processor.py:756} INFO - Processing file /Users/mnagy99/airflow/dags/lesson1_solutions/solution3.py for tasks to queue
[2022-11-06T02:44:14.085+0200] {logging_mixin.py:120} INFO - [2022-11-06T02:44:14.085+0200] {dagbag.py:537} INFO - Filling up the DagBag from /Users/mnagy99/airflow/dags/lesson1_solutions/solution3.py
[2022-11-06T02:44:14.122+0200] {processor.py:766} INFO - DAG(s) dict_keys(['lesson1.solution3']) retrieved from /Users/mnagy99/airflow/dags/lesson1_solutions/solution3.py
[2022-11-06T02:44:15.419+0200] {logging_mixin.py:120} INFO - [2022-11-06T02:44:15.418+0200] {dag.py:2585} INFO - Sync 1 DAGs
[2022-11-06T02:44:15.436+0200] {logging_mixin.py:120} INFO - [2022-11-06T02:44:15.436+0200] {dag.py:3336} INFO - Setting next_dagrun for lesson1.solution3 to 2022-11-05T03:00:00+00:00, run_after=2022-11-05T04:00:00+00:00
[2022-11-06T02:44:15.455+0200] {processor.py:176} INFO - Processing /Users/mnagy99/airflow/dags/lesson1_solutions/solution3.py took 1.373 seconds
[2022-11-06T02:48:37.476+0200] {processor.py:154} INFO - Started process (PID=4969) to work on /Users/mnagy99/airflow/dags/lesson1_solutions/solution3.py
[2022-11-06T02:48:37.479+0200] {processor.py:756} INFO - Processing file /Users/mnagy99/airflow/dags/lesson1_solutions/solution3.py for tasks to queue
[2022-11-06T02:48:37.480+0200] {logging_mixin.py:120} INFO - [2022-11-06T02:48:37.479+0200] {dagbag.py:537} INFO - Filling up the DagBag from /Users/mnagy99/airflow/dags/lesson1_solutions/solution3.py
[2022-11-06T02:48:37.513+0200] {processor.py:766} INFO - DAG(s) dict_keys(['lesson1.solution3']) retrieved from /Users/mnagy99/airflow/dags/lesson1_solutions/solution3.py
[2022-11-06T02:48:38.454+0200] {logging_mixin.py:120} INFO - [2022-11-06T02:48:38.454+0200] {dag.py:2585} INFO - Sync 1 DAGs
[2022-11-06T02:48:38.470+0200] {logging_mixin.py:120} INFO - [2022-11-06T02:48:38.469+0200] {dag.py:3336} INFO - Setting next_dagrun for lesson1.solution3 to 2022-11-05T03:00:00+00:00, run_after=2022-11-05T04:00:00+00:00
[2022-11-06T02:48:38.488+0200] {processor.py:176} INFO - Processing /Users/mnagy99/airflow/dags/lesson1_solutions/solution3.py took 1.012 seconds
[2022-11-06T02:52:49.033+0200] {processor.py:154} INFO - Started process (PID=5220) to work on /Users/mnagy99/airflow/dags/lesson1_solutions/solution3.py
[2022-11-06T02:52:49.034+0200] {processor.py:756} INFO - Processing file /Users/mnagy99/airflow/dags/lesson1_solutions/solution3.py for tasks to queue
[2022-11-06T02:52:49.035+0200] {logging_mixin.py:120} INFO - [2022-11-06T02:52:49.035+0200] {dagbag.py:537} INFO - Filling up the DagBag from /Users/mnagy99/airflow/dags/lesson1_solutions/solution3.py
[2022-11-06T02:52:49.072+0200] {processor.py:766} INFO - DAG(s) dict_keys(['lesson1.solution3']) retrieved from /Users/mnagy99/airflow/dags/lesson1_solutions/solution3.py
[2022-11-06T02:52:50.169+0200] {logging_mixin.py:120} INFO - [2022-11-06T02:52:50.168+0200] {dag.py:2585} INFO - Sync 1 DAGs
[2022-11-06T02:52:50.184+0200] {logging_mixin.py:120} INFO - [2022-11-06T02:52:50.184+0200] {dag.py:3336} INFO - Setting next_dagrun for lesson1.solution3 to 2022-11-05T03:00:00+00:00, run_after=2022-11-05T04:00:00+00:00
[2022-11-06T02:52:50.202+0200] {processor.py:176} INFO - Processing /Users/mnagy99/airflow/dags/lesson1_solutions/solution3.py took 1.170 seconds
[2022-11-06T02:57:12.952+0200] {processor.py:154} INFO - Started process (PID=5488) to work on /Users/mnagy99/airflow/dags/lesson1_solutions/solution3.py
[2022-11-06T02:57:12.956+0200] {processor.py:756} INFO - Processing file /Users/mnagy99/airflow/dags/lesson1_solutions/solution3.py for tasks to queue
[2022-11-06T02:57:12.957+0200] {logging_mixin.py:120} INFO - [2022-11-06T02:57:12.957+0200] {dagbag.py:537} INFO - Filling up the DagBag from /Users/mnagy99/airflow/dags/lesson1_solutions/solution3.py
[2022-11-06T02:57:13.036+0200] {processor.py:766} INFO - DAG(s) dict_keys(['lesson1.solution3']) retrieved from /Users/mnagy99/airflow/dags/lesson1_solutions/solution3.py
[2022-11-06T02:57:14.966+0200] {logging_mixin.py:120} INFO - [2022-11-06T02:57:14.966+0200] {dag.py:2585} INFO - Sync 1 DAGs
[2022-11-06T02:57:14.985+0200] {logging_mixin.py:120} INFO - [2022-11-06T02:57:14.985+0200] {dag.py:3336} INFO - Setting next_dagrun for lesson1.solution3 to 2022-11-05T03:00:00+00:00, run_after=2022-11-05T04:00:00+00:00
[2022-11-06T02:57:15.003+0200] {processor.py:176} INFO - Processing /Users/mnagy99/airflow/dags/lesson1_solutions/solution3.py took 2.053 seconds
[2022-11-06T03:02:14.440+0200] {processor.py:154} INFO - Started process (PID=5773) to work on /Users/mnagy99/airflow/dags/lesson1_solutions/solution3.py
[2022-11-06T03:02:14.442+0200] {processor.py:756} INFO - Processing file /Users/mnagy99/airflow/dags/lesson1_solutions/solution3.py for tasks to queue
[2022-11-06T03:02:14.443+0200] {logging_mixin.py:120} INFO - [2022-11-06T03:02:14.443+0200] {dagbag.py:537} INFO - Filling up the DagBag from /Users/mnagy99/airflow/dags/lesson1_solutions/solution3.py
[2022-11-06T03:02:14.477+0200] {processor.py:766} INFO - DAG(s) dict_keys(['lesson1.solution3']) retrieved from /Users/mnagy99/airflow/dags/lesson1_solutions/solution3.py
[2022-11-06T03:02:15.488+0200] {logging_mixin.py:120} INFO - [2022-11-06T03:02:15.488+0200] {dag.py:2585} INFO - Sync 1 DAGs
[2022-11-06T03:02:15.508+0200] {logging_mixin.py:120} INFO - [2022-11-06T03:02:15.508+0200] {dag.py:3336} INFO - Setting next_dagrun for lesson1.solution3 to 2022-11-05T04:00:00+00:00, run_after=2022-11-05T05:00:00+00:00
[2022-11-06T03:02:15.527+0200] {processor.py:176} INFO - Processing /Users/mnagy99/airflow/dags/lesson1_solutions/solution3.py took 1.088 seconds
[2022-11-06T03:06:44.380+0200] {processor.py:154} INFO - Started process (PID=6031) to work on /Users/mnagy99/airflow/dags/lesson1_solutions/solution3.py
[2022-11-06T03:06:44.383+0200] {processor.py:756} INFO - Processing file /Users/mnagy99/airflow/dags/lesson1_solutions/solution3.py for tasks to queue
[2022-11-06T03:06:44.384+0200] {logging_mixin.py:120} INFO - [2022-11-06T03:06:44.383+0200] {dagbag.py:537} INFO - Filling up the DagBag from /Users/mnagy99/airflow/dags/lesson1_solutions/solution3.py
[2022-11-06T03:06:44.416+0200] {processor.py:766} INFO - DAG(s) dict_keys(['lesson1.solution3']) retrieved from /Users/mnagy99/airflow/dags/lesson1_solutions/solution3.py
[2022-11-06T03:06:45.433+0200] {logging_mixin.py:120} INFO - [2022-11-06T03:06:45.433+0200] {dag.py:2585} INFO - Sync 1 DAGs
[2022-11-06T03:06:45.448+0200] {logging_mixin.py:120} INFO - [2022-11-06T03:06:45.448+0200] {dag.py:3336} INFO - Setting next_dagrun for lesson1.solution3 to 2022-11-05T04:00:00+00:00, run_after=2022-11-05T05:00:00+00:00
[2022-11-06T03:06:45.466+0200] {processor.py:176} INFO - Processing /Users/mnagy99/airflow/dags/lesson1_solutions/solution3.py took 1.087 seconds
[2022-11-06T03:11:04.482+0200] {processor.py:154} INFO - Started process (PID=6301) to work on /Users/mnagy99/airflow/dags/lesson1_solutions/solution3.py
[2022-11-06T03:11:04.485+0200] {processor.py:756} INFO - Processing file /Users/mnagy99/airflow/dags/lesson1_solutions/solution3.py for tasks to queue
[2022-11-06T03:11:04.485+0200] {logging_mixin.py:120} INFO - [2022-11-06T03:11:04.485+0200] {dagbag.py:537} INFO - Filling up the DagBag from /Users/mnagy99/airflow/dags/lesson1_solutions/solution3.py
[2022-11-06T03:11:04.521+0200] {processor.py:766} INFO - DAG(s) dict_keys(['lesson1.solution3']) retrieved from /Users/mnagy99/airflow/dags/lesson1_solutions/solution3.py
[2022-11-06T03:11:05.494+0200] {logging_mixin.py:120} INFO - [2022-11-06T03:11:05.494+0200] {dag.py:2585} INFO - Sync 1 DAGs
[2022-11-06T03:11:05.510+0200] {logging_mixin.py:120} INFO - [2022-11-06T03:11:05.510+0200] {dag.py:3336} INFO - Setting next_dagrun for lesson1.solution3 to 2022-11-05T04:00:00+00:00, run_after=2022-11-05T05:00:00+00:00
[2022-11-06T03:11:05.530+0200] {processor.py:176} INFO - Processing /Users/mnagy99/airflow/dags/lesson1_solutions/solution3.py took 1.048 seconds
[2022-11-06T03:15:14.222+0200] {processor.py:154} INFO - Started process (PID=6559) to work on /Users/mnagy99/airflow/dags/lesson1_solutions/solution3.py
[2022-11-06T03:15:14.224+0200] {processor.py:756} INFO - Processing file /Users/mnagy99/airflow/dags/lesson1_solutions/solution3.py for tasks to queue
[2022-11-06T03:15:14.225+0200] {logging_mixin.py:120} INFO - [2022-11-06T03:15:14.225+0200] {dagbag.py:537} INFO - Filling up the DagBag from /Users/mnagy99/airflow/dags/lesson1_solutions/solution3.py
[2022-11-06T03:15:14.263+0200] {processor.py:766} INFO - DAG(s) dict_keys(['lesson1.solution3']) retrieved from /Users/mnagy99/airflow/dags/lesson1_solutions/solution3.py
[2022-11-06T03:15:15.381+0200] {logging_mixin.py:120} INFO - [2022-11-06T03:15:15.381+0200] {dag.py:2585} INFO - Sync 1 DAGs
[2022-11-06T03:15:15.400+0200] {logging_mixin.py:120} INFO - [2022-11-06T03:15:15.400+0200] {dag.py:3336} INFO - Setting next_dagrun for lesson1.solution3 to 2022-11-05T04:00:00+00:00, run_after=2022-11-05T05:00:00+00:00
[2022-11-06T03:15:15.415+0200] {processor.py:176} INFO - Processing /Users/mnagy99/airflow/dags/lesson1_solutions/solution3.py took 1.194 seconds
[2022-11-06T03:19:08.783+0200] {processor.py:154} INFO - Started process (PID=6817) to work on /Users/mnagy99/airflow/dags/lesson1_solutions/solution3.py
[2022-11-06T03:19:08.785+0200] {processor.py:756} INFO - Processing file /Users/mnagy99/airflow/dags/lesson1_solutions/solution3.py for tasks to queue
[2022-11-06T03:19:08.786+0200] {logging_mixin.py:120} INFO - [2022-11-06T03:19:08.786+0200] {dagbag.py:537} INFO - Filling up the DagBag from /Users/mnagy99/airflow/dags/lesson1_solutions/solution3.py
[2022-11-06T03:19:08.820+0200] {processor.py:766} INFO - DAG(s) dict_keys(['lesson1.solution3']) retrieved from /Users/mnagy99/airflow/dags/lesson1_solutions/solution3.py
[2022-11-06T03:19:09.858+0200] {logging_mixin.py:120} INFO - [2022-11-06T03:19:09.857+0200] {dag.py:2585} INFO - Sync 1 DAGs
[2022-11-06T03:19:09.873+0200] {logging_mixin.py:120} INFO - [2022-11-06T03:19:09.873+0200] {dag.py:3336} INFO - Setting next_dagrun for lesson1.solution3 to 2022-11-05T04:00:00+00:00, run_after=2022-11-05T05:00:00+00:00
[2022-11-06T03:19:09.892+0200] {processor.py:176} INFO - Processing /Users/mnagy99/airflow/dags/lesson1_solutions/solution3.py took 1.109 seconds
[2022-11-06T03:23:12.134+0200] {processor.py:154} INFO - Started process (PID=7071) to work on /Users/mnagy99/airflow/dags/lesson1_solutions/solution3.py
[2022-11-06T03:23:12.137+0200] {processor.py:756} INFO - Processing file /Users/mnagy99/airflow/dags/lesson1_solutions/solution3.py for tasks to queue
[2022-11-06T03:23:12.138+0200] {logging_mixin.py:120} INFO - [2022-11-06T03:23:12.138+0200] {dagbag.py:537} INFO - Filling up the DagBag from /Users/mnagy99/airflow/dags/lesson1_solutions/solution3.py
[2022-11-06T03:23:12.175+0200] {processor.py:766} INFO - DAG(s) dict_keys(['lesson1.solution3']) retrieved from /Users/mnagy99/airflow/dags/lesson1_solutions/solution3.py
[2022-11-06T03:23:13.128+0200] {logging_mixin.py:120} INFO - [2022-11-06T03:23:13.128+0200] {dag.py:2585} INFO - Sync 1 DAGs
[2022-11-06T03:23:13.143+0200] {logging_mixin.py:120} INFO - [2022-11-06T03:23:13.143+0200] {dag.py:3336} INFO - Setting next_dagrun for lesson1.solution3 to 2022-11-05T04:00:00+00:00, run_after=2022-11-05T05:00:00+00:00
[2022-11-06T03:23:13.163+0200] {processor.py:176} INFO - Processing /Users/mnagy99/airflow/dags/lesson1_solutions/solution3.py took 1.030 seconds
[2022-11-06T03:27:09.273+0200] {processor.py:154} INFO - Started process (PID=7340) to work on /Users/mnagy99/airflow/dags/lesson1_solutions/solution3.py
[2022-11-06T03:27:09.275+0200] {processor.py:756} INFO - Processing file /Users/mnagy99/airflow/dags/lesson1_solutions/solution3.py for tasks to queue
[2022-11-06T03:27:09.276+0200] {logging_mixin.py:120} INFO - [2022-11-06T03:27:09.276+0200] {dagbag.py:537} INFO - Filling up the DagBag from /Users/mnagy99/airflow/dags/lesson1_solutions/solution3.py
[2022-11-06T03:27:09.314+0200] {processor.py:766} INFO - DAG(s) dict_keys(['lesson1.solution3']) retrieved from /Users/mnagy99/airflow/dags/lesson1_solutions/solution3.py
[2022-11-06T03:27:10.311+0200] {logging_mixin.py:120} INFO - [2022-11-06T03:27:10.311+0200] {dag.py:2585} INFO - Sync 1 DAGs
[2022-11-06T03:27:10.326+0200] {logging_mixin.py:120} INFO - [2022-11-06T03:27:10.326+0200] {dag.py:3336} INFO - Setting next_dagrun for lesson1.solution3 to 2022-11-05T04:00:00+00:00, run_after=2022-11-05T05:00:00+00:00
[2022-11-06T03:27:10.344+0200] {processor.py:176} INFO - Processing /Users/mnagy99/airflow/dags/lesson1_solutions/solution3.py took 1.072 seconds
[2022-11-06T03:31:11.108+0200] {processor.py:154} INFO - Started process (PID=7591) to work on /Users/mnagy99/airflow/dags/lesson1_solutions/solution3.py
[2022-11-06T03:31:11.110+0200] {processor.py:756} INFO - Processing file /Users/mnagy99/airflow/dags/lesson1_solutions/solution3.py for tasks to queue
[2022-11-06T03:31:11.111+0200] {logging_mixin.py:120} INFO - [2022-11-06T03:31:11.110+0200] {dagbag.py:537} INFO - Filling up the DagBag from /Users/mnagy99/airflow/dags/lesson1_solutions/solution3.py
[2022-11-06T03:31:11.146+0200] {processor.py:766} INFO - DAG(s) dict_keys(['lesson1.solution3']) retrieved from /Users/mnagy99/airflow/dags/lesson1_solutions/solution3.py
[2022-11-06T03:31:12.278+0200] {logging_mixin.py:120} INFO - [2022-11-06T03:31:12.278+0200] {dag.py:2585} INFO - Sync 1 DAGs
[2022-11-06T03:31:12.294+0200] {logging_mixin.py:120} INFO - [2022-11-06T03:31:12.293+0200] {dag.py:3336} INFO - Setting next_dagrun for lesson1.solution3 to 2022-11-05T04:00:00+00:00, run_after=2022-11-05T05:00:00+00:00
[2022-11-06T03:31:12.309+0200] {processor.py:176} INFO - Processing /Users/mnagy99/airflow/dags/lesson1_solutions/solution3.py took 1.202 seconds
[2022-11-06T03:35:27.592+0200] {processor.py:154} INFO - Started process (PID=7900) to work on /Users/mnagy99/airflow/dags/lesson1_solutions/solution3.py
[2022-11-06T03:35:27.595+0200] {processor.py:756} INFO - Processing file /Users/mnagy99/airflow/dags/lesson1_solutions/solution3.py for tasks to queue
[2022-11-06T03:35:27.596+0200] {logging_mixin.py:120} INFO - [2022-11-06T03:35:27.595+0200] {dagbag.py:537} INFO - Filling up the DagBag from /Users/mnagy99/airflow/dags/lesson1_solutions/solution3.py
[2022-11-06T03:35:27.632+0200] {processor.py:766} INFO - DAG(s) dict_keys(['lesson1.solution3']) retrieved from /Users/mnagy99/airflow/dags/lesson1_solutions/solution3.py
[2022-11-06T03:35:28.620+0200] {logging_mixin.py:120} INFO - [2022-11-06T03:35:28.619+0200] {dag.py:2585} INFO - Sync 1 DAGs
[2022-11-06T03:35:28.634+0200] {logging_mixin.py:120} INFO - [2022-11-06T03:35:28.634+0200] {dag.py:3336} INFO - Setting next_dagrun for lesson1.solution3 to 2022-11-05T04:00:00+00:00, run_after=2022-11-05T05:00:00+00:00
[2022-11-06T03:35:28.649+0200] {processor.py:176} INFO - Processing /Users/mnagy99/airflow/dags/lesson1_solutions/solution3.py took 1.058 seconds
[2022-11-06T03:39:31.775+0200] {processor.py:154} INFO - Started process (PID=8149) to work on /Users/mnagy99/airflow/dags/lesson1_solutions/solution3.py
[2022-11-06T03:39:31.778+0200] {processor.py:756} INFO - Processing file /Users/mnagy99/airflow/dags/lesson1_solutions/solution3.py for tasks to queue
[2022-11-06T03:39:31.779+0200] {logging_mixin.py:120} INFO - [2022-11-06T03:39:31.778+0200] {dagbag.py:537} INFO - Filling up the DagBag from /Users/mnagy99/airflow/dags/lesson1_solutions/solution3.py
[2022-11-06T03:39:31.812+0200] {processor.py:766} INFO - DAG(s) dict_keys(['lesson1.solution3']) retrieved from /Users/mnagy99/airflow/dags/lesson1_solutions/solution3.py
[2022-11-06T03:39:32.755+0200] {logging_mixin.py:120} INFO - [2022-11-06T03:39:32.754+0200] {dag.py:2585} INFO - Sync 1 DAGs
[2022-11-06T03:39:32.770+0200] {logging_mixin.py:120} INFO - [2022-11-06T03:39:32.770+0200] {dag.py:3336} INFO - Setting next_dagrun for lesson1.solution3 to 2022-11-05T04:00:00+00:00, run_after=2022-11-05T05:00:00+00:00
[2022-11-06T03:39:32.788+0200] {processor.py:176} INFO - Processing /Users/mnagy99/airflow/dags/lesson1_solutions/solution3.py took 1.013 seconds
[2022-11-06T03:43:28.002+0200] {processor.py:154} INFO - Started process (PID=8390) to work on /Users/mnagy99/airflow/dags/lesson1_solutions/solution3.py
[2022-11-06T03:43:28.005+0200] {processor.py:756} INFO - Processing file /Users/mnagy99/airflow/dags/lesson1_solutions/solution3.py for tasks to queue
[2022-11-06T03:43:28.006+0200] {logging_mixin.py:120} INFO - [2022-11-06T03:43:28.005+0200] {dagbag.py:537} INFO - Filling up the DagBag from /Users/mnagy99/airflow/dags/lesson1_solutions/solution3.py
[2022-11-06T03:43:28.041+0200] {processor.py:766} INFO - DAG(s) dict_keys(['lesson1.solution3']) retrieved from /Users/mnagy99/airflow/dags/lesson1_solutions/solution3.py
[2022-11-06T03:43:29.637+0200] {logging_mixin.py:120} INFO - [2022-11-06T03:43:29.636+0200] {dag.py:2585} INFO - Sync 1 DAGs
[2022-11-06T03:43:29.651+0200] {logging_mixin.py:120} INFO - [2022-11-06T03:43:29.651+0200] {dag.py:3336} INFO - Setting next_dagrun for lesson1.solution3 to 2022-11-05T04:00:00+00:00, run_after=2022-11-05T05:00:00+00:00
[2022-11-06T03:43:29.666+0200] {processor.py:176} INFO - Processing /Users/mnagy99/airflow/dags/lesson1_solutions/solution3.py took 1.665 seconds
[2022-11-06T03:47:34.548+0200] {processor.py:154} INFO - Started process (PID=8657) to work on /Users/mnagy99/airflow/dags/lesson1_solutions/solution3.py
[2022-11-06T03:47:34.551+0200] {processor.py:756} INFO - Processing file /Users/mnagy99/airflow/dags/lesson1_solutions/solution3.py for tasks to queue
[2022-11-06T03:47:34.552+0200] {logging_mixin.py:120} INFO - [2022-11-06T03:47:34.551+0200] {dagbag.py:537} INFO - Filling up the DagBag from /Users/mnagy99/airflow/dags/lesson1_solutions/solution3.py
[2022-11-06T03:47:34.586+0200] {processor.py:766} INFO - DAG(s) dict_keys(['lesson1.solution3']) retrieved from /Users/mnagy99/airflow/dags/lesson1_solutions/solution3.py
[2022-11-06T03:47:35.676+0200] {logging_mixin.py:120} INFO - [2022-11-06T03:47:35.676+0200] {dag.py:2585} INFO - Sync 1 DAGs
[2022-11-06T03:47:35.690+0200] {logging_mixin.py:120} INFO - [2022-11-06T03:47:35.690+0200] {dag.py:3336} INFO - Setting next_dagrun for lesson1.solution3 to 2022-11-05T04:00:00+00:00, run_after=2022-11-05T05:00:00+00:00
[2022-11-06T03:47:35.706+0200] {processor.py:176} INFO - Processing /Users/mnagy99/airflow/dags/lesson1_solutions/solution3.py took 1.158 seconds
[2022-11-06T03:51:45.179+0200] {processor.py:154} INFO - Started process (PID=8907) to work on /Users/mnagy99/airflow/dags/lesson1_solutions/solution3.py
[2022-11-06T03:51:45.182+0200] {processor.py:756} INFO - Processing file /Users/mnagy99/airflow/dags/lesson1_solutions/solution3.py for tasks to queue
[2022-11-06T03:51:45.183+0200] {logging_mixin.py:120} INFO - [2022-11-06T03:51:45.182+0200] {dagbag.py:537} INFO - Filling up the DagBag from /Users/mnagy99/airflow/dags/lesson1_solutions/solution3.py
[2022-11-06T03:51:45.225+0200] {processor.py:766} INFO - DAG(s) dict_keys(['lesson1.solution3']) retrieved from /Users/mnagy99/airflow/dags/lesson1_solutions/solution3.py
[2022-11-06T03:51:46.177+0200] {logging_mixin.py:120} INFO - [2022-11-06T03:51:46.177+0200] {dag.py:2585} INFO - Sync 1 DAGs
[2022-11-06T03:51:46.193+0200] {logging_mixin.py:120} INFO - [2022-11-06T03:51:46.193+0200] {dag.py:3336} INFO - Setting next_dagrun for lesson1.solution3 to 2022-11-05T04:00:00+00:00, run_after=2022-11-05T05:00:00+00:00
[2022-11-06T03:51:46.211+0200] {processor.py:176} INFO - Processing /Users/mnagy99/airflow/dags/lesson1_solutions/solution3.py took 1.032 seconds
[2022-11-06T03:56:18.050+0200] {processor.py:154} INFO - Started process (PID=9183) to work on /Users/mnagy99/airflow/dags/lesson1_solutions/solution3.py
[2022-11-06T03:56:18.051+0200] {processor.py:756} INFO - Processing file /Users/mnagy99/airflow/dags/lesson1_solutions/solution3.py for tasks to queue
[2022-11-06T03:56:18.052+0200] {logging_mixin.py:120} INFO - [2022-11-06T03:56:18.052+0200] {dagbag.py:537} INFO - Filling up the DagBag from /Users/mnagy99/airflow/dags/lesson1_solutions/solution3.py
[2022-11-06T03:56:18.087+0200] {processor.py:766} INFO - DAG(s) dict_keys(['lesson1.solution3']) retrieved from /Users/mnagy99/airflow/dags/lesson1_solutions/solution3.py
[2022-11-06T03:56:19.146+0200] {logging_mixin.py:120} INFO - [2022-11-06T03:56:19.146+0200] {dag.py:2585} INFO - Sync 1 DAGs
[2022-11-06T03:56:19.163+0200] {logging_mixin.py:120} INFO - [2022-11-06T03:56:19.163+0200] {dag.py:3336} INFO - Setting next_dagrun for lesson1.solution3 to 2022-11-05T04:00:00+00:00, run_after=2022-11-05T05:00:00+00:00
[2022-11-06T03:56:19.182+0200] {processor.py:176} INFO - Processing /Users/mnagy99/airflow/dags/lesson1_solutions/solution3.py took 1.133 seconds
[2022-11-06T04:01:01.357+0200] {processor.py:154} INFO - Started process (PID=9466) to work on /Users/mnagy99/airflow/dags/lesson1_solutions/solution3.py
[2022-11-06T04:01:01.359+0200] {processor.py:756} INFO - Processing file /Users/mnagy99/airflow/dags/lesson1_solutions/solution3.py for tasks to queue
[2022-11-06T04:01:01.359+0200] {logging_mixin.py:120} INFO - [2022-11-06T04:01:01.359+0200] {dagbag.py:537} INFO - Filling up the DagBag from /Users/mnagy99/airflow/dags/lesson1_solutions/solution3.py
[2022-11-06T04:01:01.393+0200] {processor.py:766} INFO - DAG(s) dict_keys(['lesson1.solution3']) retrieved from /Users/mnagy99/airflow/dags/lesson1_solutions/solution3.py
[2022-11-06T04:01:02.466+0200] {logging_mixin.py:120} INFO - [2022-11-06T04:01:02.466+0200] {dag.py:2585} INFO - Sync 1 DAGs
[2022-11-06T04:01:02.489+0200] {logging_mixin.py:120} INFO - [2022-11-06T04:01:02.489+0200] {dag.py:3336} INFO - Setting next_dagrun for lesson1.solution3 to 2022-11-05T05:00:00+00:00, run_after=2022-11-05T06:00:00+00:00
[2022-11-06T04:01:02.512+0200] {processor.py:176} INFO - Processing /Users/mnagy99/airflow/dags/lesson1_solutions/solution3.py took 1.156 seconds
[2022-11-06T04:05:26.676+0200] {processor.py:154} INFO - Started process (PID=9747) to work on /Users/mnagy99/airflow/dags/lesson1_solutions/solution3.py
[2022-11-06T04:05:26.678+0200] {processor.py:756} INFO - Processing file /Users/mnagy99/airflow/dags/lesson1_solutions/solution3.py for tasks to queue
[2022-11-06T04:05:26.679+0200] {logging_mixin.py:120} INFO - [2022-11-06T04:05:26.679+0200] {dagbag.py:537} INFO - Filling up the DagBag from /Users/mnagy99/airflow/dags/lesson1_solutions/solution3.py
[2022-11-06T04:05:26.713+0200] {processor.py:766} INFO - DAG(s) dict_keys(['lesson1.solution3']) retrieved from /Users/mnagy99/airflow/dags/lesson1_solutions/solution3.py
[2022-11-06T04:05:27.687+0200] {logging_mixin.py:120} INFO - [2022-11-06T04:05:27.687+0200] {dag.py:2585} INFO - Sync 1 DAGs
[2022-11-06T04:05:27.704+0200] {logging_mixin.py:120} INFO - [2022-11-06T04:05:27.704+0200] {dag.py:3336} INFO - Setting next_dagrun for lesson1.solution3 to 2022-11-05T05:00:00+00:00, run_after=2022-11-05T06:00:00+00:00
[2022-11-06T04:05:27.725+0200] {processor.py:176} INFO - Processing /Users/mnagy99/airflow/dags/lesson1_solutions/solution3.py took 1.050 seconds
[2022-11-06T04:10:06.630+0200] {processor.py:154} INFO - Started process (PID=10038) to work on /Users/mnagy99/airflow/dags/lesson1_solutions/solution3.py
[2022-11-06T04:10:06.632+0200] {processor.py:756} INFO - Processing file /Users/mnagy99/airflow/dags/lesson1_solutions/solution3.py for tasks to queue
[2022-11-06T04:10:06.633+0200] {logging_mixin.py:120} INFO - [2022-11-06T04:10:06.632+0200] {dagbag.py:537} INFO - Filling up the DagBag from /Users/mnagy99/airflow/dags/lesson1_solutions/solution3.py
[2022-11-06T04:10:06.668+0200] {processor.py:766} INFO - DAG(s) dict_keys(['lesson1.solution3']) retrieved from /Users/mnagy99/airflow/dags/lesson1_solutions/solution3.py
[2022-11-06T04:10:07.818+0200] {logging_mixin.py:120} INFO - [2022-11-06T04:10:07.818+0200] {dag.py:2585} INFO - Sync 1 DAGs
[2022-11-06T04:10:07.836+0200] {logging_mixin.py:120} INFO - [2022-11-06T04:10:07.836+0200] {dag.py:3336} INFO - Setting next_dagrun for lesson1.solution3 to 2022-11-05T05:00:00+00:00, run_after=2022-11-05T06:00:00+00:00
[2022-11-06T04:10:07.857+0200] {processor.py:176} INFO - Processing /Users/mnagy99/airflow/dags/lesson1_solutions/solution3.py took 1.228 seconds
[2022-11-06T04:14:31.874+0200] {processor.py:154} INFO - Started process (PID=10323) to work on /Users/mnagy99/airflow/dags/lesson1_solutions/solution3.py
[2022-11-06T04:14:31.876+0200] {processor.py:756} INFO - Processing file /Users/mnagy99/airflow/dags/lesson1_solutions/solution3.py for tasks to queue
[2022-11-06T04:14:31.877+0200] {logging_mixin.py:120} INFO - [2022-11-06T04:14:31.877+0200] {dagbag.py:537} INFO - Filling up the DagBag from /Users/mnagy99/airflow/dags/lesson1_solutions/solution3.py
[2022-11-06T04:14:31.909+0200] {processor.py:766} INFO - DAG(s) dict_keys(['lesson1.solution3']) retrieved from /Users/mnagy99/airflow/dags/lesson1_solutions/solution3.py
[2022-11-06T04:14:32.854+0200] {logging_mixin.py:120} INFO - [2022-11-06T04:14:32.854+0200] {dag.py:2585} INFO - Sync 1 DAGs
[2022-11-06T04:14:32.869+0200] {logging_mixin.py:120} INFO - [2022-11-06T04:14:32.869+0200] {dag.py:3336} INFO - Setting next_dagrun for lesson1.solution3 to 2022-11-05T05:00:00+00:00, run_after=2022-11-05T06:00:00+00:00
[2022-11-06T04:14:32.890+0200] {processor.py:176} INFO - Processing /Users/mnagy99/airflow/dags/lesson1_solutions/solution3.py took 1.017 seconds
[2022-11-06T04:19:09.095+0200] {processor.py:154} INFO - Started process (PID=10612) to work on /Users/mnagy99/airflow/dags/lesson1_solutions/solution3.py
[2022-11-06T04:19:09.096+0200] {processor.py:756} INFO - Processing file /Users/mnagy99/airflow/dags/lesson1_solutions/solution3.py for tasks to queue
[2022-11-06T04:19:09.097+0200] {logging_mixin.py:120} INFO - [2022-11-06T04:19:09.097+0200] {dagbag.py:537} INFO - Filling up the DagBag from /Users/mnagy99/airflow/dags/lesson1_solutions/solution3.py
[2022-11-06T04:19:09.134+0200] {processor.py:766} INFO - DAG(s) dict_keys(['lesson1.solution3']) retrieved from /Users/mnagy99/airflow/dags/lesson1_solutions/solution3.py
[2022-11-06T04:19:10.151+0200] {logging_mixin.py:120} INFO - [2022-11-06T04:19:10.151+0200] {dag.py:2585} INFO - Sync 1 DAGs
[2022-11-06T04:19:10.167+0200] {logging_mixin.py:120} INFO - [2022-11-06T04:19:10.167+0200] {dag.py:3336} INFO - Setting next_dagrun for lesson1.solution3 to 2022-11-05T05:00:00+00:00, run_after=2022-11-05T06:00:00+00:00
[2022-11-06T04:19:10.186+0200] {processor.py:176} INFO - Processing /Users/mnagy99/airflow/dags/lesson1_solutions/solution3.py took 1.092 seconds
