[2022-11-06T02:03:45.121+0200] {processor.py:154} INFO - Started process (PID=2125) to work on /Users/mnagy99/airflow/dags/lesson1_solutions/solution5.py
[2022-11-06T02:03:45.122+0200] {processor.py:756} INFO - Processing file /Users/mnagy99/airflow/dags/lesson1_solutions/solution5.py for tasks to queue
[2022-11-06T02:03:45.123+0200] {logging_mixin.py:120} INFO - [2022-11-06T02:03:45.123+0200] {dagbag.py:537} INFO - Filling up the DagBag from /Users/mnagy99/airflow/dags/lesson1_solutions/solution5.py
[2022-11-06T02:03:45.351+0200] {processor.py:766} INFO - DAG(s) dict_keys(['lesson1.solution5']) retrieved from /Users/mnagy99/airflow/dags/lesson1_solutions/solution5.py
[2022-11-06T02:03:46.417+0200] {logging_mixin.py:120} INFO - [2022-11-06T02:03:46.417+0200] {dag.py:2585} INFO - Sync 1 DAGs
[2022-11-06T02:03:46.437+0200] {logging_mixin.py:120} INFO - [2022-11-06T02:03:46.436+0200] {dag.py:3336} INFO - Setting next_dagrun for lesson1.solution5 to 2022-11-05T00:00:00+00:00, run_after=2022-11-06T00:00:00+00:00
[2022-11-06T02:03:46.453+0200] {processor.py:176} INFO - Processing /Users/mnagy99/airflow/dags/lesson1_solutions/solution5.py took 1.333 seconds
[2022-11-06T02:08:22.582+0200] {processor.py:154} INFO - Started process (PID=2385) to work on /Users/mnagy99/airflow/dags/lesson1_solutions/solution5.py
[2022-11-06T02:08:22.585+0200] {processor.py:756} INFO - Processing file /Users/mnagy99/airflow/dags/lesson1_solutions/solution5.py for tasks to queue
[2022-11-06T02:08:22.586+0200] {logging_mixin.py:120} INFO - [2022-11-06T02:08:22.586+0200] {dagbag.py:537} INFO - Filling up the DagBag from /Users/mnagy99/airflow/dags/lesson1_solutions/solution5.py
[2022-11-06T02:08:22.822+0200] {processor.py:766} INFO - DAG(s) dict_keys(['lesson1.solution5']) retrieved from /Users/mnagy99/airflow/dags/lesson1_solutions/solution5.py
[2022-11-06T02:08:23.881+0200] {logging_mixin.py:120} INFO - [2022-11-06T02:08:23.881+0200] {dag.py:2585} INFO - Sync 1 DAGs
[2022-11-06T02:08:23.897+0200] {logging_mixin.py:120} INFO - [2022-11-06T02:08:23.897+0200] {dag.py:3336} INFO - Setting next_dagrun for lesson1.solution5 to 2022-11-05T00:00:00+00:00, run_after=2022-11-06T00:00:00+00:00
[2022-11-06T02:08:23.914+0200] {processor.py:176} INFO - Processing /Users/mnagy99/airflow/dags/lesson1_solutions/solution5.py took 1.333 seconds
[2022-11-06T02:12:51.028+0200] {processor.py:154} INFO - Started process (PID=2641) to work on /Users/mnagy99/airflow/dags/lesson1_solutions/solution5.py
[2022-11-06T02:12:51.030+0200] {processor.py:756} INFO - Processing file /Users/mnagy99/airflow/dags/lesson1_solutions/solution5.py for tasks to queue
[2022-11-06T02:12:51.031+0200] {logging_mixin.py:120} INFO - [2022-11-06T02:12:51.031+0200] {dagbag.py:537} INFO - Filling up the DagBag from /Users/mnagy99/airflow/dags/lesson1_solutions/solution5.py
[2022-11-06T02:12:51.223+0200] {processor.py:766} INFO - DAG(s) dict_keys(['lesson1.solution5']) retrieved from /Users/mnagy99/airflow/dags/lesson1_solutions/solution5.py
[2022-11-06T02:12:52.223+0200] {logging_mixin.py:120} INFO - [2022-11-06T02:12:52.223+0200] {dag.py:2585} INFO - Sync 1 DAGs
[2022-11-06T02:12:52.238+0200] {logging_mixin.py:120} INFO - [2022-11-06T02:12:52.238+0200] {dag.py:3336} INFO - Setting next_dagrun for lesson1.solution5 to 2022-11-05T00:00:00+00:00, run_after=2022-11-06T00:00:00+00:00
[2022-11-06T02:12:52.256+0200] {processor.py:176} INFO - Processing /Users/mnagy99/airflow/dags/lesson1_solutions/solution5.py took 1.229 seconds
[2022-11-06T02:17:27.970+0200] {processor.py:154} INFO - Started process (PID=2990) to work on /Users/mnagy99/airflow/dags/lesson1_solutions/solution5.py
[2022-11-06T02:17:27.972+0200] {processor.py:756} INFO - Processing file /Users/mnagy99/airflow/dags/lesson1_solutions/solution5.py for tasks to queue
[2022-11-06T02:17:27.973+0200] {logging_mixin.py:120} INFO - [2022-11-06T02:17:27.973+0200] {dagbag.py:537} INFO - Filling up the DagBag from /Users/mnagy99/airflow/dags/lesson1_solutions/solution5.py
[2022-11-06T02:17:28.187+0200] {processor.py:766} INFO - DAG(s) dict_keys(['lesson1.solution5']) retrieved from /Users/mnagy99/airflow/dags/lesson1_solutions/solution5.py
[2022-11-06T02:17:29.319+0200] {logging_mixin.py:120} INFO - [2022-11-06T02:17:29.319+0200] {dag.py:2585} INFO - Sync 1 DAGs
[2022-11-06T02:17:29.334+0200] {logging_mixin.py:120} INFO - [2022-11-06T02:17:29.333+0200] {dag.py:3336} INFO - Setting next_dagrun for lesson1.solution5 to 2022-11-05T00:00:00+00:00, run_after=2022-11-06T00:00:00+00:00
[2022-11-06T02:17:29.351+0200] {processor.py:176} INFO - Processing /Users/mnagy99/airflow/dags/lesson1_solutions/solution5.py took 1.382 seconds
[2022-11-06T02:21:46.223+0200] {processor.py:154} INFO - Started process (PID=3251) to work on /Users/mnagy99/airflow/dags/lesson1_solutions/solution5.py
[2022-11-06T02:21:46.226+0200] {processor.py:756} INFO - Processing file /Users/mnagy99/airflow/dags/lesson1_solutions/solution5.py for tasks to queue
[2022-11-06T02:21:46.226+0200] {logging_mixin.py:120} INFO - [2022-11-06T02:21:46.226+0200] {dagbag.py:537} INFO - Filling up the DagBag from /Users/mnagy99/airflow/dags/lesson1_solutions/solution5.py
[2022-11-06T02:21:46.415+0200] {processor.py:766} INFO - DAG(s) dict_keys(['lesson1.solution5']) retrieved from /Users/mnagy99/airflow/dags/lesson1_solutions/solution5.py
[2022-11-06T02:21:47.367+0200] {logging_mixin.py:120} INFO - [2022-11-06T02:21:47.367+0200] {dag.py:2585} INFO - Sync 1 DAGs
[2022-11-06T02:21:47.381+0200] {logging_mixin.py:120} INFO - [2022-11-06T02:21:47.381+0200] {dag.py:3336} INFO - Setting next_dagrun for lesson1.solution5 to 2022-11-05T00:00:00+00:00, run_after=2022-11-06T00:00:00+00:00
[2022-11-06T02:21:47.399+0200] {processor.py:176} INFO - Processing /Users/mnagy99/airflow/dags/lesson1_solutions/solution5.py took 1.177 seconds
[2022-11-06T02:26:09.989+0200] {processor.py:154} INFO - Started process (PID=3532) to work on /Users/mnagy99/airflow/dags/lesson1_solutions/solution5.py
[2022-11-06T02:26:09.992+0200] {processor.py:756} INFO - Processing file /Users/mnagy99/airflow/dags/lesson1_solutions/solution5.py for tasks to queue
[2022-11-06T02:26:09.992+0200] {logging_mixin.py:120} INFO - [2022-11-06T02:26:09.992+0200] {dagbag.py:537} INFO - Filling up the DagBag from /Users/mnagy99/airflow/dags/lesson1_solutions/solution5.py
[2022-11-06T02:26:10.214+0200] {processor.py:766} INFO - DAG(s) dict_keys(['lesson1.solution5']) retrieved from /Users/mnagy99/airflow/dags/lesson1_solutions/solution5.py
[2022-11-06T02:26:11.444+0200] {logging_mixin.py:120} INFO - [2022-11-06T02:26:11.443+0200] {dag.py:2585} INFO - Sync 1 DAGs
[2022-11-06T02:26:11.459+0200] {logging_mixin.py:120} INFO - [2022-11-06T02:26:11.459+0200] {dag.py:3336} INFO - Setting next_dagrun for lesson1.solution5 to 2022-11-05T00:00:00+00:00, run_after=2022-11-06T00:00:00+00:00
[2022-11-06T02:26:11.475+0200] {processor.py:176} INFO - Processing /Users/mnagy99/airflow/dags/lesson1_solutions/solution5.py took 1.486 seconds
[2022-11-06T02:30:32.684+0200] {processor.py:154} INFO - Started process (PID=3821) to work on /Users/mnagy99/airflow/dags/lesson1_solutions/solution5.py
[2022-11-06T02:30:32.687+0200] {processor.py:756} INFO - Processing file /Users/mnagy99/airflow/dags/lesson1_solutions/solution5.py for tasks to queue
[2022-11-06T02:30:32.688+0200] {logging_mixin.py:120} INFO - [2022-11-06T02:30:32.688+0200] {dagbag.py:537} INFO - Filling up the DagBag from /Users/mnagy99/airflow/dags/lesson1_solutions/solution5.py
[2022-11-06T02:30:32.873+0200] {processor.py:766} INFO - DAG(s) dict_keys(['lesson1.solution5']) retrieved from /Users/mnagy99/airflow/dags/lesson1_solutions/solution5.py
[2022-11-06T02:30:33.878+0200] {logging_mixin.py:120} INFO - [2022-11-06T02:30:33.878+0200] {dag.py:2585} INFO - Sync 1 DAGs
[2022-11-06T02:30:33.896+0200] {logging_mixin.py:120} INFO - [2022-11-06T02:30:33.895+0200] {dag.py:3336} INFO - Setting next_dagrun for lesson1.solution5 to 2022-11-05T00:00:00+00:00, run_after=2022-11-06T00:00:00+00:00
[2022-11-06T02:30:33.918+0200] {processor.py:176} INFO - Processing /Users/mnagy99/airflow/dags/lesson1_solutions/solution5.py took 1.234 seconds
[2022-11-06T02:34:55.968+0200] {processor.py:154} INFO - Started process (PID=4117) to work on /Users/mnagy99/airflow/dags/lesson1_solutions/solution5.py
[2022-11-06T02:34:55.971+0200] {processor.py:756} INFO - Processing file /Users/mnagy99/airflow/dags/lesson1_solutions/solution5.py for tasks to queue
[2022-11-06T02:34:55.971+0200] {logging_mixin.py:120} INFO - [2022-11-06T02:34:55.971+0200] {dagbag.py:537} INFO - Filling up the DagBag from /Users/mnagy99/airflow/dags/lesson1_solutions/solution5.py
[2022-11-06T02:34:56.172+0200] {processor.py:766} INFO - DAG(s) dict_keys(['lesson1.solution5']) retrieved from /Users/mnagy99/airflow/dags/lesson1_solutions/solution5.py
[2022-11-06T02:34:57.199+0200] {logging_mixin.py:120} INFO - [2022-11-06T02:34:57.198+0200] {dag.py:2585} INFO - Sync 1 DAGs
[2022-11-06T02:34:57.213+0200] {logging_mixin.py:120} INFO - [2022-11-06T02:34:57.213+0200] {dag.py:3336} INFO - Setting next_dagrun for lesson1.solution5 to 2022-11-05T00:00:00+00:00, run_after=2022-11-06T00:00:00+00:00
[2022-11-06T02:34:57.230+0200] {processor.py:176} INFO - Processing /Users/mnagy99/airflow/dags/lesson1_solutions/solution5.py took 1.263 seconds
[2022-11-06T02:39:17.726+0200] {processor.py:154} INFO - Started process (PID=4391) to work on /Users/mnagy99/airflow/dags/lesson1_solutions/solution5.py
[2022-11-06T02:39:17.729+0200] {processor.py:756} INFO - Processing file /Users/mnagy99/airflow/dags/lesson1_solutions/solution5.py for tasks to queue
[2022-11-06T02:39:17.729+0200] {logging_mixin.py:120} INFO - [2022-11-06T02:39:17.729+0200] {dagbag.py:537} INFO - Filling up the DagBag from /Users/mnagy99/airflow/dags/lesson1_solutions/solution5.py
[2022-11-06T02:39:17.920+0200] {processor.py:766} INFO - DAG(s) dict_keys(['lesson1.solution5']) retrieved from /Users/mnagy99/airflow/dags/lesson1_solutions/solution5.py
[2022-11-06T02:39:18.886+0200] {logging_mixin.py:120} INFO - [2022-11-06T02:39:18.886+0200] {dag.py:2585} INFO - Sync 1 DAGs
[2022-11-06T02:39:18.900+0200] {logging_mixin.py:120} INFO - [2022-11-06T02:39:18.900+0200] {dag.py:3336} INFO - Setting next_dagrun for lesson1.solution5 to 2022-11-05T00:00:00+00:00, run_after=2022-11-06T00:00:00+00:00
[2022-11-06T02:39:18.918+0200] {processor.py:176} INFO - Processing /Users/mnagy99/airflow/dags/lesson1_solutions/solution5.py took 1.193 seconds
[2022-11-06T02:44:07.016+0200] {processor.py:154} INFO - Started process (PID=4697) to work on /Users/mnagy99/airflow/dags/lesson1_solutions/solution5.py
[2022-11-06T02:44:07.018+0200] {processor.py:756} INFO - Processing file /Users/mnagy99/airflow/dags/lesson1_solutions/solution5.py for tasks to queue
[2022-11-06T02:44:07.019+0200] {logging_mixin.py:120} INFO - [2022-11-06T02:44:07.019+0200] {dagbag.py:537} INFO - Filling up the DagBag from /Users/mnagy99/airflow/dags/lesson1_solutions/solution5.py
[2022-11-06T02:44:07.202+0200] {processor.py:766} INFO - DAG(s) dict_keys(['lesson1.solution5']) retrieved from /Users/mnagy99/airflow/dags/lesson1_solutions/solution5.py
[2022-11-06T02:44:08.615+0200] {logging_mixin.py:120} INFO - [2022-11-06T02:44:08.614+0200] {dag.py:2585} INFO - Sync 1 DAGs
[2022-11-06T02:44:08.636+0200] {logging_mixin.py:120} INFO - [2022-11-06T02:44:08.636+0200] {dag.py:3336} INFO - Setting next_dagrun for lesson1.solution5 to 2022-11-05T00:00:00+00:00, run_after=2022-11-06T00:00:00+00:00
[2022-11-06T02:44:08.664+0200] {processor.py:176} INFO - Processing /Users/mnagy99/airflow/dags/lesson1_solutions/solution5.py took 1.649 seconds
[2022-11-06T02:48:31.510+0200] {processor.py:154} INFO - Started process (PID=4964) to work on /Users/mnagy99/airflow/dags/lesson1_solutions/solution5.py
[2022-11-06T02:48:31.512+0200] {processor.py:756} INFO - Processing file /Users/mnagy99/airflow/dags/lesson1_solutions/solution5.py for tasks to queue
[2022-11-06T02:48:31.513+0200] {logging_mixin.py:120} INFO - [2022-11-06T02:48:31.513+0200] {dagbag.py:537} INFO - Filling up the DagBag from /Users/mnagy99/airflow/dags/lesson1_solutions/solution5.py
[2022-11-06T02:48:31.700+0200] {processor.py:766} INFO - DAG(s) dict_keys(['lesson1.solution5']) retrieved from /Users/mnagy99/airflow/dags/lesson1_solutions/solution5.py
[2022-11-06T02:48:32.641+0200] {logging_mixin.py:120} INFO - [2022-11-06T02:48:32.641+0200] {dag.py:2585} INFO - Sync 1 DAGs
[2022-11-06T02:48:32.656+0200] {logging_mixin.py:120} INFO - [2022-11-06T02:48:32.655+0200] {dag.py:3336} INFO - Setting next_dagrun for lesson1.solution5 to 2022-11-05T00:00:00+00:00, run_after=2022-11-06T00:00:00+00:00
[2022-11-06T02:48:32.673+0200] {processor.py:176} INFO - Processing /Users/mnagy99/airflow/dags/lesson1_solutions/solution5.py took 1.164 seconds
[2022-11-06T02:52:42.846+0200] {processor.py:154} INFO - Started process (PID=5214) to work on /Users/mnagy99/airflow/dags/lesson1_solutions/solution5.py
[2022-11-06T02:52:42.848+0200] {processor.py:756} INFO - Processing file /Users/mnagy99/airflow/dags/lesson1_solutions/solution5.py for tasks to queue
[2022-11-06T02:52:42.849+0200] {logging_mixin.py:120} INFO - [2022-11-06T02:52:42.849+0200] {dagbag.py:537} INFO - Filling up the DagBag from /Users/mnagy99/airflow/dags/lesson1_solutions/solution5.py
[2022-11-06T02:52:43.043+0200] {processor.py:766} INFO - DAG(s) dict_keys(['lesson1.solution5']) retrieved from /Users/mnagy99/airflow/dags/lesson1_solutions/solution5.py
[2022-11-06T02:52:44.132+0200] {logging_mixin.py:120} INFO - [2022-11-06T02:52:44.132+0200] {dag.py:2585} INFO - Sync 1 DAGs
[2022-11-06T02:52:44.146+0200] {logging_mixin.py:120} INFO - [2022-11-06T02:52:44.146+0200] {dag.py:3336} INFO - Setting next_dagrun for lesson1.solution5 to 2022-11-05T00:00:00+00:00, run_after=2022-11-06T00:00:00+00:00
[2022-11-06T02:52:44.166+0200] {processor.py:176} INFO - Processing /Users/mnagy99/airflow/dags/lesson1_solutions/solution5.py took 1.321 seconds
[2022-11-06T02:57:06.081+0200] {processor.py:154} INFO - Started process (PID=5483) to work on /Users/mnagy99/airflow/dags/lesson1_solutions/solution5.py
[2022-11-06T02:57:06.083+0200] {processor.py:756} INFO - Processing file /Users/mnagy99/airflow/dags/lesson1_solutions/solution5.py for tasks to queue
[2022-11-06T02:57:06.084+0200] {logging_mixin.py:120} INFO - [2022-11-06T02:57:06.084+0200] {dagbag.py:537} INFO - Filling up the DagBag from /Users/mnagy99/airflow/dags/lesson1_solutions/solution5.py
[2022-11-06T02:57:06.304+0200] {processor.py:766} INFO - DAG(s) dict_keys(['lesson1.solution5']) retrieved from /Users/mnagy99/airflow/dags/lesson1_solutions/solution5.py
[2022-11-06T02:57:07.670+0200] {logging_mixin.py:120} INFO - [2022-11-06T02:57:07.670+0200] {dag.py:2585} INFO - Sync 1 DAGs
[2022-11-06T02:57:07.684+0200] {logging_mixin.py:120} INFO - [2022-11-06T02:57:07.684+0200] {dag.py:3336} INFO - Setting next_dagrun for lesson1.solution5 to 2022-11-05T00:00:00+00:00, run_after=2022-11-06T00:00:00+00:00
[2022-11-06T02:57:07.701+0200] {processor.py:176} INFO - Processing /Users/mnagy99/airflow/dags/lesson1_solutions/solution5.py took 1.621 seconds
[2022-11-06T03:02:08.200+0200] {processor.py:154} INFO - Started process (PID=5769) to work on /Users/mnagy99/airflow/dags/lesson1_solutions/solution5.py
[2022-11-06T03:02:08.203+0200] {processor.py:756} INFO - Processing file /Users/mnagy99/airflow/dags/lesson1_solutions/solution5.py for tasks to queue
[2022-11-06T03:02:08.203+0200] {logging_mixin.py:120} INFO - [2022-11-06T03:02:08.203+0200] {dagbag.py:537} INFO - Filling up the DagBag from /Users/mnagy99/airflow/dags/lesson1_solutions/solution5.py
[2022-11-06T03:02:08.389+0200] {processor.py:766} INFO - DAG(s) dict_keys(['lesson1.solution5']) retrieved from /Users/mnagy99/airflow/dags/lesson1_solutions/solution5.py
[2022-11-06T03:02:09.333+0200] {logging_mixin.py:120} INFO - [2022-11-06T03:02:09.333+0200] {dag.py:2585} INFO - Sync 1 DAGs
[2022-11-06T03:02:09.352+0200] {logging_mixin.py:120} INFO - [2022-11-06T03:02:09.352+0200] {dag.py:3336} INFO - Setting next_dagrun for lesson1.solution5 to 2022-11-05T00:00:00+00:00, run_after=2022-11-06T00:00:00+00:00
[2022-11-06T03:02:09.372+0200] {processor.py:176} INFO - Processing /Users/mnagy99/airflow/dags/lesson1_solutions/solution5.py took 1.172 seconds
[2022-11-06T03:06:38.095+0200] {processor.py:154} INFO - Started process (PID=6027) to work on /Users/mnagy99/airflow/dags/lesson1_solutions/solution5.py
[2022-11-06T03:06:38.098+0200] {processor.py:756} INFO - Processing file /Users/mnagy99/airflow/dags/lesson1_solutions/solution5.py for tasks to queue
[2022-11-06T03:06:38.099+0200] {logging_mixin.py:120} INFO - [2022-11-06T03:06:38.099+0200] {dagbag.py:537} INFO - Filling up the DagBag from /Users/mnagy99/airflow/dags/lesson1_solutions/solution5.py
[2022-11-06T03:06:38.271+0200] {processor.py:766} INFO - DAG(s) dict_keys(['lesson1.solution5']) retrieved from /Users/mnagy99/airflow/dags/lesson1_solutions/solution5.py
[2022-11-06T03:06:39.242+0200] {logging_mixin.py:120} INFO - [2022-11-06T03:06:39.241+0200] {dag.py:2585} INFO - Sync 1 DAGs
[2022-11-06T03:06:39.256+0200] {logging_mixin.py:120} INFO - [2022-11-06T03:06:39.256+0200] {dag.py:3336} INFO - Setting next_dagrun for lesson1.solution5 to 2022-11-05T00:00:00+00:00, run_after=2022-11-06T00:00:00+00:00
[2022-11-06T03:06:39.274+0200] {processor.py:176} INFO - Processing /Users/mnagy99/airflow/dags/lesson1_solutions/solution5.py took 1.180 seconds
[2022-11-06T03:10:58.874+0200] {processor.py:154} INFO - Started process (PID=6297) to work on /Users/mnagy99/airflow/dags/lesson1_solutions/solution5.py
[2022-11-06T03:10:58.876+0200] {processor.py:756} INFO - Processing file /Users/mnagy99/airflow/dags/lesson1_solutions/solution5.py for tasks to queue
[2022-11-06T03:10:58.877+0200] {logging_mixin.py:120} INFO - [2022-11-06T03:10:58.877+0200] {dagbag.py:537} INFO - Filling up the DagBag from /Users/mnagy99/airflow/dags/lesson1_solutions/solution5.py
[2022-11-06T03:10:59.047+0200] {processor.py:766} INFO - DAG(s) dict_keys(['lesson1.solution5']) retrieved from /Users/mnagy99/airflow/dags/lesson1_solutions/solution5.py
[2022-11-06T03:11:00.070+0200] {logging_mixin.py:120} INFO - [2022-11-06T03:11:00.067+0200] {dag.py:2585} INFO - Sync 1 DAGs
[2022-11-06T03:11:00.125+0200] {logging_mixin.py:120} INFO - [2022-11-06T03:11:00.125+0200] {dag.py:3336} INFO - Setting next_dagrun for lesson1.solution5 to 2022-11-05T00:00:00+00:00, run_after=2022-11-06T00:00:00+00:00
[2022-11-06T03:11:00.148+0200] {processor.py:176} INFO - Processing /Users/mnagy99/airflow/dags/lesson1_solutions/solution5.py took 1.276 seconds
[2022-11-06T03:15:08.478+0200] {processor.py:154} INFO - Started process (PID=6555) to work on /Users/mnagy99/airflow/dags/lesson1_solutions/solution5.py
[2022-11-06T03:15:08.481+0200] {processor.py:756} INFO - Processing file /Users/mnagy99/airflow/dags/lesson1_solutions/solution5.py for tasks to queue
[2022-11-06T03:15:08.482+0200] {logging_mixin.py:120} INFO - [2022-11-06T03:15:08.482+0200] {dagbag.py:537} INFO - Filling up the DagBag from /Users/mnagy99/airflow/dags/lesson1_solutions/solution5.py
[2022-11-06T03:15:08.716+0200] {processor.py:766} INFO - DAG(s) dict_keys(['lesson1.solution5']) retrieved from /Users/mnagy99/airflow/dags/lesson1_solutions/solution5.py
[2022-11-06T03:15:09.751+0200] {logging_mixin.py:120} INFO - [2022-11-06T03:15:09.750+0200] {dag.py:2585} INFO - Sync 1 DAGs
[2022-11-06T03:15:09.774+0200] {logging_mixin.py:120} INFO - [2022-11-06T03:15:09.774+0200] {dag.py:3336} INFO - Setting next_dagrun for lesson1.solution5 to 2022-11-05T00:00:00+00:00, run_after=2022-11-06T00:00:00+00:00
[2022-11-06T03:15:09.800+0200] {processor.py:176} INFO - Processing /Users/mnagy99/airflow/dags/lesson1_solutions/solution5.py took 1.322 seconds
[2022-11-06T03:19:02.933+0200] {processor.py:154} INFO - Started process (PID=6812) to work on /Users/mnagy99/airflow/dags/lesson1_solutions/solution5.py
[2022-11-06T03:19:02.935+0200] {processor.py:756} INFO - Processing file /Users/mnagy99/airflow/dags/lesson1_solutions/solution5.py for tasks to queue
[2022-11-06T03:19:02.936+0200] {logging_mixin.py:120} INFO - [2022-11-06T03:19:02.936+0200] {dagbag.py:537} INFO - Filling up the DagBag from /Users/mnagy99/airflow/dags/lesson1_solutions/solution5.py
[2022-11-06T03:19:03.097+0200] {processor.py:766} INFO - DAG(s) dict_keys(['lesson1.solution5']) retrieved from /Users/mnagy99/airflow/dags/lesson1_solutions/solution5.py
[2022-11-06T03:19:04.300+0200] {logging_mixin.py:120} INFO - [2022-11-06T03:19:04.299+0200] {dag.py:2585} INFO - Sync 1 DAGs
[2022-11-06T03:19:04.326+0200] {logging_mixin.py:120} INFO - [2022-11-06T03:19:04.326+0200] {dag.py:3336} INFO - Setting next_dagrun for lesson1.solution5 to 2022-11-05T00:00:00+00:00, run_after=2022-11-06T00:00:00+00:00
[2022-11-06T03:19:04.344+0200] {processor.py:176} INFO - Processing /Users/mnagy99/airflow/dags/lesson1_solutions/solution5.py took 1.412 seconds
[2022-11-06T03:23:05.707+0200] {processor.py:154} INFO - Started process (PID=7066) to work on /Users/mnagy99/airflow/dags/lesson1_solutions/solution5.py
[2022-11-06T03:23:05.710+0200] {processor.py:756} INFO - Processing file /Users/mnagy99/airflow/dags/lesson1_solutions/solution5.py for tasks to queue
[2022-11-06T03:23:05.710+0200] {logging_mixin.py:120} INFO - [2022-11-06T03:23:05.710+0200] {dagbag.py:537} INFO - Filling up the DagBag from /Users/mnagy99/airflow/dags/lesson1_solutions/solution5.py
[2022-11-06T03:23:05.941+0200] {processor.py:766} INFO - DAG(s) dict_keys(['lesson1.solution5']) retrieved from /Users/mnagy99/airflow/dags/lesson1_solutions/solution5.py
[2022-11-06T03:23:06.950+0200] {logging_mixin.py:120} INFO - [2022-11-06T03:23:06.950+0200] {dag.py:2585} INFO - Sync 1 DAGs
[2022-11-06T03:23:06.964+0200] {logging_mixin.py:120} INFO - [2022-11-06T03:23:06.964+0200] {dag.py:3336} INFO - Setting next_dagrun for lesson1.solution5 to 2022-11-05T00:00:00+00:00, run_after=2022-11-06T00:00:00+00:00
[2022-11-06T03:23:06.985+0200] {processor.py:176} INFO - Processing /Users/mnagy99/airflow/dags/lesson1_solutions/solution5.py took 1.278 seconds
[2022-11-06T03:27:02.872+0200] {processor.py:154} INFO - Started process (PID=7333) to work on /Users/mnagy99/airflow/dags/lesson1_solutions/solution5.py
[2022-11-06T03:27:02.875+0200] {processor.py:756} INFO - Processing file /Users/mnagy99/airflow/dags/lesson1_solutions/solution5.py for tasks to queue
[2022-11-06T03:27:02.875+0200] {logging_mixin.py:120} INFO - [2022-11-06T03:27:02.875+0200] {dagbag.py:537} INFO - Filling up the DagBag from /Users/mnagy99/airflow/dags/lesson1_solutions/solution5.py
[2022-11-06T03:27:03.051+0200] {processor.py:766} INFO - DAG(s) dict_keys(['lesson1.solution5']) retrieved from /Users/mnagy99/airflow/dags/lesson1_solutions/solution5.py
[2022-11-06T03:27:04.141+0200] {logging_mixin.py:120} INFO - [2022-11-06T03:27:04.141+0200] {dag.py:2585} INFO - Sync 1 DAGs
[2022-11-06T03:27:04.159+0200] {logging_mixin.py:120} INFO - [2022-11-06T03:27:04.159+0200] {dag.py:3336} INFO - Setting next_dagrun for lesson1.solution5 to 2022-11-05T00:00:00+00:00, run_after=2022-11-06T00:00:00+00:00
[2022-11-06T03:27:04.178+0200] {processor.py:176} INFO - Processing /Users/mnagy99/airflow/dags/lesson1_solutions/solution5.py took 1.306 seconds
[2022-11-06T03:31:04.939+0200] {processor.py:154} INFO - Started process (PID=7586) to work on /Users/mnagy99/airflow/dags/lesson1_solutions/solution5.py
[2022-11-06T03:31:04.940+0200] {processor.py:756} INFO - Processing file /Users/mnagy99/airflow/dags/lesson1_solutions/solution5.py for tasks to queue
[2022-11-06T03:31:04.940+0200] {logging_mixin.py:120} INFO - [2022-11-06T03:31:04.940+0200] {dagbag.py:537} INFO - Filling up the DagBag from /Users/mnagy99/airflow/dags/lesson1_solutions/solution5.py
[2022-11-06T03:31:05.135+0200] {processor.py:766} INFO - DAG(s) dict_keys(['lesson1.solution5']) retrieved from /Users/mnagy99/airflow/dags/lesson1_solutions/solution5.py
[2022-11-06T03:31:06.162+0200] {logging_mixin.py:120} INFO - [2022-11-06T03:31:06.161+0200] {dag.py:2585} INFO - Sync 1 DAGs
[2022-11-06T03:31:06.176+0200] {logging_mixin.py:120} INFO - [2022-11-06T03:31:06.176+0200] {dag.py:3336} INFO - Setting next_dagrun for lesson1.solution5 to 2022-11-05T00:00:00+00:00, run_after=2022-11-06T00:00:00+00:00
[2022-11-06T03:31:06.195+0200] {processor.py:176} INFO - Processing /Users/mnagy99/airflow/dags/lesson1_solutions/solution5.py took 1.257 seconds
[2022-11-06T03:35:21.355+0200] {processor.py:154} INFO - Started process (PID=7896) to work on /Users/mnagy99/airflow/dags/lesson1_solutions/solution5.py
[2022-11-06T03:35:21.358+0200] {processor.py:756} INFO - Processing file /Users/mnagy99/airflow/dags/lesson1_solutions/solution5.py for tasks to queue
[2022-11-06T03:35:21.359+0200] {logging_mixin.py:120} INFO - [2022-11-06T03:35:21.359+0200] {dagbag.py:537} INFO - Filling up the DagBag from /Users/mnagy99/airflow/dags/lesson1_solutions/solution5.py
[2022-11-06T03:35:21.604+0200] {processor.py:766} INFO - DAG(s) dict_keys(['lesson1.solution5']) retrieved from /Users/mnagy99/airflow/dags/lesson1_solutions/solution5.py
[2022-11-06T03:35:22.593+0200] {logging_mixin.py:120} INFO - [2022-11-06T03:35:22.593+0200] {dag.py:2585} INFO - Sync 1 DAGs
[2022-11-06T03:35:22.607+0200] {logging_mixin.py:120} INFO - [2022-11-06T03:35:22.607+0200] {dag.py:3336} INFO - Setting next_dagrun for lesson1.solution5 to 2022-11-05T00:00:00+00:00, run_after=2022-11-06T00:00:00+00:00
[2022-11-06T03:35:22.626+0200] {processor.py:176} INFO - Processing /Users/mnagy99/airflow/dags/lesson1_solutions/solution5.py took 1.272 seconds
[2022-11-06T03:39:25.807+0200] {processor.py:154} INFO - Started process (PID=8144) to work on /Users/mnagy99/airflow/dags/lesson1_solutions/solution5.py
[2022-11-06T03:39:25.809+0200] {processor.py:756} INFO - Processing file /Users/mnagy99/airflow/dags/lesson1_solutions/solution5.py for tasks to queue
[2022-11-06T03:39:25.810+0200] {logging_mixin.py:120} INFO - [2022-11-06T03:39:25.809+0200] {dagbag.py:537} INFO - Filling up the DagBag from /Users/mnagy99/airflow/dags/lesson1_solutions/solution5.py
[2022-11-06T03:39:25.977+0200] {processor.py:766} INFO - DAG(s) dict_keys(['lesson1.solution5']) retrieved from /Users/mnagy99/airflow/dags/lesson1_solutions/solution5.py
[2022-11-06T03:39:26.951+0200] {logging_mixin.py:120} INFO - [2022-11-06T03:39:26.951+0200] {dag.py:2585} INFO - Sync 1 DAGs
[2022-11-06T03:39:26.965+0200] {logging_mixin.py:120} INFO - [2022-11-06T03:39:26.965+0200] {dag.py:3336} INFO - Setting next_dagrun for lesson1.solution5 to 2022-11-05T00:00:00+00:00, run_after=2022-11-06T00:00:00+00:00
[2022-11-06T03:39:26.983+0200] {processor.py:176} INFO - Processing /Users/mnagy99/airflow/dags/lesson1_solutions/solution5.py took 1.177 seconds
[2022-11-06T03:43:22.796+0200] {processor.py:154} INFO - Started process (PID=8384) to work on /Users/mnagy99/airflow/dags/lesson1_solutions/solution5.py
[2022-11-06T03:43:22.799+0200] {processor.py:756} INFO - Processing file /Users/mnagy99/airflow/dags/lesson1_solutions/solution5.py for tasks to queue
[2022-11-06T03:43:22.799+0200] {logging_mixin.py:120} INFO - [2022-11-06T03:43:22.799+0200] {dagbag.py:537} INFO - Filling up the DagBag from /Users/mnagy99/airflow/dags/lesson1_solutions/solution5.py
[2022-11-06T03:43:22.962+0200] {processor.py:766} INFO - DAG(s) dict_keys(['lesson1.solution5']) retrieved from /Users/mnagy99/airflow/dags/lesson1_solutions/solution5.py
[2022-11-06T03:43:23.902+0200] {logging_mixin.py:120} INFO - [2022-11-06T03:43:23.902+0200] {dag.py:2585} INFO - Sync 1 DAGs
[2022-11-06T03:43:23.916+0200] {logging_mixin.py:120} INFO - [2022-11-06T03:43:23.916+0200] {dag.py:3336} INFO - Setting next_dagrun for lesson1.solution5 to 2022-11-05T00:00:00+00:00, run_after=2022-11-06T00:00:00+00:00
[2022-11-06T03:43:23.933+0200] {processor.py:176} INFO - Processing /Users/mnagy99/airflow/dags/lesson1_solutions/solution5.py took 1.137 seconds
[2022-11-06T03:47:28.309+0200] {processor.py:154} INFO - Started process (PID=8653) to work on /Users/mnagy99/airflow/dags/lesson1_solutions/solution5.py
[2022-11-06T03:47:28.312+0200] {processor.py:756} INFO - Processing file /Users/mnagy99/airflow/dags/lesson1_solutions/solution5.py for tasks to queue
[2022-11-06T03:47:28.312+0200] {logging_mixin.py:120} INFO - [2022-11-06T03:47:28.312+0200] {dagbag.py:537} INFO - Filling up the DagBag from /Users/mnagy99/airflow/dags/lesson1_solutions/solution5.py
[2022-11-06T03:47:28.478+0200] {processor.py:766} INFO - DAG(s) dict_keys(['lesson1.solution5']) retrieved from /Users/mnagy99/airflow/dags/lesson1_solutions/solution5.py
[2022-11-06T03:47:29.497+0200] {logging_mixin.py:120} INFO - [2022-11-06T03:47:29.496+0200] {dag.py:2585} INFO - Sync 1 DAGs
[2022-11-06T03:47:29.513+0200] {logging_mixin.py:120} INFO - [2022-11-06T03:47:29.513+0200] {dag.py:3336} INFO - Setting next_dagrun for lesson1.solution5 to 2022-11-05T00:00:00+00:00, run_after=2022-11-06T00:00:00+00:00
[2022-11-06T03:47:29.534+0200] {processor.py:176} INFO - Processing /Users/mnagy99/airflow/dags/lesson1_solutions/solution5.py took 1.226 seconds
[2022-11-06T03:51:39.213+0200] {processor.py:154} INFO - Started process (PID=8903) to work on /Users/mnagy99/airflow/dags/lesson1_solutions/solution5.py
[2022-11-06T03:51:39.214+0200] {processor.py:756} INFO - Processing file /Users/mnagy99/airflow/dags/lesson1_solutions/solution5.py for tasks to queue
[2022-11-06T03:51:39.215+0200] {logging_mixin.py:120} INFO - [2022-11-06T03:51:39.215+0200] {dagbag.py:537} INFO - Filling up the DagBag from /Users/mnagy99/airflow/dags/lesson1_solutions/solution5.py
[2022-11-06T03:51:39.421+0200] {processor.py:766} INFO - DAG(s) dict_keys(['lesson1.solution5']) retrieved from /Users/mnagy99/airflow/dags/lesson1_solutions/solution5.py
[2022-11-06T03:51:40.367+0200] {logging_mixin.py:120} INFO - [2022-11-06T03:51:40.367+0200] {dag.py:2585} INFO - Sync 1 DAGs
[2022-11-06T03:51:40.381+0200] {logging_mixin.py:120} INFO - [2022-11-06T03:51:40.381+0200] {dag.py:3336} INFO - Setting next_dagrun for lesson1.solution5 to 2022-11-05T00:00:00+00:00, run_after=2022-11-06T00:00:00+00:00
[2022-11-06T03:51:40.399+0200] {processor.py:176} INFO - Processing /Users/mnagy99/airflow/dags/lesson1_solutions/solution5.py took 1.186 seconds
[2022-11-06T03:56:10.964+0200] {processor.py:154} INFO - Started process (PID=9176) to work on /Users/mnagy99/airflow/dags/lesson1_solutions/solution5.py
[2022-11-06T03:56:10.965+0200] {processor.py:756} INFO - Processing file /Users/mnagy99/airflow/dags/lesson1_solutions/solution5.py for tasks to queue
[2022-11-06T03:56:10.965+0200] {logging_mixin.py:120} INFO - [2022-11-06T03:56:10.965+0200] {dagbag.py:537} INFO - Filling up the DagBag from /Users/mnagy99/airflow/dags/lesson1_solutions/solution5.py
[2022-11-06T03:56:11.636+0200] {processor.py:766} INFO - DAG(s) dict_keys(['lesson1.solution5']) retrieved from /Users/mnagy99/airflow/dags/lesson1_solutions/solution5.py
[2022-11-06T03:56:12.663+0200] {logging_mixin.py:120} INFO - [2022-11-06T03:56:12.663+0200] {dag.py:2585} INFO - Sync 1 DAGs
[2022-11-06T03:56:12.677+0200] {logging_mixin.py:120} INFO - [2022-11-06T03:56:12.677+0200] {dag.py:3336} INFO - Setting next_dagrun for lesson1.solution5 to 2022-11-05T00:00:00+00:00, run_after=2022-11-06T00:00:00+00:00
[2022-11-06T03:56:12.694+0200] {processor.py:176} INFO - Processing /Users/mnagy99/airflow/dags/lesson1_solutions/solution5.py took 1.731 seconds
[2022-11-06T04:00:54.257+0200] {processor.py:154} INFO - Started process (PID=9456) to work on /Users/mnagy99/airflow/dags/lesson1_solutions/solution5.py
[2022-11-06T04:00:54.268+0200] {processor.py:756} INFO - Processing file /Users/mnagy99/airflow/dags/lesson1_solutions/solution5.py for tasks to queue
[2022-11-06T04:00:54.269+0200] {logging_mixin.py:120} INFO - [2022-11-06T04:00:54.268+0200] {dagbag.py:537} INFO - Filling up the DagBag from /Users/mnagy99/airflow/dags/lesson1_solutions/solution5.py
[2022-11-06T04:00:54.623+0200] {processor.py:766} INFO - DAG(s) dict_keys(['lesson1.solution5']) retrieved from /Users/mnagy99/airflow/dags/lesson1_solutions/solution5.py
[2022-11-06T04:00:56.078+0200] {logging_mixin.py:120} INFO - [2022-11-06T04:00:56.078+0200] {dag.py:2585} INFO - Sync 1 DAGs
[2022-11-06T04:00:56.101+0200] {logging_mixin.py:120} INFO - [2022-11-06T04:00:56.101+0200] {dag.py:3336} INFO - Setting next_dagrun for lesson1.solution5 to 2022-11-05T00:00:00+00:00, run_after=2022-11-06T00:00:00+00:00
[2022-11-06T04:00:56.122+0200] {processor.py:176} INFO - Processing /Users/mnagy99/airflow/dags/lesson1_solutions/solution5.py took 1.866 seconds
[2022-11-06T04:05:20.836+0200] {processor.py:154} INFO - Started process (PID=9743) to work on /Users/mnagy99/airflow/dags/lesson1_solutions/solution5.py
[2022-11-06T04:05:20.839+0200] {processor.py:756} INFO - Processing file /Users/mnagy99/airflow/dags/lesson1_solutions/solution5.py for tasks to queue
[2022-11-06T04:05:20.840+0200] {logging_mixin.py:120} INFO - [2022-11-06T04:05:20.839+0200] {dagbag.py:537} INFO - Filling up the DagBag from /Users/mnagy99/airflow/dags/lesson1_solutions/solution5.py
[2022-11-06T04:05:21.082+0200] {processor.py:766} INFO - DAG(s) dict_keys(['lesson1.solution5']) retrieved from /Users/mnagy99/airflow/dags/lesson1_solutions/solution5.py
[2022-11-06T04:05:22.146+0200] {logging_mixin.py:120} INFO - [2022-11-06T04:05:22.146+0200] {dag.py:2585} INFO - Sync 1 DAGs
[2022-11-06T04:05:22.161+0200] {logging_mixin.py:120} INFO - [2022-11-06T04:05:22.161+0200] {dag.py:3336} INFO - Setting next_dagrun for lesson1.solution5 to 2022-11-05T00:00:00+00:00, run_after=2022-11-06T00:00:00+00:00
[2022-11-06T04:05:22.179+0200] {processor.py:176} INFO - Processing /Users/mnagy99/airflow/dags/lesson1_solutions/solution5.py took 1.343 seconds
[2022-11-06T04:10:00.177+0200] {processor.py:154} INFO - Started process (PID=10034) to work on /Users/mnagy99/airflow/dags/lesson1_solutions/solution5.py
[2022-11-06T04:10:00.178+0200] {processor.py:756} INFO - Processing file /Users/mnagy99/airflow/dags/lesson1_solutions/solution5.py for tasks to queue
[2022-11-06T04:10:00.179+0200] {logging_mixin.py:120} INFO - [2022-11-06T04:10:00.179+0200] {dagbag.py:537} INFO - Filling up the DagBag from /Users/mnagy99/airflow/dags/lesson1_solutions/solution5.py
[2022-11-06T04:10:00.455+0200] {processor.py:766} INFO - DAG(s) dict_keys(['lesson1.solution5']) retrieved from /Users/mnagy99/airflow/dags/lesson1_solutions/solution5.py
[2022-11-06T04:10:01.541+0200] {logging_mixin.py:120} INFO - [2022-11-06T04:10:01.540+0200] {dag.py:2585} INFO - Sync 1 DAGs
[2022-11-06T04:10:01.555+0200] {logging_mixin.py:120} INFO - [2022-11-06T04:10:01.554+0200] {dag.py:3336} INFO - Setting next_dagrun for lesson1.solution5 to 2022-11-05T00:00:00+00:00, run_after=2022-11-06T00:00:00+00:00
[2022-11-06T04:10:01.574+0200] {processor.py:176} INFO - Processing /Users/mnagy99/airflow/dags/lesson1_solutions/solution5.py took 1.397 seconds
[2022-11-06T04:14:25.853+0200] {processor.py:154} INFO - Started process (PID=10318) to work on /Users/mnagy99/airflow/dags/lesson1_solutions/solution5.py
[2022-11-06T04:14:25.856+0200] {processor.py:756} INFO - Processing file /Users/mnagy99/airflow/dags/lesson1_solutions/solution5.py for tasks to queue
[2022-11-06T04:14:25.856+0200] {logging_mixin.py:120} INFO - [2022-11-06T04:14:25.856+0200] {dagbag.py:537} INFO - Filling up the DagBag from /Users/mnagy99/airflow/dags/lesson1_solutions/solution5.py
[2022-11-06T04:14:26.027+0200] {processor.py:766} INFO - DAG(s) dict_keys(['lesson1.solution5']) retrieved from /Users/mnagy99/airflow/dags/lesson1_solutions/solution5.py
[2022-11-06T04:14:27.009+0200] {logging_mixin.py:120} INFO - [2022-11-06T04:14:27.009+0200] {dag.py:2585} INFO - Sync 1 DAGs
[2022-11-06T04:14:27.024+0200] {logging_mixin.py:120} INFO - [2022-11-06T04:14:27.024+0200] {dag.py:3336} INFO - Setting next_dagrun for lesson1.solution5 to 2022-11-05T00:00:00+00:00, run_after=2022-11-06T00:00:00+00:00
[2022-11-06T04:14:27.044+0200] {processor.py:176} INFO - Processing /Users/mnagy99/airflow/dags/lesson1_solutions/solution5.py took 1.191 seconds
[2022-11-06T04:19:02.807+0200] {processor.py:154} INFO - Started process (PID=10605) to work on /Users/mnagy99/airflow/dags/lesson1_solutions/solution5.py
[2022-11-06T04:19:02.809+0200] {processor.py:756} INFO - Processing file /Users/mnagy99/airflow/dags/lesson1_solutions/solution5.py for tasks to queue
[2022-11-06T04:19:02.810+0200] {logging_mixin.py:120} INFO - [2022-11-06T04:19:02.810+0200] {dagbag.py:537} INFO - Filling up the DagBag from /Users/mnagy99/airflow/dags/lesson1_solutions/solution5.py
[2022-11-06T04:19:02.970+0200] {processor.py:766} INFO - DAG(s) dict_keys(['lesson1.solution5']) retrieved from /Users/mnagy99/airflow/dags/lesson1_solutions/solution5.py
[2022-11-06T04:19:04.001+0200] {logging_mixin.py:120} INFO - [2022-11-06T04:19:04.001+0200] {dag.py:2585} INFO - Sync 1 DAGs
[2022-11-06T04:19:04.015+0200] {logging_mixin.py:120} INFO - [2022-11-06T04:19:04.015+0200] {dag.py:3336} INFO - Setting next_dagrun for lesson1.solution5 to 2022-11-05T00:00:00+00:00, run_after=2022-11-06T00:00:00+00:00
[2022-11-06T04:19:04.031+0200] {processor.py:176} INFO - Processing /Users/mnagy99/airflow/dags/lesson1_solutions/solution5.py took 1.225 seconds
