[2022-11-06T02:15:07.023+0200] {taskinstance.py:1165} INFO - Dependencies all met for <TaskInstance: udac_example_dag.Stage_events scheduled__2019-01-12T00:00:00+00:00 [queued]>
[2022-11-06T02:15:07.029+0200] {taskinstance.py:1165} INFO - Dependencies all met for <TaskInstance: udac_example_dag.Stage_events scheduled__2019-01-12T00:00:00+00:00 [queued]>
[2022-11-06T02:15:07.030+0200] {taskinstance.py:1362} INFO - 
--------------------------------------------------------------------------------
[2022-11-06T02:15:07.030+0200] {taskinstance.py:1363} INFO - Starting attempt 1 of 4
[2022-11-06T02:15:07.030+0200] {taskinstance.py:1364} INFO - 
--------------------------------------------------------------------------------
[2022-11-06T02:15:07.041+0200] {taskinstance.py:1383} INFO - Executing <Task(StageToRedshiftOperator): Stage_events> on 2019-01-12 00:00:00+00:00
[2022-11-06T02:15:07.043+0200] {standard_task_runner.py:55} INFO - Started process 2827 to run task
[2022-11-06T02:15:07.048+0200] {standard_task_runner.py:82} INFO - Running: ['airflow', 'tasks', 'run', 'udac_example_dag', 'Stage_events', 'scheduled__2019-01-12T00:00:00+00:00', '--job-id', '5', '--raw', '--subdir', 'DAGS_FOLDER/project/udac_example_dag.py', '--cfg-path', '/var/folders/sp/0_qfxj196m7gs6tyf69417g00000gn/T/tmprulrab21']
[2022-11-06T02:15:07.049+0200] {standard_task_runner.py:83} INFO - Job 5: Subtask Stage_events
[2022-11-06T02:15:07.095+0200] {task_command.py:376} INFO - Running <TaskInstance: udac_example_dag.Stage_events scheduled__2019-01-12T00:00:00+00:00 [running]> on host mahmouds-macbook-pro.local
[2022-11-06T02:15:07.139+0200] {taskinstance.py:1590} INFO - Exporting the following env vars:
AIRFLOW_CTX_DAG_OWNER=udacity
AIRFLOW_CTX_DAG_ID=udac_example_dag
AIRFLOW_CTX_TASK_ID=Stage_events
AIRFLOW_CTX_EXECUTION_DATE=2019-01-12T00:00:00+00:00
AIRFLOW_CTX_TRY_NUMBER=1
AIRFLOW_CTX_DAG_RUN_ID=scheduled__2019-01-12T00:00:00+00:00
[2022-11-06T02:15:07.144+0200] {base.py:71} INFO - Using connection ID 'aws_credentials' for task execution.
[2022-11-06T02:15:07.145+0200] {connection_wrapper.py:303} INFO - AWS Connection (conn_id='aws_credentials', conn_type='aws') credentials retrieved from login and password.
[2022-11-06T02:15:07.158+0200] {stage_redshift.py:78} INFO - Clearing data destination Redshift table
[2022-11-06T02:15:07.161+0200] {base.py:71} INFO - Using connection ID 'redshift' for task execution.
[2022-11-06T02:15:07.243+0200] {taskinstance.py:1851} ERROR - Task failed with exception
Traceback (most recent call last):
  File "/Users/mnagy99/airflow/plugins/operators/stage_redshift.py", line 79, in execute
    redshift_hook.run(f"TRUNCATE TABLE {self.table}") # Faster than DELETE FROM {self.table}
  File "/Users/mnagy99/opt/anaconda3/envs/airflow-env/lib/python3.8/site-packages/airflow/providers/common/sql/hooks/sql.py", line 288, in run
    with closing(self.get_conn()) as conn:
  File "/Users/mnagy99/opt/anaconda3/envs/airflow-env/lib/python3.8/site-packages/airflow/providers/postgres/hooks/postgres.py", line 115, in get_conn
    self.conn = psycopg2.connect(**conn_args)
  File "/Users/mnagy99/opt/anaconda3/envs/airflow-env/lib/python3.8/site-packages/psycopg2/__init__.py", line 122, in connect
    conn = _connect(dsn, connection_factory=connection_factory, **kwasync)
psycopg2.OperationalError: could not translate host name "redshift-cluster-1.cng0gslje4pq.us-west-2.redshift.amazonaws.com:5439/dev" to address: nodename nor servname provided, or not known

[2022-11-06T02:15:07.254+0200] {taskinstance.py:1401} INFO - Marking task as UP_FOR_RETRY. dag_id=udac_example_dag, task_id=Stage_events, execution_date=20190112T000000, start_date=20221106T001507, end_date=20221106T001507
[2022-11-06T02:15:07.265+0200] {standard_task_runner.py:100} ERROR - Failed to execute job 5 for task Stage_events (could not translate host name "redshift-cluster-1.cng0gslje4pq.us-west-2.redshift.amazonaws.com:5439/dev" to address: nodename nor servname provided, or not known
; 2827)
[2022-11-06T02:15:07.277+0200] {local_task_job.py:164} INFO - Task exited with return code 1
[2022-11-06T02:15:07.307+0200] {local_task_job.py:273} INFO - 0 downstream tasks scheduled from follow-on schedule check
