[2022-11-06T03:12:08.703+0200] {taskinstance.py:1165} INFO - Dependencies all met for <TaskInstance: udac_example_dag.Stage_events scheduled__2019-01-12T04:00:00+00:00 [queued]>
[2022-11-06T03:12:08.709+0200] {taskinstance.py:1165} INFO - Dependencies all met for <TaskInstance: udac_example_dag.Stage_events scheduled__2019-01-12T04:00:00+00:00 [queued]>
[2022-11-06T03:12:08.709+0200] {taskinstance.py:1362} INFO - 
--------------------------------------------------------------------------------
[2022-11-06T03:12:08.709+0200] {taskinstance.py:1363} INFO - Starting attempt 3 of 4
[2022-11-06T03:12:08.709+0200] {taskinstance.py:1364} INFO - 
--------------------------------------------------------------------------------
[2022-11-06T03:12:08.719+0200] {taskinstance.py:1383} INFO - Executing <Task(StageToRedshiftOperator): Stage_events> on 2019-01-12 04:00:00+00:00
[2022-11-06T03:12:08.720+0200] {standard_task_runner.py:55} INFO - Started process 6375 to run task
[2022-11-06T03:12:08.725+0200] {standard_task_runner.py:82} INFO - Running: ['airflow', 'tasks', 'run', 'udac_example_dag', 'Stage_events', 'scheduled__2019-01-12T04:00:00+00:00', '--job-id', '41', '--raw', '--subdir', 'DAGS_FOLDER/project/udac_example_dag.py', '--cfg-path', '/var/folders/sp/0_qfxj196m7gs6tyf69417g00000gn/T/tmps88y0bmk']
[2022-11-06T03:12:08.727+0200] {standard_task_runner.py:83} INFO - Job 41: Subtask Stage_events
[2022-11-06T03:12:08.773+0200] {task_command.py:376} INFO - Running <TaskInstance: udac_example_dag.Stage_events scheduled__2019-01-12T04:00:00+00:00 [running]> on host mahmouds-macbook-pro.local
[2022-11-06T03:12:08.800+0200] {logging_mixin.py:120} WARNING - /Users/mnagy99/opt/anaconda3/envs/airflow-env/lib/python3.8/site-packages/airflow/utils/context.py:204 AirflowContextDeprecationWarning: Accessing 'execution_date' from the template is deprecated and will be removed in a future version. Please use 'data_interval_start' or 'logical_date' instead.
[2022-11-06T03:12:08.816+0200] {taskinstance.py:1590} INFO - Exporting the following env vars:
AIRFLOW_CTX_DAG_OWNER=udacity
AIRFLOW_CTX_DAG_ID=udac_example_dag
AIRFLOW_CTX_TASK_ID=Stage_events
AIRFLOW_CTX_EXECUTION_DATE=2019-01-12T04:00:00+00:00
AIRFLOW_CTX_TRY_NUMBER=3
AIRFLOW_CTX_DAG_RUN_ID=scheduled__2019-01-12T04:00:00+00:00
[2022-11-06T03:12:08.822+0200] {base.py:71} INFO - Using connection ID 'aws_credentials' for task execution.
[2022-11-06T03:12:08.823+0200] {connection_wrapper.py:303} INFO - AWS Connection (conn_id='aws_credentials', conn_type='aws') credentials retrieved from login and password.
[2022-11-06T03:12:08.835+0200] {stage_redshift.py:78} INFO - Clearing data destination Redshift table
[2022-11-06T03:12:08.838+0200] {base.py:71} INFO - Using connection ID 'redshift' for task execution.
[2022-11-06T03:12:10.876+0200] {sql.py:315} INFO - Running statement: TRUNCATE TABLE staging_events, parameters: None
[2022-11-06T03:12:11.693+0200] {stage_redshift.py:85} INFO - Copying data from s3 to Redshift
[2022-11-06T03:12:11.695+0200] {logging_mixin.py:120} WARNING - /Users/mnagy99/opt/anaconda3/envs/airflow-env/lib/python3.8/site-packages/airflow/utils/context.py:204 AirflowContextDeprecationWarning: Accessing 'next_ds' from the template is deprecated and will be removed in a future version. Please use '{{ data_interval_end | ds }}' instead.
[2022-11-06T03:12:11.696+0200] {logging_mixin.py:120} WARNING - /Users/mnagy99/opt/anaconda3/envs/airflow-env/lib/python3.8/site-packages/airflow/utils/context.py:204 AirflowContextDeprecationWarning: Accessing 'next_ds_nodash' from the template is deprecated and will be removed in a future version. Please use '{{ data_interval_end | ds_nodash }}' instead.
[2022-11-06T03:12:11.697+0200] {logging_mixin.py:120} WARNING - /Users/mnagy99/opt/anaconda3/envs/airflow-env/lib/python3.8/site-packages/airflow/utils/context.py:204 AirflowContextDeprecationWarning: Accessing 'next_execution_date' from the template is deprecated and will be removed in a future version. Please use 'data_interval_end' instead.
[2022-11-06T03:12:11.698+0200] {logging_mixin.py:120} WARNING - /Users/mnagy99/opt/anaconda3/envs/airflow-env/lib/python3.8/site-packages/airflow/utils/context.py:204 AirflowContextDeprecationWarning: Accessing 'prev_ds' from the template is deprecated and will be removed in a future version.
[2022-11-06T03:12:11.699+0200] {logging_mixin.py:120} WARNING - /Users/mnagy99/opt/anaconda3/envs/airflow-env/lib/python3.8/site-packages/airflow/utils/context.py:204 AirflowContextDeprecationWarning: Accessing 'prev_ds_nodash' from the template is deprecated and will be removed in a future version.
[2022-11-06T03:12:11.700+0200] {logging_mixin.py:120} WARNING - /Users/mnagy99/opt/anaconda3/envs/airflow-env/lib/python3.8/site-packages/airflow/utils/context.py:204 AirflowContextDeprecationWarning: Accessing 'prev_execution_date' from the template is deprecated and will be removed in a future version.
[2022-11-06T03:12:11.701+0200] {logging_mixin.py:120} WARNING - /Users/mnagy99/opt/anaconda3/envs/airflow-env/lib/python3.8/site-packages/airflow/utils/context.py:204 AirflowContextDeprecationWarning: Accessing 'prev_execution_date_success' from the template is deprecated and will be removed in a future version. Please use 'prev_data_interval_start_success' instead.
[2022-11-06T03:12:11.702+0200] {logging_mixin.py:120} WARNING - /Users/mnagy99/opt/anaconda3/envs/airflow-env/lib/python3.8/site-packages/airflow/utils/context.py:204 AirflowContextDeprecationWarning: Accessing 'tomorrow_ds' from the template is deprecated and will be removed in a future version.
[2022-11-06T03:12:11.703+0200] {logging_mixin.py:120} WARNING - /Users/mnagy99/opt/anaconda3/envs/airflow-env/lib/python3.8/site-packages/airflow/utils/context.py:204 AirflowContextDeprecationWarning: Accessing 'tomorrow_ds_nodash' from the template is deprecated and will be removed in a future version.
[2022-11-06T03:12:11.704+0200] {logging_mixin.py:120} WARNING - /Users/mnagy99/opt/anaconda3/envs/airflow-env/lib/python3.8/site-packages/airflow/utils/context.py:204 AirflowContextDeprecationWarning: Accessing 'yesterday_ds' from the template is deprecated and will be removed in a future version.
[2022-11-06T03:12:11.705+0200] {logging_mixin.py:120} WARNING - /Users/mnagy99/opt/anaconda3/envs/airflow-env/lib/python3.8/site-packages/airflow/utils/context.py:204 AirflowContextDeprecationWarning: Accessing 'yesterday_ds_nodash' from the template is deprecated and will be removed in a future version.
[2022-11-06T03:12:11.705+0200] {taskinstance.py:1851} ERROR - Task failed with exception
Traceback (most recent call last):
  File "/Users/mnagy99/airflow/plugins/operators/stage_redshift.py", line 88, in execute
    formatted_sql = StageToRedshiftOperator.copy_sql.format(
IndexError: Replacement index 6 out of range for positional args tuple
[2022-11-06T03:12:11.710+0200] {taskinstance.py:1401} INFO - Marking task as UP_FOR_RETRY. dag_id=udac_example_dag, task_id=Stage_events, execution_date=20190112T040000, start_date=20221106T011208, end_date=20221106T011211
[2022-11-06T03:12:11.719+0200] {standard_task_runner.py:100} ERROR - Failed to execute job 41 for task Stage_events (Replacement index 6 out of range for positional args tuple; 6375)
[2022-11-06T03:12:11.743+0200] {local_task_job.py:164} INFO - Task exited with return code 1
[2022-11-06T03:12:11.764+0200] {local_task_job.py:273} INFO - 0 downstream tasks scheduled from follow-on schedule check
