[2022-11-06T01:56:49.896+0200] {processor.py:154} INFO - Started process (PID=832) to work on /Users/mnagy99/opt/anaconda3/envs/airflow-env/lib/python3.8/site-packages/airflow/example_dags/example_subdag_operator.py
[2022-11-06T01:56:49.897+0200] {processor.py:756} INFO - Processing file /Users/mnagy99/opt/anaconda3/envs/airflow-env/lib/python3.8/site-packages/airflow/example_dags/example_subdag_operator.py for tasks to queue
[2022-11-06T01:56:49.898+0200] {logging_mixin.py:120} INFO - [2022-11-06T01:56:49.898+0200] {dagbag.py:537} INFO - Filling up the DagBag from /Users/mnagy99/opt/anaconda3/envs/airflow-env/lib/python3.8/site-packages/airflow/example_dags/example_subdag_operator.py
[2022-11-06T01:56:50.803+0200] {processor.py:766} INFO - DAG(s) dict_keys(['example_subdag_operator.section-1', 'example_subdag_operator.section-2', 'example_subdag_operator']) retrieved from /Users/mnagy99/opt/anaconda3/envs/airflow-env/lib/python3.8/site-packages/airflow/example_dags/example_subdag_operator.py
[2022-11-06T01:56:53.004+0200] {logging_mixin.py:120} INFO - [2022-11-06T01:56:53.004+0200] {dag.py:2585} INFO - Sync 3 DAGs
[2022-11-06T01:56:53.051+0200] {logging_mixin.py:120} INFO - [2022-11-06T01:56:53.051+0200] {dag.py:3336} INFO - Setting next_dagrun for example_subdag_operator to 2022-01-01T00:00:00+00:00, run_after=2022-01-01T00:00:00+00:00
[2022-11-06T01:56:53.061+0200] {logging_mixin.py:120} INFO - [2022-11-06T01:56:53.061+0200] {dag.py:3336} INFO - Setting next_dagrun for example_subdag_operator.section-1 to None, run_after=None
[2022-11-06T01:56:53.062+0200] {logging_mixin.py:120} INFO - [2022-11-06T01:56:53.062+0200] {dag.py:3336} INFO - Setting next_dagrun for example_subdag_operator.section-2 to None, run_after=None
[2022-11-06T01:56:53.143+0200] {logging_mixin.py:120} INFO - [2022-11-06T01:56:53.143+0200] {dag.py:2585} INFO - Sync 2 DAGs
[2022-11-06T01:56:53.147+0200] {logging_mixin.py:120} INFO - [2022-11-06T01:56:53.147+0200] {dag.py:3336} INFO - Setting next_dagrun for example_subdag_operator.section-1 to None, run_after=None
[2022-11-06T01:56:53.147+0200] {logging_mixin.py:120} INFO - [2022-11-06T01:56:53.147+0200] {dag.py:3336} INFO - Setting next_dagrun for example_subdag_operator.section-2 to None, run_after=None
[2022-11-06T01:56:53.163+0200] {processor.py:176} INFO - Processing /Users/mnagy99/opt/anaconda3/envs/airflow-env/lib/python3.8/site-packages/airflow/example_dags/example_subdag_operator.py took 3.268 seconds
[2022-11-06T01:59:44.293+0200] {processor.py:154} INFO - Started process (PID=1395) to work on /Users/mnagy99/opt/anaconda3/envs/airflow-env/lib/python3.8/site-packages/airflow/example_dags/example_subdag_operator.py
[2022-11-06T01:59:44.294+0200] {processor.py:756} INFO - Processing file /Users/mnagy99/opt/anaconda3/envs/airflow-env/lib/python3.8/site-packages/airflow/example_dags/example_subdag_operator.py for tasks to queue
[2022-11-06T01:59:44.294+0200] {logging_mixin.py:120} INFO - [2022-11-06T01:59:44.294+0200] {dagbag.py:537} INFO - Filling up the DagBag from /Users/mnagy99/opt/anaconda3/envs/airflow-env/lib/python3.8/site-packages/airflow/example_dags/example_subdag_operator.py
[2022-11-06T01:59:44.461+0200] {processor.py:766} INFO - DAG(s) dict_keys(['example_subdag_operator.section-1', 'example_subdag_operator.section-2', 'example_subdag_operator']) retrieved from /Users/mnagy99/opt/anaconda3/envs/airflow-env/lib/python3.8/site-packages/airflow/example_dags/example_subdag_operator.py
[2022-11-06T01:59:45.267+0200] {logging_mixin.py:120} INFO - [2022-11-06T01:59:45.267+0200] {dag.py:2585} INFO - Sync 3 DAGs
[2022-11-06T01:59:45.289+0200] {logging_mixin.py:120} INFO - [2022-11-06T01:59:45.289+0200] {dag.py:3336} INFO - Setting next_dagrun for example_subdag_operator to 2022-01-01T00:00:00+00:00, run_after=2022-01-01T00:00:00+00:00
[2022-11-06T01:59:45.292+0200] {logging_mixin.py:120} INFO - [2022-11-06T01:59:45.291+0200] {dag.py:3336} INFO - Setting next_dagrun for example_subdag_operator.section-1 to None, run_after=None
[2022-11-06T01:59:45.292+0200] {logging_mixin.py:120} INFO - [2022-11-06T01:59:45.292+0200] {dag.py:3336} INFO - Setting next_dagrun for example_subdag_operator.section-2 to None, run_after=None
[2022-11-06T01:59:45.297+0200] {logging_mixin.py:120} INFO - [2022-11-06T01:59:45.297+0200] {dag.py:2585} INFO - Sync 2 DAGs
[2022-11-06T01:59:45.300+0200] {logging_mixin.py:120} INFO - [2022-11-06T01:59:45.300+0200] {dag.py:3336} INFO - Setting next_dagrun for example_subdag_operator.section-1 to None, run_after=None
[2022-11-06T01:59:45.300+0200] {logging_mixin.py:120} INFO - [2022-11-06T01:59:45.300+0200] {dag.py:3336} INFO - Setting next_dagrun for example_subdag_operator.section-2 to None, run_after=None
[2022-11-06T01:59:45.311+0200] {processor.py:176} INFO - Processing /Users/mnagy99/opt/anaconda3/envs/airflow-env/lib/python3.8/site-packages/airflow/example_dags/example_subdag_operator.py took 1.019 seconds
