[2022-11-05T23:45:25.657+0200] {processor.py:154} INFO - Started process (PID=8396) to work on /Users/mnagy99/opt/anaconda3/envs/airflow-env/lib/python3.8/site-packages/airflow/example_dags/example_xcomargs.py
[2022-11-05T23:45:25.658+0200] {processor.py:756} INFO - Processing file /Users/mnagy99/opt/anaconda3/envs/airflow-env/lib/python3.8/site-packages/airflow/example_dags/example_xcomargs.py for tasks to queue
[2022-11-05T23:45:25.658+0200] {logging_mixin.py:120} INFO - [2022-11-05T23:45:25.658+0200] {dagbag.py:537} INFO - Filling up the DagBag from /Users/mnagy99/opt/anaconda3/envs/airflow-env/lib/python3.8/site-packages/airflow/example_dags/example_xcomargs.py
[2022-11-05T23:45:25.700+0200] {processor.py:766} INFO - DAG(s) dict_keys(['example_xcom_args_with_operators', 'example_xcom_args']) retrieved from /Users/mnagy99/opt/anaconda3/envs/airflow-env/lib/python3.8/site-packages/airflow/example_dags/example_xcomargs.py
[2022-11-05T23:45:26.771+0200] {logging_mixin.py:120} INFO - [2022-11-05T23:45:26.771+0200] {manager.py:507} INFO - Created Permission View: can edit on DAG:example_xcom_args_with_operators
[2022-11-05T23:45:26.779+0200] {logging_mixin.py:120} INFO - [2022-11-05T23:45:26.779+0200] {manager.py:507} INFO - Created Permission View: can delete on DAG:example_xcom_args_with_operators
[2022-11-05T23:45:26.786+0200] {logging_mixin.py:120} INFO - [2022-11-05T23:45:26.786+0200] {manager.py:507} INFO - Created Permission View: can read on DAG:example_xcom_args_with_operators
[2022-11-05T23:45:26.800+0200] {logging_mixin.py:120} INFO - [2022-11-05T23:45:26.800+0200] {manager.py:507} INFO - Created Permission View: can edit on DAG:example_xcom_args
[2022-11-05T23:45:26.808+0200] {logging_mixin.py:120} INFO - [2022-11-05T23:45:26.807+0200] {manager.py:507} INFO - Created Permission View: can delete on DAG:example_xcom_args
[2022-11-05T23:45:26.813+0200] {logging_mixin.py:120} INFO - [2022-11-05T23:45:26.813+0200] {manager.py:507} INFO - Created Permission View: can read on DAG:example_xcom_args
[2022-11-05T23:45:26.813+0200] {logging_mixin.py:120} INFO - [2022-11-05T23:45:26.813+0200] {dag.py:2585} INFO - Sync 2 DAGs
[2022-11-05T23:45:26.883+0200] {logging_mixin.py:120} INFO - [2022-11-05T23:45:26.883+0200] {dag.py:2606} INFO - Creating ORM DAG for example_xcom_args
[2022-11-05T23:45:26.884+0200] {logging_mixin.py:120} INFO - [2022-11-05T23:45:26.884+0200] {dag.py:2606} INFO - Creating ORM DAG for example_xcom_args_with_operators
[2022-11-05T23:45:26.893+0200] {logging_mixin.py:120} INFO - [2022-11-05T23:45:26.893+0200] {dag.py:3336} INFO - Setting next_dagrun for example_xcom_args to None, run_after=None
[2022-11-05T23:45:26.893+0200] {logging_mixin.py:120} INFO - [2022-11-05T23:45:26.893+0200] {dag.py:3336} INFO - Setting next_dagrun for example_xcom_args_with_operators to None, run_after=None
[2022-11-05T23:45:26.912+0200] {processor.py:176} INFO - Processing /Users/mnagy99/opt/anaconda3/envs/airflow-env/lib/python3.8/site-packages/airflow/example_dags/example_xcomargs.py took 1.256 seconds
[2022-11-06T01:56:33.479+0200] {processor.py:154} INFO - Started process (PID=775) to work on /Users/mnagy99/opt/anaconda3/envs/airflow-env/lib/python3.8/site-packages/airflow/example_dags/example_xcomargs.py
[2022-11-06T01:56:33.481+0200] {processor.py:756} INFO - Processing file /Users/mnagy99/opt/anaconda3/envs/airflow-env/lib/python3.8/site-packages/airflow/example_dags/example_xcomargs.py for tasks to queue
[2022-11-06T01:56:33.482+0200] {logging_mixin.py:120} INFO - [2022-11-06T01:56:33.481+0200] {dagbag.py:537} INFO - Filling up the DagBag from /Users/mnagy99/opt/anaconda3/envs/airflow-env/lib/python3.8/site-packages/airflow/example_dags/example_xcomargs.py
[2022-11-06T01:56:33.528+0200] {processor.py:766} INFO - DAG(s) dict_keys(['example_xcom_args', 'example_xcom_args_with_operators']) retrieved from /Users/mnagy99/opt/anaconda3/envs/airflow-env/lib/python3.8/site-packages/airflow/example_dags/example_xcomargs.py
[2022-11-06T01:56:33.567+0200] {logging_mixin.py:120} INFO - [2022-11-06T01:56:33.566+0200] {dag.py:2585} INFO - Sync 2 DAGs
[2022-11-06T01:56:33.672+0200] {logging_mixin.py:120} INFO - [2022-11-06T01:56:33.672+0200] {dag.py:3336} INFO - Setting next_dagrun for example_xcom_args to None, run_after=None
[2022-11-06T01:56:33.676+0200] {logging_mixin.py:120} INFO - [2022-11-06T01:56:33.676+0200] {dag.py:3336} INFO - Setting next_dagrun for example_xcom_args_with_operators to None, run_after=None
[2022-11-06T01:56:33.693+0200] {processor.py:176} INFO - Processing /Users/mnagy99/opt/anaconda3/envs/airflow-env/lib/python3.8/site-packages/airflow/example_dags/example_xcomargs.py took 0.214 seconds
[2022-11-06T01:59:28.858+0200] {processor.py:154} INFO - Started process (PID=1313) to work on /Users/mnagy99/opt/anaconda3/envs/airflow-env/lib/python3.8/site-packages/airflow/example_dags/example_xcomargs.py
[2022-11-06T01:59:28.860+0200] {processor.py:756} INFO - Processing file /Users/mnagy99/opt/anaconda3/envs/airflow-env/lib/python3.8/site-packages/airflow/example_dags/example_xcomargs.py for tasks to queue
[2022-11-06T01:59:28.860+0200] {logging_mixin.py:120} INFO - [2022-11-06T01:59:28.860+0200] {dagbag.py:537} INFO - Filling up the DagBag from /Users/mnagy99/opt/anaconda3/envs/airflow-env/lib/python3.8/site-packages/airflow/example_dags/example_xcomargs.py
[2022-11-06T01:59:28.926+0200] {processor.py:766} INFO - DAG(s) dict_keys(['example_xcom_args_with_operators', 'example_xcom_args']) retrieved from /Users/mnagy99/opt/anaconda3/envs/airflow-env/lib/python3.8/site-packages/airflow/example_dags/example_xcomargs.py
[2022-11-06T01:59:29.402+0200] {logging_mixin.py:120} INFO - [2022-11-06T01:59:29.402+0200] {dag.py:2585} INFO - Sync 2 DAGs
[2022-11-06T01:59:29.415+0200] {logging_mixin.py:120} INFO - [2022-11-06T01:59:29.415+0200] {dag.py:3336} INFO - Setting next_dagrun for example_xcom_args to None, run_after=None
[2022-11-06T01:59:29.418+0200] {logging_mixin.py:120} INFO - [2022-11-06T01:59:29.418+0200] {dag.py:3336} INFO - Setting next_dagrun for example_xcom_args_with_operators to None, run_after=None
[2022-11-06T01:59:29.436+0200] {processor.py:176} INFO - Processing /Users/mnagy99/opt/anaconda3/envs/airflow-env/lib/python3.8/site-packages/airflow/example_dags/example_xcomargs.py took 0.578 seconds
