[2022-11-06T01:57:05.834+0200] {processor.py:154} INFO - Started process (PID=876) to work on /Users/mnagy99/opt/anaconda3/envs/airflow-env/lib/python3.8/site-packages/airflow/example_dags/example_python_operator.py
[2022-11-06T01:57:05.835+0200] {processor.py:756} INFO - Processing file /Users/mnagy99/opt/anaconda3/envs/airflow-env/lib/python3.8/site-packages/airflow/example_dags/example_python_operator.py for tasks to queue
[2022-11-06T01:57:05.835+0200] {logging_mixin.py:120} INFO - [2022-11-06T01:57:05.835+0200] {dagbag.py:537} INFO - Filling up the DagBag from /Users/mnagy99/opt/anaconda3/envs/airflow-env/lib/python3.8/site-packages/airflow/example_dags/example_python_operator.py
[2022-11-06T01:57:05.876+0200] {logging_mixin.py:120} INFO - [2022-11-06T01:57:05.875+0200] {taskmixin.py:205} WARNING - Dependency <Task(_PythonDecoratedOperator): print_the_context>, log_sql_query already registered for DAG: example_python_operator
[2022-11-06T01:57:05.876+0200] {logging_mixin.py:120} INFO - [2022-11-06T01:57:05.876+0200] {taskmixin.py:205} WARNING - Dependency <Task(_PythonDecoratedOperator): log_sql_query>, print_the_context already registered for DAG: example_python_operator
[2022-11-06T01:57:05.877+0200] {logging_mixin.py:120} INFO - [2022-11-06T01:57:05.877+0200] {taskmixin.py:205} WARNING - Dependency <Task(_PythonDecoratedOperator): print_the_context>, log_sql_query already registered for DAG: example_python_operator
[2022-11-06T01:57:05.877+0200] {logging_mixin.py:120} INFO - [2022-11-06T01:57:05.877+0200] {taskmixin.py:205} WARNING - Dependency <Task(_PythonDecoratedOperator): log_sql_query>, print_the_context already registered for DAG: example_python_operator
[2022-11-06T01:57:05.878+0200] {logging_mixin.py:120} INFO - [2022-11-06T01:57:05.878+0200] {taskmixin.py:205} WARNING - Dependency <Task(_PythonDecoratedOperator): print_the_context>, log_sql_query already registered for DAG: example_python_operator
[2022-11-06T01:57:05.878+0200] {logging_mixin.py:120} INFO - [2022-11-06T01:57:05.878+0200] {taskmixin.py:205} WARNING - Dependency <Task(_PythonDecoratedOperator): log_sql_query>, print_the_context already registered for DAG: example_python_operator
[2022-11-06T01:57:05.879+0200] {logging_mixin.py:120} INFO - [2022-11-06T01:57:05.879+0200] {taskmixin.py:205} WARNING - Dependency <Task(_PythonDecoratedOperator): print_the_context>, log_sql_query already registered for DAG: example_python_operator
[2022-11-06T01:57:05.880+0200] {logging_mixin.py:120} INFO - [2022-11-06T01:57:05.879+0200] {taskmixin.py:205} WARNING - Dependency <Task(_PythonDecoratedOperator): log_sql_query>, print_the_context already registered for DAG: example_python_operator
[2022-11-06T01:57:05.880+0200] {logging_mixin.py:120} INFO - [2022-11-06T01:57:05.880+0200] {example_python_operator.py:85} WARNING - The virtalenv_python example task requires virtualenv, please install it.
[2022-11-06T01:57:05.888+0200] {processor.py:766} INFO - DAG(s) dict_keys(['example_python_operator']) retrieved from /Users/mnagy99/opt/anaconda3/envs/airflow-env/lib/python3.8/site-packages/airflow/example_dags/example_python_operator.py
[2022-11-06T01:57:06.485+0200] {logging_mixin.py:120} INFO - [2022-11-06T01:57:06.485+0200] {dag.py:2585} INFO - Sync 1 DAGs
[2022-11-06T01:57:06.500+0200] {logging_mixin.py:120} INFO - [2022-11-06T01:57:06.500+0200] {dag.py:3336} INFO - Setting next_dagrun for example_python_operator to None, run_after=None
[2022-11-06T01:57:06.519+0200] {processor.py:176} INFO - Processing /Users/mnagy99/opt/anaconda3/envs/airflow-env/lib/python3.8/site-packages/airflow/example_dags/example_python_operator.py took 0.686 seconds
[2022-11-06T01:59:56.047+0200] {processor.py:154} INFO - Started process (PID=1439) to work on /Users/mnagy99/opt/anaconda3/envs/airflow-env/lib/python3.8/site-packages/airflow/example_dags/example_python_operator.py
[2022-11-06T01:59:56.048+0200] {processor.py:756} INFO - Processing file /Users/mnagy99/opt/anaconda3/envs/airflow-env/lib/python3.8/site-packages/airflow/example_dags/example_python_operator.py for tasks to queue
[2022-11-06T01:59:56.049+0200] {logging_mixin.py:120} INFO - [2022-11-06T01:59:56.049+0200] {dagbag.py:537} INFO - Filling up the DagBag from /Users/mnagy99/opt/anaconda3/envs/airflow-env/lib/python3.8/site-packages/airflow/example_dags/example_python_operator.py
[2022-11-06T01:59:56.095+0200] {logging_mixin.py:120} INFO - [2022-11-06T01:59:56.095+0200] {taskmixin.py:205} WARNING - Dependency <Task(_PythonDecoratedOperator): print_the_context>, log_sql_query already registered for DAG: example_python_operator
[2022-11-06T01:59:56.095+0200] {logging_mixin.py:120} INFO - [2022-11-06T01:59:56.095+0200] {taskmixin.py:205} WARNING - Dependency <Task(_PythonDecoratedOperator): log_sql_query>, print_the_context already registered for DAG: example_python_operator
[2022-11-06T01:59:56.096+0200] {logging_mixin.py:120} INFO - [2022-11-06T01:59:56.096+0200] {taskmixin.py:205} WARNING - Dependency <Task(_PythonDecoratedOperator): print_the_context>, log_sql_query already registered for DAG: example_python_operator
[2022-11-06T01:59:56.096+0200] {logging_mixin.py:120} INFO - [2022-11-06T01:59:56.096+0200] {taskmixin.py:205} WARNING - Dependency <Task(_PythonDecoratedOperator): log_sql_query>, print_the_context already registered for DAG: example_python_operator
[2022-11-06T01:59:56.097+0200] {logging_mixin.py:120} INFO - [2022-11-06T01:59:56.096+0200] {taskmixin.py:205} WARNING - Dependency <Task(_PythonDecoratedOperator): print_the_context>, log_sql_query already registered for DAG: example_python_operator
[2022-11-06T01:59:56.097+0200] {logging_mixin.py:120} INFO - [2022-11-06T01:59:56.097+0200] {taskmixin.py:205} WARNING - Dependency <Task(_PythonDecoratedOperator): log_sql_query>, print_the_context already registered for DAG: example_python_operator
[2022-11-06T01:59:56.097+0200] {logging_mixin.py:120} INFO - [2022-11-06T01:59:56.097+0200] {taskmixin.py:205} WARNING - Dependency <Task(_PythonDecoratedOperator): print_the_context>, log_sql_query already registered for DAG: example_python_operator
[2022-11-06T01:59:56.097+0200] {logging_mixin.py:120} INFO - [2022-11-06T01:59:56.097+0200] {taskmixin.py:205} WARNING - Dependency <Task(_PythonDecoratedOperator): log_sql_query>, print_the_context already registered for DAG: example_python_operator
[2022-11-06T01:59:56.098+0200] {logging_mixin.py:120} INFO - [2022-11-06T01:59:56.097+0200] {example_python_operator.py:85} WARNING - The virtalenv_python example task requires virtualenv, please install it.
[2022-11-06T01:59:56.103+0200] {processor.py:766} INFO - DAG(s) dict_keys(['example_python_operator']) retrieved from /Users/mnagy99/opt/anaconda3/envs/airflow-env/lib/python3.8/site-packages/airflow/example_dags/example_python_operator.py
[2022-11-06T01:59:56.602+0200] {logging_mixin.py:120} INFO - [2022-11-06T01:59:56.602+0200] {dag.py:2585} INFO - Sync 1 DAGs
[2022-11-06T01:59:56.616+0200] {logging_mixin.py:120} INFO - [2022-11-06T01:59:56.616+0200] {dag.py:3336} INFO - Setting next_dagrun for example_python_operator to None, run_after=None
[2022-11-06T01:59:56.638+0200] {processor.py:176} INFO - Processing /Users/mnagy99/opt/anaconda3/envs/airflow-env/lib/python3.8/site-packages/airflow/example_dags/example_python_operator.py took 0.592 seconds
