[2022-11-05T23:45:20.207+0200] {processor.py:154} INFO - Started process (PID=8391) to work on /Users/mnagy99/opt/anaconda3/envs/airflow-env/lib/python3.8/site-packages/airflow/example_dags/tutorial_dag.py
[2022-11-05T23:45:20.207+0200] {processor.py:756} INFO - Processing file /Users/mnagy99/opt/anaconda3/envs/airflow-env/lib/python3.8/site-packages/airflow/example_dags/tutorial_dag.py for tasks to queue
[2022-11-05T23:45:20.208+0200] {logging_mixin.py:120} INFO - [2022-11-05T23:45:20.208+0200] {dagbag.py:537} INFO - Filling up the DagBag from /Users/mnagy99/opt/anaconda3/envs/airflow-env/lib/python3.8/site-packages/airflow/example_dags/tutorial_dag.py
[2022-11-05T23:45:20.237+0200] {processor.py:766} INFO - DAG(s) dict_keys(['tutorial_dag']) retrieved from /Users/mnagy99/opt/anaconda3/envs/airflow-env/lib/python3.8/site-packages/airflow/example_dags/tutorial_dag.py
[2022-11-05T23:45:21.278+0200] {logging_mixin.py:120} INFO - [2022-11-05T23:45:21.277+0200] {manager.py:507} INFO - Created Permission View: can read on DAG:tutorial_dag
[2022-11-05T23:45:21.285+0200] {logging_mixin.py:120} INFO - [2022-11-05T23:45:21.285+0200] {manager.py:507} INFO - Created Permission View: can edit on DAG:tutorial_dag
[2022-11-05T23:45:21.290+0200] {logging_mixin.py:120} INFO - [2022-11-05T23:45:21.290+0200] {manager.py:507} INFO - Created Permission View: can delete on DAG:tutorial_dag
[2022-11-05T23:45:21.291+0200] {logging_mixin.py:120} INFO - [2022-11-05T23:45:21.291+0200] {dag.py:2585} INFO - Sync 1 DAGs
[2022-11-05T23:45:21.360+0200] {logging_mixin.py:120} INFO - [2022-11-05T23:45:21.360+0200] {dag.py:2606} INFO - Creating ORM DAG for tutorial_dag
[2022-11-05T23:45:21.368+0200] {logging_mixin.py:120} INFO - [2022-11-05T23:45:21.368+0200] {dag.py:3336} INFO - Setting next_dagrun for tutorial_dag to None, run_after=None
[2022-11-05T23:45:21.386+0200] {processor.py:176} INFO - Processing /Users/mnagy99/opt/anaconda3/envs/airflow-env/lib/python3.8/site-packages/airflow/example_dags/tutorial_dag.py took 1.180 seconds
[2022-11-06T01:56:29.341+0200] {processor.py:154} INFO - Started process (PID=751) to work on /Users/mnagy99/opt/anaconda3/envs/airflow-env/lib/python3.8/site-packages/airflow/example_dags/tutorial_dag.py
[2022-11-06T01:56:29.342+0200] {processor.py:756} INFO - Processing file /Users/mnagy99/opt/anaconda3/envs/airflow-env/lib/python3.8/site-packages/airflow/example_dags/tutorial_dag.py for tasks to queue
[2022-11-06T01:56:29.342+0200] {logging_mixin.py:120} INFO - [2022-11-06T01:56:29.342+0200] {dagbag.py:537} INFO - Filling up the DagBag from /Users/mnagy99/opt/anaconda3/envs/airflow-env/lib/python3.8/site-packages/airflow/example_dags/tutorial_dag.py
[2022-11-06T01:56:29.371+0200] {processor.py:766} INFO - DAG(s) dict_keys(['tutorial_dag']) retrieved from /Users/mnagy99/opt/anaconda3/envs/airflow-env/lib/python3.8/site-packages/airflow/example_dags/tutorial_dag.py
[2022-11-06T01:56:29.412+0200] {logging_mixin.py:120} INFO - [2022-11-06T01:56:29.412+0200] {dag.py:2585} INFO - Sync 1 DAGs
[2022-11-06T01:56:29.514+0200] {logging_mixin.py:120} INFO - [2022-11-06T01:56:29.514+0200] {dag.py:3336} INFO - Setting next_dagrun for tutorial_dag to None, run_after=None
[2022-11-06T01:56:29.534+0200] {processor.py:176} INFO - Processing /Users/mnagy99/opt/anaconda3/envs/airflow-env/lib/python3.8/site-packages/airflow/example_dags/tutorial_dag.py took 0.194 seconds
[2022-11-06T01:59:24.122+0200] {processor.py:154} INFO - Started process (PID=1282) to work on /Users/mnagy99/opt/anaconda3/envs/airflow-env/lib/python3.8/site-packages/airflow/example_dags/tutorial_dag.py
[2022-11-06T01:59:24.124+0200] {processor.py:756} INFO - Processing file /Users/mnagy99/opt/anaconda3/envs/airflow-env/lib/python3.8/site-packages/airflow/example_dags/tutorial_dag.py for tasks to queue
[2022-11-06T01:59:24.125+0200] {logging_mixin.py:120} INFO - [2022-11-06T01:59:24.125+0200] {dagbag.py:537} INFO - Filling up the DagBag from /Users/mnagy99/opt/anaconda3/envs/airflow-env/lib/python3.8/site-packages/airflow/example_dags/tutorial_dag.py
[2022-11-06T01:59:24.165+0200] {processor.py:766} INFO - DAG(s) dict_keys(['tutorial_dag']) retrieved from /Users/mnagy99/opt/anaconda3/envs/airflow-env/lib/python3.8/site-packages/airflow/example_dags/tutorial_dag.py
[2022-11-06T01:59:24.670+0200] {logging_mixin.py:120} INFO - [2022-11-06T01:59:24.670+0200] {dag.py:2585} INFO - Sync 1 DAGs
[2022-11-06T01:59:24.690+0200] {logging_mixin.py:120} INFO - [2022-11-06T01:59:24.690+0200] {dag.py:3336} INFO - Setting next_dagrun for tutorial_dag to None, run_after=None
[2022-11-06T01:59:24.705+0200] {processor.py:176} INFO - Processing /Users/mnagy99/opt/anaconda3/envs/airflow-env/lib/python3.8/site-packages/airflow/example_dags/tutorial_dag.py took 0.584 seconds
