[2022-11-05T23:45:17.120+0200] {processor.py:154} INFO - Started process (PID=8389) to work on /Users/mnagy99/opt/anaconda3/envs/airflow-env/lib/python3.8/site-packages/airflow/example_dags/tutorial_taskflow_api.py
[2022-11-05T23:45:17.121+0200] {processor.py:756} INFO - Processing file /Users/mnagy99/opt/anaconda3/envs/airflow-env/lib/python3.8/site-packages/airflow/example_dags/tutorial_taskflow_api.py for tasks to queue
[2022-11-05T23:45:17.121+0200] {logging_mixin.py:120} INFO - [2022-11-05T23:45:17.121+0200] {dagbag.py:537} INFO - Filling up the DagBag from /Users/mnagy99/opt/anaconda3/envs/airflow-env/lib/python3.8/site-packages/airflow/example_dags/tutorial_taskflow_api.py
[2022-11-05T23:45:17.175+0200] {processor.py:766} INFO - DAG(s) dict_keys(['tutorial_taskflow_api']) retrieved from /Users/mnagy99/opt/anaconda3/envs/airflow-env/lib/python3.8/site-packages/airflow/example_dags/tutorial_taskflow_api.py
[2022-11-05T23:45:18.255+0200] {logging_mixin.py:120} INFO - [2022-11-05T23:45:18.254+0200] {manager.py:507} INFO - Created Permission View: can read on DAG:tutorial_taskflow_api
[2022-11-05T23:45:18.262+0200] {logging_mixin.py:120} INFO - [2022-11-05T23:45:18.261+0200] {manager.py:507} INFO - Created Permission View: can edit on DAG:tutorial_taskflow_api
[2022-11-05T23:45:18.269+0200] {logging_mixin.py:120} INFO - [2022-11-05T23:45:18.268+0200] {manager.py:507} INFO - Created Permission View: can delete on DAG:tutorial_taskflow_api
[2022-11-05T23:45:18.269+0200] {logging_mixin.py:120} INFO - [2022-11-05T23:45:18.269+0200] {dag.py:2585} INFO - Sync 1 DAGs
[2022-11-05T23:45:18.347+0200] {logging_mixin.py:120} INFO - [2022-11-05T23:45:18.347+0200] {dag.py:2606} INFO - Creating ORM DAG for tutorial_taskflow_api
[2022-11-05T23:45:18.356+0200] {logging_mixin.py:120} INFO - [2022-11-05T23:45:18.356+0200] {dag.py:3336} INFO - Setting next_dagrun for tutorial_taskflow_api to None, run_after=None
[2022-11-05T23:45:18.375+0200] {processor.py:176} INFO - Processing /Users/mnagy99/opt/anaconda3/envs/airflow-env/lib/python3.8/site-packages/airflow/example_dags/tutorial_taskflow_api.py took 1.256 seconds
[2022-11-06T01:56:28.165+0200] {processor.py:154} INFO - Started process (PID=749) to work on /Users/mnagy99/opt/anaconda3/envs/airflow-env/lib/python3.8/site-packages/airflow/example_dags/tutorial_taskflow_api.py
[2022-11-06T01:56:28.167+0200] {processor.py:756} INFO - Processing file /Users/mnagy99/opt/anaconda3/envs/airflow-env/lib/python3.8/site-packages/airflow/example_dags/tutorial_taskflow_api.py for tasks to queue
[2022-11-06T01:56:28.168+0200] {logging_mixin.py:120} INFO - [2022-11-06T01:56:28.167+0200] {dagbag.py:537} INFO - Filling up the DagBag from /Users/mnagy99/opt/anaconda3/envs/airflow-env/lib/python3.8/site-packages/airflow/example_dags/tutorial_taskflow_api.py
[2022-11-06T01:56:28.213+0200] {processor.py:766} INFO - DAG(s) dict_keys(['tutorial_taskflow_api']) retrieved from /Users/mnagy99/opt/anaconda3/envs/airflow-env/lib/python3.8/site-packages/airflow/example_dags/tutorial_taskflow_api.py
[2022-11-06T01:56:28.251+0200] {logging_mixin.py:120} INFO - [2022-11-06T01:56:28.251+0200] {dag.py:2585} INFO - Sync 1 DAGs
[2022-11-06T01:56:28.360+0200] {logging_mixin.py:120} INFO - [2022-11-06T01:56:28.360+0200] {dag.py:3336} INFO - Setting next_dagrun for tutorial_taskflow_api to None, run_after=None
[2022-11-06T01:56:28.381+0200] {processor.py:176} INFO - Processing /Users/mnagy99/opt/anaconda3/envs/airflow-env/lib/python3.8/site-packages/airflow/example_dags/tutorial_taskflow_api.py took 0.217 seconds
[2022-11-06T01:59:22.316+0200] {processor.py:154} INFO - Started process (PID=1262) to work on /Users/mnagy99/opt/anaconda3/envs/airflow-env/lib/python3.8/site-packages/airflow/example_dags/tutorial_taskflow_api.py
[2022-11-06T01:59:22.318+0200] {processor.py:756} INFO - Processing file /Users/mnagy99/opt/anaconda3/envs/airflow-env/lib/python3.8/site-packages/airflow/example_dags/tutorial_taskflow_api.py for tasks to queue
[2022-11-06T01:59:22.318+0200] {logging_mixin.py:120} INFO - [2022-11-06T01:59:22.318+0200] {dagbag.py:537} INFO - Filling up the DagBag from /Users/mnagy99/opt/anaconda3/envs/airflow-env/lib/python3.8/site-packages/airflow/example_dags/tutorial_taskflow_api.py
[2022-11-06T01:59:22.366+0200] {processor.py:766} INFO - DAG(s) dict_keys(['tutorial_taskflow_api']) retrieved from /Users/mnagy99/opt/anaconda3/envs/airflow-env/lib/python3.8/site-packages/airflow/example_dags/tutorial_taskflow_api.py
[2022-11-06T01:59:22.849+0200] {logging_mixin.py:120} INFO - [2022-11-06T01:59:22.848+0200] {dag.py:2585} INFO - Sync 1 DAGs
[2022-11-06T01:59:22.862+0200] {logging_mixin.py:120} INFO - [2022-11-06T01:59:22.862+0200] {dag.py:3336} INFO - Setting next_dagrun for tutorial_taskflow_api to None, run_after=None
[2022-11-06T01:59:22.884+0200] {processor.py:176} INFO - Processing /Users/mnagy99/opt/anaconda3/envs/airflow-env/lib/python3.8/site-packages/airflow/example_dags/tutorial_taskflow_api.py took 0.569 seconds
