[2022-11-05T23:45:23.230+0200] {processor.py:154} INFO - Started process (PID=8394) to work on /Users/mnagy99/opt/anaconda3/envs/airflow-env/lib/python3.8/site-packages/airflow/example_dags/tutorial.py
[2022-11-05T23:45:23.231+0200] {processor.py:756} INFO - Processing file /Users/mnagy99/opt/anaconda3/envs/airflow-env/lib/python3.8/site-packages/airflow/example_dags/tutorial.py for tasks to queue
[2022-11-05T23:45:23.231+0200] {logging_mixin.py:120} INFO - [2022-11-05T23:45:23.231+0200] {dagbag.py:537} INFO - Filling up the DagBag from /Users/mnagy99/opt/anaconda3/envs/airflow-env/lib/python3.8/site-packages/airflow/example_dags/tutorial.py
[2022-11-05T23:45:23.258+0200] {processor.py:766} INFO - DAG(s) dict_keys(['tutorial']) retrieved from /Users/mnagy99/opt/anaconda3/envs/airflow-env/lib/python3.8/site-packages/airflow/example_dags/tutorial.py
[2022-11-05T23:45:24.284+0200] {logging_mixin.py:120} INFO - [2022-11-05T23:45:24.284+0200] {manager.py:507} INFO - Created Permission View: can delete on DAG:tutorial
[2022-11-05T23:45:24.290+0200] {logging_mixin.py:120} INFO - [2022-11-05T23:45:24.290+0200] {manager.py:507} INFO - Created Permission View: can edit on DAG:tutorial
[2022-11-05T23:45:24.296+0200] {logging_mixin.py:120} INFO - [2022-11-05T23:45:24.296+0200] {manager.py:507} INFO - Created Permission View: can read on DAG:tutorial
[2022-11-05T23:45:24.296+0200] {logging_mixin.py:120} INFO - [2022-11-05T23:45:24.296+0200] {dag.py:2585} INFO - Sync 1 DAGs
[2022-11-05T23:45:24.307+0200] {logging_mixin.py:120} INFO - [2022-11-05T23:45:24.307+0200] {dag.py:2606} INFO - Creating ORM DAG for tutorial
[2022-11-05T23:45:24.378+0200] {logging_mixin.py:120} INFO - [2022-11-05T23:45:24.378+0200] {dag.py:3336} INFO - Setting next_dagrun for tutorial to 2022-11-04T21:45:24.378429+00:00, run_after=2022-11-05T21:45:24.378429+00:00
[2022-11-05T23:45:24.396+0200] {processor.py:176} INFO - Processing /Users/mnagy99/opt/anaconda3/envs/airflow-env/lib/python3.8/site-packages/airflow/example_dags/tutorial.py took 1.167 seconds
[2022-11-06T01:56:31.269+0200] {processor.py:154} INFO - Started process (PID=754) to work on /Users/mnagy99/opt/anaconda3/envs/airflow-env/lib/python3.8/site-packages/airflow/example_dags/tutorial.py
[2022-11-06T01:56:31.270+0200] {processor.py:756} INFO - Processing file /Users/mnagy99/opt/anaconda3/envs/airflow-env/lib/python3.8/site-packages/airflow/example_dags/tutorial.py for tasks to queue
[2022-11-06T01:56:31.271+0200] {logging_mixin.py:120} INFO - [2022-11-06T01:56:31.270+0200] {dagbag.py:537} INFO - Filling up the DagBag from /Users/mnagy99/opt/anaconda3/envs/airflow-env/lib/python3.8/site-packages/airflow/example_dags/tutorial.py
[2022-11-06T01:56:31.300+0200] {processor.py:766} INFO - DAG(s) dict_keys(['tutorial']) retrieved from /Users/mnagy99/opt/anaconda3/envs/airflow-env/lib/python3.8/site-packages/airflow/example_dags/tutorial.py
[2022-11-06T01:56:31.341+0200] {logging_mixin.py:120} INFO - [2022-11-06T01:56:31.340+0200] {dag.py:2585} INFO - Sync 1 DAGs
[2022-11-06T01:56:31.496+0200] {logging_mixin.py:120} INFO - [2022-11-06T01:56:31.496+0200] {dag.py:3336} INFO - Setting next_dagrun for tutorial to 2022-11-04T23:56:31.496052+00:00, run_after=2022-11-05T23:56:31.496052+00:00
[2022-11-06T01:56:31.514+0200] {processor.py:176} INFO - Processing /Users/mnagy99/opt/anaconda3/envs/airflow-env/lib/python3.8/site-packages/airflow/example_dags/tutorial.py took 0.246 seconds
[2022-11-06T01:59:26.497+0200] {processor.py:154} INFO - Started process (PID=1299) to work on /Users/mnagy99/opt/anaconda3/envs/airflow-env/lib/python3.8/site-packages/airflow/example_dags/tutorial.py
[2022-11-06T01:59:26.499+0200] {processor.py:756} INFO - Processing file /Users/mnagy99/opt/anaconda3/envs/airflow-env/lib/python3.8/site-packages/airflow/example_dags/tutorial.py for tasks to queue
[2022-11-06T01:59:26.499+0200] {logging_mixin.py:120} INFO - [2022-11-06T01:59:26.499+0200] {dagbag.py:537} INFO - Filling up the DagBag from /Users/mnagy99/opt/anaconda3/envs/airflow-env/lib/python3.8/site-packages/airflow/example_dags/tutorial.py
[2022-11-06T01:59:26.525+0200] {processor.py:766} INFO - DAG(s) dict_keys(['tutorial']) retrieved from /Users/mnagy99/opt/anaconda3/envs/airflow-env/lib/python3.8/site-packages/airflow/example_dags/tutorial.py
[2022-11-06T01:59:27.035+0200] {logging_mixin.py:120} INFO - [2022-11-06T01:59:27.035+0200] {dag.py:2585} INFO - Sync 1 DAGs
[2022-11-06T01:59:27.050+0200] {logging_mixin.py:120} INFO - [2022-11-06T01:59:27.050+0200] {dag.py:3336} INFO - Setting next_dagrun for tutorial to 2022-11-04T23:59:27.050387+00:00, run_after=2022-11-05T23:59:27.050387+00:00
[2022-11-06T01:59:27.064+0200] {processor.py:176} INFO - Processing /Users/mnagy99/opt/anaconda3/envs/airflow-env/lib/python3.8/site-packages/airflow/example_dags/tutorial.py took 0.568 seconds
