[2022-11-06T02:00:33.863+0200] {processor.py:154} INFO - Started process (PID=1662) to work on /Users/mnagy99/opt/anaconda3/envs/airflow-env/lib/python3.8/site-packages/airflow/example_dags/example_branch_labels.py
[2022-11-06T02:00:33.863+0200] {processor.py:756} INFO - Processing file /Users/mnagy99/opt/anaconda3/envs/airflow-env/lib/python3.8/site-packages/airflow/example_dags/example_branch_labels.py for tasks to queue
[2022-11-06T02:00:33.864+0200] {logging_mixin.py:120} INFO - [2022-11-06T02:00:33.864+0200] {dagbag.py:537} INFO - Filling up the DagBag from /Users/mnagy99/opt/anaconda3/envs/airflow-env/lib/python3.8/site-packages/airflow/example_dags/example_branch_labels.py
[2022-11-06T02:00:33.894+0200] {processor.py:766} INFO - DAG(s) dict_keys(['example_branch_labels']) retrieved from /Users/mnagy99/opt/anaconda3/envs/airflow-env/lib/python3.8/site-packages/airflow/example_dags/example_branch_labels.py
[2022-11-06T02:00:34.441+0200] {logging_mixin.py:120} INFO - [2022-11-06T02:00:34.441+0200] {dag.py:2585} INFO - Sync 1 DAGs
[2022-11-06T02:00:34.462+0200] {logging_mixin.py:120} INFO - [2022-11-06T02:00:34.462+0200] {dag.py:3336} INFO - Setting next_dagrun for example_branch_labels to 2022-11-05T00:00:00+00:00, run_after=2022-11-06T00:00:00+00:00
[2022-11-06T02:00:34.481+0200] {processor.py:176} INFO - Processing /Users/mnagy99/opt/anaconda3/envs/airflow-env/lib/python3.8/site-packages/airflow/example_dags/example_branch_labels.py took 0.619 seconds
[2022-11-06T02:02:50.049+0200] {processor.py:154} INFO - Started process (PID=2076) to work on /Users/mnagy99/opt/anaconda3/envs/airflow-env/lib/python3.8/site-packages/airflow/example_dags/example_branch_labels.py
[2022-11-06T02:02:50.050+0200] {processor.py:756} INFO - Processing file /Users/mnagy99/opt/anaconda3/envs/airflow-env/lib/python3.8/site-packages/airflow/example_dags/example_branch_labels.py for tasks to queue
[2022-11-06T02:02:50.050+0200] {logging_mixin.py:120} INFO - [2022-11-06T02:02:50.050+0200] {dagbag.py:537} INFO - Filling up the DagBag from /Users/mnagy99/opt/anaconda3/envs/airflow-env/lib/python3.8/site-packages/airflow/example_dags/example_branch_labels.py
[2022-11-06T02:02:50.079+0200] {processor.py:766} INFO - DAG(s) dict_keys(['example_branch_labels']) retrieved from /Users/mnagy99/opt/anaconda3/envs/airflow-env/lib/python3.8/site-packages/airflow/example_dags/example_branch_labels.py
[2022-11-06T02:02:50.602+0200] {logging_mixin.py:120} INFO - [2022-11-06T02:02:50.601+0200] {dag.py:2585} INFO - Sync 1 DAGs
[2022-11-06T02:02:50.618+0200] {logging_mixin.py:120} INFO - [2022-11-06T02:02:50.618+0200] {dag.py:3336} INFO - Setting next_dagrun for example_branch_labels to 2022-11-05T00:00:00+00:00, run_after=2022-11-06T00:00:00+00:00
[2022-11-06T02:02:50.639+0200] {processor.py:176} INFO - Processing /Users/mnagy99/opt/anaconda3/envs/airflow-env/lib/python3.8/site-packages/airflow/example_dags/example_branch_labels.py took 0.590 seconds
[2022-11-06T02:05:10.741+0200] {processor.py:154} INFO - Started process (PID=2213) to work on /Users/mnagy99/opt/anaconda3/envs/airflow-env/lib/python3.8/site-packages/airflow/example_dags/example_branch_labels.py
[2022-11-06T02:05:10.813+0200] {processor.py:756} INFO - Processing file /Users/mnagy99/opt/anaconda3/envs/airflow-env/lib/python3.8/site-packages/airflow/example_dags/example_branch_labels.py for tasks to queue
[2022-11-06T02:05:10.818+0200] {logging_mixin.py:120} INFO - [2022-11-06T02:05:10.818+0200] {dagbag.py:537} INFO - Filling up the DagBag from /Users/mnagy99/opt/anaconda3/envs/airflow-env/lib/python3.8/site-packages/airflow/example_dags/example_branch_labels.py
[2022-11-06T02:05:10.856+0200] {processor.py:766} INFO - DAG(s) dict_keys(['example_branch_labels']) retrieved from /Users/mnagy99/opt/anaconda3/envs/airflow-env/lib/python3.8/site-packages/airflow/example_dags/example_branch_labels.py
[2022-11-06T02:05:11.360+0200] {logging_mixin.py:120} INFO - [2022-11-06T02:05:11.360+0200] {dag.py:2585} INFO - Sync 1 DAGs
[2022-11-06T02:05:11.376+0200] {logging_mixin.py:120} INFO - [2022-11-06T02:05:11.376+0200] {dag.py:3336} INFO - Setting next_dagrun for example_branch_labels to 2022-11-05T00:00:00+00:00, run_after=2022-11-06T00:00:00+00:00
[2022-11-06T02:05:11.393+0200] {processor.py:176} INFO - Processing /Users/mnagy99/opt/anaconda3/envs/airflow-env/lib/python3.8/site-packages/airflow/example_dags/example_branch_labels.py took 0.653 seconds
[2022-11-06T02:07:28.859+0200] {processor.py:154} INFO - Started process (PID=2341) to work on /Users/mnagy99/opt/anaconda3/envs/airflow-env/lib/python3.8/site-packages/airflow/example_dags/example_branch_labels.py
[2022-11-06T02:07:28.861+0200] {processor.py:756} INFO - Processing file /Users/mnagy99/opt/anaconda3/envs/airflow-env/lib/python3.8/site-packages/airflow/example_dags/example_branch_labels.py for tasks to queue
[2022-11-06T02:07:28.861+0200] {logging_mixin.py:120} INFO - [2022-11-06T02:07:28.861+0200] {dagbag.py:537} INFO - Filling up the DagBag from /Users/mnagy99/opt/anaconda3/envs/airflow-env/lib/python3.8/site-packages/airflow/example_dags/example_branch_labels.py
[2022-11-06T02:07:28.895+0200] {processor.py:766} INFO - DAG(s) dict_keys(['example_branch_labels']) retrieved from /Users/mnagy99/opt/anaconda3/envs/airflow-env/lib/python3.8/site-packages/airflow/example_dags/example_branch_labels.py
[2022-11-06T02:07:29.375+0200] {logging_mixin.py:120} INFO - [2022-11-06T02:07:29.375+0200] {dag.py:2585} INFO - Sync 1 DAGs
[2022-11-06T02:07:29.394+0200] {logging_mixin.py:120} INFO - [2022-11-06T02:07:29.394+0200] {dag.py:3336} INFO - Setting next_dagrun for example_branch_labels to 2022-11-05T00:00:00+00:00, run_after=2022-11-06T00:00:00+00:00
[2022-11-06T02:07:29.410+0200] {processor.py:176} INFO - Processing /Users/mnagy99/opt/anaconda3/envs/airflow-env/lib/python3.8/site-packages/airflow/example_dags/example_branch_labels.py took 0.551 seconds
[2022-11-06T02:09:48.434+0200] {processor.py:154} INFO - Started process (PID=2467) to work on /Users/mnagy99/opt/anaconda3/envs/airflow-env/lib/python3.8/site-packages/airflow/example_dags/example_branch_labels.py
[2022-11-06T02:09:48.435+0200] {processor.py:756} INFO - Processing file /Users/mnagy99/opt/anaconda3/envs/airflow-env/lib/python3.8/site-packages/airflow/example_dags/example_branch_labels.py for tasks to queue
[2022-11-06T02:09:48.436+0200] {logging_mixin.py:120} INFO - [2022-11-06T02:09:48.436+0200] {dagbag.py:537} INFO - Filling up the DagBag from /Users/mnagy99/opt/anaconda3/envs/airflow-env/lib/python3.8/site-packages/airflow/example_dags/example_branch_labels.py
[2022-11-06T02:09:48.462+0200] {processor.py:766} INFO - DAG(s) dict_keys(['example_branch_labels']) retrieved from /Users/mnagy99/opt/anaconda3/envs/airflow-env/lib/python3.8/site-packages/airflow/example_dags/example_branch_labels.py
[2022-11-06T02:09:48.958+0200] {logging_mixin.py:120} INFO - [2022-11-06T02:09:48.958+0200] {dag.py:2585} INFO - Sync 1 DAGs
[2022-11-06T02:09:48.977+0200] {logging_mixin.py:120} INFO - [2022-11-06T02:09:48.977+0200] {dag.py:3336} INFO - Setting next_dagrun for example_branch_labels to 2022-11-05T00:00:00+00:00, run_after=2022-11-06T00:00:00+00:00
[2022-11-06T02:09:48.998+0200] {processor.py:176} INFO - Processing /Users/mnagy99/opt/anaconda3/envs/airflow-env/lib/python3.8/site-packages/airflow/example_dags/example_branch_labels.py took 0.565 seconds
[2022-11-06T02:12:01.974+0200] {processor.py:154} INFO - Started process (PID=2599) to work on /Users/mnagy99/opt/anaconda3/envs/airflow-env/lib/python3.8/site-packages/airflow/example_dags/example_branch_labels.py
[2022-11-06T02:12:01.976+0200] {processor.py:756} INFO - Processing file /Users/mnagy99/opt/anaconda3/envs/airflow-env/lib/python3.8/site-packages/airflow/example_dags/example_branch_labels.py for tasks to queue
[2022-11-06T02:12:01.977+0200] {logging_mixin.py:120} INFO - [2022-11-06T02:12:01.977+0200] {dagbag.py:537} INFO - Filling up the DagBag from /Users/mnagy99/opt/anaconda3/envs/airflow-env/lib/python3.8/site-packages/airflow/example_dags/example_branch_labels.py
[2022-11-06T02:12:02.001+0200] {processor.py:766} INFO - DAG(s) dict_keys(['example_branch_labels']) retrieved from /Users/mnagy99/opt/anaconda3/envs/airflow-env/lib/python3.8/site-packages/airflow/example_dags/example_branch_labels.py
[2022-11-06T02:12:02.546+0200] {logging_mixin.py:120} INFO - [2022-11-06T02:12:02.546+0200] {dag.py:2585} INFO - Sync 1 DAGs
[2022-11-06T02:12:02.564+0200] {logging_mixin.py:120} INFO - [2022-11-06T02:12:02.564+0200] {dag.py:3336} INFO - Setting next_dagrun for example_branch_labels to 2022-11-05T00:00:00+00:00, run_after=2022-11-06T00:00:00+00:00
[2022-11-06T02:12:02.581+0200] {processor.py:176} INFO - Processing /Users/mnagy99/opt/anaconda3/envs/airflow-env/lib/python3.8/site-packages/airflow/example_dags/example_branch_labels.py took 0.608 seconds
[2022-11-06T02:14:16.068+0200] {processor.py:154} INFO - Started process (PID=2774) to work on /Users/mnagy99/opt/anaconda3/envs/airflow-env/lib/python3.8/site-packages/airflow/example_dags/example_branch_labels.py
[2022-11-06T02:14:16.070+0200] {processor.py:756} INFO - Processing file /Users/mnagy99/opt/anaconda3/envs/airflow-env/lib/python3.8/site-packages/airflow/example_dags/example_branch_labels.py for tasks to queue
[2022-11-06T02:14:16.070+0200] {logging_mixin.py:120} INFO - [2022-11-06T02:14:16.070+0200] {dagbag.py:537} INFO - Filling up the DagBag from /Users/mnagy99/opt/anaconda3/envs/airflow-env/lib/python3.8/site-packages/airflow/example_dags/example_branch_labels.py
[2022-11-06T02:14:16.094+0200] {processor.py:766} INFO - DAG(s) dict_keys(['example_branch_labels']) retrieved from /Users/mnagy99/opt/anaconda3/envs/airflow-env/lib/python3.8/site-packages/airflow/example_dags/example_branch_labels.py
[2022-11-06T02:14:16.664+0200] {logging_mixin.py:120} INFO - [2022-11-06T02:14:16.664+0200] {dag.py:2585} INFO - Sync 1 DAGs
[2022-11-06T02:14:16.681+0200] {logging_mixin.py:120} INFO - [2022-11-06T02:14:16.681+0200] {dag.py:3336} INFO - Setting next_dagrun for example_branch_labels to 2022-11-05T00:00:00+00:00, run_after=2022-11-06T00:00:00+00:00
[2022-11-06T02:14:16.697+0200] {processor.py:176} INFO - Processing /Users/mnagy99/opt/anaconda3/envs/airflow-env/lib/python3.8/site-packages/airflow/example_dags/example_branch_labels.py took 0.631 seconds
[2022-11-06T02:16:33.549+0200] {processor.py:154} INFO - Started process (PID=2932) to work on /Users/mnagy99/opt/anaconda3/envs/airflow-env/lib/python3.8/site-packages/airflow/example_dags/example_branch_labels.py
[2022-11-06T02:16:33.552+0200] {processor.py:756} INFO - Processing file /Users/mnagy99/opt/anaconda3/envs/airflow-env/lib/python3.8/site-packages/airflow/example_dags/example_branch_labels.py for tasks to queue
[2022-11-06T02:16:33.552+0200] {logging_mixin.py:120} INFO - [2022-11-06T02:16:33.552+0200] {dagbag.py:537} INFO - Filling up the DagBag from /Users/mnagy99/opt/anaconda3/envs/airflow-env/lib/python3.8/site-packages/airflow/example_dags/example_branch_labels.py
[2022-11-06T02:16:33.574+0200] {processor.py:766} INFO - DAG(s) dict_keys(['example_branch_labels']) retrieved from /Users/mnagy99/opt/anaconda3/envs/airflow-env/lib/python3.8/site-packages/airflow/example_dags/example_branch_labels.py
[2022-11-06T02:16:34.005+0200] {logging_mixin.py:120} INFO - [2022-11-06T02:16:34.004+0200] {dag.py:2585} INFO - Sync 1 DAGs
[2022-11-06T02:16:34.019+0200] {logging_mixin.py:120} INFO - [2022-11-06T02:16:34.019+0200] {dag.py:3336} INFO - Setting next_dagrun for example_branch_labels to 2022-11-05T00:00:00+00:00, run_after=2022-11-06T00:00:00+00:00
[2022-11-06T02:16:34.036+0200] {processor.py:176} INFO - Processing /Users/mnagy99/opt/anaconda3/envs/airflow-env/lib/python3.8/site-packages/airflow/example_dags/example_branch_labels.py took 0.487 seconds
[2022-11-06T02:18:45.729+0200] {processor.py:154} INFO - Started process (PID=3077) to work on /Users/mnagy99/opt/anaconda3/envs/airflow-env/lib/python3.8/site-packages/airflow/example_dags/example_branch_labels.py
[2022-11-06T02:18:45.731+0200] {processor.py:756} INFO - Processing file /Users/mnagy99/opt/anaconda3/envs/airflow-env/lib/python3.8/site-packages/airflow/example_dags/example_branch_labels.py for tasks to queue
[2022-11-06T02:18:45.732+0200] {logging_mixin.py:120} INFO - [2022-11-06T02:18:45.732+0200] {dagbag.py:537} INFO - Filling up the DagBag from /Users/mnagy99/opt/anaconda3/envs/airflow-env/lib/python3.8/site-packages/airflow/example_dags/example_branch_labels.py
[2022-11-06T02:18:45.755+0200] {processor.py:766} INFO - DAG(s) dict_keys(['example_branch_labels']) retrieved from /Users/mnagy99/opt/anaconda3/envs/airflow-env/lib/python3.8/site-packages/airflow/example_dags/example_branch_labels.py
[2022-11-06T02:18:46.226+0200] {logging_mixin.py:120} INFO - [2022-11-06T02:18:46.226+0200] {dag.py:2585} INFO - Sync 1 DAGs
[2022-11-06T02:18:46.241+0200] {logging_mixin.py:120} INFO - [2022-11-06T02:18:46.241+0200] {dag.py:3336} INFO - Setting next_dagrun for example_branch_labels to 2022-11-05T00:00:00+00:00, run_after=2022-11-06T00:00:00+00:00
[2022-11-06T02:18:46.257+0200] {processor.py:176} INFO - Processing /Users/mnagy99/opt/anaconda3/envs/airflow-env/lib/python3.8/site-packages/airflow/example_dags/example_branch_labels.py took 0.529 seconds
[2022-11-06T02:21:00.505+0200] {processor.py:154} INFO - Started process (PID=3212) to work on /Users/mnagy99/opt/anaconda3/envs/airflow-env/lib/python3.8/site-packages/airflow/example_dags/example_branch_labels.py
[2022-11-06T02:21:00.507+0200] {processor.py:756} INFO - Processing file /Users/mnagy99/opt/anaconda3/envs/airflow-env/lib/python3.8/site-packages/airflow/example_dags/example_branch_labels.py for tasks to queue
[2022-11-06T02:21:00.508+0200] {logging_mixin.py:120} INFO - [2022-11-06T02:21:00.508+0200] {dagbag.py:537} INFO - Filling up the DagBag from /Users/mnagy99/opt/anaconda3/envs/airflow-env/lib/python3.8/site-packages/airflow/example_dags/example_branch_labels.py
[2022-11-06T02:21:00.535+0200] {processor.py:766} INFO - DAG(s) dict_keys(['example_branch_labels']) retrieved from /Users/mnagy99/opt/anaconda3/envs/airflow-env/lib/python3.8/site-packages/airflow/example_dags/example_branch_labels.py
[2022-11-06T02:21:00.995+0200] {logging_mixin.py:120} INFO - [2022-11-06T02:21:00.995+0200] {dag.py:2585} INFO - Sync 1 DAGs
[2022-11-06T02:21:01.014+0200] {logging_mixin.py:120} INFO - [2022-11-06T02:21:01.014+0200] {dag.py:3336} INFO - Setting next_dagrun for example_branch_labels to 2022-11-05T00:00:00+00:00, run_after=2022-11-06T00:00:00+00:00
[2022-11-06T02:21:01.030+0200] {processor.py:176} INFO - Processing /Users/mnagy99/opt/anaconda3/envs/airflow-env/lib/python3.8/site-packages/airflow/example_dags/example_branch_labels.py took 0.526 seconds
[2022-11-06T02:23:06.056+0200] {processor.py:154} INFO - Started process (PID=3347) to work on /Users/mnagy99/opt/anaconda3/envs/airflow-env/lib/python3.8/site-packages/airflow/example_dags/example_branch_labels.py
[2022-11-06T02:23:06.059+0200] {processor.py:756} INFO - Processing file /Users/mnagy99/opt/anaconda3/envs/airflow-env/lib/python3.8/site-packages/airflow/example_dags/example_branch_labels.py for tasks to queue
[2022-11-06T02:23:06.060+0200] {logging_mixin.py:120} INFO - [2022-11-06T02:23:06.060+0200] {dagbag.py:537} INFO - Filling up the DagBag from /Users/mnagy99/opt/anaconda3/envs/airflow-env/lib/python3.8/site-packages/airflow/example_dags/example_branch_labels.py
[2022-11-06T02:23:06.087+0200] {processor.py:766} INFO - DAG(s) dict_keys(['example_branch_labels']) retrieved from /Users/mnagy99/opt/anaconda3/envs/airflow-env/lib/python3.8/site-packages/airflow/example_dags/example_branch_labels.py
[2022-11-06T02:23:06.525+0200] {logging_mixin.py:120} INFO - [2022-11-06T02:23:06.525+0200] {dag.py:2585} INFO - Sync 1 DAGs
[2022-11-06T02:23:06.540+0200] {logging_mixin.py:120} INFO - [2022-11-06T02:23:06.540+0200] {dag.py:3336} INFO - Setting next_dagrun for example_branch_labels to 2022-11-05T00:00:00+00:00, run_after=2022-11-06T00:00:00+00:00
[2022-11-06T02:23:06.556+0200] {processor.py:176} INFO - Processing /Users/mnagy99/opt/anaconda3/envs/airflow-env/lib/python3.8/site-packages/airflow/example_dags/example_branch_labels.py took 0.500 seconds
[2022-11-06T02:25:21.433+0200] {processor.py:154} INFO - Started process (PID=3488) to work on /Users/mnagy99/opt/anaconda3/envs/airflow-env/lib/python3.8/site-packages/airflow/example_dags/example_branch_labels.py
[2022-11-06T02:25:21.435+0200] {processor.py:756} INFO - Processing file /Users/mnagy99/opt/anaconda3/envs/airflow-env/lib/python3.8/site-packages/airflow/example_dags/example_branch_labels.py for tasks to queue
[2022-11-06T02:25:21.436+0200] {logging_mixin.py:120} INFO - [2022-11-06T02:25:21.435+0200] {dagbag.py:537} INFO - Filling up the DagBag from /Users/mnagy99/opt/anaconda3/envs/airflow-env/lib/python3.8/site-packages/airflow/example_dags/example_branch_labels.py
[2022-11-06T02:25:21.461+0200] {processor.py:766} INFO - DAG(s) dict_keys(['example_branch_labels']) retrieved from /Users/mnagy99/opt/anaconda3/envs/airflow-env/lib/python3.8/site-packages/airflow/example_dags/example_branch_labels.py
[2022-11-06T02:25:21.935+0200] {logging_mixin.py:120} INFO - [2022-11-06T02:25:21.935+0200] {dag.py:2585} INFO - Sync 1 DAGs
[2022-11-06T02:25:21.950+0200] {logging_mixin.py:120} INFO - [2022-11-06T02:25:21.950+0200] {dag.py:3336} INFO - Setting next_dagrun for example_branch_labels to 2022-11-05T00:00:00+00:00, run_after=2022-11-06T00:00:00+00:00
[2022-11-06T02:25:21.966+0200] {processor.py:176} INFO - Processing /Users/mnagy99/opt/anaconda3/envs/airflow-env/lib/python3.8/site-packages/airflow/example_dags/example_branch_labels.py took 0.534 seconds
[2022-11-06T02:27:35.299+0200] {processor.py:154} INFO - Started process (PID=3630) to work on /Users/mnagy99/opt/anaconda3/envs/airflow-env/lib/python3.8/site-packages/airflow/example_dags/example_branch_labels.py
[2022-11-06T02:27:35.301+0200] {processor.py:756} INFO - Processing file /Users/mnagy99/opt/anaconda3/envs/airflow-env/lib/python3.8/site-packages/airflow/example_dags/example_branch_labels.py for tasks to queue
[2022-11-06T02:27:35.302+0200] {logging_mixin.py:120} INFO - [2022-11-06T02:27:35.302+0200] {dagbag.py:537} INFO - Filling up the DagBag from /Users/mnagy99/opt/anaconda3/envs/airflow-env/lib/python3.8/site-packages/airflow/example_dags/example_branch_labels.py
[2022-11-06T02:27:35.325+0200] {processor.py:766} INFO - DAG(s) dict_keys(['example_branch_labels']) retrieved from /Users/mnagy99/opt/anaconda3/envs/airflow-env/lib/python3.8/site-packages/airflow/example_dags/example_branch_labels.py
[2022-11-06T02:27:35.784+0200] {logging_mixin.py:120} INFO - [2022-11-06T02:27:35.784+0200] {dag.py:2585} INFO - Sync 1 DAGs
[2022-11-06T02:27:35.799+0200] {logging_mixin.py:120} INFO - [2022-11-06T02:27:35.799+0200] {dag.py:3336} INFO - Setting next_dagrun for example_branch_labels to 2022-11-05T00:00:00+00:00, run_after=2022-11-06T00:00:00+00:00
[2022-11-06T02:27:35.818+0200] {processor.py:176} INFO - Processing /Users/mnagy99/opt/anaconda3/envs/airflow-env/lib/python3.8/site-packages/airflow/example_dags/example_branch_labels.py took 0.520 seconds
[2022-11-06T02:29:47.451+0200] {processor.py:154} INFO - Started process (PID=3777) to work on /Users/mnagy99/opt/anaconda3/envs/airflow-env/lib/python3.8/site-packages/airflow/example_dags/example_branch_labels.py
[2022-11-06T02:29:47.453+0200] {processor.py:756} INFO - Processing file /Users/mnagy99/opt/anaconda3/envs/airflow-env/lib/python3.8/site-packages/airflow/example_dags/example_branch_labels.py for tasks to queue
[2022-11-06T02:29:47.454+0200] {logging_mixin.py:120} INFO - [2022-11-06T02:29:47.454+0200] {dagbag.py:537} INFO - Filling up the DagBag from /Users/mnagy99/opt/anaconda3/envs/airflow-env/lib/python3.8/site-packages/airflow/example_dags/example_branch_labels.py
[2022-11-06T02:29:47.487+0200] {processor.py:766} INFO - DAG(s) dict_keys(['example_branch_labels']) retrieved from /Users/mnagy99/opt/anaconda3/envs/airflow-env/lib/python3.8/site-packages/airflow/example_dags/example_branch_labels.py
[2022-11-06T02:29:48.032+0200] {logging_mixin.py:120} INFO - [2022-11-06T02:29:48.032+0200] {dag.py:2585} INFO - Sync 1 DAGs
[2022-11-06T02:29:48.051+0200] {logging_mixin.py:120} INFO - [2022-11-06T02:29:48.051+0200] {dag.py:3336} INFO - Setting next_dagrun for example_branch_labels to 2022-11-05T00:00:00+00:00, run_after=2022-11-06T00:00:00+00:00
[2022-11-06T02:29:48.070+0200] {processor.py:176} INFO - Processing /Users/mnagy99/opt/anaconda3/envs/airflow-env/lib/python3.8/site-packages/airflow/example_dags/example_branch_labels.py took 0.620 seconds
[2022-11-06T02:32:01.735+0200] {processor.py:154} INFO - Started process (PID=3930) to work on /Users/mnagy99/opt/anaconda3/envs/airflow-env/lib/python3.8/site-packages/airflow/example_dags/example_branch_labels.py
[2022-11-06T02:32:01.737+0200] {processor.py:756} INFO - Processing file /Users/mnagy99/opt/anaconda3/envs/airflow-env/lib/python3.8/site-packages/airflow/example_dags/example_branch_labels.py for tasks to queue
[2022-11-06T02:32:01.738+0200] {logging_mixin.py:120} INFO - [2022-11-06T02:32:01.738+0200] {dagbag.py:537} INFO - Filling up the DagBag from /Users/mnagy99/opt/anaconda3/envs/airflow-env/lib/python3.8/site-packages/airflow/example_dags/example_branch_labels.py
[2022-11-06T02:32:01.766+0200] {processor.py:766} INFO - DAG(s) dict_keys(['example_branch_labels']) retrieved from /Users/mnagy99/opt/anaconda3/envs/airflow-env/lib/python3.8/site-packages/airflow/example_dags/example_branch_labels.py
[2022-11-06T02:32:02.213+0200] {logging_mixin.py:120} INFO - [2022-11-06T02:32:02.212+0200] {dag.py:2585} INFO - Sync 1 DAGs
[2022-11-06T02:32:02.228+0200] {logging_mixin.py:120} INFO - [2022-11-06T02:32:02.228+0200] {dag.py:3336} INFO - Setting next_dagrun for example_branch_labels to 2022-11-05T00:00:00+00:00, run_after=2022-11-06T00:00:00+00:00
[2022-11-06T02:32:02.247+0200] {processor.py:176} INFO - Processing /Users/mnagy99/opt/anaconda3/envs/airflow-env/lib/python3.8/site-packages/airflow/example_dags/example_branch_labels.py took 0.512 seconds
[2022-11-06T02:34:11.545+0200] {processor.py:154} INFO - Started process (PID=4074) to work on /Users/mnagy99/opt/anaconda3/envs/airflow-env/lib/python3.8/site-packages/airflow/example_dags/example_branch_labels.py
[2022-11-06T02:34:11.548+0200] {processor.py:756} INFO - Processing file /Users/mnagy99/opt/anaconda3/envs/airflow-env/lib/python3.8/site-packages/airflow/example_dags/example_branch_labels.py for tasks to queue
[2022-11-06T02:34:11.549+0200] {logging_mixin.py:120} INFO - [2022-11-06T02:34:11.548+0200] {dagbag.py:537} INFO - Filling up the DagBag from /Users/mnagy99/opt/anaconda3/envs/airflow-env/lib/python3.8/site-packages/airflow/example_dags/example_branch_labels.py
[2022-11-06T02:34:11.575+0200] {processor.py:766} INFO - DAG(s) dict_keys(['example_branch_labels']) retrieved from /Users/mnagy99/opt/anaconda3/envs/airflow-env/lib/python3.8/site-packages/airflow/example_dags/example_branch_labels.py
[2022-11-06T02:34:12.055+0200] {logging_mixin.py:120} INFO - [2022-11-06T02:34:12.055+0200] {dag.py:2585} INFO - Sync 1 DAGs
[2022-11-06T02:34:12.070+0200] {logging_mixin.py:120} INFO - [2022-11-06T02:34:12.070+0200] {dag.py:3336} INFO - Setting next_dagrun for example_branch_labels to 2022-11-05T00:00:00+00:00, run_after=2022-11-06T00:00:00+00:00
[2022-11-06T02:34:12.089+0200] {processor.py:176} INFO - Processing /Users/mnagy99/opt/anaconda3/envs/airflow-env/lib/python3.8/site-packages/airflow/example_dags/example_branch_labels.py took 0.544 seconds
[2022-11-06T02:36:18.760+0200] {processor.py:154} INFO - Started process (PID=4219) to work on /Users/mnagy99/opt/anaconda3/envs/airflow-env/lib/python3.8/site-packages/airflow/example_dags/example_branch_labels.py
[2022-11-06T02:36:18.761+0200] {processor.py:756} INFO - Processing file /Users/mnagy99/opt/anaconda3/envs/airflow-env/lib/python3.8/site-packages/airflow/example_dags/example_branch_labels.py for tasks to queue
[2022-11-06T02:36:18.761+0200] {logging_mixin.py:120} INFO - [2022-11-06T02:36:18.761+0200] {dagbag.py:537} INFO - Filling up the DagBag from /Users/mnagy99/opt/anaconda3/envs/airflow-env/lib/python3.8/site-packages/airflow/example_dags/example_branch_labels.py
[2022-11-06T02:36:18.792+0200] {processor.py:766} INFO - DAG(s) dict_keys(['example_branch_labels']) retrieved from /Users/mnagy99/opt/anaconda3/envs/airflow-env/lib/python3.8/site-packages/airflow/example_dags/example_branch_labels.py
[2022-11-06T02:36:19.306+0200] {logging_mixin.py:120} INFO - [2022-11-06T02:36:19.306+0200] {dag.py:2585} INFO - Sync 1 DAGs
[2022-11-06T02:36:19.323+0200] {logging_mixin.py:120} INFO - [2022-11-06T02:36:19.323+0200] {dag.py:3336} INFO - Setting next_dagrun for example_branch_labels to 2022-11-05T00:00:00+00:00, run_after=2022-11-06T00:00:00+00:00
[2022-11-06T02:36:19.341+0200] {processor.py:176} INFO - Processing /Users/mnagy99/opt/anaconda3/envs/airflow-env/lib/python3.8/site-packages/airflow/example_dags/example_branch_labels.py took 0.582 seconds
[2022-11-06T02:38:27.438+0200] {processor.py:154} INFO - Started process (PID=4346) to work on /Users/mnagy99/opt/anaconda3/envs/airflow-env/lib/python3.8/site-packages/airflow/example_dags/example_branch_labels.py
[2022-11-06T02:38:27.440+0200] {processor.py:756} INFO - Processing file /Users/mnagy99/opt/anaconda3/envs/airflow-env/lib/python3.8/site-packages/airflow/example_dags/example_branch_labels.py for tasks to queue
[2022-11-06T02:38:27.441+0200] {logging_mixin.py:120} INFO - [2022-11-06T02:38:27.441+0200] {dagbag.py:537} INFO - Filling up the DagBag from /Users/mnagy99/opt/anaconda3/envs/airflow-env/lib/python3.8/site-packages/airflow/example_dags/example_branch_labels.py
[2022-11-06T02:38:27.464+0200] {processor.py:766} INFO - DAG(s) dict_keys(['example_branch_labels']) retrieved from /Users/mnagy99/opt/anaconda3/envs/airflow-env/lib/python3.8/site-packages/airflow/example_dags/example_branch_labels.py
[2022-11-06T02:38:27.900+0200] {logging_mixin.py:120} INFO - [2022-11-06T02:38:27.900+0200] {dag.py:2585} INFO - Sync 1 DAGs
[2022-11-06T02:38:27.915+0200] {logging_mixin.py:120} INFO - [2022-11-06T02:38:27.915+0200] {dag.py:3336} INFO - Setting next_dagrun for example_branch_labels to 2022-11-05T00:00:00+00:00, run_after=2022-11-06T00:00:00+00:00
[2022-11-06T02:38:27.932+0200] {processor.py:176} INFO - Processing /Users/mnagy99/opt/anaconda3/envs/airflow-env/lib/python3.8/site-packages/airflow/example_dags/example_branch_labels.py took 0.495 seconds
[2022-11-06T02:40:42.482+0200] {processor.py:154} INFO - Started process (PID=4481) to work on /Users/mnagy99/opt/anaconda3/envs/airflow-env/lib/python3.8/site-packages/airflow/example_dags/example_branch_labels.py
[2022-11-06T02:40:42.485+0200] {processor.py:756} INFO - Processing file /Users/mnagy99/opt/anaconda3/envs/airflow-env/lib/python3.8/site-packages/airflow/example_dags/example_branch_labels.py for tasks to queue
[2022-11-06T02:40:42.485+0200] {logging_mixin.py:120} INFO - [2022-11-06T02:40:42.485+0200] {dagbag.py:537} INFO - Filling up the DagBag from /Users/mnagy99/opt/anaconda3/envs/airflow-env/lib/python3.8/site-packages/airflow/example_dags/example_branch_labels.py
[2022-11-06T02:40:42.509+0200] {processor.py:766} INFO - DAG(s) dict_keys(['example_branch_labels']) retrieved from /Users/mnagy99/opt/anaconda3/envs/airflow-env/lib/python3.8/site-packages/airflow/example_dags/example_branch_labels.py
[2022-11-06T02:40:42.977+0200] {logging_mixin.py:120} INFO - [2022-11-06T02:40:42.977+0200] {dag.py:2585} INFO - Sync 1 DAGs
[2022-11-06T02:40:42.992+0200] {logging_mixin.py:120} INFO - [2022-11-06T02:40:42.992+0200] {dag.py:3336} INFO - Setting next_dagrun for example_branch_labels to 2022-11-05T00:00:00+00:00, run_after=2022-11-06T00:00:00+00:00
[2022-11-06T02:40:43.009+0200] {processor.py:176} INFO - Processing /Users/mnagy99/opt/anaconda3/envs/airflow-env/lib/python3.8/site-packages/airflow/example_dags/example_branch_labels.py took 0.528 seconds
[2022-11-06T02:43:10.069+0200] {processor.py:154} INFO - Started process (PID=4649) to work on /Users/mnagy99/opt/anaconda3/envs/airflow-env/lib/python3.8/site-packages/airflow/example_dags/example_branch_labels.py
[2022-11-06T02:43:10.072+0200] {processor.py:756} INFO - Processing file /Users/mnagy99/opt/anaconda3/envs/airflow-env/lib/python3.8/site-packages/airflow/example_dags/example_branch_labels.py for tasks to queue
[2022-11-06T02:43:10.072+0200] {logging_mixin.py:120} INFO - [2022-11-06T02:43:10.072+0200] {dagbag.py:537} INFO - Filling up the DagBag from /Users/mnagy99/opt/anaconda3/envs/airflow-env/lib/python3.8/site-packages/airflow/example_dags/example_branch_labels.py
[2022-11-06T02:43:10.100+0200] {processor.py:766} INFO - DAG(s) dict_keys(['example_branch_labels']) retrieved from /Users/mnagy99/opt/anaconda3/envs/airflow-env/lib/python3.8/site-packages/airflow/example_dags/example_branch_labels.py
[2022-11-06T02:43:10.600+0200] {logging_mixin.py:120} INFO - [2022-11-06T02:43:10.599+0200] {dag.py:2585} INFO - Sync 1 DAGs
[2022-11-06T02:43:10.616+0200] {logging_mixin.py:120} INFO - [2022-11-06T02:43:10.616+0200] {dag.py:3336} INFO - Setting next_dagrun for example_branch_labels to 2022-11-05T00:00:00+00:00, run_after=2022-11-06T00:00:00+00:00
[2022-11-06T02:43:10.631+0200] {processor.py:176} INFO - Processing /Users/mnagy99/opt/anaconda3/envs/airflow-env/lib/python3.8/site-packages/airflow/example_dags/example_branch_labels.py took 0.562 seconds
[2022-11-06T02:45:33.494+0200] {processor.py:154} INFO - Started process (PID=4785) to work on /Users/mnagy99/opt/anaconda3/envs/airflow-env/lib/python3.8/site-packages/airflow/example_dags/example_branch_labels.py
[2022-11-06T02:45:33.497+0200] {processor.py:756} INFO - Processing file /Users/mnagy99/opt/anaconda3/envs/airflow-env/lib/python3.8/site-packages/airflow/example_dags/example_branch_labels.py for tasks to queue
[2022-11-06T02:45:33.497+0200] {logging_mixin.py:120} INFO - [2022-11-06T02:45:33.497+0200] {dagbag.py:537} INFO - Filling up the DagBag from /Users/mnagy99/opt/anaconda3/envs/airflow-env/lib/python3.8/site-packages/airflow/example_dags/example_branch_labels.py
[2022-11-06T02:45:33.527+0200] {processor.py:766} INFO - DAG(s) dict_keys(['example_branch_labels']) retrieved from /Users/mnagy99/opt/anaconda3/envs/airflow-env/lib/python3.8/site-packages/airflow/example_dags/example_branch_labels.py
[2022-11-06T02:45:34.005+0200] {logging_mixin.py:120} INFO - [2022-11-06T02:45:34.005+0200] {dag.py:2585} INFO - Sync 1 DAGs
[2022-11-06T02:45:34.023+0200] {logging_mixin.py:120} INFO - [2022-11-06T02:45:34.023+0200] {dag.py:3336} INFO - Setting next_dagrun for example_branch_labels to 2022-11-05T00:00:00+00:00, run_after=2022-11-06T00:00:00+00:00
[2022-11-06T02:45:34.042+0200] {processor.py:176} INFO - Processing /Users/mnagy99/opt/anaconda3/envs/airflow-env/lib/python3.8/site-packages/airflow/example_dags/example_branch_labels.py took 0.549 seconds
[2022-11-06T02:47:47.414+0200] {processor.py:154} INFO - Started process (PID=4925) to work on /Users/mnagy99/opt/anaconda3/envs/airflow-env/lib/python3.8/site-packages/airflow/example_dags/example_branch_labels.py
[2022-11-06T02:47:47.417+0200] {processor.py:756} INFO - Processing file /Users/mnagy99/opt/anaconda3/envs/airflow-env/lib/python3.8/site-packages/airflow/example_dags/example_branch_labels.py for tasks to queue
[2022-11-06T02:47:47.418+0200] {logging_mixin.py:120} INFO - [2022-11-06T02:47:47.417+0200] {dagbag.py:537} INFO - Filling up the DagBag from /Users/mnagy99/opt/anaconda3/envs/airflow-env/lib/python3.8/site-packages/airflow/example_dags/example_branch_labels.py
[2022-11-06T02:47:47.442+0200] {processor.py:766} INFO - DAG(s) dict_keys(['example_branch_labels']) retrieved from /Users/mnagy99/opt/anaconda3/envs/airflow-env/lib/python3.8/site-packages/airflow/example_dags/example_branch_labels.py
[2022-11-06T02:47:47.882+0200] {logging_mixin.py:120} INFO - [2022-11-06T02:47:47.882+0200] {dag.py:2585} INFO - Sync 1 DAGs
[2022-11-06T02:47:47.897+0200] {logging_mixin.py:120} INFO - [2022-11-06T02:47:47.897+0200] {dag.py:3336} INFO - Setting next_dagrun for example_branch_labels to 2022-11-05T00:00:00+00:00, run_after=2022-11-06T00:00:00+00:00
[2022-11-06T02:47:47.914+0200] {processor.py:176} INFO - Processing /Users/mnagy99/opt/anaconda3/envs/airflow-env/lib/python3.8/site-packages/airflow/example_dags/example_branch_labels.py took 0.501 seconds
[2022-11-06T02:49:54.849+0200] {processor.py:154} INFO - Started process (PID=5048) to work on /Users/mnagy99/opt/anaconda3/envs/airflow-env/lib/python3.8/site-packages/airflow/example_dags/example_branch_labels.py
[2022-11-06T02:49:54.852+0200] {processor.py:756} INFO - Processing file /Users/mnagy99/opt/anaconda3/envs/airflow-env/lib/python3.8/site-packages/airflow/example_dags/example_branch_labels.py for tasks to queue
[2022-11-06T02:49:54.852+0200] {logging_mixin.py:120} INFO - [2022-11-06T02:49:54.852+0200] {dagbag.py:537} INFO - Filling up the DagBag from /Users/mnagy99/opt/anaconda3/envs/airflow-env/lib/python3.8/site-packages/airflow/example_dags/example_branch_labels.py
[2022-11-06T02:49:54.876+0200] {processor.py:766} INFO - DAG(s) dict_keys(['example_branch_labels']) retrieved from /Users/mnagy99/opt/anaconda3/envs/airflow-env/lib/python3.8/site-packages/airflow/example_dags/example_branch_labels.py
[2022-11-06T02:49:55.316+0200] {logging_mixin.py:120} INFO - [2022-11-06T02:49:55.316+0200] {dag.py:2585} INFO - Sync 1 DAGs
[2022-11-06T02:49:55.331+0200] {logging_mixin.py:120} INFO - [2022-11-06T02:49:55.331+0200] {dag.py:3336} INFO - Setting next_dagrun for example_branch_labels to 2022-11-05T00:00:00+00:00, run_after=2022-11-06T00:00:00+00:00
[2022-11-06T02:49:55.348+0200] {processor.py:176} INFO - Processing /Users/mnagy99/opt/anaconda3/envs/airflow-env/lib/python3.8/site-packages/airflow/example_dags/example_branch_labels.py took 0.500 seconds
[2022-11-06T02:51:57.804+0200] {processor.py:154} INFO - Started process (PID=5177) to work on /Users/mnagy99/opt/anaconda3/envs/airflow-env/lib/python3.8/site-packages/airflow/example_dags/example_branch_labels.py
[2022-11-06T02:51:57.807+0200] {processor.py:756} INFO - Processing file /Users/mnagy99/opt/anaconda3/envs/airflow-env/lib/python3.8/site-packages/airflow/example_dags/example_branch_labels.py for tasks to queue
[2022-11-06T02:51:57.807+0200] {logging_mixin.py:120} INFO - [2022-11-06T02:51:57.807+0200] {dagbag.py:537} INFO - Filling up the DagBag from /Users/mnagy99/opt/anaconda3/envs/airflow-env/lib/python3.8/site-packages/airflow/example_dags/example_branch_labels.py
[2022-11-06T02:51:57.833+0200] {processor.py:766} INFO - DAG(s) dict_keys(['example_branch_labels']) retrieved from /Users/mnagy99/opt/anaconda3/envs/airflow-env/lib/python3.8/site-packages/airflow/example_dags/example_branch_labels.py
[2022-11-06T02:51:58.265+0200] {logging_mixin.py:120} INFO - [2022-11-06T02:51:58.265+0200] {dag.py:2585} INFO - Sync 1 DAGs
[2022-11-06T02:51:58.282+0200] {logging_mixin.py:120} INFO - [2022-11-06T02:51:58.282+0200] {dag.py:3336} INFO - Setting next_dagrun for example_branch_labels to 2022-11-05T00:00:00+00:00, run_after=2022-11-06T00:00:00+00:00
[2022-11-06T02:51:58.301+0200] {processor.py:176} INFO - Processing /Users/mnagy99/opt/anaconda3/envs/airflow-env/lib/python3.8/site-packages/airflow/example_dags/example_branch_labels.py took 0.497 seconds
[2022-11-06T02:54:01.974+0200] {processor.py:154} INFO - Started process (PID=5298) to work on /Users/mnagy99/opt/anaconda3/envs/airflow-env/lib/python3.8/site-packages/airflow/example_dags/example_branch_labels.py
[2022-11-06T02:54:01.976+0200] {processor.py:756} INFO - Processing file /Users/mnagy99/opt/anaconda3/envs/airflow-env/lib/python3.8/site-packages/airflow/example_dags/example_branch_labels.py for tasks to queue
[2022-11-06T02:54:01.977+0200] {logging_mixin.py:120} INFO - [2022-11-06T02:54:01.977+0200] {dagbag.py:537} INFO - Filling up the DagBag from /Users/mnagy99/opt/anaconda3/envs/airflow-env/lib/python3.8/site-packages/airflow/example_dags/example_branch_labels.py
[2022-11-06T02:54:02.000+0200] {processor.py:766} INFO - DAG(s) dict_keys(['example_branch_labels']) retrieved from /Users/mnagy99/opt/anaconda3/envs/airflow-env/lib/python3.8/site-packages/airflow/example_dags/example_branch_labels.py
[2022-11-06T02:54:02.465+0200] {logging_mixin.py:120} INFO - [2022-11-06T02:54:02.465+0200] {dag.py:2585} INFO - Sync 1 DAGs
[2022-11-06T02:54:02.480+0200] {logging_mixin.py:120} INFO - [2022-11-06T02:54:02.480+0200] {dag.py:3336} INFO - Setting next_dagrun for example_branch_labels to 2022-11-05T00:00:00+00:00, run_after=2022-11-06T00:00:00+00:00
[2022-11-06T02:54:02.496+0200] {processor.py:176} INFO - Processing /Users/mnagy99/opt/anaconda3/envs/airflow-env/lib/python3.8/site-packages/airflow/example_dags/example_branch_labels.py took 0.523 seconds
[2022-11-06T02:56:15.542+0200] {processor.py:154} INFO - Started process (PID=5426) to work on /Users/mnagy99/opt/anaconda3/envs/airflow-env/lib/python3.8/site-packages/airflow/example_dags/example_branch_labels.py
[2022-11-06T02:56:15.545+0200] {processor.py:756} INFO - Processing file /Users/mnagy99/opt/anaconda3/envs/airflow-env/lib/python3.8/site-packages/airflow/example_dags/example_branch_labels.py for tasks to queue
[2022-11-06T02:56:15.545+0200] {logging_mixin.py:120} INFO - [2022-11-06T02:56:15.545+0200] {dagbag.py:537} INFO - Filling up the DagBag from /Users/mnagy99/opt/anaconda3/envs/airflow-env/lib/python3.8/site-packages/airflow/example_dags/example_branch_labels.py
[2022-11-06T02:56:15.570+0200] {processor.py:766} INFO - DAG(s) dict_keys(['example_branch_labels']) retrieved from /Users/mnagy99/opt/anaconda3/envs/airflow-env/lib/python3.8/site-packages/airflow/example_dags/example_branch_labels.py
[2022-11-06T02:56:16.027+0200] {logging_mixin.py:120} INFO - [2022-11-06T02:56:16.027+0200] {dag.py:2585} INFO - Sync 1 DAGs
[2022-11-06T02:56:16.053+0200] {logging_mixin.py:120} INFO - [2022-11-06T02:56:16.053+0200] {dag.py:3336} INFO - Setting next_dagrun for example_branch_labels to 2022-11-05T00:00:00+00:00, run_after=2022-11-06T00:00:00+00:00
[2022-11-06T02:56:16.074+0200] {processor.py:176} INFO - Processing /Users/mnagy99/opt/anaconda3/envs/airflow-env/lib/python3.8/site-packages/airflow/example_dags/example_branch_labels.py took 0.533 seconds
[2022-11-06T02:58:31.050+0200] {processor.py:154} INFO - Started process (PID=5572) to work on /Users/mnagy99/opt/anaconda3/envs/airflow-env/lib/python3.8/site-packages/airflow/example_dags/example_branch_labels.py
[2022-11-06T02:58:31.053+0200] {processor.py:756} INFO - Processing file /Users/mnagy99/opt/anaconda3/envs/airflow-env/lib/python3.8/site-packages/airflow/example_dags/example_branch_labels.py for tasks to queue
[2022-11-06T02:58:31.054+0200] {logging_mixin.py:120} INFO - [2022-11-06T02:58:31.053+0200] {dagbag.py:537} INFO - Filling up the DagBag from /Users/mnagy99/opt/anaconda3/envs/airflow-env/lib/python3.8/site-packages/airflow/example_dags/example_branch_labels.py
[2022-11-06T02:58:31.077+0200] {processor.py:766} INFO - DAG(s) dict_keys(['example_branch_labels']) retrieved from /Users/mnagy99/opt/anaconda3/envs/airflow-env/lib/python3.8/site-packages/airflow/example_dags/example_branch_labels.py
[2022-11-06T02:58:31.525+0200] {logging_mixin.py:120} INFO - [2022-11-06T02:58:31.525+0200] {dag.py:2585} INFO - Sync 1 DAGs
[2022-11-06T02:58:31.540+0200] {logging_mixin.py:120} INFO - [2022-11-06T02:58:31.540+0200] {dag.py:3336} INFO - Setting next_dagrun for example_branch_labels to 2022-11-05T00:00:00+00:00, run_after=2022-11-06T00:00:00+00:00
[2022-11-06T02:58:31.557+0200] {processor.py:176} INFO - Processing /Users/mnagy99/opt/anaconda3/envs/airflow-env/lib/python3.8/site-packages/airflow/example_dags/example_branch_labels.py took 0.508 seconds
[2022-11-06T03:00:51.219+0200] {processor.py:154} INFO - Started process (PID=5711) to work on /Users/mnagy99/opt/anaconda3/envs/airflow-env/lib/python3.8/site-packages/airflow/example_dags/example_branch_labels.py
[2022-11-06T03:00:51.221+0200] {processor.py:756} INFO - Processing file /Users/mnagy99/opt/anaconda3/envs/airflow-env/lib/python3.8/site-packages/airflow/example_dags/example_branch_labels.py for tasks to queue
[2022-11-06T03:00:51.222+0200] {logging_mixin.py:120} INFO - [2022-11-06T03:00:51.222+0200] {dagbag.py:537} INFO - Filling up the DagBag from /Users/mnagy99/opt/anaconda3/envs/airflow-env/lib/python3.8/site-packages/airflow/example_dags/example_branch_labels.py
[2022-11-06T03:00:51.246+0200] {processor.py:766} INFO - DAG(s) dict_keys(['example_branch_labels']) retrieved from /Users/mnagy99/opt/anaconda3/envs/airflow-env/lib/python3.8/site-packages/airflow/example_dags/example_branch_labels.py
[2022-11-06T03:00:51.707+0200] {logging_mixin.py:120} INFO - [2022-11-06T03:00:51.707+0200] {dag.py:2585} INFO - Sync 1 DAGs
[2022-11-06T03:00:51.722+0200] {logging_mixin.py:120} INFO - [2022-11-06T03:00:51.722+0200] {dag.py:3336} INFO - Setting next_dagrun for example_branch_labels to 2022-11-05T00:00:00+00:00, run_after=2022-11-06T00:00:00+00:00
[2022-11-06T03:00:51.738+0200] {processor.py:176} INFO - Processing /Users/mnagy99/opt/anaconda3/envs/airflow-env/lib/python3.8/site-packages/airflow/example_dags/example_branch_labels.py took 0.519 seconds
[2022-11-06T03:03:35.407+0200] {processor.py:154} INFO - Started process (PID=5852) to work on /Users/mnagy99/opt/anaconda3/envs/airflow-env/lib/python3.8/site-packages/airflow/example_dags/example_branch_labels.py
[2022-11-06T03:03:35.409+0200] {processor.py:756} INFO - Processing file /Users/mnagy99/opt/anaconda3/envs/airflow-env/lib/python3.8/site-packages/airflow/example_dags/example_branch_labels.py for tasks to queue
[2022-11-06T03:03:35.410+0200] {logging_mixin.py:120} INFO - [2022-11-06T03:03:35.410+0200] {dagbag.py:537} INFO - Filling up the DagBag from /Users/mnagy99/opt/anaconda3/envs/airflow-env/lib/python3.8/site-packages/airflow/example_dags/example_branch_labels.py
[2022-11-06T03:03:35.434+0200] {processor.py:766} INFO - DAG(s) dict_keys(['example_branch_labels']) retrieved from /Users/mnagy99/opt/anaconda3/envs/airflow-env/lib/python3.8/site-packages/airflow/example_dags/example_branch_labels.py
[2022-11-06T03:03:35.863+0200] {logging_mixin.py:120} INFO - [2022-11-06T03:03:35.862+0200] {dag.py:2585} INFO - Sync 1 DAGs
[2022-11-06T03:03:35.877+0200] {logging_mixin.py:120} INFO - [2022-11-06T03:03:35.877+0200] {dag.py:3336} INFO - Setting next_dagrun for example_branch_labels to 2022-11-05T00:00:00+00:00, run_after=2022-11-06T00:00:00+00:00
[2022-11-06T03:03:35.894+0200] {processor.py:176} INFO - Processing /Users/mnagy99/opt/anaconda3/envs/airflow-env/lib/python3.8/site-packages/airflow/example_dags/example_branch_labels.py took 0.488 seconds
[2022-11-06T03:05:51.894+0200] {processor.py:154} INFO - Started process (PID=5987) to work on /Users/mnagy99/opt/anaconda3/envs/airflow-env/lib/python3.8/site-packages/airflow/example_dags/example_branch_labels.py
[2022-11-06T03:05:51.897+0200] {processor.py:756} INFO - Processing file /Users/mnagy99/opt/anaconda3/envs/airflow-env/lib/python3.8/site-packages/airflow/example_dags/example_branch_labels.py for tasks to queue
[2022-11-06T03:05:51.897+0200] {logging_mixin.py:120} INFO - [2022-11-06T03:05:51.897+0200] {dagbag.py:537} INFO - Filling up the DagBag from /Users/mnagy99/opt/anaconda3/envs/airflow-env/lib/python3.8/site-packages/airflow/example_dags/example_branch_labels.py
[2022-11-06T03:05:51.923+0200] {processor.py:766} INFO - DAG(s) dict_keys(['example_branch_labels']) retrieved from /Users/mnagy99/opt/anaconda3/envs/airflow-env/lib/python3.8/site-packages/airflow/example_dags/example_branch_labels.py
[2022-11-06T03:05:52.382+0200] {logging_mixin.py:120} INFO - [2022-11-06T03:05:52.382+0200] {dag.py:2585} INFO - Sync 1 DAGs
[2022-11-06T03:05:52.397+0200] {logging_mixin.py:120} INFO - [2022-11-06T03:05:52.397+0200] {dag.py:3336} INFO - Setting next_dagrun for example_branch_labels to 2022-11-05T00:00:00+00:00, run_after=2022-11-06T00:00:00+00:00
[2022-11-06T03:05:52.415+0200] {processor.py:176} INFO - Processing /Users/mnagy99/opt/anaconda3/envs/airflow-env/lib/python3.8/site-packages/airflow/example_dags/example_branch_labels.py took 0.521 seconds
[2022-11-06T03:08:08.955+0200] {processor.py:154} INFO - Started process (PID=6120) to work on /Users/mnagy99/opt/anaconda3/envs/airflow-env/lib/python3.8/site-packages/airflow/example_dags/example_branch_labels.py
[2022-11-06T03:08:08.958+0200] {processor.py:756} INFO - Processing file /Users/mnagy99/opt/anaconda3/envs/airflow-env/lib/python3.8/site-packages/airflow/example_dags/example_branch_labels.py for tasks to queue
[2022-11-06T03:08:08.959+0200] {logging_mixin.py:120} INFO - [2022-11-06T03:08:08.958+0200] {dagbag.py:537} INFO - Filling up the DagBag from /Users/mnagy99/opt/anaconda3/envs/airflow-env/lib/python3.8/site-packages/airflow/example_dags/example_branch_labels.py
[2022-11-06T03:08:08.986+0200] {processor.py:766} INFO - DAG(s) dict_keys(['example_branch_labels']) retrieved from /Users/mnagy99/opt/anaconda3/envs/airflow-env/lib/python3.8/site-packages/airflow/example_dags/example_branch_labels.py
[2022-11-06T03:08:09.464+0200] {logging_mixin.py:120} INFO - [2022-11-06T03:08:09.464+0200] {dag.py:2585} INFO - Sync 1 DAGs
[2022-11-06T03:08:09.481+0200] {logging_mixin.py:120} INFO - [2022-11-06T03:08:09.481+0200] {dag.py:3336} INFO - Setting next_dagrun for example_branch_labels to 2022-11-05T00:00:00+00:00, run_after=2022-11-06T00:00:00+00:00
[2022-11-06T03:08:09.498+0200] {processor.py:176} INFO - Processing /Users/mnagy99/opt/anaconda3/envs/airflow-env/lib/python3.8/site-packages/airflow/example_dags/example_branch_labels.py took 0.543 seconds
[2022-11-06T03:10:18.736+0200] {processor.py:154} INFO - Started process (PID=6260) to work on /Users/mnagy99/opt/anaconda3/envs/airflow-env/lib/python3.8/site-packages/airflow/example_dags/example_branch_labels.py
[2022-11-06T03:10:18.739+0200] {processor.py:756} INFO - Processing file /Users/mnagy99/opt/anaconda3/envs/airflow-env/lib/python3.8/site-packages/airflow/example_dags/example_branch_labels.py for tasks to queue
[2022-11-06T03:10:18.740+0200] {logging_mixin.py:120} INFO - [2022-11-06T03:10:18.740+0200] {dagbag.py:537} INFO - Filling up the DagBag from /Users/mnagy99/opt/anaconda3/envs/airflow-env/lib/python3.8/site-packages/airflow/example_dags/example_branch_labels.py
[2022-11-06T03:10:18.764+0200] {processor.py:766} INFO - DAG(s) dict_keys(['example_branch_labels']) retrieved from /Users/mnagy99/opt/anaconda3/envs/airflow-env/lib/python3.8/site-packages/airflow/example_dags/example_branch_labels.py
[2022-11-06T03:10:19.227+0200] {logging_mixin.py:120} INFO - [2022-11-06T03:10:19.226+0200] {dag.py:2585} INFO - Sync 1 DAGs
[2022-11-06T03:10:19.241+0200] {logging_mixin.py:120} INFO - [2022-11-06T03:10:19.241+0200] {dag.py:3336} INFO - Setting next_dagrun for example_branch_labels to 2022-11-05T00:00:00+00:00, run_after=2022-11-06T00:00:00+00:00
[2022-11-06T03:10:19.255+0200] {processor.py:176} INFO - Processing /Users/mnagy99/opt/anaconda3/envs/airflow-env/lib/python3.8/site-packages/airflow/example_dags/example_branch_labels.py took 0.520 seconds
[2022-11-06T03:12:25.231+0200] {processor.py:154} INFO - Started process (PID=6390) to work on /Users/mnagy99/opt/anaconda3/envs/airflow-env/lib/python3.8/site-packages/airflow/example_dags/example_branch_labels.py
[2022-11-06T03:12:25.233+0200] {processor.py:756} INFO - Processing file /Users/mnagy99/opt/anaconda3/envs/airflow-env/lib/python3.8/site-packages/airflow/example_dags/example_branch_labels.py for tasks to queue
[2022-11-06T03:12:25.234+0200] {logging_mixin.py:120} INFO - [2022-11-06T03:12:25.234+0200] {dagbag.py:537} INFO - Filling up the DagBag from /Users/mnagy99/opt/anaconda3/envs/airflow-env/lib/python3.8/site-packages/airflow/example_dags/example_branch_labels.py
[2022-11-06T03:12:25.258+0200] {processor.py:766} INFO - DAG(s) dict_keys(['example_branch_labels']) retrieved from /Users/mnagy99/opt/anaconda3/envs/airflow-env/lib/python3.8/site-packages/airflow/example_dags/example_branch_labels.py
[2022-11-06T03:12:25.686+0200] {logging_mixin.py:120} INFO - [2022-11-06T03:12:25.685+0200] {dag.py:2585} INFO - Sync 1 DAGs
[2022-11-06T03:12:25.700+0200] {logging_mixin.py:120} INFO - [2022-11-06T03:12:25.700+0200] {dag.py:3336} INFO - Setting next_dagrun for example_branch_labels to 2022-11-05T00:00:00+00:00, run_after=2022-11-06T00:00:00+00:00
[2022-11-06T03:12:25.716+0200] {processor.py:176} INFO - Processing /Users/mnagy99/opt/anaconda3/envs/airflow-env/lib/python3.8/site-packages/airflow/example_dags/example_branch_labels.py took 0.486 seconds
[2022-11-06T03:14:27.334+0200] {processor.py:154} INFO - Started process (PID=6511) to work on /Users/mnagy99/opt/anaconda3/envs/airflow-env/lib/python3.8/site-packages/airflow/example_dags/example_branch_labels.py
[2022-11-06T03:14:27.336+0200] {processor.py:756} INFO - Processing file /Users/mnagy99/opt/anaconda3/envs/airflow-env/lib/python3.8/site-packages/airflow/example_dags/example_branch_labels.py for tasks to queue
[2022-11-06T03:14:27.337+0200] {logging_mixin.py:120} INFO - [2022-11-06T03:14:27.337+0200] {dagbag.py:537} INFO - Filling up the DagBag from /Users/mnagy99/opt/anaconda3/envs/airflow-env/lib/python3.8/site-packages/airflow/example_dags/example_branch_labels.py
[2022-11-06T03:14:27.362+0200] {processor.py:766} INFO - DAG(s) dict_keys(['example_branch_labels']) retrieved from /Users/mnagy99/opt/anaconda3/envs/airflow-env/lib/python3.8/site-packages/airflow/example_dags/example_branch_labels.py
[2022-11-06T03:14:27.820+0200] {logging_mixin.py:120} INFO - [2022-11-06T03:14:27.819+0200] {dag.py:2585} INFO - Sync 1 DAGs
[2022-11-06T03:14:27.838+0200] {logging_mixin.py:120} INFO - [2022-11-06T03:14:27.838+0200] {dag.py:3336} INFO - Setting next_dagrun for example_branch_labels to 2022-11-05T00:00:00+00:00, run_after=2022-11-06T00:00:00+00:00
[2022-11-06T03:14:27.856+0200] {processor.py:176} INFO - Processing /Users/mnagy99/opt/anaconda3/envs/airflow-env/lib/python3.8/site-packages/airflow/example_dags/example_branch_labels.py took 0.522 seconds
[2022-11-06T03:16:27.048+0200] {processor.py:154} INFO - Started process (PID=6639) to work on /Users/mnagy99/opt/anaconda3/envs/airflow-env/lib/python3.8/site-packages/airflow/example_dags/example_branch_labels.py
[2022-11-06T03:16:27.050+0200] {processor.py:756} INFO - Processing file /Users/mnagy99/opt/anaconda3/envs/airflow-env/lib/python3.8/site-packages/airflow/example_dags/example_branch_labels.py for tasks to queue
[2022-11-06T03:16:27.051+0200] {logging_mixin.py:120} INFO - [2022-11-06T03:16:27.051+0200] {dagbag.py:537} INFO - Filling up the DagBag from /Users/mnagy99/opt/anaconda3/envs/airflow-env/lib/python3.8/site-packages/airflow/example_dags/example_branch_labels.py
[2022-11-06T03:16:27.078+0200] {processor.py:766} INFO - DAG(s) dict_keys(['example_branch_labels']) retrieved from /Users/mnagy99/opt/anaconda3/envs/airflow-env/lib/python3.8/site-packages/airflow/example_dags/example_branch_labels.py
[2022-11-06T03:16:27.542+0200] {logging_mixin.py:120} INFO - [2022-11-06T03:16:27.542+0200] {dag.py:2585} INFO - Sync 1 DAGs
[2022-11-06T03:16:27.566+0200] {logging_mixin.py:120} INFO - [2022-11-06T03:16:27.565+0200] {dag.py:3336} INFO - Setting next_dagrun for example_branch_labels to 2022-11-05T00:00:00+00:00, run_after=2022-11-06T00:00:00+00:00
[2022-11-06T03:16:27.584+0200] {processor.py:176} INFO - Processing /Users/mnagy99/opt/anaconda3/envs/airflow-env/lib/python3.8/site-packages/airflow/example_dags/example_branch_labels.py took 0.537 seconds
[2022-11-06T03:18:23.670+0200] {processor.py:154} INFO - Started process (PID=6775) to work on /Users/mnagy99/opt/anaconda3/envs/airflow-env/lib/python3.8/site-packages/airflow/example_dags/example_branch_labels.py
[2022-11-06T03:18:23.671+0200] {processor.py:756} INFO - Processing file /Users/mnagy99/opt/anaconda3/envs/airflow-env/lib/python3.8/site-packages/airflow/example_dags/example_branch_labels.py for tasks to queue
[2022-11-06T03:18:23.671+0200] {logging_mixin.py:120} INFO - [2022-11-06T03:18:23.671+0200] {dagbag.py:537} INFO - Filling up the DagBag from /Users/mnagy99/opt/anaconda3/envs/airflow-env/lib/python3.8/site-packages/airflow/example_dags/example_branch_labels.py
[2022-11-06T03:18:23.692+0200] {processor.py:766} INFO - DAG(s) dict_keys(['example_branch_labels']) retrieved from /Users/mnagy99/opt/anaconda3/envs/airflow-env/lib/python3.8/site-packages/airflow/example_dags/example_branch_labels.py
[2022-11-06T03:18:24.123+0200] {logging_mixin.py:120} INFO - [2022-11-06T03:18:24.122+0200] {dag.py:2585} INFO - Sync 1 DAGs
[2022-11-06T03:18:24.137+0200] {logging_mixin.py:120} INFO - [2022-11-06T03:18:24.137+0200] {dag.py:3336} INFO - Setting next_dagrun for example_branch_labels to 2022-11-05T00:00:00+00:00, run_after=2022-11-06T00:00:00+00:00
[2022-11-06T03:18:24.153+0200] {processor.py:176} INFO - Processing /Users/mnagy99/opt/anaconda3/envs/airflow-env/lib/python3.8/site-packages/airflow/example_dags/example_branch_labels.py took 0.483 seconds
[2022-11-06T03:20:21.799+0200] {processor.py:154} INFO - Started process (PID=6898) to work on /Users/mnagy99/opt/anaconda3/envs/airflow-env/lib/python3.8/site-packages/airflow/example_dags/example_branch_labels.py
[2022-11-06T03:20:21.801+0200] {processor.py:756} INFO - Processing file /Users/mnagy99/opt/anaconda3/envs/airflow-env/lib/python3.8/site-packages/airflow/example_dags/example_branch_labels.py for tasks to queue
[2022-11-06T03:20:21.801+0200] {logging_mixin.py:120} INFO - [2022-11-06T03:20:21.801+0200] {dagbag.py:537} INFO - Filling up the DagBag from /Users/mnagy99/opt/anaconda3/envs/airflow-env/lib/python3.8/site-packages/airflow/example_dags/example_branch_labels.py
[2022-11-06T03:20:21.823+0200] {processor.py:766} INFO - DAG(s) dict_keys(['example_branch_labels']) retrieved from /Users/mnagy99/opt/anaconda3/envs/airflow-env/lib/python3.8/site-packages/airflow/example_dags/example_branch_labels.py
[2022-11-06T03:20:22.255+0200] {logging_mixin.py:120} INFO - [2022-11-06T03:20:22.255+0200] {dag.py:2585} INFO - Sync 1 DAGs
[2022-11-06T03:20:22.270+0200] {logging_mixin.py:120} INFO - [2022-11-06T03:20:22.270+0200] {dag.py:3336} INFO - Setting next_dagrun for example_branch_labels to 2022-11-05T00:00:00+00:00, run_after=2022-11-06T00:00:00+00:00
[2022-11-06T03:20:22.288+0200] {processor.py:176} INFO - Processing /Users/mnagy99/opt/anaconda3/envs/airflow-env/lib/python3.8/site-packages/airflow/example_dags/example_branch_labels.py took 0.489 seconds
[2022-11-06T03:22:22.302+0200] {processor.py:154} INFO - Started process (PID=7025) to work on /Users/mnagy99/opt/anaconda3/envs/airflow-env/lib/python3.8/site-packages/airflow/example_dags/example_branch_labels.py
[2022-11-06T03:22:22.303+0200] {processor.py:756} INFO - Processing file /Users/mnagy99/opt/anaconda3/envs/airflow-env/lib/python3.8/site-packages/airflow/example_dags/example_branch_labels.py for tasks to queue
[2022-11-06T03:22:22.303+0200] {logging_mixin.py:120} INFO - [2022-11-06T03:22:22.303+0200] {dagbag.py:537} INFO - Filling up the DagBag from /Users/mnagy99/opt/anaconda3/envs/airflow-env/lib/python3.8/site-packages/airflow/example_dags/example_branch_labels.py
[2022-11-06T03:22:22.325+0200] {processor.py:766} INFO - DAG(s) dict_keys(['example_branch_labels']) retrieved from /Users/mnagy99/opt/anaconda3/envs/airflow-env/lib/python3.8/site-packages/airflow/example_dags/example_branch_labels.py
[2022-11-06T03:22:22.773+0200] {logging_mixin.py:120} INFO - [2022-11-06T03:22:22.773+0200] {dag.py:2585} INFO - Sync 1 DAGs
[2022-11-06T03:22:22.789+0200] {logging_mixin.py:120} INFO - [2022-11-06T03:22:22.789+0200] {dag.py:3336} INFO - Setting next_dagrun for example_branch_labels to 2022-11-05T00:00:00+00:00, run_after=2022-11-06T00:00:00+00:00
[2022-11-06T03:22:22.804+0200] {processor.py:176} INFO - Processing /Users/mnagy99/opt/anaconda3/envs/airflow-env/lib/python3.8/site-packages/airflow/example_dags/example_branch_labels.py took 0.503 seconds
[2022-11-06T03:24:25.989+0200] {processor.py:154} INFO - Started process (PID=7150) to work on /Users/mnagy99/opt/anaconda3/envs/airflow-env/lib/python3.8/site-packages/airflow/example_dags/example_branch_labels.py
[2022-11-06T03:24:25.992+0200] {processor.py:756} INFO - Processing file /Users/mnagy99/opt/anaconda3/envs/airflow-env/lib/python3.8/site-packages/airflow/example_dags/example_branch_labels.py for tasks to queue
[2022-11-06T03:24:25.992+0200] {logging_mixin.py:120} INFO - [2022-11-06T03:24:25.992+0200] {dagbag.py:537} INFO - Filling up the DagBag from /Users/mnagy99/opt/anaconda3/envs/airflow-env/lib/python3.8/site-packages/airflow/example_dags/example_branch_labels.py
[2022-11-06T03:24:26.021+0200] {processor.py:766} INFO - DAG(s) dict_keys(['example_branch_labels']) retrieved from /Users/mnagy99/opt/anaconda3/envs/airflow-env/lib/python3.8/site-packages/airflow/example_dags/example_branch_labels.py
[2022-11-06T03:24:26.501+0200] {logging_mixin.py:120} INFO - [2022-11-06T03:24:26.501+0200] {dag.py:2585} INFO - Sync 1 DAGs
[2022-11-06T03:24:26.519+0200] {logging_mixin.py:120} INFO - [2022-11-06T03:24:26.519+0200] {dag.py:3336} INFO - Setting next_dagrun for example_branch_labels to 2022-11-05T00:00:00+00:00, run_after=2022-11-06T00:00:00+00:00
[2022-11-06T03:24:26.538+0200] {processor.py:176} INFO - Processing /Users/mnagy99/opt/anaconda3/envs/airflow-env/lib/python3.8/site-packages/airflow/example_dags/example_branch_labels.py took 0.550 seconds
[2022-11-06T03:26:23.765+0200] {processor.py:154} INFO - Started process (PID=7299) to work on /Users/mnagy99/opt/anaconda3/envs/airflow-env/lib/python3.8/site-packages/airflow/example_dags/example_branch_labels.py
[2022-11-06T03:26:23.768+0200] {processor.py:756} INFO - Processing file /Users/mnagy99/opt/anaconda3/envs/airflow-env/lib/python3.8/site-packages/airflow/example_dags/example_branch_labels.py for tasks to queue
[2022-11-06T03:26:23.768+0200] {logging_mixin.py:120} INFO - [2022-11-06T03:26:23.768+0200] {dagbag.py:537} INFO - Filling up the DagBag from /Users/mnagy99/opt/anaconda3/envs/airflow-env/lib/python3.8/site-packages/airflow/example_dags/example_branch_labels.py
[2022-11-06T03:26:23.793+0200] {processor.py:766} INFO - DAG(s) dict_keys(['example_branch_labels']) retrieved from /Users/mnagy99/opt/anaconda3/envs/airflow-env/lib/python3.8/site-packages/airflow/example_dags/example_branch_labels.py
[2022-11-06T03:26:24.343+0200] {logging_mixin.py:120} INFO - [2022-11-06T03:26:24.343+0200] {dag.py:2585} INFO - Sync 1 DAGs
[2022-11-06T03:26:24.357+0200] {logging_mixin.py:120} INFO - [2022-11-06T03:26:24.357+0200] {dag.py:3336} INFO - Setting next_dagrun for example_branch_labels to 2022-11-05T00:00:00+00:00, run_after=2022-11-06T00:00:00+00:00
[2022-11-06T03:26:24.382+0200] {processor.py:176} INFO - Processing /Users/mnagy99/opt/anaconda3/envs/airflow-env/lib/python3.8/site-packages/airflow/example_dags/example_branch_labels.py took 0.618 seconds
[2022-11-06T03:28:24.365+0200] {processor.py:154} INFO - Started process (PID=7421) to work on /Users/mnagy99/opt/anaconda3/envs/airflow-env/lib/python3.8/site-packages/airflow/example_dags/example_branch_labels.py
[2022-11-06T03:28:24.368+0200] {processor.py:756} INFO - Processing file /Users/mnagy99/opt/anaconda3/envs/airflow-env/lib/python3.8/site-packages/airflow/example_dags/example_branch_labels.py for tasks to queue
[2022-11-06T03:28:24.368+0200] {logging_mixin.py:120} INFO - [2022-11-06T03:28:24.368+0200] {dagbag.py:537} INFO - Filling up the DagBag from /Users/mnagy99/opt/anaconda3/envs/airflow-env/lib/python3.8/site-packages/airflow/example_dags/example_branch_labels.py
[2022-11-06T03:28:24.392+0200] {processor.py:766} INFO - DAG(s) dict_keys(['example_branch_labels']) retrieved from /Users/mnagy99/opt/anaconda3/envs/airflow-env/lib/python3.8/site-packages/airflow/example_dags/example_branch_labels.py
[2022-11-06T03:28:24.852+0200] {logging_mixin.py:120} INFO - [2022-11-06T03:28:24.852+0200] {dag.py:2585} INFO - Sync 1 DAGs
[2022-11-06T03:28:24.867+0200] {logging_mixin.py:120} INFO - [2022-11-06T03:28:24.867+0200] {dag.py:3336} INFO - Setting next_dagrun for example_branch_labels to 2022-11-05T00:00:00+00:00, run_after=2022-11-06T00:00:00+00:00
[2022-11-06T03:28:24.886+0200] {processor.py:176} INFO - Processing /Users/mnagy99/opt/anaconda3/envs/airflow-env/lib/python3.8/site-packages/airflow/example_dags/example_branch_labels.py took 0.522 seconds
[2022-11-06T03:30:23.810+0200] {processor.py:154} INFO - Started process (PID=7547) to work on /Users/mnagy99/opt/anaconda3/envs/airflow-env/lib/python3.8/site-packages/airflow/example_dags/example_branch_labels.py
[2022-11-06T03:30:23.813+0200] {processor.py:756} INFO - Processing file /Users/mnagy99/opt/anaconda3/envs/airflow-env/lib/python3.8/site-packages/airflow/example_dags/example_branch_labels.py for tasks to queue
[2022-11-06T03:30:23.814+0200] {logging_mixin.py:120} INFO - [2022-11-06T03:30:23.814+0200] {dagbag.py:537} INFO - Filling up the DagBag from /Users/mnagy99/opt/anaconda3/envs/airflow-env/lib/python3.8/site-packages/airflow/example_dags/example_branch_labels.py
[2022-11-06T03:30:23.839+0200] {processor.py:766} INFO - DAG(s) dict_keys(['example_branch_labels']) retrieved from /Users/mnagy99/opt/anaconda3/envs/airflow-env/lib/python3.8/site-packages/airflow/example_dags/example_branch_labels.py
[2022-11-06T03:30:24.274+0200] {logging_mixin.py:120} INFO - [2022-11-06T03:30:24.274+0200] {dag.py:2585} INFO - Sync 1 DAGs
[2022-11-06T03:30:24.289+0200] {logging_mixin.py:120} INFO - [2022-11-06T03:30:24.288+0200] {dag.py:3336} INFO - Setting next_dagrun for example_branch_labels to 2022-11-05T00:00:00+00:00, run_after=2022-11-06T00:00:00+00:00
[2022-11-06T03:30:24.306+0200] {processor.py:176} INFO - Processing /Users/mnagy99/opt/anaconda3/envs/airflow-env/lib/python3.8/site-packages/airflow/example_dags/example_branch_labels.py took 0.496 seconds
[2022-11-06T03:32:26.420+0200] {processor.py:154} INFO - Started process (PID=7672) to work on /Users/mnagy99/opt/anaconda3/envs/airflow-env/lib/python3.8/site-packages/airflow/example_dags/example_branch_labels.py
[2022-11-06T03:32:26.423+0200] {processor.py:756} INFO - Processing file /Users/mnagy99/opt/anaconda3/envs/airflow-env/lib/python3.8/site-packages/airflow/example_dags/example_branch_labels.py for tasks to queue
[2022-11-06T03:32:26.423+0200] {logging_mixin.py:120} INFO - [2022-11-06T03:32:26.423+0200] {dagbag.py:537} INFO - Filling up the DagBag from /Users/mnagy99/opt/anaconda3/envs/airflow-env/lib/python3.8/site-packages/airflow/example_dags/example_branch_labels.py
[2022-11-06T03:32:26.448+0200] {processor.py:766} INFO - DAG(s) dict_keys(['example_branch_labels']) retrieved from /Users/mnagy99/opt/anaconda3/envs/airflow-env/lib/python3.8/site-packages/airflow/example_dags/example_branch_labels.py
[2022-11-06T03:32:26.997+0200] {logging_mixin.py:120} INFO - [2022-11-06T03:32:26.997+0200] {dag.py:2585} INFO - Sync 1 DAGs
[2022-11-06T03:32:27.011+0200] {logging_mixin.py:120} INFO - [2022-11-06T03:32:27.011+0200] {dag.py:3336} INFO - Setting next_dagrun for example_branch_labels to 2022-11-05T00:00:00+00:00, run_after=2022-11-06T00:00:00+00:00
[2022-11-06T03:32:27.029+0200] {processor.py:176} INFO - Processing /Users/mnagy99/opt/anaconda3/envs/airflow-env/lib/python3.8/site-packages/airflow/example_dags/example_branch_labels.py took 0.609 seconds
[2022-11-06T03:34:37.458+0200] {processor.py:154} INFO - Started process (PID=7811) to work on /Users/mnagy99/opt/anaconda3/envs/airflow-env/lib/python3.8/site-packages/airflow/example_dags/example_branch_labels.py
[2022-11-06T03:34:37.458+0200] {processor.py:756} INFO - Processing file /Users/mnagy99/opt/anaconda3/envs/airflow-env/lib/python3.8/site-packages/airflow/example_dags/example_branch_labels.py for tasks to queue
[2022-11-06T03:34:37.459+0200] {logging_mixin.py:120} INFO - [2022-11-06T03:34:37.459+0200] {dagbag.py:537} INFO - Filling up the DagBag from /Users/mnagy99/opt/anaconda3/envs/airflow-env/lib/python3.8/site-packages/airflow/example_dags/example_branch_labels.py
[2022-11-06T03:34:37.485+0200] {processor.py:766} INFO - DAG(s) dict_keys(['example_branch_labels']) retrieved from /Users/mnagy99/opt/anaconda3/envs/airflow-env/lib/python3.8/site-packages/airflow/example_dags/example_branch_labels.py
[2022-11-06T03:34:37.948+0200] {logging_mixin.py:120} INFO - [2022-11-06T03:34:37.948+0200] {dag.py:2585} INFO - Sync 1 DAGs
[2022-11-06T03:34:37.965+0200] {logging_mixin.py:120} INFO - [2022-11-06T03:34:37.965+0200] {dag.py:3336} INFO - Setting next_dagrun for example_branch_labels to 2022-11-05T00:00:00+00:00, run_after=2022-11-06T00:00:00+00:00
[2022-11-06T03:34:37.981+0200] {processor.py:176} INFO - Processing /Users/mnagy99/opt/anaconda3/envs/airflow-env/lib/python3.8/site-packages/airflow/example_dags/example_branch_labels.py took 0.524 seconds
[2022-11-06T03:36:43.354+0200] {processor.py:154} INFO - Started process (PID=7984) to work on /Users/mnagy99/opt/anaconda3/envs/airflow-env/lib/python3.8/site-packages/airflow/example_dags/example_branch_labels.py
[2022-11-06T03:36:43.356+0200] {processor.py:756} INFO - Processing file /Users/mnagy99/opt/anaconda3/envs/airflow-env/lib/python3.8/site-packages/airflow/example_dags/example_branch_labels.py for tasks to queue
[2022-11-06T03:36:43.358+0200] {logging_mixin.py:120} INFO - [2022-11-06T03:36:43.358+0200] {dagbag.py:537} INFO - Filling up the DagBag from /Users/mnagy99/opt/anaconda3/envs/airflow-env/lib/python3.8/site-packages/airflow/example_dags/example_branch_labels.py
[2022-11-06T03:36:43.381+0200] {processor.py:766} INFO - DAG(s) dict_keys(['example_branch_labels']) retrieved from /Users/mnagy99/opt/anaconda3/envs/airflow-env/lib/python3.8/site-packages/airflow/example_dags/example_branch_labels.py
[2022-11-06T03:36:43.807+0200] {logging_mixin.py:120} INFO - [2022-11-06T03:36:43.806+0200] {dag.py:2585} INFO - Sync 1 DAGs
[2022-11-06T03:36:43.821+0200] {logging_mixin.py:120} INFO - [2022-11-06T03:36:43.821+0200] {dag.py:3336} INFO - Setting next_dagrun for example_branch_labels to 2022-11-05T00:00:00+00:00, run_after=2022-11-06T00:00:00+00:00
[2022-11-06T03:36:43.838+0200] {processor.py:176} INFO - Processing /Users/mnagy99/opt/anaconda3/envs/airflow-env/lib/python3.8/site-packages/airflow/example_dags/example_branch_labels.py took 0.485 seconds
[2022-11-06T03:38:42.549+0200] {processor.py:154} INFO - Started process (PID=8105) to work on /Users/mnagy99/opt/anaconda3/envs/airflow-env/lib/python3.8/site-packages/airflow/example_dags/example_branch_labels.py
[2022-11-06T03:38:42.552+0200] {processor.py:756} INFO - Processing file /Users/mnagy99/opt/anaconda3/envs/airflow-env/lib/python3.8/site-packages/airflow/example_dags/example_branch_labels.py for tasks to queue
[2022-11-06T03:38:42.553+0200] {logging_mixin.py:120} INFO - [2022-11-06T03:38:42.552+0200] {dagbag.py:537} INFO - Filling up the DagBag from /Users/mnagy99/opt/anaconda3/envs/airflow-env/lib/python3.8/site-packages/airflow/example_dags/example_branch_labels.py
[2022-11-06T03:38:42.581+0200] {processor.py:766} INFO - DAG(s) dict_keys(['example_branch_labels']) retrieved from /Users/mnagy99/opt/anaconda3/envs/airflow-env/lib/python3.8/site-packages/airflow/example_dags/example_branch_labels.py
[2022-11-06T03:38:43.054+0200] {logging_mixin.py:120} INFO - [2022-11-06T03:38:43.053+0200] {dag.py:2585} INFO - Sync 1 DAGs
[2022-11-06T03:38:43.069+0200] {logging_mixin.py:120} INFO - [2022-11-06T03:38:43.069+0200] {dag.py:3336} INFO - Setting next_dagrun for example_branch_labels to 2022-11-05T00:00:00+00:00, run_after=2022-11-06T00:00:00+00:00
[2022-11-06T03:38:43.084+0200] {processor.py:176} INFO - Processing /Users/mnagy99/opt/anaconda3/envs/airflow-env/lib/python3.8/site-packages/airflow/example_dags/example_branch_labels.py took 0.535 seconds
[2022-11-06T03:40:44.821+0200] {processor.py:154} INFO - Started process (PID=8230) to work on /Users/mnagy99/opt/anaconda3/envs/airflow-env/lib/python3.8/site-packages/airflow/example_dags/example_branch_labels.py
[2022-11-06T03:40:44.823+0200] {processor.py:756} INFO - Processing file /Users/mnagy99/opt/anaconda3/envs/airflow-env/lib/python3.8/site-packages/airflow/example_dags/example_branch_labels.py for tasks to queue
[2022-11-06T03:40:44.824+0200] {logging_mixin.py:120} INFO - [2022-11-06T03:40:44.824+0200] {dagbag.py:537} INFO - Filling up the DagBag from /Users/mnagy99/opt/anaconda3/envs/airflow-env/lib/python3.8/site-packages/airflow/example_dags/example_branch_labels.py
[2022-11-06T03:40:44.852+0200] {processor.py:766} INFO - DAG(s) dict_keys(['example_branch_labels']) retrieved from /Users/mnagy99/opt/anaconda3/envs/airflow-env/lib/python3.8/site-packages/airflow/example_dags/example_branch_labels.py
[2022-11-06T03:40:45.298+0200] {logging_mixin.py:120} INFO - [2022-11-06T03:40:45.296+0200] {dag.py:2585} INFO - Sync 1 DAGs
[2022-11-06T03:40:45.321+0200] {logging_mixin.py:120} INFO - [2022-11-06T03:40:45.321+0200] {dag.py:3336} INFO - Setting next_dagrun for example_branch_labels to 2022-11-05T00:00:00+00:00, run_after=2022-11-06T00:00:00+00:00
[2022-11-06T03:40:45.340+0200] {processor.py:176} INFO - Processing /Users/mnagy99/opt/anaconda3/envs/airflow-env/lib/python3.8/site-packages/airflow/example_dags/example_branch_labels.py took 0.520 seconds
[2022-11-06T03:42:41.850+0200] {processor.py:154} INFO - Started process (PID=8348) to work on /Users/mnagy99/opt/anaconda3/envs/airflow-env/lib/python3.8/site-packages/airflow/example_dags/example_branch_labels.py
[2022-11-06T03:42:41.851+0200] {processor.py:756} INFO - Processing file /Users/mnagy99/opt/anaconda3/envs/airflow-env/lib/python3.8/site-packages/airflow/example_dags/example_branch_labels.py for tasks to queue
[2022-11-06T03:42:41.851+0200] {logging_mixin.py:120} INFO - [2022-11-06T03:42:41.851+0200] {dagbag.py:537} INFO - Filling up the DagBag from /Users/mnagy99/opt/anaconda3/envs/airflow-env/lib/python3.8/site-packages/airflow/example_dags/example_branch_labels.py
[2022-11-06T03:42:41.876+0200] {processor.py:766} INFO - DAG(s) dict_keys(['example_branch_labels']) retrieved from /Users/mnagy99/opt/anaconda3/envs/airflow-env/lib/python3.8/site-packages/airflow/example_dags/example_branch_labels.py
[2022-11-06T03:42:42.359+0200] {logging_mixin.py:120} INFO - [2022-11-06T03:42:42.359+0200] {dag.py:2585} INFO - Sync 1 DAGs
[2022-11-06T03:42:42.384+0200] {logging_mixin.py:120} INFO - [2022-11-06T03:42:42.383+0200] {dag.py:3336} INFO - Setting next_dagrun for example_branch_labels to 2022-11-05T00:00:00+00:00, run_after=2022-11-06T00:00:00+00:00
[2022-11-06T03:42:42.408+0200] {processor.py:176} INFO - Processing /Users/mnagy99/opt/anaconda3/envs/airflow-env/lib/python3.8/site-packages/airflow/example_dags/example_branch_labels.py took 0.558 seconds
[2022-11-06T03:44:45.590+0200] {processor.py:154} INFO - Started process (PID=8483) to work on /Users/mnagy99/opt/anaconda3/envs/airflow-env/lib/python3.8/site-packages/airflow/example_dags/example_branch_labels.py
[2022-11-06T03:44:45.593+0200] {processor.py:756} INFO - Processing file /Users/mnagy99/opt/anaconda3/envs/airflow-env/lib/python3.8/site-packages/airflow/example_dags/example_branch_labels.py for tasks to queue
[2022-11-06T03:44:45.594+0200] {logging_mixin.py:120} INFO - [2022-11-06T03:44:45.593+0200] {dagbag.py:537} INFO - Filling up the DagBag from /Users/mnagy99/opt/anaconda3/envs/airflow-env/lib/python3.8/site-packages/airflow/example_dags/example_branch_labels.py
[2022-11-06T03:44:45.626+0200] {processor.py:766} INFO - DAG(s) dict_keys(['example_branch_labels']) retrieved from /Users/mnagy99/opt/anaconda3/envs/airflow-env/lib/python3.8/site-packages/airflow/example_dags/example_branch_labels.py
[2022-11-06T03:44:46.121+0200] {logging_mixin.py:120} INFO - [2022-11-06T03:44:46.121+0200] {dag.py:2585} INFO - Sync 1 DAGs
[2022-11-06T03:44:46.136+0200] {logging_mixin.py:120} INFO - [2022-11-06T03:44:46.136+0200] {dag.py:3336} INFO - Setting next_dagrun for example_branch_labels to 2022-11-05T00:00:00+00:00, run_after=2022-11-06T00:00:00+00:00
[2022-11-06T03:44:46.154+0200] {processor.py:176} INFO - Processing /Users/mnagy99/opt/anaconda3/envs/airflow-env/lib/python3.8/site-packages/airflow/example_dags/example_branch_labels.py took 0.565 seconds
[2022-11-06T03:46:44.760+0200] {processor.py:154} INFO - Started process (PID=8616) to work on /Users/mnagy99/opt/anaconda3/envs/airflow-env/lib/python3.8/site-packages/airflow/example_dags/example_branch_labels.py
[2022-11-06T03:46:44.762+0200] {processor.py:756} INFO - Processing file /Users/mnagy99/opt/anaconda3/envs/airflow-env/lib/python3.8/site-packages/airflow/example_dags/example_branch_labels.py for tasks to queue
[2022-11-06T03:46:44.763+0200] {logging_mixin.py:120} INFO - [2022-11-06T03:46:44.763+0200] {dagbag.py:537} INFO - Filling up the DagBag from /Users/mnagy99/opt/anaconda3/envs/airflow-env/lib/python3.8/site-packages/airflow/example_dags/example_branch_labels.py
[2022-11-06T03:46:44.792+0200] {processor.py:766} INFO - DAG(s) dict_keys(['example_branch_labels']) retrieved from /Users/mnagy99/opt/anaconda3/envs/airflow-env/lib/python3.8/site-packages/airflow/example_dags/example_branch_labels.py
[2022-11-06T03:46:45.250+0200] {logging_mixin.py:120} INFO - [2022-11-06T03:46:45.249+0200] {dag.py:2585} INFO - Sync 1 DAGs
[2022-11-06T03:46:45.264+0200] {logging_mixin.py:120} INFO - [2022-11-06T03:46:45.264+0200] {dag.py:3336} INFO - Setting next_dagrun for example_branch_labels to 2022-11-05T00:00:00+00:00, run_after=2022-11-06T00:00:00+00:00
[2022-11-06T03:46:45.281+0200] {processor.py:176} INFO - Processing /Users/mnagy99/opt/anaconda3/envs/airflow-env/lib/python3.8/site-packages/airflow/example_dags/example_branch_labels.py took 0.522 seconds
[2022-11-06T03:48:53.627+0200] {processor.py:154} INFO - Started process (PID=8737) to work on /Users/mnagy99/opt/anaconda3/envs/airflow-env/lib/python3.8/site-packages/airflow/example_dags/example_branch_labels.py
[2022-11-06T03:48:53.629+0200] {processor.py:756} INFO - Processing file /Users/mnagy99/opt/anaconda3/envs/airflow-env/lib/python3.8/site-packages/airflow/example_dags/example_branch_labels.py for tasks to queue
[2022-11-06T03:48:53.629+0200] {logging_mixin.py:120} INFO - [2022-11-06T03:48:53.629+0200] {dagbag.py:537} INFO - Filling up the DagBag from /Users/mnagy99/opt/anaconda3/envs/airflow-env/lib/python3.8/site-packages/airflow/example_dags/example_branch_labels.py
[2022-11-06T03:48:53.651+0200] {processor.py:766} INFO - DAG(s) dict_keys(['example_branch_labels']) retrieved from /Users/mnagy99/opt/anaconda3/envs/airflow-env/lib/python3.8/site-packages/airflow/example_dags/example_branch_labels.py
[2022-11-06T03:48:54.112+0200] {logging_mixin.py:120} INFO - [2022-11-06T03:48:54.112+0200] {dag.py:2585} INFO - Sync 1 DAGs
[2022-11-06T03:48:54.129+0200] {logging_mixin.py:120} INFO - [2022-11-06T03:48:54.128+0200] {dag.py:3336} INFO - Setting next_dagrun for example_branch_labels to 2022-11-05T00:00:00+00:00, run_after=2022-11-06T00:00:00+00:00
[2022-11-06T03:48:54.149+0200] {processor.py:176} INFO - Processing /Users/mnagy99/opt/anaconda3/envs/airflow-env/lib/python3.8/site-packages/airflow/example_dags/example_branch_labels.py took 0.523 seconds
[2022-11-06T03:50:58.299+0200] {processor.py:154} INFO - Started process (PID=8864) to work on /Users/mnagy99/opt/anaconda3/envs/airflow-env/lib/python3.8/site-packages/airflow/example_dags/example_branch_labels.py
[2022-11-06T03:50:58.302+0200] {processor.py:756} INFO - Processing file /Users/mnagy99/opt/anaconda3/envs/airflow-env/lib/python3.8/site-packages/airflow/example_dags/example_branch_labels.py for tasks to queue
[2022-11-06T03:50:58.302+0200] {logging_mixin.py:120} INFO - [2022-11-06T03:50:58.302+0200] {dagbag.py:537} INFO - Filling up the DagBag from /Users/mnagy99/opt/anaconda3/envs/airflow-env/lib/python3.8/site-packages/airflow/example_dags/example_branch_labels.py
[2022-11-06T03:50:58.330+0200] {processor.py:766} INFO - DAG(s) dict_keys(['example_branch_labels']) retrieved from /Users/mnagy99/opt/anaconda3/envs/airflow-env/lib/python3.8/site-packages/airflow/example_dags/example_branch_labels.py
[2022-11-06T03:50:58.796+0200] {logging_mixin.py:120} INFO - [2022-11-06T03:50:58.796+0200] {dag.py:2585} INFO - Sync 1 DAGs
[2022-11-06T03:50:58.812+0200] {logging_mixin.py:120} INFO - [2022-11-06T03:50:58.812+0200] {dag.py:3336} INFO - Setting next_dagrun for example_branch_labels to 2022-11-05T00:00:00+00:00, run_after=2022-11-06T00:00:00+00:00
[2022-11-06T03:50:58.830+0200] {processor.py:176} INFO - Processing /Users/mnagy99/opt/anaconda3/envs/airflow-env/lib/python3.8/site-packages/airflow/example_dags/example_branch_labels.py took 0.531 seconds
[2022-11-06T03:53:03.117+0200] {processor.py:154} INFO - Started process (PID=8990) to work on /Users/mnagy99/opt/anaconda3/envs/airflow-env/lib/python3.8/site-packages/airflow/example_dags/example_branch_labels.py
[2022-11-06T03:53:03.118+0200] {processor.py:756} INFO - Processing file /Users/mnagy99/opt/anaconda3/envs/airflow-env/lib/python3.8/site-packages/airflow/example_dags/example_branch_labels.py for tasks to queue
[2022-11-06T03:53:03.119+0200] {logging_mixin.py:120} INFO - [2022-11-06T03:53:03.118+0200] {dagbag.py:537} INFO - Filling up the DagBag from /Users/mnagy99/opt/anaconda3/envs/airflow-env/lib/python3.8/site-packages/airflow/example_dags/example_branch_labels.py
[2022-11-06T03:53:03.146+0200] {processor.py:766} INFO - DAG(s) dict_keys(['example_branch_labels']) retrieved from /Users/mnagy99/opt/anaconda3/envs/airflow-env/lib/python3.8/site-packages/airflow/example_dags/example_branch_labels.py
[2022-11-06T03:53:03.659+0200] {logging_mixin.py:120} INFO - [2022-11-06T03:53:03.658+0200] {dag.py:2585} INFO - Sync 1 DAGs
[2022-11-06T03:53:03.683+0200] {logging_mixin.py:120} INFO - [2022-11-06T03:53:03.683+0200] {dag.py:3336} INFO - Setting next_dagrun for example_branch_labels to 2022-11-05T00:00:00+00:00, run_after=2022-11-06T00:00:00+00:00
[2022-11-06T03:53:03.712+0200] {processor.py:176} INFO - Processing /Users/mnagy99/opt/anaconda3/envs/airflow-env/lib/python3.8/site-packages/airflow/example_dags/example_branch_labels.py took 0.596 seconds
[2022-11-06T03:55:16.101+0200] {processor.py:154} INFO - Started process (PID=9128) to work on /Users/mnagy99/opt/anaconda3/envs/airflow-env/lib/python3.8/site-packages/airflow/example_dags/example_branch_labels.py
[2022-11-06T03:55:16.104+0200] {processor.py:756} INFO - Processing file /Users/mnagy99/opt/anaconda3/envs/airflow-env/lib/python3.8/site-packages/airflow/example_dags/example_branch_labels.py for tasks to queue
[2022-11-06T03:55:16.105+0200] {logging_mixin.py:120} INFO - [2022-11-06T03:55:16.105+0200] {dagbag.py:537} INFO - Filling up the DagBag from /Users/mnagy99/opt/anaconda3/envs/airflow-env/lib/python3.8/site-packages/airflow/example_dags/example_branch_labels.py
[2022-11-06T03:55:16.130+0200] {processor.py:766} INFO - DAG(s) dict_keys(['example_branch_labels']) retrieved from /Users/mnagy99/opt/anaconda3/envs/airflow-env/lib/python3.8/site-packages/airflow/example_dags/example_branch_labels.py
[2022-11-06T03:55:16.615+0200] {logging_mixin.py:120} INFO - [2022-11-06T03:55:16.615+0200] {dag.py:2585} INFO - Sync 1 DAGs
[2022-11-06T03:55:16.631+0200] {logging_mixin.py:120} INFO - [2022-11-06T03:55:16.631+0200] {dag.py:3336} INFO - Setting next_dagrun for example_branch_labels to 2022-11-05T00:00:00+00:00, run_after=2022-11-06T00:00:00+00:00
[2022-11-06T03:55:16.646+0200] {processor.py:176} INFO - Processing /Users/mnagy99/opt/anaconda3/envs/airflow-env/lib/python3.8/site-packages/airflow/example_dags/example_branch_labels.py took 0.546 seconds
[2022-11-06T03:57:37.163+0200] {processor.py:154} INFO - Started process (PID=9268) to work on /Users/mnagy99/opt/anaconda3/envs/airflow-env/lib/python3.8/site-packages/airflow/example_dags/example_branch_labels.py
[2022-11-06T03:57:37.166+0200] {processor.py:756} INFO - Processing file /Users/mnagy99/opt/anaconda3/envs/airflow-env/lib/python3.8/site-packages/airflow/example_dags/example_branch_labels.py for tasks to queue
[2022-11-06T03:57:37.166+0200] {logging_mixin.py:120} INFO - [2022-11-06T03:57:37.166+0200] {dagbag.py:537} INFO - Filling up the DagBag from /Users/mnagy99/opt/anaconda3/envs/airflow-env/lib/python3.8/site-packages/airflow/example_dags/example_branch_labels.py
[2022-11-06T03:57:37.189+0200] {processor.py:766} INFO - DAG(s) dict_keys(['example_branch_labels']) retrieved from /Users/mnagy99/opt/anaconda3/envs/airflow-env/lib/python3.8/site-packages/airflow/example_dags/example_branch_labels.py
[2022-11-06T03:57:37.651+0200] {logging_mixin.py:120} INFO - [2022-11-06T03:57:37.651+0200] {dag.py:2585} INFO - Sync 1 DAGs
[2022-11-06T03:57:37.667+0200] {logging_mixin.py:120} INFO - [2022-11-06T03:57:37.667+0200] {dag.py:3336} INFO - Setting next_dagrun for example_branch_labels to 2022-11-05T00:00:00+00:00, run_after=2022-11-06T00:00:00+00:00
[2022-11-06T03:57:37.683+0200] {processor.py:176} INFO - Processing /Users/mnagy99/opt/anaconda3/envs/airflow-env/lib/python3.8/site-packages/airflow/example_dags/example_branch_labels.py took 0.520 seconds
[2022-11-06T03:59:51.152+0200] {processor.py:154} INFO - Started process (PID=9403) to work on /Users/mnagy99/opt/anaconda3/envs/airflow-env/lib/python3.8/site-packages/airflow/example_dags/example_branch_labels.py
[2022-11-06T03:59:51.154+0200] {processor.py:756} INFO - Processing file /Users/mnagy99/opt/anaconda3/envs/airflow-env/lib/python3.8/site-packages/airflow/example_dags/example_branch_labels.py for tasks to queue
[2022-11-06T03:59:51.154+0200] {logging_mixin.py:120} INFO - [2022-11-06T03:59:51.154+0200] {dagbag.py:537} INFO - Filling up the DagBag from /Users/mnagy99/opt/anaconda3/envs/airflow-env/lib/python3.8/site-packages/airflow/example_dags/example_branch_labels.py
[2022-11-06T03:59:51.192+0200] {processor.py:766} INFO - DAG(s) dict_keys(['example_branch_labels']) retrieved from /Users/mnagy99/opt/anaconda3/envs/airflow-env/lib/python3.8/site-packages/airflow/example_dags/example_branch_labels.py
[2022-11-06T03:59:51.705+0200] {logging_mixin.py:120} INFO - [2022-11-06T03:59:51.705+0200] {dag.py:2585} INFO - Sync 1 DAGs
[2022-11-06T03:59:51.721+0200] {logging_mixin.py:120} INFO - [2022-11-06T03:59:51.721+0200] {dag.py:3336} INFO - Setting next_dagrun for example_branch_labels to 2022-11-05T00:00:00+00:00, run_after=2022-11-06T00:00:00+00:00
[2022-11-06T03:59:51.737+0200] {processor.py:176} INFO - Processing /Users/mnagy99/opt/anaconda3/envs/airflow-env/lib/python3.8/site-packages/airflow/example_dags/example_branch_labels.py took 0.586 seconds
[2022-11-06T04:02:15.019+0200] {processor.py:154} INFO - Started process (PID=9552) to work on /Users/mnagy99/opt/anaconda3/envs/airflow-env/lib/python3.8/site-packages/airflow/example_dags/example_branch_labels.py
[2022-11-06T04:02:15.022+0200] {processor.py:756} INFO - Processing file /Users/mnagy99/opt/anaconda3/envs/airflow-env/lib/python3.8/site-packages/airflow/example_dags/example_branch_labels.py for tasks to queue
[2022-11-06T04:02:15.023+0200] {logging_mixin.py:120} INFO - [2022-11-06T04:02:15.023+0200] {dagbag.py:537} INFO - Filling up the DagBag from /Users/mnagy99/opt/anaconda3/envs/airflow-env/lib/python3.8/site-packages/airflow/example_dags/example_branch_labels.py
[2022-11-06T04:02:15.045+0200] {processor.py:766} INFO - DAG(s) dict_keys(['example_branch_labels']) retrieved from /Users/mnagy99/opt/anaconda3/envs/airflow-env/lib/python3.8/site-packages/airflow/example_dags/example_branch_labels.py
[2022-11-06T04:02:15.472+0200] {logging_mixin.py:120} INFO - [2022-11-06T04:02:15.472+0200] {dag.py:2585} INFO - Sync 1 DAGs
[2022-11-06T04:02:15.487+0200] {logging_mixin.py:120} INFO - [2022-11-06T04:02:15.487+0200] {dag.py:3336} INFO - Setting next_dagrun for example_branch_labels to 2022-11-05T00:00:00+00:00, run_after=2022-11-06T00:00:00+00:00
[2022-11-06T04:02:15.504+0200] {processor.py:176} INFO - Processing /Users/mnagy99/opt/anaconda3/envs/airflow-env/lib/python3.8/site-packages/airflow/example_dags/example_branch_labels.py took 0.486 seconds
[2022-11-06T04:04:33.968+0200] {processor.py:154} INFO - Started process (PID=9692) to work on /Users/mnagy99/opt/anaconda3/envs/airflow-env/lib/python3.8/site-packages/airflow/example_dags/example_branch_labels.py
[2022-11-06T04:04:33.971+0200] {processor.py:756} INFO - Processing file /Users/mnagy99/opt/anaconda3/envs/airflow-env/lib/python3.8/site-packages/airflow/example_dags/example_branch_labels.py for tasks to queue
[2022-11-06T04:04:33.972+0200] {logging_mixin.py:120} INFO - [2022-11-06T04:04:33.971+0200] {dagbag.py:537} INFO - Filling up the DagBag from /Users/mnagy99/opt/anaconda3/envs/airflow-env/lib/python3.8/site-packages/airflow/example_dags/example_branch_labels.py
[2022-11-06T04:04:33.996+0200] {processor.py:766} INFO - DAG(s) dict_keys(['example_branch_labels']) retrieved from /Users/mnagy99/opt/anaconda3/envs/airflow-env/lib/python3.8/site-packages/airflow/example_dags/example_branch_labels.py
[2022-11-06T04:04:34.439+0200] {logging_mixin.py:120} INFO - [2022-11-06T04:04:34.439+0200] {dag.py:2585} INFO - Sync 1 DAGs
[2022-11-06T04:04:34.455+0200] {logging_mixin.py:120} INFO - [2022-11-06T04:04:34.455+0200] {dag.py:3336} INFO - Setting next_dagrun for example_branch_labels to 2022-11-05T00:00:00+00:00, run_after=2022-11-06T00:00:00+00:00
[2022-11-06T04:04:34.472+0200] {processor.py:176} INFO - Processing /Users/mnagy99/opt/anaconda3/envs/airflow-env/lib/python3.8/site-packages/airflow/example_dags/example_branch_labels.py took 0.504 seconds
[2022-11-06T04:07:10.789+0200] {processor.py:154} INFO - Started process (PID=9858) to work on /Users/mnagy99/opt/anaconda3/envs/airflow-env/lib/python3.8/site-packages/airflow/example_dags/example_branch_labels.py
[2022-11-06T04:07:10.790+0200] {processor.py:756} INFO - Processing file /Users/mnagy99/opt/anaconda3/envs/airflow-env/lib/python3.8/site-packages/airflow/example_dags/example_branch_labels.py for tasks to queue
[2022-11-06T04:07:10.791+0200] {logging_mixin.py:120} INFO - [2022-11-06T04:07:10.790+0200] {dagbag.py:537} INFO - Filling up the DagBag from /Users/mnagy99/opt/anaconda3/envs/airflow-env/lib/python3.8/site-packages/airflow/example_dags/example_branch_labels.py
[2022-11-06T04:07:10.816+0200] {processor.py:766} INFO - DAG(s) dict_keys(['example_branch_labels']) retrieved from /Users/mnagy99/opt/anaconda3/envs/airflow-env/lib/python3.8/site-packages/airflow/example_dags/example_branch_labels.py
[2022-11-06T04:07:11.276+0200] {logging_mixin.py:120} INFO - [2022-11-06T04:07:11.276+0200] {dag.py:2585} INFO - Sync 1 DAGs
[2022-11-06T04:07:11.292+0200] {logging_mixin.py:120} INFO - [2022-11-06T04:07:11.291+0200] {dag.py:3336} INFO - Setting next_dagrun for example_branch_labels to 2022-11-05T00:00:00+00:00, run_after=2022-11-06T00:00:00+00:00
[2022-11-06T04:07:11.309+0200] {processor.py:176} INFO - Processing /Users/mnagy99/opt/anaconda3/envs/airflow-env/lib/python3.8/site-packages/airflow/example_dags/example_branch_labels.py took 0.521 seconds
[2022-11-06T04:09:17.158+0200] {processor.py:154} INFO - Started process (PID=9990) to work on /Users/mnagy99/opt/anaconda3/envs/airflow-env/lib/python3.8/site-packages/airflow/example_dags/example_branch_labels.py
[2022-11-06T04:09:17.160+0200] {processor.py:756} INFO - Processing file /Users/mnagy99/opt/anaconda3/envs/airflow-env/lib/python3.8/site-packages/airflow/example_dags/example_branch_labels.py for tasks to queue
[2022-11-06T04:09:17.160+0200] {logging_mixin.py:120} INFO - [2022-11-06T04:09:17.160+0200] {dagbag.py:537} INFO - Filling up the DagBag from /Users/mnagy99/opt/anaconda3/envs/airflow-env/lib/python3.8/site-packages/airflow/example_dags/example_branch_labels.py
[2022-11-06T04:09:17.183+0200] {processor.py:766} INFO - DAG(s) dict_keys(['example_branch_labels']) retrieved from /Users/mnagy99/opt/anaconda3/envs/airflow-env/lib/python3.8/site-packages/airflow/example_dags/example_branch_labels.py
[2022-11-06T04:09:17.654+0200] {logging_mixin.py:120} INFO - [2022-11-06T04:09:17.653+0200] {dag.py:2585} INFO - Sync 1 DAGs
[2022-11-06T04:09:17.669+0200] {logging_mixin.py:120} INFO - [2022-11-06T04:09:17.669+0200] {dag.py:3336} INFO - Setting next_dagrun for example_branch_labels to 2022-11-05T00:00:00+00:00, run_after=2022-11-06T00:00:00+00:00
[2022-11-06T04:09:17.686+0200] {processor.py:176} INFO - Processing /Users/mnagy99/opt/anaconda3/envs/airflow-env/lib/python3.8/site-packages/airflow/example_dags/example_branch_labels.py took 0.529 seconds
[2022-11-06T04:11:39.293+0200] {processor.py:154} INFO - Started process (PID=10145) to work on /Users/mnagy99/opt/anaconda3/envs/airflow-env/lib/python3.8/site-packages/airflow/example_dags/example_branch_labels.py
[2022-11-06T04:11:39.294+0200] {processor.py:756} INFO - Processing file /Users/mnagy99/opt/anaconda3/envs/airflow-env/lib/python3.8/site-packages/airflow/example_dags/example_branch_labels.py for tasks to queue
[2022-11-06T04:11:39.295+0200] {logging_mixin.py:120} INFO - [2022-11-06T04:11:39.295+0200] {dagbag.py:537} INFO - Filling up the DagBag from /Users/mnagy99/opt/anaconda3/envs/airflow-env/lib/python3.8/site-packages/airflow/example_dags/example_branch_labels.py
[2022-11-06T04:11:39.324+0200] {processor.py:766} INFO - DAG(s) dict_keys(['example_branch_labels']) retrieved from /Users/mnagy99/opt/anaconda3/envs/airflow-env/lib/python3.8/site-packages/airflow/example_dags/example_branch_labels.py
[2022-11-06T04:11:39.815+0200] {logging_mixin.py:120} INFO - [2022-11-06T04:11:39.815+0200] {dag.py:2585} INFO - Sync 1 DAGs
[2022-11-06T04:11:39.830+0200] {logging_mixin.py:120} INFO - [2022-11-06T04:11:39.829+0200] {dag.py:3336} INFO - Setting next_dagrun for example_branch_labels to 2022-11-05T00:00:00+00:00, run_after=2022-11-06T00:00:00+00:00
[2022-11-06T04:11:39.845+0200] {processor.py:176} INFO - Processing /Users/mnagy99/opt/anaconda3/envs/airflow-env/lib/python3.8/site-packages/airflow/example_dags/example_branch_labels.py took 0.553 seconds
[2022-11-06T04:13:45.239+0200] {processor.py:154} INFO - Started process (PID=10281) to work on /Users/mnagy99/opt/anaconda3/envs/airflow-env/lib/python3.8/site-packages/airflow/example_dags/example_branch_labels.py
[2022-11-06T04:13:45.241+0200] {processor.py:756} INFO - Processing file /Users/mnagy99/opt/anaconda3/envs/airflow-env/lib/python3.8/site-packages/airflow/example_dags/example_branch_labels.py for tasks to queue
[2022-11-06T04:13:45.242+0200] {logging_mixin.py:120} INFO - [2022-11-06T04:13:45.241+0200] {dagbag.py:537} INFO - Filling up the DagBag from /Users/mnagy99/opt/anaconda3/envs/airflow-env/lib/python3.8/site-packages/airflow/example_dags/example_branch_labels.py
[2022-11-06T04:13:45.269+0200] {processor.py:766} INFO - DAG(s) dict_keys(['example_branch_labels']) retrieved from /Users/mnagy99/opt/anaconda3/envs/airflow-env/lib/python3.8/site-packages/airflow/example_dags/example_branch_labels.py
[2022-11-06T04:13:45.763+0200] {logging_mixin.py:120} INFO - [2022-11-06T04:13:45.763+0200] {dag.py:2585} INFO - Sync 1 DAGs
[2022-11-06T04:13:45.781+0200] {logging_mixin.py:120} INFO - [2022-11-06T04:13:45.780+0200] {dag.py:3336} INFO - Setting next_dagrun for example_branch_labels to 2022-11-05T00:00:00+00:00, run_after=2022-11-06T00:00:00+00:00
[2022-11-06T04:13:45.799+0200] {processor.py:176} INFO - Processing /Users/mnagy99/opt/anaconda3/envs/airflow-env/lib/python3.8/site-packages/airflow/example_dags/example_branch_labels.py took 0.561 seconds
[2022-11-06T04:15:45.568+0200] {processor.py:154} INFO - Started process (PID=10407) to work on /Users/mnagy99/opt/anaconda3/envs/airflow-env/lib/python3.8/site-packages/airflow/example_dags/example_branch_labels.py
[2022-11-06T04:15:45.570+0200] {processor.py:756} INFO - Processing file /Users/mnagy99/opt/anaconda3/envs/airflow-env/lib/python3.8/site-packages/airflow/example_dags/example_branch_labels.py for tasks to queue
[2022-11-06T04:15:45.570+0200] {logging_mixin.py:120} INFO - [2022-11-06T04:15:45.570+0200] {dagbag.py:537} INFO - Filling up the DagBag from /Users/mnagy99/opt/anaconda3/envs/airflow-env/lib/python3.8/site-packages/airflow/example_dags/example_branch_labels.py
[2022-11-06T04:15:45.594+0200] {processor.py:766} INFO - DAG(s) dict_keys(['example_branch_labels']) retrieved from /Users/mnagy99/opt/anaconda3/envs/airflow-env/lib/python3.8/site-packages/airflow/example_dags/example_branch_labels.py
[2022-11-06T04:15:46.081+0200] {logging_mixin.py:120} INFO - [2022-11-06T04:15:46.081+0200] {dag.py:2585} INFO - Sync 1 DAGs
[2022-11-06T04:15:46.099+0200] {logging_mixin.py:120} INFO - [2022-11-06T04:15:46.098+0200] {dag.py:3336} INFO - Setting next_dagrun for example_branch_labels to 2022-11-05T00:00:00+00:00, run_after=2022-11-06T00:00:00+00:00
[2022-11-06T04:15:46.127+0200] {processor.py:176} INFO - Processing /Users/mnagy99/opt/anaconda3/envs/airflow-env/lib/python3.8/site-packages/airflow/example_dags/example_branch_labels.py took 0.560 seconds
[2022-11-06T04:18:06.270+0200] {processor.py:154} INFO - Started process (PID=10539) to work on /Users/mnagy99/opt/anaconda3/envs/airflow-env/lib/python3.8/site-packages/airflow/example_dags/example_branch_labels.py
[2022-11-06T04:18:06.273+0200] {processor.py:756} INFO - Processing file /Users/mnagy99/opt/anaconda3/envs/airflow-env/lib/python3.8/site-packages/airflow/example_dags/example_branch_labels.py for tasks to queue
[2022-11-06T04:18:06.274+0200] {logging_mixin.py:120} INFO - [2022-11-06T04:18:06.274+0200] {dagbag.py:537} INFO - Filling up the DagBag from /Users/mnagy99/opt/anaconda3/envs/airflow-env/lib/python3.8/site-packages/airflow/example_dags/example_branch_labels.py
[2022-11-06T04:18:06.298+0200] {processor.py:766} INFO - DAG(s) dict_keys(['example_branch_labels']) retrieved from /Users/mnagy99/opt/anaconda3/envs/airflow-env/lib/python3.8/site-packages/airflow/example_dags/example_branch_labels.py
[2022-11-06T04:18:06.754+0200] {logging_mixin.py:120} INFO - [2022-11-06T04:18:06.753+0200] {dag.py:2585} INFO - Sync 1 DAGs
[2022-11-06T04:18:06.768+0200] {logging_mixin.py:120} INFO - [2022-11-06T04:18:06.768+0200] {dag.py:3336} INFO - Setting next_dagrun for example_branch_labels to 2022-11-05T00:00:00+00:00, run_after=2022-11-06T00:00:00+00:00
[2022-11-06T04:18:06.785+0200] {processor.py:176} INFO - Processing /Users/mnagy99/opt/anaconda3/envs/airflow-env/lib/python3.8/site-packages/airflow/example_dags/example_branch_labels.py took 0.515 seconds
