[2022-11-06T02:02:09.892+0200] {processor.py:154} INFO - Started process (PID=1954) to work on /Users/mnagy99/opt/anaconda3/envs/airflow-env/lib/python3.8/site-packages/airflow/example_dags/example_short_circuit_operator.py
[2022-11-06T02:02:09.893+0200] {processor.py:756} INFO - Processing file /Users/mnagy99/opt/anaconda3/envs/airflow-env/lib/python3.8/site-packages/airflow/example_dags/example_short_circuit_operator.py for tasks to queue
[2022-11-06T02:02:09.893+0200] {logging_mixin.py:120} INFO - [2022-11-06T02:02:09.893+0200] {dagbag.py:537} INFO - Filling up the DagBag from /Users/mnagy99/opt/anaconda3/envs/airflow-env/lib/python3.8/site-packages/airflow/example_dags/example_short_circuit_operator.py
[2022-11-06T02:02:09.925+0200] {processor.py:766} INFO - DAG(s) dict_keys(['example_short_circuit_operator']) retrieved from /Users/mnagy99/opt/anaconda3/envs/airflow-env/lib/python3.8/site-packages/airflow/example_dags/example_short_circuit_operator.py
[2022-11-06T02:02:10.406+0200] {logging_mixin.py:120} INFO - [2022-11-06T02:02:10.406+0200] {dag.py:2585} INFO - Sync 1 DAGs
[2022-11-06T02:02:10.420+0200] {logging_mixin.py:120} INFO - [2022-11-06T02:02:10.419+0200] {dag.py:3336} INFO - Setting next_dagrun for example_short_circuit_operator to 2022-11-05T00:02:10.419797+00:00, run_after=2022-11-06T00:02:10.419797+00:00
[2022-11-06T02:02:10.440+0200] {processor.py:176} INFO - Processing /Users/mnagy99/opt/anaconda3/envs/airflow-env/lib/python3.8/site-packages/airflow/example_dags/example_short_circuit_operator.py took 0.548 seconds
[2022-11-06T02:04:28.148+0200] {processor.py:154} INFO - Started process (PID=2170) to work on /Users/mnagy99/opt/anaconda3/envs/airflow-env/lib/python3.8/site-packages/airflow/example_dags/example_short_circuit_operator.py
[2022-11-06T02:04:28.151+0200] {processor.py:756} INFO - Processing file /Users/mnagy99/opt/anaconda3/envs/airflow-env/lib/python3.8/site-packages/airflow/example_dags/example_short_circuit_operator.py for tasks to queue
[2022-11-06T02:04:28.151+0200] {logging_mixin.py:120} INFO - [2022-11-06T02:04:28.151+0200] {dagbag.py:537} INFO - Filling up the DagBag from /Users/mnagy99/opt/anaconda3/envs/airflow-env/lib/python3.8/site-packages/airflow/example_dags/example_short_circuit_operator.py
[2022-11-06T02:04:28.195+0200] {processor.py:766} INFO - DAG(s) dict_keys(['example_short_circuit_operator']) retrieved from /Users/mnagy99/opt/anaconda3/envs/airflow-env/lib/python3.8/site-packages/airflow/example_dags/example_short_circuit_operator.py
[2022-11-06T02:04:28.720+0200] {logging_mixin.py:120} INFO - [2022-11-06T02:04:28.719+0200] {dag.py:2585} INFO - Sync 1 DAGs
[2022-11-06T02:04:28.740+0200] {logging_mixin.py:120} INFO - [2022-11-06T02:04:28.740+0200] {dag.py:3336} INFO - Setting next_dagrun for example_short_circuit_operator to 2022-11-05T00:04:28.740017+00:00, run_after=2022-11-06T00:04:28.740017+00:00
[2022-11-06T02:04:28.758+0200] {processor.py:176} INFO - Processing /Users/mnagy99/opt/anaconda3/envs/airflow-env/lib/python3.8/site-packages/airflow/example_dags/example_short_circuit_operator.py took 0.610 seconds
[2022-11-06T02:06:50.299+0200] {processor.py:154} INFO - Started process (PID=2304) to work on /Users/mnagy99/opt/anaconda3/envs/airflow-env/lib/python3.8/site-packages/airflow/example_dags/example_short_circuit_operator.py
[2022-11-06T02:06:50.302+0200] {processor.py:756} INFO - Processing file /Users/mnagy99/opt/anaconda3/envs/airflow-env/lib/python3.8/site-packages/airflow/example_dags/example_short_circuit_operator.py for tasks to queue
[2022-11-06T02:06:50.302+0200] {logging_mixin.py:120} INFO - [2022-11-06T02:06:50.302+0200] {dagbag.py:537} INFO - Filling up the DagBag from /Users/mnagy99/opt/anaconda3/envs/airflow-env/lib/python3.8/site-packages/airflow/example_dags/example_short_circuit_operator.py
[2022-11-06T02:06:50.345+0200] {processor.py:766} INFO - DAG(s) dict_keys(['example_short_circuit_operator']) retrieved from /Users/mnagy99/opt/anaconda3/envs/airflow-env/lib/python3.8/site-packages/airflow/example_dags/example_short_circuit_operator.py
[2022-11-06T02:06:50.885+0200] {logging_mixin.py:120} INFO - [2022-11-06T02:06:50.885+0200] {dag.py:2585} INFO - Sync 1 DAGs
[2022-11-06T02:06:50.900+0200] {logging_mixin.py:120} INFO - [2022-11-06T02:06:50.900+0200] {dag.py:3336} INFO - Setting next_dagrun for example_short_circuit_operator to 2022-11-05T00:06:50.900076+00:00, run_after=2022-11-06T00:06:50.900076+00:00
[2022-11-06T02:06:50.915+0200] {processor.py:176} INFO - Processing /Users/mnagy99/opt/anaconda3/envs/airflow-env/lib/python3.8/site-packages/airflow/example_dags/example_short_circuit_operator.py took 0.616 seconds
[2022-11-06T02:09:09.305+0200] {processor.py:154} INFO - Started process (PID=2430) to work on /Users/mnagy99/opt/anaconda3/envs/airflow-env/lib/python3.8/site-packages/airflow/example_dags/example_short_circuit_operator.py
[2022-11-06T02:09:09.306+0200] {processor.py:756} INFO - Processing file /Users/mnagy99/opt/anaconda3/envs/airflow-env/lib/python3.8/site-packages/airflow/example_dags/example_short_circuit_operator.py for tasks to queue
[2022-11-06T02:09:09.307+0200] {logging_mixin.py:120} INFO - [2022-11-06T02:09:09.307+0200] {dagbag.py:537} INFO - Filling up the DagBag from /Users/mnagy99/opt/anaconda3/envs/airflow-env/lib/python3.8/site-packages/airflow/example_dags/example_short_circuit_operator.py
[2022-11-06T02:09:09.354+0200] {processor.py:766} INFO - DAG(s) dict_keys(['example_short_circuit_operator']) retrieved from /Users/mnagy99/opt/anaconda3/envs/airflow-env/lib/python3.8/site-packages/airflow/example_dags/example_short_circuit_operator.py
[2022-11-06T02:09:09.921+0200] {logging_mixin.py:120} INFO - [2022-11-06T02:09:09.920+0200] {dag.py:2585} INFO - Sync 1 DAGs
[2022-11-06T02:09:09.942+0200] {logging_mixin.py:120} INFO - [2022-11-06T02:09:09.942+0200] {dag.py:3336} INFO - Setting next_dagrun for example_short_circuit_operator to 2022-11-05T00:09:09.942477+00:00, run_after=2022-11-06T00:09:09.942477+00:00
[2022-11-06T02:09:09.962+0200] {processor.py:176} INFO - Processing /Users/mnagy99/opt/anaconda3/envs/airflow-env/lib/python3.8/site-packages/airflow/example_dags/example_short_circuit_operator.py took 0.658 seconds
[2022-11-06T02:11:24.123+0200] {processor.py:154} INFO - Started process (PID=2561) to work on /Users/mnagy99/opt/anaconda3/envs/airflow-env/lib/python3.8/site-packages/airflow/example_dags/example_short_circuit_operator.py
[2022-11-06T02:11:24.125+0200] {processor.py:756} INFO - Processing file /Users/mnagy99/opt/anaconda3/envs/airflow-env/lib/python3.8/site-packages/airflow/example_dags/example_short_circuit_operator.py for tasks to queue
[2022-11-06T02:11:24.126+0200] {logging_mixin.py:120} INFO - [2022-11-06T02:11:24.125+0200] {dagbag.py:537} INFO - Filling up the DagBag from /Users/mnagy99/opt/anaconda3/envs/airflow-env/lib/python3.8/site-packages/airflow/example_dags/example_short_circuit_operator.py
[2022-11-06T02:11:24.158+0200] {processor.py:766} INFO - DAG(s) dict_keys(['example_short_circuit_operator']) retrieved from /Users/mnagy99/opt/anaconda3/envs/airflow-env/lib/python3.8/site-packages/airflow/example_dags/example_short_circuit_operator.py
[2022-11-06T02:11:24.921+0200] {logging_mixin.py:120} INFO - [2022-11-06T02:11:24.920+0200] {dag.py:2585} INFO - Sync 1 DAGs
[2022-11-06T02:11:24.947+0200] {logging_mixin.py:120} INFO - [2022-11-06T02:11:24.946+0200] {dag.py:3336} INFO - Setting next_dagrun for example_short_circuit_operator to 2022-11-05T00:11:24.946573+00:00, run_after=2022-11-06T00:11:24.946573+00:00
[2022-11-06T02:11:24.987+0200] {processor.py:176} INFO - Processing /Users/mnagy99/opt/anaconda3/envs/airflow-env/lib/python3.8/site-packages/airflow/example_dags/example_short_circuit_operator.py took 0.866 seconds
[2022-11-06T02:13:32.551+0200] {processor.py:154} INFO - Started process (PID=2685) to work on /Users/mnagy99/opt/anaconda3/envs/airflow-env/lib/python3.8/site-packages/airflow/example_dags/example_short_circuit_operator.py
[2022-11-06T02:13:32.553+0200] {processor.py:756} INFO - Processing file /Users/mnagy99/opt/anaconda3/envs/airflow-env/lib/python3.8/site-packages/airflow/example_dags/example_short_circuit_operator.py for tasks to queue
[2022-11-06T02:13:32.554+0200] {logging_mixin.py:120} INFO - [2022-11-06T02:13:32.554+0200] {dagbag.py:537} INFO - Filling up the DagBag from /Users/mnagy99/opt/anaconda3/envs/airflow-env/lib/python3.8/site-packages/airflow/example_dags/example_short_circuit_operator.py
[2022-11-06T02:13:32.591+0200] {processor.py:766} INFO - DAG(s) dict_keys(['example_short_circuit_operator']) retrieved from /Users/mnagy99/opt/anaconda3/envs/airflow-env/lib/python3.8/site-packages/airflow/example_dags/example_short_circuit_operator.py
[2022-11-06T02:13:33.065+0200] {logging_mixin.py:120} INFO - [2022-11-06T02:13:33.065+0200] {dag.py:2585} INFO - Sync 1 DAGs
[2022-11-06T02:13:33.078+0200] {logging_mixin.py:120} INFO - [2022-11-06T02:13:33.078+0200] {dag.py:3336} INFO - Setting next_dagrun for example_short_circuit_operator to 2022-11-05T00:13:33.078402+00:00, run_after=2022-11-06T00:13:33.078402+00:00
[2022-11-06T02:13:33.097+0200] {processor.py:176} INFO - Processing /Users/mnagy99/opt/anaconda3/envs/airflow-env/lib/python3.8/site-packages/airflow/example_dags/example_short_circuit_operator.py took 0.546 seconds
[2022-11-06T02:15:57.882+0200] {processor.py:154} INFO - Started process (PID=2888) to work on /Users/mnagy99/opt/anaconda3/envs/airflow-env/lib/python3.8/site-packages/airflow/example_dags/example_short_circuit_operator.py
[2022-11-06T02:15:57.884+0200] {processor.py:756} INFO - Processing file /Users/mnagy99/opt/anaconda3/envs/airflow-env/lib/python3.8/site-packages/airflow/example_dags/example_short_circuit_operator.py for tasks to queue
[2022-11-06T02:15:57.885+0200] {logging_mixin.py:120} INFO - [2022-11-06T02:15:57.885+0200] {dagbag.py:537} INFO - Filling up the DagBag from /Users/mnagy99/opt/anaconda3/envs/airflow-env/lib/python3.8/site-packages/airflow/example_dags/example_short_circuit_operator.py
[2022-11-06T02:15:57.920+0200] {processor.py:766} INFO - DAG(s) dict_keys(['example_short_circuit_operator']) retrieved from /Users/mnagy99/opt/anaconda3/envs/airflow-env/lib/python3.8/site-packages/airflow/example_dags/example_short_circuit_operator.py
[2022-11-06T02:15:58.368+0200] {logging_mixin.py:120} INFO - [2022-11-06T02:15:58.368+0200] {dag.py:2585} INFO - Sync 1 DAGs
[2022-11-06T02:15:58.384+0200] {logging_mixin.py:120} INFO - [2022-11-06T02:15:58.384+0200] {dag.py:3336} INFO - Setting next_dagrun for example_short_circuit_operator to 2022-11-05T00:15:58.384058+00:00, run_after=2022-11-06T00:15:58.384058+00:00
[2022-11-06T02:15:58.401+0200] {processor.py:176} INFO - Processing /Users/mnagy99/opt/anaconda3/envs/airflow-env/lib/python3.8/site-packages/airflow/example_dags/example_short_circuit_operator.py took 0.520 seconds
[2022-11-06T02:18:08.118+0200] {processor.py:154} INFO - Started process (PID=3033) to work on /Users/mnagy99/opt/anaconda3/envs/airflow-env/lib/python3.8/site-packages/airflow/example_dags/example_short_circuit_operator.py
[2022-11-06T02:18:08.121+0200] {processor.py:756} INFO - Processing file /Users/mnagy99/opt/anaconda3/envs/airflow-env/lib/python3.8/site-packages/airflow/example_dags/example_short_circuit_operator.py for tasks to queue
[2022-11-06T02:18:08.121+0200] {logging_mixin.py:120} INFO - [2022-11-06T02:18:08.121+0200] {dagbag.py:537} INFO - Filling up the DagBag from /Users/mnagy99/opt/anaconda3/envs/airflow-env/lib/python3.8/site-packages/airflow/example_dags/example_short_circuit_operator.py
[2022-11-06T02:18:08.159+0200] {processor.py:766} INFO - DAG(s) dict_keys(['example_short_circuit_operator']) retrieved from /Users/mnagy99/opt/anaconda3/envs/airflow-env/lib/python3.8/site-packages/airflow/example_dags/example_short_circuit_operator.py
[2022-11-06T02:18:08.606+0200] {logging_mixin.py:120} INFO - [2022-11-06T02:18:08.606+0200] {dag.py:2585} INFO - Sync 1 DAGs
[2022-11-06T02:18:08.621+0200] {logging_mixin.py:120} INFO - [2022-11-06T02:18:08.621+0200] {dag.py:3336} INFO - Setting next_dagrun for example_short_circuit_operator to 2022-11-05T00:18:08.621245+00:00, run_after=2022-11-06T00:18:08.621245+00:00
[2022-11-06T02:18:08.641+0200] {processor.py:176} INFO - Processing /Users/mnagy99/opt/anaconda3/envs/airflow-env/lib/python3.8/site-packages/airflow/example_dags/example_short_circuit_operator.py took 0.524 seconds
[2022-11-06T02:20:21.484+0200] {processor.py:154} INFO - Started process (PID=3174) to work on /Users/mnagy99/opt/anaconda3/envs/airflow-env/lib/python3.8/site-packages/airflow/example_dags/example_short_circuit_operator.py
[2022-11-06T02:20:21.487+0200] {processor.py:756} INFO - Processing file /Users/mnagy99/opt/anaconda3/envs/airflow-env/lib/python3.8/site-packages/airflow/example_dags/example_short_circuit_operator.py for tasks to queue
[2022-11-06T02:20:21.488+0200] {logging_mixin.py:120} INFO - [2022-11-06T02:20:21.487+0200] {dagbag.py:537} INFO - Filling up the DagBag from /Users/mnagy99/opt/anaconda3/envs/airflow-env/lib/python3.8/site-packages/airflow/example_dags/example_short_circuit_operator.py
[2022-11-06T02:20:21.523+0200] {processor.py:766} INFO - DAG(s) dict_keys(['example_short_circuit_operator']) retrieved from /Users/mnagy99/opt/anaconda3/envs/airflow-env/lib/python3.8/site-packages/airflow/example_dags/example_short_circuit_operator.py
[2022-11-06T02:20:22.035+0200] {logging_mixin.py:120} INFO - [2022-11-06T02:20:22.035+0200] {dag.py:2585} INFO - Sync 1 DAGs
[2022-11-06T02:20:22.064+0200] {logging_mixin.py:120} INFO - [2022-11-06T02:20:22.064+0200] {dag.py:3336} INFO - Setting next_dagrun for example_short_circuit_operator to 2022-11-05T00:20:22.064015+00:00, run_after=2022-11-06T00:20:22.064015+00:00
[2022-11-06T02:20:22.090+0200] {processor.py:176} INFO - Processing /Users/mnagy99/opt/anaconda3/envs/airflow-env/lib/python3.8/site-packages/airflow/example_dags/example_short_circuit_operator.py took 0.606 seconds
[2022-11-06T02:22:28.869+0200] {processor.py:154} INFO - Started process (PID=3299) to work on /Users/mnagy99/opt/anaconda3/envs/airflow-env/lib/python3.8/site-packages/airflow/example_dags/example_short_circuit_operator.py
[2022-11-06T02:22:28.872+0200] {processor.py:756} INFO - Processing file /Users/mnagy99/opt/anaconda3/envs/airflow-env/lib/python3.8/site-packages/airflow/example_dags/example_short_circuit_operator.py for tasks to queue
[2022-11-06T02:22:28.873+0200] {logging_mixin.py:120} INFO - [2022-11-06T02:22:28.872+0200] {dagbag.py:537} INFO - Filling up the DagBag from /Users/mnagy99/opt/anaconda3/envs/airflow-env/lib/python3.8/site-packages/airflow/example_dags/example_short_circuit_operator.py
[2022-11-06T02:22:28.906+0200] {processor.py:766} INFO - DAG(s) dict_keys(['example_short_circuit_operator']) retrieved from /Users/mnagy99/opt/anaconda3/envs/airflow-env/lib/python3.8/site-packages/airflow/example_dags/example_short_circuit_operator.py
[2022-11-06T02:22:29.448+0200] {logging_mixin.py:120} INFO - [2022-11-06T02:22:29.448+0200] {dag.py:2585} INFO - Sync 1 DAGs
[2022-11-06T02:22:29.461+0200] {logging_mixin.py:120} INFO - [2022-11-06T02:22:29.461+0200] {dag.py:3336} INFO - Setting next_dagrun for example_short_circuit_operator to 2022-11-05T00:22:29.461671+00:00, run_after=2022-11-06T00:22:29.461671+00:00
[2022-11-06T02:22:29.481+0200] {processor.py:176} INFO - Processing /Users/mnagy99/opt/anaconda3/envs/airflow-env/lib/python3.8/site-packages/airflow/example_dags/example_short_circuit_operator.py took 0.613 seconds
[2022-11-06T02:24:42.818+0200] {processor.py:154} INFO - Started process (PID=3442) to work on /Users/mnagy99/opt/anaconda3/envs/airflow-env/lib/python3.8/site-packages/airflow/example_dags/example_short_circuit_operator.py
[2022-11-06T02:24:42.820+0200] {processor.py:756} INFO - Processing file /Users/mnagy99/opt/anaconda3/envs/airflow-env/lib/python3.8/site-packages/airflow/example_dags/example_short_circuit_operator.py for tasks to queue
[2022-11-06T02:24:42.821+0200] {logging_mixin.py:120} INFO - [2022-11-06T02:24:42.821+0200] {dagbag.py:537} INFO - Filling up the DagBag from /Users/mnagy99/opt/anaconda3/envs/airflow-env/lib/python3.8/site-packages/airflow/example_dags/example_short_circuit_operator.py
[2022-11-06T02:24:42.871+0200] {processor.py:766} INFO - DAG(s) dict_keys(['example_short_circuit_operator']) retrieved from /Users/mnagy99/opt/anaconda3/envs/airflow-env/lib/python3.8/site-packages/airflow/example_dags/example_short_circuit_operator.py
[2022-11-06T02:24:43.336+0200] {logging_mixin.py:120} INFO - [2022-11-06T02:24:43.336+0200] {dag.py:2585} INFO - Sync 1 DAGs
[2022-11-06T02:24:43.350+0200] {logging_mixin.py:120} INFO - [2022-11-06T02:24:43.350+0200] {dag.py:3336} INFO - Setting next_dagrun for example_short_circuit_operator to 2022-11-05T00:24:43.350716+00:00, run_after=2022-11-06T00:24:43.350716+00:00
[2022-11-06T02:24:43.367+0200] {processor.py:176} INFO - Processing /Users/mnagy99/opt/anaconda3/envs/airflow-env/lib/python3.8/site-packages/airflow/example_dags/example_short_circuit_operator.py took 0.550 seconds
[2022-11-06T02:26:54.650+0200] {processor.py:154} INFO - Started process (PID=3580) to work on /Users/mnagy99/opt/anaconda3/envs/airflow-env/lib/python3.8/site-packages/airflow/example_dags/example_short_circuit_operator.py
[2022-11-06T02:26:54.652+0200] {processor.py:756} INFO - Processing file /Users/mnagy99/opt/anaconda3/envs/airflow-env/lib/python3.8/site-packages/airflow/example_dags/example_short_circuit_operator.py for tasks to queue
[2022-11-06T02:26:54.653+0200] {logging_mixin.py:120} INFO - [2022-11-06T02:26:54.653+0200] {dagbag.py:537} INFO - Filling up the DagBag from /Users/mnagy99/opt/anaconda3/envs/airflow-env/lib/python3.8/site-packages/airflow/example_dags/example_short_circuit_operator.py
[2022-11-06T02:26:54.684+0200] {processor.py:766} INFO - DAG(s) dict_keys(['example_short_circuit_operator']) retrieved from /Users/mnagy99/opt/anaconda3/envs/airflow-env/lib/python3.8/site-packages/airflow/example_dags/example_short_circuit_operator.py
[2022-11-06T02:26:55.103+0200] {logging_mixin.py:120} INFO - [2022-11-06T02:26:55.103+0200] {dag.py:2585} INFO - Sync 1 DAGs
[2022-11-06T02:26:55.117+0200] {logging_mixin.py:120} INFO - [2022-11-06T02:26:55.116+0200] {dag.py:3336} INFO - Setting next_dagrun for example_short_circuit_operator to 2022-11-05T00:26:55.116723+00:00, run_after=2022-11-06T00:26:55.116723+00:00
[2022-11-06T02:26:55.136+0200] {processor.py:176} INFO - Processing /Users/mnagy99/opt/anaconda3/envs/airflow-env/lib/python3.8/site-packages/airflow/example_dags/example_short_circuit_operator.py took 0.487 seconds
[2022-11-06T02:29:05.999+0200] {processor.py:154} INFO - Started process (PID=3719) to work on /Users/mnagy99/opt/anaconda3/envs/airflow-env/lib/python3.8/site-packages/airflow/example_dags/example_short_circuit_operator.py
[2022-11-06T02:29:06.000+0200] {processor.py:756} INFO - Processing file /Users/mnagy99/opt/anaconda3/envs/airflow-env/lib/python3.8/site-packages/airflow/example_dags/example_short_circuit_operator.py for tasks to queue
[2022-11-06T02:29:06.000+0200] {logging_mixin.py:120} INFO - [2022-11-06T02:29:06.000+0200] {dagbag.py:537} INFO - Filling up the DagBag from /Users/mnagy99/opt/anaconda3/envs/airflow-env/lib/python3.8/site-packages/airflow/example_dags/example_short_circuit_operator.py
[2022-11-06T02:29:06.040+0200] {processor.py:766} INFO - DAG(s) dict_keys(['example_short_circuit_operator']) retrieved from /Users/mnagy99/opt/anaconda3/envs/airflow-env/lib/python3.8/site-packages/airflow/example_dags/example_short_circuit_operator.py
[2022-11-06T02:29:06.501+0200] {logging_mixin.py:120} INFO - [2022-11-06T02:29:06.501+0200] {dag.py:2585} INFO - Sync 1 DAGs
[2022-11-06T02:29:06.515+0200] {logging_mixin.py:120} INFO - [2022-11-06T02:29:06.515+0200] {dag.py:3336} INFO - Setting next_dagrun for example_short_circuit_operator to 2022-11-05T00:29:06.515671+00:00, run_after=2022-11-06T00:29:06.515671+00:00
[2022-11-06T02:29:06.532+0200] {processor.py:176} INFO - Processing /Users/mnagy99/opt/anaconda3/envs/airflow-env/lib/python3.8/site-packages/airflow/example_dags/example_short_circuit_operator.py took 0.535 seconds
[2022-11-06T02:31:17.863+0200] {processor.py:154} INFO - Started process (PID=3870) to work on /Users/mnagy99/opt/anaconda3/envs/airflow-env/lib/python3.8/site-packages/airflow/example_dags/example_short_circuit_operator.py
[2022-11-06T02:31:17.865+0200] {processor.py:756} INFO - Processing file /Users/mnagy99/opt/anaconda3/envs/airflow-env/lib/python3.8/site-packages/airflow/example_dags/example_short_circuit_operator.py for tasks to queue
[2022-11-06T02:31:17.866+0200] {logging_mixin.py:120} INFO - [2022-11-06T02:31:17.866+0200] {dagbag.py:537} INFO - Filling up the DagBag from /Users/mnagy99/opt/anaconda3/envs/airflow-env/lib/python3.8/site-packages/airflow/example_dags/example_short_circuit_operator.py
[2022-11-06T02:31:17.906+0200] {processor.py:766} INFO - DAG(s) dict_keys(['example_short_circuit_operator']) retrieved from /Users/mnagy99/opt/anaconda3/envs/airflow-env/lib/python3.8/site-packages/airflow/example_dags/example_short_circuit_operator.py
[2022-11-06T02:31:18.351+0200] {logging_mixin.py:120} INFO - [2022-11-06T02:31:18.351+0200] {dag.py:2585} INFO - Sync 1 DAGs
[2022-11-06T02:31:18.365+0200] {logging_mixin.py:120} INFO - [2022-11-06T02:31:18.365+0200] {dag.py:3336} INFO - Setting next_dagrun for example_short_circuit_operator to 2022-11-05T00:31:18.365605+00:00, run_after=2022-11-06T00:31:18.365605+00:00
[2022-11-06T02:31:18.387+0200] {processor.py:176} INFO - Processing /Users/mnagy99/opt/anaconda3/envs/airflow-env/lib/python3.8/site-packages/airflow/example_dags/example_short_circuit_operator.py took 0.525 seconds
[2022-11-06T02:33:30.496+0200] {processor.py:154} INFO - Started process (PID=4024) to work on /Users/mnagy99/opt/anaconda3/envs/airflow-env/lib/python3.8/site-packages/airflow/example_dags/example_short_circuit_operator.py
[2022-11-06T02:33:30.498+0200] {processor.py:756} INFO - Processing file /Users/mnagy99/opt/anaconda3/envs/airflow-env/lib/python3.8/site-packages/airflow/example_dags/example_short_circuit_operator.py for tasks to queue
[2022-11-06T02:33:30.499+0200] {logging_mixin.py:120} INFO - [2022-11-06T02:33:30.499+0200] {dagbag.py:537} INFO - Filling up the DagBag from /Users/mnagy99/opt/anaconda3/envs/airflow-env/lib/python3.8/site-packages/airflow/example_dags/example_short_circuit_operator.py
[2022-11-06T02:33:30.533+0200] {processor.py:766} INFO - DAG(s) dict_keys(['example_short_circuit_operator']) retrieved from /Users/mnagy99/opt/anaconda3/envs/airflow-env/lib/python3.8/site-packages/airflow/example_dags/example_short_circuit_operator.py
[2022-11-06T02:33:30.978+0200] {logging_mixin.py:120} INFO - [2022-11-06T02:33:30.978+0200] {dag.py:2585} INFO - Sync 1 DAGs
[2022-11-06T02:33:30.995+0200] {logging_mixin.py:120} INFO - [2022-11-06T02:33:30.995+0200] {dag.py:3336} INFO - Setting next_dagrun for example_short_circuit_operator to 2022-11-05T00:33:30.995123+00:00, run_after=2022-11-06T00:33:30.995123+00:00
[2022-11-06T02:33:31.014+0200] {processor.py:176} INFO - Processing /Users/mnagy99/opt/anaconda3/envs/airflow-env/lib/python3.8/site-packages/airflow/example_dags/example_short_circuit_operator.py took 0.518 seconds
[2022-11-06T02:35:39.779+0200] {processor.py:154} INFO - Started process (PID=4172) to work on /Users/mnagy99/opt/anaconda3/envs/airflow-env/lib/python3.8/site-packages/airflow/example_dags/example_short_circuit_operator.py
[2022-11-06T02:35:39.782+0200] {processor.py:756} INFO - Processing file /Users/mnagy99/opt/anaconda3/envs/airflow-env/lib/python3.8/site-packages/airflow/example_dags/example_short_circuit_operator.py for tasks to queue
[2022-11-06T02:35:39.783+0200] {logging_mixin.py:120} INFO - [2022-11-06T02:35:39.783+0200] {dagbag.py:537} INFO - Filling up the DagBag from /Users/mnagy99/opt/anaconda3/envs/airflow-env/lib/python3.8/site-packages/airflow/example_dags/example_short_circuit_operator.py
[2022-11-06T02:35:39.817+0200] {processor.py:766} INFO - DAG(s) dict_keys(['example_short_circuit_operator']) retrieved from /Users/mnagy99/opt/anaconda3/envs/airflow-env/lib/python3.8/site-packages/airflow/example_dags/example_short_circuit_operator.py
[2022-11-06T02:35:40.306+0200] {logging_mixin.py:120} INFO - [2022-11-06T02:35:40.306+0200] {dag.py:2585} INFO - Sync 1 DAGs
[2022-11-06T02:35:40.322+0200] {logging_mixin.py:120} INFO - [2022-11-06T02:35:40.322+0200] {dag.py:3336} INFO - Setting next_dagrun for example_short_circuit_operator to 2022-11-05T00:35:40.322512+00:00, run_after=2022-11-06T00:35:40.322512+00:00
[2022-11-06T02:35:40.342+0200] {processor.py:176} INFO - Processing /Users/mnagy99/opt/anaconda3/envs/airflow-env/lib/python3.8/site-packages/airflow/example_dags/example_short_circuit_operator.py took 0.563 seconds
[2022-11-06T02:37:51.446+0200] {processor.py:154} INFO - Started process (PID=4309) to work on /Users/mnagy99/opt/anaconda3/envs/airflow-env/lib/python3.8/site-packages/airflow/example_dags/example_short_circuit_operator.py
[2022-11-06T02:37:51.448+0200] {processor.py:756} INFO - Processing file /Users/mnagy99/opt/anaconda3/envs/airflow-env/lib/python3.8/site-packages/airflow/example_dags/example_short_circuit_operator.py for tasks to queue
[2022-11-06T02:37:51.449+0200] {logging_mixin.py:120} INFO - [2022-11-06T02:37:51.449+0200] {dagbag.py:537} INFO - Filling up the DagBag from /Users/mnagy99/opt/anaconda3/envs/airflow-env/lib/python3.8/site-packages/airflow/example_dags/example_short_circuit_operator.py
[2022-11-06T02:37:51.489+0200] {processor.py:766} INFO - DAG(s) dict_keys(['example_short_circuit_operator']) retrieved from /Users/mnagy99/opt/anaconda3/envs/airflow-env/lib/python3.8/site-packages/airflow/example_dags/example_short_circuit_operator.py
[2022-11-06T02:37:51.917+0200] {logging_mixin.py:120} INFO - [2022-11-06T02:37:51.917+0200] {dag.py:2585} INFO - Sync 1 DAGs
[2022-11-06T02:37:51.931+0200] {logging_mixin.py:120} INFO - [2022-11-06T02:37:51.931+0200] {dag.py:3336} INFO - Setting next_dagrun for example_short_circuit_operator to 2022-11-05T00:37:51.931218+00:00, run_after=2022-11-06T00:37:51.931218+00:00
[2022-11-06T02:37:51.949+0200] {processor.py:176} INFO - Processing /Users/mnagy99/opt/anaconda3/envs/airflow-env/lib/python3.8/site-packages/airflow/example_dags/example_short_circuit_operator.py took 0.504 seconds
[2022-11-06T02:40:05.952+0200] {processor.py:154} INFO - Started process (PID=4438) to work on /Users/mnagy99/opt/anaconda3/envs/airflow-env/lib/python3.8/site-packages/airflow/example_dags/example_short_circuit_operator.py
[2022-11-06T02:40:05.953+0200] {processor.py:756} INFO - Processing file /Users/mnagy99/opt/anaconda3/envs/airflow-env/lib/python3.8/site-packages/airflow/example_dags/example_short_circuit_operator.py for tasks to queue
[2022-11-06T02:40:05.954+0200] {logging_mixin.py:120} INFO - [2022-11-06T02:40:05.954+0200] {dagbag.py:537} INFO - Filling up the DagBag from /Users/mnagy99/opt/anaconda3/envs/airflow-env/lib/python3.8/site-packages/airflow/example_dags/example_short_circuit_operator.py
[2022-11-06T02:40:05.988+0200] {processor.py:766} INFO - DAG(s) dict_keys(['example_short_circuit_operator']) retrieved from /Users/mnagy99/opt/anaconda3/envs/airflow-env/lib/python3.8/site-packages/airflow/example_dags/example_short_circuit_operator.py
[2022-11-06T02:40:06.466+0200] {logging_mixin.py:120} INFO - [2022-11-06T02:40:06.466+0200] {dag.py:2585} INFO - Sync 1 DAGs
[2022-11-06T02:40:06.480+0200] {logging_mixin.py:120} INFO - [2022-11-06T02:40:06.480+0200] {dag.py:3336} INFO - Setting next_dagrun for example_short_circuit_operator to 2022-11-05T00:40:06.480134+00:00, run_after=2022-11-06T00:40:06.480134+00:00
[2022-11-06T02:40:06.498+0200] {processor.py:176} INFO - Processing /Users/mnagy99/opt/anaconda3/envs/airflow-env/lib/python3.8/site-packages/airflow/example_dags/example_short_circuit_operator.py took 0.547 seconds
[2022-11-06T02:42:31.341+0200] {processor.py:154} INFO - Started process (PID=4611) to work on /Users/mnagy99/opt/anaconda3/envs/airflow-env/lib/python3.8/site-packages/airflow/example_dags/example_short_circuit_operator.py
[2022-11-06T02:42:31.344+0200] {processor.py:756} INFO - Processing file /Users/mnagy99/opt/anaconda3/envs/airflow-env/lib/python3.8/site-packages/airflow/example_dags/example_short_circuit_operator.py for tasks to queue
[2022-11-06T02:42:31.344+0200] {logging_mixin.py:120} INFO - [2022-11-06T02:42:31.344+0200] {dagbag.py:537} INFO - Filling up the DagBag from /Users/mnagy99/opt/anaconda3/envs/airflow-env/lib/python3.8/site-packages/airflow/example_dags/example_short_circuit_operator.py
[2022-11-06T02:42:31.385+0200] {processor.py:766} INFO - DAG(s) dict_keys(['example_short_circuit_operator']) retrieved from /Users/mnagy99/opt/anaconda3/envs/airflow-env/lib/python3.8/site-packages/airflow/example_dags/example_short_circuit_operator.py
[2022-11-06T02:42:31.866+0200] {logging_mixin.py:120} INFO - [2022-11-06T02:42:31.865+0200] {dag.py:2585} INFO - Sync 1 DAGs
[2022-11-06T02:42:31.881+0200] {logging_mixin.py:120} INFO - [2022-11-06T02:42:31.880+0200] {dag.py:3336} INFO - Setting next_dagrun for example_short_circuit_operator to 2022-11-05T00:42:31.880783+00:00, run_after=2022-11-06T00:42:31.880783+00:00
[2022-11-06T02:42:31.902+0200] {processor.py:176} INFO - Processing /Users/mnagy99/opt/anaconda3/envs/airflow-env/lib/python3.8/site-packages/airflow/example_dags/example_short_circuit_operator.py took 0.562 seconds
[2022-11-06T02:44:55.124+0200] {processor.py:154} INFO - Started process (PID=4746) to work on /Users/mnagy99/opt/anaconda3/envs/airflow-env/lib/python3.8/site-packages/airflow/example_dags/example_short_circuit_operator.py
[2022-11-06T02:44:55.127+0200] {processor.py:756} INFO - Processing file /Users/mnagy99/opt/anaconda3/envs/airflow-env/lib/python3.8/site-packages/airflow/example_dags/example_short_circuit_operator.py for tasks to queue
[2022-11-06T02:44:55.128+0200] {logging_mixin.py:120} INFO - [2022-11-06T02:44:55.128+0200] {dagbag.py:537} INFO - Filling up the DagBag from /Users/mnagy99/opt/anaconda3/envs/airflow-env/lib/python3.8/site-packages/airflow/example_dags/example_short_circuit_operator.py
[2022-11-06T02:44:55.165+0200] {processor.py:766} INFO - DAG(s) dict_keys(['example_short_circuit_operator']) retrieved from /Users/mnagy99/opt/anaconda3/envs/airflow-env/lib/python3.8/site-packages/airflow/example_dags/example_short_circuit_operator.py
[2022-11-06T02:44:55.591+0200] {logging_mixin.py:120} INFO - [2022-11-06T02:44:55.591+0200] {dag.py:2585} INFO - Sync 1 DAGs
[2022-11-06T02:44:55.605+0200] {logging_mixin.py:120} INFO - [2022-11-06T02:44:55.604+0200] {dag.py:3336} INFO - Setting next_dagrun for example_short_circuit_operator to 2022-11-05T00:44:55.604734+00:00, run_after=2022-11-06T00:44:55.604734+00:00
[2022-11-06T02:44:55.625+0200] {processor.py:176} INFO - Processing /Users/mnagy99/opt/anaconda3/envs/airflow-env/lib/python3.8/site-packages/airflow/example_dags/example_short_circuit_operator.py took 0.502 seconds
[2022-11-06T02:47:08.050+0200] {processor.py:154} INFO - Started process (PID=4887) to work on /Users/mnagy99/opt/anaconda3/envs/airflow-env/lib/python3.8/site-packages/airflow/example_dags/example_short_circuit_operator.py
[2022-11-06T02:47:08.051+0200] {processor.py:756} INFO - Processing file /Users/mnagy99/opt/anaconda3/envs/airflow-env/lib/python3.8/site-packages/airflow/example_dags/example_short_circuit_operator.py for tasks to queue
[2022-11-06T02:47:08.052+0200] {logging_mixin.py:120} INFO - [2022-11-06T02:47:08.052+0200] {dagbag.py:537} INFO - Filling up the DagBag from /Users/mnagy99/opt/anaconda3/envs/airflow-env/lib/python3.8/site-packages/airflow/example_dags/example_short_circuit_operator.py
[2022-11-06T02:47:08.082+0200] {processor.py:766} INFO - DAG(s) dict_keys(['example_short_circuit_operator']) retrieved from /Users/mnagy99/opt/anaconda3/envs/airflow-env/lib/python3.8/site-packages/airflow/example_dags/example_short_circuit_operator.py
[2022-11-06T02:47:08.544+0200] {logging_mixin.py:120} INFO - [2022-11-06T02:47:08.544+0200] {dag.py:2585} INFO - Sync 1 DAGs
[2022-11-06T02:47:08.560+0200] {logging_mixin.py:120} INFO - [2022-11-06T02:47:08.560+0200] {dag.py:3336} INFO - Setting next_dagrun for example_short_circuit_operator to 2022-11-05T00:47:08.560161+00:00, run_after=2022-11-06T00:47:08.560161+00:00
[2022-11-06T02:47:08.580+0200] {processor.py:176} INFO - Processing /Users/mnagy99/opt/anaconda3/envs/airflow-env/lib/python3.8/site-packages/airflow/example_dags/example_short_circuit_operator.py took 0.531 seconds
[2022-11-06T02:49:17.760+0200] {processor.py:154} INFO - Started process (PID=5012) to work on /Users/mnagy99/opt/anaconda3/envs/airflow-env/lib/python3.8/site-packages/airflow/example_dags/example_short_circuit_operator.py
[2022-11-06T02:49:17.763+0200] {processor.py:756} INFO - Processing file /Users/mnagy99/opt/anaconda3/envs/airflow-env/lib/python3.8/site-packages/airflow/example_dags/example_short_circuit_operator.py for tasks to queue
[2022-11-06T02:49:17.763+0200] {logging_mixin.py:120} INFO - [2022-11-06T02:49:17.763+0200] {dagbag.py:537} INFO - Filling up the DagBag from /Users/mnagy99/opt/anaconda3/envs/airflow-env/lib/python3.8/site-packages/airflow/example_dags/example_short_circuit_operator.py
[2022-11-06T02:49:17.798+0200] {processor.py:766} INFO - DAG(s) dict_keys(['example_short_circuit_operator']) retrieved from /Users/mnagy99/opt/anaconda3/envs/airflow-env/lib/python3.8/site-packages/airflow/example_dags/example_short_circuit_operator.py
[2022-11-06T02:49:18.288+0200] {logging_mixin.py:120} INFO - [2022-11-06T02:49:18.288+0200] {dag.py:2585} INFO - Sync 1 DAGs
[2022-11-06T02:49:18.303+0200] {logging_mixin.py:120} INFO - [2022-11-06T02:49:18.302+0200] {dag.py:3336} INFO - Setting next_dagrun for example_short_circuit_operator to 2022-11-05T00:49:18.302842+00:00, run_after=2022-11-06T00:49:18.302842+00:00
[2022-11-06T02:49:18.318+0200] {processor.py:176} INFO - Processing /Users/mnagy99/opt/anaconda3/envs/airflow-env/lib/python3.8/site-packages/airflow/example_dags/example_short_circuit_operator.py took 0.559 seconds
[2022-11-06T02:51:20.679+0200] {processor.py:154} INFO - Started process (PID=5137) to work on /Users/mnagy99/opt/anaconda3/envs/airflow-env/lib/python3.8/site-packages/airflow/example_dags/example_short_circuit_operator.py
[2022-11-06T02:51:20.682+0200] {processor.py:756} INFO - Processing file /Users/mnagy99/opt/anaconda3/envs/airflow-env/lib/python3.8/site-packages/airflow/example_dags/example_short_circuit_operator.py for tasks to queue
[2022-11-06T02:51:20.682+0200] {logging_mixin.py:120} INFO - [2022-11-06T02:51:20.682+0200] {dagbag.py:537} INFO - Filling up the DagBag from /Users/mnagy99/opt/anaconda3/envs/airflow-env/lib/python3.8/site-packages/airflow/example_dags/example_short_circuit_operator.py
[2022-11-06T02:51:20.716+0200] {processor.py:766} INFO - DAG(s) dict_keys(['example_short_circuit_operator']) retrieved from /Users/mnagy99/opt/anaconda3/envs/airflow-env/lib/python3.8/site-packages/airflow/example_dags/example_short_circuit_operator.py
[2022-11-06T02:51:21.146+0200] {logging_mixin.py:120} INFO - [2022-11-06T02:51:21.146+0200] {dag.py:2585} INFO - Sync 1 DAGs
[2022-11-06T02:51:21.160+0200] {logging_mixin.py:120} INFO - [2022-11-06T02:51:21.160+0200] {dag.py:3336} INFO - Setting next_dagrun for example_short_circuit_operator to 2022-11-05T00:51:21.160215+00:00, run_after=2022-11-06T00:51:21.160215+00:00
[2022-11-06T02:51:21.179+0200] {processor.py:176} INFO - Processing /Users/mnagy99/opt/anaconda3/envs/airflow-env/lib/python3.8/site-packages/airflow/example_dags/example_short_circuit_operator.py took 0.499 seconds
[2022-11-06T02:53:26.537+0200] {processor.py:154} INFO - Started process (PID=5262) to work on /Users/mnagy99/opt/anaconda3/envs/airflow-env/lib/python3.8/site-packages/airflow/example_dags/example_short_circuit_operator.py
[2022-11-06T02:53:26.540+0200] {processor.py:756} INFO - Processing file /Users/mnagy99/opt/anaconda3/envs/airflow-env/lib/python3.8/site-packages/airflow/example_dags/example_short_circuit_operator.py for tasks to queue
[2022-11-06T02:53:26.541+0200] {logging_mixin.py:120} INFO - [2022-11-06T02:53:26.541+0200] {dagbag.py:537} INFO - Filling up the DagBag from /Users/mnagy99/opt/anaconda3/envs/airflow-env/lib/python3.8/site-packages/airflow/example_dags/example_short_circuit_operator.py
[2022-11-06T02:53:26.574+0200] {processor.py:766} INFO - DAG(s) dict_keys(['example_short_circuit_operator']) retrieved from /Users/mnagy99/opt/anaconda3/envs/airflow-env/lib/python3.8/site-packages/airflow/example_dags/example_short_circuit_operator.py
[2022-11-06T02:53:27.009+0200] {logging_mixin.py:120} INFO - [2022-11-06T02:53:27.008+0200] {dag.py:2585} INFO - Sync 1 DAGs
[2022-11-06T02:53:27.028+0200] {logging_mixin.py:120} INFO - [2022-11-06T02:53:27.028+0200] {dag.py:3336} INFO - Setting next_dagrun for example_short_circuit_operator to 2022-11-05T00:53:27.027957+00:00, run_after=2022-11-06T00:53:27.027957+00:00
[2022-11-06T02:53:27.051+0200] {processor.py:176} INFO - Processing /Users/mnagy99/opt/anaconda3/envs/airflow-env/lib/python3.8/site-packages/airflow/example_dags/example_short_circuit_operator.py took 0.514 seconds
[2022-11-06T02:55:37.177+0200] {processor.py:154} INFO - Started process (PID=5387) to work on /Users/mnagy99/opt/anaconda3/envs/airflow-env/lib/python3.8/site-packages/airflow/example_dags/example_short_circuit_operator.py
[2022-11-06T02:55:37.179+0200] {processor.py:756} INFO - Processing file /Users/mnagy99/opt/anaconda3/envs/airflow-env/lib/python3.8/site-packages/airflow/example_dags/example_short_circuit_operator.py for tasks to queue
[2022-11-06T02:55:37.180+0200] {logging_mixin.py:120} INFO - [2022-11-06T02:55:37.180+0200] {dagbag.py:537} INFO - Filling up the DagBag from /Users/mnagy99/opt/anaconda3/envs/airflow-env/lib/python3.8/site-packages/airflow/example_dags/example_short_circuit_operator.py
[2022-11-06T02:55:37.224+0200] {processor.py:766} INFO - DAG(s) dict_keys(['example_short_circuit_operator']) retrieved from /Users/mnagy99/opt/anaconda3/envs/airflow-env/lib/python3.8/site-packages/airflow/example_dags/example_short_circuit_operator.py
[2022-11-06T02:55:37.702+0200] {logging_mixin.py:120} INFO - [2022-11-06T02:55:37.702+0200] {dag.py:2585} INFO - Sync 1 DAGs
[2022-11-06T02:55:37.717+0200] {logging_mixin.py:120} INFO - [2022-11-06T02:55:37.716+0200] {dag.py:3336} INFO - Setting next_dagrun for example_short_circuit_operator to 2022-11-05T00:55:37.716730+00:00, run_after=2022-11-06T00:55:37.716730+00:00
[2022-11-06T02:55:37.734+0200] {processor.py:176} INFO - Processing /Users/mnagy99/opt/anaconda3/envs/airflow-env/lib/python3.8/site-packages/airflow/example_dags/example_short_circuit_operator.py took 0.559 seconds
[2022-11-06T02:57:52.620+0200] {processor.py:154} INFO - Started process (PID=5533) to work on /Users/mnagy99/opt/anaconda3/envs/airflow-env/lib/python3.8/site-packages/airflow/example_dags/example_short_circuit_operator.py
[2022-11-06T02:57:52.622+0200] {processor.py:756} INFO - Processing file /Users/mnagy99/opt/anaconda3/envs/airflow-env/lib/python3.8/site-packages/airflow/example_dags/example_short_circuit_operator.py for tasks to queue
[2022-11-06T02:57:52.622+0200] {logging_mixin.py:120} INFO - [2022-11-06T02:57:52.622+0200] {dagbag.py:537} INFO - Filling up the DagBag from /Users/mnagy99/opt/anaconda3/envs/airflow-env/lib/python3.8/site-packages/airflow/example_dags/example_short_circuit_operator.py
[2022-11-06T02:57:52.657+0200] {processor.py:766} INFO - DAG(s) dict_keys(['example_short_circuit_operator']) retrieved from /Users/mnagy99/opt/anaconda3/envs/airflow-env/lib/python3.8/site-packages/airflow/example_dags/example_short_circuit_operator.py
[2022-11-06T02:57:53.222+0200] {logging_mixin.py:120} INFO - [2022-11-06T02:57:53.222+0200] {dag.py:2585} INFO - Sync 1 DAGs
[2022-11-06T02:57:53.238+0200] {logging_mixin.py:120} INFO - [2022-11-06T02:57:53.238+0200] {dag.py:3336} INFO - Setting next_dagrun for example_short_circuit_operator to 2022-11-05T00:57:53.238730+00:00, run_after=2022-11-06T00:57:53.238730+00:00
[2022-11-06T02:57:53.257+0200] {processor.py:176} INFO - Processing /Users/mnagy99/opt/anaconda3/envs/airflow-env/lib/python3.8/site-packages/airflow/example_dags/example_short_circuit_operator.py took 0.638 seconds
[2022-11-06T03:00:12.121+0200] {processor.py:154} INFO - Started process (PID=5670) to work on /Users/mnagy99/opt/anaconda3/envs/airflow-env/lib/python3.8/site-packages/airflow/example_dags/example_short_circuit_operator.py
[2022-11-06T03:00:12.122+0200] {processor.py:756} INFO - Processing file /Users/mnagy99/opt/anaconda3/envs/airflow-env/lib/python3.8/site-packages/airflow/example_dags/example_short_circuit_operator.py for tasks to queue
[2022-11-06T03:00:12.122+0200] {logging_mixin.py:120} INFO - [2022-11-06T03:00:12.122+0200] {dagbag.py:537} INFO - Filling up the DagBag from /Users/mnagy99/opt/anaconda3/envs/airflow-env/lib/python3.8/site-packages/airflow/example_dags/example_short_circuit_operator.py
[2022-11-06T03:00:12.159+0200] {processor.py:766} INFO - DAG(s) dict_keys(['example_short_circuit_operator']) retrieved from /Users/mnagy99/opt/anaconda3/envs/airflow-env/lib/python3.8/site-packages/airflow/example_dags/example_short_circuit_operator.py
[2022-11-06T03:00:12.621+0200] {logging_mixin.py:120} INFO - [2022-11-06T03:00:12.621+0200] {dag.py:2585} INFO - Sync 1 DAGs
[2022-11-06T03:00:12.635+0200] {logging_mixin.py:120} INFO - [2022-11-06T03:00:12.635+0200] {dag.py:3336} INFO - Setting next_dagrun for example_short_circuit_operator to 2022-11-05T01:00:12.635195+00:00, run_after=2022-11-06T01:00:12.635195+00:00
[2022-11-06T03:00:12.653+0200] {processor.py:176} INFO - Processing /Users/mnagy99/opt/anaconda3/envs/airflow-env/lib/python3.8/site-packages/airflow/example_dags/example_short_circuit_operator.py took 0.533 seconds
[2022-11-06T03:02:57.496+0200] {processor.py:154} INFO - Started process (PID=5816) to work on /Users/mnagy99/opt/anaconda3/envs/airflow-env/lib/python3.8/site-packages/airflow/example_dags/example_short_circuit_operator.py
[2022-11-06T03:02:57.499+0200] {processor.py:756} INFO - Processing file /Users/mnagy99/opt/anaconda3/envs/airflow-env/lib/python3.8/site-packages/airflow/example_dags/example_short_circuit_operator.py for tasks to queue
[2022-11-06T03:02:57.499+0200] {logging_mixin.py:120} INFO - [2022-11-06T03:02:57.499+0200] {dagbag.py:537} INFO - Filling up the DagBag from /Users/mnagy99/opt/anaconda3/envs/airflow-env/lib/python3.8/site-packages/airflow/example_dags/example_short_circuit_operator.py
[2022-11-06T03:02:57.536+0200] {processor.py:766} INFO - DAG(s) dict_keys(['example_short_circuit_operator']) retrieved from /Users/mnagy99/opt/anaconda3/envs/airflow-env/lib/python3.8/site-packages/airflow/example_dags/example_short_circuit_operator.py
[2022-11-06T03:02:58.015+0200] {logging_mixin.py:120} INFO - [2022-11-06T03:02:58.015+0200] {dag.py:2585} INFO - Sync 1 DAGs
[2022-11-06T03:02:58.031+0200] {logging_mixin.py:120} INFO - [2022-11-06T03:02:58.031+0200] {dag.py:3336} INFO - Setting next_dagrun for example_short_circuit_operator to 2022-11-05T01:02:58.031689+00:00, run_after=2022-11-06T01:02:58.031689+00:00
[2022-11-06T03:02:58.050+0200] {processor.py:176} INFO - Processing /Users/mnagy99/opt/anaconda3/envs/airflow-env/lib/python3.8/site-packages/airflow/example_dags/example_short_circuit_operator.py took 0.554 seconds
[2022-11-06T03:05:14.906+0200] {processor.py:154} INFO - Started process (PID=5948) to work on /Users/mnagy99/opt/anaconda3/envs/airflow-env/lib/python3.8/site-packages/airflow/example_dags/example_short_circuit_operator.py
[2022-11-06T03:05:14.909+0200] {processor.py:756} INFO - Processing file /Users/mnagy99/opt/anaconda3/envs/airflow-env/lib/python3.8/site-packages/airflow/example_dags/example_short_circuit_operator.py for tasks to queue
[2022-11-06T03:05:14.909+0200] {logging_mixin.py:120} INFO - [2022-11-06T03:05:14.909+0200] {dagbag.py:537} INFO - Filling up the DagBag from /Users/mnagy99/opt/anaconda3/envs/airflow-env/lib/python3.8/site-packages/airflow/example_dags/example_short_circuit_operator.py
[2022-11-06T03:05:14.945+0200] {processor.py:766} INFO - DAG(s) dict_keys(['example_short_circuit_operator']) retrieved from /Users/mnagy99/opt/anaconda3/envs/airflow-env/lib/python3.8/site-packages/airflow/example_dags/example_short_circuit_operator.py
[2022-11-06T03:05:15.365+0200] {logging_mixin.py:120} INFO - [2022-11-06T03:05:15.365+0200] {dag.py:2585} INFO - Sync 1 DAGs
[2022-11-06T03:05:15.379+0200] {logging_mixin.py:120} INFO - [2022-11-06T03:05:15.379+0200] {dag.py:3336} INFO - Setting next_dagrun for example_short_circuit_operator to 2022-11-05T01:05:15.379375+00:00, run_after=2022-11-06T01:05:15.379375+00:00
[2022-11-06T03:05:15.404+0200] {processor.py:176} INFO - Processing /Users/mnagy99/opt/anaconda3/envs/airflow-env/lib/python3.8/site-packages/airflow/example_dags/example_short_circuit_operator.py took 0.499 seconds
[2022-11-06T03:07:34.358+0200] {processor.py:154} INFO - Started process (PID=6082) to work on /Users/mnagy99/opt/anaconda3/envs/airflow-env/lib/python3.8/site-packages/airflow/example_dags/example_short_circuit_operator.py
[2022-11-06T03:07:34.361+0200] {processor.py:756} INFO - Processing file /Users/mnagy99/opt/anaconda3/envs/airflow-env/lib/python3.8/site-packages/airflow/example_dags/example_short_circuit_operator.py for tasks to queue
[2022-11-06T03:07:34.361+0200] {logging_mixin.py:120} INFO - [2022-11-06T03:07:34.361+0200] {dagbag.py:537} INFO - Filling up the DagBag from /Users/mnagy99/opt/anaconda3/envs/airflow-env/lib/python3.8/site-packages/airflow/example_dags/example_short_circuit_operator.py
[2022-11-06T03:07:34.400+0200] {processor.py:766} INFO - DAG(s) dict_keys(['example_short_circuit_operator']) retrieved from /Users/mnagy99/opt/anaconda3/envs/airflow-env/lib/python3.8/site-packages/airflow/example_dags/example_short_circuit_operator.py
[2022-11-06T03:07:34.969+0200] {logging_mixin.py:120} INFO - [2022-11-06T03:07:34.969+0200] {dag.py:2585} INFO - Sync 1 DAGs
[2022-11-06T03:07:34.982+0200] {logging_mixin.py:120} INFO - [2022-11-06T03:07:34.982+0200] {dag.py:3336} INFO - Setting next_dagrun for example_short_circuit_operator to 2022-11-05T01:07:34.982022+00:00, run_after=2022-11-06T01:07:34.982022+00:00
[2022-11-06T03:07:35.000+0200] {processor.py:176} INFO - Processing /Users/mnagy99/opt/anaconda3/envs/airflow-env/lib/python3.8/site-packages/airflow/example_dags/example_short_circuit_operator.py took 0.643 seconds
[2022-11-06T03:09:41.241+0200] {processor.py:154} INFO - Started process (PID=6215) to work on /Users/mnagy99/opt/anaconda3/envs/airflow-env/lib/python3.8/site-packages/airflow/example_dags/example_short_circuit_operator.py
[2022-11-06T03:09:41.243+0200] {processor.py:756} INFO - Processing file /Users/mnagy99/opt/anaconda3/envs/airflow-env/lib/python3.8/site-packages/airflow/example_dags/example_short_circuit_operator.py for tasks to queue
[2022-11-06T03:09:41.244+0200] {logging_mixin.py:120} INFO - [2022-11-06T03:09:41.244+0200] {dagbag.py:537} INFO - Filling up the DagBag from /Users/mnagy99/opt/anaconda3/envs/airflow-env/lib/python3.8/site-packages/airflow/example_dags/example_short_circuit_operator.py
[2022-11-06T03:09:41.283+0200] {processor.py:766} INFO - DAG(s) dict_keys(['example_short_circuit_operator']) retrieved from /Users/mnagy99/opt/anaconda3/envs/airflow-env/lib/python3.8/site-packages/airflow/example_dags/example_short_circuit_operator.py
[2022-11-06T03:09:41.711+0200] {logging_mixin.py:120} INFO - [2022-11-06T03:09:41.711+0200] {dag.py:2585} INFO - Sync 1 DAGs
[2022-11-06T03:09:41.725+0200] {logging_mixin.py:120} INFO - [2022-11-06T03:09:41.725+0200] {dag.py:3336} INFO - Setting next_dagrun for example_short_circuit_operator to 2022-11-05T01:09:41.725252+00:00, run_after=2022-11-06T01:09:41.725252+00:00
[2022-11-06T03:09:41.746+0200] {processor.py:176} INFO - Processing /Users/mnagy99/opt/anaconda3/envs/airflow-env/lib/python3.8/site-packages/airflow/example_dags/example_short_circuit_operator.py took 0.506 seconds
[2022-11-06T03:11:42.588+0200] {processor.py:154} INFO - Started process (PID=6345) to work on /Users/mnagy99/opt/anaconda3/envs/airflow-env/lib/python3.8/site-packages/airflow/example_dags/example_short_circuit_operator.py
[2022-11-06T03:11:42.590+0200] {processor.py:756} INFO - Processing file /Users/mnagy99/opt/anaconda3/envs/airflow-env/lib/python3.8/site-packages/airflow/example_dags/example_short_circuit_operator.py for tasks to queue
[2022-11-06T03:11:42.591+0200] {logging_mixin.py:120} INFO - [2022-11-06T03:11:42.591+0200] {dagbag.py:537} INFO - Filling up the DagBag from /Users/mnagy99/opt/anaconda3/envs/airflow-env/lib/python3.8/site-packages/airflow/example_dags/example_short_circuit_operator.py
[2022-11-06T03:11:42.626+0200] {processor.py:766} INFO - DAG(s) dict_keys(['example_short_circuit_operator']) retrieved from /Users/mnagy99/opt/anaconda3/envs/airflow-env/lib/python3.8/site-packages/airflow/example_dags/example_short_circuit_operator.py
[2022-11-06T03:11:43.090+0200] {logging_mixin.py:120} INFO - [2022-11-06T03:11:43.089+0200] {dag.py:2585} INFO - Sync 1 DAGs
[2022-11-06T03:11:43.106+0200] {logging_mixin.py:120} INFO - [2022-11-06T03:11:43.106+0200] {dag.py:3336} INFO - Setting next_dagrun for example_short_circuit_operator to 2022-11-05T01:11:43.106434+00:00, run_after=2022-11-06T01:11:43.106434+00:00
[2022-11-06T03:11:43.126+0200] {processor.py:176} INFO - Processing /Users/mnagy99/opt/anaconda3/envs/airflow-env/lib/python3.8/site-packages/airflow/example_dags/example_short_circuit_operator.py took 0.539 seconds
[2022-11-06T03:13:52.341+0200] {processor.py:154} INFO - Started process (PID=6474) to work on /Users/mnagy99/opt/anaconda3/envs/airflow-env/lib/python3.8/site-packages/airflow/example_dags/example_short_circuit_operator.py
[2022-11-06T03:13:52.343+0200] {processor.py:756} INFO - Processing file /Users/mnagy99/opt/anaconda3/envs/airflow-env/lib/python3.8/site-packages/airflow/example_dags/example_short_circuit_operator.py for tasks to queue
[2022-11-06T03:13:52.344+0200] {logging_mixin.py:120} INFO - [2022-11-06T03:13:52.344+0200] {dagbag.py:537} INFO - Filling up the DagBag from /Users/mnagy99/opt/anaconda3/envs/airflow-env/lib/python3.8/site-packages/airflow/example_dags/example_short_circuit_operator.py
[2022-11-06T03:13:52.380+0200] {processor.py:766} INFO - DAG(s) dict_keys(['example_short_circuit_operator']) retrieved from /Users/mnagy99/opt/anaconda3/envs/airflow-env/lib/python3.8/site-packages/airflow/example_dags/example_short_circuit_operator.py
[2022-11-06T03:13:52.858+0200] {logging_mixin.py:120} INFO - [2022-11-06T03:13:52.858+0200] {dag.py:2585} INFO - Sync 1 DAGs
[2022-11-06T03:13:52.873+0200] {logging_mixin.py:120} INFO - [2022-11-06T03:13:52.873+0200] {dag.py:3336} INFO - Setting next_dagrun for example_short_circuit_operator to 2022-11-05T01:13:52.873465+00:00, run_after=2022-11-06T01:13:52.873465+00:00
[2022-11-06T03:13:52.895+0200] {processor.py:176} INFO - Processing /Users/mnagy99/opt/anaconda3/envs/airflow-env/lib/python3.8/site-packages/airflow/example_dags/example_short_circuit_operator.py took 0.554 seconds
[2022-11-06T03:15:51.209+0200] {processor.py:154} INFO - Started process (PID=6602) to work on /Users/mnagy99/opt/anaconda3/envs/airflow-env/lib/python3.8/site-packages/airflow/example_dags/example_short_circuit_operator.py
[2022-11-06T03:15:51.210+0200] {processor.py:756} INFO - Processing file /Users/mnagy99/opt/anaconda3/envs/airflow-env/lib/python3.8/site-packages/airflow/example_dags/example_short_circuit_operator.py for tasks to queue
[2022-11-06T03:15:51.210+0200] {logging_mixin.py:120} INFO - [2022-11-06T03:15:51.210+0200] {dagbag.py:537} INFO - Filling up the DagBag from /Users/mnagy99/opt/anaconda3/envs/airflow-env/lib/python3.8/site-packages/airflow/example_dags/example_short_circuit_operator.py
[2022-11-06T03:15:51.241+0200] {processor.py:766} INFO - DAG(s) dict_keys(['example_short_circuit_operator']) retrieved from /Users/mnagy99/opt/anaconda3/envs/airflow-env/lib/python3.8/site-packages/airflow/example_dags/example_short_circuit_operator.py
[2022-11-06T03:15:51.661+0200] {logging_mixin.py:120} INFO - [2022-11-06T03:15:51.661+0200] {dag.py:2585} INFO - Sync 1 DAGs
[2022-11-06T03:15:51.674+0200] {logging_mixin.py:120} INFO - [2022-11-06T03:15:51.674+0200] {dag.py:3336} INFO - Setting next_dagrun for example_short_circuit_operator to 2022-11-05T01:15:51.674514+00:00, run_after=2022-11-06T01:15:51.674514+00:00
[2022-11-06T03:15:51.693+0200] {processor.py:176} INFO - Processing /Users/mnagy99/opt/anaconda3/envs/airflow-env/lib/python3.8/site-packages/airflow/example_dags/example_short_circuit_operator.py took 0.485 seconds
[2022-11-06T03:17:48.468+0200] {processor.py:154} INFO - Started process (PID=6735) to work on /Users/mnagy99/opt/anaconda3/envs/airflow-env/lib/python3.8/site-packages/airflow/example_dags/example_short_circuit_operator.py
[2022-11-06T03:17:48.469+0200] {processor.py:756} INFO - Processing file /Users/mnagy99/opt/anaconda3/envs/airflow-env/lib/python3.8/site-packages/airflow/example_dags/example_short_circuit_operator.py for tasks to queue
[2022-11-06T03:17:48.470+0200] {logging_mixin.py:120} INFO - [2022-11-06T03:17:48.470+0200] {dagbag.py:537} INFO - Filling up the DagBag from /Users/mnagy99/opt/anaconda3/envs/airflow-env/lib/python3.8/site-packages/airflow/example_dags/example_short_circuit_operator.py
[2022-11-06T03:17:48.505+0200] {processor.py:766} INFO - DAG(s) dict_keys(['example_short_circuit_operator']) retrieved from /Users/mnagy99/opt/anaconda3/envs/airflow-env/lib/python3.8/site-packages/airflow/example_dags/example_short_circuit_operator.py
[2022-11-06T03:17:48.958+0200] {logging_mixin.py:120} INFO - [2022-11-06T03:17:48.958+0200] {dag.py:2585} INFO - Sync 1 DAGs
[2022-11-06T03:17:48.975+0200] {logging_mixin.py:120} INFO - [2022-11-06T03:17:48.975+0200] {dag.py:3336} INFO - Setting next_dagrun for example_short_circuit_operator to 2022-11-05T01:17:48.974964+00:00, run_after=2022-11-06T01:17:48.974964+00:00
[2022-11-06T03:17:48.997+0200] {processor.py:176} INFO - Processing /Users/mnagy99/opt/anaconda3/envs/airflow-env/lib/python3.8/site-packages/airflow/example_dags/example_short_circuit_operator.py took 0.530 seconds
[2022-11-06T03:19:46.457+0200] {processor.py:154} INFO - Started process (PID=6858) to work on /Users/mnagy99/opt/anaconda3/envs/airflow-env/lib/python3.8/site-packages/airflow/example_dags/example_short_circuit_operator.py
[2022-11-06T03:19:46.458+0200] {processor.py:756} INFO - Processing file /Users/mnagy99/opt/anaconda3/envs/airflow-env/lib/python3.8/site-packages/airflow/example_dags/example_short_circuit_operator.py for tasks to queue
[2022-11-06T03:19:46.458+0200] {logging_mixin.py:120} INFO - [2022-11-06T03:19:46.458+0200] {dagbag.py:537} INFO - Filling up the DagBag from /Users/mnagy99/opt/anaconda3/envs/airflow-env/lib/python3.8/site-packages/airflow/example_dags/example_short_circuit_operator.py
[2022-11-06T03:19:46.489+0200] {processor.py:766} INFO - DAG(s) dict_keys(['example_short_circuit_operator']) retrieved from /Users/mnagy99/opt/anaconda3/envs/airflow-env/lib/python3.8/site-packages/airflow/example_dags/example_short_circuit_operator.py
[2022-11-06T03:19:46.911+0200] {logging_mixin.py:120} INFO - [2022-11-06T03:19:46.911+0200] {dag.py:2585} INFO - Sync 1 DAGs
[2022-11-06T03:19:46.926+0200] {logging_mixin.py:120} INFO - [2022-11-06T03:19:46.926+0200] {dag.py:3336} INFO - Setting next_dagrun for example_short_circuit_operator to 2022-11-05T01:19:46.926320+00:00, run_after=2022-11-06T01:19:46.926320+00:00
[2022-11-06T03:19:46.941+0200] {processor.py:176} INFO - Processing /Users/mnagy99/opt/anaconda3/envs/airflow-env/lib/python3.8/site-packages/airflow/example_dags/example_short_circuit_operator.py took 0.485 seconds
[2022-11-06T03:21:47.758+0200] {processor.py:154} INFO - Started process (PID=6983) to work on /Users/mnagy99/opt/anaconda3/envs/airflow-env/lib/python3.8/site-packages/airflow/example_dags/example_short_circuit_operator.py
[2022-11-06T03:21:47.759+0200] {processor.py:756} INFO - Processing file /Users/mnagy99/opt/anaconda3/envs/airflow-env/lib/python3.8/site-packages/airflow/example_dags/example_short_circuit_operator.py for tasks to queue
[2022-11-06T03:21:47.759+0200] {logging_mixin.py:120} INFO - [2022-11-06T03:21:47.759+0200] {dagbag.py:537} INFO - Filling up the DagBag from /Users/mnagy99/opt/anaconda3/envs/airflow-env/lib/python3.8/site-packages/airflow/example_dags/example_short_circuit_operator.py
[2022-11-06T03:21:47.789+0200] {processor.py:766} INFO - DAG(s) dict_keys(['example_short_circuit_operator']) retrieved from /Users/mnagy99/opt/anaconda3/envs/airflow-env/lib/python3.8/site-packages/airflow/example_dags/example_short_circuit_operator.py
[2022-11-06T03:21:48.220+0200] {logging_mixin.py:120} INFO - [2022-11-06T03:21:48.220+0200] {dag.py:2585} INFO - Sync 1 DAGs
[2022-11-06T03:21:48.235+0200] {logging_mixin.py:120} INFO - [2022-11-06T03:21:48.235+0200] {dag.py:3336} INFO - Setting next_dagrun for example_short_circuit_operator to 2022-11-05T01:21:48.235377+00:00, run_after=2022-11-06T01:21:48.235377+00:00
[2022-11-06T03:21:48.255+0200] {processor.py:176} INFO - Processing /Users/mnagy99/opt/anaconda3/envs/airflow-env/lib/python3.8/site-packages/airflow/example_dags/example_short_circuit_operator.py took 0.497 seconds
[2022-11-06T03:23:50.046+0200] {processor.py:154} INFO - Started process (PID=7112) to work on /Users/mnagy99/opt/anaconda3/envs/airflow-env/lib/python3.8/site-packages/airflow/example_dags/example_short_circuit_operator.py
[2022-11-06T03:23:50.048+0200] {processor.py:756} INFO - Processing file /Users/mnagy99/opt/anaconda3/envs/airflow-env/lib/python3.8/site-packages/airflow/example_dags/example_short_circuit_operator.py for tasks to queue
[2022-11-06T03:23:50.049+0200] {logging_mixin.py:120} INFO - [2022-11-06T03:23:50.049+0200] {dagbag.py:537} INFO - Filling up the DagBag from /Users/mnagy99/opt/anaconda3/envs/airflow-env/lib/python3.8/site-packages/airflow/example_dags/example_short_circuit_operator.py
[2022-11-06T03:23:50.082+0200] {processor.py:766} INFO - DAG(s) dict_keys(['example_short_circuit_operator']) retrieved from /Users/mnagy99/opt/anaconda3/envs/airflow-env/lib/python3.8/site-packages/airflow/example_dags/example_short_circuit_operator.py
[2022-11-06T03:23:50.524+0200] {logging_mixin.py:120} INFO - [2022-11-06T03:23:50.524+0200] {dag.py:2585} INFO - Sync 1 DAGs
[2022-11-06T03:23:50.539+0200] {logging_mixin.py:120} INFO - [2022-11-06T03:23:50.539+0200] {dag.py:3336} INFO - Setting next_dagrun for example_short_circuit_operator to 2022-11-05T01:23:50.539150+00:00, run_after=2022-11-06T01:23:50.539150+00:00
[2022-11-06T03:23:50.560+0200] {processor.py:176} INFO - Processing /Users/mnagy99/opt/anaconda3/envs/airflow-env/lib/python3.8/site-packages/airflow/example_dags/example_short_circuit_operator.py took 0.515 seconds
[2022-11-06T03:25:45.108+0200] {processor.py:154} INFO - Started process (PID=7239) to work on /Users/mnagy99/opt/anaconda3/envs/airflow-env/lib/python3.8/site-packages/airflow/example_dags/example_short_circuit_operator.py
[2022-11-06T03:25:45.109+0200] {processor.py:756} INFO - Processing file /Users/mnagy99/opt/anaconda3/envs/airflow-env/lib/python3.8/site-packages/airflow/example_dags/example_short_circuit_operator.py for tasks to queue
[2022-11-06T03:25:45.110+0200] {logging_mixin.py:120} INFO - [2022-11-06T03:25:45.109+0200] {dagbag.py:537} INFO - Filling up the DagBag from /Users/mnagy99/opt/anaconda3/envs/airflow-env/lib/python3.8/site-packages/airflow/example_dags/example_short_circuit_operator.py
[2022-11-06T03:25:45.151+0200] {processor.py:766} INFO - DAG(s) dict_keys(['example_short_circuit_operator']) retrieved from /Users/mnagy99/opt/anaconda3/envs/airflow-env/lib/python3.8/site-packages/airflow/example_dags/example_short_circuit_operator.py
[2022-11-06T03:25:46.067+0200] {logging_mixin.py:120} INFO - [2022-11-06T03:25:46.067+0200] {dag.py:2585} INFO - Sync 1 DAGs
[2022-11-06T03:25:46.089+0200] {logging_mixin.py:120} INFO - [2022-11-06T03:25:46.089+0200] {dag.py:3336} INFO - Setting next_dagrun for example_short_circuit_operator to 2022-11-05T01:25:46.088907+00:00, run_after=2022-11-06T01:25:46.088907+00:00
[2022-11-06T03:25:46.121+0200] {processor.py:176} INFO - Processing /Users/mnagy99/opt/anaconda3/envs/airflow-env/lib/python3.8/site-packages/airflow/example_dags/example_short_circuit_operator.py took 1.013 seconds
[2022-11-06T03:27:45.919+0200] {processor.py:154} INFO - Started process (PID=7381) to work on /Users/mnagy99/opt/anaconda3/envs/airflow-env/lib/python3.8/site-packages/airflow/example_dags/example_short_circuit_operator.py
[2022-11-06T03:27:45.921+0200] {processor.py:756} INFO - Processing file /Users/mnagy99/opt/anaconda3/envs/airflow-env/lib/python3.8/site-packages/airflow/example_dags/example_short_circuit_operator.py for tasks to queue
[2022-11-06T03:27:45.921+0200] {logging_mixin.py:120} INFO - [2022-11-06T03:27:45.921+0200] {dagbag.py:537} INFO - Filling up the DagBag from /Users/mnagy99/opt/anaconda3/envs/airflow-env/lib/python3.8/site-packages/airflow/example_dags/example_short_circuit_operator.py
[2022-11-06T03:27:45.963+0200] {processor.py:766} INFO - DAG(s) dict_keys(['example_short_circuit_operator']) retrieved from /Users/mnagy99/opt/anaconda3/envs/airflow-env/lib/python3.8/site-packages/airflow/example_dags/example_short_circuit_operator.py
[2022-11-06T03:27:46.429+0200] {logging_mixin.py:120} INFO - [2022-11-06T03:27:46.428+0200] {dag.py:2585} INFO - Sync 1 DAGs
[2022-11-06T03:27:46.443+0200] {logging_mixin.py:120} INFO - [2022-11-06T03:27:46.443+0200] {dag.py:3336} INFO - Setting next_dagrun for example_short_circuit_operator to 2022-11-05T01:27:46.443389+00:00, run_after=2022-11-06T01:27:46.443389+00:00
[2022-11-06T03:27:46.463+0200] {processor.py:176} INFO - Processing /Users/mnagy99/opt/anaconda3/envs/airflow-env/lib/python3.8/site-packages/airflow/example_dags/example_short_circuit_operator.py took 0.545 seconds
[2022-11-06T03:29:49.222+0200] {processor.py:154} INFO - Started process (PID=7507) to work on /Users/mnagy99/opt/anaconda3/envs/airflow-env/lib/python3.8/site-packages/airflow/example_dags/example_short_circuit_operator.py
[2022-11-06T03:29:49.225+0200] {processor.py:756} INFO - Processing file /Users/mnagy99/opt/anaconda3/envs/airflow-env/lib/python3.8/site-packages/airflow/example_dags/example_short_circuit_operator.py for tasks to queue
[2022-11-06T03:29:49.226+0200] {logging_mixin.py:120} INFO - [2022-11-06T03:29:49.225+0200] {dagbag.py:537} INFO - Filling up the DagBag from /Users/mnagy99/opt/anaconda3/envs/airflow-env/lib/python3.8/site-packages/airflow/example_dags/example_short_circuit_operator.py
[2022-11-06T03:29:49.263+0200] {processor.py:766} INFO - DAG(s) dict_keys(['example_short_circuit_operator']) retrieved from /Users/mnagy99/opt/anaconda3/envs/airflow-env/lib/python3.8/site-packages/airflow/example_dags/example_short_circuit_operator.py
[2022-11-06T03:29:49.686+0200] {logging_mixin.py:120} INFO - [2022-11-06T03:29:49.686+0200] {dag.py:2585} INFO - Sync 1 DAGs
[2022-11-06T03:29:49.700+0200] {logging_mixin.py:120} INFO - [2022-11-06T03:29:49.700+0200] {dag.py:3336} INFO - Setting next_dagrun for example_short_circuit_operator to 2022-11-05T01:29:49.700110+00:00, run_after=2022-11-06T01:29:49.700110+00:00
[2022-11-06T03:29:49.719+0200] {processor.py:176} INFO - Processing /Users/mnagy99/opt/anaconda3/envs/airflow-env/lib/python3.8/site-packages/airflow/example_dags/example_short_circuit_operator.py took 0.497 seconds
[2022-11-06T03:31:49.909+0200] {processor.py:154} INFO - Started process (PID=7635) to work on /Users/mnagy99/opt/anaconda3/envs/airflow-env/lib/python3.8/site-packages/airflow/example_dags/example_short_circuit_operator.py
[2022-11-06T03:31:49.910+0200] {processor.py:756} INFO - Processing file /Users/mnagy99/opt/anaconda3/envs/airflow-env/lib/python3.8/site-packages/airflow/example_dags/example_short_circuit_operator.py for tasks to queue
[2022-11-06T03:31:49.911+0200] {logging_mixin.py:120} INFO - [2022-11-06T03:31:49.911+0200] {dagbag.py:537} INFO - Filling up the DagBag from /Users/mnagy99/opt/anaconda3/envs/airflow-env/lib/python3.8/site-packages/airflow/example_dags/example_short_circuit_operator.py
[2022-11-06T03:31:49.947+0200] {processor.py:766} INFO - DAG(s) dict_keys(['example_short_circuit_operator']) retrieved from /Users/mnagy99/opt/anaconda3/envs/airflow-env/lib/python3.8/site-packages/airflow/example_dags/example_short_circuit_operator.py
[2022-11-06T03:31:50.410+0200] {logging_mixin.py:120} INFO - [2022-11-06T03:31:50.410+0200] {dag.py:2585} INFO - Sync 1 DAGs
[2022-11-06T03:31:50.424+0200] {logging_mixin.py:120} INFO - [2022-11-06T03:31:50.424+0200] {dag.py:3336} INFO - Setting next_dagrun for example_short_circuit_operator to 2022-11-05T01:31:50.424277+00:00, run_after=2022-11-06T01:31:50.424277+00:00
[2022-11-06T03:31:50.439+0200] {processor.py:176} INFO - Processing /Users/mnagy99/opt/anaconda3/envs/airflow-env/lib/python3.8/site-packages/airflow/example_dags/example_short_circuit_operator.py took 0.531 seconds
[2022-11-06T03:34:00.830+0200] {processor.py:154} INFO - Started process (PID=7772) to work on /Users/mnagy99/opt/anaconda3/envs/airflow-env/lib/python3.8/site-packages/airflow/example_dags/example_short_circuit_operator.py
[2022-11-06T03:34:00.831+0200] {processor.py:756} INFO - Processing file /Users/mnagy99/opt/anaconda3/envs/airflow-env/lib/python3.8/site-packages/airflow/example_dags/example_short_circuit_operator.py for tasks to queue
[2022-11-06T03:34:00.831+0200] {logging_mixin.py:120} INFO - [2022-11-06T03:34:00.831+0200] {dagbag.py:537} INFO - Filling up the DagBag from /Users/mnagy99/opt/anaconda3/envs/airflow-env/lib/python3.8/site-packages/airflow/example_dags/example_short_circuit_operator.py
[2022-11-06T03:34:00.863+0200] {processor.py:766} INFO - DAG(s) dict_keys(['example_short_circuit_operator']) retrieved from /Users/mnagy99/opt/anaconda3/envs/airflow-env/lib/python3.8/site-packages/airflow/example_dags/example_short_circuit_operator.py
[2022-11-06T03:34:01.442+0200] {logging_mixin.py:120} INFO - [2022-11-06T03:34:01.442+0200] {dag.py:2585} INFO - Sync 1 DAGs
[2022-11-06T03:34:01.473+0200] {logging_mixin.py:120} INFO - [2022-11-06T03:34:01.473+0200] {dag.py:3336} INFO - Setting next_dagrun for example_short_circuit_operator to 2022-11-05T01:34:01.472868+00:00, run_after=2022-11-06T01:34:01.472868+00:00
[2022-11-06T03:34:01.507+0200] {processor.py:176} INFO - Processing /Users/mnagy99/opt/anaconda3/envs/airflow-env/lib/python3.8/site-packages/airflow/example_dags/example_short_circuit_operator.py took 0.677 seconds
[2022-11-06T03:36:07.273+0200] {processor.py:154} INFO - Started process (PID=7945) to work on /Users/mnagy99/opt/anaconda3/envs/airflow-env/lib/python3.8/site-packages/airflow/example_dags/example_short_circuit_operator.py
[2022-11-06T03:36:07.276+0200] {processor.py:756} INFO - Processing file /Users/mnagy99/opt/anaconda3/envs/airflow-env/lib/python3.8/site-packages/airflow/example_dags/example_short_circuit_operator.py for tasks to queue
[2022-11-06T03:36:07.276+0200] {logging_mixin.py:120} INFO - [2022-11-06T03:36:07.276+0200] {dagbag.py:537} INFO - Filling up the DagBag from /Users/mnagy99/opt/anaconda3/envs/airflow-env/lib/python3.8/site-packages/airflow/example_dags/example_short_circuit_operator.py
[2022-11-06T03:36:07.311+0200] {processor.py:766} INFO - DAG(s) dict_keys(['example_short_circuit_operator']) retrieved from /Users/mnagy99/opt/anaconda3/envs/airflow-env/lib/python3.8/site-packages/airflow/example_dags/example_short_circuit_operator.py
[2022-11-06T03:36:07.745+0200] {logging_mixin.py:120} INFO - [2022-11-06T03:36:07.745+0200] {dag.py:2585} INFO - Sync 1 DAGs
[2022-11-06T03:36:07.759+0200] {logging_mixin.py:120} INFO - [2022-11-06T03:36:07.759+0200] {dag.py:3336} INFO - Setting next_dagrun for example_short_circuit_operator to 2022-11-05T01:36:07.759057+00:00, run_after=2022-11-06T01:36:07.759057+00:00
[2022-11-06T03:36:07.777+0200] {processor.py:176} INFO - Processing /Users/mnagy99/opt/anaconda3/envs/airflow-env/lib/python3.8/site-packages/airflow/example_dags/example_short_circuit_operator.py took 0.505 seconds
[2022-11-06T03:38:09.731+0200] {processor.py:154} INFO - Started process (PID=8069) to work on /Users/mnagy99/opt/anaconda3/envs/airflow-env/lib/python3.8/site-packages/airflow/example_dags/example_short_circuit_operator.py
[2022-11-06T03:38:09.734+0200] {processor.py:756} INFO - Processing file /Users/mnagy99/opt/anaconda3/envs/airflow-env/lib/python3.8/site-packages/airflow/example_dags/example_short_circuit_operator.py for tasks to queue
[2022-11-06T03:38:09.734+0200] {logging_mixin.py:120} INFO - [2022-11-06T03:38:09.734+0200] {dagbag.py:537} INFO - Filling up the DagBag from /Users/mnagy99/opt/anaconda3/envs/airflow-env/lib/python3.8/site-packages/airflow/example_dags/example_short_circuit_operator.py
[2022-11-06T03:38:09.773+0200] {processor.py:766} INFO - DAG(s) dict_keys(['example_short_circuit_operator']) retrieved from /Users/mnagy99/opt/anaconda3/envs/airflow-env/lib/python3.8/site-packages/airflow/example_dags/example_short_circuit_operator.py
[2022-11-06T03:38:10.239+0200] {logging_mixin.py:120} INFO - [2022-11-06T03:38:10.239+0200] {dag.py:2585} INFO - Sync 1 DAGs
[2022-11-06T03:38:10.252+0200] {logging_mixin.py:120} INFO - [2022-11-06T03:38:10.252+0200] {dag.py:3336} INFO - Setting next_dagrun for example_short_circuit_operator to 2022-11-05T01:38:10.252558+00:00, run_after=2022-11-06T01:38:10.252558+00:00
[2022-11-06T03:38:10.269+0200] {processor.py:176} INFO - Processing /Users/mnagy99/opt/anaconda3/envs/airflow-env/lib/python3.8/site-packages/airflow/example_dags/example_short_circuit_operator.py took 0.539 seconds
[2022-11-06T03:40:08.225+0200] {processor.py:154} INFO - Started process (PID=8192) to work on /Users/mnagy99/opt/anaconda3/envs/airflow-env/lib/python3.8/site-packages/airflow/example_dags/example_short_circuit_operator.py
[2022-11-06T03:40:08.226+0200] {processor.py:756} INFO - Processing file /Users/mnagy99/opt/anaconda3/envs/airflow-env/lib/python3.8/site-packages/airflow/example_dags/example_short_circuit_operator.py for tasks to queue
[2022-11-06T03:40:08.226+0200] {logging_mixin.py:120} INFO - [2022-11-06T03:40:08.226+0200] {dagbag.py:537} INFO - Filling up the DagBag from /Users/mnagy99/opt/anaconda3/envs/airflow-env/lib/python3.8/site-packages/airflow/example_dags/example_short_circuit_operator.py
[2022-11-06T03:40:08.263+0200] {processor.py:766} INFO - DAG(s) dict_keys(['example_short_circuit_operator']) retrieved from /Users/mnagy99/opt/anaconda3/envs/airflow-env/lib/python3.8/site-packages/airflow/example_dags/example_short_circuit_operator.py
[2022-11-06T03:40:08.746+0200] {logging_mixin.py:120} INFO - [2022-11-06T03:40:08.746+0200] {dag.py:2585} INFO - Sync 1 DAGs
[2022-11-06T03:40:08.763+0200] {logging_mixin.py:120} INFO - [2022-11-06T03:40:08.763+0200] {dag.py:3336} INFO - Setting next_dagrun for example_short_circuit_operator to 2022-11-05T01:40:08.763293+00:00, run_after=2022-11-06T01:40:08.763293+00:00
[2022-11-06T03:40:08.784+0200] {processor.py:176} INFO - Processing /Users/mnagy99/opt/anaconda3/envs/airflow-env/lib/python3.8/site-packages/airflow/example_dags/example_short_circuit_operator.py took 0.559 seconds
[2022-11-06T03:42:07.634+0200] {processor.py:154} INFO - Started process (PID=8312) to work on /Users/mnagy99/opt/anaconda3/envs/airflow-env/lib/python3.8/site-packages/airflow/example_dags/example_short_circuit_operator.py
[2022-11-06T03:42:07.635+0200] {processor.py:756} INFO - Processing file /Users/mnagy99/opt/anaconda3/envs/airflow-env/lib/python3.8/site-packages/airflow/example_dags/example_short_circuit_operator.py for tasks to queue
[2022-11-06T03:42:07.636+0200] {logging_mixin.py:120} INFO - [2022-11-06T03:42:07.636+0200] {dagbag.py:537} INFO - Filling up the DagBag from /Users/mnagy99/opt/anaconda3/envs/airflow-env/lib/python3.8/site-packages/airflow/example_dags/example_short_circuit_operator.py
[2022-11-06T03:42:07.670+0200] {processor.py:766} INFO - DAG(s) dict_keys(['example_short_circuit_operator']) retrieved from /Users/mnagy99/opt/anaconda3/envs/airflow-env/lib/python3.8/site-packages/airflow/example_dags/example_short_circuit_operator.py
[2022-11-06T03:42:08.093+0200] {logging_mixin.py:120} INFO - [2022-11-06T03:42:08.093+0200] {dag.py:2585} INFO - Sync 1 DAGs
[2022-11-06T03:42:08.106+0200] {logging_mixin.py:120} INFO - [2022-11-06T03:42:08.106+0200] {dag.py:3336} INFO - Setting next_dagrun for example_short_circuit_operator to 2022-11-05T01:42:08.106581+00:00, run_after=2022-11-06T01:42:08.106581+00:00
[2022-11-06T03:42:08.125+0200] {processor.py:176} INFO - Processing /Users/mnagy99/opt/anaconda3/envs/airflow-env/lib/python3.8/site-packages/airflow/example_dags/example_short_circuit_operator.py took 0.492 seconds
[2022-11-06T03:44:07.195+0200] {processor.py:154} INFO - Started process (PID=8440) to work on /Users/mnagy99/opt/anaconda3/envs/airflow-env/lib/python3.8/site-packages/airflow/example_dags/example_short_circuit_operator.py
[2022-11-06T03:44:07.197+0200] {processor.py:756} INFO - Processing file /Users/mnagy99/opt/anaconda3/envs/airflow-env/lib/python3.8/site-packages/airflow/example_dags/example_short_circuit_operator.py for tasks to queue
[2022-11-06T03:44:07.197+0200] {logging_mixin.py:120} INFO - [2022-11-06T03:44:07.197+0200] {dagbag.py:537} INFO - Filling up the DagBag from /Users/mnagy99/opt/anaconda3/envs/airflow-env/lib/python3.8/site-packages/airflow/example_dags/example_short_circuit_operator.py
[2022-11-06T03:44:07.235+0200] {processor.py:766} INFO - DAG(s) dict_keys(['example_short_circuit_operator']) retrieved from /Users/mnagy99/opt/anaconda3/envs/airflow-env/lib/python3.8/site-packages/airflow/example_dags/example_short_circuit_operator.py
[2022-11-06T03:44:07.852+0200] {logging_mixin.py:120} INFO - [2022-11-06T03:44:07.852+0200] {dag.py:2585} INFO - Sync 1 DAGs
[2022-11-06T03:44:07.873+0200] {logging_mixin.py:120} INFO - [2022-11-06T03:44:07.873+0200] {dag.py:3336} INFO - Setting next_dagrun for example_short_circuit_operator to 2022-11-05T01:44:07.873571+00:00, run_after=2022-11-06T01:44:07.873571+00:00
[2022-11-06T03:44:07.891+0200] {processor.py:176} INFO - Processing /Users/mnagy99/opt/anaconda3/envs/airflow-env/lib/python3.8/site-packages/airflow/example_dags/example_short_circuit_operator.py took 0.696 seconds
[2022-11-06T03:46:08.973+0200] {processor.py:154} INFO - Started process (PID=8578) to work on /Users/mnagy99/opt/anaconda3/envs/airflow-env/lib/python3.8/site-packages/airflow/example_dags/example_short_circuit_operator.py
[2022-11-06T03:46:08.975+0200] {processor.py:756} INFO - Processing file /Users/mnagy99/opt/anaconda3/envs/airflow-env/lib/python3.8/site-packages/airflow/example_dags/example_short_circuit_operator.py for tasks to queue
[2022-11-06T03:46:08.976+0200] {logging_mixin.py:120} INFO - [2022-11-06T03:46:08.976+0200] {dagbag.py:537} INFO - Filling up the DagBag from /Users/mnagy99/opt/anaconda3/envs/airflow-env/lib/python3.8/site-packages/airflow/example_dags/example_short_circuit_operator.py
[2022-11-06T03:46:09.012+0200] {processor.py:766} INFO - DAG(s) dict_keys(['example_short_circuit_operator']) retrieved from /Users/mnagy99/opt/anaconda3/envs/airflow-env/lib/python3.8/site-packages/airflow/example_dags/example_short_circuit_operator.py
[2022-11-06T03:46:09.453+0200] {logging_mixin.py:120} INFO - [2022-11-06T03:46:09.453+0200] {dag.py:2585} INFO - Sync 1 DAGs
[2022-11-06T03:46:09.467+0200] {logging_mixin.py:120} INFO - [2022-11-06T03:46:09.467+0200] {dag.py:3336} INFO - Setting next_dagrun for example_short_circuit_operator to 2022-11-05T01:46:09.467487+00:00, run_after=2022-11-06T01:46:09.467487+00:00
[2022-11-06T03:46:09.485+0200] {processor.py:176} INFO - Processing /Users/mnagy99/opt/anaconda3/envs/airflow-env/lib/python3.8/site-packages/airflow/example_dags/example_short_circuit_operator.py took 0.513 seconds
[2022-11-06T03:48:13.505+0200] {processor.py:154} INFO - Started process (PID=8699) to work on /Users/mnagy99/opt/anaconda3/envs/airflow-env/lib/python3.8/site-packages/airflow/example_dags/example_short_circuit_operator.py
[2022-11-06T03:48:13.507+0200] {processor.py:756} INFO - Processing file /Users/mnagy99/opt/anaconda3/envs/airflow-env/lib/python3.8/site-packages/airflow/example_dags/example_short_circuit_operator.py for tasks to queue
[2022-11-06T03:48:13.508+0200] {logging_mixin.py:120} INFO - [2022-11-06T03:48:13.508+0200] {dagbag.py:537} INFO - Filling up the DagBag from /Users/mnagy99/opt/anaconda3/envs/airflow-env/lib/python3.8/site-packages/airflow/example_dags/example_short_circuit_operator.py
[2022-11-06T03:48:13.543+0200] {processor.py:766} INFO - DAG(s) dict_keys(['example_short_circuit_operator']) retrieved from /Users/mnagy99/opt/anaconda3/envs/airflow-env/lib/python3.8/site-packages/airflow/example_dags/example_short_circuit_operator.py
[2022-11-06T03:48:13.986+0200] {logging_mixin.py:120} INFO - [2022-11-06T03:48:13.985+0200] {dag.py:2585} INFO - Sync 1 DAGs
[2022-11-06T03:48:14.000+0200] {logging_mixin.py:120} INFO - [2022-11-06T03:48:14.000+0200] {dag.py:3336} INFO - Setting next_dagrun for example_short_circuit_operator to 2022-11-05T01:48:14.000060+00:00, run_after=2022-11-06T01:48:14.000060+00:00
[2022-11-06T03:48:14.022+0200] {processor.py:176} INFO - Processing /Users/mnagy99/opt/anaconda3/envs/airflow-env/lib/python3.8/site-packages/airflow/example_dags/example_short_circuit_operator.py took 0.518 seconds
[2022-11-06T03:50:19.539+0200] {processor.py:154} INFO - Started process (PID=8824) to work on /Users/mnagy99/opt/anaconda3/envs/airflow-env/lib/python3.8/site-packages/airflow/example_dags/example_short_circuit_operator.py
[2022-11-06T03:50:19.542+0200] {processor.py:756} INFO - Processing file /Users/mnagy99/opt/anaconda3/envs/airflow-env/lib/python3.8/site-packages/airflow/example_dags/example_short_circuit_operator.py for tasks to queue
[2022-11-06T03:50:19.543+0200] {logging_mixin.py:120} INFO - [2022-11-06T03:50:19.543+0200] {dagbag.py:537} INFO - Filling up the DagBag from /Users/mnagy99/opt/anaconda3/envs/airflow-env/lib/python3.8/site-packages/airflow/example_dags/example_short_circuit_operator.py
[2022-11-06T03:50:19.580+0200] {processor.py:766} INFO - DAG(s) dict_keys(['example_short_circuit_operator']) retrieved from /Users/mnagy99/opt/anaconda3/envs/airflow-env/lib/python3.8/site-packages/airflow/example_dags/example_short_circuit_operator.py
[2022-11-06T03:50:20.010+0200] {logging_mixin.py:120} INFO - [2022-11-06T03:50:20.010+0200] {dag.py:2585} INFO - Sync 1 DAGs
[2022-11-06T03:50:20.025+0200] {logging_mixin.py:120} INFO - [2022-11-06T03:50:20.025+0200] {dag.py:3336} INFO - Setting next_dagrun for example_short_circuit_operator to 2022-11-05T01:50:20.025075+00:00, run_after=2022-11-06T01:50:20.025075+00:00
[2022-11-06T03:50:20.044+0200] {processor.py:176} INFO - Processing /Users/mnagy99/opt/anaconda3/envs/airflow-env/lib/python3.8/site-packages/airflow/example_dags/example_short_circuit_operator.py took 0.505 seconds
[2022-11-06T03:52:24.861+0200] {processor.py:154} INFO - Started process (PID=8953) to work on /Users/mnagy99/opt/anaconda3/envs/airflow-env/lib/python3.8/site-packages/airflow/example_dags/example_short_circuit_operator.py
[2022-11-06T03:52:24.864+0200] {processor.py:756} INFO - Processing file /Users/mnagy99/opt/anaconda3/envs/airflow-env/lib/python3.8/site-packages/airflow/example_dags/example_short_circuit_operator.py for tasks to queue
[2022-11-06T03:52:24.864+0200] {logging_mixin.py:120} INFO - [2022-11-06T03:52:24.864+0200] {dagbag.py:537} INFO - Filling up the DagBag from /Users/mnagy99/opt/anaconda3/envs/airflow-env/lib/python3.8/site-packages/airflow/example_dags/example_short_circuit_operator.py
[2022-11-06T03:52:24.901+0200] {processor.py:766} INFO - DAG(s) dict_keys(['example_short_circuit_operator']) retrieved from /Users/mnagy99/opt/anaconda3/envs/airflow-env/lib/python3.8/site-packages/airflow/example_dags/example_short_circuit_operator.py
[2022-11-06T03:52:25.329+0200] {logging_mixin.py:120} INFO - [2022-11-06T03:52:25.329+0200] {dag.py:2585} INFO - Sync 1 DAGs
[2022-11-06T03:52:25.343+0200] {logging_mixin.py:120} INFO - [2022-11-06T03:52:25.343+0200] {dag.py:3336} INFO - Setting next_dagrun for example_short_circuit_operator to 2022-11-05T01:52:25.343004+00:00, run_after=2022-11-06T01:52:25.343004+00:00
[2022-11-06T03:52:25.361+0200] {processor.py:176} INFO - Processing /Users/mnagy99/opt/anaconda3/envs/airflow-env/lib/python3.8/site-packages/airflow/example_dags/example_short_circuit_operator.py took 0.501 seconds
[2022-11-06T03:54:37.544+0200] {processor.py:154} INFO - Started process (PID=9085) to work on /Users/mnagy99/opt/anaconda3/envs/airflow-env/lib/python3.8/site-packages/airflow/example_dags/example_short_circuit_operator.py
[2022-11-06T03:54:37.545+0200] {processor.py:756} INFO - Processing file /Users/mnagy99/opt/anaconda3/envs/airflow-env/lib/python3.8/site-packages/airflow/example_dags/example_short_circuit_operator.py for tasks to queue
[2022-11-06T03:54:37.546+0200] {logging_mixin.py:120} INFO - [2022-11-06T03:54:37.546+0200] {dagbag.py:537} INFO - Filling up the DagBag from /Users/mnagy99/opt/anaconda3/envs/airflow-env/lib/python3.8/site-packages/airflow/example_dags/example_short_circuit_operator.py
[2022-11-06T03:54:37.578+0200] {processor.py:766} INFO - DAG(s) dict_keys(['example_short_circuit_operator']) retrieved from /Users/mnagy99/opt/anaconda3/envs/airflow-env/lib/python3.8/site-packages/airflow/example_dags/example_short_circuit_operator.py
[2022-11-06T03:54:38.023+0200] {logging_mixin.py:120} INFO - [2022-11-06T03:54:38.023+0200] {dag.py:2585} INFO - Sync 1 DAGs
[2022-11-06T03:54:38.039+0200] {logging_mixin.py:120} INFO - [2022-11-06T03:54:38.039+0200] {dag.py:3336} INFO - Setting next_dagrun for example_short_circuit_operator to 2022-11-05T01:54:38.039492+00:00, run_after=2022-11-06T01:54:38.039492+00:00
[2022-11-06T03:54:38.059+0200] {processor.py:176} INFO - Processing /Users/mnagy99/opt/anaconda3/envs/airflow-env/lib/python3.8/site-packages/airflow/example_dags/example_short_circuit_operator.py took 0.516 seconds
[2022-11-06T03:57:00.657+0200] {processor.py:154} INFO - Started process (PID=9230) to work on /Users/mnagy99/opt/anaconda3/envs/airflow-env/lib/python3.8/site-packages/airflow/example_dags/example_short_circuit_operator.py
[2022-11-06T03:57:00.660+0200] {processor.py:756} INFO - Processing file /Users/mnagy99/opt/anaconda3/envs/airflow-env/lib/python3.8/site-packages/airflow/example_dags/example_short_circuit_operator.py for tasks to queue
[2022-11-06T03:57:00.661+0200] {logging_mixin.py:120} INFO - [2022-11-06T03:57:00.660+0200] {dagbag.py:537} INFO - Filling up the DagBag from /Users/mnagy99/opt/anaconda3/envs/airflow-env/lib/python3.8/site-packages/airflow/example_dags/example_short_circuit_operator.py
[2022-11-06T03:57:00.693+0200] {processor.py:766} INFO - DAG(s) dict_keys(['example_short_circuit_operator']) retrieved from /Users/mnagy99/opt/anaconda3/envs/airflow-env/lib/python3.8/site-packages/airflow/example_dags/example_short_circuit_operator.py
[2022-11-06T03:57:01.116+0200] {logging_mixin.py:120} INFO - [2022-11-06T03:57:01.116+0200] {dag.py:2585} INFO - Sync 1 DAGs
[2022-11-06T03:57:01.130+0200] {logging_mixin.py:120} INFO - [2022-11-06T03:57:01.130+0200] {dag.py:3336} INFO - Setting next_dagrun for example_short_circuit_operator to 2022-11-05T01:57:01.130542+00:00, run_after=2022-11-06T01:57:01.130542+00:00
[2022-11-06T03:57:01.152+0200] {processor.py:176} INFO - Processing /Users/mnagy99/opt/anaconda3/envs/airflow-env/lib/python3.8/site-packages/airflow/example_dags/example_short_circuit_operator.py took 0.496 seconds
[2022-11-06T03:59:12.168+0200] {processor.py:154} INFO - Started process (PID=9357) to work on /Users/mnagy99/opt/anaconda3/envs/airflow-env/lib/python3.8/site-packages/airflow/example_dags/example_short_circuit_operator.py
[2022-11-06T03:59:12.171+0200] {processor.py:756} INFO - Processing file /Users/mnagy99/opt/anaconda3/envs/airflow-env/lib/python3.8/site-packages/airflow/example_dags/example_short_circuit_operator.py for tasks to queue
[2022-11-06T03:59:12.172+0200] {logging_mixin.py:120} INFO - [2022-11-06T03:59:12.171+0200] {dagbag.py:537} INFO - Filling up the DagBag from /Users/mnagy99/opt/anaconda3/envs/airflow-env/lib/python3.8/site-packages/airflow/example_dags/example_short_circuit_operator.py
[2022-11-06T03:59:12.251+0200] {processor.py:766} INFO - DAG(s) dict_keys(['example_short_circuit_operator']) retrieved from /Users/mnagy99/opt/anaconda3/envs/airflow-env/lib/python3.8/site-packages/airflow/example_dags/example_short_circuit_operator.py
[2022-11-06T03:59:13.226+0200] {logging_mixin.py:120} INFO - [2022-11-06T03:59:13.226+0200] {dag.py:2585} INFO - Sync 1 DAGs
[2022-11-06T03:59:13.253+0200] {logging_mixin.py:120} INFO - [2022-11-06T03:59:13.253+0200] {dag.py:3336} INFO - Setting next_dagrun for example_short_circuit_operator to 2022-11-05T01:59:13.253035+00:00, run_after=2022-11-06T01:59:13.253035+00:00
[2022-11-06T03:59:13.288+0200] {processor.py:176} INFO - Processing /Users/mnagy99/opt/anaconda3/envs/airflow-env/lib/python3.8/site-packages/airflow/example_dags/example_short_circuit_operator.py took 1.121 seconds
[2022-11-06T04:01:40.494+0200] {processor.py:154} INFO - Started process (PID=9516) to work on /Users/mnagy99/opt/anaconda3/envs/airflow-env/lib/python3.8/site-packages/airflow/example_dags/example_short_circuit_operator.py
[2022-11-06T04:01:40.497+0200] {processor.py:756} INFO - Processing file /Users/mnagy99/opt/anaconda3/envs/airflow-env/lib/python3.8/site-packages/airflow/example_dags/example_short_circuit_operator.py for tasks to queue
[2022-11-06T04:01:40.497+0200] {logging_mixin.py:120} INFO - [2022-11-06T04:01:40.497+0200] {dagbag.py:537} INFO - Filling up the DagBag from /Users/mnagy99/opt/anaconda3/envs/airflow-env/lib/python3.8/site-packages/airflow/example_dags/example_short_circuit_operator.py
[2022-11-06T04:01:40.532+0200] {processor.py:766} INFO - DAG(s) dict_keys(['example_short_circuit_operator']) retrieved from /Users/mnagy99/opt/anaconda3/envs/airflow-env/lib/python3.8/site-packages/airflow/example_dags/example_short_circuit_operator.py
[2022-11-06T04:01:40.961+0200] {logging_mixin.py:120} INFO - [2022-11-06T04:01:40.961+0200] {dag.py:2585} INFO - Sync 1 DAGs
[2022-11-06T04:01:40.975+0200] {logging_mixin.py:120} INFO - [2022-11-06T04:01:40.975+0200] {dag.py:3336} INFO - Setting next_dagrun for example_short_circuit_operator to 2022-11-05T02:01:40.975439+00:00, run_after=2022-11-06T02:01:40.975439+00:00
[2022-11-06T04:01:40.994+0200] {processor.py:176} INFO - Processing /Users/mnagy99/opt/anaconda3/envs/airflow-env/lib/python3.8/site-packages/airflow/example_dags/example_short_circuit_operator.py took 0.500 seconds
[2022-11-06T04:03:58.718+0200] {processor.py:154} INFO - Started process (PID=9655) to work on /Users/mnagy99/opt/anaconda3/envs/airflow-env/lib/python3.8/site-packages/airflow/example_dags/example_short_circuit_operator.py
[2022-11-06T04:03:58.721+0200] {processor.py:756} INFO - Processing file /Users/mnagy99/opt/anaconda3/envs/airflow-env/lib/python3.8/site-packages/airflow/example_dags/example_short_circuit_operator.py for tasks to queue
[2022-11-06T04:03:58.721+0200] {logging_mixin.py:120} INFO - [2022-11-06T04:03:58.721+0200] {dagbag.py:537} INFO - Filling up the DagBag from /Users/mnagy99/opt/anaconda3/envs/airflow-env/lib/python3.8/site-packages/airflow/example_dags/example_short_circuit_operator.py
[2022-11-06T04:03:58.753+0200] {processor.py:766} INFO - DAG(s) dict_keys(['example_short_circuit_operator']) retrieved from /Users/mnagy99/opt/anaconda3/envs/airflow-env/lib/python3.8/site-packages/airflow/example_dags/example_short_circuit_operator.py
[2022-11-06T04:03:59.175+0200] {logging_mixin.py:120} INFO - [2022-11-06T04:03:59.175+0200] {dag.py:2585} INFO - Sync 1 DAGs
[2022-11-06T04:03:59.189+0200] {logging_mixin.py:120} INFO - [2022-11-06T04:03:59.189+0200] {dag.py:3336} INFO - Setting next_dagrun for example_short_circuit_operator to 2022-11-05T02:03:59.189141+00:00, run_after=2022-11-06T02:03:59.189141+00:00
[2022-11-06T04:03:59.206+0200] {processor.py:176} INFO - Processing /Users/mnagy99/opt/anaconda3/envs/airflow-env/lib/python3.8/site-packages/airflow/example_dags/example_short_circuit_operator.py took 0.489 seconds
[2022-11-06T04:06:33.961+0200] {processor.py:154} INFO - Started process (PID=9821) to work on /Users/mnagy99/opt/anaconda3/envs/airflow-env/lib/python3.8/site-packages/airflow/example_dags/example_short_circuit_operator.py
[2022-11-06T04:06:33.965+0200] {processor.py:756} INFO - Processing file /Users/mnagy99/opt/anaconda3/envs/airflow-env/lib/python3.8/site-packages/airflow/example_dags/example_short_circuit_operator.py for tasks to queue
[2022-11-06T04:06:33.965+0200] {logging_mixin.py:120} INFO - [2022-11-06T04:06:33.965+0200] {dagbag.py:537} INFO - Filling up the DagBag from /Users/mnagy99/opt/anaconda3/envs/airflow-env/lib/python3.8/site-packages/airflow/example_dags/example_short_circuit_operator.py
[2022-11-06T04:06:34.052+0200] {processor.py:766} INFO - DAG(s) dict_keys(['example_short_circuit_operator']) retrieved from /Users/mnagy99/opt/anaconda3/envs/airflow-env/lib/python3.8/site-packages/airflow/example_dags/example_short_circuit_operator.py
[2022-11-06T04:06:34.807+0200] {logging_mixin.py:120} INFO - [2022-11-06T04:06:34.807+0200] {dag.py:2585} INFO - Sync 1 DAGs
[2022-11-06T04:06:34.825+0200] {logging_mixin.py:120} INFO - [2022-11-06T04:06:34.825+0200] {dag.py:3336} INFO - Setting next_dagrun for example_short_circuit_operator to 2022-11-05T02:06:34.824907+00:00, run_after=2022-11-06T02:06:34.824907+00:00
[2022-11-06T04:06:34.845+0200] {processor.py:176} INFO - Processing /Users/mnagy99/opt/anaconda3/envs/airflow-env/lib/python3.8/site-packages/airflow/example_dags/example_short_circuit_operator.py took 0.887 seconds
[2022-11-06T04:08:40.390+0200] {processor.py:154} INFO - Started process (PID=9952) to work on /Users/mnagy99/opt/anaconda3/envs/airflow-env/lib/python3.8/site-packages/airflow/example_dags/example_short_circuit_operator.py
[2022-11-06T04:08:40.392+0200] {processor.py:756} INFO - Processing file /Users/mnagy99/opt/anaconda3/envs/airflow-env/lib/python3.8/site-packages/airflow/example_dags/example_short_circuit_operator.py for tasks to queue
[2022-11-06T04:08:40.393+0200] {logging_mixin.py:120} INFO - [2022-11-06T04:08:40.393+0200] {dagbag.py:537} INFO - Filling up the DagBag from /Users/mnagy99/opt/anaconda3/envs/airflow-env/lib/python3.8/site-packages/airflow/example_dags/example_short_circuit_operator.py
[2022-11-06T04:08:40.428+0200] {processor.py:766} INFO - DAG(s) dict_keys(['example_short_circuit_operator']) retrieved from /Users/mnagy99/opt/anaconda3/envs/airflow-env/lib/python3.8/site-packages/airflow/example_dags/example_short_circuit_operator.py
[2022-11-06T04:08:40.888+0200] {logging_mixin.py:120} INFO - [2022-11-06T04:08:40.888+0200] {dag.py:2585} INFO - Sync 1 DAGs
[2022-11-06T04:08:40.903+0200] {logging_mixin.py:120} INFO - [2022-11-06T04:08:40.903+0200] {dag.py:3336} INFO - Setting next_dagrun for example_short_circuit_operator to 2022-11-05T02:08:40.903302+00:00, run_after=2022-11-06T02:08:40.903302+00:00
[2022-11-06T04:08:40.920+0200] {processor.py:176} INFO - Processing /Users/mnagy99/opt/anaconda3/envs/airflow-env/lib/python3.8/site-packages/airflow/example_dags/example_short_circuit_operator.py took 0.531 seconds
[2022-11-06T04:10:45.031+0200] {processor.py:154} INFO - Started process (PID=10086) to work on /Users/mnagy99/opt/anaconda3/envs/airflow-env/lib/python3.8/site-packages/airflow/example_dags/example_short_circuit_operator.py
[2022-11-06T04:10:45.033+0200] {processor.py:756} INFO - Processing file /Users/mnagy99/opt/anaconda3/envs/airflow-env/lib/python3.8/site-packages/airflow/example_dags/example_short_circuit_operator.py for tasks to queue
[2022-11-06T04:10:45.034+0200] {logging_mixin.py:120} INFO - [2022-11-06T04:10:45.034+0200] {dagbag.py:537} INFO - Filling up the DagBag from /Users/mnagy99/opt/anaconda3/envs/airflow-env/lib/python3.8/site-packages/airflow/example_dags/example_short_circuit_operator.py
[2022-11-06T04:10:45.067+0200] {processor.py:766} INFO - DAG(s) dict_keys(['example_short_circuit_operator']) retrieved from /Users/mnagy99/opt/anaconda3/envs/airflow-env/lib/python3.8/site-packages/airflow/example_dags/example_short_circuit_operator.py
[2022-11-06T04:10:45.923+0200] {logging_mixin.py:120} INFO - [2022-11-06T04:10:45.922+0200] {dag.py:2585} INFO - Sync 1 DAGs
[2022-11-06T04:10:45.965+0200] {logging_mixin.py:120} INFO - [2022-11-06T04:10:45.964+0200] {dag.py:3336} INFO - Setting next_dagrun for example_short_circuit_operator to 2022-11-05T02:10:45.964638+00:00, run_after=2022-11-06T02:10:45.964638+00:00
[2022-11-06T04:10:45.989+0200] {processor.py:176} INFO - Processing /Users/mnagy99/opt/anaconda3/envs/airflow-env/lib/python3.8/site-packages/airflow/example_dags/example_short_circuit_operator.py took 0.959 seconds
[2022-11-06T04:13:08.389+0200] {processor.py:154} INFO - Started process (PID=10236) to work on /Users/mnagy99/opt/anaconda3/envs/airflow-env/lib/python3.8/site-packages/airflow/example_dags/example_short_circuit_operator.py
[2022-11-06T04:13:08.391+0200] {processor.py:756} INFO - Processing file /Users/mnagy99/opt/anaconda3/envs/airflow-env/lib/python3.8/site-packages/airflow/example_dags/example_short_circuit_operator.py for tasks to queue
[2022-11-06T04:13:08.392+0200] {logging_mixin.py:120} INFO - [2022-11-06T04:13:08.392+0200] {dagbag.py:537} INFO - Filling up the DagBag from /Users/mnagy99/opt/anaconda3/envs/airflow-env/lib/python3.8/site-packages/airflow/example_dags/example_short_circuit_operator.py
[2022-11-06T04:13:08.428+0200] {processor.py:766} INFO - DAG(s) dict_keys(['example_short_circuit_operator']) retrieved from /Users/mnagy99/opt/anaconda3/envs/airflow-env/lib/python3.8/site-packages/airflow/example_dags/example_short_circuit_operator.py
[2022-11-06T04:13:08.874+0200] {logging_mixin.py:120} INFO - [2022-11-06T04:13:08.874+0200] {dag.py:2585} INFO - Sync 1 DAGs
[2022-11-06T04:13:08.889+0200] {logging_mixin.py:120} INFO - [2022-11-06T04:13:08.889+0200] {dag.py:3336} INFO - Setting next_dagrun for example_short_circuit_operator to 2022-11-05T02:13:08.888948+00:00, run_after=2022-11-06T02:13:08.888948+00:00
[2022-11-06T04:13:08.908+0200] {processor.py:176} INFO - Processing /Users/mnagy99/opt/anaconda3/envs/airflow-env/lib/python3.8/site-packages/airflow/example_dags/example_short_circuit_operator.py took 0.521 seconds
[2022-11-06T04:15:07.941+0200] {processor.py:154} INFO - Started process (PID=10368) to work on /Users/mnagy99/opt/anaconda3/envs/airflow-env/lib/python3.8/site-packages/airflow/example_dags/example_short_circuit_operator.py
[2022-11-06T04:15:07.944+0200] {processor.py:756} INFO - Processing file /Users/mnagy99/opt/anaconda3/envs/airflow-env/lib/python3.8/site-packages/airflow/example_dags/example_short_circuit_operator.py for tasks to queue
[2022-11-06T04:15:07.944+0200] {logging_mixin.py:120} INFO - [2022-11-06T04:15:07.944+0200] {dagbag.py:537} INFO - Filling up the DagBag from /Users/mnagy99/opt/anaconda3/envs/airflow-env/lib/python3.8/site-packages/airflow/example_dags/example_short_circuit_operator.py
[2022-11-06T04:15:07.977+0200] {processor.py:766} INFO - DAG(s) dict_keys(['example_short_circuit_operator']) retrieved from /Users/mnagy99/opt/anaconda3/envs/airflow-env/lib/python3.8/site-packages/airflow/example_dags/example_short_circuit_operator.py
[2022-11-06T04:15:08.422+0200] {logging_mixin.py:120} INFO - [2022-11-06T04:15:08.422+0200] {dag.py:2585} INFO - Sync 1 DAGs
[2022-11-06T04:15:08.436+0200] {logging_mixin.py:120} INFO - [2022-11-06T04:15:08.436+0200] {dag.py:3336} INFO - Setting next_dagrun for example_short_circuit_operator to 2022-11-05T02:15:08.436435+00:00, run_after=2022-11-06T02:15:08.436435+00:00
[2022-11-06T04:15:08.455+0200] {processor.py:176} INFO - Processing /Users/mnagy99/opt/anaconda3/envs/airflow-env/lib/python3.8/site-packages/airflow/example_dags/example_short_circuit_operator.py took 0.515 seconds
[2022-11-06T04:17:27.465+0200] {processor.py:154} INFO - Started process (PID=10501) to work on /Users/mnagy99/opt/anaconda3/envs/airflow-env/lib/python3.8/site-packages/airflow/example_dags/example_short_circuit_operator.py
[2022-11-06T04:17:27.468+0200] {processor.py:756} INFO - Processing file /Users/mnagy99/opt/anaconda3/envs/airflow-env/lib/python3.8/site-packages/airflow/example_dags/example_short_circuit_operator.py for tasks to queue
[2022-11-06T04:17:27.468+0200] {logging_mixin.py:120} INFO - [2022-11-06T04:17:27.468+0200] {dagbag.py:537} INFO - Filling up the DagBag from /Users/mnagy99/opt/anaconda3/envs/airflow-env/lib/python3.8/site-packages/airflow/example_dags/example_short_circuit_operator.py
[2022-11-06T04:17:27.513+0200] {processor.py:766} INFO - DAG(s) dict_keys(['example_short_circuit_operator']) retrieved from /Users/mnagy99/opt/anaconda3/envs/airflow-env/lib/python3.8/site-packages/airflow/example_dags/example_short_circuit_operator.py
[2022-11-06T04:17:28.165+0200] {logging_mixin.py:120} INFO - [2022-11-06T04:17:28.164+0200] {dag.py:2585} INFO - Sync 1 DAGs
[2022-11-06T04:17:28.194+0200] {logging_mixin.py:120} INFO - [2022-11-06T04:17:28.193+0200] {dag.py:3336} INFO - Setting next_dagrun for example_short_circuit_operator to 2022-11-05T02:17:28.193784+00:00, run_after=2022-11-06T02:17:28.193784+00:00
[2022-11-06T04:17:28.221+0200] {processor.py:176} INFO - Processing /Users/mnagy99/opt/anaconda3/envs/airflow-env/lib/python3.8/site-packages/airflow/example_dags/example_short_circuit_operator.py took 0.756 seconds
