[2022-11-06T02:01:51.477+0200] {processor.py:154} INFO - Started process (PID=1833) to work on /Users/mnagy99/opt/anaconda3/envs/airflow-env/lib/python3.8/site-packages/airflow/example_dags/example_trigger_target_dag.py
[2022-11-06T02:01:51.479+0200] {processor.py:756} INFO - Processing file /Users/mnagy99/opt/anaconda3/envs/airflow-env/lib/python3.8/site-packages/airflow/example_dags/example_trigger_target_dag.py for tasks to queue
[2022-11-06T02:01:51.479+0200] {logging_mixin.py:120} INFO - [2022-11-06T02:01:51.479+0200] {dagbag.py:537} INFO - Filling up the DagBag from /Users/mnagy99/opt/anaconda3/envs/airflow-env/lib/python3.8/site-packages/airflow/example_dags/example_trigger_target_dag.py
[2022-11-06T02:01:51.525+0200] {processor.py:766} INFO - DAG(s) dict_keys(['example_trigger_target_dag']) retrieved from /Users/mnagy99/opt/anaconda3/envs/airflow-env/lib/python3.8/site-packages/airflow/example_dags/example_trigger_target_dag.py
[2022-11-06T02:01:52.046+0200] {logging_mixin.py:120} INFO - [2022-11-06T02:01:52.045+0200] {dag.py:2585} INFO - Sync 1 DAGs
[2022-11-06T02:01:52.059+0200] {logging_mixin.py:120} INFO - [2022-11-06T02:01:52.059+0200] {dag.py:3336} INFO - Setting next_dagrun for example_trigger_target_dag to None, run_after=None
[2022-11-06T02:01:52.078+0200] {processor.py:176} INFO - Processing /Users/mnagy99/opt/anaconda3/envs/airflow-env/lib/python3.8/site-packages/airflow/example_dags/example_trigger_target_dag.py took 0.602 seconds
[2022-11-06T02:04:09.502+0200] {processor.py:154} INFO - Started process (PID=2151) to work on /Users/mnagy99/opt/anaconda3/envs/airflow-env/lib/python3.8/site-packages/airflow/example_dags/example_trigger_target_dag.py
[2022-11-06T02:04:09.503+0200] {processor.py:756} INFO - Processing file /Users/mnagy99/opt/anaconda3/envs/airflow-env/lib/python3.8/site-packages/airflow/example_dags/example_trigger_target_dag.py for tasks to queue
[2022-11-06T02:04:09.503+0200] {logging_mixin.py:120} INFO - [2022-11-06T02:04:09.503+0200] {dagbag.py:537} INFO - Filling up the DagBag from /Users/mnagy99/opt/anaconda3/envs/airflow-env/lib/python3.8/site-packages/airflow/example_dags/example_trigger_target_dag.py
[2022-11-06T02:04:09.552+0200] {processor.py:766} INFO - DAG(s) dict_keys(['example_trigger_target_dag']) retrieved from /Users/mnagy99/opt/anaconda3/envs/airflow-env/lib/python3.8/site-packages/airflow/example_dags/example_trigger_target_dag.py
[2022-11-06T02:04:10.069+0200] {logging_mixin.py:120} INFO - [2022-11-06T02:04:10.068+0200] {dag.py:2585} INFO - Sync 1 DAGs
[2022-11-06T02:04:10.090+0200] {logging_mixin.py:120} INFO - [2022-11-06T02:04:10.090+0200] {dag.py:3336} INFO - Setting next_dagrun for example_trigger_target_dag to None, run_after=None
[2022-11-06T02:04:10.107+0200] {processor.py:176} INFO - Processing /Users/mnagy99/opt/anaconda3/envs/airflow-env/lib/python3.8/site-packages/airflow/example_dags/example_trigger_target_dag.py took 0.607 seconds
[2022-11-06T02:06:29.883+0200] {processor.py:154} INFO - Started process (PID=2285) to work on /Users/mnagy99/opt/anaconda3/envs/airflow-env/lib/python3.8/site-packages/airflow/example_dags/example_trigger_target_dag.py
[2022-11-06T02:06:29.886+0200] {processor.py:756} INFO - Processing file /Users/mnagy99/opt/anaconda3/envs/airflow-env/lib/python3.8/site-packages/airflow/example_dags/example_trigger_target_dag.py for tasks to queue
[2022-11-06T02:06:29.887+0200] {logging_mixin.py:120} INFO - [2022-11-06T02:06:29.886+0200] {dagbag.py:537} INFO - Filling up the DagBag from /Users/mnagy99/opt/anaconda3/envs/airflow-env/lib/python3.8/site-packages/airflow/example_dags/example_trigger_target_dag.py
[2022-11-06T02:06:29.931+0200] {processor.py:766} INFO - DAG(s) dict_keys(['example_trigger_target_dag']) retrieved from /Users/mnagy99/opt/anaconda3/envs/airflow-env/lib/python3.8/site-packages/airflow/example_dags/example_trigger_target_dag.py
[2022-11-06T02:06:30.508+0200] {logging_mixin.py:120} INFO - [2022-11-06T02:06:30.508+0200] {dag.py:2585} INFO - Sync 1 DAGs
[2022-11-06T02:06:30.530+0200] {logging_mixin.py:120} INFO - [2022-11-06T02:06:30.530+0200] {dag.py:3336} INFO - Setting next_dagrun for example_trigger_target_dag to None, run_after=None
[2022-11-06T02:06:30.554+0200] {processor.py:176} INFO - Processing /Users/mnagy99/opt/anaconda3/envs/airflow-env/lib/python3.8/site-packages/airflow/example_dags/example_trigger_target_dag.py took 0.672 seconds
[2022-11-06T02:08:50.653+0200] {processor.py:154} INFO - Started process (PID=2412) to work on /Users/mnagy99/opt/anaconda3/envs/airflow-env/lib/python3.8/site-packages/airflow/example_dags/example_trigger_target_dag.py
[2022-11-06T02:08:50.655+0200] {processor.py:756} INFO - Processing file /Users/mnagy99/opt/anaconda3/envs/airflow-env/lib/python3.8/site-packages/airflow/example_dags/example_trigger_target_dag.py for tasks to queue
[2022-11-06T02:08:50.656+0200] {logging_mixin.py:120} INFO - [2022-11-06T02:08:50.655+0200] {dagbag.py:537} INFO - Filling up the DagBag from /Users/mnagy99/opt/anaconda3/envs/airflow-env/lib/python3.8/site-packages/airflow/example_dags/example_trigger_target_dag.py
[2022-11-06T02:08:50.709+0200] {processor.py:766} INFO - DAG(s) dict_keys(['example_trigger_target_dag']) retrieved from /Users/mnagy99/opt/anaconda3/envs/airflow-env/lib/python3.8/site-packages/airflow/example_dags/example_trigger_target_dag.py
[2022-11-06T02:08:51.256+0200] {logging_mixin.py:120} INFO - [2022-11-06T02:08:51.255+0200] {dag.py:2585} INFO - Sync 1 DAGs
[2022-11-06T02:08:51.274+0200] {logging_mixin.py:120} INFO - [2022-11-06T02:08:51.274+0200] {dag.py:3336} INFO - Setting next_dagrun for example_trigger_target_dag to None, run_after=None
[2022-11-06T02:08:51.295+0200] {processor.py:176} INFO - Processing /Users/mnagy99/opt/anaconda3/envs/airflow-env/lib/python3.8/site-packages/airflow/example_dags/example_trigger_target_dag.py took 0.643 seconds
[2022-11-06T02:11:05.302+0200] {processor.py:154} INFO - Started process (PID=2541) to work on /Users/mnagy99/opt/anaconda3/envs/airflow-env/lib/python3.8/site-packages/airflow/example_dags/example_trigger_target_dag.py
[2022-11-06T02:11:05.304+0200] {processor.py:756} INFO - Processing file /Users/mnagy99/opt/anaconda3/envs/airflow-env/lib/python3.8/site-packages/airflow/example_dags/example_trigger_target_dag.py for tasks to queue
[2022-11-06T02:11:05.304+0200] {logging_mixin.py:120} INFO - [2022-11-06T02:11:05.304+0200] {dagbag.py:537} INFO - Filling up the DagBag from /Users/mnagy99/opt/anaconda3/envs/airflow-env/lib/python3.8/site-packages/airflow/example_dags/example_trigger_target_dag.py
[2022-11-06T02:11:05.346+0200] {processor.py:766} INFO - DAG(s) dict_keys(['example_trigger_target_dag']) retrieved from /Users/mnagy99/opt/anaconda3/envs/airflow-env/lib/python3.8/site-packages/airflow/example_dags/example_trigger_target_dag.py
[2022-11-06T02:11:05.795+0200] {logging_mixin.py:120} INFO - [2022-11-06T02:11:05.795+0200] {dag.py:2585} INFO - Sync 1 DAGs
[2022-11-06T02:11:05.808+0200] {logging_mixin.py:120} INFO - [2022-11-06T02:11:05.808+0200] {dag.py:3336} INFO - Setting next_dagrun for example_trigger_target_dag to None, run_after=None
[2022-11-06T02:11:05.827+0200] {processor.py:176} INFO - Processing /Users/mnagy99/opt/anaconda3/envs/airflow-env/lib/python3.8/site-packages/airflow/example_dags/example_trigger_target_dag.py took 0.525 seconds
[2022-11-06T02:13:14.979+0200] {processor.py:154} INFO - Started process (PID=2666) to work on /Users/mnagy99/opt/anaconda3/envs/airflow-env/lib/python3.8/site-packages/airflow/example_dags/example_trigger_target_dag.py
[2022-11-06T02:13:14.982+0200] {processor.py:756} INFO - Processing file /Users/mnagy99/opt/anaconda3/envs/airflow-env/lib/python3.8/site-packages/airflow/example_dags/example_trigger_target_dag.py for tasks to queue
[2022-11-06T02:13:14.983+0200] {logging_mixin.py:120} INFO - [2022-11-06T02:13:14.982+0200] {dagbag.py:537} INFO - Filling up the DagBag from /Users/mnagy99/opt/anaconda3/envs/airflow-env/lib/python3.8/site-packages/airflow/example_dags/example_trigger_target_dag.py
[2022-11-06T02:13:15.027+0200] {processor.py:766} INFO - DAG(s) dict_keys(['example_trigger_target_dag']) retrieved from /Users/mnagy99/opt/anaconda3/envs/airflow-env/lib/python3.8/site-packages/airflow/example_dags/example_trigger_target_dag.py
[2022-11-06T02:13:15.447+0200] {logging_mixin.py:120} INFO - [2022-11-06T02:13:15.447+0200] {dag.py:2585} INFO - Sync 1 DAGs
[2022-11-06T02:13:15.461+0200] {logging_mixin.py:120} INFO - [2022-11-06T02:13:15.461+0200] {dag.py:3336} INFO - Setting next_dagrun for example_trigger_target_dag to None, run_after=None
[2022-11-06T02:13:15.479+0200] {processor.py:176} INFO - Processing /Users/mnagy99/opt/anaconda3/envs/airflow-env/lib/python3.8/site-packages/airflow/example_dags/example_trigger_target_dag.py took 0.501 seconds
[2022-11-06T02:15:37.726+0200] {processor.py:154} INFO - Started process (PID=2865) to work on /Users/mnagy99/opt/anaconda3/envs/airflow-env/lib/python3.8/site-packages/airflow/example_dags/example_trigger_target_dag.py
[2022-11-06T02:15:37.728+0200] {processor.py:756} INFO - Processing file /Users/mnagy99/opt/anaconda3/envs/airflow-env/lib/python3.8/site-packages/airflow/example_dags/example_trigger_target_dag.py for tasks to queue
[2022-11-06T02:15:37.729+0200] {logging_mixin.py:120} INFO - [2022-11-06T02:15:37.729+0200] {dagbag.py:537} INFO - Filling up the DagBag from /Users/mnagy99/opt/anaconda3/envs/airflow-env/lib/python3.8/site-packages/airflow/example_dags/example_trigger_target_dag.py
[2022-11-06T02:15:37.784+0200] {processor.py:766} INFO - DAG(s) dict_keys(['example_trigger_target_dag']) retrieved from /Users/mnagy99/opt/anaconda3/envs/airflow-env/lib/python3.8/site-packages/airflow/example_dags/example_trigger_target_dag.py
[2022-11-06T02:15:38.274+0200] {logging_mixin.py:120} INFO - [2022-11-06T02:15:38.273+0200] {dag.py:2585} INFO - Sync 1 DAGs
[2022-11-06T02:15:38.290+0200] {logging_mixin.py:120} INFO - [2022-11-06T02:15:38.290+0200] {dag.py:3336} INFO - Setting next_dagrun for example_trigger_target_dag to None, run_after=None
[2022-11-06T02:15:38.309+0200] {processor.py:176} INFO - Processing /Users/mnagy99/opt/anaconda3/envs/airflow-env/lib/python3.8/site-packages/airflow/example_dags/example_trigger_target_dag.py took 0.584 seconds
[2022-11-06T02:17:52.058+0200] {processor.py:154} INFO - Started process (PID=3015) to work on /Users/mnagy99/opt/anaconda3/envs/airflow-env/lib/python3.8/site-packages/airflow/example_dags/example_trigger_target_dag.py
[2022-11-06T02:17:52.061+0200] {processor.py:756} INFO - Processing file /Users/mnagy99/opt/anaconda3/envs/airflow-env/lib/python3.8/site-packages/airflow/example_dags/example_trigger_target_dag.py for tasks to queue
[2022-11-06T02:17:52.061+0200] {logging_mixin.py:120} INFO - [2022-11-06T02:17:52.061+0200] {dagbag.py:537} INFO - Filling up the DagBag from /Users/mnagy99/opt/anaconda3/envs/airflow-env/lib/python3.8/site-packages/airflow/example_dags/example_trigger_target_dag.py
[2022-11-06T02:17:52.101+0200] {processor.py:766} INFO - DAG(s) dict_keys(['example_trigger_target_dag']) retrieved from /Users/mnagy99/opt/anaconda3/envs/airflow-env/lib/python3.8/site-packages/airflow/example_dags/example_trigger_target_dag.py
[2022-11-06T02:17:52.519+0200] {logging_mixin.py:120} INFO - [2022-11-06T02:17:52.518+0200] {dag.py:2585} INFO - Sync 1 DAGs
[2022-11-06T02:17:52.533+0200] {logging_mixin.py:120} INFO - [2022-11-06T02:17:52.533+0200] {dag.py:3336} INFO - Setting next_dagrun for example_trigger_target_dag to None, run_after=None
[2022-11-06T02:17:52.554+0200] {processor.py:176} INFO - Processing /Users/mnagy99/opt/anaconda3/envs/airflow-env/lib/python3.8/site-packages/airflow/example_dags/example_trigger_target_dag.py took 0.497 seconds
[2022-11-06T02:20:00.788+0200] {processor.py:154} INFO - Started process (PID=3146) to work on /Users/mnagy99/opt/anaconda3/envs/airflow-env/lib/python3.8/site-packages/airflow/example_dags/example_trigger_target_dag.py
[2022-11-06T02:20:00.790+0200] {processor.py:756} INFO - Processing file /Users/mnagy99/opt/anaconda3/envs/airflow-env/lib/python3.8/site-packages/airflow/example_dags/example_trigger_target_dag.py for tasks to queue
[2022-11-06T02:20:00.791+0200] {logging_mixin.py:120} INFO - [2022-11-06T02:20:00.791+0200] {dagbag.py:537} INFO - Filling up the DagBag from /Users/mnagy99/opt/anaconda3/envs/airflow-env/lib/python3.8/site-packages/airflow/example_dags/example_trigger_target_dag.py
[2022-11-06T02:20:00.837+0200] {processor.py:766} INFO - DAG(s) dict_keys(['example_trigger_target_dag']) retrieved from /Users/mnagy99/opt/anaconda3/envs/airflow-env/lib/python3.8/site-packages/airflow/example_dags/example_trigger_target_dag.py
[2022-11-06T02:20:01.274+0200] {logging_mixin.py:120} INFO - [2022-11-06T02:20:01.273+0200] {dag.py:2585} INFO - Sync 1 DAGs
[2022-11-06T02:20:01.287+0200] {logging_mixin.py:120} INFO - [2022-11-06T02:20:01.287+0200] {dag.py:3336} INFO - Setting next_dagrun for example_trigger_target_dag to None, run_after=None
[2022-11-06T02:20:01.306+0200] {processor.py:176} INFO - Processing /Users/mnagy99/opt/anaconda3/envs/airflow-env/lib/python3.8/site-packages/airflow/example_dags/example_trigger_target_dag.py took 0.519 seconds
[2022-11-06T02:22:09.803+0200] {processor.py:154} INFO - Started process (PID=3278) to work on /Users/mnagy99/opt/anaconda3/envs/airflow-env/lib/python3.8/site-packages/airflow/example_dags/example_trigger_target_dag.py
[2022-11-06T02:22:09.805+0200] {processor.py:756} INFO - Processing file /Users/mnagy99/opt/anaconda3/envs/airflow-env/lib/python3.8/site-packages/airflow/example_dags/example_trigger_target_dag.py for tasks to queue
[2022-11-06T02:22:09.806+0200] {logging_mixin.py:120} INFO - [2022-11-06T02:22:09.806+0200] {dagbag.py:537} INFO - Filling up the DagBag from /Users/mnagy99/opt/anaconda3/envs/airflow-env/lib/python3.8/site-packages/airflow/example_dags/example_trigger_target_dag.py
[2022-11-06T02:22:09.853+0200] {processor.py:766} INFO - DAG(s) dict_keys(['example_trigger_target_dag']) retrieved from /Users/mnagy99/opt/anaconda3/envs/airflow-env/lib/python3.8/site-packages/airflow/example_dags/example_trigger_target_dag.py
[2022-11-06T02:22:10.295+0200] {logging_mixin.py:120} INFO - [2022-11-06T02:22:10.295+0200] {dag.py:2585} INFO - Sync 1 DAGs
[2022-11-06T02:22:10.309+0200] {logging_mixin.py:120} INFO - [2022-11-06T02:22:10.309+0200] {dag.py:3336} INFO - Setting next_dagrun for example_trigger_target_dag to None, run_after=None
[2022-11-06T02:22:10.326+0200] {processor.py:176} INFO - Processing /Users/mnagy99/opt/anaconda3/envs/airflow-env/lib/python3.8/site-packages/airflow/example_dags/example_trigger_target_dag.py took 0.524 seconds
[2022-11-06T02:24:23.120+0200] {processor.py:154} INFO - Started process (PID=3421) to work on /Users/mnagy99/opt/anaconda3/envs/airflow-env/lib/python3.8/site-packages/airflow/example_dags/example_trigger_target_dag.py
[2022-11-06T02:24:23.122+0200] {processor.py:756} INFO - Processing file /Users/mnagy99/opt/anaconda3/envs/airflow-env/lib/python3.8/site-packages/airflow/example_dags/example_trigger_target_dag.py for tasks to queue
[2022-11-06T02:24:23.123+0200] {logging_mixin.py:120} INFO - [2022-11-06T02:24:23.123+0200] {dagbag.py:537} INFO - Filling up the DagBag from /Users/mnagy99/opt/anaconda3/envs/airflow-env/lib/python3.8/site-packages/airflow/example_dags/example_trigger_target_dag.py
[2022-11-06T02:24:23.168+0200] {processor.py:766} INFO - DAG(s) dict_keys(['example_trigger_target_dag']) retrieved from /Users/mnagy99/opt/anaconda3/envs/airflow-env/lib/python3.8/site-packages/airflow/example_dags/example_trigger_target_dag.py
[2022-11-06T02:24:23.678+0200] {logging_mixin.py:120} INFO - [2022-11-06T02:24:23.678+0200] {dag.py:2585} INFO - Sync 1 DAGs
[2022-11-06T02:24:23.692+0200] {logging_mixin.py:120} INFO - [2022-11-06T02:24:23.692+0200] {dag.py:3336} INFO - Setting next_dagrun for example_trigger_target_dag to None, run_after=None
[2022-11-06T02:24:23.710+0200] {processor.py:176} INFO - Processing /Users/mnagy99/opt/anaconda3/envs/airflow-env/lib/python3.8/site-packages/airflow/example_dags/example_trigger_target_dag.py took 0.591 seconds
[2022-11-06T02:26:38.906+0200] {processor.py:154} INFO - Started process (PID=3562) to work on /Users/mnagy99/opt/anaconda3/envs/airflow-env/lib/python3.8/site-packages/airflow/example_dags/example_trigger_target_dag.py
[2022-11-06T02:26:38.909+0200] {processor.py:756} INFO - Processing file /Users/mnagy99/opt/anaconda3/envs/airflow-env/lib/python3.8/site-packages/airflow/example_dags/example_trigger_target_dag.py for tasks to queue
[2022-11-06T02:26:38.909+0200] {logging_mixin.py:120} INFO - [2022-11-06T02:26:38.909+0200] {dagbag.py:537} INFO - Filling up the DagBag from /Users/mnagy99/opt/anaconda3/envs/airflow-env/lib/python3.8/site-packages/airflow/example_dags/example_trigger_target_dag.py
[2022-11-06T02:26:38.953+0200] {processor.py:766} INFO - DAG(s) dict_keys(['example_trigger_target_dag']) retrieved from /Users/mnagy99/opt/anaconda3/envs/airflow-env/lib/python3.8/site-packages/airflow/example_dags/example_trigger_target_dag.py
[2022-11-06T02:26:39.427+0200] {logging_mixin.py:120} INFO - [2022-11-06T02:26:39.427+0200] {dag.py:2585} INFO - Sync 1 DAGs
[2022-11-06T02:26:39.441+0200] {logging_mixin.py:120} INFO - [2022-11-06T02:26:39.441+0200] {dag.py:3336} INFO - Setting next_dagrun for example_trigger_target_dag to None, run_after=None
[2022-11-06T02:26:39.460+0200] {processor.py:176} INFO - Processing /Users/mnagy99/opt/anaconda3/envs/airflow-env/lib/python3.8/site-packages/airflow/example_dags/example_trigger_target_dag.py took 0.554 seconds
[2022-11-06T02:28:49.220+0200] {processor.py:154} INFO - Started process (PID=3700) to work on /Users/mnagy99/opt/anaconda3/envs/airflow-env/lib/python3.8/site-packages/airflow/example_dags/example_trigger_target_dag.py
[2022-11-06T02:28:49.220+0200] {processor.py:756} INFO - Processing file /Users/mnagy99/opt/anaconda3/envs/airflow-env/lib/python3.8/site-packages/airflow/example_dags/example_trigger_target_dag.py for tasks to queue
[2022-11-06T02:28:49.221+0200] {logging_mixin.py:120} INFO - [2022-11-06T02:28:49.221+0200] {dagbag.py:537} INFO - Filling up the DagBag from /Users/mnagy99/opt/anaconda3/envs/airflow-env/lib/python3.8/site-packages/airflow/example_dags/example_trigger_target_dag.py
[2022-11-06T02:28:49.262+0200] {processor.py:766} INFO - DAG(s) dict_keys(['example_trigger_target_dag']) retrieved from /Users/mnagy99/opt/anaconda3/envs/airflow-env/lib/python3.8/site-packages/airflow/example_dags/example_trigger_target_dag.py
[2022-11-06T02:28:49.706+0200] {logging_mixin.py:120} INFO - [2022-11-06T02:28:49.706+0200] {dag.py:2585} INFO - Sync 1 DAGs
[2022-11-06T02:28:49.720+0200] {logging_mixin.py:120} INFO - [2022-11-06T02:28:49.720+0200] {dag.py:3336} INFO - Setting next_dagrun for example_trigger_target_dag to None, run_after=None
[2022-11-06T02:28:49.737+0200] {processor.py:176} INFO - Processing /Users/mnagy99/opt/anaconda3/envs/airflow-env/lib/python3.8/site-packages/airflow/example_dags/example_trigger_target_dag.py took 0.518 seconds
[2022-11-06T02:30:59.836+0200] {processor.py:154} INFO - Started process (PID=3851) to work on /Users/mnagy99/opt/anaconda3/envs/airflow-env/lib/python3.8/site-packages/airflow/example_dags/example_trigger_target_dag.py
[2022-11-06T02:30:59.837+0200] {processor.py:756} INFO - Processing file /Users/mnagy99/opt/anaconda3/envs/airflow-env/lib/python3.8/site-packages/airflow/example_dags/example_trigger_target_dag.py for tasks to queue
[2022-11-06T02:30:59.838+0200] {logging_mixin.py:120} INFO - [2022-11-06T02:30:59.838+0200] {dagbag.py:537} INFO - Filling up the DagBag from /Users/mnagy99/opt/anaconda3/envs/airflow-env/lib/python3.8/site-packages/airflow/example_dags/example_trigger_target_dag.py
[2022-11-06T02:30:59.878+0200] {processor.py:766} INFO - DAG(s) dict_keys(['example_trigger_target_dag']) retrieved from /Users/mnagy99/opt/anaconda3/envs/airflow-env/lib/python3.8/site-packages/airflow/example_dags/example_trigger_target_dag.py
[2022-11-06T02:31:00.305+0200] {logging_mixin.py:120} INFO - [2022-11-06T02:31:00.304+0200] {dag.py:2585} INFO - Sync 1 DAGs
[2022-11-06T02:31:00.318+0200] {logging_mixin.py:120} INFO - [2022-11-06T02:31:00.318+0200] {dag.py:3336} INFO - Setting next_dagrun for example_trigger_target_dag to None, run_after=None
[2022-11-06T02:31:00.339+0200] {processor.py:176} INFO - Processing /Users/mnagy99/opt/anaconda3/envs/airflow-env/lib/python3.8/site-packages/airflow/example_dags/example_trigger_target_dag.py took 0.504 seconds
[2022-11-06T02:33:13.287+0200] {processor.py:154} INFO - Started process (PID=4005) to work on /Users/mnagy99/opt/anaconda3/envs/airflow-env/lib/python3.8/site-packages/airflow/example_dags/example_trigger_target_dag.py
[2022-11-06T02:33:13.289+0200] {processor.py:756} INFO - Processing file /Users/mnagy99/opt/anaconda3/envs/airflow-env/lib/python3.8/site-packages/airflow/example_dags/example_trigger_target_dag.py for tasks to queue
[2022-11-06T02:33:13.289+0200] {logging_mixin.py:120} INFO - [2022-11-06T02:33:13.289+0200] {dagbag.py:537} INFO - Filling up the DagBag from /Users/mnagy99/opt/anaconda3/envs/airflow-env/lib/python3.8/site-packages/airflow/example_dags/example_trigger_target_dag.py
[2022-11-06T02:33:13.332+0200] {processor.py:766} INFO - DAG(s) dict_keys(['example_trigger_target_dag']) retrieved from /Users/mnagy99/opt/anaconda3/envs/airflow-env/lib/python3.8/site-packages/airflow/example_dags/example_trigger_target_dag.py
[2022-11-06T02:33:13.759+0200] {logging_mixin.py:120} INFO - [2022-11-06T02:33:13.758+0200] {dag.py:2585} INFO - Sync 1 DAGs
[2022-11-06T02:33:13.772+0200] {logging_mixin.py:120} INFO - [2022-11-06T02:33:13.772+0200] {dag.py:3336} INFO - Setting next_dagrun for example_trigger_target_dag to None, run_after=None
[2022-11-06T02:33:13.793+0200] {processor.py:176} INFO - Processing /Users/mnagy99/opt/anaconda3/envs/airflow-env/lib/python3.8/site-packages/airflow/example_dags/example_trigger_target_dag.py took 0.506 seconds
[2022-11-06T02:35:22.469+0200] {processor.py:154} INFO - Started process (PID=4154) to work on /Users/mnagy99/opt/anaconda3/envs/airflow-env/lib/python3.8/site-packages/airflow/example_dags/example_trigger_target_dag.py
[2022-11-06T02:35:22.471+0200] {processor.py:756} INFO - Processing file /Users/mnagy99/opt/anaconda3/envs/airflow-env/lib/python3.8/site-packages/airflow/example_dags/example_trigger_target_dag.py for tasks to queue
[2022-11-06T02:35:22.472+0200] {logging_mixin.py:120} INFO - [2022-11-06T02:35:22.472+0200] {dagbag.py:537} INFO - Filling up the DagBag from /Users/mnagy99/opt/anaconda3/envs/airflow-env/lib/python3.8/site-packages/airflow/example_dags/example_trigger_target_dag.py
[2022-11-06T02:35:22.515+0200] {processor.py:766} INFO - DAG(s) dict_keys(['example_trigger_target_dag']) retrieved from /Users/mnagy99/opt/anaconda3/envs/airflow-env/lib/python3.8/site-packages/airflow/example_dags/example_trigger_target_dag.py
[2022-11-06T02:35:22.963+0200] {logging_mixin.py:120} INFO - [2022-11-06T02:35:22.962+0200] {dag.py:2585} INFO - Sync 1 DAGs
[2022-11-06T02:35:22.978+0200] {logging_mixin.py:120} INFO - [2022-11-06T02:35:22.978+0200] {dag.py:3336} INFO - Setting next_dagrun for example_trigger_target_dag to None, run_after=None
[2022-11-06T02:35:22.998+0200] {processor.py:176} INFO - Processing /Users/mnagy99/opt/anaconda3/envs/airflow-env/lib/python3.8/site-packages/airflow/example_dags/example_trigger_target_dag.py took 0.530 seconds
[2022-11-06T02:37:34.070+0200] {processor.py:154} INFO - Started process (PID=4289) to work on /Users/mnagy99/opt/anaconda3/envs/airflow-env/lib/python3.8/site-packages/airflow/example_dags/example_trigger_target_dag.py
[2022-11-06T02:37:34.072+0200] {processor.py:756} INFO - Processing file /Users/mnagy99/opt/anaconda3/envs/airflow-env/lib/python3.8/site-packages/airflow/example_dags/example_trigger_target_dag.py for tasks to queue
[2022-11-06T02:37:34.072+0200] {logging_mixin.py:120} INFO - [2022-11-06T02:37:34.072+0200] {dagbag.py:537} INFO - Filling up the DagBag from /Users/mnagy99/opt/anaconda3/envs/airflow-env/lib/python3.8/site-packages/airflow/example_dags/example_trigger_target_dag.py
[2022-11-06T02:37:34.115+0200] {processor.py:766} INFO - DAG(s) dict_keys(['example_trigger_target_dag']) retrieved from /Users/mnagy99/opt/anaconda3/envs/airflow-env/lib/python3.8/site-packages/airflow/example_dags/example_trigger_target_dag.py
[2022-11-06T02:37:34.535+0200] {logging_mixin.py:120} INFO - [2022-11-06T02:37:34.535+0200] {dag.py:2585} INFO - Sync 1 DAGs
[2022-11-06T02:37:34.549+0200] {logging_mixin.py:120} INFO - [2022-11-06T02:37:34.549+0200] {dag.py:3336} INFO - Setting next_dagrun for example_trigger_target_dag to None, run_after=None
[2022-11-06T02:37:34.569+0200] {processor.py:176} INFO - Processing /Users/mnagy99/opt/anaconda3/envs/airflow-env/lib/python3.8/site-packages/airflow/example_dags/example_trigger_target_dag.py took 0.499 seconds
[2022-11-06T02:39:44.440+0200] {processor.py:154} INFO - Started process (PID=4418) to work on /Users/mnagy99/opt/anaconda3/envs/airflow-env/lib/python3.8/site-packages/airflow/example_dags/example_trigger_target_dag.py
[2022-11-06T02:39:44.442+0200] {processor.py:756} INFO - Processing file /Users/mnagy99/opt/anaconda3/envs/airflow-env/lib/python3.8/site-packages/airflow/example_dags/example_trigger_target_dag.py for tasks to queue
[2022-11-06T02:39:44.443+0200] {logging_mixin.py:120} INFO - [2022-11-06T02:39:44.443+0200] {dagbag.py:537} INFO - Filling up the DagBag from /Users/mnagy99/opt/anaconda3/envs/airflow-env/lib/python3.8/site-packages/airflow/example_dags/example_trigger_target_dag.py
[2022-11-06T02:39:44.487+0200] {processor.py:766} INFO - DAG(s) dict_keys(['example_trigger_target_dag']) retrieved from /Users/mnagy99/opt/anaconda3/envs/airflow-env/lib/python3.8/site-packages/airflow/example_dags/example_trigger_target_dag.py
[2022-11-06T02:39:45.070+0200] {logging_mixin.py:120} INFO - [2022-11-06T02:39:45.070+0200] {dag.py:2585} INFO - Sync 1 DAGs
[2022-11-06T02:39:45.093+0200] {logging_mixin.py:120} INFO - [2022-11-06T02:39:45.092+0200] {dag.py:3336} INFO - Setting next_dagrun for example_trigger_target_dag to None, run_after=None
[2022-11-06T02:39:45.115+0200] {processor.py:176} INFO - Processing /Users/mnagy99/opt/anaconda3/envs/airflow-env/lib/python3.8/site-packages/airflow/example_dags/example_trigger_target_dag.py took 0.676 seconds
[2022-11-06T02:42:10.227+0200] {processor.py:154} INFO - Started process (PID=4592) to work on /Users/mnagy99/opt/anaconda3/envs/airflow-env/lib/python3.8/site-packages/airflow/example_dags/example_trigger_target_dag.py
[2022-11-06T02:42:10.229+0200] {processor.py:756} INFO - Processing file /Users/mnagy99/opt/anaconda3/envs/airflow-env/lib/python3.8/site-packages/airflow/example_dags/example_trigger_target_dag.py for tasks to queue
[2022-11-06T02:42:10.230+0200] {logging_mixin.py:120} INFO - [2022-11-06T02:42:10.230+0200] {dagbag.py:537} INFO - Filling up the DagBag from /Users/mnagy99/opt/anaconda3/envs/airflow-env/lib/python3.8/site-packages/airflow/example_dags/example_trigger_target_dag.py
[2022-11-06T02:42:10.307+0200] {processor.py:766} INFO - DAG(s) dict_keys(['example_trigger_target_dag']) retrieved from /Users/mnagy99/opt/anaconda3/envs/airflow-env/lib/python3.8/site-packages/airflow/example_dags/example_trigger_target_dag.py
[2022-11-06T02:42:10.805+0200] {logging_mixin.py:120} INFO - [2022-11-06T02:42:10.805+0200] {dag.py:2585} INFO - Sync 1 DAGs
[2022-11-06T02:42:10.821+0200] {logging_mixin.py:120} INFO - [2022-11-06T02:42:10.821+0200] {dag.py:3336} INFO - Setting next_dagrun for example_trigger_target_dag to None, run_after=None
[2022-11-06T02:42:10.844+0200] {processor.py:176} INFO - Processing /Users/mnagy99/opt/anaconda3/envs/airflow-env/lib/python3.8/site-packages/airflow/example_dags/example_trigger_target_dag.py took 0.618 seconds
[2022-11-06T02:44:36.362+0200] {processor.py:154} INFO - Started process (PID=4726) to work on /Users/mnagy99/opt/anaconda3/envs/airflow-env/lib/python3.8/site-packages/airflow/example_dags/example_trigger_target_dag.py
[2022-11-06T02:44:36.364+0200] {processor.py:756} INFO - Processing file /Users/mnagy99/opt/anaconda3/envs/airflow-env/lib/python3.8/site-packages/airflow/example_dags/example_trigger_target_dag.py for tasks to queue
[2022-11-06T02:44:36.364+0200] {logging_mixin.py:120} INFO - [2022-11-06T02:44:36.364+0200] {dagbag.py:537} INFO - Filling up the DagBag from /Users/mnagy99/opt/anaconda3/envs/airflow-env/lib/python3.8/site-packages/airflow/example_dags/example_trigger_target_dag.py
[2022-11-06T02:44:36.547+0200] {processor.py:766} INFO - DAG(s) dict_keys(['example_trigger_target_dag']) retrieved from /Users/mnagy99/opt/anaconda3/envs/airflow-env/lib/python3.8/site-packages/airflow/example_dags/example_trigger_target_dag.py
[2022-11-06T02:44:37.108+0200] {logging_mixin.py:120} INFO - [2022-11-06T02:44:37.108+0200] {dag.py:2585} INFO - Sync 1 DAGs
[2022-11-06T02:44:37.122+0200] {logging_mixin.py:120} INFO - [2022-11-06T02:44:37.122+0200] {dag.py:3336} INFO - Setting next_dagrun for example_trigger_target_dag to None, run_after=None
[2022-11-06T02:44:37.141+0200] {processor.py:176} INFO - Processing /Users/mnagy99/opt/anaconda3/envs/airflow-env/lib/python3.8/site-packages/airflow/example_dags/example_trigger_target_dag.py took 0.783 seconds
[2022-11-06T02:46:50.701+0200] {processor.py:154} INFO - Started process (PID=4866) to work on /Users/mnagy99/opt/anaconda3/envs/airflow-env/lib/python3.8/site-packages/airflow/example_dags/example_trigger_target_dag.py
[2022-11-06T02:46:50.703+0200] {processor.py:756} INFO - Processing file /Users/mnagy99/opt/anaconda3/envs/airflow-env/lib/python3.8/site-packages/airflow/example_dags/example_trigger_target_dag.py for tasks to queue
[2022-11-06T02:46:50.704+0200] {logging_mixin.py:120} INFO - [2022-11-06T02:46:50.704+0200] {dagbag.py:537} INFO - Filling up the DagBag from /Users/mnagy99/opt/anaconda3/envs/airflow-env/lib/python3.8/site-packages/airflow/example_dags/example_trigger_target_dag.py
[2022-11-06T02:46:50.745+0200] {processor.py:766} INFO - DAG(s) dict_keys(['example_trigger_target_dag']) retrieved from /Users/mnagy99/opt/anaconda3/envs/airflow-env/lib/python3.8/site-packages/airflow/example_dags/example_trigger_target_dag.py
[2022-11-06T02:46:51.166+0200] {logging_mixin.py:120} INFO - [2022-11-06T02:46:51.165+0200] {dag.py:2585} INFO - Sync 1 DAGs
[2022-11-06T02:46:51.179+0200] {logging_mixin.py:120} INFO - [2022-11-06T02:46:51.179+0200] {dag.py:3336} INFO - Setting next_dagrun for example_trigger_target_dag to None, run_after=None
[2022-11-06T02:46:51.196+0200] {processor.py:176} INFO - Processing /Users/mnagy99/opt/anaconda3/envs/airflow-env/lib/python3.8/site-packages/airflow/example_dags/example_trigger_target_dag.py took 0.496 seconds
[2022-11-06T02:48:58.157+0200] {processor.py:154} INFO - Started process (PID=4993) to work on /Users/mnagy99/opt/anaconda3/envs/airflow-env/lib/python3.8/site-packages/airflow/example_dags/example_trigger_target_dag.py
[2022-11-06T02:48:58.160+0200] {processor.py:756} INFO - Processing file /Users/mnagy99/opt/anaconda3/envs/airflow-env/lib/python3.8/site-packages/airflow/example_dags/example_trigger_target_dag.py for tasks to queue
[2022-11-06T02:48:58.160+0200] {logging_mixin.py:120} INFO - [2022-11-06T02:48:58.160+0200] {dagbag.py:537} INFO - Filling up the DagBag from /Users/mnagy99/opt/anaconda3/envs/airflow-env/lib/python3.8/site-packages/airflow/example_dags/example_trigger_target_dag.py
[2022-11-06T02:48:58.209+0200] {processor.py:766} INFO - DAG(s) dict_keys(['example_trigger_target_dag']) retrieved from /Users/mnagy99/opt/anaconda3/envs/airflow-env/lib/python3.8/site-packages/airflow/example_dags/example_trigger_target_dag.py
[2022-11-06T02:48:58.877+0200] {logging_mixin.py:120} INFO - [2022-11-06T02:48:58.877+0200] {dag.py:2585} INFO - Sync 1 DAGs
[2022-11-06T02:48:58.902+0200] {logging_mixin.py:120} INFO - [2022-11-06T02:48:58.901+0200] {dag.py:3336} INFO - Setting next_dagrun for example_trigger_target_dag to None, run_after=None
[2022-11-06T02:48:58.931+0200] {processor.py:176} INFO - Processing /Users/mnagy99/opt/anaconda3/envs/airflow-env/lib/python3.8/site-packages/airflow/example_dags/example_trigger_target_dag.py took 0.775 seconds
[2022-11-06T02:51:03.179+0200] {processor.py:154} INFO - Started process (PID=5115) to work on /Users/mnagy99/opt/anaconda3/envs/airflow-env/lib/python3.8/site-packages/airflow/example_dags/example_trigger_target_dag.py
[2022-11-06T02:51:03.181+0200] {processor.py:756} INFO - Processing file /Users/mnagy99/opt/anaconda3/envs/airflow-env/lib/python3.8/site-packages/airflow/example_dags/example_trigger_target_dag.py for tasks to queue
[2022-11-06T02:51:03.182+0200] {logging_mixin.py:120} INFO - [2022-11-06T02:51:03.182+0200] {dagbag.py:537} INFO - Filling up the DagBag from /Users/mnagy99/opt/anaconda3/envs/airflow-env/lib/python3.8/site-packages/airflow/example_dags/example_trigger_target_dag.py
[2022-11-06T02:51:03.223+0200] {processor.py:766} INFO - DAG(s) dict_keys(['example_trigger_target_dag']) retrieved from /Users/mnagy99/opt/anaconda3/envs/airflow-env/lib/python3.8/site-packages/airflow/example_dags/example_trigger_target_dag.py
[2022-11-06T02:51:03.662+0200] {logging_mixin.py:120} INFO - [2022-11-06T02:51:03.661+0200] {dag.py:2585} INFO - Sync 1 DAGs
[2022-11-06T02:51:03.683+0200] {logging_mixin.py:120} INFO - [2022-11-06T02:51:03.683+0200] {dag.py:3336} INFO - Setting next_dagrun for example_trigger_target_dag to None, run_after=None
[2022-11-06T02:51:03.703+0200] {processor.py:176} INFO - Processing /Users/mnagy99/opt/anaconda3/envs/airflow-env/lib/python3.8/site-packages/airflow/example_dags/example_trigger_target_dag.py took 0.524 seconds
[2022-11-06T02:53:09.433+0200] {processor.py:154} INFO - Started process (PID=5243) to work on /Users/mnagy99/opt/anaconda3/envs/airflow-env/lib/python3.8/site-packages/airflow/example_dags/example_trigger_target_dag.py
[2022-11-06T02:53:09.436+0200] {processor.py:756} INFO - Processing file /Users/mnagy99/opt/anaconda3/envs/airflow-env/lib/python3.8/site-packages/airflow/example_dags/example_trigger_target_dag.py for tasks to queue
[2022-11-06T02:53:09.437+0200] {logging_mixin.py:120} INFO - [2022-11-06T02:53:09.436+0200] {dagbag.py:537} INFO - Filling up the DagBag from /Users/mnagy99/opt/anaconda3/envs/airflow-env/lib/python3.8/site-packages/airflow/example_dags/example_trigger_target_dag.py
[2022-11-06T02:53:09.481+0200] {processor.py:766} INFO - DAG(s) dict_keys(['example_trigger_target_dag']) retrieved from /Users/mnagy99/opt/anaconda3/envs/airflow-env/lib/python3.8/site-packages/airflow/example_dags/example_trigger_target_dag.py
[2022-11-06T02:53:09.908+0200] {logging_mixin.py:120} INFO - [2022-11-06T02:53:09.907+0200] {dag.py:2585} INFO - Sync 1 DAGs
[2022-11-06T02:53:09.921+0200] {logging_mixin.py:120} INFO - [2022-11-06T02:53:09.921+0200] {dag.py:3336} INFO - Setting next_dagrun for example_trigger_target_dag to None, run_after=None
[2022-11-06T02:53:09.942+0200] {processor.py:176} INFO - Processing /Users/mnagy99/opt/anaconda3/envs/airflow-env/lib/python3.8/site-packages/airflow/example_dags/example_trigger_target_dag.py took 0.510 seconds
[2022-11-06T02:55:19.071+0200] {processor.py:154} INFO - Started process (PID=5369) to work on /Users/mnagy99/opt/anaconda3/envs/airflow-env/lib/python3.8/site-packages/airflow/example_dags/example_trigger_target_dag.py
[2022-11-06T02:55:19.073+0200] {processor.py:756} INFO - Processing file /Users/mnagy99/opt/anaconda3/envs/airflow-env/lib/python3.8/site-packages/airflow/example_dags/example_trigger_target_dag.py for tasks to queue
[2022-11-06T02:55:19.074+0200] {logging_mixin.py:120} INFO - [2022-11-06T02:55:19.074+0200] {dagbag.py:537} INFO - Filling up the DagBag from /Users/mnagy99/opt/anaconda3/envs/airflow-env/lib/python3.8/site-packages/airflow/example_dags/example_trigger_target_dag.py
[2022-11-06T02:55:19.121+0200] {processor.py:766} INFO - DAG(s) dict_keys(['example_trigger_target_dag']) retrieved from /Users/mnagy99/opt/anaconda3/envs/airflow-env/lib/python3.8/site-packages/airflow/example_dags/example_trigger_target_dag.py
[2022-11-06T02:55:19.572+0200] {logging_mixin.py:120} INFO - [2022-11-06T02:55:19.571+0200] {dag.py:2585} INFO - Sync 1 DAGs
[2022-11-06T02:55:19.585+0200] {logging_mixin.py:120} INFO - [2022-11-06T02:55:19.585+0200] {dag.py:3336} INFO - Setting next_dagrun for example_trigger_target_dag to None, run_after=None
[2022-11-06T02:55:19.603+0200] {processor.py:176} INFO - Processing /Users/mnagy99/opt/anaconda3/envs/airflow-env/lib/python3.8/site-packages/airflow/example_dags/example_trigger_target_dag.py took 0.533 seconds
[2022-11-06T02:57:34.679+0200] {processor.py:154} INFO - Started process (PID=5513) to work on /Users/mnagy99/opt/anaconda3/envs/airflow-env/lib/python3.8/site-packages/airflow/example_dags/example_trigger_target_dag.py
[2022-11-06T02:57:34.681+0200] {processor.py:756} INFO - Processing file /Users/mnagy99/opt/anaconda3/envs/airflow-env/lib/python3.8/site-packages/airflow/example_dags/example_trigger_target_dag.py for tasks to queue
[2022-11-06T02:57:34.682+0200] {logging_mixin.py:120} INFO - [2022-11-06T02:57:34.682+0200] {dagbag.py:537} INFO - Filling up the DagBag from /Users/mnagy99/opt/anaconda3/envs/airflow-env/lib/python3.8/site-packages/airflow/example_dags/example_trigger_target_dag.py
[2022-11-06T02:57:34.728+0200] {processor.py:766} INFO - DAG(s) dict_keys(['example_trigger_target_dag']) retrieved from /Users/mnagy99/opt/anaconda3/envs/airflow-env/lib/python3.8/site-packages/airflow/example_dags/example_trigger_target_dag.py
[2022-11-06T02:57:35.160+0200] {logging_mixin.py:120} INFO - [2022-11-06T02:57:35.160+0200] {dag.py:2585} INFO - Sync 1 DAGs
[2022-11-06T02:57:35.178+0200] {logging_mixin.py:120} INFO - [2022-11-06T02:57:35.178+0200] {dag.py:3336} INFO - Setting next_dagrun for example_trigger_target_dag to None, run_after=None
[2022-11-06T02:57:35.200+0200] {processor.py:176} INFO - Processing /Users/mnagy99/opt/anaconda3/envs/airflow-env/lib/python3.8/site-packages/airflow/example_dags/example_trigger_target_dag.py took 0.522 seconds
[2022-11-06T02:59:53.005+0200] {processor.py:154} INFO - Started process (PID=5650) to work on /Users/mnagy99/opt/anaconda3/envs/airflow-env/lib/python3.8/site-packages/airflow/example_dags/example_trigger_target_dag.py
[2022-11-06T02:59:53.007+0200] {processor.py:756} INFO - Processing file /Users/mnagy99/opt/anaconda3/envs/airflow-env/lib/python3.8/site-packages/airflow/example_dags/example_trigger_target_dag.py for tasks to queue
[2022-11-06T02:59:53.008+0200] {logging_mixin.py:120} INFO - [2022-11-06T02:59:53.008+0200] {dagbag.py:537} INFO - Filling up the DagBag from /Users/mnagy99/opt/anaconda3/envs/airflow-env/lib/python3.8/site-packages/airflow/example_dags/example_trigger_target_dag.py
[2022-11-06T02:59:53.055+0200] {processor.py:766} INFO - DAG(s) dict_keys(['example_trigger_target_dag']) retrieved from /Users/mnagy99/opt/anaconda3/envs/airflow-env/lib/python3.8/site-packages/airflow/example_dags/example_trigger_target_dag.py
[2022-11-06T02:59:53.490+0200] {logging_mixin.py:120} INFO - [2022-11-06T02:59:53.490+0200] {dag.py:2585} INFO - Sync 1 DAGs
[2022-11-06T02:59:53.505+0200] {logging_mixin.py:120} INFO - [2022-11-06T02:59:53.505+0200] {dag.py:3336} INFO - Setting next_dagrun for example_trigger_target_dag to None, run_after=None
[2022-11-06T02:59:53.523+0200] {processor.py:176} INFO - Processing /Users/mnagy99/opt/anaconda3/envs/airflow-env/lib/python3.8/site-packages/airflow/example_dags/example_trigger_target_dag.py took 0.519 seconds
[2022-11-06T03:02:38.410+0200] {processor.py:154} INFO - Started process (PID=5797) to work on /Users/mnagy99/opt/anaconda3/envs/airflow-env/lib/python3.8/site-packages/airflow/example_dags/example_trigger_target_dag.py
[2022-11-06T03:02:38.413+0200] {processor.py:756} INFO - Processing file /Users/mnagy99/opt/anaconda3/envs/airflow-env/lib/python3.8/site-packages/airflow/example_dags/example_trigger_target_dag.py for tasks to queue
[2022-11-06T03:02:38.414+0200] {logging_mixin.py:120} INFO - [2022-11-06T03:02:38.413+0200] {dagbag.py:537} INFO - Filling up the DagBag from /Users/mnagy99/opt/anaconda3/envs/airflow-env/lib/python3.8/site-packages/airflow/example_dags/example_trigger_target_dag.py
[2022-11-06T03:02:38.458+0200] {processor.py:766} INFO - DAG(s) dict_keys(['example_trigger_target_dag']) retrieved from /Users/mnagy99/opt/anaconda3/envs/airflow-env/lib/python3.8/site-packages/airflow/example_dags/example_trigger_target_dag.py
[2022-11-06T03:02:38.955+0200] {logging_mixin.py:120} INFO - [2022-11-06T03:02:38.955+0200] {dag.py:2585} INFO - Sync 1 DAGs
[2022-11-06T03:02:38.972+0200] {logging_mixin.py:120} INFO - [2022-11-06T03:02:38.972+0200] {dag.py:3336} INFO - Setting next_dagrun for example_trigger_target_dag to None, run_after=None
[2022-11-06T03:02:38.993+0200] {processor.py:176} INFO - Processing /Users/mnagy99/opt/anaconda3/envs/airflow-env/lib/python3.8/site-packages/airflow/example_dags/example_trigger_target_dag.py took 0.583 seconds
[2022-11-06T03:04:57.957+0200] {processor.py:154} INFO - Started process (PID=5928) to work on /Users/mnagy99/opt/anaconda3/envs/airflow-env/lib/python3.8/site-packages/airflow/example_dags/example_trigger_target_dag.py
[2022-11-06T03:04:57.960+0200] {processor.py:756} INFO - Processing file /Users/mnagy99/opt/anaconda3/envs/airflow-env/lib/python3.8/site-packages/airflow/example_dags/example_trigger_target_dag.py for tasks to queue
[2022-11-06T03:04:57.960+0200] {logging_mixin.py:120} INFO - [2022-11-06T03:04:57.960+0200] {dagbag.py:537} INFO - Filling up the DagBag from /Users/mnagy99/opt/anaconda3/envs/airflow-env/lib/python3.8/site-packages/airflow/example_dags/example_trigger_target_dag.py
[2022-11-06T03:04:58.004+0200] {processor.py:766} INFO - DAG(s) dict_keys(['example_trigger_target_dag']) retrieved from /Users/mnagy99/opt/anaconda3/envs/airflow-env/lib/python3.8/site-packages/airflow/example_dags/example_trigger_target_dag.py
[2022-11-06T03:04:58.422+0200] {logging_mixin.py:120} INFO - [2022-11-06T03:04:58.421+0200] {dag.py:2585} INFO - Sync 1 DAGs
[2022-11-06T03:04:58.435+0200] {logging_mixin.py:120} INFO - [2022-11-06T03:04:58.435+0200] {dag.py:3336} INFO - Setting next_dagrun for example_trigger_target_dag to None, run_after=None
[2022-11-06T03:04:58.453+0200] {processor.py:176} INFO - Processing /Users/mnagy99/opt/anaconda3/envs/airflow-env/lib/python3.8/site-packages/airflow/example_dags/example_trigger_target_dag.py took 0.496 seconds
[2022-11-06T03:07:17.200+0200] {processor.py:154} INFO - Started process (PID=6064) to work on /Users/mnagy99/opt/anaconda3/envs/airflow-env/lib/python3.8/site-packages/airflow/example_dags/example_trigger_target_dag.py
[2022-11-06T03:07:17.203+0200] {processor.py:756} INFO - Processing file /Users/mnagy99/opt/anaconda3/envs/airflow-env/lib/python3.8/site-packages/airflow/example_dags/example_trigger_target_dag.py for tasks to queue
[2022-11-06T03:07:17.203+0200] {logging_mixin.py:120} INFO - [2022-11-06T03:07:17.203+0200] {dagbag.py:537} INFO - Filling up the DagBag from /Users/mnagy99/opt/anaconda3/envs/airflow-env/lib/python3.8/site-packages/airflow/example_dags/example_trigger_target_dag.py
[2022-11-06T03:07:17.242+0200] {processor.py:766} INFO - DAG(s) dict_keys(['example_trigger_target_dag']) retrieved from /Users/mnagy99/opt/anaconda3/envs/airflow-env/lib/python3.8/site-packages/airflow/example_dags/example_trigger_target_dag.py
[2022-11-06T03:07:17.703+0200] {logging_mixin.py:120} INFO - [2022-11-06T03:07:17.703+0200] {dag.py:2585} INFO - Sync 1 DAGs
[2022-11-06T03:07:17.718+0200] {logging_mixin.py:120} INFO - [2022-11-06T03:07:17.718+0200] {dag.py:3336} INFO - Setting next_dagrun for example_trigger_target_dag to None, run_after=None
[2022-11-06T03:07:17.738+0200] {processor.py:176} INFO - Processing /Users/mnagy99/opt/anaconda3/envs/airflow-env/lib/python3.8/site-packages/airflow/example_dags/example_trigger_target_dag.py took 0.538 seconds
[2022-11-06T03:09:21.708+0200] {processor.py:154} INFO - Started process (PID=6188) to work on /Users/mnagy99/opt/anaconda3/envs/airflow-env/lib/python3.8/site-packages/airflow/example_dags/example_trigger_target_dag.py
[2022-11-06T03:09:21.710+0200] {processor.py:756} INFO - Processing file /Users/mnagy99/opt/anaconda3/envs/airflow-env/lib/python3.8/site-packages/airflow/example_dags/example_trigger_target_dag.py for tasks to queue
[2022-11-06T03:09:21.711+0200] {logging_mixin.py:120} INFO - [2022-11-06T03:09:21.711+0200] {dagbag.py:537} INFO - Filling up the DagBag from /Users/mnagy99/opt/anaconda3/envs/airflow-env/lib/python3.8/site-packages/airflow/example_dags/example_trigger_target_dag.py
[2022-11-06T03:09:21.752+0200] {processor.py:766} INFO - DAG(s) dict_keys(['example_trigger_target_dag']) retrieved from /Users/mnagy99/opt/anaconda3/envs/airflow-env/lib/python3.8/site-packages/airflow/example_dags/example_trigger_target_dag.py
[2022-11-06T03:09:22.334+0200] {logging_mixin.py:120} INFO - [2022-11-06T03:09:22.334+0200] {dag.py:2585} INFO - Sync 1 DAGs
[2022-11-06T03:09:22.365+0200] {logging_mixin.py:120} INFO - [2022-11-06T03:09:22.365+0200] {dag.py:3336} INFO - Setting next_dagrun for example_trigger_target_dag to None, run_after=None
[2022-11-06T03:09:22.394+0200] {processor.py:176} INFO - Processing /Users/mnagy99/opt/anaconda3/envs/airflow-env/lib/python3.8/site-packages/airflow/example_dags/example_trigger_target_dag.py took 0.686 seconds
[2022-11-06T03:11:25.657+0200] {processor.py:154} INFO - Started process (PID=6324) to work on /Users/mnagy99/opt/anaconda3/envs/airflow-env/lib/python3.8/site-packages/airflow/example_dags/example_trigger_target_dag.py
[2022-11-06T03:11:25.660+0200] {processor.py:756} INFO - Processing file /Users/mnagy99/opt/anaconda3/envs/airflow-env/lib/python3.8/site-packages/airflow/example_dags/example_trigger_target_dag.py for tasks to queue
[2022-11-06T03:11:25.660+0200] {logging_mixin.py:120} INFO - [2022-11-06T03:11:25.660+0200] {dagbag.py:537} INFO - Filling up the DagBag from /Users/mnagy99/opt/anaconda3/envs/airflow-env/lib/python3.8/site-packages/airflow/example_dags/example_trigger_target_dag.py
[2022-11-06T03:11:25.702+0200] {processor.py:766} INFO - DAG(s) dict_keys(['example_trigger_target_dag']) retrieved from /Users/mnagy99/opt/anaconda3/envs/airflow-env/lib/python3.8/site-packages/airflow/example_dags/example_trigger_target_dag.py
[2022-11-06T03:11:26.158+0200] {logging_mixin.py:120} INFO - [2022-11-06T03:11:26.158+0200] {dag.py:2585} INFO - Sync 1 DAGs
[2022-11-06T03:11:26.171+0200] {logging_mixin.py:120} INFO - [2022-11-06T03:11:26.171+0200] {dag.py:3336} INFO - Setting next_dagrun for example_trigger_target_dag to None, run_after=None
[2022-11-06T03:11:26.193+0200] {processor.py:176} INFO - Processing /Users/mnagy99/opt/anaconda3/envs/airflow-env/lib/python3.8/site-packages/airflow/example_dags/example_trigger_target_dag.py took 0.537 seconds
[2022-11-06T03:13:35.077+0200] {processor.py:154} INFO - Started process (PID=6455) to work on /Users/mnagy99/opt/anaconda3/envs/airflow-env/lib/python3.8/site-packages/airflow/example_dags/example_trigger_target_dag.py
[2022-11-06T03:13:35.080+0200] {processor.py:756} INFO - Processing file /Users/mnagy99/opt/anaconda3/envs/airflow-env/lib/python3.8/site-packages/airflow/example_dags/example_trigger_target_dag.py for tasks to queue
[2022-11-06T03:13:35.080+0200] {logging_mixin.py:120} INFO - [2022-11-06T03:13:35.080+0200] {dagbag.py:537} INFO - Filling up the DagBag from /Users/mnagy99/opt/anaconda3/envs/airflow-env/lib/python3.8/site-packages/airflow/example_dags/example_trigger_target_dag.py
[2022-11-06T03:13:35.121+0200] {processor.py:766} INFO - DAG(s) dict_keys(['example_trigger_target_dag']) retrieved from /Users/mnagy99/opt/anaconda3/envs/airflow-env/lib/python3.8/site-packages/airflow/example_dags/example_trigger_target_dag.py
[2022-11-06T03:13:35.561+0200] {logging_mixin.py:120} INFO - [2022-11-06T03:13:35.561+0200] {dag.py:2585} INFO - Sync 1 DAGs
[2022-11-06T03:13:35.577+0200] {logging_mixin.py:120} INFO - [2022-11-06T03:13:35.577+0200] {dag.py:3336} INFO - Setting next_dagrun for example_trigger_target_dag to None, run_after=None
[2022-11-06T03:13:35.595+0200] {processor.py:176} INFO - Processing /Users/mnagy99/opt/anaconda3/envs/airflow-env/lib/python3.8/site-packages/airflow/example_dags/example_trigger_target_dag.py took 0.519 seconds
[2022-11-06T03:15:34.491+0200] {processor.py:154} INFO - Started process (PID=6582) to work on /Users/mnagy99/opt/anaconda3/envs/airflow-env/lib/python3.8/site-packages/airflow/example_dags/example_trigger_target_dag.py
[2022-11-06T03:15:34.491+0200] {processor.py:756} INFO - Processing file /Users/mnagy99/opt/anaconda3/envs/airflow-env/lib/python3.8/site-packages/airflow/example_dags/example_trigger_target_dag.py for tasks to queue
[2022-11-06T03:15:34.492+0200] {logging_mixin.py:120} INFO - [2022-11-06T03:15:34.492+0200] {dagbag.py:537} INFO - Filling up the DagBag from /Users/mnagy99/opt/anaconda3/envs/airflow-env/lib/python3.8/site-packages/airflow/example_dags/example_trigger_target_dag.py
[2022-11-06T03:15:34.529+0200] {processor.py:766} INFO - DAG(s) dict_keys(['example_trigger_target_dag']) retrieved from /Users/mnagy99/opt/anaconda3/envs/airflow-env/lib/python3.8/site-packages/airflow/example_dags/example_trigger_target_dag.py
[2022-11-06T03:15:34.947+0200] {logging_mixin.py:120} INFO - [2022-11-06T03:15:34.947+0200] {dag.py:2585} INFO - Sync 1 DAGs
[2022-11-06T03:15:34.960+0200] {logging_mixin.py:120} INFO - [2022-11-06T03:15:34.960+0200] {dag.py:3336} INFO - Setting next_dagrun for example_trigger_target_dag to None, run_after=None
[2022-11-06T03:15:34.980+0200] {processor.py:176} INFO - Processing /Users/mnagy99/opt/anaconda3/envs/airflow-env/lib/python3.8/site-packages/airflow/example_dags/example_trigger_target_dag.py took 0.490 seconds
[2022-11-06T03:17:31.666+0200] {processor.py:154} INFO - Started process (PID=6716) to work on /Users/mnagy99/opt/anaconda3/envs/airflow-env/lib/python3.8/site-packages/airflow/example_dags/example_trigger_target_dag.py
[2022-11-06T03:17:31.669+0200] {processor.py:756} INFO - Processing file /Users/mnagy99/opt/anaconda3/envs/airflow-env/lib/python3.8/site-packages/airflow/example_dags/example_trigger_target_dag.py for tasks to queue
[2022-11-06T03:17:31.670+0200] {logging_mixin.py:120} INFO - [2022-11-06T03:17:31.669+0200] {dagbag.py:537} INFO - Filling up the DagBag from /Users/mnagy99/opt/anaconda3/envs/airflow-env/lib/python3.8/site-packages/airflow/example_dags/example_trigger_target_dag.py
[2022-11-06T03:17:31.711+0200] {processor.py:766} INFO - DAG(s) dict_keys(['example_trigger_target_dag']) retrieved from /Users/mnagy99/opt/anaconda3/envs/airflow-env/lib/python3.8/site-packages/airflow/example_dags/example_trigger_target_dag.py
[2022-11-06T03:17:32.132+0200] {logging_mixin.py:120} INFO - [2022-11-06T03:17:32.132+0200] {dag.py:2585} INFO - Sync 1 DAGs
[2022-11-06T03:17:32.145+0200] {logging_mixin.py:120} INFO - [2022-11-06T03:17:32.145+0200] {dag.py:3336} INFO - Setting next_dagrun for example_trigger_target_dag to None, run_after=None
[2022-11-06T03:17:32.164+0200] {processor.py:176} INFO - Processing /Users/mnagy99/opt/anaconda3/envs/airflow-env/lib/python3.8/site-packages/airflow/example_dags/example_trigger_target_dag.py took 0.498 seconds
[2022-11-06T03:19:29.623+0200] {processor.py:154} INFO - Started process (PID=6841) to work on /Users/mnagy99/opt/anaconda3/envs/airflow-env/lib/python3.8/site-packages/airflow/example_dags/example_trigger_target_dag.py
[2022-11-06T03:19:29.623+0200] {processor.py:756} INFO - Processing file /Users/mnagy99/opt/anaconda3/envs/airflow-env/lib/python3.8/site-packages/airflow/example_dags/example_trigger_target_dag.py for tasks to queue
[2022-11-06T03:19:29.624+0200] {logging_mixin.py:120} INFO - [2022-11-06T03:19:29.624+0200] {dagbag.py:537} INFO - Filling up the DagBag from /Users/mnagy99/opt/anaconda3/envs/airflow-env/lib/python3.8/site-packages/airflow/example_dags/example_trigger_target_dag.py
[2022-11-06T03:19:29.663+0200] {processor.py:766} INFO - DAG(s) dict_keys(['example_trigger_target_dag']) retrieved from /Users/mnagy99/opt/anaconda3/envs/airflow-env/lib/python3.8/site-packages/airflow/example_dags/example_trigger_target_dag.py
[2022-11-06T03:19:30.136+0200] {logging_mixin.py:120} INFO - [2022-11-06T03:19:30.136+0200] {dag.py:2585} INFO - Sync 1 DAGs
[2022-11-06T03:19:30.152+0200] {logging_mixin.py:120} INFO - [2022-11-06T03:19:30.152+0200] {dag.py:3336} INFO - Setting next_dagrun for example_trigger_target_dag to None, run_after=None
[2022-11-06T03:19:30.172+0200] {processor.py:176} INFO - Processing /Users/mnagy99/opt/anaconda3/envs/airflow-env/lib/python3.8/site-packages/airflow/example_dags/example_trigger_target_dag.py took 0.550 seconds
[2022-11-06T03:21:31.233+0200] {processor.py:154} INFO - Started process (PID=6965) to work on /Users/mnagy99/opt/anaconda3/envs/airflow-env/lib/python3.8/site-packages/airflow/example_dags/example_trigger_target_dag.py
[2022-11-06T03:21:31.234+0200] {processor.py:756} INFO - Processing file /Users/mnagy99/opt/anaconda3/envs/airflow-env/lib/python3.8/site-packages/airflow/example_dags/example_trigger_target_dag.py for tasks to queue
[2022-11-06T03:21:31.235+0200] {logging_mixin.py:120} INFO - [2022-11-06T03:21:31.234+0200] {dagbag.py:537} INFO - Filling up the DagBag from /Users/mnagy99/opt/anaconda3/envs/airflow-env/lib/python3.8/site-packages/airflow/example_dags/example_trigger_target_dag.py
[2022-11-06T03:21:31.276+0200] {processor.py:766} INFO - DAG(s) dict_keys(['example_trigger_target_dag']) retrieved from /Users/mnagy99/opt/anaconda3/envs/airflow-env/lib/python3.8/site-packages/airflow/example_dags/example_trigger_target_dag.py
[2022-11-06T03:21:31.707+0200] {logging_mixin.py:120} INFO - [2022-11-06T03:21:31.707+0200] {dag.py:2585} INFO - Sync 1 DAGs
[2022-11-06T03:21:31.721+0200] {logging_mixin.py:120} INFO - [2022-11-06T03:21:31.721+0200] {dag.py:3336} INFO - Setting next_dagrun for example_trigger_target_dag to None, run_after=None
[2022-11-06T03:21:31.740+0200] {processor.py:176} INFO - Processing /Users/mnagy99/opt/anaconda3/envs/airflow-env/lib/python3.8/site-packages/airflow/example_dags/example_trigger_target_dag.py took 0.508 seconds
[2022-11-06T03:23:31.848+0200] {processor.py:154} INFO - Started process (PID=7094) to work on /Users/mnagy99/opt/anaconda3/envs/airflow-env/lib/python3.8/site-packages/airflow/example_dags/example_trigger_target_dag.py
[2022-11-06T03:23:31.850+0200] {processor.py:756} INFO - Processing file /Users/mnagy99/opt/anaconda3/envs/airflow-env/lib/python3.8/site-packages/airflow/example_dags/example_trigger_target_dag.py for tasks to queue
[2022-11-06T03:23:31.851+0200] {logging_mixin.py:120} INFO - [2022-11-06T03:23:31.851+0200] {dagbag.py:537} INFO - Filling up the DagBag from /Users/mnagy99/opt/anaconda3/envs/airflow-env/lib/python3.8/site-packages/airflow/example_dags/example_trigger_target_dag.py
[2022-11-06T03:23:31.892+0200] {processor.py:766} INFO - DAG(s) dict_keys(['example_trigger_target_dag']) retrieved from /Users/mnagy99/opt/anaconda3/envs/airflow-env/lib/python3.8/site-packages/airflow/example_dags/example_trigger_target_dag.py
[2022-11-06T03:23:32.355+0200] {logging_mixin.py:120} INFO - [2022-11-06T03:23:32.354+0200] {dag.py:2585} INFO - Sync 1 DAGs
[2022-11-06T03:23:32.368+0200] {logging_mixin.py:120} INFO - [2022-11-06T03:23:32.368+0200] {dag.py:3336} INFO - Setting next_dagrun for example_trigger_target_dag to None, run_after=None
[2022-11-06T03:23:32.390+0200] {processor.py:176} INFO - Processing /Users/mnagy99/opt/anaconda3/envs/airflow-env/lib/python3.8/site-packages/airflow/example_dags/example_trigger_target_dag.py took 0.543 seconds
[2022-11-06T03:25:28.335+0200] {processor.py:154} INFO - Started process (PID=7217) to work on /Users/mnagy99/opt/anaconda3/envs/airflow-env/lib/python3.8/site-packages/airflow/example_dags/example_trigger_target_dag.py
[2022-11-06T03:25:28.336+0200] {processor.py:756} INFO - Processing file /Users/mnagy99/opt/anaconda3/envs/airflow-env/lib/python3.8/site-packages/airflow/example_dags/example_trigger_target_dag.py for tasks to queue
[2022-11-06T03:25:28.336+0200] {logging_mixin.py:120} INFO - [2022-11-06T03:25:28.336+0200] {dagbag.py:537} INFO - Filling up the DagBag from /Users/mnagy99/opt/anaconda3/envs/airflow-env/lib/python3.8/site-packages/airflow/example_dags/example_trigger_target_dag.py
[2022-11-06T03:25:28.385+0200] {processor.py:766} INFO - DAG(s) dict_keys(['example_trigger_target_dag']) retrieved from /Users/mnagy99/opt/anaconda3/envs/airflow-env/lib/python3.8/site-packages/airflow/example_dags/example_trigger_target_dag.py
[2022-11-06T03:25:28.816+0200] {logging_mixin.py:120} INFO - [2022-11-06T03:25:28.816+0200] {dag.py:2585} INFO - Sync 1 DAGs
[2022-11-06T03:25:28.830+0200] {logging_mixin.py:120} INFO - [2022-11-06T03:25:28.830+0200] {dag.py:3336} INFO - Setting next_dagrun for example_trigger_target_dag to None, run_after=None
[2022-11-06T03:25:28.848+0200] {processor.py:176} INFO - Processing /Users/mnagy99/opt/anaconda3/envs/airflow-env/lib/python3.8/site-packages/airflow/example_dags/example_trigger_target_dag.py took 0.514 seconds
[2022-11-06T03:27:28.048+0200] {processor.py:154} INFO - Started process (PID=7364) to work on /Users/mnagy99/opt/anaconda3/envs/airflow-env/lib/python3.8/site-packages/airflow/example_dags/example_trigger_target_dag.py
[2022-11-06T03:27:28.051+0200] {processor.py:756} INFO - Processing file /Users/mnagy99/opt/anaconda3/envs/airflow-env/lib/python3.8/site-packages/airflow/example_dags/example_trigger_target_dag.py for tasks to queue
[2022-11-06T03:27:28.051+0200] {logging_mixin.py:120} INFO - [2022-11-06T03:27:28.051+0200] {dagbag.py:537} INFO - Filling up the DagBag from /Users/mnagy99/opt/anaconda3/envs/airflow-env/lib/python3.8/site-packages/airflow/example_dags/example_trigger_target_dag.py
[2022-11-06T03:27:28.095+0200] {processor.py:766} INFO - DAG(s) dict_keys(['example_trigger_target_dag']) retrieved from /Users/mnagy99/opt/anaconda3/envs/airflow-env/lib/python3.8/site-packages/airflow/example_dags/example_trigger_target_dag.py
[2022-11-06T03:27:28.523+0200] {logging_mixin.py:120} INFO - [2022-11-06T03:27:28.523+0200] {dag.py:2585} INFO - Sync 1 DAGs
[2022-11-06T03:27:28.537+0200] {logging_mixin.py:120} INFO - [2022-11-06T03:27:28.536+0200] {dag.py:3336} INFO - Setting next_dagrun for example_trigger_target_dag to None, run_after=None
[2022-11-06T03:27:28.556+0200] {processor.py:176} INFO - Processing /Users/mnagy99/opt/anaconda3/envs/airflow-env/lib/python3.8/site-packages/airflow/example_dags/example_trigger_target_dag.py took 0.509 seconds
[2022-11-06T03:29:33.042+0200] {processor.py:154} INFO - Started process (PID=7489) to work on /Users/mnagy99/opt/anaconda3/envs/airflow-env/lib/python3.8/site-packages/airflow/example_dags/example_trigger_target_dag.py
[2022-11-06T03:29:33.044+0200] {processor.py:756} INFO - Processing file /Users/mnagy99/opt/anaconda3/envs/airflow-env/lib/python3.8/site-packages/airflow/example_dags/example_trigger_target_dag.py for tasks to queue
[2022-11-06T03:29:33.045+0200] {logging_mixin.py:120} INFO - [2022-11-06T03:29:33.045+0200] {dagbag.py:537} INFO - Filling up the DagBag from /Users/mnagy99/opt/anaconda3/envs/airflow-env/lib/python3.8/site-packages/airflow/example_dags/example_trigger_target_dag.py
[2022-11-06T03:29:33.091+0200] {processor.py:766} INFO - DAG(s) dict_keys(['example_trigger_target_dag']) retrieved from /Users/mnagy99/opt/anaconda3/envs/airflow-env/lib/python3.8/site-packages/airflow/example_dags/example_trigger_target_dag.py
[2022-11-06T03:29:33.509+0200] {logging_mixin.py:120} INFO - [2022-11-06T03:29:33.509+0200] {dag.py:2585} INFO - Sync 1 DAGs
[2022-11-06T03:29:33.522+0200] {logging_mixin.py:120} INFO - [2022-11-06T03:29:33.522+0200] {dag.py:3336} INFO - Setting next_dagrun for example_trigger_target_dag to None, run_after=None
[2022-11-06T03:29:33.540+0200] {processor.py:176} INFO - Processing /Users/mnagy99/opt/anaconda3/envs/airflow-env/lib/python3.8/site-packages/airflow/example_dags/example_trigger_target_dag.py took 0.499 seconds
[2022-11-06T03:31:30.491+0200] {processor.py:154} INFO - Started process (PID=7615) to work on /Users/mnagy99/opt/anaconda3/envs/airflow-env/lib/python3.8/site-packages/airflow/example_dags/example_trigger_target_dag.py
[2022-11-06T03:31:30.493+0200] {processor.py:756} INFO - Processing file /Users/mnagy99/opt/anaconda3/envs/airflow-env/lib/python3.8/site-packages/airflow/example_dags/example_trigger_target_dag.py for tasks to queue
[2022-11-06T03:31:30.494+0200] {logging_mixin.py:120} INFO - [2022-11-06T03:31:30.494+0200] {dagbag.py:537} INFO - Filling up the DagBag from /Users/mnagy99/opt/anaconda3/envs/airflow-env/lib/python3.8/site-packages/airflow/example_dags/example_trigger_target_dag.py
[2022-11-06T03:31:30.536+0200] {processor.py:766} INFO - DAG(s) dict_keys(['example_trigger_target_dag']) retrieved from /Users/mnagy99/opt/anaconda3/envs/airflow-env/lib/python3.8/site-packages/airflow/example_dags/example_trigger_target_dag.py
[2022-11-06T03:31:30.961+0200] {logging_mixin.py:120} INFO - [2022-11-06T03:31:30.961+0200] {dag.py:2585} INFO - Sync 1 DAGs
[2022-11-06T03:31:30.975+0200] {logging_mixin.py:120} INFO - [2022-11-06T03:31:30.975+0200] {dag.py:3336} INFO - Setting next_dagrun for example_trigger_target_dag to None, run_after=None
[2022-11-06T03:31:30.994+0200] {processor.py:176} INFO - Processing /Users/mnagy99/opt/anaconda3/envs/airflow-env/lib/python3.8/site-packages/airflow/example_dags/example_trigger_target_dag.py took 0.504 seconds
[2022-11-06T03:33:43.889+0200] {processor.py:154} INFO - Started process (PID=7753) to work on /Users/mnagy99/opt/anaconda3/envs/airflow-env/lib/python3.8/site-packages/airflow/example_dags/example_trigger_target_dag.py
[2022-11-06T03:33:43.890+0200] {processor.py:756} INFO - Processing file /Users/mnagy99/opt/anaconda3/envs/airflow-env/lib/python3.8/site-packages/airflow/example_dags/example_trigger_target_dag.py for tasks to queue
[2022-11-06T03:33:43.890+0200] {logging_mixin.py:120} INFO - [2022-11-06T03:33:43.890+0200] {dagbag.py:537} INFO - Filling up the DagBag from /Users/mnagy99/opt/anaconda3/envs/airflow-env/lib/python3.8/site-packages/airflow/example_dags/example_trigger_target_dag.py
[2022-11-06T03:33:43.935+0200] {processor.py:766} INFO - DAG(s) dict_keys(['example_trigger_target_dag']) retrieved from /Users/mnagy99/opt/anaconda3/envs/airflow-env/lib/python3.8/site-packages/airflow/example_dags/example_trigger_target_dag.py
[2022-11-06T03:33:44.389+0200] {logging_mixin.py:120} INFO - [2022-11-06T03:33:44.389+0200] {dag.py:2585} INFO - Sync 1 DAGs
[2022-11-06T03:33:44.403+0200] {logging_mixin.py:120} INFO - [2022-11-06T03:33:44.403+0200] {dag.py:3336} INFO - Setting next_dagrun for example_trigger_target_dag to None, run_after=None
[2022-11-06T03:33:44.421+0200] {processor.py:176} INFO - Processing /Users/mnagy99/opt/anaconda3/envs/airflow-env/lib/python3.8/site-packages/airflow/example_dags/example_trigger_target_dag.py took 0.532 seconds
[2022-11-06T03:35:50.029+0200] {processor.py:154} INFO - Started process (PID=7927) to work on /Users/mnagy99/opt/anaconda3/envs/airflow-env/lib/python3.8/site-packages/airflow/example_dags/example_trigger_target_dag.py
[2022-11-06T03:35:50.030+0200] {processor.py:756} INFO - Processing file /Users/mnagy99/opt/anaconda3/envs/airflow-env/lib/python3.8/site-packages/airflow/example_dags/example_trigger_target_dag.py for tasks to queue
[2022-11-06T03:35:50.031+0200] {logging_mixin.py:120} INFO - [2022-11-06T03:35:50.030+0200] {dagbag.py:537} INFO - Filling up the DagBag from /Users/mnagy99/opt/anaconda3/envs/airflow-env/lib/python3.8/site-packages/airflow/example_dags/example_trigger_target_dag.py
[2022-11-06T03:35:50.077+0200] {processor.py:766} INFO - DAG(s) dict_keys(['example_trigger_target_dag']) retrieved from /Users/mnagy99/opt/anaconda3/envs/airflow-env/lib/python3.8/site-packages/airflow/example_dags/example_trigger_target_dag.py
[2022-11-06T03:35:50.602+0200] {logging_mixin.py:120} INFO - [2022-11-06T03:35:50.602+0200] {dag.py:2585} INFO - Sync 1 DAGs
[2022-11-06T03:35:50.617+0200] {logging_mixin.py:120} INFO - [2022-11-06T03:35:50.617+0200] {dag.py:3336} INFO - Setting next_dagrun for example_trigger_target_dag to None, run_after=None
[2022-11-06T03:35:50.634+0200] {processor.py:176} INFO - Processing /Users/mnagy99/opt/anaconda3/envs/airflow-env/lib/python3.8/site-packages/airflow/example_dags/example_trigger_target_dag.py took 0.606 seconds
[2022-11-06T03:37:52.611+0200] {processor.py:154} INFO - Started process (PID=8051) to work on /Users/mnagy99/opt/anaconda3/envs/airflow-env/lib/python3.8/site-packages/airflow/example_dags/example_trigger_target_dag.py
[2022-11-06T03:37:52.614+0200] {processor.py:756} INFO - Processing file /Users/mnagy99/opt/anaconda3/envs/airflow-env/lib/python3.8/site-packages/airflow/example_dags/example_trigger_target_dag.py for tasks to queue
[2022-11-06T03:37:52.615+0200] {logging_mixin.py:120} INFO - [2022-11-06T03:37:52.615+0200] {dagbag.py:537} INFO - Filling up the DagBag from /Users/mnagy99/opt/anaconda3/envs/airflow-env/lib/python3.8/site-packages/airflow/example_dags/example_trigger_target_dag.py
[2022-11-06T03:37:52.659+0200] {processor.py:766} INFO - DAG(s) dict_keys(['example_trigger_target_dag']) retrieved from /Users/mnagy99/opt/anaconda3/envs/airflow-env/lib/python3.8/site-packages/airflow/example_dags/example_trigger_target_dag.py
[2022-11-06T03:37:53.080+0200] {logging_mixin.py:120} INFO - [2022-11-06T03:37:53.079+0200] {dag.py:2585} INFO - Sync 1 DAGs
[2022-11-06T03:37:53.094+0200] {logging_mixin.py:120} INFO - [2022-11-06T03:37:53.094+0200] {dag.py:3336} INFO - Setting next_dagrun for example_trigger_target_dag to None, run_after=None
[2022-11-06T03:37:53.114+0200] {processor.py:176} INFO - Processing /Users/mnagy99/opt/anaconda3/envs/airflow-env/lib/python3.8/site-packages/airflow/example_dags/example_trigger_target_dag.py took 0.503 seconds
[2022-11-06T03:39:51.478+0200] {processor.py:154} INFO - Started process (PID=8172) to work on /Users/mnagy99/opt/anaconda3/envs/airflow-env/lib/python3.8/site-packages/airflow/example_dags/example_trigger_target_dag.py
[2022-11-06T03:39:51.479+0200] {processor.py:756} INFO - Processing file /Users/mnagy99/opt/anaconda3/envs/airflow-env/lib/python3.8/site-packages/airflow/example_dags/example_trigger_target_dag.py for tasks to queue
[2022-11-06T03:39:51.480+0200] {logging_mixin.py:120} INFO - [2022-11-06T03:39:51.479+0200] {dagbag.py:537} INFO - Filling up the DagBag from /Users/mnagy99/opt/anaconda3/envs/airflow-env/lib/python3.8/site-packages/airflow/example_dags/example_trigger_target_dag.py
[2022-11-06T03:39:51.519+0200] {processor.py:766} INFO - DAG(s) dict_keys(['example_trigger_target_dag']) retrieved from /Users/mnagy99/opt/anaconda3/envs/airflow-env/lib/python3.8/site-packages/airflow/example_dags/example_trigger_target_dag.py
[2022-11-06T03:39:51.947+0200] {logging_mixin.py:120} INFO - [2022-11-06T03:39:51.947+0200] {dag.py:2585} INFO - Sync 1 DAGs
[2022-11-06T03:39:51.961+0200] {logging_mixin.py:120} INFO - [2022-11-06T03:39:51.960+0200] {dag.py:3336} INFO - Setting next_dagrun for example_trigger_target_dag to None, run_after=None
[2022-11-06T03:39:51.978+0200] {processor.py:176} INFO - Processing /Users/mnagy99/opt/anaconda3/envs/airflow-env/lib/python3.8/site-packages/airflow/example_dags/example_trigger_target_dag.py took 0.501 seconds
[2022-11-06T03:41:50.803+0200] {processor.py:154} INFO - Started process (PID=8294) to work on /Users/mnagy99/opt/anaconda3/envs/airflow-env/lib/python3.8/site-packages/airflow/example_dags/example_trigger_target_dag.py
[2022-11-06T03:41:50.806+0200] {processor.py:756} INFO - Processing file /Users/mnagy99/opt/anaconda3/envs/airflow-env/lib/python3.8/site-packages/airflow/example_dags/example_trigger_target_dag.py for tasks to queue
[2022-11-06T03:41:50.807+0200] {logging_mixin.py:120} INFO - [2022-11-06T03:41:50.806+0200] {dagbag.py:537} INFO - Filling up the DagBag from /Users/mnagy99/opt/anaconda3/envs/airflow-env/lib/python3.8/site-packages/airflow/example_dags/example_trigger_target_dag.py
[2022-11-06T03:41:50.844+0200] {processor.py:766} INFO - DAG(s) dict_keys(['example_trigger_target_dag']) retrieved from /Users/mnagy99/opt/anaconda3/envs/airflow-env/lib/python3.8/site-packages/airflow/example_dags/example_trigger_target_dag.py
[2022-11-06T03:41:51.275+0200] {logging_mixin.py:120} INFO - [2022-11-06T03:41:51.274+0200] {dag.py:2585} INFO - Sync 1 DAGs
[2022-11-06T03:41:51.288+0200] {logging_mixin.py:120} INFO - [2022-11-06T03:41:51.288+0200] {dag.py:3336} INFO - Setting next_dagrun for example_trigger_target_dag to None, run_after=None
[2022-11-06T03:41:51.306+0200] {processor.py:176} INFO - Processing /Users/mnagy99/opt/anaconda3/envs/airflow-env/lib/python3.8/site-packages/airflow/example_dags/example_trigger_target_dag.py took 0.503 seconds
[2022-11-06T03:43:49.934+0200] {processor.py:154} INFO - Started process (PID=8415) to work on /Users/mnagy99/opt/anaconda3/envs/airflow-env/lib/python3.8/site-packages/airflow/example_dags/example_trigger_target_dag.py
[2022-11-06T03:43:49.937+0200] {processor.py:756} INFO - Processing file /Users/mnagy99/opt/anaconda3/envs/airflow-env/lib/python3.8/site-packages/airflow/example_dags/example_trigger_target_dag.py for tasks to queue
[2022-11-06T03:43:49.938+0200] {logging_mixin.py:120} INFO - [2022-11-06T03:43:49.937+0200] {dagbag.py:537} INFO - Filling up the DagBag from /Users/mnagy99/opt/anaconda3/envs/airflow-env/lib/python3.8/site-packages/airflow/example_dags/example_trigger_target_dag.py
[2022-11-06T03:43:49.985+0200] {processor.py:766} INFO - DAG(s) dict_keys(['example_trigger_target_dag']) retrieved from /Users/mnagy99/opt/anaconda3/envs/airflow-env/lib/python3.8/site-packages/airflow/example_dags/example_trigger_target_dag.py
[2022-11-06T03:43:50.421+0200] {logging_mixin.py:120} INFO - [2022-11-06T03:43:50.420+0200] {dag.py:2585} INFO - Sync 1 DAGs
[2022-11-06T03:43:50.434+0200] {logging_mixin.py:120} INFO - [2022-11-06T03:43:50.434+0200] {dag.py:3336} INFO - Setting next_dagrun for example_trigger_target_dag to None, run_after=None
[2022-11-06T03:43:50.452+0200] {processor.py:176} INFO - Processing /Users/mnagy99/opt/anaconda3/envs/airflow-env/lib/python3.8/site-packages/airflow/example_dags/example_trigger_target_dag.py took 0.518 seconds
[2022-11-06T03:45:52.844+0200] {processor.py:154} INFO - Started process (PID=8560) to work on /Users/mnagy99/opt/anaconda3/envs/airflow-env/lib/python3.8/site-packages/airflow/example_dags/example_trigger_target_dag.py
[2022-11-06T03:45:52.847+0200] {processor.py:756} INFO - Processing file /Users/mnagy99/opt/anaconda3/envs/airflow-env/lib/python3.8/site-packages/airflow/example_dags/example_trigger_target_dag.py for tasks to queue
[2022-11-06T03:45:52.848+0200] {logging_mixin.py:120} INFO - [2022-11-06T03:45:52.847+0200] {dagbag.py:537} INFO - Filling up the DagBag from /Users/mnagy99/opt/anaconda3/envs/airflow-env/lib/python3.8/site-packages/airflow/example_dags/example_trigger_target_dag.py
[2022-11-06T03:45:52.895+0200] {processor.py:766} INFO - DAG(s) dict_keys(['example_trigger_target_dag']) retrieved from /Users/mnagy99/opt/anaconda3/envs/airflow-env/lib/python3.8/site-packages/airflow/example_dags/example_trigger_target_dag.py
[2022-11-06T03:45:53.321+0200] {logging_mixin.py:120} INFO - [2022-11-06T03:45:53.321+0200] {dag.py:2585} INFO - Sync 1 DAGs
[2022-11-06T03:45:53.335+0200] {logging_mixin.py:120} INFO - [2022-11-06T03:45:53.335+0200] {dag.py:3336} INFO - Setting next_dagrun for example_trigger_target_dag to None, run_after=None
[2022-11-06T03:45:53.353+0200] {processor.py:176} INFO - Processing /Users/mnagy99/opt/anaconda3/envs/airflow-env/lib/python3.8/site-packages/airflow/example_dags/example_trigger_target_dag.py took 0.509 seconds
[2022-11-06T03:47:54.867+0200] {processor.py:154} INFO - Started process (PID=8681) to work on /Users/mnagy99/opt/anaconda3/envs/airflow-env/lib/python3.8/site-packages/airflow/example_dags/example_trigger_target_dag.py
[2022-11-06T03:47:54.870+0200] {processor.py:756} INFO - Processing file /Users/mnagy99/opt/anaconda3/envs/airflow-env/lib/python3.8/site-packages/airflow/example_dags/example_trigger_target_dag.py for tasks to queue
[2022-11-06T03:47:54.870+0200] {logging_mixin.py:120} INFO - [2022-11-06T03:47:54.870+0200] {dagbag.py:537} INFO - Filling up the DagBag from /Users/mnagy99/opt/anaconda3/envs/airflow-env/lib/python3.8/site-packages/airflow/example_dags/example_trigger_target_dag.py
[2022-11-06T03:47:54.912+0200] {processor.py:766} INFO - DAG(s) dict_keys(['example_trigger_target_dag']) retrieved from /Users/mnagy99/opt/anaconda3/envs/airflow-env/lib/python3.8/site-packages/airflow/example_dags/example_trigger_target_dag.py
[2022-11-06T03:47:55.360+0200] {logging_mixin.py:120} INFO - [2022-11-06T03:47:55.360+0200] {dag.py:2585} INFO - Sync 1 DAGs
[2022-11-06T03:47:55.374+0200] {logging_mixin.py:120} INFO - [2022-11-06T03:47:55.374+0200] {dag.py:3336} INFO - Setting next_dagrun for example_trigger_target_dag to None, run_after=None
[2022-11-06T03:47:55.392+0200] {processor.py:176} INFO - Processing /Users/mnagy99/opt/anaconda3/envs/airflow-env/lib/python3.8/site-packages/airflow/example_dags/example_trigger_target_dag.py took 0.525 seconds
[2022-11-06T03:50:01.979+0200] {processor.py:154} INFO - Started process (PID=8803) to work on /Users/mnagy99/opt/anaconda3/envs/airflow-env/lib/python3.8/site-packages/airflow/example_dags/example_trigger_target_dag.py
[2022-11-06T03:50:01.981+0200] {processor.py:756} INFO - Processing file /Users/mnagy99/opt/anaconda3/envs/airflow-env/lib/python3.8/site-packages/airflow/example_dags/example_trigger_target_dag.py for tasks to queue
[2022-11-06T03:50:01.982+0200] {logging_mixin.py:120} INFO - [2022-11-06T03:50:01.982+0200] {dagbag.py:537} INFO - Filling up the DagBag from /Users/mnagy99/opt/anaconda3/envs/airflow-env/lib/python3.8/site-packages/airflow/example_dags/example_trigger_target_dag.py
[2022-11-06T03:50:02.030+0200] {processor.py:766} INFO - DAG(s) dict_keys(['example_trigger_target_dag']) retrieved from /Users/mnagy99/opt/anaconda3/envs/airflow-env/lib/python3.8/site-packages/airflow/example_dags/example_trigger_target_dag.py
[2022-11-06T03:50:02.464+0200] {logging_mixin.py:120} INFO - [2022-11-06T03:50:02.463+0200] {dag.py:2585} INFO - Sync 1 DAGs
[2022-11-06T03:50:02.477+0200] {logging_mixin.py:120} INFO - [2022-11-06T03:50:02.477+0200] {dag.py:3336} INFO - Setting next_dagrun for example_trigger_target_dag to None, run_after=None
[2022-11-06T03:50:02.497+0200] {processor.py:176} INFO - Processing /Users/mnagy99/opt/anaconda3/envs/airflow-env/lib/python3.8/site-packages/airflow/example_dags/example_trigger_target_dag.py took 0.518 seconds
[2022-11-06T03:52:06.534+0200] {processor.py:154} INFO - Started process (PID=8934) to work on /Users/mnagy99/opt/anaconda3/envs/airflow-env/lib/python3.8/site-packages/airflow/example_dags/example_trigger_target_dag.py
[2022-11-06T03:52:06.536+0200] {processor.py:756} INFO - Processing file /Users/mnagy99/opt/anaconda3/envs/airflow-env/lib/python3.8/site-packages/airflow/example_dags/example_trigger_target_dag.py for tasks to queue
[2022-11-06T03:52:06.537+0200] {logging_mixin.py:120} INFO - [2022-11-06T03:52:06.537+0200] {dagbag.py:537} INFO - Filling up the DagBag from /Users/mnagy99/opt/anaconda3/envs/airflow-env/lib/python3.8/site-packages/airflow/example_dags/example_trigger_target_dag.py
[2022-11-06T03:52:06.581+0200] {processor.py:766} INFO - DAG(s) dict_keys(['example_trigger_target_dag']) retrieved from /Users/mnagy99/opt/anaconda3/envs/airflow-env/lib/python3.8/site-packages/airflow/example_dags/example_trigger_target_dag.py
[2022-11-06T03:52:07.002+0200] {logging_mixin.py:120} INFO - [2022-11-06T03:52:07.001+0200] {dag.py:2585} INFO - Sync 1 DAGs
[2022-11-06T03:52:07.015+0200] {logging_mixin.py:120} INFO - [2022-11-06T03:52:07.015+0200] {dag.py:3336} INFO - Setting next_dagrun for example_trigger_target_dag to None, run_after=None
[2022-11-06T03:52:07.035+0200] {processor.py:176} INFO - Processing /Users/mnagy99/opt/anaconda3/envs/airflow-env/lib/python3.8/site-packages/airflow/example_dags/example_trigger_target_dag.py took 0.502 seconds
[2022-11-06T03:54:20.635+0200] {processor.py:154} INFO - Started process (PID=9068) to work on /Users/mnagy99/opt/anaconda3/envs/airflow-env/lib/python3.8/site-packages/airflow/example_dags/example_trigger_target_dag.py
[2022-11-06T03:54:20.638+0200] {processor.py:756} INFO - Processing file /Users/mnagy99/opt/anaconda3/envs/airflow-env/lib/python3.8/site-packages/airflow/example_dags/example_trigger_target_dag.py for tasks to queue
[2022-11-06T03:54:20.638+0200] {logging_mixin.py:120} INFO - [2022-11-06T03:54:20.638+0200] {dagbag.py:537} INFO - Filling up the DagBag from /Users/mnagy99/opt/anaconda3/envs/airflow-env/lib/python3.8/site-packages/airflow/example_dags/example_trigger_target_dag.py
[2022-11-06T03:54:20.688+0200] {processor.py:766} INFO - DAG(s) dict_keys(['example_trigger_target_dag']) retrieved from /Users/mnagy99/opt/anaconda3/envs/airflow-env/lib/python3.8/site-packages/airflow/example_dags/example_trigger_target_dag.py
[2022-11-06T03:54:21.108+0200] {logging_mixin.py:120} INFO - [2022-11-06T03:54:21.107+0200] {dag.py:2585} INFO - Sync 1 DAGs
[2022-11-06T03:54:21.123+0200] {logging_mixin.py:120} INFO - [2022-11-06T03:54:21.122+0200] {dag.py:3336} INFO - Setting next_dagrun for example_trigger_target_dag to None, run_after=None
[2022-11-06T03:54:21.158+0200] {processor.py:176} INFO - Processing /Users/mnagy99/opt/anaconda3/envs/airflow-env/lib/python3.8/site-packages/airflow/example_dags/example_trigger_target_dag.py took 0.523 seconds
[2022-11-06T03:56:41.030+0200] {processor.py:154} INFO - Started process (PID=9209) to work on /Users/mnagy99/opt/anaconda3/envs/airflow-env/lib/python3.8/site-packages/airflow/example_dags/example_trigger_target_dag.py
[2022-11-06T03:56:41.031+0200] {processor.py:756} INFO - Processing file /Users/mnagy99/opt/anaconda3/envs/airflow-env/lib/python3.8/site-packages/airflow/example_dags/example_trigger_target_dag.py for tasks to queue
[2022-11-06T03:56:41.032+0200] {logging_mixin.py:120} INFO - [2022-11-06T03:56:41.032+0200] {dagbag.py:537} INFO - Filling up the DagBag from /Users/mnagy99/opt/anaconda3/envs/airflow-env/lib/python3.8/site-packages/airflow/example_dags/example_trigger_target_dag.py
[2022-11-06T03:56:41.099+0200] {processor.py:766} INFO - DAG(s) dict_keys(['example_trigger_target_dag']) retrieved from /Users/mnagy99/opt/anaconda3/envs/airflow-env/lib/python3.8/site-packages/airflow/example_dags/example_trigger_target_dag.py
[2022-11-06T03:56:41.600+0200] {logging_mixin.py:120} INFO - [2022-11-06T03:56:41.599+0200] {dag.py:2585} INFO - Sync 1 DAGs
[2022-11-06T03:56:41.620+0200] {logging_mixin.py:120} INFO - [2022-11-06T03:56:41.620+0200] {dag.py:3336} INFO - Setting next_dagrun for example_trigger_target_dag to None, run_after=None
[2022-11-06T03:56:41.641+0200] {processor.py:176} INFO - Processing /Users/mnagy99/opt/anaconda3/envs/airflow-env/lib/python3.8/site-packages/airflow/example_dags/example_trigger_target_dag.py took 0.612 seconds
[2022-11-06T03:58:53.620+0200] {processor.py:154} INFO - Started process (PID=9337) to work on /Users/mnagy99/opt/anaconda3/envs/airflow-env/lib/python3.8/site-packages/airflow/example_dags/example_trigger_target_dag.py
[2022-11-06T03:58:53.623+0200] {processor.py:756} INFO - Processing file /Users/mnagy99/opt/anaconda3/envs/airflow-env/lib/python3.8/site-packages/airflow/example_dags/example_trigger_target_dag.py for tasks to queue
[2022-11-06T03:58:53.624+0200] {logging_mixin.py:120} INFO - [2022-11-06T03:58:53.623+0200] {dagbag.py:537} INFO - Filling up the DagBag from /Users/mnagy99/opt/anaconda3/envs/airflow-env/lib/python3.8/site-packages/airflow/example_dags/example_trigger_target_dag.py
[2022-11-06T03:58:53.668+0200] {processor.py:766} INFO - DAG(s) dict_keys(['example_trigger_target_dag']) retrieved from /Users/mnagy99/opt/anaconda3/envs/airflow-env/lib/python3.8/site-packages/airflow/example_dags/example_trigger_target_dag.py
[2022-11-06T03:58:54.091+0200] {logging_mixin.py:120} INFO - [2022-11-06T03:58:54.091+0200] {dag.py:2585} INFO - Sync 1 DAGs
[2022-11-06T03:58:54.111+0200] {logging_mixin.py:120} INFO - [2022-11-06T03:58:54.111+0200] {dag.py:3336} INFO - Setting next_dagrun for example_trigger_target_dag to None, run_after=None
[2022-11-06T03:58:54.141+0200] {processor.py:176} INFO - Processing /Users/mnagy99/opt/anaconda3/envs/airflow-env/lib/python3.8/site-packages/airflow/example_dags/example_trigger_target_dag.py took 0.522 seconds
[2022-11-06T04:01:22.733+0200] {processor.py:154} INFO - Started process (PID=9498) to work on /Users/mnagy99/opt/anaconda3/envs/airflow-env/lib/python3.8/site-packages/airflow/example_dags/example_trigger_target_dag.py
[2022-11-06T04:01:22.736+0200] {processor.py:756} INFO - Processing file /Users/mnagy99/opt/anaconda3/envs/airflow-env/lib/python3.8/site-packages/airflow/example_dags/example_trigger_target_dag.py for tasks to queue
[2022-11-06T04:01:22.736+0200] {logging_mixin.py:120} INFO - [2022-11-06T04:01:22.736+0200] {dagbag.py:537} INFO - Filling up the DagBag from /Users/mnagy99/opt/anaconda3/envs/airflow-env/lib/python3.8/site-packages/airflow/example_dags/example_trigger_target_dag.py
[2022-11-06T04:01:22.780+0200] {processor.py:766} INFO - DAG(s) dict_keys(['example_trigger_target_dag']) retrieved from /Users/mnagy99/opt/anaconda3/envs/airflow-env/lib/python3.8/site-packages/airflow/example_dags/example_trigger_target_dag.py
[2022-11-06T04:01:23.208+0200] {logging_mixin.py:120} INFO - [2022-11-06T04:01:23.208+0200] {dag.py:2585} INFO - Sync 1 DAGs
[2022-11-06T04:01:23.222+0200] {logging_mixin.py:120} INFO - [2022-11-06T04:01:23.222+0200] {dag.py:3336} INFO - Setting next_dagrun for example_trigger_target_dag to None, run_after=None
[2022-11-06T04:01:23.244+0200] {processor.py:176} INFO - Processing /Users/mnagy99/opt/anaconda3/envs/airflow-env/lib/python3.8/site-packages/airflow/example_dags/example_trigger_target_dag.py took 0.512 seconds
[2022-11-06T04:03:40.832+0200] {processor.py:154} INFO - Started process (PID=9636) to work on /Users/mnagy99/opt/anaconda3/envs/airflow-env/lib/python3.8/site-packages/airflow/example_dags/example_trigger_target_dag.py
[2022-11-06T04:03:40.833+0200] {processor.py:756} INFO - Processing file /Users/mnagy99/opt/anaconda3/envs/airflow-env/lib/python3.8/site-packages/airflow/example_dags/example_trigger_target_dag.py for tasks to queue
[2022-11-06T04:03:40.833+0200] {logging_mixin.py:120} INFO - [2022-11-06T04:03:40.833+0200] {dagbag.py:537} INFO - Filling up the DagBag from /Users/mnagy99/opt/anaconda3/envs/airflow-env/lib/python3.8/site-packages/airflow/example_dags/example_trigger_target_dag.py
[2022-11-06T04:03:40.879+0200] {processor.py:766} INFO - DAG(s) dict_keys(['example_trigger_target_dag']) retrieved from /Users/mnagy99/opt/anaconda3/envs/airflow-env/lib/python3.8/site-packages/airflow/example_dags/example_trigger_target_dag.py
[2022-11-06T04:03:41.337+0200] {logging_mixin.py:120} INFO - [2022-11-06T04:03:41.336+0200] {dag.py:2585} INFO - Sync 1 DAGs
[2022-11-06T04:03:41.352+0200] {logging_mixin.py:120} INFO - [2022-11-06T04:03:41.352+0200] {dag.py:3336} INFO - Setting next_dagrun for example_trigger_target_dag to None, run_after=None
[2022-11-06T04:03:41.373+0200] {processor.py:176} INFO - Processing /Users/mnagy99/opt/anaconda3/envs/airflow-env/lib/python3.8/site-packages/airflow/example_dags/example_trigger_target_dag.py took 0.542 seconds
[2022-11-06T04:05:55.161+0200] {processor.py:154} INFO - Started process (PID=9786) to work on /Users/mnagy99/opt/anaconda3/envs/airflow-env/lib/python3.8/site-packages/airflow/example_dags/example_trigger_target_dag.py
[2022-11-06T04:05:55.164+0200] {processor.py:756} INFO - Processing file /Users/mnagy99/opt/anaconda3/envs/airflow-env/lib/python3.8/site-packages/airflow/example_dags/example_trigger_target_dag.py for tasks to queue
[2022-11-06T04:05:55.164+0200] {logging_mixin.py:120} INFO - [2022-11-06T04:05:55.164+0200] {dagbag.py:537} INFO - Filling up the DagBag from /Users/mnagy99/opt/anaconda3/envs/airflow-env/lib/python3.8/site-packages/airflow/example_dags/example_trigger_target_dag.py
[2022-11-06T04:05:55.212+0200] {processor.py:766} INFO - DAG(s) dict_keys(['example_trigger_target_dag']) retrieved from /Users/mnagy99/opt/anaconda3/envs/airflow-env/lib/python3.8/site-packages/airflow/example_dags/example_trigger_target_dag.py
[2022-11-06T04:05:55.696+0200] {logging_mixin.py:120} INFO - [2022-11-06T04:05:55.696+0200] {dag.py:2585} INFO - Sync 1 DAGs
[2022-11-06T04:05:55.713+0200] {logging_mixin.py:120} INFO - [2022-11-06T04:05:55.713+0200] {dag.py:3336} INFO - Setting next_dagrun for example_trigger_target_dag to None, run_after=None
[2022-11-06T04:05:55.732+0200] {processor.py:176} INFO - Processing /Users/mnagy99/opt/anaconda3/envs/airflow-env/lib/python3.8/site-packages/airflow/example_dags/example_trigger_target_dag.py took 0.571 seconds
[2022-11-06T04:08:21.402+0200] {processor.py:154} INFO - Started process (PID=9930) to work on /Users/mnagy99/opt/anaconda3/envs/airflow-env/lib/python3.8/site-packages/airflow/example_dags/example_trigger_target_dag.py
[2022-11-06T04:08:21.404+0200] {processor.py:756} INFO - Processing file /Users/mnagy99/opt/anaconda3/envs/airflow-env/lib/python3.8/site-packages/airflow/example_dags/example_trigger_target_dag.py for tasks to queue
[2022-11-06T04:08:21.405+0200] {logging_mixin.py:120} INFO - [2022-11-06T04:08:21.405+0200] {dagbag.py:537} INFO - Filling up the DagBag from /Users/mnagy99/opt/anaconda3/envs/airflow-env/lib/python3.8/site-packages/airflow/example_dags/example_trigger_target_dag.py
[2022-11-06T04:08:21.453+0200] {processor.py:766} INFO - DAG(s) dict_keys(['example_trigger_target_dag']) retrieved from /Users/mnagy99/opt/anaconda3/envs/airflow-env/lib/python3.8/site-packages/airflow/example_dags/example_trigger_target_dag.py
[2022-11-06T04:08:21.916+0200] {logging_mixin.py:120} INFO - [2022-11-06T04:08:21.916+0200] {dag.py:2585} INFO - Sync 1 DAGs
[2022-11-06T04:08:21.932+0200] {logging_mixin.py:120} INFO - [2022-11-06T04:08:21.932+0200] {dag.py:3336} INFO - Setting next_dagrun for example_trigger_target_dag to None, run_after=None
[2022-11-06T04:08:21.948+0200] {processor.py:176} INFO - Processing /Users/mnagy99/opt/anaconda3/envs/airflow-env/lib/python3.8/site-packages/airflow/example_dags/example_trigger_target_dag.py took 0.546 seconds
[2022-11-06T04:10:26.486+0200] {processor.py:154} INFO - Started process (PID=10065) to work on /Users/mnagy99/opt/anaconda3/envs/airflow-env/lib/python3.8/site-packages/airflow/example_dags/example_trigger_target_dag.py
[2022-11-06T04:10:26.488+0200] {processor.py:756} INFO - Processing file /Users/mnagy99/opt/anaconda3/envs/airflow-env/lib/python3.8/site-packages/airflow/example_dags/example_trigger_target_dag.py for tasks to queue
[2022-11-06T04:10:26.489+0200] {logging_mixin.py:120} INFO - [2022-11-06T04:10:26.489+0200] {dagbag.py:537} INFO - Filling up the DagBag from /Users/mnagy99/opt/anaconda3/envs/airflow-env/lib/python3.8/site-packages/airflow/example_dags/example_trigger_target_dag.py
[2022-11-06T04:10:26.536+0200] {processor.py:766} INFO - DAG(s) dict_keys(['example_trigger_target_dag']) retrieved from /Users/mnagy99/opt/anaconda3/envs/airflow-env/lib/python3.8/site-packages/airflow/example_dags/example_trigger_target_dag.py
[2022-11-06T04:10:26.974+0200] {logging_mixin.py:120} INFO - [2022-11-06T04:10:26.973+0200] {dag.py:2585} INFO - Sync 1 DAGs
[2022-11-06T04:10:26.990+0200] {logging_mixin.py:120} INFO - [2022-11-06T04:10:26.990+0200] {dag.py:3336} INFO - Setting next_dagrun for example_trigger_target_dag to None, run_after=None
[2022-11-06T04:10:27.009+0200] {processor.py:176} INFO - Processing /Users/mnagy99/opt/anaconda3/envs/airflow-env/lib/python3.8/site-packages/airflow/example_dags/example_trigger_target_dag.py took 0.524 seconds
[2022-11-06T04:12:51.601+0200] {processor.py:154} INFO - Started process (PID=10217) to work on /Users/mnagy99/opt/anaconda3/envs/airflow-env/lib/python3.8/site-packages/airflow/example_dags/example_trigger_target_dag.py
[2022-11-06T04:12:51.603+0200] {processor.py:756} INFO - Processing file /Users/mnagy99/opt/anaconda3/envs/airflow-env/lib/python3.8/site-packages/airflow/example_dags/example_trigger_target_dag.py for tasks to queue
[2022-11-06T04:12:51.604+0200] {logging_mixin.py:120} INFO - [2022-11-06T04:12:51.604+0200] {dagbag.py:537} INFO - Filling up the DagBag from /Users/mnagy99/opt/anaconda3/envs/airflow-env/lib/python3.8/site-packages/airflow/example_dags/example_trigger_target_dag.py
[2022-11-06T04:12:51.645+0200] {processor.py:766} INFO - DAG(s) dict_keys(['example_trigger_target_dag']) retrieved from /Users/mnagy99/opt/anaconda3/envs/airflow-env/lib/python3.8/site-packages/airflow/example_dags/example_trigger_target_dag.py
[2022-11-06T04:12:52.078+0200] {logging_mixin.py:120} INFO - [2022-11-06T04:12:52.078+0200] {dag.py:2585} INFO - Sync 1 DAGs
[2022-11-06T04:12:52.091+0200] {logging_mixin.py:120} INFO - [2022-11-06T04:12:52.091+0200] {dag.py:3336} INFO - Setting next_dagrun for example_trigger_target_dag to None, run_after=None
[2022-11-06T04:12:52.108+0200] {processor.py:176} INFO - Processing /Users/mnagy99/opt/anaconda3/envs/airflow-env/lib/python3.8/site-packages/airflow/example_dags/example_trigger_target_dag.py took 0.508 seconds
[2022-11-06T04:14:50.885+0200] {processor.py:154} INFO - Started process (PID=10346) to work on /Users/mnagy99/opt/anaconda3/envs/airflow-env/lib/python3.8/site-packages/airflow/example_dags/example_trigger_target_dag.py
[2022-11-06T04:14:50.887+0200] {processor.py:756} INFO - Processing file /Users/mnagy99/opt/anaconda3/envs/airflow-env/lib/python3.8/site-packages/airflow/example_dags/example_trigger_target_dag.py for tasks to queue
[2022-11-06T04:14:50.888+0200] {logging_mixin.py:120} INFO - [2022-11-06T04:14:50.888+0200] {dagbag.py:537} INFO - Filling up the DagBag from /Users/mnagy99/opt/anaconda3/envs/airflow-env/lib/python3.8/site-packages/airflow/example_dags/example_trigger_target_dag.py
[2022-11-06T04:14:50.933+0200] {processor.py:766} INFO - DAG(s) dict_keys(['example_trigger_target_dag']) retrieved from /Users/mnagy99/opt/anaconda3/envs/airflow-env/lib/python3.8/site-packages/airflow/example_dags/example_trigger_target_dag.py
[2022-11-06T04:14:51.404+0200] {logging_mixin.py:120} INFO - [2022-11-06T04:14:51.404+0200] {dag.py:2585} INFO - Sync 1 DAGs
[2022-11-06T04:14:51.419+0200] {logging_mixin.py:120} INFO - [2022-11-06T04:14:51.419+0200] {dag.py:3336} INFO - Setting next_dagrun for example_trigger_target_dag to None, run_after=None
[2022-11-06T04:14:51.435+0200] {processor.py:176} INFO - Processing /Users/mnagy99/opt/anaconda3/envs/airflow-env/lib/python3.8/site-packages/airflow/example_dags/example_trigger_target_dag.py took 0.551 seconds
[2022-11-06T04:17:10.409+0200] {processor.py:154} INFO - Started process (PID=10482) to work on /Users/mnagy99/opt/anaconda3/envs/airflow-env/lib/python3.8/site-packages/airflow/example_dags/example_trigger_target_dag.py
[2022-11-06T04:17:10.410+0200] {processor.py:756} INFO - Processing file /Users/mnagy99/opt/anaconda3/envs/airflow-env/lib/python3.8/site-packages/airflow/example_dags/example_trigger_target_dag.py for tasks to queue
[2022-11-06T04:17:10.411+0200] {logging_mixin.py:120} INFO - [2022-11-06T04:17:10.410+0200] {dagbag.py:537} INFO - Filling up the DagBag from /Users/mnagy99/opt/anaconda3/envs/airflow-env/lib/python3.8/site-packages/airflow/example_dags/example_trigger_target_dag.py
[2022-11-06T04:17:10.451+0200] {processor.py:766} INFO - DAG(s) dict_keys(['example_trigger_target_dag']) retrieved from /Users/mnagy99/opt/anaconda3/envs/airflow-env/lib/python3.8/site-packages/airflow/example_dags/example_trigger_target_dag.py
[2022-11-06T04:17:10.873+0200] {logging_mixin.py:120} INFO - [2022-11-06T04:17:10.872+0200] {dag.py:2585} INFO - Sync 1 DAGs
[2022-11-06T04:17:10.886+0200] {logging_mixin.py:120} INFO - [2022-11-06T04:17:10.886+0200] {dag.py:3336} INFO - Setting next_dagrun for example_trigger_target_dag to None, run_after=None
[2022-11-06T04:17:10.902+0200] {processor.py:176} INFO - Processing /Users/mnagy99/opt/anaconda3/envs/airflow-env/lib/python3.8/site-packages/airflow/example_dags/example_trigger_target_dag.py took 0.494 seconds
