[2022-11-06T02:00:30.690+0200] {processor.py:154} INFO - Started process (PID=1648) to work on /Users/mnagy99/opt/anaconda3/envs/airflow-env/lib/python3.8/site-packages/airflow/example_dags/example_branch_operator.py
[2022-11-06T02:00:30.690+0200] {processor.py:756} INFO - Processing file /Users/mnagy99/opt/anaconda3/envs/airflow-env/lib/python3.8/site-packages/airflow/example_dags/example_branch_operator.py for tasks to queue
[2022-11-06T02:00:30.691+0200] {logging_mixin.py:120} INFO - [2022-11-06T02:00:30.691+0200] {dagbag.py:537} INFO - Filling up the DagBag from /Users/mnagy99/opt/anaconda3/envs/airflow-env/lib/python3.8/site-packages/airflow/example_dags/example_branch_operator.py
[2022-11-06T02:00:30.732+0200] {processor.py:766} INFO - DAG(s) dict_keys(['example_branch_operator']) retrieved from /Users/mnagy99/opt/anaconda3/envs/airflow-env/lib/python3.8/site-packages/airflow/example_dags/example_branch_operator.py
[2022-11-06T02:00:31.318+0200] {logging_mixin.py:120} INFO - [2022-11-06T02:00:31.317+0200] {dag.py:2585} INFO - Sync 1 DAGs
[2022-11-06T02:00:31.343+0200] {logging_mixin.py:120} INFO - [2022-11-06T02:00:31.343+0200] {dag.py:3336} INFO - Setting next_dagrun for example_branch_operator to 2022-11-05T00:00:00+00:00, run_after=2022-11-06T00:00:00+00:00
[2022-11-06T02:00:31.366+0200] {processor.py:176} INFO - Processing /Users/mnagy99/opt/anaconda3/envs/airflow-env/lib/python3.8/site-packages/airflow/example_dags/example_branch_operator.py took 0.677 seconds
[2022-11-06T02:02:47.624+0200] {processor.py:154} INFO - Started process (PID=2073) to work on /Users/mnagy99/opt/anaconda3/envs/airflow-env/lib/python3.8/site-packages/airflow/example_dags/example_branch_operator.py
[2022-11-06T02:02:47.625+0200] {processor.py:756} INFO - Processing file /Users/mnagy99/opt/anaconda3/envs/airflow-env/lib/python3.8/site-packages/airflow/example_dags/example_branch_operator.py for tasks to queue
[2022-11-06T02:02:47.626+0200] {logging_mixin.py:120} INFO - [2022-11-06T02:02:47.626+0200] {dagbag.py:537} INFO - Filling up the DagBag from /Users/mnagy99/opt/anaconda3/envs/airflow-env/lib/python3.8/site-packages/airflow/example_dags/example_branch_operator.py
[2022-11-06T02:02:47.669+0200] {processor.py:766} INFO - DAG(s) dict_keys(['example_branch_operator']) retrieved from /Users/mnagy99/opt/anaconda3/envs/airflow-env/lib/python3.8/site-packages/airflow/example_dags/example_branch_operator.py
[2022-11-06T02:02:48.171+0200] {logging_mixin.py:120} INFO - [2022-11-06T02:02:48.171+0200] {dag.py:2585} INFO - Sync 1 DAGs
[2022-11-06T02:02:48.193+0200] {logging_mixin.py:120} INFO - [2022-11-06T02:02:48.193+0200] {dag.py:3336} INFO - Setting next_dagrun for example_branch_operator to 2022-11-05T00:00:00+00:00, run_after=2022-11-06T00:00:00+00:00
[2022-11-06T02:02:48.207+0200] {processor.py:176} INFO - Processing /Users/mnagy99/opt/anaconda3/envs/airflow-env/lib/python3.8/site-packages/airflow/example_dags/example_branch_operator.py took 0.584 seconds
[2022-11-06T02:05:08.273+0200] {processor.py:154} INFO - Started process (PID=2211) to work on /Users/mnagy99/opt/anaconda3/envs/airflow-env/lib/python3.8/site-packages/airflow/example_dags/example_branch_operator.py
[2022-11-06T02:05:08.276+0200] {processor.py:756} INFO - Processing file /Users/mnagy99/opt/anaconda3/envs/airflow-env/lib/python3.8/site-packages/airflow/example_dags/example_branch_operator.py for tasks to queue
[2022-11-06T02:05:08.277+0200] {logging_mixin.py:120} INFO - [2022-11-06T02:05:08.276+0200] {dagbag.py:537} INFO - Filling up the DagBag from /Users/mnagy99/opt/anaconda3/envs/airflow-env/lib/python3.8/site-packages/airflow/example_dags/example_branch_operator.py
[2022-11-06T02:05:08.315+0200] {processor.py:766} INFO - DAG(s) dict_keys(['example_branch_operator']) retrieved from /Users/mnagy99/opt/anaconda3/envs/airflow-env/lib/python3.8/site-packages/airflow/example_dags/example_branch_operator.py
[2022-11-06T02:05:08.861+0200] {logging_mixin.py:120} INFO - [2022-11-06T02:05:08.861+0200] {dag.py:2585} INFO - Sync 1 DAGs
[2022-11-06T02:05:08.882+0200] {logging_mixin.py:120} INFO - [2022-11-06T02:05:08.881+0200] {dag.py:3336} INFO - Setting next_dagrun for example_branch_operator to 2022-11-05T00:00:00+00:00, run_after=2022-11-06T00:00:00+00:00
[2022-11-06T02:05:08.904+0200] {processor.py:176} INFO - Processing /Users/mnagy99/opt/anaconda3/envs/airflow-env/lib/python3.8/site-packages/airflow/example_dags/example_branch_operator.py took 0.631 seconds
[2022-11-06T02:07:26.902+0200] {processor.py:154} INFO - Started process (PID=2339) to work on /Users/mnagy99/opt/anaconda3/envs/airflow-env/lib/python3.8/site-packages/airflow/example_dags/example_branch_operator.py
[2022-11-06T02:07:26.904+0200] {processor.py:756} INFO - Processing file /Users/mnagy99/opt/anaconda3/envs/airflow-env/lib/python3.8/site-packages/airflow/example_dags/example_branch_operator.py for tasks to queue
[2022-11-06T02:07:26.905+0200] {logging_mixin.py:120} INFO - [2022-11-06T02:07:26.904+0200] {dagbag.py:537} INFO - Filling up the DagBag from /Users/mnagy99/opt/anaconda3/envs/airflow-env/lib/python3.8/site-packages/airflow/example_dags/example_branch_operator.py
[2022-11-06T02:07:26.943+0200] {processor.py:766} INFO - DAG(s) dict_keys(['example_branch_operator']) retrieved from /Users/mnagy99/opt/anaconda3/envs/airflow-env/lib/python3.8/site-packages/airflow/example_dags/example_branch_operator.py
[2022-11-06T02:07:27.406+0200] {logging_mixin.py:120} INFO - [2022-11-06T02:07:27.405+0200] {dag.py:2585} INFO - Sync 1 DAGs
[2022-11-06T02:07:27.420+0200] {logging_mixin.py:120} INFO - [2022-11-06T02:07:27.420+0200] {dag.py:3336} INFO - Setting next_dagrun for example_branch_operator to 2022-11-05T00:00:00+00:00, run_after=2022-11-06T00:00:00+00:00
[2022-11-06T02:07:27.440+0200] {processor.py:176} INFO - Processing /Users/mnagy99/opt/anaconda3/envs/airflow-env/lib/python3.8/site-packages/airflow/example_dags/example_branch_operator.py took 0.539 seconds
[2022-11-06T02:09:46.089+0200] {processor.py:154} INFO - Started process (PID=2465) to work on /Users/mnagy99/opt/anaconda3/envs/airflow-env/lib/python3.8/site-packages/airflow/example_dags/example_branch_operator.py
[2022-11-06T02:09:46.090+0200] {processor.py:756} INFO - Processing file /Users/mnagy99/opt/anaconda3/envs/airflow-env/lib/python3.8/site-packages/airflow/example_dags/example_branch_operator.py for tasks to queue
[2022-11-06T02:09:46.091+0200] {logging_mixin.py:120} INFO - [2022-11-06T02:09:46.091+0200] {dagbag.py:537} INFO - Filling up the DagBag from /Users/mnagy99/opt/anaconda3/envs/airflow-env/lib/python3.8/site-packages/airflow/example_dags/example_branch_operator.py
[2022-11-06T02:09:46.129+0200] {processor.py:766} INFO - DAG(s) dict_keys(['example_branch_operator']) retrieved from /Users/mnagy99/opt/anaconda3/envs/airflow-env/lib/python3.8/site-packages/airflow/example_dags/example_branch_operator.py
[2022-11-06T02:09:46.610+0200] {logging_mixin.py:120} INFO - [2022-11-06T02:09:46.610+0200] {dag.py:2585} INFO - Sync 1 DAGs
[2022-11-06T02:09:46.631+0200] {logging_mixin.py:120} INFO - [2022-11-06T02:09:46.630+0200] {dag.py:3336} INFO - Setting next_dagrun for example_branch_operator to 2022-11-05T00:00:00+00:00, run_after=2022-11-06T00:00:00+00:00
[2022-11-06T02:09:46.650+0200] {processor.py:176} INFO - Processing /Users/mnagy99/opt/anaconda3/envs/airflow-env/lib/python3.8/site-packages/airflow/example_dags/example_branch_operator.py took 0.561 seconds
[2022-11-06T02:12:00.276+0200] {processor.py:154} INFO - Started process (PID=2597) to work on /Users/mnagy99/opt/anaconda3/envs/airflow-env/lib/python3.8/site-packages/airflow/example_dags/example_branch_operator.py
[2022-11-06T02:12:00.279+0200] {processor.py:756} INFO - Processing file /Users/mnagy99/opt/anaconda3/envs/airflow-env/lib/python3.8/site-packages/airflow/example_dags/example_branch_operator.py for tasks to queue
[2022-11-06T02:12:00.279+0200] {logging_mixin.py:120} INFO - [2022-11-06T02:12:00.279+0200] {dagbag.py:537} INFO - Filling up the DagBag from /Users/mnagy99/opt/anaconda3/envs/airflow-env/lib/python3.8/site-packages/airflow/example_dags/example_branch_operator.py
[2022-11-06T02:12:00.315+0200] {processor.py:766} INFO - DAG(s) dict_keys(['example_branch_operator']) retrieved from /Users/mnagy99/opt/anaconda3/envs/airflow-env/lib/python3.8/site-packages/airflow/example_dags/example_branch_operator.py
[2022-11-06T02:12:00.768+0200] {logging_mixin.py:120} INFO - [2022-11-06T02:12:00.768+0200] {dag.py:2585} INFO - Sync 1 DAGs
[2022-11-06T02:12:00.783+0200] {logging_mixin.py:120} INFO - [2022-11-06T02:12:00.783+0200] {dag.py:3336} INFO - Setting next_dagrun for example_branch_operator to 2022-11-05T00:00:00+00:00, run_after=2022-11-06T00:00:00+00:00
[2022-11-06T02:12:00.801+0200] {processor.py:176} INFO - Processing /Users/mnagy99/opt/anaconda3/envs/airflow-env/lib/python3.8/site-packages/airflow/example_dags/example_branch_operator.py took 0.526 seconds
[2022-11-06T02:14:11.609+0200] {processor.py:154} INFO - Started process (PID=2748) to work on /Users/mnagy99/opt/anaconda3/envs/airflow-env/lib/python3.8/site-packages/airflow/example_dags/example_branch_operator.py
[2022-11-06T02:14:11.611+0200] {processor.py:756} INFO - Processing file /Users/mnagy99/opt/anaconda3/envs/airflow-env/lib/python3.8/site-packages/airflow/example_dags/example_branch_operator.py for tasks to queue
[2022-11-06T02:14:11.611+0200] {logging_mixin.py:120} INFO - [2022-11-06T02:14:11.611+0200] {dagbag.py:537} INFO - Filling up the DagBag from /Users/mnagy99/opt/anaconda3/envs/airflow-env/lib/python3.8/site-packages/airflow/example_dags/example_branch_operator.py
[2022-11-06T02:14:11.724+0200] {processor.py:766} INFO - DAG(s) dict_keys(['example_branch_operator']) retrieved from /Users/mnagy99/opt/anaconda3/envs/airflow-env/lib/python3.8/site-packages/airflow/example_dags/example_branch_operator.py
[2022-11-06T02:14:13.425+0200] {logging_mixin.py:120} INFO - [2022-11-06T02:14:13.424+0200] {dag.py:2585} INFO - Sync 1 DAGs
[2022-11-06T02:14:13.474+0200] {logging_mixin.py:120} INFO - [2022-11-06T02:14:13.474+0200] {dag.py:3336} INFO - Setting next_dagrun for example_branch_operator to 2022-11-05T00:00:00+00:00, run_after=2022-11-06T00:00:00+00:00
[2022-11-06T02:14:13.497+0200] {processor.py:176} INFO - Processing /Users/mnagy99/opt/anaconda3/envs/airflow-env/lib/python3.8/site-packages/airflow/example_dags/example_branch_operator.py took 1.891 seconds
[2022-11-06T02:16:31.332+0200] {processor.py:154} INFO - Started process (PID=2930) to work on /Users/mnagy99/opt/anaconda3/envs/airflow-env/lib/python3.8/site-packages/airflow/example_dags/example_branch_operator.py
[2022-11-06T02:16:31.333+0200] {processor.py:756} INFO - Processing file /Users/mnagy99/opt/anaconda3/envs/airflow-env/lib/python3.8/site-packages/airflow/example_dags/example_branch_operator.py for tasks to queue
[2022-11-06T02:16:31.334+0200] {logging_mixin.py:120} INFO - [2022-11-06T02:16:31.333+0200] {dagbag.py:537} INFO - Filling up the DagBag from /Users/mnagy99/opt/anaconda3/envs/airflow-env/lib/python3.8/site-packages/airflow/example_dags/example_branch_operator.py
[2022-11-06T02:16:31.366+0200] {processor.py:766} INFO - DAG(s) dict_keys(['example_branch_operator']) retrieved from /Users/mnagy99/opt/anaconda3/envs/airflow-env/lib/python3.8/site-packages/airflow/example_dags/example_branch_operator.py
[2022-11-06T02:16:31.802+0200] {logging_mixin.py:120} INFO - [2022-11-06T02:16:31.801+0200] {dag.py:2585} INFO - Sync 1 DAGs
[2022-11-06T02:16:31.818+0200] {logging_mixin.py:120} INFO - [2022-11-06T02:16:31.818+0200] {dag.py:3336} INFO - Setting next_dagrun for example_branch_operator to 2022-11-05T00:00:00+00:00, run_after=2022-11-06T00:00:00+00:00
[2022-11-06T02:16:31.840+0200] {processor.py:176} INFO - Processing /Users/mnagy99/opt/anaconda3/envs/airflow-env/lib/python3.8/site-packages/airflow/example_dags/example_branch_operator.py took 0.509 seconds
[2022-11-06T02:18:43.487+0200] {processor.py:154} INFO - Started process (PID=3071) to work on /Users/mnagy99/opt/anaconda3/envs/airflow-env/lib/python3.8/site-packages/airflow/example_dags/example_branch_operator.py
[2022-11-06T02:18:43.489+0200] {processor.py:756} INFO - Processing file /Users/mnagy99/opt/anaconda3/envs/airflow-env/lib/python3.8/site-packages/airflow/example_dags/example_branch_operator.py for tasks to queue
[2022-11-06T02:18:43.490+0200] {logging_mixin.py:120} INFO - [2022-11-06T02:18:43.490+0200] {dagbag.py:537} INFO - Filling up the DagBag from /Users/mnagy99/opt/anaconda3/envs/airflow-env/lib/python3.8/site-packages/airflow/example_dags/example_branch_operator.py
[2022-11-06T02:18:43.525+0200] {processor.py:766} INFO - DAG(s) dict_keys(['example_branch_operator']) retrieved from /Users/mnagy99/opt/anaconda3/envs/airflow-env/lib/python3.8/site-packages/airflow/example_dags/example_branch_operator.py
[2022-11-06T02:18:43.956+0200] {logging_mixin.py:120} INFO - [2022-11-06T02:18:43.956+0200] {dag.py:2585} INFO - Sync 1 DAGs
[2022-11-06T02:18:43.972+0200] {logging_mixin.py:120} INFO - [2022-11-06T02:18:43.972+0200] {dag.py:3336} INFO - Setting next_dagrun for example_branch_operator to 2022-11-05T00:00:00+00:00, run_after=2022-11-06T00:00:00+00:00
[2022-11-06T02:18:43.989+0200] {processor.py:176} INFO - Processing /Users/mnagy99/opt/anaconda3/envs/airflow-env/lib/python3.8/site-packages/airflow/example_dags/example_branch_operator.py took 0.503 seconds
[2022-11-06T02:20:58.094+0200] {processor.py:154} INFO - Started process (PID=3210) to work on /Users/mnagy99/opt/anaconda3/envs/airflow-env/lib/python3.8/site-packages/airflow/example_dags/example_branch_operator.py
[2022-11-06T02:20:58.096+0200] {processor.py:756} INFO - Processing file /Users/mnagy99/opt/anaconda3/envs/airflow-env/lib/python3.8/site-packages/airflow/example_dags/example_branch_operator.py for tasks to queue
[2022-11-06T02:20:58.097+0200] {logging_mixin.py:120} INFO - [2022-11-06T02:20:58.097+0200] {dagbag.py:537} INFO - Filling up the DagBag from /Users/mnagy99/opt/anaconda3/envs/airflow-env/lib/python3.8/site-packages/airflow/example_dags/example_branch_operator.py
[2022-11-06T02:20:58.138+0200] {processor.py:766} INFO - DAG(s) dict_keys(['example_branch_operator']) retrieved from /Users/mnagy99/opt/anaconda3/envs/airflow-env/lib/python3.8/site-packages/airflow/example_dags/example_branch_operator.py
[2022-11-06T02:20:58.644+0200] {logging_mixin.py:120} INFO - [2022-11-06T02:20:58.644+0200] {dag.py:2585} INFO - Sync 1 DAGs
[2022-11-06T02:20:58.660+0200] {logging_mixin.py:120} INFO - [2022-11-06T02:20:58.660+0200] {dag.py:3336} INFO - Setting next_dagrun for example_branch_operator to 2022-11-05T00:00:00+00:00, run_after=2022-11-06T00:00:00+00:00
[2022-11-06T02:20:58.678+0200] {processor.py:176} INFO - Processing /Users/mnagy99/opt/anaconda3/envs/airflow-env/lib/python3.8/site-packages/airflow/example_dags/example_branch_operator.py took 0.585 seconds
[2022-11-06T02:23:03.816+0200] {processor.py:154} INFO - Started process (PID=3344) to work on /Users/mnagy99/opt/anaconda3/envs/airflow-env/lib/python3.8/site-packages/airflow/example_dags/example_branch_operator.py
[2022-11-06T02:23:03.818+0200] {processor.py:756} INFO - Processing file /Users/mnagy99/opt/anaconda3/envs/airflow-env/lib/python3.8/site-packages/airflow/example_dags/example_branch_operator.py for tasks to queue
[2022-11-06T02:23:03.818+0200] {logging_mixin.py:120} INFO - [2022-11-06T02:23:03.818+0200] {dagbag.py:537} INFO - Filling up the DagBag from /Users/mnagy99/opt/anaconda3/envs/airflow-env/lib/python3.8/site-packages/airflow/example_dags/example_branch_operator.py
[2022-11-06T02:23:03.853+0200] {processor.py:766} INFO - DAG(s) dict_keys(['example_branch_operator']) retrieved from /Users/mnagy99/opt/anaconda3/envs/airflow-env/lib/python3.8/site-packages/airflow/example_dags/example_branch_operator.py
[2022-11-06T02:23:04.313+0200] {logging_mixin.py:120} INFO - [2022-11-06T02:23:04.313+0200] {dag.py:2585} INFO - Sync 1 DAGs
[2022-11-06T02:23:04.336+0200] {logging_mixin.py:120} INFO - [2022-11-06T02:23:04.336+0200] {dag.py:3336} INFO - Setting next_dagrun for example_branch_operator to 2022-11-05T00:00:00+00:00, run_after=2022-11-06T00:00:00+00:00
[2022-11-06T02:23:04.362+0200] {processor.py:176} INFO - Processing /Users/mnagy99/opt/anaconda3/envs/airflow-env/lib/python3.8/site-packages/airflow/example_dags/example_branch_operator.py took 0.547 seconds
[2022-11-06T02:25:19.157+0200] {processor.py:154} INFO - Started process (PID=3486) to work on /Users/mnagy99/opt/anaconda3/envs/airflow-env/lib/python3.8/site-packages/airflow/example_dags/example_branch_operator.py
[2022-11-06T02:25:19.159+0200] {processor.py:756} INFO - Processing file /Users/mnagy99/opt/anaconda3/envs/airflow-env/lib/python3.8/site-packages/airflow/example_dags/example_branch_operator.py for tasks to queue
[2022-11-06T02:25:19.160+0200] {logging_mixin.py:120} INFO - [2022-11-06T02:25:19.160+0200] {dagbag.py:537} INFO - Filling up the DagBag from /Users/mnagy99/opt/anaconda3/envs/airflow-env/lib/python3.8/site-packages/airflow/example_dags/example_branch_operator.py
[2022-11-06T02:25:19.195+0200] {processor.py:766} INFO - DAG(s) dict_keys(['example_branch_operator']) retrieved from /Users/mnagy99/opt/anaconda3/envs/airflow-env/lib/python3.8/site-packages/airflow/example_dags/example_branch_operator.py
[2022-11-06T02:25:19.616+0200] {logging_mixin.py:120} INFO - [2022-11-06T02:25:19.616+0200] {dag.py:2585} INFO - Sync 1 DAGs
[2022-11-06T02:25:19.630+0200] {logging_mixin.py:120} INFO - [2022-11-06T02:25:19.630+0200] {dag.py:3336} INFO - Setting next_dagrun for example_branch_operator to 2022-11-05T00:00:00+00:00, run_after=2022-11-06T00:00:00+00:00
[2022-11-06T02:25:19.649+0200] {processor.py:176} INFO - Processing /Users/mnagy99/opt/anaconda3/envs/airflow-env/lib/python3.8/site-packages/airflow/example_dags/example_branch_operator.py took 0.493 seconds
[2022-11-06T02:27:33.071+0200] {processor.py:154} INFO - Started process (PID=3628) to work on /Users/mnagy99/opt/anaconda3/envs/airflow-env/lib/python3.8/site-packages/airflow/example_dags/example_branch_operator.py
[2022-11-06T02:27:33.074+0200] {processor.py:756} INFO - Processing file /Users/mnagy99/opt/anaconda3/envs/airflow-env/lib/python3.8/site-packages/airflow/example_dags/example_branch_operator.py for tasks to queue
[2022-11-06T02:27:33.074+0200] {logging_mixin.py:120} INFO - [2022-11-06T02:27:33.074+0200] {dagbag.py:537} INFO - Filling up the DagBag from /Users/mnagy99/opt/anaconda3/envs/airflow-env/lib/python3.8/site-packages/airflow/example_dags/example_branch_operator.py
[2022-11-06T02:27:33.109+0200] {processor.py:766} INFO - DAG(s) dict_keys(['example_branch_operator']) retrieved from /Users/mnagy99/opt/anaconda3/envs/airflow-env/lib/python3.8/site-packages/airflow/example_dags/example_branch_operator.py
[2022-11-06T02:27:33.571+0200] {logging_mixin.py:120} INFO - [2022-11-06T02:27:33.570+0200] {dag.py:2585} INFO - Sync 1 DAGs
[2022-11-06T02:27:33.586+0200] {logging_mixin.py:120} INFO - [2022-11-06T02:27:33.586+0200] {dag.py:3336} INFO - Setting next_dagrun for example_branch_operator to 2022-11-05T00:00:00+00:00, run_after=2022-11-06T00:00:00+00:00
[2022-11-06T02:27:33.602+0200] {processor.py:176} INFO - Processing /Users/mnagy99/opt/anaconda3/envs/airflow-env/lib/python3.8/site-packages/airflow/example_dags/example_branch_operator.py took 0.531 seconds
[2022-11-06T02:29:44.591+0200] {processor.py:154} INFO - Started process (PID=3773) to work on /Users/mnagy99/opt/anaconda3/envs/airflow-env/lib/python3.8/site-packages/airflow/example_dags/example_branch_operator.py
[2022-11-06T02:29:44.592+0200] {processor.py:756} INFO - Processing file /Users/mnagy99/opt/anaconda3/envs/airflow-env/lib/python3.8/site-packages/airflow/example_dags/example_branch_operator.py for tasks to queue
[2022-11-06T02:29:44.592+0200] {logging_mixin.py:120} INFO - [2022-11-06T02:29:44.592+0200] {dagbag.py:537} INFO - Filling up the DagBag from /Users/mnagy99/opt/anaconda3/envs/airflow-env/lib/python3.8/site-packages/airflow/example_dags/example_branch_operator.py
[2022-11-06T02:29:44.628+0200] {processor.py:766} INFO - DAG(s) dict_keys(['example_branch_operator']) retrieved from /Users/mnagy99/opt/anaconda3/envs/airflow-env/lib/python3.8/site-packages/airflow/example_dags/example_branch_operator.py
[2022-11-06T02:29:45.494+0200] {logging_mixin.py:120} INFO - [2022-11-06T02:29:45.494+0200] {dag.py:2585} INFO - Sync 1 DAGs
[2022-11-06T02:29:45.513+0200] {logging_mixin.py:120} INFO - [2022-11-06T02:29:45.513+0200] {dag.py:3336} INFO - Setting next_dagrun for example_branch_operator to 2022-11-05T00:00:00+00:00, run_after=2022-11-06T00:00:00+00:00
[2022-11-06T02:29:45.532+0200] {processor.py:176} INFO - Processing /Users/mnagy99/opt/anaconda3/envs/airflow-env/lib/python3.8/site-packages/airflow/example_dags/example_branch_operator.py took 0.942 seconds
[2022-11-06T02:31:59.110+0200] {processor.py:154} INFO - Started process (PID=3928) to work on /Users/mnagy99/opt/anaconda3/envs/airflow-env/lib/python3.8/site-packages/airflow/example_dags/example_branch_operator.py
[2022-11-06T02:31:59.111+0200] {processor.py:756} INFO - Processing file /Users/mnagy99/opt/anaconda3/envs/airflow-env/lib/python3.8/site-packages/airflow/example_dags/example_branch_operator.py for tasks to queue
[2022-11-06T02:31:59.112+0200] {logging_mixin.py:120} INFO - [2022-11-06T02:31:59.112+0200] {dagbag.py:537} INFO - Filling up the DagBag from /Users/mnagy99/opt/anaconda3/envs/airflow-env/lib/python3.8/site-packages/airflow/example_dags/example_branch_operator.py
[2022-11-06T02:31:59.164+0200] {processor.py:766} INFO - DAG(s) dict_keys(['example_branch_operator']) retrieved from /Users/mnagy99/opt/anaconda3/envs/airflow-env/lib/python3.8/site-packages/airflow/example_dags/example_branch_operator.py
[2022-11-06T02:32:00.088+0200] {logging_mixin.py:120} INFO - [2022-11-06T02:32:00.088+0200] {dag.py:2585} INFO - Sync 1 DAGs
[2022-11-06T02:32:00.105+0200] {logging_mixin.py:120} INFO - [2022-11-06T02:32:00.105+0200] {dag.py:3336} INFO - Setting next_dagrun for example_branch_operator to 2022-11-05T00:00:00+00:00, run_after=2022-11-06T00:00:00+00:00
[2022-11-06T02:32:00.126+0200] {processor.py:176} INFO - Processing /Users/mnagy99/opt/anaconda3/envs/airflow-env/lib/python3.8/site-packages/airflow/example_dags/example_branch_operator.py took 1.017 seconds
[2022-11-06T02:34:09.048+0200] {processor.py:154} INFO - Started process (PID=4071) to work on /Users/mnagy99/opt/anaconda3/envs/airflow-env/lib/python3.8/site-packages/airflow/example_dags/example_branch_operator.py
[2022-11-06T02:34:09.052+0200] {processor.py:756} INFO - Processing file /Users/mnagy99/opt/anaconda3/envs/airflow-env/lib/python3.8/site-packages/airflow/example_dags/example_branch_operator.py for tasks to queue
[2022-11-06T02:34:09.052+0200] {logging_mixin.py:120} INFO - [2022-11-06T02:34:09.052+0200] {dagbag.py:537} INFO - Filling up the DagBag from /Users/mnagy99/opt/anaconda3/envs/airflow-env/lib/python3.8/site-packages/airflow/example_dags/example_branch_operator.py
[2022-11-06T02:34:09.106+0200] {processor.py:766} INFO - DAG(s) dict_keys(['example_branch_operator']) retrieved from /Users/mnagy99/opt/anaconda3/envs/airflow-env/lib/python3.8/site-packages/airflow/example_dags/example_branch_operator.py
[2022-11-06T02:34:09.751+0200] {logging_mixin.py:120} INFO - [2022-11-06T02:34:09.751+0200] {dag.py:2585} INFO - Sync 1 DAGs
[2022-11-06T02:34:09.766+0200] {logging_mixin.py:120} INFO - [2022-11-06T02:34:09.766+0200] {dag.py:3336} INFO - Setting next_dagrun for example_branch_operator to 2022-11-05T00:00:00+00:00, run_after=2022-11-06T00:00:00+00:00
[2022-11-06T02:34:09.788+0200] {processor.py:176} INFO - Processing /Users/mnagy99/opt/anaconda3/envs/airflow-env/lib/python3.8/site-packages/airflow/example_dags/example_branch_operator.py took 0.744 seconds
[2022-11-06T02:36:15.900+0200] {processor.py:154} INFO - Started process (PID=4213) to work on /Users/mnagy99/opt/anaconda3/envs/airflow-env/lib/python3.8/site-packages/airflow/example_dags/example_branch_operator.py
[2022-11-06T02:36:15.900+0200] {processor.py:756} INFO - Processing file /Users/mnagy99/opt/anaconda3/envs/airflow-env/lib/python3.8/site-packages/airflow/example_dags/example_branch_operator.py for tasks to queue
[2022-11-06T02:36:15.901+0200] {logging_mixin.py:120} INFO - [2022-11-06T02:36:15.901+0200] {dagbag.py:537} INFO - Filling up the DagBag from /Users/mnagy99/opt/anaconda3/envs/airflow-env/lib/python3.8/site-packages/airflow/example_dags/example_branch_operator.py
[2022-11-06T02:36:15.934+0200] {processor.py:766} INFO - DAG(s) dict_keys(['example_branch_operator']) retrieved from /Users/mnagy99/opt/anaconda3/envs/airflow-env/lib/python3.8/site-packages/airflow/example_dags/example_branch_operator.py
[2022-11-06T02:36:16.910+0200] {logging_mixin.py:120} INFO - [2022-11-06T02:36:16.910+0200] {dag.py:2585} INFO - Sync 1 DAGs
[2022-11-06T02:36:16.960+0200] {logging_mixin.py:120} INFO - [2022-11-06T02:36:16.960+0200] {dag.py:3336} INFO - Setting next_dagrun for example_branch_operator to 2022-11-05T00:00:00+00:00, run_after=2022-11-06T00:00:00+00:00
[2022-11-06T02:36:16.998+0200] {processor.py:176} INFO - Processing /Users/mnagy99/opt/anaconda3/envs/airflow-env/lib/python3.8/site-packages/airflow/example_dags/example_branch_operator.py took 1.099 seconds
[2022-11-06T02:38:25.071+0200] {processor.py:154} INFO - Started process (PID=4343) to work on /Users/mnagy99/opt/anaconda3/envs/airflow-env/lib/python3.8/site-packages/airflow/example_dags/example_branch_operator.py
[2022-11-06T02:38:25.073+0200] {processor.py:756} INFO - Processing file /Users/mnagy99/opt/anaconda3/envs/airflow-env/lib/python3.8/site-packages/airflow/example_dags/example_branch_operator.py for tasks to queue
[2022-11-06T02:38:25.074+0200] {logging_mixin.py:120} INFO - [2022-11-06T02:38:25.074+0200] {dagbag.py:537} INFO - Filling up the DagBag from /Users/mnagy99/opt/anaconda3/envs/airflow-env/lib/python3.8/site-packages/airflow/example_dags/example_branch_operator.py
[2022-11-06T02:38:25.111+0200] {processor.py:766} INFO - DAG(s) dict_keys(['example_branch_operator']) retrieved from /Users/mnagy99/opt/anaconda3/envs/airflow-env/lib/python3.8/site-packages/airflow/example_dags/example_branch_operator.py
[2022-11-06T02:38:25.606+0200] {logging_mixin.py:120} INFO - [2022-11-06T02:38:25.606+0200] {dag.py:2585} INFO - Sync 1 DAGs
[2022-11-06T02:38:25.623+0200] {logging_mixin.py:120} INFO - [2022-11-06T02:38:25.623+0200] {dag.py:3336} INFO - Setting next_dagrun for example_branch_operator to 2022-11-05T00:00:00+00:00, run_after=2022-11-06T00:00:00+00:00
[2022-11-06T02:38:25.643+0200] {processor.py:176} INFO - Processing /Users/mnagy99/opt/anaconda3/envs/airflow-env/lib/python3.8/site-packages/airflow/example_dags/example_branch_operator.py took 0.573 seconds
[2022-11-06T02:40:40.175+0200] {processor.py:154} INFO - Started process (PID=4478) to work on /Users/mnagy99/opt/anaconda3/envs/airflow-env/lib/python3.8/site-packages/airflow/example_dags/example_branch_operator.py
[2022-11-06T02:40:40.177+0200] {processor.py:756} INFO - Processing file /Users/mnagy99/opt/anaconda3/envs/airflow-env/lib/python3.8/site-packages/airflow/example_dags/example_branch_operator.py for tasks to queue
[2022-11-06T02:40:40.177+0200] {logging_mixin.py:120} INFO - [2022-11-06T02:40:40.177+0200] {dagbag.py:537} INFO - Filling up the DagBag from /Users/mnagy99/opt/anaconda3/envs/airflow-env/lib/python3.8/site-packages/airflow/example_dags/example_branch_operator.py
[2022-11-06T02:40:40.212+0200] {processor.py:766} INFO - DAG(s) dict_keys(['example_branch_operator']) retrieved from /Users/mnagy99/opt/anaconda3/envs/airflow-env/lib/python3.8/site-packages/airflow/example_dags/example_branch_operator.py
[2022-11-06T02:40:40.720+0200] {logging_mixin.py:120} INFO - [2022-11-06T02:40:40.720+0200] {dag.py:2585} INFO - Sync 1 DAGs
[2022-11-06T02:40:40.734+0200] {logging_mixin.py:120} INFO - [2022-11-06T02:40:40.734+0200] {dag.py:3336} INFO - Setting next_dagrun for example_branch_operator to 2022-11-05T00:00:00+00:00, run_after=2022-11-06T00:00:00+00:00
[2022-11-06T02:40:40.749+0200] {processor.py:176} INFO - Processing /Users/mnagy99/opt/anaconda3/envs/airflow-env/lib/python3.8/site-packages/airflow/example_dags/example_branch_operator.py took 0.574 seconds
[2022-11-06T02:43:07.702+0200] {processor.py:154} INFO - Started process (PID=4647) to work on /Users/mnagy99/opt/anaconda3/envs/airflow-env/lib/python3.8/site-packages/airflow/example_dags/example_branch_operator.py
[2022-11-06T02:43:07.705+0200] {processor.py:756} INFO - Processing file /Users/mnagy99/opt/anaconda3/envs/airflow-env/lib/python3.8/site-packages/airflow/example_dags/example_branch_operator.py for tasks to queue
[2022-11-06T02:43:07.706+0200] {logging_mixin.py:120} INFO - [2022-11-06T02:43:07.705+0200] {dagbag.py:537} INFO - Filling up the DagBag from /Users/mnagy99/opt/anaconda3/envs/airflow-env/lib/python3.8/site-packages/airflow/example_dags/example_branch_operator.py
[2022-11-06T02:43:07.745+0200] {processor.py:766} INFO - DAG(s) dict_keys(['example_branch_operator']) retrieved from /Users/mnagy99/opt/anaconda3/envs/airflow-env/lib/python3.8/site-packages/airflow/example_dags/example_branch_operator.py
[2022-11-06T02:43:08.240+0200] {logging_mixin.py:120} INFO - [2022-11-06T02:43:08.240+0200] {dag.py:2585} INFO - Sync 1 DAGs
[2022-11-06T02:43:08.261+0200] {logging_mixin.py:120} INFO - [2022-11-06T02:43:08.261+0200] {dag.py:3336} INFO - Setting next_dagrun for example_branch_operator to 2022-11-05T00:00:00+00:00, run_after=2022-11-06T00:00:00+00:00
[2022-11-06T02:43:08.280+0200] {processor.py:176} INFO - Processing /Users/mnagy99/opt/anaconda3/envs/airflow-env/lib/python3.8/site-packages/airflow/example_dags/example_branch_operator.py took 0.579 seconds
[2022-11-06T02:45:31.168+0200] {processor.py:154} INFO - Started process (PID=4783) to work on /Users/mnagy99/opt/anaconda3/envs/airflow-env/lib/python3.8/site-packages/airflow/example_dags/example_branch_operator.py
[2022-11-06T02:45:31.172+0200] {processor.py:756} INFO - Processing file /Users/mnagy99/opt/anaconda3/envs/airflow-env/lib/python3.8/site-packages/airflow/example_dags/example_branch_operator.py for tasks to queue
[2022-11-06T02:45:31.172+0200] {logging_mixin.py:120} INFO - [2022-11-06T02:45:31.172+0200] {dagbag.py:537} INFO - Filling up the DagBag from /Users/mnagy99/opt/anaconda3/envs/airflow-env/lib/python3.8/site-packages/airflow/example_dags/example_branch_operator.py
[2022-11-06T02:45:31.210+0200] {processor.py:766} INFO - DAG(s) dict_keys(['example_branch_operator']) retrieved from /Users/mnagy99/opt/anaconda3/envs/airflow-env/lib/python3.8/site-packages/airflow/example_dags/example_branch_operator.py
[2022-11-06T02:45:31.644+0200] {logging_mixin.py:120} INFO - [2022-11-06T02:45:31.644+0200] {dag.py:2585} INFO - Sync 1 DAGs
[2022-11-06T02:45:31.659+0200] {logging_mixin.py:120} INFO - [2022-11-06T02:45:31.659+0200] {dag.py:3336} INFO - Setting next_dagrun for example_branch_operator to 2022-11-05T00:00:00+00:00, run_after=2022-11-06T00:00:00+00:00
[2022-11-06T02:45:31.677+0200] {processor.py:176} INFO - Processing /Users/mnagy99/opt/anaconda3/envs/airflow-env/lib/python3.8/site-packages/airflow/example_dags/example_branch_operator.py took 0.510 seconds
[2022-11-06T02:47:45.152+0200] {processor.py:154} INFO - Started process (PID=4922) to work on /Users/mnagy99/opt/anaconda3/envs/airflow-env/lib/python3.8/site-packages/airflow/example_dags/example_branch_operator.py
[2022-11-06T02:47:45.154+0200] {processor.py:756} INFO - Processing file /Users/mnagy99/opt/anaconda3/envs/airflow-env/lib/python3.8/site-packages/airflow/example_dags/example_branch_operator.py for tasks to queue
[2022-11-06T02:47:45.155+0200] {logging_mixin.py:120} INFO - [2022-11-06T02:47:45.155+0200] {dagbag.py:537} INFO - Filling up the DagBag from /Users/mnagy99/opt/anaconda3/envs/airflow-env/lib/python3.8/site-packages/airflow/example_dags/example_branch_operator.py
[2022-11-06T02:47:45.189+0200] {processor.py:766} INFO - DAG(s) dict_keys(['example_branch_operator']) retrieved from /Users/mnagy99/opt/anaconda3/envs/airflow-env/lib/python3.8/site-packages/airflow/example_dags/example_branch_operator.py
[2022-11-06T02:47:45.652+0200] {logging_mixin.py:120} INFO - [2022-11-06T02:47:45.652+0200] {dag.py:2585} INFO - Sync 1 DAGs
[2022-11-06T02:47:45.668+0200] {logging_mixin.py:120} INFO - [2022-11-06T02:47:45.667+0200] {dag.py:3336} INFO - Setting next_dagrun for example_branch_operator to 2022-11-05T00:00:00+00:00, run_after=2022-11-06T00:00:00+00:00
[2022-11-06T02:47:45.685+0200] {processor.py:176} INFO - Processing /Users/mnagy99/opt/anaconda3/envs/airflow-env/lib/python3.8/site-packages/airflow/example_dags/example_branch_operator.py took 0.534 seconds
[2022-11-06T02:49:52.603+0200] {processor.py:154} INFO - Started process (PID=5046) to work on /Users/mnagy99/opt/anaconda3/envs/airflow-env/lib/python3.8/site-packages/airflow/example_dags/example_branch_operator.py
[2022-11-06T02:49:52.605+0200] {processor.py:756} INFO - Processing file /Users/mnagy99/opt/anaconda3/envs/airflow-env/lib/python3.8/site-packages/airflow/example_dags/example_branch_operator.py for tasks to queue
[2022-11-06T02:49:52.605+0200] {logging_mixin.py:120} INFO - [2022-11-06T02:49:52.605+0200] {dagbag.py:537} INFO - Filling up the DagBag from /Users/mnagy99/opt/anaconda3/envs/airflow-env/lib/python3.8/site-packages/airflow/example_dags/example_branch_operator.py
[2022-11-06T02:49:52.639+0200] {processor.py:766} INFO - DAG(s) dict_keys(['example_branch_operator']) retrieved from /Users/mnagy99/opt/anaconda3/envs/airflow-env/lib/python3.8/site-packages/airflow/example_dags/example_branch_operator.py
[2022-11-06T02:49:53.073+0200] {logging_mixin.py:120} INFO - [2022-11-06T02:49:53.073+0200] {dag.py:2585} INFO - Sync 1 DAGs
[2022-11-06T02:49:53.088+0200] {logging_mixin.py:120} INFO - [2022-11-06T02:49:53.088+0200] {dag.py:3336} INFO - Setting next_dagrun for example_branch_operator to 2022-11-05T00:00:00+00:00, run_after=2022-11-06T00:00:00+00:00
[2022-11-06T02:49:53.106+0200] {processor.py:176} INFO - Processing /Users/mnagy99/opt/anaconda3/envs/airflow-env/lib/python3.8/site-packages/airflow/example_dags/example_branch_operator.py took 0.504 seconds
[2022-11-06T02:51:55.574+0200] {processor.py:154} INFO - Started process (PID=5174) to work on /Users/mnagy99/opt/anaconda3/envs/airflow-env/lib/python3.8/site-packages/airflow/example_dags/example_branch_operator.py
[2022-11-06T02:51:55.576+0200] {processor.py:756} INFO - Processing file /Users/mnagy99/opt/anaconda3/envs/airflow-env/lib/python3.8/site-packages/airflow/example_dags/example_branch_operator.py for tasks to queue
[2022-11-06T02:51:55.577+0200] {logging_mixin.py:120} INFO - [2022-11-06T02:51:55.577+0200] {dagbag.py:537} INFO - Filling up the DagBag from /Users/mnagy99/opt/anaconda3/envs/airflow-env/lib/python3.8/site-packages/airflow/example_dags/example_branch_operator.py
[2022-11-06T02:51:55.613+0200] {processor.py:766} INFO - DAG(s) dict_keys(['example_branch_operator']) retrieved from /Users/mnagy99/opt/anaconda3/envs/airflow-env/lib/python3.8/site-packages/airflow/example_dags/example_branch_operator.py
[2022-11-06T02:51:56.039+0200] {logging_mixin.py:120} INFO - [2022-11-06T02:51:56.038+0200] {dag.py:2585} INFO - Sync 1 DAGs
[2022-11-06T02:51:56.054+0200] {logging_mixin.py:120} INFO - [2022-11-06T02:51:56.053+0200] {dag.py:3336} INFO - Setting next_dagrun for example_branch_operator to 2022-11-05T00:00:00+00:00, run_after=2022-11-06T00:00:00+00:00
[2022-11-06T02:51:56.074+0200] {processor.py:176} INFO - Processing /Users/mnagy99/opt/anaconda3/envs/airflow-env/lib/python3.8/site-packages/airflow/example_dags/example_branch_operator.py took 0.501 seconds
[2022-11-06T02:53:59.708+0200] {processor.py:154} INFO - Started process (PID=5296) to work on /Users/mnagy99/opt/anaconda3/envs/airflow-env/lib/python3.8/site-packages/airflow/example_dags/example_branch_operator.py
[2022-11-06T02:53:59.710+0200] {processor.py:756} INFO - Processing file /Users/mnagy99/opt/anaconda3/envs/airflow-env/lib/python3.8/site-packages/airflow/example_dags/example_branch_operator.py for tasks to queue
[2022-11-06T02:53:59.711+0200] {logging_mixin.py:120} INFO - [2022-11-06T02:53:59.711+0200] {dagbag.py:537} INFO - Filling up the DagBag from /Users/mnagy99/opt/anaconda3/envs/airflow-env/lib/python3.8/site-packages/airflow/example_dags/example_branch_operator.py
[2022-11-06T02:53:59.745+0200] {processor.py:766} INFO - DAG(s) dict_keys(['example_branch_operator']) retrieved from /Users/mnagy99/opt/anaconda3/envs/airflow-env/lib/python3.8/site-packages/airflow/example_dags/example_branch_operator.py
[2022-11-06T02:54:00.201+0200] {logging_mixin.py:120} INFO - [2022-11-06T02:54:00.201+0200] {dag.py:2585} INFO - Sync 1 DAGs
[2022-11-06T02:54:00.219+0200] {logging_mixin.py:120} INFO - [2022-11-06T02:54:00.219+0200] {dag.py:3336} INFO - Setting next_dagrun for example_branch_operator to 2022-11-05T00:00:00+00:00, run_after=2022-11-06T00:00:00+00:00
[2022-11-06T02:54:00.240+0200] {processor.py:176} INFO - Processing /Users/mnagy99/opt/anaconda3/envs/airflow-env/lib/python3.8/site-packages/airflow/example_dags/example_branch_operator.py took 0.533 seconds
[2022-11-06T02:56:13.296+0200] {processor.py:154} INFO - Started process (PID=5424) to work on /Users/mnagy99/opt/anaconda3/envs/airflow-env/lib/python3.8/site-packages/airflow/example_dags/example_branch_operator.py
[2022-11-06T02:56:13.298+0200] {processor.py:756} INFO - Processing file /Users/mnagy99/opt/anaconda3/envs/airflow-env/lib/python3.8/site-packages/airflow/example_dags/example_branch_operator.py for tasks to queue
[2022-11-06T02:56:13.299+0200] {logging_mixin.py:120} INFO - [2022-11-06T02:56:13.299+0200] {dagbag.py:537} INFO - Filling up the DagBag from /Users/mnagy99/opt/anaconda3/envs/airflow-env/lib/python3.8/site-packages/airflow/example_dags/example_branch_operator.py
[2022-11-06T02:56:13.337+0200] {processor.py:766} INFO - DAG(s) dict_keys(['example_branch_operator']) retrieved from /Users/mnagy99/opt/anaconda3/envs/airflow-env/lib/python3.8/site-packages/airflow/example_dags/example_branch_operator.py
[2022-11-06T02:56:13.756+0200] {logging_mixin.py:120} INFO - [2022-11-06T02:56:13.756+0200] {dag.py:2585} INFO - Sync 1 DAGs
[2022-11-06T02:56:13.771+0200] {logging_mixin.py:120} INFO - [2022-11-06T02:56:13.771+0200] {dag.py:3336} INFO - Setting next_dagrun for example_branch_operator to 2022-11-05T00:00:00+00:00, run_after=2022-11-06T00:00:00+00:00
[2022-11-06T02:56:13.790+0200] {processor.py:176} INFO - Processing /Users/mnagy99/opt/anaconda3/envs/airflow-env/lib/python3.8/site-packages/airflow/example_dags/example_branch_operator.py took 0.495 seconds
[2022-11-06T02:58:28.784+0200] {processor.py:154} INFO - Started process (PID=5570) to work on /Users/mnagy99/opt/anaconda3/envs/airflow-env/lib/python3.8/site-packages/airflow/example_dags/example_branch_operator.py
[2022-11-06T02:58:28.786+0200] {processor.py:756} INFO - Processing file /Users/mnagy99/opt/anaconda3/envs/airflow-env/lib/python3.8/site-packages/airflow/example_dags/example_branch_operator.py for tasks to queue
[2022-11-06T02:58:28.787+0200] {logging_mixin.py:120} INFO - [2022-11-06T02:58:28.787+0200] {dagbag.py:537} INFO - Filling up the DagBag from /Users/mnagy99/opt/anaconda3/envs/airflow-env/lib/python3.8/site-packages/airflow/example_dags/example_branch_operator.py
[2022-11-06T02:58:28.821+0200] {processor.py:766} INFO - DAG(s) dict_keys(['example_branch_operator']) retrieved from /Users/mnagy99/opt/anaconda3/envs/airflow-env/lib/python3.8/site-packages/airflow/example_dags/example_branch_operator.py
[2022-11-06T02:58:29.255+0200] {logging_mixin.py:120} INFO - [2022-11-06T02:58:29.255+0200] {dag.py:2585} INFO - Sync 1 DAGs
[2022-11-06T02:58:29.271+0200] {logging_mixin.py:120} INFO - [2022-11-06T02:58:29.271+0200] {dag.py:3336} INFO - Setting next_dagrun for example_branch_operator to 2022-11-05T00:00:00+00:00, run_after=2022-11-06T00:00:00+00:00
[2022-11-06T02:58:29.294+0200] {processor.py:176} INFO - Processing /Users/mnagy99/opt/anaconda3/envs/airflow-env/lib/python3.8/site-packages/airflow/example_dags/example_branch_operator.py took 0.511 seconds
[2022-11-06T03:00:48.745+0200] {processor.py:154} INFO - Started process (PID=5708) to work on /Users/mnagy99/opt/anaconda3/envs/airflow-env/lib/python3.8/site-packages/airflow/example_dags/example_branch_operator.py
[2022-11-06T03:00:48.753+0200] {processor.py:756} INFO - Processing file /Users/mnagy99/opt/anaconda3/envs/airflow-env/lib/python3.8/site-packages/airflow/example_dags/example_branch_operator.py for tasks to queue
[2022-11-06T03:00:48.755+0200] {logging_mixin.py:120} INFO - [2022-11-06T03:00:48.755+0200] {dagbag.py:537} INFO - Filling up the DagBag from /Users/mnagy99/opt/anaconda3/envs/airflow-env/lib/python3.8/site-packages/airflow/example_dags/example_branch_operator.py
[2022-11-06T03:00:48.812+0200] {processor.py:766} INFO - DAG(s) dict_keys(['example_branch_operator']) retrieved from /Users/mnagy99/opt/anaconda3/envs/airflow-env/lib/python3.8/site-packages/airflow/example_dags/example_branch_operator.py
[2022-11-06T03:00:49.347+0200] {logging_mixin.py:120} INFO - [2022-11-06T03:00:49.346+0200] {dag.py:2585} INFO - Sync 1 DAGs
[2022-11-06T03:00:49.370+0200] {logging_mixin.py:120} INFO - [2022-11-06T03:00:49.370+0200] {dag.py:3336} INFO - Setting next_dagrun for example_branch_operator to 2022-11-05T00:00:00+00:00, run_after=2022-11-06T00:00:00+00:00
[2022-11-06T03:00:49.389+0200] {processor.py:176} INFO - Processing /Users/mnagy99/opt/anaconda3/envs/airflow-env/lib/python3.8/site-packages/airflow/example_dags/example_branch_operator.py took 0.645 seconds
[2022-11-06T03:03:33.165+0200] {processor.py:154} INFO - Started process (PID=5850) to work on /Users/mnagy99/opt/anaconda3/envs/airflow-env/lib/python3.8/site-packages/airflow/example_dags/example_branch_operator.py
[2022-11-06T03:03:33.167+0200] {processor.py:756} INFO - Processing file /Users/mnagy99/opt/anaconda3/envs/airflow-env/lib/python3.8/site-packages/airflow/example_dags/example_branch_operator.py for tasks to queue
[2022-11-06T03:03:33.168+0200] {logging_mixin.py:120} INFO - [2022-11-06T03:03:33.168+0200] {dagbag.py:537} INFO - Filling up the DagBag from /Users/mnagy99/opt/anaconda3/envs/airflow-env/lib/python3.8/site-packages/airflow/example_dags/example_branch_operator.py
[2022-11-06T03:03:33.209+0200] {processor.py:766} INFO - DAG(s) dict_keys(['example_branch_operator']) retrieved from /Users/mnagy99/opt/anaconda3/envs/airflow-env/lib/python3.8/site-packages/airflow/example_dags/example_branch_operator.py
[2022-11-06T03:03:33.662+0200] {logging_mixin.py:120} INFO - [2022-11-06T03:03:33.662+0200] {dag.py:2585} INFO - Sync 1 DAGs
[2022-11-06T03:03:33.677+0200] {logging_mixin.py:120} INFO - [2022-11-06T03:03:33.676+0200] {dag.py:3336} INFO - Setting next_dagrun for example_branch_operator to 2022-11-05T00:00:00+00:00, run_after=2022-11-06T00:00:00+00:00
[2022-11-06T03:03:33.694+0200] {processor.py:176} INFO - Processing /Users/mnagy99/opt/anaconda3/envs/airflow-env/lib/python3.8/site-packages/airflow/example_dags/example_branch_operator.py took 0.530 seconds
[2022-11-06T03:05:49.472+0200] {processor.py:154} INFO - Started process (PID=5984) to work on /Users/mnagy99/opt/anaconda3/envs/airflow-env/lib/python3.8/site-packages/airflow/example_dags/example_branch_operator.py
[2022-11-06T03:05:49.473+0200] {processor.py:756} INFO - Processing file /Users/mnagy99/opt/anaconda3/envs/airflow-env/lib/python3.8/site-packages/airflow/example_dags/example_branch_operator.py for tasks to queue
[2022-11-06T03:05:49.474+0200] {logging_mixin.py:120} INFO - [2022-11-06T03:05:49.474+0200] {dagbag.py:537} INFO - Filling up the DagBag from /Users/mnagy99/opt/anaconda3/envs/airflow-env/lib/python3.8/site-packages/airflow/example_dags/example_branch_operator.py
[2022-11-06T03:05:49.508+0200] {processor.py:766} INFO - DAG(s) dict_keys(['example_branch_operator']) retrieved from /Users/mnagy99/opt/anaconda3/envs/airflow-env/lib/python3.8/site-packages/airflow/example_dags/example_branch_operator.py
[2022-11-06T03:05:50.081+0200] {logging_mixin.py:120} INFO - [2022-11-06T03:05:50.080+0200] {dag.py:2585} INFO - Sync 1 DAGs
[2022-11-06T03:05:50.098+0200] {logging_mixin.py:120} INFO - [2022-11-06T03:05:50.098+0200] {dag.py:3336} INFO - Setting next_dagrun for example_branch_operator to 2022-11-05T00:00:00+00:00, run_after=2022-11-06T00:00:00+00:00
[2022-11-06T03:05:50.118+0200] {processor.py:176} INFO - Processing /Users/mnagy99/opt/anaconda3/envs/airflow-env/lib/python3.8/site-packages/airflow/example_dags/example_branch_operator.py took 0.647 seconds
[2022-11-06T03:08:06.640+0200] {processor.py:154} INFO - Started process (PID=6118) to work on /Users/mnagy99/opt/anaconda3/envs/airflow-env/lib/python3.8/site-packages/airflow/example_dags/example_branch_operator.py
[2022-11-06T03:08:06.643+0200] {processor.py:756} INFO - Processing file /Users/mnagy99/opt/anaconda3/envs/airflow-env/lib/python3.8/site-packages/airflow/example_dags/example_branch_operator.py for tasks to queue
[2022-11-06T03:08:06.643+0200] {logging_mixin.py:120} INFO - [2022-11-06T03:08:06.643+0200] {dagbag.py:537} INFO - Filling up the DagBag from /Users/mnagy99/opt/anaconda3/envs/airflow-env/lib/python3.8/site-packages/airflow/example_dags/example_branch_operator.py
[2022-11-06T03:08:06.681+0200] {processor.py:766} INFO - DAG(s) dict_keys(['example_branch_operator']) retrieved from /Users/mnagy99/opt/anaconda3/envs/airflow-env/lib/python3.8/site-packages/airflow/example_dags/example_branch_operator.py
[2022-11-06T03:08:07.128+0200] {logging_mixin.py:120} INFO - [2022-11-06T03:08:07.128+0200] {dag.py:2585} INFO - Sync 1 DAGs
[2022-11-06T03:08:07.144+0200] {logging_mixin.py:120} INFO - [2022-11-06T03:08:07.144+0200] {dag.py:3336} INFO - Setting next_dagrun for example_branch_operator to 2022-11-05T00:00:00+00:00, run_after=2022-11-06T00:00:00+00:00
[2022-11-06T03:08:07.164+0200] {processor.py:176} INFO - Processing /Users/mnagy99/opt/anaconda3/envs/airflow-env/lib/python3.8/site-packages/airflow/example_dags/example_branch_operator.py took 0.525 seconds
[2022-11-06T03:10:16.507+0200] {processor.py:154} INFO - Started process (PID=6256) to work on /Users/mnagy99/opt/anaconda3/envs/airflow-env/lib/python3.8/site-packages/airflow/example_dags/example_branch_operator.py
[2022-11-06T03:10:16.509+0200] {processor.py:756} INFO - Processing file /Users/mnagy99/opt/anaconda3/envs/airflow-env/lib/python3.8/site-packages/airflow/example_dags/example_branch_operator.py for tasks to queue
[2022-11-06T03:10:16.510+0200] {logging_mixin.py:120} INFO - [2022-11-06T03:10:16.510+0200] {dagbag.py:537} INFO - Filling up the DagBag from /Users/mnagy99/opt/anaconda3/envs/airflow-env/lib/python3.8/site-packages/airflow/example_dags/example_branch_operator.py
[2022-11-06T03:10:16.544+0200] {processor.py:766} INFO - DAG(s) dict_keys(['example_branch_operator']) retrieved from /Users/mnagy99/opt/anaconda3/envs/airflow-env/lib/python3.8/site-packages/airflow/example_dags/example_branch_operator.py
[2022-11-06T03:10:16.967+0200] {logging_mixin.py:120} INFO - [2022-11-06T03:10:16.967+0200] {dag.py:2585} INFO - Sync 1 DAGs
[2022-11-06T03:10:16.984+0200] {logging_mixin.py:120} INFO - [2022-11-06T03:10:16.984+0200] {dag.py:3336} INFO - Setting next_dagrun for example_branch_operator to 2022-11-05T00:00:00+00:00, run_after=2022-11-06T00:00:00+00:00
[2022-11-06T03:10:17.005+0200] {processor.py:176} INFO - Processing /Users/mnagy99/opt/anaconda3/envs/airflow-env/lib/python3.8/site-packages/airflow/example_dags/example_branch_operator.py took 0.499 seconds
[2022-11-06T03:12:22.634+0200] {processor.py:154} INFO - Started process (PID=6388) to work on /Users/mnagy99/opt/anaconda3/envs/airflow-env/lib/python3.8/site-packages/airflow/example_dags/example_branch_operator.py
[2022-11-06T03:12:22.637+0200] {processor.py:756} INFO - Processing file /Users/mnagy99/opt/anaconda3/envs/airflow-env/lib/python3.8/site-packages/airflow/example_dags/example_branch_operator.py for tasks to queue
[2022-11-06T03:12:22.637+0200] {logging_mixin.py:120} INFO - [2022-11-06T03:12:22.637+0200] {dagbag.py:537} INFO - Filling up the DagBag from /Users/mnagy99/opt/anaconda3/envs/airflow-env/lib/python3.8/site-packages/airflow/example_dags/example_branch_operator.py
[2022-11-06T03:12:22.676+0200] {processor.py:766} INFO - DAG(s) dict_keys(['example_branch_operator']) retrieved from /Users/mnagy99/opt/anaconda3/envs/airflow-env/lib/python3.8/site-packages/airflow/example_dags/example_branch_operator.py
[2022-11-06T03:12:23.287+0200] {logging_mixin.py:120} INFO - [2022-11-06T03:12:23.287+0200] {dag.py:2585} INFO - Sync 1 DAGs
[2022-11-06T03:12:23.305+0200] {logging_mixin.py:120} INFO - [2022-11-06T03:12:23.305+0200] {dag.py:3336} INFO - Setting next_dagrun for example_branch_operator to 2022-11-05T00:00:00+00:00, run_after=2022-11-06T00:00:00+00:00
[2022-11-06T03:12:23.326+0200] {processor.py:176} INFO - Processing /Users/mnagy99/opt/anaconda3/envs/airflow-env/lib/python3.8/site-packages/airflow/example_dags/example_branch_operator.py took 0.693 seconds
[2022-11-06T03:14:25.343+0200] {processor.py:154} INFO - Started process (PID=6508) to work on /Users/mnagy99/opt/anaconda3/envs/airflow-env/lib/python3.8/site-packages/airflow/example_dags/example_branch_operator.py
[2022-11-06T03:14:25.345+0200] {processor.py:756} INFO - Processing file /Users/mnagy99/opt/anaconda3/envs/airflow-env/lib/python3.8/site-packages/airflow/example_dags/example_branch_operator.py for tasks to queue
[2022-11-06T03:14:25.346+0200] {logging_mixin.py:120} INFO - [2022-11-06T03:14:25.345+0200] {dagbag.py:537} INFO - Filling up the DagBag from /Users/mnagy99/opt/anaconda3/envs/airflow-env/lib/python3.8/site-packages/airflow/example_dags/example_branch_operator.py
[2022-11-06T03:14:25.378+0200] {processor.py:766} INFO - DAG(s) dict_keys(['example_branch_operator']) retrieved from /Users/mnagy99/opt/anaconda3/envs/airflow-env/lib/python3.8/site-packages/airflow/example_dags/example_branch_operator.py
[2022-11-06T03:14:25.859+0200] {logging_mixin.py:120} INFO - [2022-11-06T03:14:25.859+0200] {dag.py:2585} INFO - Sync 1 DAGs
[2022-11-06T03:14:25.878+0200] {logging_mixin.py:120} INFO - [2022-11-06T03:14:25.878+0200] {dag.py:3336} INFO - Setting next_dagrun for example_branch_operator to 2022-11-05T00:00:00+00:00, run_after=2022-11-06T00:00:00+00:00
[2022-11-06T03:14:25.899+0200] {processor.py:176} INFO - Processing /Users/mnagy99/opt/anaconda3/envs/airflow-env/lib/python3.8/site-packages/airflow/example_dags/example_branch_operator.py took 0.557 seconds
[2022-11-06T03:16:25.201+0200] {processor.py:154} INFO - Started process (PID=6637) to work on /Users/mnagy99/opt/anaconda3/envs/airflow-env/lib/python3.8/site-packages/airflow/example_dags/example_branch_operator.py
[2022-11-06T03:16:25.204+0200] {processor.py:756} INFO - Processing file /Users/mnagy99/opt/anaconda3/envs/airflow-env/lib/python3.8/site-packages/airflow/example_dags/example_branch_operator.py for tasks to queue
[2022-11-06T03:16:25.205+0200] {logging_mixin.py:120} INFO - [2022-11-06T03:16:25.205+0200] {dagbag.py:537} INFO - Filling up the DagBag from /Users/mnagy99/opt/anaconda3/envs/airflow-env/lib/python3.8/site-packages/airflow/example_dags/example_branch_operator.py
[2022-11-06T03:16:25.244+0200] {processor.py:766} INFO - DAG(s) dict_keys(['example_branch_operator']) retrieved from /Users/mnagy99/opt/anaconda3/envs/airflow-env/lib/python3.8/site-packages/airflow/example_dags/example_branch_operator.py
[2022-11-06T03:16:25.673+0200] {logging_mixin.py:120} INFO - [2022-11-06T03:16:25.673+0200] {dag.py:2585} INFO - Sync 1 DAGs
[2022-11-06T03:16:25.691+0200] {logging_mixin.py:120} INFO - [2022-11-06T03:16:25.690+0200] {dag.py:3336} INFO - Setting next_dagrun for example_branch_operator to 2022-11-05T00:00:00+00:00, run_after=2022-11-06T00:00:00+00:00
[2022-11-06T03:16:25.713+0200] {processor.py:176} INFO - Processing /Users/mnagy99/opt/anaconda3/envs/airflow-env/lib/python3.8/site-packages/airflow/example_dags/example_branch_operator.py took 0.512 seconds
[2022-11-06T03:18:21.433+0200] {processor.py:154} INFO - Started process (PID=6772) to work on /Users/mnagy99/opt/anaconda3/envs/airflow-env/lib/python3.8/site-packages/airflow/example_dags/example_branch_operator.py
[2022-11-06T03:18:21.436+0200] {processor.py:756} INFO - Processing file /Users/mnagy99/opt/anaconda3/envs/airflow-env/lib/python3.8/site-packages/airflow/example_dags/example_branch_operator.py for tasks to queue
[2022-11-06T03:18:21.437+0200] {logging_mixin.py:120} INFO - [2022-11-06T03:18:21.436+0200] {dagbag.py:537} INFO - Filling up the DagBag from /Users/mnagy99/opt/anaconda3/envs/airflow-env/lib/python3.8/site-packages/airflow/example_dags/example_branch_operator.py
[2022-11-06T03:18:21.469+0200] {processor.py:766} INFO - DAG(s) dict_keys(['example_branch_operator']) retrieved from /Users/mnagy99/opt/anaconda3/envs/airflow-env/lib/python3.8/site-packages/airflow/example_dags/example_branch_operator.py
[2022-11-06T03:18:21.916+0200] {logging_mixin.py:120} INFO - [2022-11-06T03:18:21.916+0200] {dag.py:2585} INFO - Sync 1 DAGs
[2022-11-06T03:18:21.931+0200] {logging_mixin.py:120} INFO - [2022-11-06T03:18:21.931+0200] {dag.py:3336} INFO - Setting next_dagrun for example_branch_operator to 2022-11-05T00:00:00+00:00, run_after=2022-11-06T00:00:00+00:00
[2022-11-06T03:18:21.953+0200] {processor.py:176} INFO - Processing /Users/mnagy99/opt/anaconda3/envs/airflow-env/lib/python3.8/site-packages/airflow/example_dags/example_branch_operator.py took 0.520 seconds
[2022-11-06T03:20:20.001+0200] {processor.py:154} INFO - Started process (PID=6896) to work on /Users/mnagy99/opt/anaconda3/envs/airflow-env/lib/python3.8/site-packages/airflow/example_dags/example_branch_operator.py
[2022-11-06T03:20:20.001+0200] {processor.py:756} INFO - Processing file /Users/mnagy99/opt/anaconda3/envs/airflow-env/lib/python3.8/site-packages/airflow/example_dags/example_branch_operator.py for tasks to queue
[2022-11-06T03:20:20.002+0200] {logging_mixin.py:120} INFO - [2022-11-06T03:20:20.002+0200] {dagbag.py:537} INFO - Filling up the DagBag from /Users/mnagy99/opt/anaconda3/envs/airflow-env/lib/python3.8/site-packages/airflow/example_dags/example_branch_operator.py
[2022-11-06T03:20:20.033+0200] {processor.py:766} INFO - DAG(s) dict_keys(['example_branch_operator']) retrieved from /Users/mnagy99/opt/anaconda3/envs/airflow-env/lib/python3.8/site-packages/airflow/example_dags/example_branch_operator.py
[2022-11-06T03:20:20.454+0200] {logging_mixin.py:120} INFO - [2022-11-06T03:20:20.453+0200] {dag.py:2585} INFO - Sync 1 DAGs
[2022-11-06T03:20:20.468+0200] {logging_mixin.py:120} INFO - [2022-11-06T03:20:20.468+0200] {dag.py:3336} INFO - Setting next_dagrun for example_branch_operator to 2022-11-05T00:00:00+00:00, run_after=2022-11-06T00:00:00+00:00
[2022-11-06T03:20:20.487+0200] {processor.py:176} INFO - Processing /Users/mnagy99/opt/anaconda3/envs/airflow-env/lib/python3.8/site-packages/airflow/example_dags/example_branch_operator.py took 0.487 seconds
[2022-11-06T03:22:19.837+0200] {processor.py:154} INFO - Started process (PID=7023) to work on /Users/mnagy99/opt/anaconda3/envs/airflow-env/lib/python3.8/site-packages/airflow/example_dags/example_branch_operator.py
[2022-11-06T03:22:19.838+0200] {processor.py:756} INFO - Processing file /Users/mnagy99/opt/anaconda3/envs/airflow-env/lib/python3.8/site-packages/airflow/example_dags/example_branch_operator.py for tasks to queue
[2022-11-06T03:22:19.838+0200] {logging_mixin.py:120} INFO - [2022-11-06T03:22:19.838+0200] {dagbag.py:537} INFO - Filling up the DagBag from /Users/mnagy99/opt/anaconda3/envs/airflow-env/lib/python3.8/site-packages/airflow/example_dags/example_branch_operator.py
[2022-11-06T03:22:19.875+0200] {processor.py:766} INFO - DAG(s) dict_keys(['example_branch_operator']) retrieved from /Users/mnagy99/opt/anaconda3/envs/airflow-env/lib/python3.8/site-packages/airflow/example_dags/example_branch_operator.py
[2022-11-06T03:22:20.539+0200] {logging_mixin.py:120} INFO - [2022-11-06T03:22:20.538+0200] {dag.py:2585} INFO - Sync 1 DAGs
[2022-11-06T03:22:20.553+0200] {logging_mixin.py:120} INFO - [2022-11-06T03:22:20.553+0200] {dag.py:3336} INFO - Setting next_dagrun for example_branch_operator to 2022-11-05T00:00:00+00:00, run_after=2022-11-06T00:00:00+00:00
[2022-11-06T03:22:20.572+0200] {processor.py:176} INFO - Processing /Users/mnagy99/opt/anaconda3/envs/airflow-env/lib/python3.8/site-packages/airflow/example_dags/example_branch_operator.py took 0.736 seconds
[2022-11-06T03:24:24.715+0200] {processor.py:154} INFO - Started process (PID=7148) to work on /Users/mnagy99/opt/anaconda3/envs/airflow-env/lib/python3.8/site-packages/airflow/example_dags/example_branch_operator.py
[2022-11-06T03:24:24.717+0200] {processor.py:756} INFO - Processing file /Users/mnagy99/opt/anaconda3/envs/airflow-env/lib/python3.8/site-packages/airflow/example_dags/example_branch_operator.py for tasks to queue
[2022-11-06T03:24:24.718+0200] {logging_mixin.py:120} INFO - [2022-11-06T03:24:24.717+0200] {dagbag.py:537} INFO - Filling up the DagBag from /Users/mnagy99/opt/anaconda3/envs/airflow-env/lib/python3.8/site-packages/airflow/example_dags/example_branch_operator.py
[2022-11-06T03:24:24.757+0200] {processor.py:766} INFO - DAG(s) dict_keys(['example_branch_operator']) retrieved from /Users/mnagy99/opt/anaconda3/envs/airflow-env/lib/python3.8/site-packages/airflow/example_dags/example_branch_operator.py
[2022-11-06T03:24:25.205+0200] {logging_mixin.py:120} INFO - [2022-11-06T03:24:25.205+0200] {dag.py:2585} INFO - Sync 1 DAGs
[2022-11-06T03:24:25.220+0200] {logging_mixin.py:120} INFO - [2022-11-06T03:24:25.220+0200] {dag.py:3336} INFO - Setting next_dagrun for example_branch_operator to 2022-11-05T00:00:00+00:00, run_after=2022-11-06T00:00:00+00:00
[2022-11-06T03:24:25.239+0200] {processor.py:176} INFO - Processing /Users/mnagy99/opt/anaconda3/envs/airflow-env/lib/python3.8/site-packages/airflow/example_dags/example_branch_operator.py took 0.524 seconds
[2022-11-06T03:26:20.967+0200] {processor.py:154} INFO - Started process (PID=7297) to work on /Users/mnagy99/opt/anaconda3/envs/airflow-env/lib/python3.8/site-packages/airflow/example_dags/example_branch_operator.py
[2022-11-06T03:26:20.969+0200] {processor.py:756} INFO - Processing file /Users/mnagy99/opt/anaconda3/envs/airflow-env/lib/python3.8/site-packages/airflow/example_dags/example_branch_operator.py for tasks to queue
[2022-11-06T03:26:20.969+0200] {logging_mixin.py:120} INFO - [2022-11-06T03:26:20.969+0200] {dagbag.py:537} INFO - Filling up the DagBag from /Users/mnagy99/opt/anaconda3/envs/airflow-env/lib/python3.8/site-packages/airflow/example_dags/example_branch_operator.py
[2022-11-06T03:26:21.026+0200] {processor.py:766} INFO - DAG(s) dict_keys(['example_branch_operator']) retrieved from /Users/mnagy99/opt/anaconda3/envs/airflow-env/lib/python3.8/site-packages/airflow/example_dags/example_branch_operator.py
[2022-11-06T03:26:21.711+0200] {logging_mixin.py:120} INFO - [2022-11-06T03:26:21.711+0200] {dag.py:2585} INFO - Sync 1 DAGs
[2022-11-06T03:26:21.747+0200] {logging_mixin.py:120} INFO - [2022-11-06T03:26:21.746+0200] {dag.py:3336} INFO - Setting next_dagrun for example_branch_operator to 2022-11-05T00:00:00+00:00, run_after=2022-11-06T00:00:00+00:00
[2022-11-06T03:26:21.784+0200] {processor.py:176} INFO - Processing /Users/mnagy99/opt/anaconda3/envs/airflow-env/lib/python3.8/site-packages/airflow/example_dags/example_branch_operator.py took 0.817 seconds
[2022-11-06T03:28:22.071+0200] {processor.py:154} INFO - Started process (PID=7419) to work on /Users/mnagy99/opt/anaconda3/envs/airflow-env/lib/python3.8/site-packages/airflow/example_dags/example_branch_operator.py
[2022-11-06T03:28:22.074+0200] {processor.py:756} INFO - Processing file /Users/mnagy99/opt/anaconda3/envs/airflow-env/lib/python3.8/site-packages/airflow/example_dags/example_branch_operator.py for tasks to queue
[2022-11-06T03:28:22.075+0200] {logging_mixin.py:120} INFO - [2022-11-06T03:28:22.074+0200] {dagbag.py:537} INFO - Filling up the DagBag from /Users/mnagy99/opt/anaconda3/envs/airflow-env/lib/python3.8/site-packages/airflow/example_dags/example_branch_operator.py
[2022-11-06T03:28:22.114+0200] {processor.py:766} INFO - DAG(s) dict_keys(['example_branch_operator']) retrieved from /Users/mnagy99/opt/anaconda3/envs/airflow-env/lib/python3.8/site-packages/airflow/example_dags/example_branch_operator.py
[2022-11-06T03:28:22.584+0200] {logging_mixin.py:120} INFO - [2022-11-06T03:28:22.584+0200] {dag.py:2585} INFO - Sync 1 DAGs
[2022-11-06T03:28:22.599+0200] {logging_mixin.py:120} INFO - [2022-11-06T03:28:22.599+0200] {dag.py:3336} INFO - Setting next_dagrun for example_branch_operator to 2022-11-05T00:00:00+00:00, run_after=2022-11-06T00:00:00+00:00
[2022-11-06T03:28:22.616+0200] {processor.py:176} INFO - Processing /Users/mnagy99/opt/anaconda3/envs/airflow-env/lib/python3.8/site-packages/airflow/example_dags/example_branch_operator.py took 0.545 seconds
[2022-11-06T03:30:21.993+0200] {processor.py:154} INFO - Started process (PID=7545) to work on /Users/mnagy99/opt/anaconda3/envs/airflow-env/lib/python3.8/site-packages/airflow/example_dags/example_branch_operator.py
[2022-11-06T03:30:21.995+0200] {processor.py:756} INFO - Processing file /Users/mnagy99/opt/anaconda3/envs/airflow-env/lib/python3.8/site-packages/airflow/example_dags/example_branch_operator.py for tasks to queue
[2022-11-06T03:30:21.996+0200] {logging_mixin.py:120} INFO - [2022-11-06T03:30:21.996+0200] {dagbag.py:537} INFO - Filling up the DagBag from /Users/mnagy99/opt/anaconda3/envs/airflow-env/lib/python3.8/site-packages/airflow/example_dags/example_branch_operator.py
[2022-11-06T03:30:22.030+0200] {processor.py:766} INFO - DAG(s) dict_keys(['example_branch_operator']) retrieved from /Users/mnagy99/opt/anaconda3/envs/airflow-env/lib/python3.8/site-packages/airflow/example_dags/example_branch_operator.py
[2022-11-06T03:30:22.462+0200] {logging_mixin.py:120} INFO - [2022-11-06T03:30:22.462+0200] {dag.py:2585} INFO - Sync 1 DAGs
[2022-11-06T03:30:22.477+0200] {logging_mixin.py:120} INFO - [2022-11-06T03:30:22.477+0200] {dag.py:3336} INFO - Setting next_dagrun for example_branch_operator to 2022-11-05T00:00:00+00:00, run_after=2022-11-06T00:00:00+00:00
[2022-11-06T03:30:22.496+0200] {processor.py:176} INFO - Processing /Users/mnagy99/opt/anaconda3/envs/airflow-env/lib/python3.8/site-packages/airflow/example_dags/example_branch_operator.py took 0.505 seconds
[2022-11-06T03:32:24.090+0200] {processor.py:154} INFO - Started process (PID=7670) to work on /Users/mnagy99/opt/anaconda3/envs/airflow-env/lib/python3.8/site-packages/airflow/example_dags/example_branch_operator.py
[2022-11-06T03:32:24.092+0200] {processor.py:756} INFO - Processing file /Users/mnagy99/opt/anaconda3/envs/airflow-env/lib/python3.8/site-packages/airflow/example_dags/example_branch_operator.py for tasks to queue
[2022-11-06T03:32:24.093+0200] {logging_mixin.py:120} INFO - [2022-11-06T03:32:24.093+0200] {dagbag.py:537} INFO - Filling up the DagBag from /Users/mnagy99/opt/anaconda3/envs/airflow-env/lib/python3.8/site-packages/airflow/example_dags/example_branch_operator.py
[2022-11-06T03:32:24.130+0200] {processor.py:766} INFO - DAG(s) dict_keys(['example_branch_operator']) retrieved from /Users/mnagy99/opt/anaconda3/envs/airflow-env/lib/python3.8/site-packages/airflow/example_dags/example_branch_operator.py
[2022-11-06T03:32:24.556+0200] {logging_mixin.py:120} INFO - [2022-11-06T03:32:24.556+0200] {dag.py:2585} INFO - Sync 1 DAGs
[2022-11-06T03:32:24.572+0200] {logging_mixin.py:120} INFO - [2022-11-06T03:32:24.571+0200] {dag.py:3336} INFO - Setting next_dagrun for example_branch_operator to 2022-11-05T00:00:00+00:00, run_after=2022-11-06T00:00:00+00:00
[2022-11-06T03:32:24.590+0200] {processor.py:176} INFO - Processing /Users/mnagy99/opt/anaconda3/envs/airflow-env/lib/python3.8/site-packages/airflow/example_dags/example_branch_operator.py took 0.501 seconds
[2022-11-06T03:34:35.112+0200] {processor.py:154} INFO - Started process (PID=7809) to work on /Users/mnagy99/opt/anaconda3/envs/airflow-env/lib/python3.8/site-packages/airflow/example_dags/example_branch_operator.py
[2022-11-06T03:34:35.113+0200] {processor.py:756} INFO - Processing file /Users/mnagy99/opt/anaconda3/envs/airflow-env/lib/python3.8/site-packages/airflow/example_dags/example_branch_operator.py for tasks to queue
[2022-11-06T03:34:35.113+0200] {logging_mixin.py:120} INFO - [2022-11-06T03:34:35.113+0200] {dagbag.py:537} INFO - Filling up the DagBag from /Users/mnagy99/opt/anaconda3/envs/airflow-env/lib/python3.8/site-packages/airflow/example_dags/example_branch_operator.py
[2022-11-06T03:34:35.148+0200] {processor.py:766} INFO - DAG(s) dict_keys(['example_branch_operator']) retrieved from /Users/mnagy99/opt/anaconda3/envs/airflow-env/lib/python3.8/site-packages/airflow/example_dags/example_branch_operator.py
[2022-11-06T03:34:35.645+0200] {logging_mixin.py:120} INFO - [2022-11-06T03:34:35.645+0200] {dag.py:2585} INFO - Sync 1 DAGs
[2022-11-06T03:34:35.660+0200] {logging_mixin.py:120} INFO - [2022-11-06T03:34:35.660+0200] {dag.py:3336} INFO - Setting next_dagrun for example_branch_operator to 2022-11-05T00:00:00+00:00, run_after=2022-11-06T00:00:00+00:00
[2022-11-06T03:34:35.678+0200] {processor.py:176} INFO - Processing /Users/mnagy99/opt/anaconda3/envs/airflow-env/lib/python3.8/site-packages/airflow/example_dags/example_branch_operator.py took 0.567 seconds
[2022-11-06T03:36:41.113+0200] {processor.py:154} INFO - Started process (PID=7982) to work on /Users/mnagy99/opt/anaconda3/envs/airflow-env/lib/python3.8/site-packages/airflow/example_dags/example_branch_operator.py
[2022-11-06T03:36:41.116+0200] {processor.py:756} INFO - Processing file /Users/mnagy99/opt/anaconda3/envs/airflow-env/lib/python3.8/site-packages/airflow/example_dags/example_branch_operator.py for tasks to queue
[2022-11-06T03:36:41.117+0200] {logging_mixin.py:120} INFO - [2022-11-06T03:36:41.117+0200] {dagbag.py:537} INFO - Filling up the DagBag from /Users/mnagy99/opt/anaconda3/envs/airflow-env/lib/python3.8/site-packages/airflow/example_dags/example_branch_operator.py
[2022-11-06T03:36:41.151+0200] {processor.py:766} INFO - DAG(s) dict_keys(['example_branch_operator']) retrieved from /Users/mnagy99/opt/anaconda3/envs/airflow-env/lib/python3.8/site-packages/airflow/example_dags/example_branch_operator.py
[2022-11-06T03:36:41.607+0200] {logging_mixin.py:120} INFO - [2022-11-06T03:36:41.606+0200] {dag.py:2585} INFO - Sync 1 DAGs
[2022-11-06T03:36:41.621+0200] {logging_mixin.py:120} INFO - [2022-11-06T03:36:41.621+0200] {dag.py:3336} INFO - Setting next_dagrun for example_branch_operator to 2022-11-05T00:00:00+00:00, run_after=2022-11-06T00:00:00+00:00
[2022-11-06T03:36:41.638+0200] {processor.py:176} INFO - Processing /Users/mnagy99/opt/anaconda3/envs/airflow-env/lib/python3.8/site-packages/airflow/example_dags/example_branch_operator.py took 0.525 seconds
[2022-11-06T03:38:40.696+0200] {processor.py:154} INFO - Started process (PID=8103) to work on /Users/mnagy99/opt/anaconda3/envs/airflow-env/lib/python3.8/site-packages/airflow/example_dags/example_branch_operator.py
[2022-11-06T03:38:40.698+0200] {processor.py:756} INFO - Processing file /Users/mnagy99/opt/anaconda3/envs/airflow-env/lib/python3.8/site-packages/airflow/example_dags/example_branch_operator.py for tasks to queue
[2022-11-06T03:38:40.700+0200] {logging_mixin.py:120} INFO - [2022-11-06T03:38:40.699+0200] {dagbag.py:537} INFO - Filling up the DagBag from /Users/mnagy99/opt/anaconda3/envs/airflow-env/lib/python3.8/site-packages/airflow/example_dags/example_branch_operator.py
[2022-11-06T03:38:40.733+0200] {processor.py:766} INFO - DAG(s) dict_keys(['example_branch_operator']) retrieved from /Users/mnagy99/opt/anaconda3/envs/airflow-env/lib/python3.8/site-packages/airflow/example_dags/example_branch_operator.py
[2022-11-06T03:38:41.155+0200] {logging_mixin.py:120} INFO - [2022-11-06T03:38:41.155+0200] {dag.py:2585} INFO - Sync 1 DAGs
[2022-11-06T03:38:41.170+0200] {logging_mixin.py:120} INFO - [2022-11-06T03:38:41.170+0200] {dag.py:3336} INFO - Setting next_dagrun for example_branch_operator to 2022-11-05T00:00:00+00:00, run_after=2022-11-06T00:00:00+00:00
[2022-11-06T03:38:41.193+0200] {processor.py:176} INFO - Processing /Users/mnagy99/opt/anaconda3/envs/airflow-env/lib/python3.8/site-packages/airflow/example_dags/example_branch_operator.py took 0.498 seconds
[2022-11-06T03:40:42.611+0200] {processor.py:154} INFO - Started process (PID=8228) to work on /Users/mnagy99/opt/anaconda3/envs/airflow-env/lib/python3.8/site-packages/airflow/example_dags/example_branch_operator.py
[2022-11-06T03:40:42.614+0200] {processor.py:756} INFO - Processing file /Users/mnagy99/opt/anaconda3/envs/airflow-env/lib/python3.8/site-packages/airflow/example_dags/example_branch_operator.py for tasks to queue
[2022-11-06T03:40:42.615+0200] {logging_mixin.py:120} INFO - [2022-11-06T03:40:42.615+0200] {dagbag.py:537} INFO - Filling up the DagBag from /Users/mnagy99/opt/anaconda3/envs/airflow-env/lib/python3.8/site-packages/airflow/example_dags/example_branch_operator.py
[2022-11-06T03:40:42.652+0200] {processor.py:766} INFO - DAG(s) dict_keys(['example_branch_operator']) retrieved from /Users/mnagy99/opt/anaconda3/envs/airflow-env/lib/python3.8/site-packages/airflow/example_dags/example_branch_operator.py
[2022-11-06T03:40:43.077+0200] {logging_mixin.py:120} INFO - [2022-11-06T03:40:43.076+0200] {dag.py:2585} INFO - Sync 1 DAGs
[2022-11-06T03:40:43.091+0200] {logging_mixin.py:120} INFO - [2022-11-06T03:40:43.091+0200] {dag.py:3336} INFO - Setting next_dagrun for example_branch_operator to 2022-11-05T00:00:00+00:00, run_after=2022-11-06T00:00:00+00:00
[2022-11-06T03:40:43.112+0200] {processor.py:176} INFO - Processing /Users/mnagy99/opt/anaconda3/envs/airflow-env/lib/python3.8/site-packages/airflow/example_dags/example_branch_operator.py took 0.501 seconds
[2022-11-06T03:42:39.565+0200] {processor.py:154} INFO - Started process (PID=8346) to work on /Users/mnagy99/opt/anaconda3/envs/airflow-env/lib/python3.8/site-packages/airflow/example_dags/example_branch_operator.py
[2022-11-06T03:42:39.566+0200] {processor.py:756} INFO - Processing file /Users/mnagy99/opt/anaconda3/envs/airflow-env/lib/python3.8/site-packages/airflow/example_dags/example_branch_operator.py for tasks to queue
[2022-11-06T03:42:39.566+0200] {logging_mixin.py:120} INFO - [2022-11-06T03:42:39.566+0200] {dagbag.py:537} INFO - Filling up the DagBag from /Users/mnagy99/opt/anaconda3/envs/airflow-env/lib/python3.8/site-packages/airflow/example_dags/example_branch_operator.py
[2022-11-06T03:42:39.598+0200] {processor.py:766} INFO - DAG(s) dict_keys(['example_branch_operator']) retrieved from /Users/mnagy99/opt/anaconda3/envs/airflow-env/lib/python3.8/site-packages/airflow/example_dags/example_branch_operator.py
[2022-11-06T03:42:40.045+0200] {logging_mixin.py:120} INFO - [2022-11-06T03:42:40.044+0200] {dag.py:2585} INFO - Sync 1 DAGs
[2022-11-06T03:42:40.060+0200] {logging_mixin.py:120} INFO - [2022-11-06T03:42:40.060+0200] {dag.py:3336} INFO - Setting next_dagrun for example_branch_operator to 2022-11-05T00:00:00+00:00, run_after=2022-11-06T00:00:00+00:00
[2022-11-06T03:42:40.080+0200] {processor.py:176} INFO - Processing /Users/mnagy99/opt/anaconda3/envs/airflow-env/lib/python3.8/site-packages/airflow/example_dags/example_branch_operator.py took 0.515 seconds
[2022-11-06T03:44:42.976+0200] {processor.py:154} INFO - Started process (PID=8478) to work on /Users/mnagy99/opt/anaconda3/envs/airflow-env/lib/python3.8/site-packages/airflow/example_dags/example_branch_operator.py
[2022-11-06T03:44:42.979+0200] {processor.py:756} INFO - Processing file /Users/mnagy99/opt/anaconda3/envs/airflow-env/lib/python3.8/site-packages/airflow/example_dags/example_branch_operator.py for tasks to queue
[2022-11-06T03:44:42.980+0200] {logging_mixin.py:120} INFO - [2022-11-06T03:44:42.979+0200] {dagbag.py:537} INFO - Filling up the DagBag from /Users/mnagy99/opt/anaconda3/envs/airflow-env/lib/python3.8/site-packages/airflow/example_dags/example_branch_operator.py
[2022-11-06T03:44:43.019+0200] {processor.py:766} INFO - DAG(s) dict_keys(['example_branch_operator']) retrieved from /Users/mnagy99/opt/anaconda3/envs/airflow-env/lib/python3.8/site-packages/airflow/example_dags/example_branch_operator.py
[2022-11-06T03:44:43.458+0200] {logging_mixin.py:120} INFO - [2022-11-06T03:44:43.458+0200] {dag.py:2585} INFO - Sync 1 DAGs
[2022-11-06T03:44:43.472+0200] {logging_mixin.py:120} INFO - [2022-11-06T03:44:43.472+0200] {dag.py:3336} INFO - Setting next_dagrun for example_branch_operator to 2022-11-05T00:00:00+00:00, run_after=2022-11-06T00:00:00+00:00
[2022-11-06T03:44:43.491+0200] {processor.py:176} INFO - Processing /Users/mnagy99/opt/anaconda3/envs/airflow-env/lib/python3.8/site-packages/airflow/example_dags/example_branch_operator.py took 0.516 seconds
[2022-11-06T03:46:42.479+0200] {processor.py:154} INFO - Started process (PID=8614) to work on /Users/mnagy99/opt/anaconda3/envs/airflow-env/lib/python3.8/site-packages/airflow/example_dags/example_branch_operator.py
[2022-11-06T03:46:42.481+0200] {processor.py:756} INFO - Processing file /Users/mnagy99/opt/anaconda3/envs/airflow-env/lib/python3.8/site-packages/airflow/example_dags/example_branch_operator.py for tasks to queue
[2022-11-06T03:46:42.482+0200] {logging_mixin.py:120} INFO - [2022-11-06T03:46:42.481+0200] {dagbag.py:537} INFO - Filling up the DagBag from /Users/mnagy99/opt/anaconda3/envs/airflow-env/lib/python3.8/site-packages/airflow/example_dags/example_branch_operator.py
[2022-11-06T03:46:42.516+0200] {processor.py:766} INFO - DAG(s) dict_keys(['example_branch_operator']) retrieved from /Users/mnagy99/opt/anaconda3/envs/airflow-env/lib/python3.8/site-packages/airflow/example_dags/example_branch_operator.py
[2022-11-06T03:46:42.960+0200] {logging_mixin.py:120} INFO - [2022-11-06T03:46:42.960+0200] {dag.py:2585} INFO - Sync 1 DAGs
[2022-11-06T03:46:42.975+0200] {logging_mixin.py:120} INFO - [2022-11-06T03:46:42.975+0200] {dag.py:3336} INFO - Setting next_dagrun for example_branch_operator to 2022-11-05T00:00:00+00:00, run_after=2022-11-06T00:00:00+00:00
[2022-11-06T03:46:42.995+0200] {processor.py:176} INFO - Processing /Users/mnagy99/opt/anaconda3/envs/airflow-env/lib/python3.8/site-packages/airflow/example_dags/example_branch_operator.py took 0.517 seconds
[2022-11-06T03:48:51.320+0200] {processor.py:154} INFO - Started process (PID=8735) to work on /Users/mnagy99/opt/anaconda3/envs/airflow-env/lib/python3.8/site-packages/airflow/example_dags/example_branch_operator.py
[2022-11-06T03:48:51.322+0200] {processor.py:756} INFO - Processing file /Users/mnagy99/opt/anaconda3/envs/airflow-env/lib/python3.8/site-packages/airflow/example_dags/example_branch_operator.py for tasks to queue
[2022-11-06T03:48:51.323+0200] {logging_mixin.py:120} INFO - [2022-11-06T03:48:51.323+0200] {dagbag.py:537} INFO - Filling up the DagBag from /Users/mnagy99/opt/anaconda3/envs/airflow-env/lib/python3.8/site-packages/airflow/example_dags/example_branch_operator.py
[2022-11-06T03:48:51.363+0200] {processor.py:766} INFO - DAG(s) dict_keys(['example_branch_operator']) retrieved from /Users/mnagy99/opt/anaconda3/envs/airflow-env/lib/python3.8/site-packages/airflow/example_dags/example_branch_operator.py
[2022-11-06T03:48:51.839+0200] {logging_mixin.py:120} INFO - [2022-11-06T03:48:51.838+0200] {dag.py:2585} INFO - Sync 1 DAGs
[2022-11-06T03:48:51.853+0200] {logging_mixin.py:120} INFO - [2022-11-06T03:48:51.853+0200] {dag.py:3336} INFO - Setting next_dagrun for example_branch_operator to 2022-11-05T00:00:00+00:00, run_after=2022-11-06T00:00:00+00:00
[2022-11-06T03:48:51.870+0200] {processor.py:176} INFO - Processing /Users/mnagy99/opt/anaconda3/envs/airflow-env/lib/python3.8/site-packages/airflow/example_dags/example_branch_operator.py took 0.551 seconds
[2022-11-06T03:50:56.030+0200] {processor.py:154} INFO - Started process (PID=8861) to work on /Users/mnagy99/opt/anaconda3/envs/airflow-env/lib/python3.8/site-packages/airflow/example_dags/example_branch_operator.py
[2022-11-06T03:50:56.032+0200] {processor.py:756} INFO - Processing file /Users/mnagy99/opt/anaconda3/envs/airflow-env/lib/python3.8/site-packages/airflow/example_dags/example_branch_operator.py for tasks to queue
[2022-11-06T03:50:56.033+0200] {logging_mixin.py:120} INFO - [2022-11-06T03:50:56.033+0200] {dagbag.py:537} INFO - Filling up the DagBag from /Users/mnagy99/opt/anaconda3/envs/airflow-env/lib/python3.8/site-packages/airflow/example_dags/example_branch_operator.py
[2022-11-06T03:50:56.068+0200] {processor.py:766} INFO - DAG(s) dict_keys(['example_branch_operator']) retrieved from /Users/mnagy99/opt/anaconda3/envs/airflow-env/lib/python3.8/site-packages/airflow/example_dags/example_branch_operator.py
[2022-11-06T03:50:56.498+0200] {logging_mixin.py:120} INFO - [2022-11-06T03:50:56.498+0200] {dag.py:2585} INFO - Sync 1 DAGs
[2022-11-06T03:50:56.513+0200] {logging_mixin.py:120} INFO - [2022-11-06T03:50:56.513+0200] {dag.py:3336} INFO - Setting next_dagrun for example_branch_operator to 2022-11-05T00:00:00+00:00, run_after=2022-11-06T00:00:00+00:00
[2022-11-06T03:50:56.534+0200] {processor.py:176} INFO - Processing /Users/mnagy99/opt/anaconda3/envs/airflow-env/lib/python3.8/site-packages/airflow/example_dags/example_branch_operator.py took 0.505 seconds
[2022-11-06T03:53:00.396+0200] {processor.py:154} INFO - Started process (PID=8988) to work on /Users/mnagy99/opt/anaconda3/envs/airflow-env/lib/python3.8/site-packages/airflow/example_dags/example_branch_operator.py
[2022-11-06T03:53:00.398+0200] {processor.py:756} INFO - Processing file /Users/mnagy99/opt/anaconda3/envs/airflow-env/lib/python3.8/site-packages/airflow/example_dags/example_branch_operator.py for tasks to queue
[2022-11-06T03:53:00.399+0200] {logging_mixin.py:120} INFO - [2022-11-06T03:53:00.399+0200] {dagbag.py:537} INFO - Filling up the DagBag from /Users/mnagy99/opt/anaconda3/envs/airflow-env/lib/python3.8/site-packages/airflow/example_dags/example_branch_operator.py
[2022-11-06T03:53:00.436+0200] {processor.py:766} INFO - DAG(s) dict_keys(['example_branch_operator']) retrieved from /Users/mnagy99/opt/anaconda3/envs/airflow-env/lib/python3.8/site-packages/airflow/example_dags/example_branch_operator.py
[2022-11-06T03:53:01.089+0200] {logging_mixin.py:120} INFO - [2022-11-06T03:53:01.088+0200] {dag.py:2585} INFO - Sync 1 DAGs
[2022-11-06T03:53:01.131+0200] {logging_mixin.py:120} INFO - [2022-11-06T03:53:01.130+0200] {dag.py:3336} INFO - Setting next_dagrun for example_branch_operator to 2022-11-05T00:00:00+00:00, run_after=2022-11-06T00:00:00+00:00
[2022-11-06T03:53:01.159+0200] {processor.py:176} INFO - Processing /Users/mnagy99/opt/anaconda3/envs/airflow-env/lib/python3.8/site-packages/airflow/example_dags/example_branch_operator.py took 0.764 seconds
[2022-11-06T03:55:13.083+0200] {processor.py:154} INFO - Started process (PID=9126) to work on /Users/mnagy99/opt/anaconda3/envs/airflow-env/lib/python3.8/site-packages/airflow/example_dags/example_branch_operator.py
[2022-11-06T03:55:13.085+0200] {processor.py:756} INFO - Processing file /Users/mnagy99/opt/anaconda3/envs/airflow-env/lib/python3.8/site-packages/airflow/example_dags/example_branch_operator.py for tasks to queue
[2022-11-06T03:55:13.086+0200] {logging_mixin.py:120} INFO - [2022-11-06T03:55:13.085+0200] {dagbag.py:537} INFO - Filling up the DagBag from /Users/mnagy99/opt/anaconda3/envs/airflow-env/lib/python3.8/site-packages/airflow/example_dags/example_branch_operator.py
[2022-11-06T03:55:13.165+0200] {processor.py:766} INFO - DAG(s) dict_keys(['example_branch_operator']) retrieved from /Users/mnagy99/opt/anaconda3/envs/airflow-env/lib/python3.8/site-packages/airflow/example_dags/example_branch_operator.py
[2022-11-06T03:55:14.219+0200] {logging_mixin.py:120} INFO - [2022-11-06T03:55:14.219+0200] {dag.py:2585} INFO - Sync 1 DAGs
[2022-11-06T03:55:14.243+0200] {logging_mixin.py:120} INFO - [2022-11-06T03:55:14.243+0200] {dag.py:3336} INFO - Setting next_dagrun for example_branch_operator to 2022-11-05T00:00:00+00:00, run_after=2022-11-06T00:00:00+00:00
[2022-11-06T03:55:14.272+0200] {processor.py:176} INFO - Processing /Users/mnagy99/opt/anaconda3/envs/airflow-env/lib/python3.8/site-packages/airflow/example_dags/example_branch_operator.py took 1.190 seconds
[2022-11-06T03:57:35.620+0200] {processor.py:154} INFO - Started process (PID=9266) to work on /Users/mnagy99/opt/anaconda3/envs/airflow-env/lib/python3.8/site-packages/airflow/example_dags/example_branch_operator.py
[2022-11-06T03:57:35.623+0200] {processor.py:756} INFO - Processing file /Users/mnagy99/opt/anaconda3/envs/airflow-env/lib/python3.8/site-packages/airflow/example_dags/example_branch_operator.py for tasks to queue
[2022-11-06T03:57:35.624+0200] {logging_mixin.py:120} INFO - [2022-11-06T03:57:35.624+0200] {dagbag.py:537} INFO - Filling up the DagBag from /Users/mnagy99/opt/anaconda3/envs/airflow-env/lib/python3.8/site-packages/airflow/example_dags/example_branch_operator.py
[2022-11-06T03:57:35.670+0200] {processor.py:766} INFO - DAG(s) dict_keys(['example_branch_operator']) retrieved from /Users/mnagy99/opt/anaconda3/envs/airflow-env/lib/python3.8/site-packages/airflow/example_dags/example_branch_operator.py
[2022-11-06T03:57:36.228+0200] {logging_mixin.py:120} INFO - [2022-11-06T03:57:36.228+0200] {dag.py:2585} INFO - Sync 1 DAGs
[2022-11-06T03:57:36.263+0200] {logging_mixin.py:120} INFO - [2022-11-06T03:57:36.263+0200] {dag.py:3336} INFO - Setting next_dagrun for example_branch_operator to 2022-11-05T00:00:00+00:00, run_after=2022-11-06T00:00:00+00:00
[2022-11-06T03:57:36.281+0200] {processor.py:176} INFO - Processing /Users/mnagy99/opt/anaconda3/envs/airflow-env/lib/python3.8/site-packages/airflow/example_dags/example_branch_operator.py took 0.661 seconds
[2022-11-06T03:59:49.250+0200] {processor.py:154} INFO - Started process (PID=9400) to work on /Users/mnagy99/opt/anaconda3/envs/airflow-env/lib/python3.8/site-packages/airflow/example_dags/example_branch_operator.py
[2022-11-06T03:59:49.253+0200] {processor.py:756} INFO - Processing file /Users/mnagy99/opt/anaconda3/envs/airflow-env/lib/python3.8/site-packages/airflow/example_dags/example_branch_operator.py for tasks to queue
[2022-11-06T03:59:49.254+0200] {logging_mixin.py:120} INFO - [2022-11-06T03:59:49.254+0200] {dagbag.py:537} INFO - Filling up the DagBag from /Users/mnagy99/opt/anaconda3/envs/airflow-env/lib/python3.8/site-packages/airflow/example_dags/example_branch_operator.py
[2022-11-06T03:59:49.288+0200] {processor.py:766} INFO - DAG(s) dict_keys(['example_branch_operator']) retrieved from /Users/mnagy99/opt/anaconda3/envs/airflow-env/lib/python3.8/site-packages/airflow/example_dags/example_branch_operator.py
[2022-11-06T03:59:49.776+0200] {logging_mixin.py:120} INFO - [2022-11-06T03:59:49.776+0200] {dag.py:2585} INFO - Sync 1 DAGs
[2022-11-06T03:59:49.791+0200] {logging_mixin.py:120} INFO - [2022-11-06T03:59:49.790+0200] {dag.py:3336} INFO - Setting next_dagrun for example_branch_operator to 2022-11-05T00:00:00+00:00, run_after=2022-11-06T00:00:00+00:00
[2022-11-06T03:59:49.809+0200] {processor.py:176} INFO - Processing /Users/mnagy99/opt/anaconda3/envs/airflow-env/lib/python3.8/site-packages/airflow/example_dags/example_branch_operator.py took 0.560 seconds
[2022-11-06T04:02:12.785+0200] {processor.py:154} INFO - Started process (PID=9550) to work on /Users/mnagy99/opt/anaconda3/envs/airflow-env/lib/python3.8/site-packages/airflow/example_dags/example_branch_operator.py
[2022-11-06T04:02:12.787+0200] {processor.py:756} INFO - Processing file /Users/mnagy99/opt/anaconda3/envs/airflow-env/lib/python3.8/site-packages/airflow/example_dags/example_branch_operator.py for tasks to queue
[2022-11-06T04:02:12.788+0200] {logging_mixin.py:120} INFO - [2022-11-06T04:02:12.788+0200] {dagbag.py:537} INFO - Filling up the DagBag from /Users/mnagy99/opt/anaconda3/envs/airflow-env/lib/python3.8/site-packages/airflow/example_dags/example_branch_operator.py
[2022-11-06T04:02:12.823+0200] {processor.py:766} INFO - DAG(s) dict_keys(['example_branch_operator']) retrieved from /Users/mnagy99/opt/anaconda3/envs/airflow-env/lib/python3.8/site-packages/airflow/example_dags/example_branch_operator.py
[2022-11-06T04:02:13.249+0200] {logging_mixin.py:120} INFO - [2022-11-06T04:02:13.249+0200] {dag.py:2585} INFO - Sync 1 DAGs
[2022-11-06T04:02:13.265+0200] {logging_mixin.py:120} INFO - [2022-11-06T04:02:13.264+0200] {dag.py:3336} INFO - Setting next_dagrun for example_branch_operator to 2022-11-05T00:00:00+00:00, run_after=2022-11-06T00:00:00+00:00
[2022-11-06T04:02:13.286+0200] {processor.py:176} INFO - Processing /Users/mnagy99/opt/anaconda3/envs/airflow-env/lib/python3.8/site-packages/airflow/example_dags/example_branch_operator.py took 0.501 seconds
[2022-11-06T04:04:31.623+0200] {processor.py:154} INFO - Started process (PID=9690) to work on /Users/mnagy99/opt/anaconda3/envs/airflow-env/lib/python3.8/site-packages/airflow/example_dags/example_branch_operator.py
[2022-11-06T04:04:31.626+0200] {processor.py:756} INFO - Processing file /Users/mnagy99/opt/anaconda3/envs/airflow-env/lib/python3.8/site-packages/airflow/example_dags/example_branch_operator.py for tasks to queue
[2022-11-06T04:04:31.627+0200] {logging_mixin.py:120} INFO - [2022-11-06T04:04:31.627+0200] {dagbag.py:537} INFO - Filling up the DagBag from /Users/mnagy99/opt/anaconda3/envs/airflow-env/lib/python3.8/site-packages/airflow/example_dags/example_branch_operator.py
[2022-11-06T04:04:31.664+0200] {processor.py:766} INFO - DAG(s) dict_keys(['example_branch_operator']) retrieved from /Users/mnagy99/opt/anaconda3/envs/airflow-env/lib/python3.8/site-packages/airflow/example_dags/example_branch_operator.py
[2022-11-06T04:04:32.140+0200] {logging_mixin.py:120} INFO - [2022-11-06T04:04:32.140+0200] {dag.py:2585} INFO - Sync 1 DAGs
[2022-11-06T04:04:32.155+0200] {logging_mixin.py:120} INFO - [2022-11-06T04:04:32.155+0200] {dag.py:3336} INFO - Setting next_dagrun for example_branch_operator to 2022-11-05T00:00:00+00:00, run_after=2022-11-06T00:00:00+00:00
[2022-11-06T04:04:32.176+0200] {processor.py:176} INFO - Processing /Users/mnagy99/opt/anaconda3/envs/airflow-env/lib/python3.8/site-packages/airflow/example_dags/example_branch_operator.py took 0.553 seconds
[2022-11-06T04:07:08.463+0200] {processor.py:154} INFO - Started process (PID=9856) to work on /Users/mnagy99/opt/anaconda3/envs/airflow-env/lib/python3.8/site-packages/airflow/example_dags/example_branch_operator.py
[2022-11-06T04:07:08.465+0200] {processor.py:756} INFO - Processing file /Users/mnagy99/opt/anaconda3/envs/airflow-env/lib/python3.8/site-packages/airflow/example_dags/example_branch_operator.py for tasks to queue
[2022-11-06T04:07:08.466+0200] {logging_mixin.py:120} INFO - [2022-11-06T04:07:08.466+0200] {dagbag.py:537} INFO - Filling up the DagBag from /Users/mnagy99/opt/anaconda3/envs/airflow-env/lib/python3.8/site-packages/airflow/example_dags/example_branch_operator.py
[2022-11-06T04:07:08.499+0200] {processor.py:766} INFO - DAG(s) dict_keys(['example_branch_operator']) retrieved from /Users/mnagy99/opt/anaconda3/envs/airflow-env/lib/python3.8/site-packages/airflow/example_dags/example_branch_operator.py
[2022-11-06T04:07:08.932+0200] {logging_mixin.py:120} INFO - [2022-11-06T04:07:08.932+0200] {dag.py:2585} INFO - Sync 1 DAGs
[2022-11-06T04:07:08.948+0200] {logging_mixin.py:120} INFO - [2022-11-06T04:07:08.948+0200] {dag.py:3336} INFO - Setting next_dagrun for example_branch_operator to 2022-11-05T00:00:00+00:00, run_after=2022-11-06T00:00:00+00:00
[2022-11-06T04:07:08.967+0200] {processor.py:176} INFO - Processing /Users/mnagy99/opt/anaconda3/envs/airflow-env/lib/python3.8/site-packages/airflow/example_dags/example_branch_operator.py took 0.505 seconds
[2022-11-06T04:09:14.854+0200] {processor.py:154} INFO - Started process (PID=9987) to work on /Users/mnagy99/opt/anaconda3/envs/airflow-env/lib/python3.8/site-packages/airflow/example_dags/example_branch_operator.py
[2022-11-06T04:09:14.857+0200] {processor.py:756} INFO - Processing file /Users/mnagy99/opt/anaconda3/envs/airflow-env/lib/python3.8/site-packages/airflow/example_dags/example_branch_operator.py for tasks to queue
[2022-11-06T04:09:14.857+0200] {logging_mixin.py:120} INFO - [2022-11-06T04:09:14.857+0200] {dagbag.py:537} INFO - Filling up the DagBag from /Users/mnagy99/opt/anaconda3/envs/airflow-env/lib/python3.8/site-packages/airflow/example_dags/example_branch_operator.py
[2022-11-06T04:09:14.893+0200] {processor.py:766} INFO - DAG(s) dict_keys(['example_branch_operator']) retrieved from /Users/mnagy99/opt/anaconda3/envs/airflow-env/lib/python3.8/site-packages/airflow/example_dags/example_branch_operator.py
[2022-11-06T04:09:15.355+0200] {logging_mixin.py:120} INFO - [2022-11-06T04:09:15.355+0200] {dag.py:2585} INFO - Sync 1 DAGs
[2022-11-06T04:09:15.371+0200] {logging_mixin.py:120} INFO - [2022-11-06T04:09:15.371+0200] {dag.py:3336} INFO - Setting next_dagrun for example_branch_operator to 2022-11-05T00:00:00+00:00, run_after=2022-11-06T00:00:00+00:00
[2022-11-06T04:09:15.388+0200] {processor.py:176} INFO - Processing /Users/mnagy99/opt/anaconda3/envs/airflow-env/lib/python3.8/site-packages/airflow/example_dags/example_branch_operator.py took 0.535 seconds
[2022-11-06T04:11:29.096+0200] {processor.py:154} INFO - Started process (PID=10139) to work on /Users/mnagy99/opt/anaconda3/envs/airflow-env/lib/python3.8/site-packages/airflow/example_dags/example_branch_operator.py
[2022-11-06T04:11:29.097+0200] {processor.py:756} INFO - Processing file /Users/mnagy99/opt/anaconda3/envs/airflow-env/lib/python3.8/site-packages/airflow/example_dags/example_branch_operator.py for tasks to queue
[2022-11-06T04:11:29.098+0200] {logging_mixin.py:120} INFO - [2022-11-06T04:11:29.098+0200] {dagbag.py:537} INFO - Filling up the DagBag from /Users/mnagy99/opt/anaconda3/envs/airflow-env/lib/python3.8/site-packages/airflow/example_dags/example_branch_operator.py
[2022-11-06T04:11:29.141+0200] {processor.py:766} INFO - DAG(s) dict_keys(['example_branch_operator']) retrieved from /Users/mnagy99/opt/anaconda3/envs/airflow-env/lib/python3.8/site-packages/airflow/example_dags/example_branch_operator.py
[2022-11-06T04:11:30.068+0200] {logging_mixin.py:120} INFO - [2022-11-06T04:11:30.067+0200] {dag.py:2585} INFO - Sync 1 DAGs
[2022-11-06T04:11:30.230+0200] {logging_mixin.py:120} INFO - [2022-11-06T04:11:30.230+0200] {dag.py:3336} INFO - Setting next_dagrun for example_branch_operator to 2022-11-05T00:00:00+00:00, run_after=2022-11-06T00:00:00+00:00
[2022-11-06T04:11:30.306+0200] {processor.py:176} INFO - Processing /Users/mnagy99/opt/anaconda3/envs/airflow-env/lib/python3.8/site-packages/airflow/example_dags/example_branch_operator.py took 1.210 seconds
[2022-11-06T04:13:43.056+0200] {processor.py:154} INFO - Started process (PID=10279) to work on /Users/mnagy99/opt/anaconda3/envs/airflow-env/lib/python3.8/site-packages/airflow/example_dags/example_branch_operator.py
[2022-11-06T04:13:43.058+0200] {processor.py:756} INFO - Processing file /Users/mnagy99/opt/anaconda3/envs/airflow-env/lib/python3.8/site-packages/airflow/example_dags/example_branch_operator.py for tasks to queue
[2022-11-06T04:13:43.060+0200] {logging_mixin.py:120} INFO - [2022-11-06T04:13:43.059+0200] {dagbag.py:537} INFO - Filling up the DagBag from /Users/mnagy99/opt/anaconda3/envs/airflow-env/lib/python3.8/site-packages/airflow/example_dags/example_branch_operator.py
[2022-11-06T04:13:43.102+0200] {processor.py:766} INFO - DAG(s) dict_keys(['example_branch_operator']) retrieved from /Users/mnagy99/opt/anaconda3/envs/airflow-env/lib/python3.8/site-packages/airflow/example_dags/example_branch_operator.py
[2022-11-06T04:13:43.572+0200] {logging_mixin.py:120} INFO - [2022-11-06T04:13:43.572+0200] {dag.py:2585} INFO - Sync 1 DAGs
[2022-11-06T04:13:43.587+0200] {logging_mixin.py:120} INFO - [2022-11-06T04:13:43.587+0200] {dag.py:3336} INFO - Setting next_dagrun for example_branch_operator to 2022-11-05T00:00:00+00:00, run_after=2022-11-06T00:00:00+00:00
[2022-11-06T04:13:43.605+0200] {processor.py:176} INFO - Processing /Users/mnagy99/opt/anaconda3/envs/airflow-env/lib/python3.8/site-packages/airflow/example_dags/example_branch_operator.py took 0.550 seconds
[2022-11-06T04:15:43.221+0200] {processor.py:154} INFO - Started process (PID=10405) to work on /Users/mnagy99/opt/anaconda3/envs/airflow-env/lib/python3.8/site-packages/airflow/example_dags/example_branch_operator.py
[2022-11-06T04:15:43.222+0200] {processor.py:756} INFO - Processing file /Users/mnagy99/opt/anaconda3/envs/airflow-env/lib/python3.8/site-packages/airflow/example_dags/example_branch_operator.py for tasks to queue
[2022-11-06T04:15:43.223+0200] {logging_mixin.py:120} INFO - [2022-11-06T04:15:43.223+0200] {dagbag.py:537} INFO - Filling up the DagBag from /Users/mnagy99/opt/anaconda3/envs/airflow-env/lib/python3.8/site-packages/airflow/example_dags/example_branch_operator.py
[2022-11-06T04:15:43.260+0200] {processor.py:766} INFO - DAG(s) dict_keys(['example_branch_operator']) retrieved from /Users/mnagy99/opt/anaconda3/envs/airflow-env/lib/python3.8/site-packages/airflow/example_dags/example_branch_operator.py
[2022-11-06T04:15:43.724+0200] {logging_mixin.py:120} INFO - [2022-11-06T04:15:43.723+0200] {dag.py:2585} INFO - Sync 1 DAGs
[2022-11-06T04:15:43.738+0200] {logging_mixin.py:120} INFO - [2022-11-06T04:15:43.738+0200] {dag.py:3336} INFO - Setting next_dagrun for example_branch_operator to 2022-11-05T00:00:00+00:00, run_after=2022-11-06T00:00:00+00:00
[2022-11-06T04:15:43.755+0200] {processor.py:176} INFO - Processing /Users/mnagy99/opt/anaconda3/envs/airflow-env/lib/python3.8/site-packages/airflow/example_dags/example_branch_operator.py took 0.535 seconds
[2022-11-06T04:18:03.974+0200] {processor.py:154} INFO - Started process (PID=10537) to work on /Users/mnagy99/opt/anaconda3/envs/airflow-env/lib/python3.8/site-packages/airflow/example_dags/example_branch_operator.py
[2022-11-06T04:18:03.977+0200] {processor.py:756} INFO - Processing file /Users/mnagy99/opt/anaconda3/envs/airflow-env/lib/python3.8/site-packages/airflow/example_dags/example_branch_operator.py for tasks to queue
[2022-11-06T04:18:03.977+0200] {logging_mixin.py:120} INFO - [2022-11-06T04:18:03.977+0200] {dagbag.py:537} INFO - Filling up the DagBag from /Users/mnagy99/opt/anaconda3/envs/airflow-env/lib/python3.8/site-packages/airflow/example_dags/example_branch_operator.py
[2022-11-06T04:18:04.015+0200] {processor.py:766} INFO - DAG(s) dict_keys(['example_branch_operator']) retrieved from /Users/mnagy99/opt/anaconda3/envs/airflow-env/lib/python3.8/site-packages/airflow/example_dags/example_branch_operator.py
[2022-11-06T04:18:04.471+0200] {logging_mixin.py:120} INFO - [2022-11-06T04:18:04.471+0200] {dag.py:2585} INFO - Sync 1 DAGs
[2022-11-06T04:18:04.486+0200] {logging_mixin.py:120} INFO - [2022-11-06T04:18:04.486+0200] {dag.py:3336} INFO - Setting next_dagrun for example_branch_operator to 2022-11-05T00:00:00+00:00, run_after=2022-11-06T00:00:00+00:00
[2022-11-06T04:18:04.507+0200] {processor.py:176} INFO - Processing /Users/mnagy99/opt/anaconda3/envs/airflow-env/lib/python3.8/site-packages/airflow/example_dags/example_branch_operator.py took 0.533 seconds
