[2022-11-06T02:02:01.746+0200] {processor.py:154} INFO - Started process (PID=1902) to work on /Users/mnagy99/opt/anaconda3/envs/airflow-env/lib/python3.8/site-packages/airflow/example_dags/example_task_group.py
[2022-11-06T02:02:01.747+0200] {processor.py:756} INFO - Processing file /Users/mnagy99/opt/anaconda3/envs/airflow-env/lib/python3.8/site-packages/airflow/example_dags/example_task_group.py for tasks to queue
[2022-11-06T02:02:01.747+0200] {logging_mixin.py:120} INFO - [2022-11-06T02:02:01.747+0200] {dagbag.py:537} INFO - Filling up the DagBag from /Users/mnagy99/opt/anaconda3/envs/airflow-env/lib/python3.8/site-packages/airflow/example_dags/example_task_group.py
[2022-11-06T02:02:01.774+0200] {processor.py:766} INFO - DAG(s) dict_keys(['example_task_group']) retrieved from /Users/mnagy99/opt/anaconda3/envs/airflow-env/lib/python3.8/site-packages/airflow/example_dags/example_task_group.py
[2022-11-06T02:02:02.308+0200] {logging_mixin.py:120} INFO - [2022-11-06T02:02:02.308+0200] {dag.py:2585} INFO - Sync 1 DAGs
[2022-11-06T02:02:02.329+0200] {logging_mixin.py:120} INFO - [2022-11-06T02:02:02.328+0200] {dag.py:3336} INFO - Setting next_dagrun for example_task_group to 2022-11-05T00:02:02.328798+00:00, run_after=2022-11-06T00:02:02.328798+00:00
[2022-11-06T02:02:02.346+0200] {processor.py:176} INFO - Processing /Users/mnagy99/opt/anaconda3/envs/airflow-env/lib/python3.8/site-packages/airflow/example_dags/example_task_group.py took 0.601 seconds
[2022-11-06T02:04:18.667+0200] {processor.py:154} INFO - Started process (PID=2161) to work on /Users/mnagy99/opt/anaconda3/envs/airflow-env/lib/python3.8/site-packages/airflow/example_dags/example_task_group.py
[2022-11-06T02:04:18.671+0200] {processor.py:756} INFO - Processing file /Users/mnagy99/opt/anaconda3/envs/airflow-env/lib/python3.8/site-packages/airflow/example_dags/example_task_group.py for tasks to queue
[2022-11-06T02:04:18.673+0200] {logging_mixin.py:120} INFO - [2022-11-06T02:04:18.673+0200] {dagbag.py:537} INFO - Filling up the DagBag from /Users/mnagy99/opt/anaconda3/envs/airflow-env/lib/python3.8/site-packages/airflow/example_dags/example_task_group.py
[2022-11-06T02:04:18.707+0200] {processor.py:766} INFO - DAG(s) dict_keys(['example_task_group']) retrieved from /Users/mnagy99/opt/anaconda3/envs/airflow-env/lib/python3.8/site-packages/airflow/example_dags/example_task_group.py
[2022-11-06T02:04:19.399+0200] {logging_mixin.py:120} INFO - [2022-11-06T02:04:19.399+0200] {dag.py:2585} INFO - Sync 1 DAGs
[2022-11-06T02:04:19.417+0200] {logging_mixin.py:120} INFO - [2022-11-06T02:04:19.416+0200] {dag.py:3336} INFO - Setting next_dagrun for example_task_group to 2022-11-05T00:04:19.416642+00:00, run_after=2022-11-06T00:04:19.416642+00:00
[2022-11-06T02:04:19.442+0200] {processor.py:176} INFO - Processing /Users/mnagy99/opt/anaconda3/envs/airflow-env/lib/python3.8/site-packages/airflow/example_dags/example_task_group.py took 0.778 seconds
[2022-11-06T02:06:39.654+0200] {processor.py:154} INFO - Started process (PID=2294) to work on /Users/mnagy99/opt/anaconda3/envs/airflow-env/lib/python3.8/site-packages/airflow/example_dags/example_task_group.py
[2022-11-06T02:06:39.657+0200] {processor.py:756} INFO - Processing file /Users/mnagy99/opt/anaconda3/envs/airflow-env/lib/python3.8/site-packages/airflow/example_dags/example_task_group.py for tasks to queue
[2022-11-06T02:06:39.658+0200] {logging_mixin.py:120} INFO - [2022-11-06T02:06:39.658+0200] {dagbag.py:537} INFO - Filling up the DagBag from /Users/mnagy99/opt/anaconda3/envs/airflow-env/lib/python3.8/site-packages/airflow/example_dags/example_task_group.py
[2022-11-06T02:06:39.697+0200] {processor.py:766} INFO - DAG(s) dict_keys(['example_task_group']) retrieved from /Users/mnagy99/opt/anaconda3/envs/airflow-env/lib/python3.8/site-packages/airflow/example_dags/example_task_group.py
[2022-11-06T02:06:40.249+0200] {logging_mixin.py:120} INFO - [2022-11-06T02:06:40.248+0200] {dag.py:2585} INFO - Sync 1 DAGs
[2022-11-06T02:06:40.263+0200] {logging_mixin.py:120} INFO - [2022-11-06T02:06:40.263+0200] {dag.py:3336} INFO - Setting next_dagrun for example_task_group to 2022-11-05T00:06:40.263750+00:00, run_after=2022-11-06T00:06:40.263750+00:00
[2022-11-06T02:06:40.286+0200] {processor.py:176} INFO - Processing /Users/mnagy99/opt/anaconda3/envs/airflow-env/lib/python3.8/site-packages/airflow/example_dags/example_task_group.py took 0.633 seconds
[2022-11-06T02:08:59.653+0200] {processor.py:154} INFO - Started process (PID=2421) to work on /Users/mnagy99/opt/anaconda3/envs/airflow-env/lib/python3.8/site-packages/airflow/example_dags/example_task_group.py
[2022-11-06T02:08:59.655+0200] {processor.py:756} INFO - Processing file /Users/mnagy99/opt/anaconda3/envs/airflow-env/lib/python3.8/site-packages/airflow/example_dags/example_task_group.py for tasks to queue
[2022-11-06T02:08:59.656+0200] {logging_mixin.py:120} INFO - [2022-11-06T02:08:59.656+0200] {dagbag.py:537} INFO - Filling up the DagBag from /Users/mnagy99/opt/anaconda3/envs/airflow-env/lib/python3.8/site-packages/airflow/example_dags/example_task_group.py
[2022-11-06T02:08:59.707+0200] {processor.py:766} INFO - DAG(s) dict_keys(['example_task_group']) retrieved from /Users/mnagy99/opt/anaconda3/envs/airflow-env/lib/python3.8/site-packages/airflow/example_dags/example_task_group.py
[2022-11-06T02:09:00.283+0200] {logging_mixin.py:120} INFO - [2022-11-06T02:09:00.282+0200] {dag.py:2585} INFO - Sync 1 DAGs
[2022-11-06T02:09:00.298+0200] {logging_mixin.py:120} INFO - [2022-11-06T02:09:00.298+0200] {dag.py:3336} INFO - Setting next_dagrun for example_task_group to 2022-11-05T00:09:00.298715+00:00, run_after=2022-11-06T00:09:00.298715+00:00
[2022-11-06T02:09:00.316+0200] {processor.py:176} INFO - Processing /Users/mnagy99/opt/anaconda3/envs/airflow-env/lib/python3.8/site-packages/airflow/example_dags/example_task_group.py took 0.663 seconds
[2022-11-06T02:11:15.042+0200] {processor.py:154} INFO - Started process (PID=2549) to work on /Users/mnagy99/opt/anaconda3/envs/airflow-env/lib/python3.8/site-packages/airflow/example_dags/example_task_group.py
[2022-11-06T02:11:15.044+0200] {processor.py:756} INFO - Processing file /Users/mnagy99/opt/anaconda3/envs/airflow-env/lib/python3.8/site-packages/airflow/example_dags/example_task_group.py for tasks to queue
[2022-11-06T02:11:15.044+0200] {logging_mixin.py:120} INFO - [2022-11-06T02:11:15.044+0200] {dagbag.py:537} INFO - Filling up the DagBag from /Users/mnagy99/opt/anaconda3/envs/airflow-env/lib/python3.8/site-packages/airflow/example_dags/example_task_group.py
[2022-11-06T02:11:15.073+0200] {processor.py:766} INFO - DAG(s) dict_keys(['example_task_group']) retrieved from /Users/mnagy99/opt/anaconda3/envs/airflow-env/lib/python3.8/site-packages/airflow/example_dags/example_task_group.py
[2022-11-06T02:11:15.547+0200] {logging_mixin.py:120} INFO - [2022-11-06T02:11:15.547+0200] {dag.py:2585} INFO - Sync 1 DAGs
[2022-11-06T02:11:15.570+0200] {logging_mixin.py:120} INFO - [2022-11-06T02:11:15.570+0200] {dag.py:3336} INFO - Setting next_dagrun for example_task_group to 2022-11-05T00:11:15.570201+00:00, run_after=2022-11-06T00:11:15.570201+00:00
[2022-11-06T02:11:15.594+0200] {processor.py:176} INFO - Processing /Users/mnagy99/opt/anaconda3/envs/airflow-env/lib/python3.8/site-packages/airflow/example_dags/example_task_group.py took 0.553 seconds
[2022-11-06T02:13:23.795+0200] {processor.py:154} INFO - Started process (PID=2676) to work on /Users/mnagy99/opt/anaconda3/envs/airflow-env/lib/python3.8/site-packages/airflow/example_dags/example_task_group.py
[2022-11-06T02:13:23.798+0200] {processor.py:756} INFO - Processing file /Users/mnagy99/opt/anaconda3/envs/airflow-env/lib/python3.8/site-packages/airflow/example_dags/example_task_group.py for tasks to queue
[2022-11-06T02:13:23.799+0200] {logging_mixin.py:120} INFO - [2022-11-06T02:13:23.798+0200] {dagbag.py:537} INFO - Filling up the DagBag from /Users/mnagy99/opt/anaconda3/envs/airflow-env/lib/python3.8/site-packages/airflow/example_dags/example_task_group.py
[2022-11-06T02:13:23.837+0200] {processor.py:766} INFO - DAG(s) dict_keys(['example_task_group']) retrieved from /Users/mnagy99/opt/anaconda3/envs/airflow-env/lib/python3.8/site-packages/airflow/example_dags/example_task_group.py
[2022-11-06T02:13:24.299+0200] {logging_mixin.py:120} INFO - [2022-11-06T02:13:24.299+0200] {dag.py:2585} INFO - Sync 1 DAGs
[2022-11-06T02:13:24.315+0200] {logging_mixin.py:120} INFO - [2022-11-06T02:13:24.315+0200] {dag.py:3336} INFO - Setting next_dagrun for example_task_group to 2022-11-05T00:13:24.315089+00:00, run_after=2022-11-06T00:13:24.315089+00:00
[2022-11-06T02:13:24.339+0200] {processor.py:176} INFO - Processing /Users/mnagy99/opt/anaconda3/envs/airflow-env/lib/python3.8/site-packages/airflow/example_dags/example_task_group.py took 0.544 seconds
[2022-11-06T02:15:49.014+0200] {processor.py:154} INFO - Started process (PID=2877) to work on /Users/mnagy99/opt/anaconda3/envs/airflow-env/lib/python3.8/site-packages/airflow/example_dags/example_task_group.py
[2022-11-06T02:15:49.016+0200] {processor.py:756} INFO - Processing file /Users/mnagy99/opt/anaconda3/envs/airflow-env/lib/python3.8/site-packages/airflow/example_dags/example_task_group.py for tasks to queue
[2022-11-06T02:15:49.016+0200] {logging_mixin.py:120} INFO - [2022-11-06T02:15:49.016+0200] {dagbag.py:537} INFO - Filling up the DagBag from /Users/mnagy99/opt/anaconda3/envs/airflow-env/lib/python3.8/site-packages/airflow/example_dags/example_task_group.py
[2022-11-06T02:15:49.042+0200] {processor.py:766} INFO - DAG(s) dict_keys(['example_task_group']) retrieved from /Users/mnagy99/opt/anaconda3/envs/airflow-env/lib/python3.8/site-packages/airflow/example_dags/example_task_group.py
[2022-11-06T02:15:49.479+0200] {logging_mixin.py:120} INFO - [2022-11-06T02:15:49.478+0200] {dag.py:2585} INFO - Sync 1 DAGs
[2022-11-06T02:15:49.521+0200] {logging_mixin.py:120} INFO - [2022-11-06T02:15:49.521+0200] {dag.py:3336} INFO - Setting next_dagrun for example_task_group to 2022-11-05T00:15:49.521515+00:00, run_after=2022-11-06T00:15:49.521515+00:00
[2022-11-06T02:15:49.541+0200] {processor.py:176} INFO - Processing /Users/mnagy99/opt/anaconda3/envs/airflow-env/lib/python3.8/site-packages/airflow/example_dags/example_task_group.py took 0.528 seconds
[2022-11-06T02:18:00.523+0200] {processor.py:154} INFO - Started process (PID=3024) to work on /Users/mnagy99/opt/anaconda3/envs/airflow-env/lib/python3.8/site-packages/airflow/example_dags/example_task_group.py
[2022-11-06T02:18:00.526+0200] {processor.py:756} INFO - Processing file /Users/mnagy99/opt/anaconda3/envs/airflow-env/lib/python3.8/site-packages/airflow/example_dags/example_task_group.py for tasks to queue
[2022-11-06T02:18:00.526+0200] {logging_mixin.py:120} INFO - [2022-11-06T02:18:00.526+0200] {dagbag.py:537} INFO - Filling up the DagBag from /Users/mnagy99/opt/anaconda3/envs/airflow-env/lib/python3.8/site-packages/airflow/example_dags/example_task_group.py
[2022-11-06T02:18:00.549+0200] {processor.py:766} INFO - DAG(s) dict_keys(['example_task_group']) retrieved from /Users/mnagy99/opt/anaconda3/envs/airflow-env/lib/python3.8/site-packages/airflow/example_dags/example_task_group.py
[2022-11-06T02:18:00.983+0200] {logging_mixin.py:120} INFO - [2022-11-06T02:18:00.983+0200] {dag.py:2585} INFO - Sync 1 DAGs
[2022-11-06T02:18:00.996+0200] {logging_mixin.py:120} INFO - [2022-11-06T02:18:00.996+0200] {dag.py:3336} INFO - Setting next_dagrun for example_task_group to 2022-11-05T00:18:00.996453+00:00, run_after=2022-11-06T00:18:00.996453+00:00
[2022-11-06T02:18:01.013+0200] {processor.py:176} INFO - Processing /Users/mnagy99/opt/anaconda3/envs/airflow-env/lib/python3.8/site-packages/airflow/example_dags/example_task_group.py took 0.491 seconds
[2022-11-06T02:20:12.864+0200] {processor.py:154} INFO - Started process (PID=3164) to work on /Users/mnagy99/opt/anaconda3/envs/airflow-env/lib/python3.8/site-packages/airflow/example_dags/example_task_group.py
[2022-11-06T02:20:12.866+0200] {processor.py:756} INFO - Processing file /Users/mnagy99/opt/anaconda3/envs/airflow-env/lib/python3.8/site-packages/airflow/example_dags/example_task_group.py for tasks to queue
[2022-11-06T02:20:12.866+0200] {logging_mixin.py:120} INFO - [2022-11-06T02:20:12.866+0200] {dagbag.py:537} INFO - Filling up the DagBag from /Users/mnagy99/opt/anaconda3/envs/airflow-env/lib/python3.8/site-packages/airflow/example_dags/example_task_group.py
[2022-11-06T02:20:12.908+0200] {processor.py:766} INFO - DAG(s) dict_keys(['example_task_group']) retrieved from /Users/mnagy99/opt/anaconda3/envs/airflow-env/lib/python3.8/site-packages/airflow/example_dags/example_task_group.py
[2022-11-06T02:20:13.393+0200] {logging_mixin.py:120} INFO - [2022-11-06T02:20:13.393+0200] {dag.py:2585} INFO - Sync 1 DAGs
[2022-11-06T02:20:13.406+0200] {logging_mixin.py:120} INFO - [2022-11-06T02:20:13.406+0200] {dag.py:3336} INFO - Setting next_dagrun for example_task_group to 2022-11-05T00:20:13.406450+00:00, run_after=2022-11-06T00:20:13.406450+00:00
[2022-11-06T02:20:13.422+0200] {processor.py:176} INFO - Processing /Users/mnagy99/opt/anaconda3/envs/airflow-env/lib/python3.8/site-packages/airflow/example_dags/example_task_group.py took 0.559 seconds
[2022-11-06T02:22:20.159+0200] {processor.py:154} INFO - Started process (PID=3290) to work on /Users/mnagy99/opt/anaconda3/envs/airflow-env/lib/python3.8/site-packages/airflow/example_dags/example_task_group.py
[2022-11-06T02:22:20.162+0200] {processor.py:756} INFO - Processing file /Users/mnagy99/opt/anaconda3/envs/airflow-env/lib/python3.8/site-packages/airflow/example_dags/example_task_group.py for tasks to queue
[2022-11-06T02:22:20.162+0200] {logging_mixin.py:120} INFO - [2022-11-06T02:22:20.162+0200] {dagbag.py:537} INFO - Filling up the DagBag from /Users/mnagy99/opt/anaconda3/envs/airflow-env/lib/python3.8/site-packages/airflow/example_dags/example_task_group.py
[2022-11-06T02:22:20.185+0200] {processor.py:766} INFO - DAG(s) dict_keys(['example_task_group']) retrieved from /Users/mnagy99/opt/anaconda3/envs/airflow-env/lib/python3.8/site-packages/airflow/example_dags/example_task_group.py
[2022-11-06T02:22:20.619+0200] {logging_mixin.py:120} INFO - [2022-11-06T02:22:20.619+0200] {dag.py:2585} INFO - Sync 1 DAGs
[2022-11-06T02:22:20.633+0200] {logging_mixin.py:120} INFO - [2022-11-06T02:22:20.633+0200] {dag.py:3336} INFO - Setting next_dagrun for example_task_group to 2022-11-05T00:22:20.633212+00:00, run_after=2022-11-06T00:22:20.633212+00:00
[2022-11-06T02:22:20.652+0200] {processor.py:176} INFO - Processing /Users/mnagy99/opt/anaconda3/envs/airflow-env/lib/python3.8/site-packages/airflow/example_dags/example_task_group.py took 0.493 seconds
[2022-11-06T02:24:32.274+0200] {processor.py:154} INFO - Started process (PID=3432) to work on /Users/mnagy99/opt/anaconda3/envs/airflow-env/lib/python3.8/site-packages/airflow/example_dags/example_task_group.py
[2022-11-06T02:24:32.277+0200] {processor.py:756} INFO - Processing file /Users/mnagy99/opt/anaconda3/envs/airflow-env/lib/python3.8/site-packages/airflow/example_dags/example_task_group.py for tasks to queue
[2022-11-06T02:24:32.278+0200] {logging_mixin.py:120} INFO - [2022-11-06T02:24:32.278+0200] {dagbag.py:537} INFO - Filling up the DagBag from /Users/mnagy99/opt/anaconda3/envs/airflow-env/lib/python3.8/site-packages/airflow/example_dags/example_task_group.py
[2022-11-06T02:24:32.307+0200] {processor.py:766} INFO - DAG(s) dict_keys(['example_task_group']) retrieved from /Users/mnagy99/opt/anaconda3/envs/airflow-env/lib/python3.8/site-packages/airflow/example_dags/example_task_group.py
[2022-11-06T02:24:32.783+0200] {logging_mixin.py:120} INFO - [2022-11-06T02:24:32.783+0200] {dag.py:2585} INFO - Sync 1 DAGs
[2022-11-06T02:24:32.797+0200] {logging_mixin.py:120} INFO - [2022-11-06T02:24:32.796+0200] {dag.py:3336} INFO - Setting next_dagrun for example_task_group to 2022-11-05T00:24:32.796742+00:00, run_after=2022-11-06T00:24:32.796742+00:00
[2022-11-06T02:24:32.811+0200] {processor.py:176} INFO - Processing /Users/mnagy99/opt/anaconda3/envs/airflow-env/lib/python3.8/site-packages/airflow/example_dags/example_task_group.py took 0.538 seconds
[2022-11-06T02:26:46.873+0200] {processor.py:154} INFO - Started process (PID=3571) to work on /Users/mnagy99/opt/anaconda3/envs/airflow-env/lib/python3.8/site-packages/airflow/example_dags/example_task_group.py
[2022-11-06T02:26:46.875+0200] {processor.py:756} INFO - Processing file /Users/mnagy99/opt/anaconda3/envs/airflow-env/lib/python3.8/site-packages/airflow/example_dags/example_task_group.py for tasks to queue
[2022-11-06T02:26:46.876+0200] {logging_mixin.py:120} INFO - [2022-11-06T02:26:46.876+0200] {dagbag.py:537} INFO - Filling up the DagBag from /Users/mnagy99/opt/anaconda3/envs/airflow-env/lib/python3.8/site-packages/airflow/example_dags/example_task_group.py
[2022-11-06T02:26:46.902+0200] {processor.py:766} INFO - DAG(s) dict_keys(['example_task_group']) retrieved from /Users/mnagy99/opt/anaconda3/envs/airflow-env/lib/python3.8/site-packages/airflow/example_dags/example_task_group.py
[2022-11-06T02:26:47.330+0200] {logging_mixin.py:120} INFO - [2022-11-06T02:26:47.330+0200] {dag.py:2585} INFO - Sync 1 DAGs
[2022-11-06T02:26:47.344+0200] {logging_mixin.py:120} INFO - [2022-11-06T02:26:47.343+0200] {dag.py:3336} INFO - Setting next_dagrun for example_task_group to 2022-11-05T00:26:47.343773+00:00, run_after=2022-11-06T00:26:47.343773+00:00
[2022-11-06T02:26:47.360+0200] {processor.py:176} INFO - Processing /Users/mnagy99/opt/anaconda3/envs/airflow-env/lib/python3.8/site-packages/airflow/example_dags/example_task_group.py took 0.488 seconds
[2022-11-06T02:28:57.898+0200] {processor.py:154} INFO - Started process (PID=3710) to work on /Users/mnagy99/opt/anaconda3/envs/airflow-env/lib/python3.8/site-packages/airflow/example_dags/example_task_group.py
[2022-11-06T02:28:57.899+0200] {processor.py:756} INFO - Processing file /Users/mnagy99/opt/anaconda3/envs/airflow-env/lib/python3.8/site-packages/airflow/example_dags/example_task_group.py for tasks to queue
[2022-11-06T02:28:57.899+0200] {logging_mixin.py:120} INFO - [2022-11-06T02:28:57.899+0200] {dagbag.py:537} INFO - Filling up the DagBag from /Users/mnagy99/opt/anaconda3/envs/airflow-env/lib/python3.8/site-packages/airflow/example_dags/example_task_group.py
[2022-11-06T02:28:57.922+0200] {processor.py:766} INFO - DAG(s) dict_keys(['example_task_group']) retrieved from /Users/mnagy99/opt/anaconda3/envs/airflow-env/lib/python3.8/site-packages/airflow/example_dags/example_task_group.py
[2022-11-06T02:28:58.362+0200] {logging_mixin.py:120} INFO - [2022-11-06T02:28:58.362+0200] {dag.py:2585} INFO - Sync 1 DAGs
[2022-11-06T02:28:58.376+0200] {logging_mixin.py:120} INFO - [2022-11-06T02:28:58.376+0200] {dag.py:3336} INFO - Setting next_dagrun for example_task_group to 2022-11-05T00:28:58.375917+00:00, run_after=2022-11-06T00:28:58.375917+00:00
[2022-11-06T02:28:58.394+0200] {processor.py:176} INFO - Processing /Users/mnagy99/opt/anaconda3/envs/airflow-env/lib/python3.8/site-packages/airflow/example_dags/example_task_group.py took 0.496 seconds
[2022-11-06T02:31:09.442+0200] {processor.py:154} INFO - Started process (PID=3860) to work on /Users/mnagy99/opt/anaconda3/envs/airflow-env/lib/python3.8/site-packages/airflow/example_dags/example_task_group.py
[2022-11-06T02:31:09.445+0200] {processor.py:756} INFO - Processing file /Users/mnagy99/opt/anaconda3/envs/airflow-env/lib/python3.8/site-packages/airflow/example_dags/example_task_group.py for tasks to queue
[2022-11-06T02:31:09.445+0200] {logging_mixin.py:120} INFO - [2022-11-06T02:31:09.445+0200] {dagbag.py:537} INFO - Filling up the DagBag from /Users/mnagy99/opt/anaconda3/envs/airflow-env/lib/python3.8/site-packages/airflow/example_dags/example_task_group.py
[2022-11-06T02:31:09.468+0200] {processor.py:766} INFO - DAG(s) dict_keys(['example_task_group']) retrieved from /Users/mnagy99/opt/anaconda3/envs/airflow-env/lib/python3.8/site-packages/airflow/example_dags/example_task_group.py
[2022-11-06T02:31:09.906+0200] {logging_mixin.py:120} INFO - [2022-11-06T02:31:09.906+0200] {dag.py:2585} INFO - Sync 1 DAGs
[2022-11-06T02:31:09.920+0200] {logging_mixin.py:120} INFO - [2022-11-06T02:31:09.920+0200] {dag.py:3336} INFO - Setting next_dagrun for example_task_group to 2022-11-05T00:31:09.920156+00:00, run_after=2022-11-06T00:31:09.920156+00:00
[2022-11-06T02:31:09.937+0200] {processor.py:176} INFO - Processing /Users/mnagy99/opt/anaconda3/envs/airflow-env/lib/python3.8/site-packages/airflow/example_dags/example_task_group.py took 0.496 seconds
[2022-11-06T02:33:20.864+0200] {processor.py:154} INFO - Started process (PID=4015) to work on /Users/mnagy99/opt/anaconda3/envs/airflow-env/lib/python3.8/site-packages/airflow/example_dags/example_task_group.py
[2022-11-06T02:33:20.866+0200] {processor.py:756} INFO - Processing file /Users/mnagy99/opt/anaconda3/envs/airflow-env/lib/python3.8/site-packages/airflow/example_dags/example_task_group.py for tasks to queue
[2022-11-06T02:33:20.867+0200] {logging_mixin.py:120} INFO - [2022-11-06T02:33:20.867+0200] {dagbag.py:537} INFO - Filling up the DagBag from /Users/mnagy99/opt/anaconda3/envs/airflow-env/lib/python3.8/site-packages/airflow/example_dags/example_task_group.py
[2022-11-06T02:33:20.892+0200] {processor.py:766} INFO - DAG(s) dict_keys(['example_task_group']) retrieved from /Users/mnagy99/opt/anaconda3/envs/airflow-env/lib/python3.8/site-packages/airflow/example_dags/example_task_group.py
[2022-11-06T02:33:21.428+0200] {logging_mixin.py:120} INFO - [2022-11-06T02:33:21.428+0200] {dag.py:2585} INFO - Sync 1 DAGs
[2022-11-06T02:33:21.447+0200] {logging_mixin.py:120} INFO - [2022-11-06T02:33:21.447+0200] {dag.py:3336} INFO - Setting next_dagrun for example_task_group to 2022-11-05T00:33:21.447722+00:00, run_after=2022-11-06T00:33:21.447722+00:00
[2022-11-06T02:33:21.474+0200] {processor.py:176} INFO - Processing /Users/mnagy99/opt/anaconda3/envs/airflow-env/lib/python3.8/site-packages/airflow/example_dags/example_task_group.py took 0.610 seconds
[2022-11-06T02:35:31.249+0200] {processor.py:154} INFO - Started process (PID=4163) to work on /Users/mnagy99/opt/anaconda3/envs/airflow-env/lib/python3.8/site-packages/airflow/example_dags/example_task_group.py
[2022-11-06T02:35:31.251+0200] {processor.py:756} INFO - Processing file /Users/mnagy99/opt/anaconda3/envs/airflow-env/lib/python3.8/site-packages/airflow/example_dags/example_task_group.py for tasks to queue
[2022-11-06T02:35:31.252+0200] {logging_mixin.py:120} INFO - [2022-11-06T02:35:31.252+0200] {dagbag.py:537} INFO - Filling up the DagBag from /Users/mnagy99/opt/anaconda3/envs/airflow-env/lib/python3.8/site-packages/airflow/example_dags/example_task_group.py
[2022-11-06T02:35:31.283+0200] {processor.py:766} INFO - DAG(s) dict_keys(['example_task_group']) retrieved from /Users/mnagy99/opt/anaconda3/envs/airflow-env/lib/python3.8/site-packages/airflow/example_dags/example_task_group.py
[2022-11-06T02:35:31.769+0200] {logging_mixin.py:120} INFO - [2022-11-06T02:35:31.769+0200] {dag.py:2585} INFO - Sync 1 DAGs
[2022-11-06T02:35:31.783+0200] {logging_mixin.py:120} INFO - [2022-11-06T02:35:31.783+0200] {dag.py:3336} INFO - Setting next_dagrun for example_task_group to 2022-11-05T00:35:31.782990+00:00, run_after=2022-11-06T00:35:31.782990+00:00
[2022-11-06T02:35:31.798+0200] {processor.py:176} INFO - Processing /Users/mnagy99/opt/anaconda3/envs/airflow-env/lib/python3.8/site-packages/airflow/example_dags/example_task_group.py took 0.550 seconds
[2022-11-06T02:37:43.458+0200] {processor.py:154} INFO - Started process (PID=4298) to work on /Users/mnagy99/opt/anaconda3/envs/airflow-env/lib/python3.8/site-packages/airflow/example_dags/example_task_group.py
[2022-11-06T02:37:43.460+0200] {processor.py:756} INFO - Processing file /Users/mnagy99/opt/anaconda3/envs/airflow-env/lib/python3.8/site-packages/airflow/example_dags/example_task_group.py for tasks to queue
[2022-11-06T02:37:43.461+0200] {logging_mixin.py:120} INFO - [2022-11-06T02:37:43.460+0200] {dagbag.py:537} INFO - Filling up the DagBag from /Users/mnagy99/opt/anaconda3/envs/airflow-env/lib/python3.8/site-packages/airflow/example_dags/example_task_group.py
[2022-11-06T02:37:43.484+0200] {processor.py:766} INFO - DAG(s) dict_keys(['example_task_group']) retrieved from /Users/mnagy99/opt/anaconda3/envs/airflow-env/lib/python3.8/site-packages/airflow/example_dags/example_task_group.py
[2022-11-06T02:37:44.062+0200] {logging_mixin.py:120} INFO - [2022-11-06T02:37:44.062+0200] {dag.py:2585} INFO - Sync 1 DAGs
[2022-11-06T02:37:44.078+0200] {logging_mixin.py:120} INFO - [2022-11-06T02:37:44.078+0200] {dag.py:3336} INFO - Setting next_dagrun for example_task_group to 2022-11-05T00:37:44.078136+00:00, run_after=2022-11-06T00:37:44.078136+00:00
[2022-11-06T02:37:44.098+0200] {processor.py:176} INFO - Processing /Users/mnagy99/opt/anaconda3/envs/airflow-env/lib/python3.8/site-packages/airflow/example_dags/example_task_group.py took 0.641 seconds
[2022-11-06T02:39:55.348+0200] {processor.py:154} INFO - Started process (PID=4429) to work on /Users/mnagy99/opt/anaconda3/envs/airflow-env/lib/python3.8/site-packages/airflow/example_dags/example_task_group.py
[2022-11-06T02:39:55.349+0200] {processor.py:756} INFO - Processing file /Users/mnagy99/opt/anaconda3/envs/airflow-env/lib/python3.8/site-packages/airflow/example_dags/example_task_group.py for tasks to queue
[2022-11-06T02:39:55.349+0200] {logging_mixin.py:120} INFO - [2022-11-06T02:39:55.349+0200] {dagbag.py:537} INFO - Filling up the DagBag from /Users/mnagy99/opt/anaconda3/envs/airflow-env/lib/python3.8/site-packages/airflow/example_dags/example_task_group.py
[2022-11-06T02:39:55.374+0200] {processor.py:766} INFO - DAG(s) dict_keys(['example_task_group']) retrieved from /Users/mnagy99/opt/anaconda3/envs/airflow-env/lib/python3.8/site-packages/airflow/example_dags/example_task_group.py
[2022-11-06T02:39:55.887+0200] {logging_mixin.py:120} INFO - [2022-11-06T02:39:55.886+0200] {dag.py:2585} INFO - Sync 1 DAGs
[2022-11-06T02:39:55.901+0200] {logging_mixin.py:120} INFO - [2022-11-06T02:39:55.901+0200] {dag.py:3336} INFO - Setting next_dagrun for example_task_group to 2022-11-05T00:39:55.901639+00:00, run_after=2022-11-06T00:39:55.901639+00:00
[2022-11-06T02:39:55.921+0200] {processor.py:176} INFO - Processing /Users/mnagy99/opt/anaconda3/envs/airflow-env/lib/python3.8/site-packages/airflow/example_dags/example_task_group.py took 0.574 seconds
[2022-11-06T02:42:21.300+0200] {processor.py:154} INFO - Started process (PID=4602) to work on /Users/mnagy99/opt/anaconda3/envs/airflow-env/lib/python3.8/site-packages/airflow/example_dags/example_task_group.py
[2022-11-06T02:42:21.301+0200] {processor.py:756} INFO - Processing file /Users/mnagy99/opt/anaconda3/envs/airflow-env/lib/python3.8/site-packages/airflow/example_dags/example_task_group.py for tasks to queue
[2022-11-06T02:42:21.302+0200] {logging_mixin.py:120} INFO - [2022-11-06T02:42:21.302+0200] {dagbag.py:537} INFO - Filling up the DagBag from /Users/mnagy99/opt/anaconda3/envs/airflow-env/lib/python3.8/site-packages/airflow/example_dags/example_task_group.py
[2022-11-06T02:42:21.334+0200] {processor.py:766} INFO - DAG(s) dict_keys(['example_task_group']) retrieved from /Users/mnagy99/opt/anaconda3/envs/airflow-env/lib/python3.8/site-packages/airflow/example_dags/example_task_group.py
[2022-11-06T02:42:21.831+0200] {logging_mixin.py:120} INFO - [2022-11-06T02:42:21.831+0200] {dag.py:2585} INFO - Sync 1 DAGs
[2022-11-06T02:42:21.846+0200] {logging_mixin.py:120} INFO - [2022-11-06T02:42:21.846+0200] {dag.py:3336} INFO - Setting next_dagrun for example_task_group to 2022-11-05T00:42:21.846351+00:00, run_after=2022-11-06T00:42:21.846351+00:00
[2022-11-06T02:42:21.863+0200] {processor.py:176} INFO - Processing /Users/mnagy99/opt/anaconda3/envs/airflow-env/lib/python3.8/site-packages/airflow/example_dags/example_task_group.py took 0.564 seconds
[2022-11-06T02:44:46.793+0200] {processor.py:154} INFO - Started process (PID=4737) to work on /Users/mnagy99/opt/anaconda3/envs/airflow-env/lib/python3.8/site-packages/airflow/example_dags/example_task_group.py
[2022-11-06T02:44:46.796+0200] {processor.py:756} INFO - Processing file /Users/mnagy99/opt/anaconda3/envs/airflow-env/lib/python3.8/site-packages/airflow/example_dags/example_task_group.py for tasks to queue
[2022-11-06T02:44:46.796+0200] {logging_mixin.py:120} INFO - [2022-11-06T02:44:46.796+0200] {dagbag.py:537} INFO - Filling up the DagBag from /Users/mnagy99/opt/anaconda3/envs/airflow-env/lib/python3.8/site-packages/airflow/example_dags/example_task_group.py
[2022-11-06T02:44:46.822+0200] {processor.py:766} INFO - DAG(s) dict_keys(['example_task_group']) retrieved from /Users/mnagy99/opt/anaconda3/envs/airflow-env/lib/python3.8/site-packages/airflow/example_dags/example_task_group.py
[2022-11-06T02:44:47.290+0200] {logging_mixin.py:120} INFO - [2022-11-06T02:44:47.289+0200] {dag.py:2585} INFO - Sync 1 DAGs
[2022-11-06T02:44:47.304+0200] {logging_mixin.py:120} INFO - [2022-11-06T02:44:47.304+0200] {dag.py:3336} INFO - Setting next_dagrun for example_task_group to 2022-11-05T00:44:47.303943+00:00, run_after=2022-11-06T00:44:47.303943+00:00
[2022-11-06T02:44:47.322+0200] {processor.py:176} INFO - Processing /Users/mnagy99/opt/anaconda3/envs/airflow-env/lib/python3.8/site-packages/airflow/example_dags/example_task_group.py took 0.534 seconds
[2022-11-06T02:46:59.923+0200] {processor.py:154} INFO - Started process (PID=4878) to work on /Users/mnagy99/opt/anaconda3/envs/airflow-env/lib/python3.8/site-packages/airflow/example_dags/example_task_group.py
[2022-11-06T02:46:59.924+0200] {processor.py:756} INFO - Processing file /Users/mnagy99/opt/anaconda3/envs/airflow-env/lib/python3.8/site-packages/airflow/example_dags/example_task_group.py for tasks to queue
[2022-11-06T02:46:59.925+0200] {logging_mixin.py:120} INFO - [2022-11-06T02:46:59.925+0200] {dagbag.py:537} INFO - Filling up the DagBag from /Users/mnagy99/opt/anaconda3/envs/airflow-env/lib/python3.8/site-packages/airflow/example_dags/example_task_group.py
[2022-11-06T02:46:59.951+0200] {processor.py:766} INFO - DAG(s) dict_keys(['example_task_group']) retrieved from /Users/mnagy99/opt/anaconda3/envs/airflow-env/lib/python3.8/site-packages/airflow/example_dags/example_task_group.py
[2022-11-06T02:47:00.442+0200] {logging_mixin.py:120} INFO - [2022-11-06T02:47:00.442+0200] {dag.py:2585} INFO - Sync 1 DAGs
[2022-11-06T02:47:00.460+0200] {logging_mixin.py:120} INFO - [2022-11-06T02:47:00.459+0200] {dag.py:3336} INFO - Setting next_dagrun for example_task_group to 2022-11-05T00:47:00.459790+00:00, run_after=2022-11-06T00:47:00.459790+00:00
[2022-11-06T02:47:00.479+0200] {processor.py:176} INFO - Processing /Users/mnagy99/opt/anaconda3/envs/airflow-env/lib/python3.8/site-packages/airflow/example_dags/example_task_group.py took 0.557 seconds
[2022-11-06T02:49:09.113+0200] {processor.py:154} INFO - Started process (PID=5002) to work on /Users/mnagy99/opt/anaconda3/envs/airflow-env/lib/python3.8/site-packages/airflow/example_dags/example_task_group.py
[2022-11-06T02:49:09.115+0200] {processor.py:756} INFO - Processing file /Users/mnagy99/opt/anaconda3/envs/airflow-env/lib/python3.8/site-packages/airflow/example_dags/example_task_group.py for tasks to queue
[2022-11-06T02:49:09.116+0200] {logging_mixin.py:120} INFO - [2022-11-06T02:49:09.115+0200] {dagbag.py:537} INFO - Filling up the DagBag from /Users/mnagy99/opt/anaconda3/envs/airflow-env/lib/python3.8/site-packages/airflow/example_dags/example_task_group.py
[2022-11-06T02:49:09.145+0200] {processor.py:766} INFO - DAG(s) dict_keys(['example_task_group']) retrieved from /Users/mnagy99/opt/anaconda3/envs/airflow-env/lib/python3.8/site-packages/airflow/example_dags/example_task_group.py
[2022-11-06T02:49:09.663+0200] {logging_mixin.py:120} INFO - [2022-11-06T02:49:09.662+0200] {dag.py:2585} INFO - Sync 1 DAGs
[2022-11-06T02:49:09.678+0200] {logging_mixin.py:120} INFO - [2022-11-06T02:49:09.678+0200] {dag.py:3336} INFO - Setting next_dagrun for example_task_group to 2022-11-05T00:49:09.678231+00:00, run_after=2022-11-06T00:49:09.678231+00:00
[2022-11-06T02:49:09.694+0200] {processor.py:176} INFO - Processing /Users/mnagy99/opt/anaconda3/envs/airflow-env/lib/python3.8/site-packages/airflow/example_dags/example_task_group.py took 0.581 seconds
[2022-11-06T02:51:11.675+0200] {processor.py:154} INFO - Started process (PID=5124) to work on /Users/mnagy99/opt/anaconda3/envs/airflow-env/lib/python3.8/site-packages/airflow/example_dags/example_task_group.py
[2022-11-06T02:51:11.678+0200] {processor.py:756} INFO - Processing file /Users/mnagy99/opt/anaconda3/envs/airflow-env/lib/python3.8/site-packages/airflow/example_dags/example_task_group.py for tasks to queue
[2022-11-06T02:51:11.679+0200] {logging_mixin.py:120} INFO - [2022-11-06T02:51:11.679+0200] {dagbag.py:537} INFO - Filling up the DagBag from /Users/mnagy99/opt/anaconda3/envs/airflow-env/lib/python3.8/site-packages/airflow/example_dags/example_task_group.py
[2022-11-06T02:51:11.705+0200] {processor.py:766} INFO - DAG(s) dict_keys(['example_task_group']) retrieved from /Users/mnagy99/opt/anaconda3/envs/airflow-env/lib/python3.8/site-packages/airflow/example_dags/example_task_group.py
[2022-11-06T02:51:12.140+0200] {logging_mixin.py:120} INFO - [2022-11-06T02:51:12.140+0200] {dag.py:2585} INFO - Sync 1 DAGs
[2022-11-06T02:51:12.154+0200] {logging_mixin.py:120} INFO - [2022-11-06T02:51:12.154+0200] {dag.py:3336} INFO - Setting next_dagrun for example_task_group to 2022-11-05T00:51:12.153881+00:00, run_after=2022-11-06T00:51:12.153881+00:00
[2022-11-06T02:51:12.174+0200] {processor.py:176} INFO - Processing /Users/mnagy99/opt/anaconda3/envs/airflow-env/lib/python3.8/site-packages/airflow/example_dags/example_task_group.py took 0.499 seconds
[2022-11-06T02:53:19.062+0200] {processor.py:154} INFO - Started process (PID=5253) to work on /Users/mnagy99/opt/anaconda3/envs/airflow-env/lib/python3.8/site-packages/airflow/example_dags/example_task_group.py
[2022-11-06T02:53:19.065+0200] {processor.py:756} INFO - Processing file /Users/mnagy99/opt/anaconda3/envs/airflow-env/lib/python3.8/site-packages/airflow/example_dags/example_task_group.py for tasks to queue
[2022-11-06T02:53:19.065+0200] {logging_mixin.py:120} INFO - [2022-11-06T02:53:19.065+0200] {dagbag.py:537} INFO - Filling up the DagBag from /Users/mnagy99/opt/anaconda3/envs/airflow-env/lib/python3.8/site-packages/airflow/example_dags/example_task_group.py
[2022-11-06T02:53:19.093+0200] {processor.py:766} INFO - DAG(s) dict_keys(['example_task_group']) retrieved from /Users/mnagy99/opt/anaconda3/envs/airflow-env/lib/python3.8/site-packages/airflow/example_dags/example_task_group.py
[2022-11-06T02:53:19.550+0200] {logging_mixin.py:120} INFO - [2022-11-06T02:53:19.550+0200] {dag.py:2585} INFO - Sync 1 DAGs
[2022-11-06T02:53:19.566+0200] {logging_mixin.py:120} INFO - [2022-11-06T02:53:19.566+0200] {dag.py:3336} INFO - Setting next_dagrun for example_task_group to 2022-11-05T00:53:19.566672+00:00, run_after=2022-11-06T00:53:19.566672+00:00
[2022-11-06T02:53:19.587+0200] {processor.py:176} INFO - Processing /Users/mnagy99/opt/anaconda3/envs/airflow-env/lib/python3.8/site-packages/airflow/example_dags/example_task_group.py took 0.525 seconds
[2022-11-06T02:55:28.118+0200] {processor.py:154} INFO - Started process (PID=5378) to work on /Users/mnagy99/opt/anaconda3/envs/airflow-env/lib/python3.8/site-packages/airflow/example_dags/example_task_group.py
[2022-11-06T02:55:28.121+0200] {processor.py:756} INFO - Processing file /Users/mnagy99/opt/anaconda3/envs/airflow-env/lib/python3.8/site-packages/airflow/example_dags/example_task_group.py for tasks to queue
[2022-11-06T02:55:28.121+0200] {logging_mixin.py:120} INFO - [2022-11-06T02:55:28.121+0200] {dagbag.py:537} INFO - Filling up the DagBag from /Users/mnagy99/opt/anaconda3/envs/airflow-env/lib/python3.8/site-packages/airflow/example_dags/example_task_group.py
[2022-11-06T02:55:28.147+0200] {processor.py:766} INFO - DAG(s) dict_keys(['example_task_group']) retrieved from /Users/mnagy99/opt/anaconda3/envs/airflow-env/lib/python3.8/site-packages/airflow/example_dags/example_task_group.py
[2022-11-06T02:55:28.620+0200] {logging_mixin.py:120} INFO - [2022-11-06T02:55:28.620+0200] {dag.py:2585} INFO - Sync 1 DAGs
[2022-11-06T02:55:28.634+0200] {logging_mixin.py:120} INFO - [2022-11-06T02:55:28.633+0200] {dag.py:3336} INFO - Setting next_dagrun for example_task_group to 2022-11-05T00:55:28.633824+00:00, run_after=2022-11-06T00:55:28.633824+00:00
[2022-11-06T02:55:28.650+0200] {processor.py:176} INFO - Processing /Users/mnagy99/opt/anaconda3/envs/airflow-env/lib/python3.8/site-packages/airflow/example_dags/example_task_group.py took 0.533 seconds
[2022-11-06T02:57:44.312+0200] {processor.py:154} INFO - Started process (PID=5522) to work on /Users/mnagy99/opt/anaconda3/envs/airflow-env/lib/python3.8/site-packages/airflow/example_dags/example_task_group.py
[2022-11-06T02:57:44.315+0200] {processor.py:756} INFO - Processing file /Users/mnagy99/opt/anaconda3/envs/airflow-env/lib/python3.8/site-packages/airflow/example_dags/example_task_group.py for tasks to queue
[2022-11-06T02:57:44.316+0200] {logging_mixin.py:120} INFO - [2022-11-06T02:57:44.315+0200] {dagbag.py:537} INFO - Filling up the DagBag from /Users/mnagy99/opt/anaconda3/envs/airflow-env/lib/python3.8/site-packages/airflow/example_dags/example_task_group.py
[2022-11-06T02:57:44.342+0200] {processor.py:766} INFO - DAG(s) dict_keys(['example_task_group']) retrieved from /Users/mnagy99/opt/anaconda3/envs/airflow-env/lib/python3.8/site-packages/airflow/example_dags/example_task_group.py
[2022-11-06T02:57:44.773+0200] {logging_mixin.py:120} INFO - [2022-11-06T02:57:44.773+0200] {dag.py:2585} INFO - Sync 1 DAGs
[2022-11-06T02:57:44.787+0200] {logging_mixin.py:120} INFO - [2022-11-06T02:57:44.787+0200] {dag.py:3336} INFO - Setting next_dagrun for example_task_group to 2022-11-05T00:57:44.786955+00:00, run_after=2022-11-06T00:57:44.786955+00:00
[2022-11-06T02:57:44.806+0200] {processor.py:176} INFO - Processing /Users/mnagy99/opt/anaconda3/envs/airflow-env/lib/python3.8/site-packages/airflow/example_dags/example_task_group.py took 0.495 seconds
[2022-11-06T03:00:03.038+0200] {processor.py:154} INFO - Started process (PID=5659) to work on /Users/mnagy99/opt/anaconda3/envs/airflow-env/lib/python3.8/site-packages/airflow/example_dags/example_task_group.py
[2022-11-06T03:00:03.039+0200] {processor.py:756} INFO - Processing file /Users/mnagy99/opt/anaconda3/envs/airflow-env/lib/python3.8/site-packages/airflow/example_dags/example_task_group.py for tasks to queue
[2022-11-06T03:00:03.040+0200] {logging_mixin.py:120} INFO - [2022-11-06T03:00:03.040+0200] {dagbag.py:537} INFO - Filling up the DagBag from /Users/mnagy99/opt/anaconda3/envs/airflow-env/lib/python3.8/site-packages/airflow/example_dags/example_task_group.py
[2022-11-06T03:00:03.064+0200] {processor.py:766} INFO - DAG(s) dict_keys(['example_task_group']) retrieved from /Users/mnagy99/opt/anaconda3/envs/airflow-env/lib/python3.8/site-packages/airflow/example_dags/example_task_group.py
[2022-11-06T03:00:03.582+0200] {logging_mixin.py:120} INFO - [2022-11-06T03:00:03.581+0200] {dag.py:2585} INFO - Sync 1 DAGs
[2022-11-06T03:00:03.596+0200] {logging_mixin.py:120} INFO - [2022-11-06T03:00:03.596+0200] {dag.py:3336} INFO - Setting next_dagrun for example_task_group to 2022-11-05T01:00:03.596469+00:00, run_after=2022-11-06T01:00:03.596469+00:00
[2022-11-06T03:00:03.614+0200] {processor.py:176} INFO - Processing /Users/mnagy99/opt/anaconda3/envs/airflow-env/lib/python3.8/site-packages/airflow/example_dags/example_task_group.py took 0.577 seconds
[2022-11-06T03:02:47.358+0200] {processor.py:154} INFO - Started process (PID=5806) to work on /Users/mnagy99/opt/anaconda3/envs/airflow-env/lib/python3.8/site-packages/airflow/example_dags/example_task_group.py
[2022-11-06T03:02:47.360+0200] {processor.py:756} INFO - Processing file /Users/mnagy99/opt/anaconda3/envs/airflow-env/lib/python3.8/site-packages/airflow/example_dags/example_task_group.py for tasks to queue
[2022-11-06T03:02:47.361+0200] {logging_mixin.py:120} INFO - [2022-11-06T03:02:47.361+0200] {dagbag.py:537} INFO - Filling up the DagBag from /Users/mnagy99/opt/anaconda3/envs/airflow-env/lib/python3.8/site-packages/airflow/example_dags/example_task_group.py
[2022-11-06T03:02:47.394+0200] {processor.py:766} INFO - DAG(s) dict_keys(['example_task_group']) retrieved from /Users/mnagy99/opt/anaconda3/envs/airflow-env/lib/python3.8/site-packages/airflow/example_dags/example_task_group.py
[2022-11-06T03:02:47.957+0200] {logging_mixin.py:120} INFO - [2022-11-06T03:02:47.957+0200] {dag.py:2585} INFO - Sync 1 DAGs
[2022-11-06T03:02:47.971+0200] {logging_mixin.py:120} INFO - [2022-11-06T03:02:47.971+0200] {dag.py:3336} INFO - Setting next_dagrun for example_task_group to 2022-11-05T01:02:47.971376+00:00, run_after=2022-11-06T01:02:47.971376+00:00
[2022-11-06T03:02:47.990+0200] {processor.py:176} INFO - Processing /Users/mnagy99/opt/anaconda3/envs/airflow-env/lib/python3.8/site-packages/airflow/example_dags/example_task_group.py took 0.634 seconds
[2022-11-06T03:05:06.799+0200] {processor.py:154} INFO - Started process (PID=5939) to work on /Users/mnagy99/opt/anaconda3/envs/airflow-env/lib/python3.8/site-packages/airflow/example_dags/example_task_group.py
[2022-11-06T03:05:06.800+0200] {processor.py:756} INFO - Processing file /Users/mnagy99/opt/anaconda3/envs/airflow-env/lib/python3.8/site-packages/airflow/example_dags/example_task_group.py for tasks to queue
[2022-11-06T03:05:06.801+0200] {logging_mixin.py:120} INFO - [2022-11-06T03:05:06.801+0200] {dagbag.py:537} INFO - Filling up the DagBag from /Users/mnagy99/opt/anaconda3/envs/airflow-env/lib/python3.8/site-packages/airflow/example_dags/example_task_group.py
[2022-11-06T03:05:06.825+0200] {processor.py:766} INFO - DAG(s) dict_keys(['example_task_group']) retrieved from /Users/mnagy99/opt/anaconda3/envs/airflow-env/lib/python3.8/site-packages/airflow/example_dags/example_task_group.py
[2022-11-06T03:05:07.262+0200] {logging_mixin.py:120} INFO - [2022-11-06T03:05:07.262+0200] {dag.py:2585} INFO - Sync 1 DAGs
[2022-11-06T03:05:07.275+0200] {logging_mixin.py:120} INFO - [2022-11-06T03:05:07.275+0200] {dag.py:3336} INFO - Setting next_dagrun for example_task_group to 2022-11-05T01:05:07.275697+00:00, run_after=2022-11-06T01:05:07.275697+00:00
[2022-11-06T03:05:07.293+0200] {processor.py:176} INFO - Processing /Users/mnagy99/opt/anaconda3/envs/airflow-env/lib/python3.8/site-packages/airflow/example_dags/example_task_group.py took 0.495 seconds
[2022-11-06T03:07:25.823+0200] {processor.py:154} INFO - Started process (PID=6072) to work on /Users/mnagy99/opt/anaconda3/envs/airflow-env/lib/python3.8/site-packages/airflow/example_dags/example_task_group.py
[2022-11-06T03:07:25.825+0200] {processor.py:756} INFO - Processing file /Users/mnagy99/opt/anaconda3/envs/airflow-env/lib/python3.8/site-packages/airflow/example_dags/example_task_group.py for tasks to queue
[2022-11-06T03:07:25.826+0200] {logging_mixin.py:120} INFO - [2022-11-06T03:07:25.826+0200] {dagbag.py:537} INFO - Filling up the DagBag from /Users/mnagy99/opt/anaconda3/envs/airflow-env/lib/python3.8/site-packages/airflow/example_dags/example_task_group.py
[2022-11-06T03:07:25.852+0200] {processor.py:766} INFO - DAG(s) dict_keys(['example_task_group']) retrieved from /Users/mnagy99/opt/anaconda3/envs/airflow-env/lib/python3.8/site-packages/airflow/example_dags/example_task_group.py
[2022-11-06T03:07:26.314+0200] {logging_mixin.py:120} INFO - [2022-11-06T03:07:26.313+0200] {dag.py:2585} INFO - Sync 1 DAGs
[2022-11-06T03:07:26.329+0200] {logging_mixin.py:120} INFO - [2022-11-06T03:07:26.329+0200] {dag.py:3336} INFO - Setting next_dagrun for example_task_group to 2022-11-05T01:07:26.329663+00:00, run_after=2022-11-06T01:07:26.329663+00:00
[2022-11-06T03:07:26.345+0200] {processor.py:176} INFO - Processing /Users/mnagy99/opt/anaconda3/envs/airflow-env/lib/python3.8/site-packages/airflow/example_dags/example_task_group.py took 0.523 seconds
[2022-11-06T03:09:32.744+0200] {processor.py:154} INFO - Started process (PID=6203) to work on /Users/mnagy99/opt/anaconda3/envs/airflow-env/lib/python3.8/site-packages/airflow/example_dags/example_task_group.py
[2022-11-06T03:09:32.745+0200] {processor.py:756} INFO - Processing file /Users/mnagy99/opt/anaconda3/envs/airflow-env/lib/python3.8/site-packages/airflow/example_dags/example_task_group.py for tasks to queue
[2022-11-06T03:09:32.745+0200] {logging_mixin.py:120} INFO - [2022-11-06T03:09:32.745+0200] {dagbag.py:537} INFO - Filling up the DagBag from /Users/mnagy99/opt/anaconda3/envs/airflow-env/lib/python3.8/site-packages/airflow/example_dags/example_task_group.py
[2022-11-06T03:09:32.774+0200] {processor.py:766} INFO - DAG(s) dict_keys(['example_task_group']) retrieved from /Users/mnagy99/opt/anaconda3/envs/airflow-env/lib/python3.8/site-packages/airflow/example_dags/example_task_group.py
[2022-11-06T03:09:33.261+0200] {logging_mixin.py:120} INFO - [2022-11-06T03:09:33.261+0200] {dag.py:2585} INFO - Sync 1 DAGs
[2022-11-06T03:09:33.275+0200] {logging_mixin.py:120} INFO - [2022-11-06T03:09:33.275+0200] {dag.py:3336} INFO - Setting next_dagrun for example_task_group to 2022-11-05T01:09:33.275411+00:00, run_after=2022-11-06T01:09:33.275411+00:00
[2022-11-06T03:09:33.290+0200] {processor.py:176} INFO - Processing /Users/mnagy99/opt/anaconda3/envs/airflow-env/lib/python3.8/site-packages/airflow/example_dags/example_task_group.py took 0.547 seconds
[2022-11-06T03:11:33.735+0200] {processor.py:154} INFO - Started process (PID=6333) to work on /Users/mnagy99/opt/anaconda3/envs/airflow-env/lib/python3.8/site-packages/airflow/example_dags/example_task_group.py
[2022-11-06T03:11:33.738+0200] {processor.py:756} INFO - Processing file /Users/mnagy99/opt/anaconda3/envs/airflow-env/lib/python3.8/site-packages/airflow/example_dags/example_task_group.py for tasks to queue
[2022-11-06T03:11:33.739+0200] {logging_mixin.py:120} INFO - [2022-11-06T03:11:33.739+0200] {dagbag.py:537} INFO - Filling up the DagBag from /Users/mnagy99/opt/anaconda3/envs/airflow-env/lib/python3.8/site-packages/airflow/example_dags/example_task_group.py
[2022-11-06T03:11:33.761+0200] {processor.py:766} INFO - DAG(s) dict_keys(['example_task_group']) retrieved from /Users/mnagy99/opt/anaconda3/envs/airflow-env/lib/python3.8/site-packages/airflow/example_dags/example_task_group.py
[2022-11-06T03:11:34.200+0200] {logging_mixin.py:120} INFO - [2022-11-06T03:11:34.200+0200] {dag.py:2585} INFO - Sync 1 DAGs
[2022-11-06T03:11:34.213+0200] {logging_mixin.py:120} INFO - [2022-11-06T03:11:34.213+0200] {dag.py:3336} INFO - Setting next_dagrun for example_task_group to 2022-11-05T01:11:34.213492+00:00, run_after=2022-11-06T01:11:34.213492+00:00
[2022-11-06T03:11:34.235+0200] {processor.py:176} INFO - Processing /Users/mnagy99/opt/anaconda3/envs/airflow-env/lib/python3.8/site-packages/airflow/example_dags/example_task_group.py took 0.501 seconds
[2022-11-06T03:13:43.965+0200] {processor.py:154} INFO - Started process (PID=6464) to work on /Users/mnagy99/opt/anaconda3/envs/airflow-env/lib/python3.8/site-packages/airflow/example_dags/example_task_group.py
[2022-11-06T03:13:43.970+0200] {processor.py:756} INFO - Processing file /Users/mnagy99/opt/anaconda3/envs/airflow-env/lib/python3.8/site-packages/airflow/example_dags/example_task_group.py for tasks to queue
[2022-11-06T03:13:43.971+0200] {logging_mixin.py:120} INFO - [2022-11-06T03:13:43.971+0200] {dagbag.py:537} INFO - Filling up the DagBag from /Users/mnagy99/opt/anaconda3/envs/airflow-env/lib/python3.8/site-packages/airflow/example_dags/example_task_group.py
[2022-11-06T03:13:44.002+0200] {processor.py:766} INFO - DAG(s) dict_keys(['example_task_group']) retrieved from /Users/mnagy99/opt/anaconda3/envs/airflow-env/lib/python3.8/site-packages/airflow/example_dags/example_task_group.py
[2022-11-06T03:13:44.493+0200] {logging_mixin.py:120} INFO - [2022-11-06T03:13:44.493+0200] {dag.py:2585} INFO - Sync 1 DAGs
[2022-11-06T03:13:44.507+0200] {logging_mixin.py:120} INFO - [2022-11-06T03:13:44.507+0200] {dag.py:3336} INFO - Setting next_dagrun for example_task_group to 2022-11-05T01:13:44.507242+00:00, run_after=2022-11-06T01:13:44.507242+00:00
[2022-11-06T03:13:44.524+0200] {processor.py:176} INFO - Processing /Users/mnagy99/opt/anaconda3/envs/airflow-env/lib/python3.8/site-packages/airflow/example_dags/example_task_group.py took 0.560 seconds
[2022-11-06T03:15:42.742+0200] {processor.py:154} INFO - Started process (PID=6592) to work on /Users/mnagy99/opt/anaconda3/envs/airflow-env/lib/python3.8/site-packages/airflow/example_dags/example_task_group.py
[2022-11-06T03:15:42.743+0200] {processor.py:756} INFO - Processing file /Users/mnagy99/opt/anaconda3/envs/airflow-env/lib/python3.8/site-packages/airflow/example_dags/example_task_group.py for tasks to queue
[2022-11-06T03:15:42.743+0200] {logging_mixin.py:120} INFO - [2022-11-06T03:15:42.743+0200] {dagbag.py:537} INFO - Filling up the DagBag from /Users/mnagy99/opt/anaconda3/envs/airflow-env/lib/python3.8/site-packages/airflow/example_dags/example_task_group.py
[2022-11-06T03:15:42.765+0200] {processor.py:766} INFO - DAG(s) dict_keys(['example_task_group']) retrieved from /Users/mnagy99/opt/anaconda3/envs/airflow-env/lib/python3.8/site-packages/airflow/example_dags/example_task_group.py
[2022-11-06T03:15:43.218+0200] {logging_mixin.py:120} INFO - [2022-11-06T03:15:43.218+0200] {dag.py:2585} INFO - Sync 1 DAGs
[2022-11-06T03:15:43.232+0200] {logging_mixin.py:120} INFO - [2022-11-06T03:15:43.232+0200] {dag.py:3336} INFO - Setting next_dagrun for example_task_group to 2022-11-05T01:15:43.231910+00:00, run_after=2022-11-06T01:15:43.231910+00:00
[2022-11-06T03:15:43.252+0200] {processor.py:176} INFO - Processing /Users/mnagy99/opt/anaconda3/envs/airflow-env/lib/python3.8/site-packages/airflow/example_dags/example_task_group.py took 0.511 seconds
[2022-11-06T03:17:40.657+0200] {processor.py:154} INFO - Started process (PID=6725) to work on /Users/mnagy99/opt/anaconda3/envs/airflow-env/lib/python3.8/site-packages/airflow/example_dags/example_task_group.py
[2022-11-06T03:17:40.659+0200] {processor.py:756} INFO - Processing file /Users/mnagy99/opt/anaconda3/envs/airflow-env/lib/python3.8/site-packages/airflow/example_dags/example_task_group.py for tasks to queue
[2022-11-06T03:17:40.660+0200] {logging_mixin.py:120} INFO - [2022-11-06T03:17:40.660+0200] {dagbag.py:537} INFO - Filling up the DagBag from /Users/mnagy99/opt/anaconda3/envs/airflow-env/lib/python3.8/site-packages/airflow/example_dags/example_task_group.py
[2022-11-06T03:17:40.682+0200] {processor.py:766} INFO - DAG(s) dict_keys(['example_task_group']) retrieved from /Users/mnagy99/opt/anaconda3/envs/airflow-env/lib/python3.8/site-packages/airflow/example_dags/example_task_group.py
[2022-11-06T03:17:41.124+0200] {logging_mixin.py:120} INFO - [2022-11-06T03:17:41.124+0200] {dag.py:2585} INFO - Sync 1 DAGs
[2022-11-06T03:17:41.138+0200] {logging_mixin.py:120} INFO - [2022-11-06T03:17:41.138+0200] {dag.py:3336} INFO - Setting next_dagrun for example_task_group to 2022-11-05T01:17:41.138473+00:00, run_after=2022-11-06T01:17:41.138473+00:00
[2022-11-06T03:17:41.157+0200] {processor.py:176} INFO - Processing /Users/mnagy99/opt/anaconda3/envs/airflow-env/lib/python3.8/site-packages/airflow/example_dags/example_task_group.py took 0.500 seconds
[2022-11-06T03:19:38.331+0200] {processor.py:154} INFO - Started process (PID=6850) to work on /Users/mnagy99/opt/anaconda3/envs/airflow-env/lib/python3.8/site-packages/airflow/example_dags/example_task_group.py
[2022-11-06T03:19:38.331+0200] {processor.py:756} INFO - Processing file /Users/mnagy99/opt/anaconda3/envs/airflow-env/lib/python3.8/site-packages/airflow/example_dags/example_task_group.py for tasks to queue
[2022-11-06T03:19:38.332+0200] {logging_mixin.py:120} INFO - [2022-11-06T03:19:38.332+0200] {dagbag.py:537} INFO - Filling up the DagBag from /Users/mnagy99/opt/anaconda3/envs/airflow-env/lib/python3.8/site-packages/airflow/example_dags/example_task_group.py
[2022-11-06T03:19:38.353+0200] {processor.py:766} INFO - DAG(s) dict_keys(['example_task_group']) retrieved from /Users/mnagy99/opt/anaconda3/envs/airflow-env/lib/python3.8/site-packages/airflow/example_dags/example_task_group.py
[2022-11-06T03:19:38.817+0200] {logging_mixin.py:120} INFO - [2022-11-06T03:19:38.816+0200] {dag.py:2585} INFO - Sync 1 DAGs
[2022-11-06T03:19:38.830+0200] {logging_mixin.py:120} INFO - [2022-11-06T03:19:38.830+0200] {dag.py:3336} INFO - Setting next_dagrun for example_task_group to 2022-11-05T01:19:38.830432+00:00, run_after=2022-11-06T01:19:38.830432+00:00
[2022-11-06T03:19:38.848+0200] {processor.py:176} INFO - Processing /Users/mnagy99/opt/anaconda3/envs/airflow-env/lib/python3.8/site-packages/airflow/example_dags/example_task_group.py took 0.518 seconds
[2022-11-06T03:21:39.224+0200] {processor.py:154} INFO - Started process (PID=6974) to work on /Users/mnagy99/opt/anaconda3/envs/airflow-env/lib/python3.8/site-packages/airflow/example_dags/example_task_group.py
[2022-11-06T03:21:39.224+0200] {processor.py:756} INFO - Processing file /Users/mnagy99/opt/anaconda3/envs/airflow-env/lib/python3.8/site-packages/airflow/example_dags/example_task_group.py for tasks to queue
[2022-11-06T03:21:39.225+0200] {logging_mixin.py:120} INFO - [2022-11-06T03:21:39.225+0200] {dagbag.py:537} INFO - Filling up the DagBag from /Users/mnagy99/opt/anaconda3/envs/airflow-env/lib/python3.8/site-packages/airflow/example_dags/example_task_group.py
[2022-11-06T03:21:39.248+0200] {processor.py:766} INFO - DAG(s) dict_keys(['example_task_group']) retrieved from /Users/mnagy99/opt/anaconda3/envs/airflow-env/lib/python3.8/site-packages/airflow/example_dags/example_task_group.py
[2022-11-06T03:21:39.685+0200] {logging_mixin.py:120} INFO - [2022-11-06T03:21:39.685+0200] {dag.py:2585} INFO - Sync 1 DAGs
[2022-11-06T03:21:39.699+0200] {logging_mixin.py:120} INFO - [2022-11-06T03:21:39.699+0200] {dag.py:3336} INFO - Setting next_dagrun for example_task_group to 2022-11-05T01:21:39.699495+00:00, run_after=2022-11-06T01:21:39.699495+00:00
[2022-11-06T03:21:39.720+0200] {processor.py:176} INFO - Processing /Users/mnagy99/opt/anaconda3/envs/airflow-env/lib/python3.8/site-packages/airflow/example_dags/example_task_group.py took 0.497 seconds
[2022-11-06T03:23:41.058+0200] {processor.py:154} INFO - Started process (PID=7103) to work on /Users/mnagy99/opt/anaconda3/envs/airflow-env/lib/python3.8/site-packages/airflow/example_dags/example_task_group.py
[2022-11-06T03:23:41.061+0200] {processor.py:756} INFO - Processing file /Users/mnagy99/opt/anaconda3/envs/airflow-env/lib/python3.8/site-packages/airflow/example_dags/example_task_group.py for tasks to queue
[2022-11-06T03:23:41.062+0200] {logging_mixin.py:120} INFO - [2022-11-06T03:23:41.062+0200] {dagbag.py:537} INFO - Filling up the DagBag from /Users/mnagy99/opt/anaconda3/envs/airflow-env/lib/python3.8/site-packages/airflow/example_dags/example_task_group.py
[2022-11-06T03:23:41.089+0200] {processor.py:766} INFO - DAG(s) dict_keys(['example_task_group']) retrieved from /Users/mnagy99/opt/anaconda3/envs/airflow-env/lib/python3.8/site-packages/airflow/example_dags/example_task_group.py
[2022-11-06T03:23:41.557+0200] {logging_mixin.py:120} INFO - [2022-11-06T03:23:41.557+0200] {dag.py:2585} INFO - Sync 1 DAGs
[2022-11-06T03:23:41.571+0200] {logging_mixin.py:120} INFO - [2022-11-06T03:23:41.570+0200] {dag.py:3336} INFO - Setting next_dagrun for example_task_group to 2022-11-05T01:23:41.570794+00:00, run_after=2022-11-06T01:23:41.570794+00:00
[2022-11-06T03:23:41.588+0200] {processor.py:176} INFO - Processing /Users/mnagy99/opt/anaconda3/envs/airflow-env/lib/python3.8/site-packages/airflow/example_dags/example_task_group.py took 0.531 seconds
[2022-11-06T03:25:36.014+0200] {processor.py:154} INFO - Started process (PID=7226) to work on /Users/mnagy99/opt/anaconda3/envs/airflow-env/lib/python3.8/site-packages/airflow/example_dags/example_task_group.py
[2022-11-06T03:25:36.015+0200] {processor.py:756} INFO - Processing file /Users/mnagy99/opt/anaconda3/envs/airflow-env/lib/python3.8/site-packages/airflow/example_dags/example_task_group.py for tasks to queue
[2022-11-06T03:25:36.015+0200] {logging_mixin.py:120} INFO - [2022-11-06T03:25:36.015+0200] {dagbag.py:537} INFO - Filling up the DagBag from /Users/mnagy99/opt/anaconda3/envs/airflow-env/lib/python3.8/site-packages/airflow/example_dags/example_task_group.py
[2022-11-06T03:25:36.036+0200] {processor.py:766} INFO - DAG(s) dict_keys(['example_task_group']) retrieved from /Users/mnagy99/opt/anaconda3/envs/airflow-env/lib/python3.8/site-packages/airflow/example_dags/example_task_group.py
[2022-11-06T03:25:36.497+0200] {logging_mixin.py:120} INFO - [2022-11-06T03:25:36.497+0200] {dag.py:2585} INFO - Sync 1 DAGs
[2022-11-06T03:25:36.511+0200] {logging_mixin.py:120} INFO - [2022-11-06T03:25:36.511+0200] {dag.py:3336} INFO - Setting next_dagrun for example_task_group to 2022-11-05T01:25:36.511697+00:00, run_after=2022-11-06T01:25:36.511697+00:00
[2022-11-06T03:25:36.526+0200] {processor.py:176} INFO - Processing /Users/mnagy99/opt/anaconda3/envs/airflow-env/lib/python3.8/site-packages/airflow/example_dags/example_task_group.py took 0.513 seconds
[2022-11-06T03:27:37.099+0200] {processor.py:154} INFO - Started process (PID=7372) to work on /Users/mnagy99/opt/anaconda3/envs/airflow-env/lib/python3.8/site-packages/airflow/example_dags/example_task_group.py
[2022-11-06T03:27:37.101+0200] {processor.py:756} INFO - Processing file /Users/mnagy99/opt/anaconda3/envs/airflow-env/lib/python3.8/site-packages/airflow/example_dags/example_task_group.py for tasks to queue
[2022-11-06T03:27:37.102+0200] {logging_mixin.py:120} INFO - [2022-11-06T03:27:37.102+0200] {dagbag.py:537} INFO - Filling up the DagBag from /Users/mnagy99/opt/anaconda3/envs/airflow-env/lib/python3.8/site-packages/airflow/example_dags/example_task_group.py
[2022-11-06T03:27:37.127+0200] {processor.py:766} INFO - DAG(s) dict_keys(['example_task_group']) retrieved from /Users/mnagy99/opt/anaconda3/envs/airflow-env/lib/python3.8/site-packages/airflow/example_dags/example_task_group.py
[2022-11-06T03:27:37.616+0200] {logging_mixin.py:120} INFO - [2022-11-06T03:27:37.616+0200] {dag.py:2585} INFO - Sync 1 DAGs
[2022-11-06T03:27:37.635+0200] {logging_mixin.py:120} INFO - [2022-11-06T03:27:37.635+0200] {dag.py:3336} INFO - Setting next_dagrun for example_task_group to 2022-11-05T01:27:37.635272+00:00, run_after=2022-11-06T01:27:37.635272+00:00
[2022-11-06T03:27:37.654+0200] {processor.py:176} INFO - Processing /Users/mnagy99/opt/anaconda3/envs/airflow-env/lib/python3.8/site-packages/airflow/example_dags/example_task_group.py took 0.556 seconds
[2022-11-06T03:29:40.755+0200] {processor.py:154} INFO - Started process (PID=7498) to work on /Users/mnagy99/opt/anaconda3/envs/airflow-env/lib/python3.8/site-packages/airflow/example_dags/example_task_group.py
[2022-11-06T03:29:40.756+0200] {processor.py:756} INFO - Processing file /Users/mnagy99/opt/anaconda3/envs/airflow-env/lib/python3.8/site-packages/airflow/example_dags/example_task_group.py for tasks to queue
[2022-11-06T03:29:40.757+0200] {logging_mixin.py:120} INFO - [2022-11-06T03:29:40.757+0200] {dagbag.py:537} INFO - Filling up the DagBag from /Users/mnagy99/opt/anaconda3/envs/airflow-env/lib/python3.8/site-packages/airflow/example_dags/example_task_group.py
[2022-11-06T03:29:40.786+0200] {processor.py:766} INFO - DAG(s) dict_keys(['example_task_group']) retrieved from /Users/mnagy99/opt/anaconda3/envs/airflow-env/lib/python3.8/site-packages/airflow/example_dags/example_task_group.py
[2022-11-06T03:29:41.234+0200] {logging_mixin.py:120} INFO - [2022-11-06T03:29:41.233+0200] {dag.py:2585} INFO - Sync 1 DAGs
[2022-11-06T03:29:41.248+0200] {logging_mixin.py:120} INFO - [2022-11-06T03:29:41.247+0200] {dag.py:3336} INFO - Setting next_dagrun for example_task_group to 2022-11-05T01:29:41.247749+00:00, run_after=2022-11-06T01:29:41.247749+00:00
[2022-11-06T03:29:41.268+0200] {processor.py:176} INFO - Processing /Users/mnagy99/opt/anaconda3/envs/airflow-env/lib/python3.8/site-packages/airflow/example_dags/example_task_group.py took 0.514 seconds
[2022-11-06T03:31:41.185+0200] {processor.py:154} INFO - Started process (PID=7626) to work on /Users/mnagy99/opt/anaconda3/envs/airflow-env/lib/python3.8/site-packages/airflow/example_dags/example_task_group.py
[2022-11-06T03:31:41.188+0200] {processor.py:756} INFO - Processing file /Users/mnagy99/opt/anaconda3/envs/airflow-env/lib/python3.8/site-packages/airflow/example_dags/example_task_group.py for tasks to queue
[2022-11-06T03:31:41.188+0200] {logging_mixin.py:120} INFO - [2022-11-06T03:31:41.188+0200] {dagbag.py:537} INFO - Filling up the DagBag from /Users/mnagy99/opt/anaconda3/envs/airflow-env/lib/python3.8/site-packages/airflow/example_dags/example_task_group.py
[2022-11-06T03:31:41.215+0200] {processor.py:766} INFO - DAG(s) dict_keys(['example_task_group']) retrieved from /Users/mnagy99/opt/anaconda3/envs/airflow-env/lib/python3.8/site-packages/airflow/example_dags/example_task_group.py
[2022-11-06T03:31:41.668+0200] {logging_mixin.py:120} INFO - [2022-11-06T03:31:41.668+0200] {dag.py:2585} INFO - Sync 1 DAGs
[2022-11-06T03:31:41.683+0200] {logging_mixin.py:120} INFO - [2022-11-06T03:31:41.682+0200] {dag.py:3336} INFO - Setting next_dagrun for example_task_group to 2022-11-05T01:31:41.682832+00:00, run_after=2022-11-06T01:31:41.682832+00:00
[2022-11-06T03:31:41.700+0200] {processor.py:176} INFO - Processing /Users/mnagy99/opt/anaconda3/envs/airflow-env/lib/python3.8/site-packages/airflow/example_dags/example_task_group.py took 0.516 seconds
[2022-11-06T03:33:52.446+0200] {processor.py:154} INFO - Started process (PID=7763) to work on /Users/mnagy99/opt/anaconda3/envs/airflow-env/lib/python3.8/site-packages/airflow/example_dags/example_task_group.py
[2022-11-06T03:33:52.446+0200] {processor.py:756} INFO - Processing file /Users/mnagy99/opt/anaconda3/envs/airflow-env/lib/python3.8/site-packages/airflow/example_dags/example_task_group.py for tasks to queue
[2022-11-06T03:33:52.447+0200] {logging_mixin.py:120} INFO - [2022-11-06T03:33:52.447+0200] {dagbag.py:537} INFO - Filling up the DagBag from /Users/mnagy99/opt/anaconda3/envs/airflow-env/lib/python3.8/site-packages/airflow/example_dags/example_task_group.py
[2022-11-06T03:33:52.470+0200] {processor.py:766} INFO - DAG(s) dict_keys(['example_task_group']) retrieved from /Users/mnagy99/opt/anaconda3/envs/airflow-env/lib/python3.8/site-packages/airflow/example_dags/example_task_group.py
[2022-11-06T03:33:52.899+0200] {logging_mixin.py:120} INFO - [2022-11-06T03:33:52.899+0200] {dag.py:2585} INFO - Sync 1 DAGs
[2022-11-06T03:33:52.912+0200] {logging_mixin.py:120} INFO - [2022-11-06T03:33:52.912+0200] {dag.py:3336} INFO - Setting next_dagrun for example_task_group to 2022-11-05T01:33:52.912586+00:00, run_after=2022-11-06T01:33:52.912586+00:00
[2022-11-06T03:33:52.930+0200] {processor.py:176} INFO - Processing /Users/mnagy99/opt/anaconda3/envs/airflow-env/lib/python3.8/site-packages/airflow/example_dags/example_task_group.py took 0.485 seconds
[2022-11-06T03:35:58.851+0200] {processor.py:154} INFO - Started process (PID=7937) to work on /Users/mnagy99/opt/anaconda3/envs/airflow-env/lib/python3.8/site-packages/airflow/example_dags/example_task_group.py
[2022-11-06T03:35:58.854+0200] {processor.py:756} INFO - Processing file /Users/mnagy99/opt/anaconda3/envs/airflow-env/lib/python3.8/site-packages/airflow/example_dags/example_task_group.py for tasks to queue
[2022-11-06T03:35:58.855+0200] {logging_mixin.py:120} INFO - [2022-11-06T03:35:58.855+0200] {dagbag.py:537} INFO - Filling up the DagBag from /Users/mnagy99/opt/anaconda3/envs/airflow-env/lib/python3.8/site-packages/airflow/example_dags/example_task_group.py
[2022-11-06T03:35:58.884+0200] {processor.py:766} INFO - DAG(s) dict_keys(['example_task_group']) retrieved from /Users/mnagy99/opt/anaconda3/envs/airflow-env/lib/python3.8/site-packages/airflow/example_dags/example_task_group.py
[2022-11-06T03:35:59.327+0200] {logging_mixin.py:120} INFO - [2022-11-06T03:35:59.327+0200] {dag.py:2585} INFO - Sync 1 DAGs
[2022-11-06T03:35:59.341+0200] {logging_mixin.py:120} INFO - [2022-11-06T03:35:59.341+0200] {dag.py:3336} INFO - Setting next_dagrun for example_task_group to 2022-11-05T01:35:59.341211+00:00, run_after=2022-11-06T01:35:59.341211+00:00
[2022-11-06T03:35:59.360+0200] {processor.py:176} INFO - Processing /Users/mnagy99/opt/anaconda3/envs/airflow-env/lib/python3.8/site-packages/airflow/example_dags/example_task_group.py took 0.509 seconds
[2022-11-06T03:38:01.229+0200] {processor.py:154} INFO - Started process (PID=8060) to work on /Users/mnagy99/opt/anaconda3/envs/airflow-env/lib/python3.8/site-packages/airflow/example_dags/example_task_group.py
[2022-11-06T03:38:01.231+0200] {processor.py:756} INFO - Processing file /Users/mnagy99/opt/anaconda3/envs/airflow-env/lib/python3.8/site-packages/airflow/example_dags/example_task_group.py for tasks to queue
[2022-11-06T03:38:01.232+0200] {logging_mixin.py:120} INFO - [2022-11-06T03:38:01.232+0200] {dagbag.py:537} INFO - Filling up the DagBag from /Users/mnagy99/opt/anaconda3/envs/airflow-env/lib/python3.8/site-packages/airflow/example_dags/example_task_group.py
[2022-11-06T03:38:01.264+0200] {processor.py:766} INFO - DAG(s) dict_keys(['example_task_group']) retrieved from /Users/mnagy99/opt/anaconda3/envs/airflow-env/lib/python3.8/site-packages/airflow/example_dags/example_task_group.py
[2022-11-06T03:38:01.712+0200] {logging_mixin.py:120} INFO - [2022-11-06T03:38:01.712+0200] {dag.py:2585} INFO - Sync 1 DAGs
[2022-11-06T03:38:01.725+0200] {logging_mixin.py:120} INFO - [2022-11-06T03:38:01.725+0200] {dag.py:3336} INFO - Setting next_dagrun for example_task_group to 2022-11-05T01:38:01.725551+00:00, run_after=2022-11-06T01:38:01.725551+00:00
[2022-11-06T03:38:01.744+0200] {processor.py:176} INFO - Processing /Users/mnagy99/opt/anaconda3/envs/airflow-env/lib/python3.8/site-packages/airflow/example_dags/example_task_group.py took 0.516 seconds
[2022-11-06T03:39:59.402+0200] {processor.py:154} INFO - Started process (PID=8181) to work on /Users/mnagy99/opt/anaconda3/envs/airflow-env/lib/python3.8/site-packages/airflow/example_dags/example_task_group.py
[2022-11-06T03:39:59.403+0200] {processor.py:756} INFO - Processing file /Users/mnagy99/opt/anaconda3/envs/airflow-env/lib/python3.8/site-packages/airflow/example_dags/example_task_group.py for tasks to queue
[2022-11-06T03:39:59.404+0200] {logging_mixin.py:120} INFO - [2022-11-06T03:39:59.403+0200] {dagbag.py:537} INFO - Filling up the DagBag from /Users/mnagy99/opt/anaconda3/envs/airflow-env/lib/python3.8/site-packages/airflow/example_dags/example_task_group.py
[2022-11-06T03:39:59.426+0200] {processor.py:766} INFO - DAG(s) dict_keys(['example_task_group']) retrieved from /Users/mnagy99/opt/anaconda3/envs/airflow-env/lib/python3.8/site-packages/airflow/example_dags/example_task_group.py
[2022-11-06T03:39:59.853+0200] {logging_mixin.py:120} INFO - [2022-11-06T03:39:59.853+0200] {dag.py:2585} INFO - Sync 1 DAGs
[2022-11-06T03:39:59.868+0200] {logging_mixin.py:120} INFO - [2022-11-06T03:39:59.868+0200] {dag.py:3336} INFO - Setting next_dagrun for example_task_group to 2022-11-05T01:39:59.868019+00:00, run_after=2022-11-06T01:39:59.868019+00:00
[2022-11-06T03:39:59.884+0200] {processor.py:176} INFO - Processing /Users/mnagy99/opt/anaconda3/envs/airflow-env/lib/python3.8/site-packages/airflow/example_dags/example_task_group.py took 0.483 seconds
[2022-11-06T03:41:59.685+0200] {processor.py:154} INFO - Started process (PID=8303) to work on /Users/mnagy99/opt/anaconda3/envs/airflow-env/lib/python3.8/site-packages/airflow/example_dags/example_task_group.py
[2022-11-06T03:41:59.687+0200] {processor.py:756} INFO - Processing file /Users/mnagy99/opt/anaconda3/envs/airflow-env/lib/python3.8/site-packages/airflow/example_dags/example_task_group.py for tasks to queue
[2022-11-06T03:41:59.688+0200] {logging_mixin.py:120} INFO - [2022-11-06T03:41:59.688+0200] {dagbag.py:537} INFO - Filling up the DagBag from /Users/mnagy99/opt/anaconda3/envs/airflow-env/lib/python3.8/site-packages/airflow/example_dags/example_task_group.py
[2022-11-06T03:41:59.711+0200] {processor.py:766} INFO - DAG(s) dict_keys(['example_task_group']) retrieved from /Users/mnagy99/opt/anaconda3/envs/airflow-env/lib/python3.8/site-packages/airflow/example_dags/example_task_group.py
[2022-11-06T03:42:00.157+0200] {logging_mixin.py:120} INFO - [2022-11-06T03:42:00.157+0200] {dag.py:2585} INFO - Sync 1 DAGs
[2022-11-06T03:42:00.171+0200] {logging_mixin.py:120} INFO - [2022-11-06T03:42:00.171+0200] {dag.py:3336} INFO - Setting next_dagrun for example_task_group to 2022-11-05T01:42:00.171045+00:00, run_after=2022-11-06T01:42:00.171045+00:00
[2022-11-06T03:42:00.191+0200] {processor.py:176} INFO - Processing /Users/mnagy99/opt/anaconda3/envs/airflow-env/lib/python3.8/site-packages/airflow/example_dags/example_task_group.py took 0.507 seconds
[2022-11-06T03:43:57.856+0200] {processor.py:154} INFO - Started process (PID=8424) to work on /Users/mnagy99/opt/anaconda3/envs/airflow-env/lib/python3.8/site-packages/airflow/example_dags/example_task_group.py
[2022-11-06T03:43:57.860+0200] {processor.py:756} INFO - Processing file /Users/mnagy99/opt/anaconda3/envs/airflow-env/lib/python3.8/site-packages/airflow/example_dags/example_task_group.py for tasks to queue
[2022-11-06T03:43:57.861+0200] {logging_mixin.py:120} INFO - [2022-11-06T03:43:57.861+0200] {dagbag.py:537} INFO - Filling up the DagBag from /Users/mnagy99/opt/anaconda3/envs/airflow-env/lib/python3.8/site-packages/airflow/example_dags/example_task_group.py
[2022-11-06T03:43:57.893+0200] {processor.py:766} INFO - DAG(s) dict_keys(['example_task_group']) retrieved from /Users/mnagy99/opt/anaconda3/envs/airflow-env/lib/python3.8/site-packages/airflow/example_dags/example_task_group.py
[2022-11-06T03:43:58.376+0200] {logging_mixin.py:120} INFO - [2022-11-06T03:43:58.376+0200] {dag.py:2585} INFO - Sync 1 DAGs
[2022-11-06T03:43:58.391+0200] {logging_mixin.py:120} INFO - [2022-11-06T03:43:58.391+0200] {dag.py:3336} INFO - Setting next_dagrun for example_task_group to 2022-11-05T01:43:58.391230+00:00, run_after=2022-11-06T01:43:58.391230+00:00
[2022-11-06T03:43:58.408+0200] {processor.py:176} INFO - Processing /Users/mnagy99/opt/anaconda3/envs/airflow-env/lib/python3.8/site-packages/airflow/example_dags/example_task_group.py took 0.554 seconds
[2022-11-06T03:46:01.398+0200] {processor.py:154} INFO - Started process (PID=8569) to work on /Users/mnagy99/opt/anaconda3/envs/airflow-env/lib/python3.8/site-packages/airflow/example_dags/example_task_group.py
[2022-11-06T03:46:01.400+0200] {processor.py:756} INFO - Processing file /Users/mnagy99/opt/anaconda3/envs/airflow-env/lib/python3.8/site-packages/airflow/example_dags/example_task_group.py for tasks to queue
[2022-11-06T03:46:01.401+0200] {logging_mixin.py:120} INFO - [2022-11-06T03:46:01.401+0200] {dagbag.py:537} INFO - Filling up the DagBag from /Users/mnagy99/opt/anaconda3/envs/airflow-env/lib/python3.8/site-packages/airflow/example_dags/example_task_group.py
[2022-11-06T03:46:01.428+0200] {processor.py:766} INFO - DAG(s) dict_keys(['example_task_group']) retrieved from /Users/mnagy99/opt/anaconda3/envs/airflow-env/lib/python3.8/site-packages/airflow/example_dags/example_task_group.py
[2022-11-06T03:46:01.916+0200] {logging_mixin.py:120} INFO - [2022-11-06T03:46:01.916+0200] {dag.py:2585} INFO - Sync 1 DAGs
[2022-11-06T03:46:01.930+0200] {logging_mixin.py:120} INFO - [2022-11-06T03:46:01.930+0200] {dag.py:3336} INFO - Setting next_dagrun for example_task_group to 2022-11-05T01:46:01.930624+00:00, run_after=2022-11-06T01:46:01.930624+00:00
[2022-11-06T03:46:01.946+0200] {processor.py:176} INFO - Processing /Users/mnagy99/opt/anaconda3/envs/airflow-env/lib/python3.8/site-packages/airflow/example_dags/example_task_group.py took 0.549 seconds
[2022-11-06T03:48:04.825+0200] {processor.py:154} INFO - Started process (PID=8690) to work on /Users/mnagy99/opt/anaconda3/envs/airflow-env/lib/python3.8/site-packages/airflow/example_dags/example_task_group.py
[2022-11-06T03:48:04.828+0200] {processor.py:756} INFO - Processing file /Users/mnagy99/opt/anaconda3/envs/airflow-env/lib/python3.8/site-packages/airflow/example_dags/example_task_group.py for tasks to queue
[2022-11-06T03:48:04.828+0200] {logging_mixin.py:120} INFO - [2022-11-06T03:48:04.828+0200] {dagbag.py:537} INFO - Filling up the DagBag from /Users/mnagy99/opt/anaconda3/envs/airflow-env/lib/python3.8/site-packages/airflow/example_dags/example_task_group.py
[2022-11-06T03:48:04.855+0200] {processor.py:766} INFO - DAG(s) dict_keys(['example_task_group']) retrieved from /Users/mnagy99/opt/anaconda3/envs/airflow-env/lib/python3.8/site-packages/airflow/example_dags/example_task_group.py
[2022-11-06T03:48:05.392+0200] {logging_mixin.py:120} INFO - [2022-11-06T03:48:05.392+0200] {dag.py:2585} INFO - Sync 1 DAGs
[2022-11-06T03:48:05.410+0200] {logging_mixin.py:120} INFO - [2022-11-06T03:48:05.410+0200] {dag.py:3336} INFO - Setting next_dagrun for example_task_group to 2022-11-05T01:48:05.410680+00:00, run_after=2022-11-06T01:48:05.410680+00:00
[2022-11-06T03:48:05.429+0200] {processor.py:176} INFO - Processing /Users/mnagy99/opt/anaconda3/envs/airflow-env/lib/python3.8/site-packages/airflow/example_dags/example_task_group.py took 0.604 seconds
[2022-11-06T03:50:11.542+0200] {processor.py:154} INFO - Started process (PID=8814) to work on /Users/mnagy99/opt/anaconda3/envs/airflow-env/lib/python3.8/site-packages/airflow/example_dags/example_task_group.py
[2022-11-06T03:50:11.544+0200] {processor.py:756} INFO - Processing file /Users/mnagy99/opt/anaconda3/envs/airflow-env/lib/python3.8/site-packages/airflow/example_dags/example_task_group.py for tasks to queue
[2022-11-06T03:50:11.545+0200] {logging_mixin.py:120} INFO - [2022-11-06T03:50:11.544+0200] {dagbag.py:537} INFO - Filling up the DagBag from /Users/mnagy99/opt/anaconda3/envs/airflow-env/lib/python3.8/site-packages/airflow/example_dags/example_task_group.py
[2022-11-06T03:50:11.571+0200] {processor.py:766} INFO - DAG(s) dict_keys(['example_task_group']) retrieved from /Users/mnagy99/opt/anaconda3/envs/airflow-env/lib/python3.8/site-packages/airflow/example_dags/example_task_group.py
[2022-11-06T03:50:12.014+0200] {logging_mixin.py:120} INFO - [2022-11-06T03:50:12.014+0200] {dag.py:2585} INFO - Sync 1 DAGs
[2022-11-06T03:50:12.028+0200] {logging_mixin.py:120} INFO - [2022-11-06T03:50:12.028+0200] {dag.py:3336} INFO - Setting next_dagrun for example_task_group to 2022-11-05T01:50:12.028378+00:00, run_after=2022-11-06T01:50:12.028378+00:00
[2022-11-06T03:50:12.046+0200] {processor.py:176} INFO - Processing /Users/mnagy99/opt/anaconda3/envs/airflow-env/lib/python3.8/site-packages/airflow/example_dags/example_task_group.py took 0.505 seconds
[2022-11-06T03:52:15.666+0200] {processor.py:154} INFO - Started process (PID=8943) to work on /Users/mnagy99/opt/anaconda3/envs/airflow-env/lib/python3.8/site-packages/airflow/example_dags/example_task_group.py
[2022-11-06T03:52:15.669+0200] {processor.py:756} INFO - Processing file /Users/mnagy99/opt/anaconda3/envs/airflow-env/lib/python3.8/site-packages/airflow/example_dags/example_task_group.py for tasks to queue
[2022-11-06T03:52:15.670+0200] {logging_mixin.py:120} INFO - [2022-11-06T03:52:15.670+0200] {dagbag.py:537} INFO - Filling up the DagBag from /Users/mnagy99/opt/anaconda3/envs/airflow-env/lib/python3.8/site-packages/airflow/example_dags/example_task_group.py
[2022-11-06T03:52:15.694+0200] {processor.py:766} INFO - DAG(s) dict_keys(['example_task_group']) retrieved from /Users/mnagy99/opt/anaconda3/envs/airflow-env/lib/python3.8/site-packages/airflow/example_dags/example_task_group.py
[2022-11-06T03:52:16.151+0200] {logging_mixin.py:120} INFO - [2022-11-06T03:52:16.151+0200] {dag.py:2585} INFO - Sync 1 DAGs
[2022-11-06T03:52:16.165+0200] {logging_mixin.py:120} INFO - [2022-11-06T03:52:16.165+0200] {dag.py:3336} INFO - Setting next_dagrun for example_task_group to 2022-11-05T01:52:16.165395+00:00, run_after=2022-11-06T01:52:16.165395+00:00
[2022-11-06T03:52:16.182+0200] {processor.py:176} INFO - Processing /Users/mnagy99/opt/anaconda3/envs/airflow-env/lib/python3.8/site-packages/airflow/example_dags/example_task_group.py took 0.516 seconds
[2022-11-06T03:54:29.322+0200] {processor.py:154} INFO - Started process (PID=9077) to work on /Users/mnagy99/opt/anaconda3/envs/airflow-env/lib/python3.8/site-packages/airflow/example_dags/example_task_group.py
[2022-11-06T03:54:29.324+0200] {processor.py:756} INFO - Processing file /Users/mnagy99/opt/anaconda3/envs/airflow-env/lib/python3.8/site-packages/airflow/example_dags/example_task_group.py for tasks to queue
[2022-11-06T03:54:29.325+0200] {logging_mixin.py:120} INFO - [2022-11-06T03:54:29.324+0200] {dagbag.py:537} INFO - Filling up the DagBag from /Users/mnagy99/opt/anaconda3/envs/airflow-env/lib/python3.8/site-packages/airflow/example_dags/example_task_group.py
[2022-11-06T03:54:29.348+0200] {processor.py:766} INFO - DAG(s) dict_keys(['example_task_group']) retrieved from /Users/mnagy99/opt/anaconda3/envs/airflow-env/lib/python3.8/site-packages/airflow/example_dags/example_task_group.py
[2022-11-06T03:54:29.815+0200] {logging_mixin.py:120} INFO - [2022-11-06T03:54:29.815+0200] {dag.py:2585} INFO - Sync 1 DAGs
[2022-11-06T03:54:29.831+0200] {logging_mixin.py:120} INFO - [2022-11-06T03:54:29.831+0200] {dag.py:3336} INFO - Setting next_dagrun for example_task_group to 2022-11-05T01:54:29.831514+00:00, run_after=2022-11-06T01:54:29.831514+00:00
[2022-11-06T03:54:29.852+0200] {processor.py:176} INFO - Processing /Users/mnagy99/opt/anaconda3/envs/airflow-env/lib/python3.8/site-packages/airflow/example_dags/example_task_group.py took 0.530 seconds
[2022-11-06T03:56:49.868+0200] {processor.py:154} INFO - Started process (PID=9218) to work on /Users/mnagy99/opt/anaconda3/envs/airflow-env/lib/python3.8/site-packages/airflow/example_dags/example_task_group.py
[2022-11-06T03:56:49.870+0200] {processor.py:756} INFO - Processing file /Users/mnagy99/opt/anaconda3/envs/airflow-env/lib/python3.8/site-packages/airflow/example_dags/example_task_group.py for tasks to queue
[2022-11-06T03:56:49.871+0200] {logging_mixin.py:120} INFO - [2022-11-06T03:56:49.871+0200] {dagbag.py:537} INFO - Filling up the DagBag from /Users/mnagy99/opt/anaconda3/envs/airflow-env/lib/python3.8/site-packages/airflow/example_dags/example_task_group.py
[2022-11-06T03:56:49.898+0200] {processor.py:766} INFO - DAG(s) dict_keys(['example_task_group']) retrieved from /Users/mnagy99/opt/anaconda3/envs/airflow-env/lib/python3.8/site-packages/airflow/example_dags/example_task_group.py
[2022-11-06T03:56:51.067+0200] {logging_mixin.py:120} INFO - [2022-11-06T03:56:51.067+0200] {dag.py:2585} INFO - Sync 1 DAGs
[2022-11-06T03:56:51.139+0200] {logging_mixin.py:120} INFO - [2022-11-06T03:56:51.139+0200] {dag.py:3336} INFO - Setting next_dagrun for example_task_group to 2022-11-05T01:56:51.139118+00:00, run_after=2022-11-06T01:56:51.139118+00:00
[2022-11-06T03:56:51.203+0200] {processor.py:176} INFO - Processing /Users/mnagy99/opt/anaconda3/envs/airflow-env/lib/python3.8/site-packages/airflow/example_dags/example_task_group.py took 1.336 seconds
[2022-11-06T03:59:03.222+0200] {processor.py:154} INFO - Started process (PID=9346) to work on /Users/mnagy99/opt/anaconda3/envs/airflow-env/lib/python3.8/site-packages/airflow/example_dags/example_task_group.py
[2022-11-06T03:59:03.224+0200] {processor.py:756} INFO - Processing file /Users/mnagy99/opt/anaconda3/envs/airflow-env/lib/python3.8/site-packages/airflow/example_dags/example_task_group.py for tasks to queue
[2022-11-06T03:59:03.224+0200] {logging_mixin.py:120} INFO - [2022-11-06T03:59:03.224+0200] {dagbag.py:537} INFO - Filling up the DagBag from /Users/mnagy99/opt/anaconda3/envs/airflow-env/lib/python3.8/site-packages/airflow/example_dags/example_task_group.py
[2022-11-06T03:59:03.252+0200] {processor.py:766} INFO - DAG(s) dict_keys(['example_task_group']) retrieved from /Users/mnagy99/opt/anaconda3/envs/airflow-env/lib/python3.8/site-packages/airflow/example_dags/example_task_group.py
[2022-11-06T03:59:03.819+0200] {logging_mixin.py:120} INFO - [2022-11-06T03:59:03.819+0200] {dag.py:2585} INFO - Sync 1 DAGs
[2022-11-06T03:59:03.837+0200] {logging_mixin.py:120} INFO - [2022-11-06T03:59:03.837+0200] {dag.py:3336} INFO - Setting next_dagrun for example_task_group to 2022-11-05T01:59:03.837250+00:00, run_after=2022-11-06T01:59:03.837250+00:00
[2022-11-06T03:59:03.856+0200] {processor.py:176} INFO - Processing /Users/mnagy99/opt/anaconda3/envs/airflow-env/lib/python3.8/site-packages/airflow/example_dags/example_task_group.py took 0.635 seconds
[2022-11-06T04:01:32.271+0200] {processor.py:154} INFO - Started process (PID=9507) to work on /Users/mnagy99/opt/anaconda3/envs/airflow-env/lib/python3.8/site-packages/airflow/example_dags/example_task_group.py
[2022-11-06T04:01:32.273+0200] {processor.py:756} INFO - Processing file /Users/mnagy99/opt/anaconda3/envs/airflow-env/lib/python3.8/site-packages/airflow/example_dags/example_task_group.py for tasks to queue
[2022-11-06T04:01:32.274+0200] {logging_mixin.py:120} INFO - [2022-11-06T04:01:32.274+0200] {dagbag.py:537} INFO - Filling up the DagBag from /Users/mnagy99/opt/anaconda3/envs/airflow-env/lib/python3.8/site-packages/airflow/example_dags/example_task_group.py
[2022-11-06T04:01:32.298+0200] {processor.py:766} INFO - DAG(s) dict_keys(['example_task_group']) retrieved from /Users/mnagy99/opt/anaconda3/envs/airflow-env/lib/python3.8/site-packages/airflow/example_dags/example_task_group.py
[2022-11-06T04:01:32.732+0200] {logging_mixin.py:120} INFO - [2022-11-06T04:01:32.732+0200] {dag.py:2585} INFO - Sync 1 DAGs
[2022-11-06T04:01:32.746+0200] {logging_mixin.py:120} INFO - [2022-11-06T04:01:32.746+0200] {dag.py:3336} INFO - Setting next_dagrun for example_task_group to 2022-11-05T02:01:32.745870+00:00, run_after=2022-11-06T02:01:32.745870+00:00
[2022-11-06T04:01:32.766+0200] {processor.py:176} INFO - Processing /Users/mnagy99/opt/anaconda3/envs/airflow-env/lib/python3.8/site-packages/airflow/example_dags/example_task_group.py took 0.496 seconds
[2022-11-06T04:03:50.201+0200] {processor.py:154} INFO - Started process (PID=9645) to work on /Users/mnagy99/opt/anaconda3/envs/airflow-env/lib/python3.8/site-packages/airflow/example_dags/example_task_group.py
[2022-11-06T04:03:50.203+0200] {processor.py:756} INFO - Processing file /Users/mnagy99/opt/anaconda3/envs/airflow-env/lib/python3.8/site-packages/airflow/example_dags/example_task_group.py for tasks to queue
[2022-11-06T04:03:50.204+0200] {logging_mixin.py:120} INFO - [2022-11-06T04:03:50.204+0200] {dagbag.py:537} INFO - Filling up the DagBag from /Users/mnagy99/opt/anaconda3/envs/airflow-env/lib/python3.8/site-packages/airflow/example_dags/example_task_group.py
[2022-11-06T04:03:50.227+0200] {processor.py:766} INFO - DAG(s) dict_keys(['example_task_group']) retrieved from /Users/mnagy99/opt/anaconda3/envs/airflow-env/lib/python3.8/site-packages/airflow/example_dags/example_task_group.py
[2022-11-06T04:03:50.665+0200] {logging_mixin.py:120} INFO - [2022-11-06T04:03:50.665+0200] {dag.py:2585} INFO - Sync 1 DAGs
[2022-11-06T04:03:50.679+0200] {logging_mixin.py:120} INFO - [2022-11-06T04:03:50.679+0200] {dag.py:3336} INFO - Setting next_dagrun for example_task_group to 2022-11-05T02:03:50.679561+00:00, run_after=2022-11-06T02:03:50.679561+00:00
[2022-11-06T04:03:50.700+0200] {processor.py:176} INFO - Processing /Users/mnagy99/opt/anaconda3/envs/airflow-env/lib/python3.8/site-packages/airflow/example_dags/example_task_group.py took 0.500 seconds
[2022-11-06T04:06:11.409+0200] {processor.py:154} INFO - Started process (PID=9801) to work on /Users/mnagy99/opt/anaconda3/envs/airflow-env/lib/python3.8/site-packages/airflow/example_dags/example_task_group.py
[2022-11-06T04:06:11.413+0200] {processor.py:756} INFO - Processing file /Users/mnagy99/opt/anaconda3/envs/airflow-env/lib/python3.8/site-packages/airflow/example_dags/example_task_group.py for tasks to queue
[2022-11-06T04:06:11.414+0200] {logging_mixin.py:120} INFO - [2022-11-06T04:06:11.414+0200] {dagbag.py:537} INFO - Filling up the DagBag from /Users/mnagy99/opt/anaconda3/envs/airflow-env/lib/python3.8/site-packages/airflow/example_dags/example_task_group.py
[2022-11-06T04:06:11.549+0200] {processor.py:766} INFO - DAG(s) dict_keys(['example_task_group']) retrieved from /Users/mnagy99/opt/anaconda3/envs/airflow-env/lib/python3.8/site-packages/airflow/example_dags/example_task_group.py
[2022-11-06T04:06:12.234+0200] {logging_mixin.py:120} INFO - [2022-11-06T04:06:12.233+0200] {dag.py:2585} INFO - Sync 1 DAGs
[2022-11-06T04:06:12.258+0200] {logging_mixin.py:120} INFO - [2022-11-06T04:06:12.258+0200] {dag.py:3336} INFO - Setting next_dagrun for example_task_group to 2022-11-05T02:06:12.258538+00:00, run_after=2022-11-06T02:06:12.258538+00:00
[2022-11-06T04:06:12.281+0200] {processor.py:176} INFO - Processing /Users/mnagy99/opt/anaconda3/envs/airflow-env/lib/python3.8/site-packages/airflow/example_dags/example_task_group.py took 0.872 seconds
[2022-11-06T04:08:31.864+0200] {processor.py:154} INFO - Started process (PID=9943) to work on /Users/mnagy99/opt/anaconda3/envs/airflow-env/lib/python3.8/site-packages/airflow/example_dags/example_task_group.py
[2022-11-06T04:08:31.866+0200] {processor.py:756} INFO - Processing file /Users/mnagy99/opt/anaconda3/envs/airflow-env/lib/python3.8/site-packages/airflow/example_dags/example_task_group.py for tasks to queue
[2022-11-06T04:08:31.867+0200] {logging_mixin.py:120} INFO - [2022-11-06T04:08:31.867+0200] {dagbag.py:537} INFO - Filling up the DagBag from /Users/mnagy99/opt/anaconda3/envs/airflow-env/lib/python3.8/site-packages/airflow/example_dags/example_task_group.py
[2022-11-06T04:08:31.890+0200] {processor.py:766} INFO - DAG(s) dict_keys(['example_task_group']) retrieved from /Users/mnagy99/opt/anaconda3/envs/airflow-env/lib/python3.8/site-packages/airflow/example_dags/example_task_group.py
[2022-11-06T04:08:32.336+0200] {logging_mixin.py:120} INFO - [2022-11-06T04:08:32.335+0200] {dag.py:2585} INFO - Sync 1 DAGs
[2022-11-06T04:08:32.349+0200] {logging_mixin.py:120} INFO - [2022-11-06T04:08:32.349+0200] {dag.py:3336} INFO - Setting next_dagrun for example_task_group to 2022-11-05T02:08:32.349443+00:00, run_after=2022-11-06T02:08:32.349443+00:00
[2022-11-06T04:08:32.367+0200] {processor.py:176} INFO - Processing /Users/mnagy99/opt/anaconda3/envs/airflow-env/lib/python3.8/site-packages/airflow/example_dags/example_task_group.py took 0.504 seconds
[2022-11-06T04:10:36.141+0200] {processor.py:154} INFO - Started process (PID=10074) to work on /Users/mnagy99/opt/anaconda3/envs/airflow-env/lib/python3.8/site-packages/airflow/example_dags/example_task_group.py
[2022-11-06T04:10:36.144+0200] {processor.py:756} INFO - Processing file /Users/mnagy99/opt/anaconda3/envs/airflow-env/lib/python3.8/site-packages/airflow/example_dags/example_task_group.py for tasks to queue
[2022-11-06T04:10:36.144+0200] {logging_mixin.py:120} INFO - [2022-11-06T04:10:36.144+0200] {dagbag.py:537} INFO - Filling up the DagBag from /Users/mnagy99/opt/anaconda3/envs/airflow-env/lib/python3.8/site-packages/airflow/example_dags/example_task_group.py
[2022-11-06T04:10:36.172+0200] {processor.py:766} INFO - DAG(s) dict_keys(['example_task_group']) retrieved from /Users/mnagy99/opt/anaconda3/envs/airflow-env/lib/python3.8/site-packages/airflow/example_dags/example_task_group.py
[2022-11-06T04:10:36.641+0200] {logging_mixin.py:120} INFO - [2022-11-06T04:10:36.641+0200] {dag.py:2585} INFO - Sync 1 DAGs
[2022-11-06T04:10:36.656+0200] {logging_mixin.py:120} INFO - [2022-11-06T04:10:36.656+0200] {dag.py:3336} INFO - Setting next_dagrun for example_task_group to 2022-11-05T02:10:36.656338+00:00, run_after=2022-11-06T02:10:36.656338+00:00
[2022-11-06T04:10:36.672+0200] {processor.py:176} INFO - Processing /Users/mnagy99/opt/anaconda3/envs/airflow-env/lib/python3.8/site-packages/airflow/example_dags/example_task_group.py took 0.532 seconds
[2022-11-06T04:12:59.884+0200] {processor.py:154} INFO - Started process (PID=10226) to work on /Users/mnagy99/opt/anaconda3/envs/airflow-env/lib/python3.8/site-packages/airflow/example_dags/example_task_group.py
[2022-11-06T04:12:59.886+0200] {processor.py:756} INFO - Processing file /Users/mnagy99/opt/anaconda3/envs/airflow-env/lib/python3.8/site-packages/airflow/example_dags/example_task_group.py for tasks to queue
[2022-11-06T04:12:59.887+0200] {logging_mixin.py:120} INFO - [2022-11-06T04:12:59.887+0200] {dagbag.py:537} INFO - Filling up the DagBag from /Users/mnagy99/opt/anaconda3/envs/airflow-env/lib/python3.8/site-packages/airflow/example_dags/example_task_group.py
[2022-11-06T04:12:59.915+0200] {processor.py:766} INFO - DAG(s) dict_keys(['example_task_group']) retrieved from /Users/mnagy99/opt/anaconda3/envs/airflow-env/lib/python3.8/site-packages/airflow/example_dags/example_task_group.py
[2022-11-06T04:13:00.359+0200] {logging_mixin.py:120} INFO - [2022-11-06T04:13:00.359+0200] {dag.py:2585} INFO - Sync 1 DAGs
[2022-11-06T04:13:00.374+0200] {logging_mixin.py:120} INFO - [2022-11-06T04:13:00.374+0200] {dag.py:3336} INFO - Setting next_dagrun for example_task_group to 2022-11-05T02:13:00.374160+00:00, run_after=2022-11-06T02:13:00.374160+00:00
[2022-11-06T04:13:00.396+0200] {processor.py:176} INFO - Processing /Users/mnagy99/opt/anaconda3/envs/airflow-env/lib/python3.8/site-packages/airflow/example_dags/example_task_group.py took 0.513 seconds
[2022-11-06T04:14:59.257+0200] {processor.py:154} INFO - Started process (PID=10356) to work on /Users/mnagy99/opt/anaconda3/envs/airflow-env/lib/python3.8/site-packages/airflow/example_dags/example_task_group.py
[2022-11-06T04:14:59.259+0200] {processor.py:756} INFO - Processing file /Users/mnagy99/opt/anaconda3/envs/airflow-env/lib/python3.8/site-packages/airflow/example_dags/example_task_group.py for tasks to queue
[2022-11-06T04:14:59.259+0200] {logging_mixin.py:120} INFO - [2022-11-06T04:14:59.259+0200] {dagbag.py:537} INFO - Filling up the DagBag from /Users/mnagy99/opt/anaconda3/envs/airflow-env/lib/python3.8/site-packages/airflow/example_dags/example_task_group.py
[2022-11-06T04:14:59.284+0200] {processor.py:766} INFO - DAG(s) dict_keys(['example_task_group']) retrieved from /Users/mnagy99/opt/anaconda3/envs/airflow-env/lib/python3.8/site-packages/airflow/example_dags/example_task_group.py
[2022-11-06T04:14:59.738+0200] {logging_mixin.py:120} INFO - [2022-11-06T04:14:59.738+0200] {dag.py:2585} INFO - Sync 1 DAGs
[2022-11-06T04:14:59.752+0200] {logging_mixin.py:120} INFO - [2022-11-06T04:14:59.752+0200] {dag.py:3336} INFO - Setting next_dagrun for example_task_group to 2022-11-05T02:14:59.752188+00:00, run_after=2022-11-06T02:14:59.752188+00:00
[2022-11-06T04:14:59.769+0200] {processor.py:176} INFO - Processing /Users/mnagy99/opt/anaconda3/envs/airflow-env/lib/python3.8/site-packages/airflow/example_dags/example_task_group.py took 0.513 seconds
[2022-11-06T04:17:19.088+0200] {processor.py:154} INFO - Started process (PID=10492) to work on /Users/mnagy99/opt/anaconda3/envs/airflow-env/lib/python3.8/site-packages/airflow/example_dags/example_task_group.py
[2022-11-06T04:17:19.090+0200] {processor.py:756} INFO - Processing file /Users/mnagy99/opt/anaconda3/envs/airflow-env/lib/python3.8/site-packages/airflow/example_dags/example_task_group.py for tasks to queue
[2022-11-06T04:17:19.090+0200] {logging_mixin.py:120} INFO - [2022-11-06T04:17:19.090+0200] {dagbag.py:537} INFO - Filling up the DagBag from /Users/mnagy99/opt/anaconda3/envs/airflow-env/lib/python3.8/site-packages/airflow/example_dags/example_task_group.py
[2022-11-06T04:17:19.116+0200] {processor.py:766} INFO - DAG(s) dict_keys(['example_task_group']) retrieved from /Users/mnagy99/opt/anaconda3/envs/airflow-env/lib/python3.8/site-packages/airflow/example_dags/example_task_group.py
[2022-11-06T04:17:19.547+0200] {logging_mixin.py:120} INFO - [2022-11-06T04:17:19.546+0200] {dag.py:2585} INFO - Sync 1 DAGs
[2022-11-06T04:17:19.560+0200] {logging_mixin.py:120} INFO - [2022-11-06T04:17:19.560+0200] {dag.py:3336} INFO - Setting next_dagrun for example_task_group to 2022-11-05T02:17:19.560499+00:00, run_after=2022-11-06T02:17:19.560499+00:00
[2022-11-06T04:17:19.578+0200] {processor.py:176} INFO - Processing /Users/mnagy99/opt/anaconda3/envs/airflow-env/lib/python3.8/site-packages/airflow/example_dags/example_task_group.py took 0.490 seconds
