[2022-11-06T02:00:00.026+0200] {processor.py:154} INFO - Started process (PID=1458) to work on /Users/mnagy99/opt/anaconda3/envs/airflow-env/lib/python3.8/site-packages/airflow/example_dags/example_nested_branch_dag.py
[2022-11-06T02:00:00.027+0200] {processor.py:756} INFO - Processing file /Users/mnagy99/opt/anaconda3/envs/airflow-env/lib/python3.8/site-packages/airflow/example_dags/example_nested_branch_dag.py for tasks to queue
[2022-11-06T02:00:00.028+0200] {logging_mixin.py:120} INFO - [2022-11-06T02:00:00.028+0200] {dagbag.py:537} INFO - Filling up the DagBag from /Users/mnagy99/opt/anaconda3/envs/airflow-env/lib/python3.8/site-packages/airflow/example_dags/example_nested_branch_dag.py
[2022-11-06T02:00:00.083+0200] {processor.py:766} INFO - DAG(s) dict_keys(['example_nested_branch_dag']) retrieved from /Users/mnagy99/opt/anaconda3/envs/airflow-env/lib/python3.8/site-packages/airflow/example_dags/example_nested_branch_dag.py
[2022-11-06T02:00:00.591+0200] {logging_mixin.py:120} INFO - [2022-11-06T02:00:00.590+0200] {dag.py:2585} INFO - Sync 1 DAGs
[2022-11-06T02:00:00.605+0200] {logging_mixin.py:120} INFO - [2022-11-06T02:00:00.605+0200] {dag.py:3336} INFO - Setting next_dagrun for example_nested_branch_dag to 2022-11-05T00:00:00+00:00, run_after=2022-11-06T00:00:00+00:00
[2022-11-06T02:00:00.624+0200] {processor.py:176} INFO - Processing /Users/mnagy99/opt/anaconda3/envs/airflow-env/lib/python3.8/site-packages/airflow/example_dags/example_nested_branch_dag.py took 0.599 seconds
[2022-11-06T02:02:19.445+0200] {processor.py:154} INFO - Started process (PID=1994) to work on /Users/mnagy99/opt/anaconda3/envs/airflow-env/lib/python3.8/site-packages/airflow/example_dags/example_nested_branch_dag.py
[2022-11-06T02:02:19.446+0200] {processor.py:756} INFO - Processing file /Users/mnagy99/opt/anaconda3/envs/airflow-env/lib/python3.8/site-packages/airflow/example_dags/example_nested_branch_dag.py for tasks to queue
[2022-11-06T02:02:19.447+0200] {logging_mixin.py:120} INFO - [2022-11-06T02:02:19.446+0200] {dagbag.py:537} INFO - Filling up the DagBag from /Users/mnagy99/opt/anaconda3/envs/airflow-env/lib/python3.8/site-packages/airflow/example_dags/example_nested_branch_dag.py
[2022-11-06T02:02:19.496+0200] {processor.py:766} INFO - DAG(s) dict_keys(['example_nested_branch_dag']) retrieved from /Users/mnagy99/opt/anaconda3/envs/airflow-env/lib/python3.8/site-packages/airflow/example_dags/example_nested_branch_dag.py
[2022-11-06T02:02:20.016+0200] {logging_mixin.py:120} INFO - [2022-11-06T02:02:20.016+0200] {dag.py:2585} INFO - Sync 1 DAGs
[2022-11-06T02:02:20.043+0200] {logging_mixin.py:120} INFO - [2022-11-06T02:02:20.042+0200] {dag.py:3336} INFO - Setting next_dagrun for example_nested_branch_dag to 2022-11-05T00:00:00+00:00, run_after=2022-11-06T00:00:00+00:00
[2022-11-06T02:02:20.064+0200] {processor.py:176} INFO - Processing /Users/mnagy99/opt/anaconda3/envs/airflow-env/lib/python3.8/site-packages/airflow/example_dags/example_nested_branch_dag.py took 0.620 seconds
[2022-11-06T02:04:37.421+0200] {processor.py:154} INFO - Started process (PID=2181) to work on /Users/mnagy99/opt/anaconda3/envs/airflow-env/lib/python3.8/site-packages/airflow/example_dags/example_nested_branch_dag.py
[2022-11-06T02:04:37.423+0200] {processor.py:756} INFO - Processing file /Users/mnagy99/opt/anaconda3/envs/airflow-env/lib/python3.8/site-packages/airflow/example_dags/example_nested_branch_dag.py for tasks to queue
[2022-11-06T02:04:37.423+0200] {logging_mixin.py:120} INFO - [2022-11-06T02:04:37.423+0200] {dagbag.py:537} INFO - Filling up the DagBag from /Users/mnagy99/opt/anaconda3/envs/airflow-env/lib/python3.8/site-packages/airflow/example_dags/example_nested_branch_dag.py
[2022-11-06T02:04:37.480+0200] {processor.py:766} INFO - DAG(s) dict_keys(['example_nested_branch_dag']) retrieved from /Users/mnagy99/opt/anaconda3/envs/airflow-env/lib/python3.8/site-packages/airflow/example_dags/example_nested_branch_dag.py
[2022-11-06T02:04:38.109+0200] {logging_mixin.py:120} INFO - [2022-11-06T02:04:38.109+0200] {dag.py:2585} INFO - Sync 1 DAGs
[2022-11-06T02:04:38.130+0200] {logging_mixin.py:120} INFO - [2022-11-06T02:04:38.129+0200] {dag.py:3336} INFO - Setting next_dagrun for example_nested_branch_dag to 2022-11-05T00:00:00+00:00, run_after=2022-11-06T00:00:00+00:00
[2022-11-06T02:04:38.152+0200] {processor.py:176} INFO - Processing /Users/mnagy99/opt/anaconda3/envs/airflow-env/lib/python3.8/site-packages/airflow/example_dags/example_nested_branch_dag.py took 0.732 seconds
[2022-11-06T02:06:58.900+0200] {processor.py:154} INFO - Started process (PID=2313) to work on /Users/mnagy99/opt/anaconda3/envs/airflow-env/lib/python3.8/site-packages/airflow/example_dags/example_nested_branch_dag.py
[2022-11-06T02:06:58.903+0200] {processor.py:756} INFO - Processing file /Users/mnagy99/opt/anaconda3/envs/airflow-env/lib/python3.8/site-packages/airflow/example_dags/example_nested_branch_dag.py for tasks to queue
[2022-11-06T02:06:58.903+0200] {logging_mixin.py:120} INFO - [2022-11-06T02:06:58.903+0200] {dagbag.py:537} INFO - Filling up the DagBag from /Users/mnagy99/opt/anaconda3/envs/airflow-env/lib/python3.8/site-packages/airflow/example_dags/example_nested_branch_dag.py
[2022-11-06T02:06:58.957+0200] {processor.py:766} INFO - DAG(s) dict_keys(['example_nested_branch_dag']) retrieved from /Users/mnagy99/opt/anaconda3/envs/airflow-env/lib/python3.8/site-packages/airflow/example_dags/example_nested_branch_dag.py
[2022-11-06T02:06:59.453+0200] {logging_mixin.py:120} INFO - [2022-11-06T02:06:59.453+0200] {dag.py:2585} INFO - Sync 1 DAGs
[2022-11-06T02:06:59.471+0200] {logging_mixin.py:120} INFO - [2022-11-06T02:06:59.471+0200] {dag.py:3336} INFO - Setting next_dagrun for example_nested_branch_dag to 2022-11-05T00:00:00+00:00, run_after=2022-11-06T00:00:00+00:00
[2022-11-06T02:06:59.491+0200] {processor.py:176} INFO - Processing /Users/mnagy99/opt/anaconda3/envs/airflow-env/lib/python3.8/site-packages/airflow/example_dags/example_nested_branch_dag.py took 0.591 seconds
[2022-11-06T02:09:18.617+0200] {processor.py:154} INFO - Started process (PID=2440) to work on /Users/mnagy99/opt/anaconda3/envs/airflow-env/lib/python3.8/site-packages/airflow/example_dags/example_nested_branch_dag.py
[2022-11-06T02:09:18.619+0200] {processor.py:756} INFO - Processing file /Users/mnagy99/opt/anaconda3/envs/airflow-env/lib/python3.8/site-packages/airflow/example_dags/example_nested_branch_dag.py for tasks to queue
[2022-11-06T02:09:18.621+0200] {logging_mixin.py:120} INFO - [2022-11-06T02:09:18.621+0200] {dagbag.py:537} INFO - Filling up the DagBag from /Users/mnagy99/opt/anaconda3/envs/airflow-env/lib/python3.8/site-packages/airflow/example_dags/example_nested_branch_dag.py
[2022-11-06T02:09:18.674+0200] {processor.py:766} INFO - DAG(s) dict_keys(['example_nested_branch_dag']) retrieved from /Users/mnagy99/opt/anaconda3/envs/airflow-env/lib/python3.8/site-packages/airflow/example_dags/example_nested_branch_dag.py
[2022-11-06T02:09:19.154+0200] {logging_mixin.py:120} INFO - [2022-11-06T02:09:19.154+0200] {dag.py:2585} INFO - Sync 1 DAGs
[2022-11-06T02:09:19.169+0200] {logging_mixin.py:120} INFO - [2022-11-06T02:09:19.168+0200] {dag.py:3336} INFO - Setting next_dagrun for example_nested_branch_dag to 2022-11-05T00:00:00+00:00, run_after=2022-11-06T00:00:00+00:00
[2022-11-06T02:09:19.192+0200] {processor.py:176} INFO - Processing /Users/mnagy99/opt/anaconda3/envs/airflow-env/lib/python3.8/site-packages/airflow/example_dags/example_nested_branch_dag.py took 0.576 seconds
[2022-11-06T02:11:32.921+0200] {processor.py:154} INFO - Started process (PID=2571) to work on /Users/mnagy99/opt/anaconda3/envs/airflow-env/lib/python3.8/site-packages/airflow/example_dags/example_nested_branch_dag.py
[2022-11-06T02:11:32.924+0200] {processor.py:756} INFO - Processing file /Users/mnagy99/opt/anaconda3/envs/airflow-env/lib/python3.8/site-packages/airflow/example_dags/example_nested_branch_dag.py for tasks to queue
[2022-11-06T02:11:32.924+0200] {logging_mixin.py:120} INFO - [2022-11-06T02:11:32.924+0200] {dagbag.py:537} INFO - Filling up the DagBag from /Users/mnagy99/opt/anaconda3/envs/airflow-env/lib/python3.8/site-packages/airflow/example_dags/example_nested_branch_dag.py
[2022-11-06T02:11:32.968+0200] {processor.py:766} INFO - DAG(s) dict_keys(['example_nested_branch_dag']) retrieved from /Users/mnagy99/opt/anaconda3/envs/airflow-env/lib/python3.8/site-packages/airflow/example_dags/example_nested_branch_dag.py
[2022-11-06T02:11:33.476+0200] {logging_mixin.py:120} INFO - [2022-11-06T02:11:33.476+0200] {dag.py:2585} INFO - Sync 1 DAGs
[2022-11-06T02:11:33.497+0200] {logging_mixin.py:120} INFO - [2022-11-06T02:11:33.497+0200] {dag.py:3336} INFO - Setting next_dagrun for example_nested_branch_dag to 2022-11-05T00:00:00+00:00, run_after=2022-11-06T00:00:00+00:00
[2022-11-06T02:11:33.520+0200] {processor.py:176} INFO - Processing /Users/mnagy99/opt/anaconda3/envs/airflow-env/lib/python3.8/site-packages/airflow/example_dags/example_nested_branch_dag.py took 0.599 seconds
[2022-11-06T02:13:40.079+0200] {processor.py:154} INFO - Started process (PID=2694) to work on /Users/mnagy99/opt/anaconda3/envs/airflow-env/lib/python3.8/site-packages/airflow/example_dags/example_nested_branch_dag.py
[2022-11-06T02:13:40.081+0200] {processor.py:756} INFO - Processing file /Users/mnagy99/opt/anaconda3/envs/airflow-env/lib/python3.8/site-packages/airflow/example_dags/example_nested_branch_dag.py for tasks to queue
[2022-11-06T02:13:40.082+0200] {logging_mixin.py:120} INFO - [2022-11-06T02:13:40.082+0200] {dagbag.py:537} INFO - Filling up the DagBag from /Users/mnagy99/opt/anaconda3/envs/airflow-env/lib/python3.8/site-packages/airflow/example_dags/example_nested_branch_dag.py
[2022-11-06T02:13:40.128+0200] {processor.py:766} INFO - DAG(s) dict_keys(['example_nested_branch_dag']) retrieved from /Users/mnagy99/opt/anaconda3/envs/airflow-env/lib/python3.8/site-packages/airflow/example_dags/example_nested_branch_dag.py
[2022-11-06T02:13:40.686+0200] {logging_mixin.py:120} INFO - [2022-11-06T02:13:40.686+0200] {dag.py:2585} INFO - Sync 1 DAGs
[2022-11-06T02:13:40.702+0200] {logging_mixin.py:120} INFO - [2022-11-06T02:13:40.702+0200] {dag.py:3336} INFO - Setting next_dagrun for example_nested_branch_dag to 2022-11-05T00:00:00+00:00, run_after=2022-11-06T00:00:00+00:00
[2022-11-06T02:13:40.718+0200] {processor.py:176} INFO - Processing /Users/mnagy99/opt/anaconda3/envs/airflow-env/lib/python3.8/site-packages/airflow/example_dags/example_nested_branch_dag.py took 0.640 seconds
[2022-11-06T02:16:06.495+0200] {processor.py:154} INFO - Started process (PID=2901) to work on /Users/mnagy99/opt/anaconda3/envs/airflow-env/lib/python3.8/site-packages/airflow/example_dags/example_nested_branch_dag.py
[2022-11-06T02:16:06.499+0200] {processor.py:756} INFO - Processing file /Users/mnagy99/opt/anaconda3/envs/airflow-env/lib/python3.8/site-packages/airflow/example_dags/example_nested_branch_dag.py for tasks to queue
[2022-11-06T02:16:06.500+0200] {logging_mixin.py:120} INFO - [2022-11-06T02:16:06.499+0200] {dagbag.py:537} INFO - Filling up the DagBag from /Users/mnagy99/opt/anaconda3/envs/airflow-env/lib/python3.8/site-packages/airflow/example_dags/example_nested_branch_dag.py
[2022-11-06T02:16:06.564+0200] {processor.py:766} INFO - DAG(s) dict_keys(['example_nested_branch_dag']) retrieved from /Users/mnagy99/opt/anaconda3/envs/airflow-env/lib/python3.8/site-packages/airflow/example_dags/example_nested_branch_dag.py
[2022-11-06T02:16:07.080+0200] {logging_mixin.py:120} INFO - [2022-11-06T02:16:07.080+0200] {dag.py:2585} INFO - Sync 1 DAGs
[2022-11-06T02:16:07.097+0200] {logging_mixin.py:120} INFO - [2022-11-06T02:16:07.097+0200] {dag.py:3336} INFO - Setting next_dagrun for example_nested_branch_dag to 2022-11-05T00:00:00+00:00, run_after=2022-11-06T00:00:00+00:00
[2022-11-06T02:16:07.117+0200] {processor.py:176} INFO - Processing /Users/mnagy99/opt/anaconda3/envs/airflow-env/lib/python3.8/site-packages/airflow/example_dags/example_nested_branch_dag.py took 0.623 seconds
[2022-11-06T02:18:16.613+0200] {processor.py:154} INFO - Started process (PID=3043) to work on /Users/mnagy99/opt/anaconda3/envs/airflow-env/lib/python3.8/site-packages/airflow/example_dags/example_nested_branch_dag.py
[2022-11-06T02:18:16.616+0200] {processor.py:756} INFO - Processing file /Users/mnagy99/opt/anaconda3/envs/airflow-env/lib/python3.8/site-packages/airflow/example_dags/example_nested_branch_dag.py for tasks to queue
[2022-11-06T02:18:16.616+0200] {logging_mixin.py:120} INFO - [2022-11-06T02:18:16.616+0200] {dagbag.py:537} INFO - Filling up the DagBag from /Users/mnagy99/opt/anaconda3/envs/airflow-env/lib/python3.8/site-packages/airflow/example_dags/example_nested_branch_dag.py
[2022-11-06T02:18:16.666+0200] {processor.py:766} INFO - DAG(s) dict_keys(['example_nested_branch_dag']) retrieved from /Users/mnagy99/opt/anaconda3/envs/airflow-env/lib/python3.8/site-packages/airflow/example_dags/example_nested_branch_dag.py
[2022-11-06T02:18:17.102+0200] {logging_mixin.py:120} INFO - [2022-11-06T02:18:17.102+0200] {dag.py:2585} INFO - Sync 1 DAGs
[2022-11-06T02:18:17.117+0200] {logging_mixin.py:120} INFO - [2022-11-06T02:18:17.117+0200] {dag.py:3336} INFO - Setting next_dagrun for example_nested_branch_dag to 2022-11-05T00:00:00+00:00, run_after=2022-11-06T00:00:00+00:00
[2022-11-06T02:18:17.133+0200] {processor.py:176} INFO - Processing /Users/mnagy99/opt/anaconda3/envs/airflow-env/lib/python3.8/site-packages/airflow/example_dags/example_nested_branch_dag.py took 0.521 seconds
[2022-11-06T02:20:31.759+0200] {processor.py:154} INFO - Started process (PID=3183) to work on /Users/mnagy99/opt/anaconda3/envs/airflow-env/lib/python3.8/site-packages/airflow/example_dags/example_nested_branch_dag.py
[2022-11-06T02:20:31.760+0200] {processor.py:756} INFO - Processing file /Users/mnagy99/opt/anaconda3/envs/airflow-env/lib/python3.8/site-packages/airflow/example_dags/example_nested_branch_dag.py for tasks to queue
[2022-11-06T02:20:31.760+0200] {logging_mixin.py:120} INFO - [2022-11-06T02:20:31.760+0200] {dagbag.py:537} INFO - Filling up the DagBag from /Users/mnagy99/opt/anaconda3/envs/airflow-env/lib/python3.8/site-packages/airflow/example_dags/example_nested_branch_dag.py
[2022-11-06T02:20:31.810+0200] {processor.py:766} INFO - DAG(s) dict_keys(['example_nested_branch_dag']) retrieved from /Users/mnagy99/opt/anaconda3/envs/airflow-env/lib/python3.8/site-packages/airflow/example_dags/example_nested_branch_dag.py
[2022-11-06T02:20:32.526+0200] {logging_mixin.py:120} INFO - [2022-11-06T02:20:32.526+0200] {dag.py:2585} INFO - Sync 1 DAGs
[2022-11-06T02:20:32.557+0200] {logging_mixin.py:120} INFO - [2022-11-06T02:20:32.557+0200] {dag.py:3336} INFO - Setting next_dagrun for example_nested_branch_dag to 2022-11-05T00:00:00+00:00, run_after=2022-11-06T00:00:00+00:00
[2022-11-06T02:20:32.580+0200] {processor.py:176} INFO - Processing /Users/mnagy99/opt/anaconda3/envs/airflow-env/lib/python3.8/site-packages/airflow/example_dags/example_nested_branch_dag.py took 0.822 seconds
[2022-11-06T02:22:35.634+0200] {processor.py:154} INFO - Started process (PID=3307) to work on /Users/mnagy99/opt/anaconda3/envs/airflow-env/lib/python3.8/site-packages/airflow/example_dags/example_nested_branch_dag.py
[2022-11-06T02:22:35.636+0200] {processor.py:756} INFO - Processing file /Users/mnagy99/opt/anaconda3/envs/airflow-env/lib/python3.8/site-packages/airflow/example_dags/example_nested_branch_dag.py for tasks to queue
[2022-11-06T02:22:35.636+0200] {logging_mixin.py:120} INFO - [2022-11-06T02:22:35.636+0200] {dagbag.py:537} INFO - Filling up the DagBag from /Users/mnagy99/opt/anaconda3/envs/airflow-env/lib/python3.8/site-packages/airflow/example_dags/example_nested_branch_dag.py
[2022-11-06T02:22:35.681+0200] {processor.py:766} INFO - DAG(s) dict_keys(['example_nested_branch_dag']) retrieved from /Users/mnagy99/opt/anaconda3/envs/airflow-env/lib/python3.8/site-packages/airflow/example_dags/example_nested_branch_dag.py
[2022-11-06T02:22:36.134+0200] {logging_mixin.py:120} INFO - [2022-11-06T02:22:36.133+0200] {dag.py:2585} INFO - Sync 1 DAGs
[2022-11-06T02:22:36.149+0200] {logging_mixin.py:120} INFO - [2022-11-06T02:22:36.149+0200] {dag.py:3336} INFO - Setting next_dagrun for example_nested_branch_dag to 2022-11-05T00:00:00+00:00, run_after=2022-11-06T00:00:00+00:00
[2022-11-06T02:22:36.167+0200] {processor.py:176} INFO - Processing /Users/mnagy99/opt/anaconda3/envs/airflow-env/lib/python3.8/site-packages/airflow/example_dags/example_nested_branch_dag.py took 0.534 seconds
[2022-11-06T02:24:51.330+0200] {processor.py:154} INFO - Started process (PID=3452) to work on /Users/mnagy99/opt/anaconda3/envs/airflow-env/lib/python3.8/site-packages/airflow/example_dags/example_nested_branch_dag.py
[2022-11-06T02:24:51.333+0200] {processor.py:756} INFO - Processing file /Users/mnagy99/opt/anaconda3/envs/airflow-env/lib/python3.8/site-packages/airflow/example_dags/example_nested_branch_dag.py for tasks to queue
[2022-11-06T02:24:51.333+0200] {logging_mixin.py:120} INFO - [2022-11-06T02:24:51.333+0200] {dagbag.py:537} INFO - Filling up the DagBag from /Users/mnagy99/opt/anaconda3/envs/airflow-env/lib/python3.8/site-packages/airflow/example_dags/example_nested_branch_dag.py
[2022-11-06T02:24:51.378+0200] {processor.py:766} INFO - DAG(s) dict_keys(['example_nested_branch_dag']) retrieved from /Users/mnagy99/opt/anaconda3/envs/airflow-env/lib/python3.8/site-packages/airflow/example_dags/example_nested_branch_dag.py
[2022-11-06T02:24:51.821+0200] {logging_mixin.py:120} INFO - [2022-11-06T02:24:51.820+0200] {dag.py:2585} INFO - Sync 1 DAGs
[2022-11-06T02:24:51.835+0200] {logging_mixin.py:120} INFO - [2022-11-06T02:24:51.835+0200] {dag.py:3336} INFO - Setting next_dagrun for example_nested_branch_dag to 2022-11-05T00:00:00+00:00, run_after=2022-11-06T00:00:00+00:00
[2022-11-06T02:24:51.853+0200] {processor.py:176} INFO - Processing /Users/mnagy99/opt/anaconda3/envs/airflow-env/lib/python3.8/site-packages/airflow/example_dags/example_nested_branch_dag.py took 0.524 seconds
[2022-11-06T02:27:03.561+0200] {processor.py:154} INFO - Started process (PID=3589) to work on /Users/mnagy99/opt/anaconda3/envs/airflow-env/lib/python3.8/site-packages/airflow/example_dags/example_nested_branch_dag.py
[2022-11-06T02:27:03.564+0200] {processor.py:756} INFO - Processing file /Users/mnagy99/opt/anaconda3/envs/airflow-env/lib/python3.8/site-packages/airflow/example_dags/example_nested_branch_dag.py for tasks to queue
[2022-11-06T02:27:03.564+0200] {logging_mixin.py:120} INFO - [2022-11-06T02:27:03.564+0200] {dagbag.py:537} INFO - Filling up the DagBag from /Users/mnagy99/opt/anaconda3/envs/airflow-env/lib/python3.8/site-packages/airflow/example_dags/example_nested_branch_dag.py
[2022-11-06T02:27:03.607+0200] {processor.py:766} INFO - DAG(s) dict_keys(['example_nested_branch_dag']) retrieved from /Users/mnagy99/opt/anaconda3/envs/airflow-env/lib/python3.8/site-packages/airflow/example_dags/example_nested_branch_dag.py
[2022-11-06T02:27:04.036+0200] {logging_mixin.py:120} INFO - [2022-11-06T02:27:04.036+0200] {dag.py:2585} INFO - Sync 1 DAGs
[2022-11-06T02:27:04.052+0200] {logging_mixin.py:120} INFO - [2022-11-06T02:27:04.052+0200] {dag.py:3336} INFO - Setting next_dagrun for example_nested_branch_dag to 2022-11-05T00:00:00+00:00, run_after=2022-11-06T00:00:00+00:00
[2022-11-06T02:27:04.070+0200] {processor.py:176} INFO - Processing /Users/mnagy99/opt/anaconda3/envs/airflow-env/lib/python3.8/site-packages/airflow/example_dags/example_nested_branch_dag.py took 0.509 seconds
[2022-11-06T02:29:15.958+0200] {processor.py:154} INFO - Started process (PID=3731) to work on /Users/mnagy99/opt/anaconda3/envs/airflow-env/lib/python3.8/site-packages/airflow/example_dags/example_nested_branch_dag.py
[2022-11-06T02:29:15.960+0200] {processor.py:756} INFO - Processing file /Users/mnagy99/opt/anaconda3/envs/airflow-env/lib/python3.8/site-packages/airflow/example_dags/example_nested_branch_dag.py for tasks to queue
[2022-11-06T02:29:15.961+0200] {logging_mixin.py:120} INFO - [2022-11-06T02:29:15.961+0200] {dagbag.py:537} INFO - Filling up the DagBag from /Users/mnagy99/opt/anaconda3/envs/airflow-env/lib/python3.8/site-packages/airflow/example_dags/example_nested_branch_dag.py
[2022-11-06T02:29:16.022+0200] {processor.py:766} INFO - DAG(s) dict_keys(['example_nested_branch_dag']) retrieved from /Users/mnagy99/opt/anaconda3/envs/airflow-env/lib/python3.8/site-packages/airflow/example_dags/example_nested_branch_dag.py
[2022-11-06T02:29:16.470+0200] {logging_mixin.py:120} INFO - [2022-11-06T02:29:16.470+0200] {dag.py:2585} INFO - Sync 1 DAGs
[2022-11-06T02:29:16.487+0200] {logging_mixin.py:120} INFO - [2022-11-06T02:29:16.487+0200] {dag.py:3336} INFO - Setting next_dagrun for example_nested_branch_dag to 2022-11-05T00:00:00+00:00, run_after=2022-11-06T00:00:00+00:00
[2022-11-06T02:29:16.507+0200] {processor.py:176} INFO - Processing /Users/mnagy99/opt/anaconda3/envs/airflow-env/lib/python3.8/site-packages/airflow/example_dags/example_nested_branch_dag.py took 0.549 seconds
[2022-11-06T02:31:26.749+0200] {processor.py:154} INFO - Started process (PID=3884) to work on /Users/mnagy99/opt/anaconda3/envs/airflow-env/lib/python3.8/site-packages/airflow/example_dags/example_nested_branch_dag.py
[2022-11-06T02:31:26.751+0200] {processor.py:756} INFO - Processing file /Users/mnagy99/opt/anaconda3/envs/airflow-env/lib/python3.8/site-packages/airflow/example_dags/example_nested_branch_dag.py for tasks to queue
[2022-11-06T02:31:26.751+0200] {logging_mixin.py:120} INFO - [2022-11-06T02:31:26.751+0200] {dagbag.py:537} INFO - Filling up the DagBag from /Users/mnagy99/opt/anaconda3/envs/airflow-env/lib/python3.8/site-packages/airflow/example_dags/example_nested_branch_dag.py
[2022-11-06T02:31:26.983+0200] {processor.py:766} INFO - DAG(s) dict_keys(['example_nested_branch_dag']) retrieved from /Users/mnagy99/opt/anaconda3/envs/airflow-env/lib/python3.8/site-packages/airflow/example_dags/example_nested_branch_dag.py
[2022-11-06T02:31:28.102+0200] {logging_mixin.py:120} INFO - [2022-11-06T02:31:28.102+0200] {dag.py:2585} INFO - Sync 1 DAGs
[2022-11-06T02:31:28.125+0200] {logging_mixin.py:120} INFO - [2022-11-06T02:31:28.125+0200] {dag.py:3336} INFO - Setting next_dagrun for example_nested_branch_dag to 2022-11-05T00:00:00+00:00, run_after=2022-11-06T00:00:00+00:00
[2022-11-06T02:31:28.147+0200] {processor.py:176} INFO - Processing /Users/mnagy99/opt/anaconda3/envs/airflow-env/lib/python3.8/site-packages/airflow/example_dags/example_nested_branch_dag.py took 1.399 seconds
[2022-11-06T02:33:39.622+0200] {processor.py:154} INFO - Started process (PID=4036) to work on /Users/mnagy99/opt/anaconda3/envs/airflow-env/lib/python3.8/site-packages/airflow/example_dags/example_nested_branch_dag.py
[2022-11-06T02:33:39.624+0200] {processor.py:756} INFO - Processing file /Users/mnagy99/opt/anaconda3/envs/airflow-env/lib/python3.8/site-packages/airflow/example_dags/example_nested_branch_dag.py for tasks to queue
[2022-11-06T02:33:39.625+0200] {logging_mixin.py:120} INFO - [2022-11-06T02:33:39.625+0200] {dagbag.py:537} INFO - Filling up the DagBag from /Users/mnagy99/opt/anaconda3/envs/airflow-env/lib/python3.8/site-packages/airflow/example_dags/example_nested_branch_dag.py
[2022-11-06T02:33:39.671+0200] {processor.py:766} INFO - DAG(s) dict_keys(['example_nested_branch_dag']) retrieved from /Users/mnagy99/opt/anaconda3/envs/airflow-env/lib/python3.8/site-packages/airflow/example_dags/example_nested_branch_dag.py
[2022-11-06T02:33:40.094+0200] {logging_mixin.py:120} INFO - [2022-11-06T02:33:40.094+0200] {dag.py:2585} INFO - Sync 1 DAGs
[2022-11-06T02:33:40.109+0200] {logging_mixin.py:120} INFO - [2022-11-06T02:33:40.109+0200] {dag.py:3336} INFO - Setting next_dagrun for example_nested_branch_dag to 2022-11-05T00:00:00+00:00, run_after=2022-11-06T00:00:00+00:00
[2022-11-06T02:33:40.128+0200] {processor.py:176} INFO - Processing /Users/mnagy99/opt/anaconda3/envs/airflow-env/lib/python3.8/site-packages/airflow/example_dags/example_nested_branch_dag.py took 0.507 seconds
[2022-11-06T02:35:48.435+0200] {processor.py:154} INFO - Started process (PID=4182) to work on /Users/mnagy99/opt/anaconda3/envs/airflow-env/lib/python3.8/site-packages/airflow/example_dags/example_nested_branch_dag.py
[2022-11-06T02:35:48.437+0200] {processor.py:756} INFO - Processing file /Users/mnagy99/opt/anaconda3/envs/airflow-env/lib/python3.8/site-packages/airflow/example_dags/example_nested_branch_dag.py for tasks to queue
[2022-11-06T02:35:48.438+0200] {logging_mixin.py:120} INFO - [2022-11-06T02:35:48.438+0200] {dagbag.py:537} INFO - Filling up the DagBag from /Users/mnagy99/opt/anaconda3/envs/airflow-env/lib/python3.8/site-packages/airflow/example_dags/example_nested_branch_dag.py
[2022-11-06T02:35:48.493+0200] {processor.py:766} INFO - DAG(s) dict_keys(['example_nested_branch_dag']) retrieved from /Users/mnagy99/opt/anaconda3/envs/airflow-env/lib/python3.8/site-packages/airflow/example_dags/example_nested_branch_dag.py
[2022-11-06T02:35:48.921+0200] {logging_mixin.py:120} INFO - [2022-11-06T02:35:48.921+0200] {dag.py:2585} INFO - Sync 1 DAGs
[2022-11-06T02:35:48.938+0200] {logging_mixin.py:120} INFO - [2022-11-06T02:35:48.937+0200] {dag.py:3336} INFO - Setting next_dagrun for example_nested_branch_dag to 2022-11-05T00:00:00+00:00, run_after=2022-11-06T00:00:00+00:00
[2022-11-06T02:35:48.954+0200] {processor.py:176} INFO - Processing /Users/mnagy99/opt/anaconda3/envs/airflow-env/lib/python3.8/site-packages/airflow/example_dags/example_nested_branch_dag.py took 0.519 seconds
[2022-11-06T02:37:59.939+0200] {processor.py:154} INFO - Started process (PID=4318) to work on /Users/mnagy99/opt/anaconda3/envs/airflow-env/lib/python3.8/site-packages/airflow/example_dags/example_nested_branch_dag.py
[2022-11-06T02:37:59.941+0200] {processor.py:756} INFO - Processing file /Users/mnagy99/opt/anaconda3/envs/airflow-env/lib/python3.8/site-packages/airflow/example_dags/example_nested_branch_dag.py for tasks to queue
[2022-11-06T02:37:59.942+0200] {logging_mixin.py:120} INFO - [2022-11-06T02:37:59.942+0200] {dagbag.py:537} INFO - Filling up the DagBag from /Users/mnagy99/opt/anaconda3/envs/airflow-env/lib/python3.8/site-packages/airflow/example_dags/example_nested_branch_dag.py
[2022-11-06T02:37:59.988+0200] {processor.py:766} INFO - DAG(s) dict_keys(['example_nested_branch_dag']) retrieved from /Users/mnagy99/opt/anaconda3/envs/airflow-env/lib/python3.8/site-packages/airflow/example_dags/example_nested_branch_dag.py
[2022-11-06T02:38:00.406+0200] {logging_mixin.py:120} INFO - [2022-11-06T02:38:00.406+0200] {dag.py:2585} INFO - Sync 1 DAGs
[2022-11-06T02:38:00.421+0200] {logging_mixin.py:120} INFO - [2022-11-06T02:38:00.421+0200] {dag.py:3336} INFO - Setting next_dagrun for example_nested_branch_dag to 2022-11-05T00:00:00+00:00, run_after=2022-11-06T00:00:00+00:00
[2022-11-06T02:38:00.440+0200] {processor.py:176} INFO - Processing /Users/mnagy99/opt/anaconda3/envs/airflow-env/lib/python3.8/site-packages/airflow/example_dags/example_nested_branch_dag.py took 0.502 seconds
[2022-11-06T02:40:14.470+0200] {processor.py:154} INFO - Started process (PID=4451) to work on /Users/mnagy99/opt/anaconda3/envs/airflow-env/lib/python3.8/site-packages/airflow/example_dags/example_nested_branch_dag.py
[2022-11-06T02:40:14.471+0200] {processor.py:756} INFO - Processing file /Users/mnagy99/opt/anaconda3/envs/airflow-env/lib/python3.8/site-packages/airflow/example_dags/example_nested_branch_dag.py for tasks to queue
[2022-11-06T02:40:14.472+0200] {logging_mixin.py:120} INFO - [2022-11-06T02:40:14.472+0200] {dagbag.py:537} INFO - Filling up the DagBag from /Users/mnagy99/opt/anaconda3/envs/airflow-env/lib/python3.8/site-packages/airflow/example_dags/example_nested_branch_dag.py
[2022-11-06T02:40:14.521+0200] {processor.py:766} INFO - DAG(s) dict_keys(['example_nested_branch_dag']) retrieved from /Users/mnagy99/opt/anaconda3/envs/airflow-env/lib/python3.8/site-packages/airflow/example_dags/example_nested_branch_dag.py
[2022-11-06T02:40:15.016+0200] {logging_mixin.py:120} INFO - [2022-11-06T02:40:15.016+0200] {dag.py:2585} INFO - Sync 1 DAGs
[2022-11-06T02:40:15.031+0200] {logging_mixin.py:120} INFO - [2022-11-06T02:40:15.031+0200] {dag.py:3336} INFO - Setting next_dagrun for example_nested_branch_dag to 2022-11-05T00:00:00+00:00, run_after=2022-11-06T00:00:00+00:00
[2022-11-06T02:40:15.049+0200] {processor.py:176} INFO - Processing /Users/mnagy99/opt/anaconda3/envs/airflow-env/lib/python3.8/site-packages/airflow/example_dags/example_nested_branch_dag.py took 0.580 seconds
[2022-11-06T02:42:39.028+0200] {processor.py:154} INFO - Started process (PID=4620) to work on /Users/mnagy99/opt/anaconda3/envs/airflow-env/lib/python3.8/site-packages/airflow/example_dags/example_nested_branch_dag.py
[2022-11-06T02:42:39.031+0200] {processor.py:756} INFO - Processing file /Users/mnagy99/opt/anaconda3/envs/airflow-env/lib/python3.8/site-packages/airflow/example_dags/example_nested_branch_dag.py for tasks to queue
[2022-11-06T02:42:39.031+0200] {logging_mixin.py:120} INFO - [2022-11-06T02:42:39.031+0200] {dagbag.py:537} INFO - Filling up the DagBag from /Users/mnagy99/opt/anaconda3/envs/airflow-env/lib/python3.8/site-packages/airflow/example_dags/example_nested_branch_dag.py
[2022-11-06T02:42:39.084+0200] {processor.py:766} INFO - DAG(s) dict_keys(['example_nested_branch_dag']) retrieved from /Users/mnagy99/opt/anaconda3/envs/airflow-env/lib/python3.8/site-packages/airflow/example_dags/example_nested_branch_dag.py
[2022-11-06T02:42:39.611+0200] {logging_mixin.py:120} INFO - [2022-11-06T02:42:39.611+0200] {dag.py:2585} INFO - Sync 1 DAGs
[2022-11-06T02:42:39.626+0200] {logging_mixin.py:120} INFO - [2022-11-06T02:42:39.626+0200] {dag.py:3336} INFO - Setting next_dagrun for example_nested_branch_dag to 2022-11-05T00:00:00+00:00, run_after=2022-11-06T00:00:00+00:00
[2022-11-06T02:42:39.646+0200] {processor.py:176} INFO - Processing /Users/mnagy99/opt/anaconda3/envs/airflow-env/lib/python3.8/site-packages/airflow/example_dags/example_nested_branch_dag.py took 0.618 seconds
[2022-11-06T02:45:03.433+0200] {processor.py:154} INFO - Started process (PID=4755) to work on /Users/mnagy99/opt/anaconda3/envs/airflow-env/lib/python3.8/site-packages/airflow/example_dags/example_nested_branch_dag.py
[2022-11-06T02:45:03.434+0200] {processor.py:756} INFO - Processing file /Users/mnagy99/opt/anaconda3/envs/airflow-env/lib/python3.8/site-packages/airflow/example_dags/example_nested_branch_dag.py for tasks to queue
[2022-11-06T02:45:03.434+0200] {logging_mixin.py:120} INFO - [2022-11-06T02:45:03.434+0200] {dagbag.py:537} INFO - Filling up the DagBag from /Users/mnagy99/opt/anaconda3/envs/airflow-env/lib/python3.8/site-packages/airflow/example_dags/example_nested_branch_dag.py
[2022-11-06T02:45:03.478+0200] {processor.py:766} INFO - DAG(s) dict_keys(['example_nested_branch_dag']) retrieved from /Users/mnagy99/opt/anaconda3/envs/airflow-env/lib/python3.8/site-packages/airflow/example_dags/example_nested_branch_dag.py
[2022-11-06T02:45:03.957+0200] {logging_mixin.py:120} INFO - [2022-11-06T02:45:03.957+0200] {dag.py:2585} INFO - Sync 1 DAGs
[2022-11-06T02:45:03.973+0200] {logging_mixin.py:120} INFO - [2022-11-06T02:45:03.973+0200] {dag.py:3336} INFO - Setting next_dagrun for example_nested_branch_dag to 2022-11-05T00:00:00+00:00, run_after=2022-11-06T00:00:00+00:00
[2022-11-06T02:45:03.989+0200] {processor.py:176} INFO - Processing /Users/mnagy99/opt/anaconda3/envs/airflow-env/lib/python3.8/site-packages/airflow/example_dags/example_nested_branch_dag.py took 0.557 seconds
[2022-11-06T02:47:17.952+0200] {processor.py:154} INFO - Started process (PID=4898) to work on /Users/mnagy99/opt/anaconda3/envs/airflow-env/lib/python3.8/site-packages/airflow/example_dags/example_nested_branch_dag.py
[2022-11-06T02:47:17.954+0200] {processor.py:756} INFO - Processing file /Users/mnagy99/opt/anaconda3/envs/airflow-env/lib/python3.8/site-packages/airflow/example_dags/example_nested_branch_dag.py for tasks to queue
[2022-11-06T02:47:17.955+0200] {logging_mixin.py:120} INFO - [2022-11-06T02:47:17.955+0200] {dagbag.py:537} INFO - Filling up the DagBag from /Users/mnagy99/opt/anaconda3/envs/airflow-env/lib/python3.8/site-packages/airflow/example_dags/example_nested_branch_dag.py
[2022-11-06T02:47:18.131+0200] {processor.py:766} INFO - DAG(s) dict_keys(['example_nested_branch_dag']) retrieved from /Users/mnagy99/opt/anaconda3/envs/airflow-env/lib/python3.8/site-packages/airflow/example_dags/example_nested_branch_dag.py
[2022-11-06T02:47:18.878+0200] {logging_mixin.py:120} INFO - [2022-11-06T02:47:18.877+0200] {dag.py:2585} INFO - Sync 1 DAGs
[2022-11-06T02:47:18.911+0200] {logging_mixin.py:120} INFO - [2022-11-06T02:47:18.911+0200] {dag.py:3336} INFO - Setting next_dagrun for example_nested_branch_dag to 2022-11-05T00:00:00+00:00, run_after=2022-11-06T00:00:00+00:00
[2022-11-06T02:47:18.930+0200] {processor.py:176} INFO - Processing /Users/mnagy99/opt/anaconda3/envs/airflow-env/lib/python3.8/site-packages/airflow/example_dags/example_nested_branch_dag.py took 0.979 seconds
[2022-11-06T02:49:25.794+0200] {processor.py:154} INFO - Started process (PID=5020) to work on /Users/mnagy99/opt/anaconda3/envs/airflow-env/lib/python3.8/site-packages/airflow/example_dags/example_nested_branch_dag.py
[2022-11-06T02:49:25.796+0200] {processor.py:756} INFO - Processing file /Users/mnagy99/opt/anaconda3/envs/airflow-env/lib/python3.8/site-packages/airflow/example_dags/example_nested_branch_dag.py for tasks to queue
[2022-11-06T02:49:25.796+0200] {logging_mixin.py:120} INFO - [2022-11-06T02:49:25.796+0200] {dagbag.py:537} INFO - Filling up the DagBag from /Users/mnagy99/opt/anaconda3/envs/airflow-env/lib/python3.8/site-packages/airflow/example_dags/example_nested_branch_dag.py
[2022-11-06T02:49:25.846+0200] {processor.py:766} INFO - DAG(s) dict_keys(['example_nested_branch_dag']) retrieved from /Users/mnagy99/opt/anaconda3/envs/airflow-env/lib/python3.8/site-packages/airflow/example_dags/example_nested_branch_dag.py
[2022-11-06T02:49:26.330+0200] {logging_mixin.py:120} INFO - [2022-11-06T02:49:26.330+0200] {dag.py:2585} INFO - Sync 1 DAGs
[2022-11-06T02:49:26.345+0200] {logging_mixin.py:120} INFO - [2022-11-06T02:49:26.345+0200] {dag.py:3336} INFO - Setting next_dagrun for example_nested_branch_dag to 2022-11-05T00:00:00+00:00, run_after=2022-11-06T00:00:00+00:00
[2022-11-06T02:49:26.369+0200] {processor.py:176} INFO - Processing /Users/mnagy99/opt/anaconda3/envs/airflow-env/lib/python3.8/site-packages/airflow/example_dags/example_nested_branch_dag.py took 0.576 seconds
[2022-11-06T02:51:30.095+0200] {processor.py:154} INFO - Started process (PID=5149) to work on /Users/mnagy99/opt/anaconda3/envs/airflow-env/lib/python3.8/site-packages/airflow/example_dags/example_nested_branch_dag.py
[2022-11-06T02:51:30.097+0200] {processor.py:756} INFO - Processing file /Users/mnagy99/opt/anaconda3/envs/airflow-env/lib/python3.8/site-packages/airflow/example_dags/example_nested_branch_dag.py for tasks to queue
[2022-11-06T02:51:30.098+0200] {logging_mixin.py:120} INFO - [2022-11-06T02:51:30.098+0200] {dagbag.py:537} INFO - Filling up the DagBag from /Users/mnagy99/opt/anaconda3/envs/airflow-env/lib/python3.8/site-packages/airflow/example_dags/example_nested_branch_dag.py
[2022-11-06T02:51:30.143+0200] {processor.py:766} INFO - DAG(s) dict_keys(['example_nested_branch_dag']) retrieved from /Users/mnagy99/opt/anaconda3/envs/airflow-env/lib/python3.8/site-packages/airflow/example_dags/example_nested_branch_dag.py
[2022-11-06T02:51:30.567+0200] {logging_mixin.py:120} INFO - [2022-11-06T02:51:30.567+0200] {dag.py:2585} INFO - Sync 1 DAGs
[2022-11-06T02:51:30.582+0200] {logging_mixin.py:120} INFO - [2022-11-06T02:51:30.582+0200] {dag.py:3336} INFO - Setting next_dagrun for example_nested_branch_dag to 2022-11-05T00:00:00+00:00, run_after=2022-11-06T00:00:00+00:00
[2022-11-06T02:51:30.602+0200] {processor.py:176} INFO - Processing /Users/mnagy99/opt/anaconda3/envs/airflow-env/lib/python3.8/site-packages/airflow/example_dags/example_nested_branch_dag.py took 0.507 seconds
[2022-11-06T02:53:34.922+0200] {processor.py:154} INFO - Started process (PID=5270) to work on /Users/mnagy99/opt/anaconda3/envs/airflow-env/lib/python3.8/site-packages/airflow/example_dags/example_nested_branch_dag.py
[2022-11-06T02:53:34.925+0200] {processor.py:756} INFO - Processing file /Users/mnagy99/opt/anaconda3/envs/airflow-env/lib/python3.8/site-packages/airflow/example_dags/example_nested_branch_dag.py for tasks to queue
[2022-11-06T02:53:34.925+0200] {logging_mixin.py:120} INFO - [2022-11-06T02:53:34.925+0200] {dagbag.py:537} INFO - Filling up the DagBag from /Users/mnagy99/opt/anaconda3/envs/airflow-env/lib/python3.8/site-packages/airflow/example_dags/example_nested_branch_dag.py
[2022-11-06T02:53:34.973+0200] {processor.py:766} INFO - DAG(s) dict_keys(['example_nested_branch_dag']) retrieved from /Users/mnagy99/opt/anaconda3/envs/airflow-env/lib/python3.8/site-packages/airflow/example_dags/example_nested_branch_dag.py
[2022-11-06T02:53:35.396+0200] {logging_mixin.py:120} INFO - [2022-11-06T02:53:35.396+0200] {dag.py:2585} INFO - Sync 1 DAGs
[2022-11-06T02:53:35.411+0200] {logging_mixin.py:120} INFO - [2022-11-06T02:53:35.411+0200] {dag.py:3336} INFO - Setting next_dagrun for example_nested_branch_dag to 2022-11-05T00:00:00+00:00, run_after=2022-11-06T00:00:00+00:00
[2022-11-06T02:53:35.429+0200] {processor.py:176} INFO - Processing /Users/mnagy99/opt/anaconda3/envs/airflow-env/lib/python3.8/site-packages/airflow/example_dags/example_nested_branch_dag.py took 0.508 seconds
[2022-11-06T02:55:44.834+0200] {processor.py:154} INFO - Started process (PID=5395) to work on /Users/mnagy99/opt/anaconda3/envs/airflow-env/lib/python3.8/site-packages/airflow/example_dags/example_nested_branch_dag.py
[2022-11-06T02:55:44.836+0200] {processor.py:756} INFO - Processing file /Users/mnagy99/opt/anaconda3/envs/airflow-env/lib/python3.8/site-packages/airflow/example_dags/example_nested_branch_dag.py for tasks to queue
[2022-11-06T02:55:44.837+0200] {logging_mixin.py:120} INFO - [2022-11-06T02:55:44.836+0200] {dagbag.py:537} INFO - Filling up the DagBag from /Users/mnagy99/opt/anaconda3/envs/airflow-env/lib/python3.8/site-packages/airflow/example_dags/example_nested_branch_dag.py
[2022-11-06T02:55:44.883+0200] {processor.py:766} INFO - DAG(s) dict_keys(['example_nested_branch_dag']) retrieved from /Users/mnagy99/opt/anaconda3/envs/airflow-env/lib/python3.8/site-packages/airflow/example_dags/example_nested_branch_dag.py
[2022-11-06T02:55:45.330+0200] {logging_mixin.py:120} INFO - [2022-11-06T02:55:45.330+0200] {dag.py:2585} INFO - Sync 1 DAGs
[2022-11-06T02:55:45.344+0200] {logging_mixin.py:120} INFO - [2022-11-06T02:55:45.344+0200] {dag.py:3336} INFO - Setting next_dagrun for example_nested_branch_dag to 2022-11-05T00:00:00+00:00, run_after=2022-11-06T00:00:00+00:00
[2022-11-06T02:55:45.363+0200] {processor.py:176} INFO - Processing /Users/mnagy99/opt/anaconda3/envs/airflow-env/lib/python3.8/site-packages/airflow/example_dags/example_nested_branch_dag.py took 0.530 seconds
[2022-11-06T02:58:01.315+0200] {processor.py:154} INFO - Started process (PID=5542) to work on /Users/mnagy99/opt/anaconda3/envs/airflow-env/lib/python3.8/site-packages/airflow/example_dags/example_nested_branch_dag.py
[2022-11-06T02:58:01.317+0200] {processor.py:756} INFO - Processing file /Users/mnagy99/opt/anaconda3/envs/airflow-env/lib/python3.8/site-packages/airflow/example_dags/example_nested_branch_dag.py for tasks to queue
[2022-11-06T02:58:01.318+0200] {logging_mixin.py:120} INFO - [2022-11-06T02:58:01.318+0200] {dagbag.py:537} INFO - Filling up the DagBag from /Users/mnagy99/opt/anaconda3/envs/airflow-env/lib/python3.8/site-packages/airflow/example_dags/example_nested_branch_dag.py
[2022-11-06T02:58:01.364+0200] {processor.py:766} INFO - DAG(s) dict_keys(['example_nested_branch_dag']) retrieved from /Users/mnagy99/opt/anaconda3/envs/airflow-env/lib/python3.8/site-packages/airflow/example_dags/example_nested_branch_dag.py
[2022-11-06T02:58:02.149+0200] {logging_mixin.py:120} INFO - [2022-11-06T02:58:02.148+0200] {dag.py:2585} INFO - Sync 1 DAGs
[2022-11-06T02:58:02.196+0200] {logging_mixin.py:120} INFO - [2022-11-06T02:58:02.196+0200] {dag.py:3336} INFO - Setting next_dagrun for example_nested_branch_dag to 2022-11-05T00:00:00+00:00, run_after=2022-11-06T00:00:00+00:00
[2022-11-06T02:58:02.250+0200] {processor.py:176} INFO - Processing /Users/mnagy99/opt/anaconda3/envs/airflow-env/lib/python3.8/site-packages/airflow/example_dags/example_nested_branch_dag.py took 0.936 seconds
[2022-11-06T03:00:20.929+0200] {processor.py:154} INFO - Started process (PID=5680) to work on /Users/mnagy99/opt/anaconda3/envs/airflow-env/lib/python3.8/site-packages/airflow/example_dags/example_nested_branch_dag.py
[2022-11-06T03:00:20.931+0200] {processor.py:756} INFO - Processing file /Users/mnagy99/opt/anaconda3/envs/airflow-env/lib/python3.8/site-packages/airflow/example_dags/example_nested_branch_dag.py for tasks to queue
[2022-11-06T03:00:20.931+0200] {logging_mixin.py:120} INFO - [2022-11-06T03:00:20.931+0200] {dagbag.py:537} INFO - Filling up the DagBag from /Users/mnagy99/opt/anaconda3/envs/airflow-env/lib/python3.8/site-packages/airflow/example_dags/example_nested_branch_dag.py
[2022-11-06T03:00:20.980+0200] {processor.py:766} INFO - DAG(s) dict_keys(['example_nested_branch_dag']) retrieved from /Users/mnagy99/opt/anaconda3/envs/airflow-env/lib/python3.8/site-packages/airflow/example_dags/example_nested_branch_dag.py
[2022-11-06T03:00:21.548+0200] {logging_mixin.py:120} INFO - [2022-11-06T03:00:21.548+0200] {dag.py:2585} INFO - Sync 1 DAGs
[2022-11-06T03:00:21.562+0200] {logging_mixin.py:120} INFO - [2022-11-06T03:00:21.562+0200] {dag.py:3336} INFO - Setting next_dagrun for example_nested_branch_dag to 2022-11-05T00:00:00+00:00, run_after=2022-11-06T00:00:00+00:00
[2022-11-06T03:00:21.583+0200] {processor.py:176} INFO - Processing /Users/mnagy99/opt/anaconda3/envs/airflow-env/lib/python3.8/site-packages/airflow/example_dags/example_nested_branch_dag.py took 0.654 seconds
[2022-11-06T03:03:05.351+0200] {processor.py:154} INFO - Started process (PID=5824) to work on /Users/mnagy99/opt/anaconda3/envs/airflow-env/lib/python3.8/site-packages/airflow/example_dags/example_nested_branch_dag.py
[2022-11-06T03:03:05.354+0200] {processor.py:756} INFO - Processing file /Users/mnagy99/opt/anaconda3/envs/airflow-env/lib/python3.8/site-packages/airflow/example_dags/example_nested_branch_dag.py for tasks to queue
[2022-11-06T03:03:05.355+0200] {logging_mixin.py:120} INFO - [2022-11-06T03:03:05.354+0200] {dagbag.py:537} INFO - Filling up the DagBag from /Users/mnagy99/opt/anaconda3/envs/airflow-env/lib/python3.8/site-packages/airflow/example_dags/example_nested_branch_dag.py
[2022-11-06T03:03:05.406+0200] {processor.py:766} INFO - DAG(s) dict_keys(['example_nested_branch_dag']) retrieved from /Users/mnagy99/opt/anaconda3/envs/airflow-env/lib/python3.8/site-packages/airflow/example_dags/example_nested_branch_dag.py
[2022-11-06T03:03:05.895+0200] {logging_mixin.py:120} INFO - [2022-11-06T03:03:05.895+0200] {dag.py:2585} INFO - Sync 1 DAGs
[2022-11-06T03:03:05.913+0200] {logging_mixin.py:120} INFO - [2022-11-06T03:03:05.913+0200] {dag.py:3336} INFO - Setting next_dagrun for example_nested_branch_dag to 2022-11-05T00:00:00+00:00, run_after=2022-11-06T00:00:00+00:00
[2022-11-06T03:03:05.931+0200] {processor.py:176} INFO - Processing /Users/mnagy99/opt/anaconda3/envs/airflow-env/lib/python3.8/site-packages/airflow/example_dags/example_nested_branch_dag.py took 0.581 seconds
[2022-11-06T03:05:23.448+0200] {processor.py:154} INFO - Started process (PID=5958) to work on /Users/mnagy99/opt/anaconda3/envs/airflow-env/lib/python3.8/site-packages/airflow/example_dags/example_nested_branch_dag.py
[2022-11-06T03:05:23.451+0200] {processor.py:756} INFO - Processing file /Users/mnagy99/opt/anaconda3/envs/airflow-env/lib/python3.8/site-packages/airflow/example_dags/example_nested_branch_dag.py for tasks to queue
[2022-11-06T03:05:23.452+0200] {logging_mixin.py:120} INFO - [2022-11-06T03:05:23.452+0200] {dagbag.py:537} INFO - Filling up the DagBag from /Users/mnagy99/opt/anaconda3/envs/airflow-env/lib/python3.8/site-packages/airflow/example_dags/example_nested_branch_dag.py
[2022-11-06T03:05:23.495+0200] {processor.py:766} INFO - DAG(s) dict_keys(['example_nested_branch_dag']) retrieved from /Users/mnagy99/opt/anaconda3/envs/airflow-env/lib/python3.8/site-packages/airflow/example_dags/example_nested_branch_dag.py
[2022-11-06T03:05:23.946+0200] {logging_mixin.py:120} INFO - [2022-11-06T03:05:23.945+0200] {dag.py:2585} INFO - Sync 1 DAGs
[2022-11-06T03:05:23.960+0200] {logging_mixin.py:120} INFO - [2022-11-06T03:05:23.960+0200] {dag.py:3336} INFO - Setting next_dagrun for example_nested_branch_dag to 2022-11-05T00:00:00+00:00, run_after=2022-11-06T00:00:00+00:00
[2022-11-06T03:05:23.978+0200] {processor.py:176} INFO - Processing /Users/mnagy99/opt/anaconda3/envs/airflow-env/lib/python3.8/site-packages/airflow/example_dags/example_nested_branch_dag.py took 0.530 seconds
[2022-11-06T03:07:42.003+0200] {processor.py:154} INFO - Started process (PID=6091) to work on /Users/mnagy99/opt/anaconda3/envs/airflow-env/lib/python3.8/site-packages/airflow/example_dags/example_nested_branch_dag.py
[2022-11-06T03:07:42.006+0200] {processor.py:756} INFO - Processing file /Users/mnagy99/opt/anaconda3/envs/airflow-env/lib/python3.8/site-packages/airflow/example_dags/example_nested_branch_dag.py for tasks to queue
[2022-11-06T03:07:42.006+0200] {logging_mixin.py:120} INFO - [2022-11-06T03:07:42.006+0200] {dagbag.py:537} INFO - Filling up the DagBag from /Users/mnagy99/opt/anaconda3/envs/airflow-env/lib/python3.8/site-packages/airflow/example_dags/example_nested_branch_dag.py
[2022-11-06T03:07:42.054+0200] {processor.py:766} INFO - DAG(s) dict_keys(['example_nested_branch_dag']) retrieved from /Users/mnagy99/opt/anaconda3/envs/airflow-env/lib/python3.8/site-packages/airflow/example_dags/example_nested_branch_dag.py
[2022-11-06T03:07:42.527+0200] {logging_mixin.py:120} INFO - [2022-11-06T03:07:42.527+0200] {dag.py:2585} INFO - Sync 1 DAGs
[2022-11-06T03:07:42.541+0200] {logging_mixin.py:120} INFO - [2022-11-06T03:07:42.541+0200] {dag.py:3336} INFO - Setting next_dagrun for example_nested_branch_dag to 2022-11-05T00:00:00+00:00, run_after=2022-11-06T00:00:00+00:00
[2022-11-06T03:07:42.557+0200] {processor.py:176} INFO - Processing /Users/mnagy99/opt/anaconda3/envs/airflow-env/lib/python3.8/site-packages/airflow/example_dags/example_nested_branch_dag.py took 0.554 seconds
[2022-11-06T03:09:49.837+0200] {processor.py:154} INFO - Started process (PID=6228) to work on /Users/mnagy99/opt/anaconda3/envs/airflow-env/lib/python3.8/site-packages/airflow/example_dags/example_nested_branch_dag.py
[2022-11-06T03:09:49.839+0200] {processor.py:756} INFO - Processing file /Users/mnagy99/opt/anaconda3/envs/airflow-env/lib/python3.8/site-packages/airflow/example_dags/example_nested_branch_dag.py for tasks to queue
[2022-11-06T03:09:49.840+0200] {logging_mixin.py:120} INFO - [2022-11-06T03:09:49.840+0200] {dagbag.py:537} INFO - Filling up the DagBag from /Users/mnagy99/opt/anaconda3/envs/airflow-env/lib/python3.8/site-packages/airflow/example_dags/example_nested_branch_dag.py
[2022-11-06T03:09:49.887+0200] {processor.py:766} INFO - DAG(s) dict_keys(['example_nested_branch_dag']) retrieved from /Users/mnagy99/opt/anaconda3/envs/airflow-env/lib/python3.8/site-packages/airflow/example_dags/example_nested_branch_dag.py
[2022-11-06T03:09:50.327+0200] {logging_mixin.py:120} INFO - [2022-11-06T03:09:50.327+0200] {dag.py:2585} INFO - Sync 1 DAGs
[2022-11-06T03:09:50.343+0200] {logging_mixin.py:120} INFO - [2022-11-06T03:09:50.342+0200] {dag.py:3336} INFO - Setting next_dagrun for example_nested_branch_dag to 2022-11-05T00:00:00+00:00, run_after=2022-11-06T00:00:00+00:00
[2022-11-06T03:09:50.366+0200] {processor.py:176} INFO - Processing /Users/mnagy99/opt/anaconda3/envs/airflow-env/lib/python3.8/site-packages/airflow/example_dags/example_nested_branch_dag.py took 0.530 seconds
[2022-11-06T03:11:50.604+0200] {processor.py:154} INFO - Started process (PID=6355) to work on /Users/mnagy99/opt/anaconda3/envs/airflow-env/lib/python3.8/site-packages/airflow/example_dags/example_nested_branch_dag.py
[2022-11-06T03:11:50.607+0200] {processor.py:756} INFO - Processing file /Users/mnagy99/opt/anaconda3/envs/airflow-env/lib/python3.8/site-packages/airflow/example_dags/example_nested_branch_dag.py for tasks to queue
[2022-11-06T03:11:50.607+0200] {logging_mixin.py:120} INFO - [2022-11-06T03:11:50.607+0200] {dagbag.py:537} INFO - Filling up the DagBag from /Users/mnagy99/opt/anaconda3/envs/airflow-env/lib/python3.8/site-packages/airflow/example_dags/example_nested_branch_dag.py
[2022-11-06T03:11:50.658+0200] {processor.py:766} INFO - DAG(s) dict_keys(['example_nested_branch_dag']) retrieved from /Users/mnagy99/opt/anaconda3/envs/airflow-env/lib/python3.8/site-packages/airflow/example_dags/example_nested_branch_dag.py
[2022-11-06T03:11:51.094+0200] {logging_mixin.py:120} INFO - [2022-11-06T03:11:51.094+0200] {dag.py:2585} INFO - Sync 1 DAGs
[2022-11-06T03:11:51.111+0200] {logging_mixin.py:120} INFO - [2022-11-06T03:11:51.111+0200] {dag.py:3336} INFO - Setting next_dagrun for example_nested_branch_dag to 2022-11-05T00:00:00+00:00, run_after=2022-11-06T00:00:00+00:00
[2022-11-06T03:11:51.131+0200] {processor.py:176} INFO - Processing /Users/mnagy99/opt/anaconda3/envs/airflow-env/lib/python3.8/site-packages/airflow/example_dags/example_nested_branch_dag.py took 0.527 seconds
[2022-11-06T03:14:00.948+0200] {processor.py:154} INFO - Started process (PID=6483) to work on /Users/mnagy99/opt/anaconda3/envs/airflow-env/lib/python3.8/site-packages/airflow/example_dags/example_nested_branch_dag.py
[2022-11-06T03:14:00.951+0200] {processor.py:756} INFO - Processing file /Users/mnagy99/opt/anaconda3/envs/airflow-env/lib/python3.8/site-packages/airflow/example_dags/example_nested_branch_dag.py for tasks to queue
[2022-11-06T03:14:00.951+0200] {logging_mixin.py:120} INFO - [2022-11-06T03:14:00.951+0200] {dagbag.py:537} INFO - Filling up the DagBag from /Users/mnagy99/opt/anaconda3/envs/airflow-env/lib/python3.8/site-packages/airflow/example_dags/example_nested_branch_dag.py
[2022-11-06T03:14:01.004+0200] {processor.py:766} INFO - DAG(s) dict_keys(['example_nested_branch_dag']) retrieved from /Users/mnagy99/opt/anaconda3/envs/airflow-env/lib/python3.8/site-packages/airflow/example_dags/example_nested_branch_dag.py
[2022-11-06T03:14:01.465+0200] {logging_mixin.py:120} INFO - [2022-11-06T03:14:01.465+0200] {dag.py:2585} INFO - Sync 1 DAGs
[2022-11-06T03:14:01.481+0200] {logging_mixin.py:120} INFO - [2022-11-06T03:14:01.481+0200] {dag.py:3336} INFO - Setting next_dagrun for example_nested_branch_dag to 2022-11-05T00:00:00+00:00, run_after=2022-11-06T00:00:00+00:00
[2022-11-06T03:14:01.502+0200] {processor.py:176} INFO - Processing /Users/mnagy99/opt/anaconda3/envs/airflow-env/lib/python3.8/site-packages/airflow/example_dags/example_nested_branch_dag.py took 0.554 seconds
[2022-11-06T03:15:58.782+0200] {processor.py:154} INFO - Started process (PID=6611) to work on /Users/mnagy99/opt/anaconda3/envs/airflow-env/lib/python3.8/site-packages/airflow/example_dags/example_nested_branch_dag.py
[2022-11-06T03:15:58.783+0200] {processor.py:756} INFO - Processing file /Users/mnagy99/opt/anaconda3/envs/airflow-env/lib/python3.8/site-packages/airflow/example_dags/example_nested_branch_dag.py for tasks to queue
[2022-11-06T03:15:58.784+0200] {logging_mixin.py:120} INFO - [2022-11-06T03:15:58.784+0200] {dagbag.py:537} INFO - Filling up the DagBag from /Users/mnagy99/opt/anaconda3/envs/airflow-env/lib/python3.8/site-packages/airflow/example_dags/example_nested_branch_dag.py
[2022-11-06T03:15:58.825+0200] {processor.py:766} INFO - DAG(s) dict_keys(['example_nested_branch_dag']) retrieved from /Users/mnagy99/opt/anaconda3/envs/airflow-env/lib/python3.8/site-packages/airflow/example_dags/example_nested_branch_dag.py
[2022-11-06T03:15:59.247+0200] {logging_mixin.py:120} INFO - [2022-11-06T03:15:59.247+0200] {dag.py:2585} INFO - Sync 1 DAGs
[2022-11-06T03:15:59.262+0200] {logging_mixin.py:120} INFO - [2022-11-06T03:15:59.262+0200] {dag.py:3336} INFO - Setting next_dagrun for example_nested_branch_dag to 2022-11-05T00:00:00+00:00, run_after=2022-11-06T00:00:00+00:00
[2022-11-06T03:15:59.283+0200] {processor.py:176} INFO - Processing /Users/mnagy99/opt/anaconda3/envs/airflow-env/lib/python3.8/site-packages/airflow/example_dags/example_nested_branch_dag.py took 0.501 seconds
[2022-11-06T03:17:56.918+0200] {processor.py:154} INFO - Started process (PID=6746) to work on /Users/mnagy99/opt/anaconda3/envs/airflow-env/lib/python3.8/site-packages/airflow/example_dags/example_nested_branch_dag.py
[2022-11-06T03:17:56.921+0200] {processor.py:756} INFO - Processing file /Users/mnagy99/opt/anaconda3/envs/airflow-env/lib/python3.8/site-packages/airflow/example_dags/example_nested_branch_dag.py for tasks to queue
[2022-11-06T03:17:56.922+0200] {logging_mixin.py:120} INFO - [2022-11-06T03:17:56.921+0200] {dagbag.py:537} INFO - Filling up the DagBag from /Users/mnagy99/opt/anaconda3/envs/airflow-env/lib/python3.8/site-packages/airflow/example_dags/example_nested_branch_dag.py
[2022-11-06T03:17:56.965+0200] {processor.py:766} INFO - DAG(s) dict_keys(['example_nested_branch_dag']) retrieved from /Users/mnagy99/opt/anaconda3/envs/airflow-env/lib/python3.8/site-packages/airflow/example_dags/example_nested_branch_dag.py
[2022-11-06T03:17:57.408+0200] {logging_mixin.py:120} INFO - [2022-11-06T03:17:57.407+0200] {dag.py:2585} INFO - Sync 1 DAGs
[2022-11-06T03:17:57.423+0200] {logging_mixin.py:120} INFO - [2022-11-06T03:17:57.423+0200] {dag.py:3336} INFO - Setting next_dagrun for example_nested_branch_dag to 2022-11-05T00:00:00+00:00, run_after=2022-11-06T00:00:00+00:00
[2022-11-06T03:17:57.443+0200] {processor.py:176} INFO - Processing /Users/mnagy99/opt/anaconda3/envs/airflow-env/lib/python3.8/site-packages/airflow/example_dags/example_nested_branch_dag.py took 0.526 seconds
[2022-11-06T03:19:54.992+0200] {processor.py:154} INFO - Started process (PID=6868) to work on /Users/mnagy99/opt/anaconda3/envs/airflow-env/lib/python3.8/site-packages/airflow/example_dags/example_nested_branch_dag.py
[2022-11-06T03:19:54.993+0200] {processor.py:756} INFO - Processing file /Users/mnagy99/opt/anaconda3/envs/airflow-env/lib/python3.8/site-packages/airflow/example_dags/example_nested_branch_dag.py for tasks to queue
[2022-11-06T03:19:54.994+0200] {logging_mixin.py:120} INFO - [2022-11-06T03:19:54.994+0200] {dagbag.py:537} INFO - Filling up the DagBag from /Users/mnagy99/opt/anaconda3/envs/airflow-env/lib/python3.8/site-packages/airflow/example_dags/example_nested_branch_dag.py
[2022-11-06T03:19:55.035+0200] {processor.py:766} INFO - DAG(s) dict_keys(['example_nested_branch_dag']) retrieved from /Users/mnagy99/opt/anaconda3/envs/airflow-env/lib/python3.8/site-packages/airflow/example_dags/example_nested_branch_dag.py
[2022-11-06T03:19:55.468+0200] {logging_mixin.py:120} INFO - [2022-11-06T03:19:55.467+0200] {dag.py:2585} INFO - Sync 1 DAGs
[2022-11-06T03:19:55.484+0200] {logging_mixin.py:120} INFO - [2022-11-06T03:19:55.484+0200] {dag.py:3336} INFO - Setting next_dagrun for example_nested_branch_dag to 2022-11-05T00:00:00+00:00, run_after=2022-11-06T00:00:00+00:00
[2022-11-06T03:19:55.504+0200] {processor.py:176} INFO - Processing /Users/mnagy99/opt/anaconda3/envs/airflow-env/lib/python3.8/site-packages/airflow/example_dags/example_nested_branch_dag.py took 0.512 seconds
[2022-11-06T03:21:56.404+0200] {processor.py:154} INFO - Started process (PID=6992) to work on /Users/mnagy99/opt/anaconda3/envs/airflow-env/lib/python3.8/site-packages/airflow/example_dags/example_nested_branch_dag.py
[2022-11-06T03:21:56.405+0200] {processor.py:756} INFO - Processing file /Users/mnagy99/opt/anaconda3/envs/airflow-env/lib/python3.8/site-packages/airflow/example_dags/example_nested_branch_dag.py for tasks to queue
[2022-11-06T03:21:56.405+0200] {logging_mixin.py:120} INFO - [2022-11-06T03:21:56.405+0200] {dagbag.py:537} INFO - Filling up the DagBag from /Users/mnagy99/opt/anaconda3/envs/airflow-env/lib/python3.8/site-packages/airflow/example_dags/example_nested_branch_dag.py
[2022-11-06T03:21:56.451+0200] {processor.py:766} INFO - DAG(s) dict_keys(['example_nested_branch_dag']) retrieved from /Users/mnagy99/opt/anaconda3/envs/airflow-env/lib/python3.8/site-packages/airflow/example_dags/example_nested_branch_dag.py
[2022-11-06T03:21:56.881+0200] {logging_mixin.py:120} INFO - [2022-11-06T03:21:56.881+0200] {dag.py:2585} INFO - Sync 1 DAGs
[2022-11-06T03:21:56.897+0200] {logging_mixin.py:120} INFO - [2022-11-06T03:21:56.897+0200] {dag.py:3336} INFO - Setting next_dagrun for example_nested_branch_dag to 2022-11-05T00:00:00+00:00, run_after=2022-11-06T00:00:00+00:00
[2022-11-06T03:21:56.915+0200] {processor.py:176} INFO - Processing /Users/mnagy99/opt/anaconda3/envs/airflow-env/lib/python3.8/site-packages/airflow/example_dags/example_nested_branch_dag.py took 0.512 seconds
[2022-11-06T03:23:58.531+0200] {processor.py:154} INFO - Started process (PID=7122) to work on /Users/mnagy99/opt/anaconda3/envs/airflow-env/lib/python3.8/site-packages/airflow/example_dags/example_nested_branch_dag.py
[2022-11-06T03:23:58.533+0200] {processor.py:756} INFO - Processing file /Users/mnagy99/opt/anaconda3/envs/airflow-env/lib/python3.8/site-packages/airflow/example_dags/example_nested_branch_dag.py for tasks to queue
[2022-11-06T03:23:58.534+0200] {logging_mixin.py:120} INFO - [2022-11-06T03:23:58.534+0200] {dagbag.py:537} INFO - Filling up the DagBag from /Users/mnagy99/opt/anaconda3/envs/airflow-env/lib/python3.8/site-packages/airflow/example_dags/example_nested_branch_dag.py
[2022-11-06T03:23:58.576+0200] {processor.py:766} INFO - DAG(s) dict_keys(['example_nested_branch_dag']) retrieved from /Users/mnagy99/opt/anaconda3/envs/airflow-env/lib/python3.8/site-packages/airflow/example_dags/example_nested_branch_dag.py
[2022-11-06T03:23:58.993+0200] {logging_mixin.py:120} INFO - [2022-11-06T03:23:58.993+0200] {dag.py:2585} INFO - Sync 1 DAGs
[2022-11-06T03:23:59.007+0200] {logging_mixin.py:120} INFO - [2022-11-06T03:23:59.007+0200] {dag.py:3336} INFO - Setting next_dagrun for example_nested_branch_dag to 2022-11-05T00:00:00+00:00, run_after=2022-11-06T00:00:00+00:00
[2022-11-06T03:23:59.026+0200] {processor.py:176} INFO - Processing /Users/mnagy99/opt/anaconda3/envs/airflow-env/lib/python3.8/site-packages/airflow/example_dags/example_nested_branch_dag.py took 0.496 seconds
[2022-11-06T03:25:53.772+0200] {processor.py:154} INFO - Started process (PID=7251) to work on /Users/mnagy99/opt/anaconda3/envs/airflow-env/lib/python3.8/site-packages/airflow/example_dags/example_nested_branch_dag.py
[2022-11-06T03:25:53.775+0200] {processor.py:756} INFO - Processing file /Users/mnagy99/opt/anaconda3/envs/airflow-env/lib/python3.8/site-packages/airflow/example_dags/example_nested_branch_dag.py for tasks to queue
[2022-11-06T03:25:53.775+0200] {logging_mixin.py:120} INFO - [2022-11-06T03:25:53.775+0200] {dagbag.py:537} INFO - Filling up the DagBag from /Users/mnagy99/opt/anaconda3/envs/airflow-env/lib/python3.8/site-packages/airflow/example_dags/example_nested_branch_dag.py
[2022-11-06T03:25:53.822+0200] {processor.py:766} INFO - DAG(s) dict_keys(['example_nested_branch_dag']) retrieved from /Users/mnagy99/opt/anaconda3/envs/airflow-env/lib/python3.8/site-packages/airflow/example_dags/example_nested_branch_dag.py
[2022-11-06T03:25:54.389+0200] {logging_mixin.py:120} INFO - [2022-11-06T03:25:54.388+0200] {dag.py:2585} INFO - Sync 1 DAGs
[2022-11-06T03:25:54.404+0200] {logging_mixin.py:120} INFO - [2022-11-06T03:25:54.404+0200] {dag.py:3336} INFO - Setting next_dagrun for example_nested_branch_dag to 2022-11-05T00:00:00+00:00, run_after=2022-11-06T00:00:00+00:00
[2022-11-06T03:25:54.420+0200] {processor.py:176} INFO - Processing /Users/mnagy99/opt/anaconda3/envs/airflow-env/lib/python3.8/site-packages/airflow/example_dags/example_nested_branch_dag.py took 0.648 seconds
[2022-11-06T03:27:54.511+0200] {processor.py:154} INFO - Started process (PID=7392) to work on /Users/mnagy99/opt/anaconda3/envs/airflow-env/lib/python3.8/site-packages/airflow/example_dags/example_nested_branch_dag.py
[2022-11-06T03:27:54.514+0200] {processor.py:756} INFO - Processing file /Users/mnagy99/opt/anaconda3/envs/airflow-env/lib/python3.8/site-packages/airflow/example_dags/example_nested_branch_dag.py for tasks to queue
[2022-11-06T03:27:54.515+0200] {logging_mixin.py:120} INFO - [2022-11-06T03:27:54.514+0200] {dagbag.py:537} INFO - Filling up the DagBag from /Users/mnagy99/opt/anaconda3/envs/airflow-env/lib/python3.8/site-packages/airflow/example_dags/example_nested_branch_dag.py
[2022-11-06T03:27:54.558+0200] {processor.py:766} INFO - DAG(s) dict_keys(['example_nested_branch_dag']) retrieved from /Users/mnagy99/opt/anaconda3/envs/airflow-env/lib/python3.8/site-packages/airflow/example_dags/example_nested_branch_dag.py
[2022-11-06T03:27:55.075+0200] {logging_mixin.py:120} INFO - [2022-11-06T03:27:55.075+0200] {dag.py:2585} INFO - Sync 1 DAGs
[2022-11-06T03:27:55.093+0200] {logging_mixin.py:120} INFO - [2022-11-06T03:27:55.093+0200] {dag.py:3336} INFO - Setting next_dagrun for example_nested_branch_dag to 2022-11-05T00:00:00+00:00, run_after=2022-11-06T00:00:00+00:00
[2022-11-06T03:27:55.112+0200] {processor.py:176} INFO - Processing /Users/mnagy99/opt/anaconda3/envs/airflow-env/lib/python3.8/site-packages/airflow/example_dags/example_nested_branch_dag.py took 0.601 seconds
[2022-11-06T03:29:57.486+0200] {processor.py:154} INFO - Started process (PID=7516) to work on /Users/mnagy99/opt/anaconda3/envs/airflow-env/lib/python3.8/site-packages/airflow/example_dags/example_nested_branch_dag.py
[2022-11-06T03:29:57.488+0200] {processor.py:756} INFO - Processing file /Users/mnagy99/opt/anaconda3/envs/airflow-env/lib/python3.8/site-packages/airflow/example_dags/example_nested_branch_dag.py for tasks to queue
[2022-11-06T03:29:57.489+0200] {logging_mixin.py:120} INFO - [2022-11-06T03:29:57.489+0200] {dagbag.py:537} INFO - Filling up the DagBag from /Users/mnagy99/opt/anaconda3/envs/airflow-env/lib/python3.8/site-packages/airflow/example_dags/example_nested_branch_dag.py
[2022-11-06T03:29:57.532+0200] {processor.py:766} INFO - DAG(s) dict_keys(['example_nested_branch_dag']) retrieved from /Users/mnagy99/opt/anaconda3/envs/airflow-env/lib/python3.8/site-packages/airflow/example_dags/example_nested_branch_dag.py
[2022-11-06T03:29:57.953+0200] {logging_mixin.py:120} INFO - [2022-11-06T03:29:57.953+0200] {dag.py:2585} INFO - Sync 1 DAGs
[2022-11-06T03:29:57.969+0200] {logging_mixin.py:120} INFO - [2022-11-06T03:29:57.968+0200] {dag.py:3336} INFO - Setting next_dagrun for example_nested_branch_dag to 2022-11-05T00:00:00+00:00, run_after=2022-11-06T00:00:00+00:00
[2022-11-06T03:29:57.990+0200] {processor.py:176} INFO - Processing /Users/mnagy99/opt/anaconda3/envs/airflow-env/lib/python3.8/site-packages/airflow/example_dags/example_nested_branch_dag.py took 0.505 seconds
[2022-11-06T03:31:58.063+0200] {processor.py:154} INFO - Started process (PID=7645) to work on /Users/mnagy99/opt/anaconda3/envs/airflow-env/lib/python3.8/site-packages/airflow/example_dags/example_nested_branch_dag.py
[2022-11-06T03:31:58.066+0200] {processor.py:756} INFO - Processing file /Users/mnagy99/opt/anaconda3/envs/airflow-env/lib/python3.8/site-packages/airflow/example_dags/example_nested_branch_dag.py for tasks to queue
[2022-11-06T03:31:58.066+0200] {logging_mixin.py:120} INFO - [2022-11-06T03:31:58.066+0200] {dagbag.py:537} INFO - Filling up the DagBag from /Users/mnagy99/opt/anaconda3/envs/airflow-env/lib/python3.8/site-packages/airflow/example_dags/example_nested_branch_dag.py
[2022-11-06T03:31:58.106+0200] {processor.py:766} INFO - DAG(s) dict_keys(['example_nested_branch_dag']) retrieved from /Users/mnagy99/opt/anaconda3/envs/airflow-env/lib/python3.8/site-packages/airflow/example_dags/example_nested_branch_dag.py
[2022-11-06T03:31:58.520+0200] {logging_mixin.py:120} INFO - [2022-11-06T03:31:58.520+0200] {dag.py:2585} INFO - Sync 1 DAGs
[2022-11-06T03:31:58.535+0200] {logging_mixin.py:120} INFO - [2022-11-06T03:31:58.535+0200] {dag.py:3336} INFO - Setting next_dagrun for example_nested_branch_dag to 2022-11-05T00:00:00+00:00, run_after=2022-11-06T00:00:00+00:00
[2022-11-06T03:31:58.574+0200] {processor.py:176} INFO - Processing /Users/mnagy99/opt/anaconda3/envs/airflow-env/lib/python3.8/site-packages/airflow/example_dags/example_nested_branch_dag.py took 0.512 seconds
[2022-11-06T03:34:09.607+0200] {processor.py:154} INFO - Started process (PID=7781) to work on /Users/mnagy99/opt/anaconda3/envs/airflow-env/lib/python3.8/site-packages/airflow/example_dags/example_nested_branch_dag.py
[2022-11-06T03:34:09.608+0200] {processor.py:756} INFO - Processing file /Users/mnagy99/opt/anaconda3/envs/airflow-env/lib/python3.8/site-packages/airflow/example_dags/example_nested_branch_dag.py for tasks to queue
[2022-11-06T03:34:09.608+0200] {logging_mixin.py:120} INFO - [2022-11-06T03:34:09.608+0200] {dagbag.py:537} INFO - Filling up the DagBag from /Users/mnagy99/opt/anaconda3/envs/airflow-env/lib/python3.8/site-packages/airflow/example_dags/example_nested_branch_dag.py
[2022-11-06T03:34:09.648+0200] {processor.py:766} INFO - DAG(s) dict_keys(['example_nested_branch_dag']) retrieved from /Users/mnagy99/opt/anaconda3/envs/airflow-env/lib/python3.8/site-packages/airflow/example_dags/example_nested_branch_dag.py
[2022-11-06T03:34:10.079+0200] {logging_mixin.py:120} INFO - [2022-11-06T03:34:10.079+0200] {dag.py:2585} INFO - Sync 1 DAGs
[2022-11-06T03:34:10.094+0200] {logging_mixin.py:120} INFO - [2022-11-06T03:34:10.094+0200] {dag.py:3336} INFO - Setting next_dagrun for example_nested_branch_dag to 2022-11-05T00:00:00+00:00, run_after=2022-11-06T00:00:00+00:00
[2022-11-06T03:34:10.109+0200] {processor.py:176} INFO - Processing /Users/mnagy99/opt/anaconda3/envs/airflow-env/lib/python3.8/site-packages/airflow/example_dags/example_nested_branch_dag.py took 0.503 seconds
[2022-11-06T03:36:15.826+0200] {processor.py:154} INFO - Started process (PID=7954) to work on /Users/mnagy99/opt/anaconda3/envs/airflow-env/lib/python3.8/site-packages/airflow/example_dags/example_nested_branch_dag.py
[2022-11-06T03:36:15.828+0200] {processor.py:756} INFO - Processing file /Users/mnagy99/opt/anaconda3/envs/airflow-env/lib/python3.8/site-packages/airflow/example_dags/example_nested_branch_dag.py for tasks to queue
[2022-11-06T03:36:15.828+0200] {logging_mixin.py:120} INFO - [2022-11-06T03:36:15.828+0200] {dagbag.py:537} INFO - Filling up the DagBag from /Users/mnagy99/opt/anaconda3/envs/airflow-env/lib/python3.8/site-packages/airflow/example_dags/example_nested_branch_dag.py
[2022-11-06T03:36:15.872+0200] {processor.py:766} INFO - DAG(s) dict_keys(['example_nested_branch_dag']) retrieved from /Users/mnagy99/opt/anaconda3/envs/airflow-env/lib/python3.8/site-packages/airflow/example_dags/example_nested_branch_dag.py
[2022-11-06T03:36:16.296+0200] {logging_mixin.py:120} INFO - [2022-11-06T03:36:16.296+0200] {dag.py:2585} INFO - Sync 1 DAGs
[2022-11-06T03:36:16.311+0200] {logging_mixin.py:120} INFO - [2022-11-06T03:36:16.311+0200] {dag.py:3336} INFO - Setting next_dagrun for example_nested_branch_dag to 2022-11-05T00:00:00+00:00, run_after=2022-11-06T00:00:00+00:00
[2022-11-06T03:36:16.327+0200] {processor.py:176} INFO - Processing /Users/mnagy99/opt/anaconda3/envs/airflow-env/lib/python3.8/site-packages/airflow/example_dags/example_nested_branch_dag.py took 0.501 seconds
[2022-11-06T03:38:17.260+0200] {processor.py:154} INFO - Started process (PID=8077) to work on /Users/mnagy99/opt/anaconda3/envs/airflow-env/lib/python3.8/site-packages/airflow/example_dags/example_nested_branch_dag.py
[2022-11-06T03:38:17.263+0200] {processor.py:756} INFO - Processing file /Users/mnagy99/opt/anaconda3/envs/airflow-env/lib/python3.8/site-packages/airflow/example_dags/example_nested_branch_dag.py for tasks to queue
[2022-11-06T03:38:17.264+0200] {logging_mixin.py:120} INFO - [2022-11-06T03:38:17.263+0200] {dagbag.py:537} INFO - Filling up the DagBag from /Users/mnagy99/opt/anaconda3/envs/airflow-env/lib/python3.8/site-packages/airflow/example_dags/example_nested_branch_dag.py
[2022-11-06T03:38:17.311+0200] {processor.py:766} INFO - DAG(s) dict_keys(['example_nested_branch_dag']) retrieved from /Users/mnagy99/opt/anaconda3/envs/airflow-env/lib/python3.8/site-packages/airflow/example_dags/example_nested_branch_dag.py
[2022-11-06T03:38:17.730+0200] {logging_mixin.py:120} INFO - [2022-11-06T03:38:17.730+0200] {dag.py:2585} INFO - Sync 1 DAGs
[2022-11-06T03:38:17.745+0200] {logging_mixin.py:120} INFO - [2022-11-06T03:38:17.745+0200] {dag.py:3336} INFO - Setting next_dagrun for example_nested_branch_dag to 2022-11-05T00:00:00+00:00, run_after=2022-11-06T00:00:00+00:00
[2022-11-06T03:38:17.766+0200] {processor.py:176} INFO - Processing /Users/mnagy99/opt/anaconda3/envs/airflow-env/lib/python3.8/site-packages/airflow/example_dags/example_nested_branch_dag.py took 0.507 seconds
[2022-11-06T03:40:16.827+0200] {processor.py:154} INFO - Started process (PID=8200) to work on /Users/mnagy99/opt/anaconda3/envs/airflow-env/lib/python3.8/site-packages/airflow/example_dags/example_nested_branch_dag.py
[2022-11-06T03:40:16.828+0200] {processor.py:756} INFO - Processing file /Users/mnagy99/opt/anaconda3/envs/airflow-env/lib/python3.8/site-packages/airflow/example_dags/example_nested_branch_dag.py for tasks to queue
[2022-11-06T03:40:16.828+0200] {logging_mixin.py:120} INFO - [2022-11-06T03:40:16.828+0200] {dagbag.py:537} INFO - Filling up the DagBag from /Users/mnagy99/opt/anaconda3/envs/airflow-env/lib/python3.8/site-packages/airflow/example_dags/example_nested_branch_dag.py
[2022-11-06T03:40:16.873+0200] {processor.py:766} INFO - DAG(s) dict_keys(['example_nested_branch_dag']) retrieved from /Users/mnagy99/opt/anaconda3/envs/airflow-env/lib/python3.8/site-packages/airflow/example_dags/example_nested_branch_dag.py
[2022-11-06T03:40:17.318+0200] {logging_mixin.py:120} INFO - [2022-11-06T03:40:17.318+0200] {dag.py:2585} INFO - Sync 1 DAGs
[2022-11-06T03:40:17.332+0200] {logging_mixin.py:120} INFO - [2022-11-06T03:40:17.332+0200] {dag.py:3336} INFO - Setting next_dagrun for example_nested_branch_dag to 2022-11-05T00:00:00+00:00, run_after=2022-11-06T00:00:00+00:00
[2022-11-06T03:40:17.348+0200] {processor.py:176} INFO - Processing /Users/mnagy99/opt/anaconda3/envs/airflow-env/lib/python3.8/site-packages/airflow/example_dags/example_nested_branch_dag.py took 0.522 seconds
[2022-11-06T03:42:15.902+0200] {processor.py:154} INFO - Started process (PID=8320) to work on /Users/mnagy99/opt/anaconda3/envs/airflow-env/lib/python3.8/site-packages/airflow/example_dags/example_nested_branch_dag.py
[2022-11-06T03:42:15.904+0200] {processor.py:756} INFO - Processing file /Users/mnagy99/opt/anaconda3/envs/airflow-env/lib/python3.8/site-packages/airflow/example_dags/example_nested_branch_dag.py for tasks to queue
[2022-11-06T03:42:15.905+0200] {logging_mixin.py:120} INFO - [2022-11-06T03:42:15.904+0200] {dagbag.py:537} INFO - Filling up the DagBag from /Users/mnagy99/opt/anaconda3/envs/airflow-env/lib/python3.8/site-packages/airflow/example_dags/example_nested_branch_dag.py
[2022-11-06T03:42:15.945+0200] {processor.py:766} INFO - DAG(s) dict_keys(['example_nested_branch_dag']) retrieved from /Users/mnagy99/opt/anaconda3/envs/airflow-env/lib/python3.8/site-packages/airflow/example_dags/example_nested_branch_dag.py
[2022-11-06T03:42:16.363+0200] {logging_mixin.py:120} INFO - [2022-11-06T03:42:16.363+0200] {dag.py:2585} INFO - Sync 1 DAGs
[2022-11-06T03:42:16.378+0200] {logging_mixin.py:120} INFO - [2022-11-06T03:42:16.378+0200] {dag.py:3336} INFO - Setting next_dagrun for example_nested_branch_dag to 2022-11-05T00:00:00+00:00, run_after=2022-11-06T00:00:00+00:00
[2022-11-06T03:42:16.395+0200] {processor.py:176} INFO - Processing /Users/mnagy99/opt/anaconda3/envs/airflow-env/lib/python3.8/site-packages/airflow/example_dags/example_nested_branch_dag.py took 0.494 seconds
[2022-11-06T03:44:15.917+0200] {processor.py:154} INFO - Started process (PID=8451) to work on /Users/mnagy99/opt/anaconda3/envs/airflow-env/lib/python3.8/site-packages/airflow/example_dags/example_nested_branch_dag.py
[2022-11-06T03:44:15.919+0200] {processor.py:756} INFO - Processing file /Users/mnagy99/opt/anaconda3/envs/airflow-env/lib/python3.8/site-packages/airflow/example_dags/example_nested_branch_dag.py for tasks to queue
[2022-11-06T03:44:15.920+0200] {logging_mixin.py:120} INFO - [2022-11-06T03:44:15.920+0200] {dagbag.py:537} INFO - Filling up the DagBag from /Users/mnagy99/opt/anaconda3/envs/airflow-env/lib/python3.8/site-packages/airflow/example_dags/example_nested_branch_dag.py
[2022-11-06T03:44:15.967+0200] {processor.py:766} INFO - DAG(s) dict_keys(['example_nested_branch_dag']) retrieved from /Users/mnagy99/opt/anaconda3/envs/airflow-env/lib/python3.8/site-packages/airflow/example_dags/example_nested_branch_dag.py
[2022-11-06T03:44:16.483+0200] {logging_mixin.py:120} INFO - [2022-11-06T03:44:16.483+0200] {dag.py:2585} INFO - Sync 1 DAGs
[2022-11-06T03:44:16.498+0200] {logging_mixin.py:120} INFO - [2022-11-06T03:44:16.498+0200] {dag.py:3336} INFO - Setting next_dagrun for example_nested_branch_dag to 2022-11-05T00:00:00+00:00, run_after=2022-11-06T00:00:00+00:00
[2022-11-06T03:44:16.518+0200] {processor.py:176} INFO - Processing /Users/mnagy99/opt/anaconda3/envs/airflow-env/lib/python3.8/site-packages/airflow/example_dags/example_nested_branch_dag.py took 0.602 seconds
[2022-11-06T03:46:17.486+0200] {processor.py:154} INFO - Started process (PID=8587) to work on /Users/mnagy99/opt/anaconda3/envs/airflow-env/lib/python3.8/site-packages/airflow/example_dags/example_nested_branch_dag.py
[2022-11-06T03:46:17.487+0200] {processor.py:756} INFO - Processing file /Users/mnagy99/opt/anaconda3/envs/airflow-env/lib/python3.8/site-packages/airflow/example_dags/example_nested_branch_dag.py for tasks to queue
[2022-11-06T03:46:17.488+0200] {logging_mixin.py:120} INFO - [2022-11-06T03:46:17.488+0200] {dagbag.py:537} INFO - Filling up the DagBag from /Users/mnagy99/opt/anaconda3/envs/airflow-env/lib/python3.8/site-packages/airflow/example_dags/example_nested_branch_dag.py
[2022-11-06T03:46:17.531+0200] {processor.py:766} INFO - DAG(s) dict_keys(['example_nested_branch_dag']) retrieved from /Users/mnagy99/opt/anaconda3/envs/airflow-env/lib/python3.8/site-packages/airflow/example_dags/example_nested_branch_dag.py
[2022-11-06T03:46:18.084+0200] {logging_mixin.py:120} INFO - [2022-11-06T03:46:18.083+0200] {dag.py:2585} INFO - Sync 1 DAGs
[2022-11-06T03:46:18.098+0200] {logging_mixin.py:120} INFO - [2022-11-06T03:46:18.098+0200] {dag.py:3336} INFO - Setting next_dagrun for example_nested_branch_dag to 2022-11-05T00:00:00+00:00, run_after=2022-11-06T00:00:00+00:00
[2022-11-06T03:46:18.120+0200] {processor.py:176} INFO - Processing /Users/mnagy99/opt/anaconda3/envs/airflow-env/lib/python3.8/site-packages/airflow/example_dags/example_nested_branch_dag.py took 0.635 seconds
[2022-11-06T03:48:23.870+0200] {processor.py:154} INFO - Started process (PID=8709) to work on /Users/mnagy99/opt/anaconda3/envs/airflow-env/lib/python3.8/site-packages/airflow/example_dags/example_nested_branch_dag.py
[2022-11-06T03:48:23.873+0200] {processor.py:756} INFO - Processing file /Users/mnagy99/opt/anaconda3/envs/airflow-env/lib/python3.8/site-packages/airflow/example_dags/example_nested_branch_dag.py for tasks to queue
[2022-11-06T03:48:23.874+0200] {logging_mixin.py:120} INFO - [2022-11-06T03:48:23.873+0200] {dagbag.py:537} INFO - Filling up the DagBag from /Users/mnagy99/opt/anaconda3/envs/airflow-env/lib/python3.8/site-packages/airflow/example_dags/example_nested_branch_dag.py
[2022-11-06T03:48:23.925+0200] {processor.py:766} INFO - DAG(s) dict_keys(['example_nested_branch_dag']) retrieved from /Users/mnagy99/opt/anaconda3/envs/airflow-env/lib/python3.8/site-packages/airflow/example_dags/example_nested_branch_dag.py
[2022-11-06T03:48:24.415+0200] {logging_mixin.py:120} INFO - [2022-11-06T03:48:24.414+0200] {dag.py:2585} INFO - Sync 1 DAGs
[2022-11-06T03:48:24.430+0200] {logging_mixin.py:120} INFO - [2022-11-06T03:48:24.430+0200] {dag.py:3336} INFO - Setting next_dagrun for example_nested_branch_dag to 2022-11-05T00:00:00+00:00, run_after=2022-11-06T00:00:00+00:00
[2022-11-06T03:48:24.447+0200] {processor.py:176} INFO - Processing /Users/mnagy99/opt/anaconda3/envs/airflow-env/lib/python3.8/site-packages/airflow/example_dags/example_nested_branch_dag.py took 0.578 seconds
[2022-11-06T03:50:28.024+0200] {processor.py:154} INFO - Started process (PID=8833) to work on /Users/mnagy99/opt/anaconda3/envs/airflow-env/lib/python3.8/site-packages/airflow/example_dags/example_nested_branch_dag.py
[2022-11-06T03:50:28.026+0200] {processor.py:756} INFO - Processing file /Users/mnagy99/opt/anaconda3/envs/airflow-env/lib/python3.8/site-packages/airflow/example_dags/example_nested_branch_dag.py for tasks to queue
[2022-11-06T03:50:28.026+0200] {logging_mixin.py:120} INFO - [2022-11-06T03:50:28.026+0200] {dagbag.py:537} INFO - Filling up the DagBag from /Users/mnagy99/opt/anaconda3/envs/airflow-env/lib/python3.8/site-packages/airflow/example_dags/example_nested_branch_dag.py
[2022-11-06T03:50:28.069+0200] {processor.py:766} INFO - DAG(s) dict_keys(['example_nested_branch_dag']) retrieved from /Users/mnagy99/opt/anaconda3/envs/airflow-env/lib/python3.8/site-packages/airflow/example_dags/example_nested_branch_dag.py
[2022-11-06T03:50:28.493+0200] {logging_mixin.py:120} INFO - [2022-11-06T03:50:28.493+0200] {dag.py:2585} INFO - Sync 1 DAGs
[2022-11-06T03:50:28.508+0200] {logging_mixin.py:120} INFO - [2022-11-06T03:50:28.508+0200] {dag.py:3336} INFO - Setting next_dagrun for example_nested_branch_dag to 2022-11-05T00:00:00+00:00, run_after=2022-11-06T00:00:00+00:00
[2022-11-06T03:50:28.526+0200] {processor.py:176} INFO - Processing /Users/mnagy99/opt/anaconda3/envs/airflow-env/lib/python3.8/site-packages/airflow/example_dags/example_nested_branch_dag.py took 0.503 seconds
[2022-11-06T03:52:33.548+0200] {processor.py:154} INFO - Started process (PID=8962) to work on /Users/mnagy99/opt/anaconda3/envs/airflow-env/lib/python3.8/site-packages/airflow/example_dags/example_nested_branch_dag.py
[2022-11-06T03:52:33.551+0200] {processor.py:756} INFO - Processing file /Users/mnagy99/opt/anaconda3/envs/airflow-env/lib/python3.8/site-packages/airflow/example_dags/example_nested_branch_dag.py for tasks to queue
[2022-11-06T03:52:33.552+0200] {logging_mixin.py:120} INFO - [2022-11-06T03:52:33.552+0200] {dagbag.py:537} INFO - Filling up the DagBag from /Users/mnagy99/opt/anaconda3/envs/airflow-env/lib/python3.8/site-packages/airflow/example_dags/example_nested_branch_dag.py
[2022-11-06T03:52:33.597+0200] {processor.py:766} INFO - DAG(s) dict_keys(['example_nested_branch_dag']) retrieved from /Users/mnagy99/opt/anaconda3/envs/airflow-env/lib/python3.8/site-packages/airflow/example_dags/example_nested_branch_dag.py
[2022-11-06T03:52:34.044+0200] {logging_mixin.py:120} INFO - [2022-11-06T03:52:34.043+0200] {dag.py:2585} INFO - Sync 1 DAGs
[2022-11-06T03:52:34.059+0200] {logging_mixin.py:120} INFO - [2022-11-06T03:52:34.059+0200] {dag.py:3336} INFO - Setting next_dagrun for example_nested_branch_dag to 2022-11-05T00:00:00+00:00, run_after=2022-11-06T00:00:00+00:00
[2022-11-06T03:52:34.078+0200] {processor.py:176} INFO - Processing /Users/mnagy99/opt/anaconda3/envs/airflow-env/lib/python3.8/site-packages/airflow/example_dags/example_nested_branch_dag.py took 0.530 seconds
[2022-11-06T03:54:46.230+0200] {processor.py:154} INFO - Started process (PID=9094) to work on /Users/mnagy99/opt/anaconda3/envs/airflow-env/lib/python3.8/site-packages/airflow/example_dags/example_nested_branch_dag.py
[2022-11-06T03:54:46.232+0200] {processor.py:756} INFO - Processing file /Users/mnagy99/opt/anaconda3/envs/airflow-env/lib/python3.8/site-packages/airflow/example_dags/example_nested_branch_dag.py for tasks to queue
[2022-11-06T03:54:46.233+0200] {logging_mixin.py:120} INFO - [2022-11-06T03:54:46.233+0200] {dagbag.py:537} INFO - Filling up the DagBag from /Users/mnagy99/opt/anaconda3/envs/airflow-env/lib/python3.8/site-packages/airflow/example_dags/example_nested_branch_dag.py
[2022-11-06T03:54:46.278+0200] {processor.py:766} INFO - DAG(s) dict_keys(['example_nested_branch_dag']) retrieved from /Users/mnagy99/opt/anaconda3/envs/airflow-env/lib/python3.8/site-packages/airflow/example_dags/example_nested_branch_dag.py
[2022-11-06T03:54:46.763+0200] {logging_mixin.py:120} INFO - [2022-11-06T03:54:46.763+0200] {dag.py:2585} INFO - Sync 1 DAGs
[2022-11-06T03:54:46.778+0200] {logging_mixin.py:120} INFO - [2022-11-06T03:54:46.778+0200] {dag.py:3336} INFO - Setting next_dagrun for example_nested_branch_dag to 2022-11-05T00:00:00+00:00, run_after=2022-11-06T00:00:00+00:00
[2022-11-06T03:54:46.795+0200] {processor.py:176} INFO - Processing /Users/mnagy99/opt/anaconda3/envs/airflow-env/lib/python3.8/site-packages/airflow/example_dags/example_nested_branch_dag.py took 0.566 seconds
[2022-11-06T03:57:08.684+0200] {processor.py:154} INFO - Started process (PID=9240) to work on /Users/mnagy99/opt/anaconda3/envs/airflow-env/lib/python3.8/site-packages/airflow/example_dags/example_nested_branch_dag.py
[2022-11-06T03:57:08.687+0200] {processor.py:756} INFO - Processing file /Users/mnagy99/opt/anaconda3/envs/airflow-env/lib/python3.8/site-packages/airflow/example_dags/example_nested_branch_dag.py for tasks to queue
[2022-11-06T03:57:08.687+0200] {logging_mixin.py:120} INFO - [2022-11-06T03:57:08.687+0200] {dagbag.py:537} INFO - Filling up the DagBag from /Users/mnagy99/opt/anaconda3/envs/airflow-env/lib/python3.8/site-packages/airflow/example_dags/example_nested_branch_dag.py
[2022-11-06T03:57:08.730+0200] {processor.py:766} INFO - DAG(s) dict_keys(['example_nested_branch_dag']) retrieved from /Users/mnagy99/opt/anaconda3/envs/airflow-env/lib/python3.8/site-packages/airflow/example_dags/example_nested_branch_dag.py
[2022-11-06T03:57:09.146+0200] {logging_mixin.py:120} INFO - [2022-11-06T03:57:09.146+0200] {dag.py:2585} INFO - Sync 1 DAGs
[2022-11-06T03:57:09.161+0200] {logging_mixin.py:120} INFO - [2022-11-06T03:57:09.161+0200] {dag.py:3336} INFO - Setting next_dagrun for example_nested_branch_dag to 2022-11-05T00:00:00+00:00, run_after=2022-11-06T00:00:00+00:00
[2022-11-06T03:57:09.183+0200] {processor.py:176} INFO - Processing /Users/mnagy99/opt/anaconda3/envs/airflow-env/lib/python3.8/site-packages/airflow/example_dags/example_nested_branch_dag.py took 0.499 seconds
[2022-11-06T03:59:21.645+0200] {processor.py:154} INFO - Started process (PID=9370) to work on /Users/mnagy99/opt/anaconda3/envs/airflow-env/lib/python3.8/site-packages/airflow/example_dags/example_nested_branch_dag.py
[2022-11-06T03:59:21.647+0200] {processor.py:756} INFO - Processing file /Users/mnagy99/opt/anaconda3/envs/airflow-env/lib/python3.8/site-packages/airflow/example_dags/example_nested_branch_dag.py for tasks to queue
[2022-11-06T03:59:21.648+0200] {logging_mixin.py:120} INFO - [2022-11-06T03:59:21.648+0200] {dagbag.py:537} INFO - Filling up the DagBag from /Users/mnagy99/opt/anaconda3/envs/airflow-env/lib/python3.8/site-packages/airflow/example_dags/example_nested_branch_dag.py
[2022-11-06T03:59:21.694+0200] {processor.py:766} INFO - DAG(s) dict_keys(['example_nested_branch_dag']) retrieved from /Users/mnagy99/opt/anaconda3/envs/airflow-env/lib/python3.8/site-packages/airflow/example_dags/example_nested_branch_dag.py
[2022-11-06T03:59:22.142+0200] {logging_mixin.py:120} INFO - [2022-11-06T03:59:22.141+0200] {dag.py:2585} INFO - Sync 1 DAGs
[2022-11-06T03:59:22.157+0200] {logging_mixin.py:120} INFO - [2022-11-06T03:59:22.157+0200] {dag.py:3336} INFO - Setting next_dagrun for example_nested_branch_dag to 2022-11-05T00:00:00+00:00, run_after=2022-11-06T00:00:00+00:00
[2022-11-06T03:59:22.176+0200] {processor.py:176} INFO - Processing /Users/mnagy99/opt/anaconda3/envs/airflow-env/lib/python3.8/site-packages/airflow/example_dags/example_nested_branch_dag.py took 0.532 seconds
[2022-11-06T04:01:48.514+0200] {processor.py:154} INFO - Started process (PID=9525) to work on /Users/mnagy99/opt/anaconda3/envs/airflow-env/lib/python3.8/site-packages/airflow/example_dags/example_nested_branch_dag.py
[2022-11-06T04:01:48.516+0200] {processor.py:756} INFO - Processing file /Users/mnagy99/opt/anaconda3/envs/airflow-env/lib/python3.8/site-packages/airflow/example_dags/example_nested_branch_dag.py for tasks to queue
[2022-11-06T04:01:48.517+0200] {logging_mixin.py:120} INFO - [2022-11-06T04:01:48.517+0200] {dagbag.py:537} INFO - Filling up the DagBag from /Users/mnagy99/opt/anaconda3/envs/airflow-env/lib/python3.8/site-packages/airflow/example_dags/example_nested_branch_dag.py
[2022-11-06T04:01:48.561+0200] {processor.py:766} INFO - DAG(s) dict_keys(['example_nested_branch_dag']) retrieved from /Users/mnagy99/opt/anaconda3/envs/airflow-env/lib/python3.8/site-packages/airflow/example_dags/example_nested_branch_dag.py
[2022-11-06T04:01:48.996+0200] {logging_mixin.py:120} INFO - [2022-11-06T04:01:48.996+0200] {dag.py:2585} INFO - Sync 1 DAGs
[2022-11-06T04:01:49.011+0200] {logging_mixin.py:120} INFO - [2022-11-06T04:01:49.011+0200] {dag.py:3336} INFO - Setting next_dagrun for example_nested_branch_dag to 2022-11-05T00:00:00+00:00, run_after=2022-11-06T00:00:00+00:00
[2022-11-06T04:01:49.029+0200] {processor.py:176} INFO - Processing /Users/mnagy99/opt/anaconda3/envs/airflow-env/lib/python3.8/site-packages/airflow/example_dags/example_nested_branch_dag.py took 0.516 seconds
[2022-11-06T04:04:06.426+0200] {processor.py:154} INFO - Started process (PID=9663) to work on /Users/mnagy99/opt/anaconda3/envs/airflow-env/lib/python3.8/site-packages/airflow/example_dags/example_nested_branch_dag.py
[2022-11-06T04:04:06.428+0200] {processor.py:756} INFO - Processing file /Users/mnagy99/opt/anaconda3/envs/airflow-env/lib/python3.8/site-packages/airflow/example_dags/example_nested_branch_dag.py for tasks to queue
[2022-11-06T04:04:06.429+0200] {logging_mixin.py:120} INFO - [2022-11-06T04:04:06.429+0200] {dagbag.py:537} INFO - Filling up the DagBag from /Users/mnagy99/opt/anaconda3/envs/airflow-env/lib/python3.8/site-packages/airflow/example_dags/example_nested_branch_dag.py
[2022-11-06T04:04:06.471+0200] {processor.py:766} INFO - DAG(s) dict_keys(['example_nested_branch_dag']) retrieved from /Users/mnagy99/opt/anaconda3/envs/airflow-env/lib/python3.8/site-packages/airflow/example_dags/example_nested_branch_dag.py
[2022-11-06T04:04:06.892+0200] {logging_mixin.py:120} INFO - [2022-11-06T04:04:06.892+0200] {dag.py:2585} INFO - Sync 1 DAGs
[2022-11-06T04:04:06.907+0200] {logging_mixin.py:120} INFO - [2022-11-06T04:04:06.907+0200] {dag.py:3336} INFO - Setting next_dagrun for example_nested_branch_dag to 2022-11-05T00:00:00+00:00, run_after=2022-11-06T00:00:00+00:00
[2022-11-06T04:04:06.928+0200] {processor.py:176} INFO - Processing /Users/mnagy99/opt/anaconda3/envs/airflow-env/lib/python3.8/site-packages/airflow/example_dags/example_nested_branch_dag.py took 0.503 seconds
[2022-11-06T04:06:41.550+0200] {processor.py:154} INFO - Started process (PID=9830) to work on /Users/mnagy99/opt/anaconda3/envs/airflow-env/lib/python3.8/site-packages/airflow/example_dags/example_nested_branch_dag.py
[2022-11-06T04:06:41.552+0200] {processor.py:756} INFO - Processing file /Users/mnagy99/opt/anaconda3/envs/airflow-env/lib/python3.8/site-packages/airflow/example_dags/example_nested_branch_dag.py for tasks to queue
[2022-11-06T04:06:41.553+0200] {logging_mixin.py:120} INFO - [2022-11-06T04:06:41.553+0200] {dagbag.py:537} INFO - Filling up the DagBag from /Users/mnagy99/opt/anaconda3/envs/airflow-env/lib/python3.8/site-packages/airflow/example_dags/example_nested_branch_dag.py
[2022-11-06T04:06:41.598+0200] {processor.py:766} INFO - DAG(s) dict_keys(['example_nested_branch_dag']) retrieved from /Users/mnagy99/opt/anaconda3/envs/airflow-env/lib/python3.8/site-packages/airflow/example_dags/example_nested_branch_dag.py
[2022-11-06T04:06:42.038+0200] {logging_mixin.py:120} INFO - [2022-11-06T04:06:42.038+0200] {dag.py:2585} INFO - Sync 1 DAGs
[2022-11-06T04:06:42.053+0200] {logging_mixin.py:120} INFO - [2022-11-06T04:06:42.053+0200] {dag.py:3336} INFO - Setting next_dagrun for example_nested_branch_dag to 2022-11-05T00:00:00+00:00, run_after=2022-11-06T00:00:00+00:00
[2022-11-06T04:06:42.074+0200] {processor.py:176} INFO - Processing /Users/mnagy99/opt/anaconda3/envs/airflow-env/lib/python3.8/site-packages/airflow/example_dags/example_nested_branch_dag.py took 0.525 seconds
[2022-11-06T04:08:48.832+0200] {processor.py:154} INFO - Started process (PID=9961) to work on /Users/mnagy99/opt/anaconda3/envs/airflow-env/lib/python3.8/site-packages/airflow/example_dags/example_nested_branch_dag.py
[2022-11-06T04:08:48.834+0200] {processor.py:756} INFO - Processing file /Users/mnagy99/opt/anaconda3/envs/airflow-env/lib/python3.8/site-packages/airflow/example_dags/example_nested_branch_dag.py for tasks to queue
[2022-11-06T04:08:48.835+0200] {logging_mixin.py:120} INFO - [2022-11-06T04:08:48.835+0200] {dagbag.py:537} INFO - Filling up the DagBag from /Users/mnagy99/opt/anaconda3/envs/airflow-env/lib/python3.8/site-packages/airflow/example_dags/example_nested_branch_dag.py
[2022-11-06T04:08:48.882+0200] {processor.py:766} INFO - DAG(s) dict_keys(['example_nested_branch_dag']) retrieved from /Users/mnagy99/opt/anaconda3/envs/airflow-env/lib/python3.8/site-packages/airflow/example_dags/example_nested_branch_dag.py
[2022-11-06T04:08:49.304+0200] {logging_mixin.py:120} INFO - [2022-11-06T04:08:49.304+0200] {dag.py:2585} INFO - Sync 1 DAGs
[2022-11-06T04:08:49.319+0200] {logging_mixin.py:120} INFO - [2022-11-06T04:08:49.319+0200] {dag.py:3336} INFO - Setting next_dagrun for example_nested_branch_dag to 2022-11-05T00:00:00+00:00, run_after=2022-11-06T00:00:00+00:00
[2022-11-06T04:08:49.340+0200] {processor.py:176} INFO - Processing /Users/mnagy99/opt/anaconda3/envs/airflow-env/lib/python3.8/site-packages/airflow/example_dags/example_nested_branch_dag.py took 0.509 seconds
[2022-11-06T04:10:53.156+0200] {processor.py:154} INFO - Started process (PID=10096) to work on /Users/mnagy99/opt/anaconda3/envs/airflow-env/lib/python3.8/site-packages/airflow/example_dags/example_nested_branch_dag.py
[2022-11-06T04:10:53.159+0200] {processor.py:756} INFO - Processing file /Users/mnagy99/opt/anaconda3/envs/airflow-env/lib/python3.8/site-packages/airflow/example_dags/example_nested_branch_dag.py for tasks to queue
[2022-11-06T04:10:53.160+0200] {logging_mixin.py:120} INFO - [2022-11-06T04:10:53.160+0200] {dagbag.py:537} INFO - Filling up the DagBag from /Users/mnagy99/opt/anaconda3/envs/airflow-env/lib/python3.8/site-packages/airflow/example_dags/example_nested_branch_dag.py
[2022-11-06T04:10:53.206+0200] {processor.py:766} INFO - DAG(s) dict_keys(['example_nested_branch_dag']) retrieved from /Users/mnagy99/opt/anaconda3/envs/airflow-env/lib/python3.8/site-packages/airflow/example_dags/example_nested_branch_dag.py
[2022-11-06T04:10:53.654+0200] {logging_mixin.py:120} INFO - [2022-11-06T04:10:53.653+0200] {dag.py:2585} INFO - Sync 1 DAGs
[2022-11-06T04:10:53.669+0200] {logging_mixin.py:120} INFO - [2022-11-06T04:10:53.669+0200] {dag.py:3336} INFO - Setting next_dagrun for example_nested_branch_dag to 2022-11-05T00:00:00+00:00, run_after=2022-11-06T00:00:00+00:00
[2022-11-06T04:10:53.685+0200] {processor.py:176} INFO - Processing /Users/mnagy99/opt/anaconda3/envs/airflow-env/lib/python3.8/site-packages/airflow/example_dags/example_nested_branch_dag.py took 0.529 seconds
[2022-11-06T04:13:16.150+0200] {processor.py:154} INFO - Started process (PID=10244) to work on /Users/mnagy99/opt/anaconda3/envs/airflow-env/lib/python3.8/site-packages/airflow/example_dags/example_nested_branch_dag.py
[2022-11-06T04:13:16.153+0200] {processor.py:756} INFO - Processing file /Users/mnagy99/opt/anaconda3/envs/airflow-env/lib/python3.8/site-packages/airflow/example_dags/example_nested_branch_dag.py for tasks to queue
[2022-11-06T04:13:16.153+0200] {logging_mixin.py:120} INFO - [2022-11-06T04:13:16.153+0200] {dagbag.py:537} INFO - Filling up the DagBag from /Users/mnagy99/opt/anaconda3/envs/airflow-env/lib/python3.8/site-packages/airflow/example_dags/example_nested_branch_dag.py
[2022-11-06T04:13:16.199+0200] {processor.py:766} INFO - DAG(s) dict_keys(['example_nested_branch_dag']) retrieved from /Users/mnagy99/opt/anaconda3/envs/airflow-env/lib/python3.8/site-packages/airflow/example_dags/example_nested_branch_dag.py
[2022-11-06T04:13:16.659+0200] {logging_mixin.py:120} INFO - [2022-11-06T04:13:16.659+0200] {dag.py:2585} INFO - Sync 1 DAGs
[2022-11-06T04:13:16.677+0200] {logging_mixin.py:120} INFO - [2022-11-06T04:13:16.677+0200] {dag.py:3336} INFO - Setting next_dagrun for example_nested_branch_dag to 2022-11-05T00:00:00+00:00, run_after=2022-11-06T00:00:00+00:00
[2022-11-06T04:13:16.696+0200] {processor.py:176} INFO - Processing /Users/mnagy99/opt/anaconda3/envs/airflow-env/lib/python3.8/site-packages/airflow/example_dags/example_nested_branch_dag.py took 0.546 seconds
[2022-11-06T04:15:16.730+0200] {processor.py:154} INFO - Started process (PID=10377) to work on /Users/mnagy99/opt/anaconda3/envs/airflow-env/lib/python3.8/site-packages/airflow/example_dags/example_nested_branch_dag.py
[2022-11-06T04:15:16.733+0200] {processor.py:756} INFO - Processing file /Users/mnagy99/opt/anaconda3/envs/airflow-env/lib/python3.8/site-packages/airflow/example_dags/example_nested_branch_dag.py for tasks to queue
[2022-11-06T04:15:16.733+0200] {logging_mixin.py:120} INFO - [2022-11-06T04:15:16.733+0200] {dagbag.py:537} INFO - Filling up the DagBag from /Users/mnagy99/opt/anaconda3/envs/airflow-env/lib/python3.8/site-packages/airflow/example_dags/example_nested_branch_dag.py
[2022-11-06T04:15:16.779+0200] {processor.py:766} INFO - DAG(s) dict_keys(['example_nested_branch_dag']) retrieved from /Users/mnagy99/opt/anaconda3/envs/airflow-env/lib/python3.8/site-packages/airflow/example_dags/example_nested_branch_dag.py
[2022-11-06T04:15:17.215+0200] {logging_mixin.py:120} INFO - [2022-11-06T04:15:17.215+0200] {dag.py:2585} INFO - Sync 1 DAGs
[2022-11-06T04:15:17.230+0200] {logging_mixin.py:120} INFO - [2022-11-06T04:15:17.230+0200] {dag.py:3336} INFO - Setting next_dagrun for example_nested_branch_dag to 2022-11-05T00:00:00+00:00, run_after=2022-11-06T00:00:00+00:00
[2022-11-06T04:15:17.248+0200] {processor.py:176} INFO - Processing /Users/mnagy99/opt/anaconda3/envs/airflow-env/lib/python3.8/site-packages/airflow/example_dags/example_nested_branch_dag.py took 0.519 seconds
[2022-11-06T04:17:37.953+0200] {processor.py:154} INFO - Started process (PID=10510) to work on /Users/mnagy99/opt/anaconda3/envs/airflow-env/lib/python3.8/site-packages/airflow/example_dags/example_nested_branch_dag.py
[2022-11-06T04:17:37.955+0200] {processor.py:756} INFO - Processing file /Users/mnagy99/opt/anaconda3/envs/airflow-env/lib/python3.8/site-packages/airflow/example_dags/example_nested_branch_dag.py for tasks to queue
[2022-11-06T04:17:37.956+0200] {logging_mixin.py:120} INFO - [2022-11-06T04:17:37.956+0200] {dagbag.py:537} INFO - Filling up the DagBag from /Users/mnagy99/opt/anaconda3/envs/airflow-env/lib/python3.8/site-packages/airflow/example_dags/example_nested_branch_dag.py
[2022-11-06T04:17:38.009+0200] {processor.py:766} INFO - DAG(s) dict_keys(['example_nested_branch_dag']) retrieved from /Users/mnagy99/opt/anaconda3/envs/airflow-env/lib/python3.8/site-packages/airflow/example_dags/example_nested_branch_dag.py
[2022-11-06T04:17:38.474+0200] {logging_mixin.py:120} INFO - [2022-11-06T04:17:38.474+0200] {dag.py:2585} INFO - Sync 1 DAGs
[2022-11-06T04:17:38.492+0200] {logging_mixin.py:120} INFO - [2022-11-06T04:17:38.492+0200] {dag.py:3336} INFO - Setting next_dagrun for example_nested_branch_dag to 2022-11-05T00:00:00+00:00, run_after=2022-11-06T00:00:00+00:00
[2022-11-06T04:17:38.513+0200] {processor.py:176} INFO - Processing /Users/mnagy99/opt/anaconda3/envs/airflow-env/lib/python3.8/site-packages/airflow/example_dags/example_nested_branch_dag.py took 0.560 seconds
