[2022-11-06T02:00:09.130+0200] {processor.py:154} INFO - Started process (PID=1499) to work on /Users/mnagy99/opt/anaconda3/envs/airflow-env/lib/python3.8/site-packages/airflow/example_dags/example_kubernetes_executor.py
[2022-11-06T02:00:09.132+0200] {processor.py:756} INFO - Processing file /Users/mnagy99/opt/anaconda3/envs/airflow-env/lib/python3.8/site-packages/airflow/example_dags/example_kubernetes_executor.py for tasks to queue
[2022-11-06T02:00:09.135+0200] {logging_mixin.py:120} INFO - [2022-11-06T02:00:09.134+0200] {dagbag.py:537} INFO - Filling up the DagBag from /Users/mnagy99/opt/anaconda3/envs/airflow-env/lib/python3.8/site-packages/airflow/example_dags/example_kubernetes_executor.py
[2022-11-06T02:00:09.553+0200] {processor.py:766} INFO - DAG(s) dict_keys(['example_kubernetes_executor']) retrieved from /Users/mnagy99/opt/anaconda3/envs/airflow-env/lib/python3.8/site-packages/airflow/example_dags/example_kubernetes_executor.py
[2022-11-06T02:00:09.728+0200] {logging_mixin.py:120} INFO - [2022-11-06T02:00:09.728+0200] {dag.py:2585} INFO - Sync 1 DAGs
[2022-11-06T02:00:09.747+0200] {logging_mixin.py:120} INFO - [2022-11-06T02:00:09.746+0200] {dag.py:3336} INFO - Setting next_dagrun for example_kubernetes_executor to None, run_after=None
[2022-11-06T02:00:09.766+0200] {processor.py:176} INFO - Processing /Users/mnagy99/opt/anaconda3/envs/airflow-env/lib/python3.8/site-packages/airflow/example_dags/example_kubernetes_executor.py took 0.638 seconds
[2022-11-06T02:02:28.209+0200] {processor.py:154} INFO - Started process (PID=2019) to work on /Users/mnagy99/opt/anaconda3/envs/airflow-env/lib/python3.8/site-packages/airflow/example_dags/example_kubernetes_executor.py
[2022-11-06T02:02:28.211+0200] {processor.py:756} INFO - Processing file /Users/mnagy99/opt/anaconda3/envs/airflow-env/lib/python3.8/site-packages/airflow/example_dags/example_kubernetes_executor.py for tasks to queue
[2022-11-06T02:02:28.211+0200] {logging_mixin.py:120} INFO - [2022-11-06T02:02:28.211+0200] {dagbag.py:537} INFO - Filling up the DagBag from /Users/mnagy99/opt/anaconda3/envs/airflow-env/lib/python3.8/site-packages/airflow/example_dags/example_kubernetes_executor.py
[2022-11-06T02:02:28.637+0200] {processor.py:766} INFO - DAG(s) dict_keys(['example_kubernetes_executor']) retrieved from /Users/mnagy99/opt/anaconda3/envs/airflow-env/lib/python3.8/site-packages/airflow/example_dags/example_kubernetes_executor.py
[2022-11-06T02:02:28.981+0200] {logging_mixin.py:120} INFO - [2022-11-06T02:02:28.981+0200] {dag.py:2585} INFO - Sync 1 DAGs
[2022-11-06T02:02:29.007+0200] {logging_mixin.py:120} INFO - [2022-11-06T02:02:29.007+0200] {dag.py:3336} INFO - Setting next_dagrun for example_kubernetes_executor to None, run_after=None
[2022-11-06T02:02:29.063+0200] {processor.py:176} INFO - Processing /Users/mnagy99/opt/anaconda3/envs/airflow-env/lib/python3.8/site-packages/airflow/example_dags/example_kubernetes_executor.py took 0.855 seconds
[2022-11-06T02:04:46.783+0200] {processor.py:154} INFO - Started process (PID=2190) to work on /Users/mnagy99/opt/anaconda3/envs/airflow-env/lib/python3.8/site-packages/airflow/example_dags/example_kubernetes_executor.py
[2022-11-06T02:04:46.786+0200] {processor.py:756} INFO - Processing file /Users/mnagy99/opt/anaconda3/envs/airflow-env/lib/python3.8/site-packages/airflow/example_dags/example_kubernetes_executor.py for tasks to queue
[2022-11-06T02:04:46.787+0200] {logging_mixin.py:120} INFO - [2022-11-06T02:04:46.787+0200] {dagbag.py:537} INFO - Filling up the DagBag from /Users/mnagy99/opt/anaconda3/envs/airflow-env/lib/python3.8/site-packages/airflow/example_dags/example_kubernetes_executor.py
[2022-11-06T02:04:47.307+0200] {processor.py:766} INFO - DAG(s) dict_keys(['example_kubernetes_executor']) retrieved from /Users/mnagy99/opt/anaconda3/envs/airflow-env/lib/python3.8/site-packages/airflow/example_dags/example_kubernetes_executor.py
[2022-11-06T02:04:47.527+0200] {logging_mixin.py:120} INFO - [2022-11-06T02:04:47.527+0200] {dag.py:2585} INFO - Sync 1 DAGs
[2022-11-06T02:04:47.547+0200] {logging_mixin.py:120} INFO - [2022-11-06T02:04:47.547+0200] {dag.py:3336} INFO - Setting next_dagrun for example_kubernetes_executor to None, run_after=None
[2022-11-06T02:04:47.567+0200] {processor.py:176} INFO - Processing /Users/mnagy99/opt/anaconda3/envs/airflow-env/lib/python3.8/site-packages/airflow/example_dags/example_kubernetes_executor.py took 0.784 seconds
[2022-11-06T02:07:07.245+0200] {processor.py:154} INFO - Started process (PID=2322) to work on /Users/mnagy99/opt/anaconda3/envs/airflow-env/lib/python3.8/site-packages/airflow/example_dags/example_kubernetes_executor.py
[2022-11-06T02:07:07.248+0200] {processor.py:756} INFO - Processing file /Users/mnagy99/opt/anaconda3/envs/airflow-env/lib/python3.8/site-packages/airflow/example_dags/example_kubernetes_executor.py for tasks to queue
[2022-11-06T02:07:07.248+0200] {logging_mixin.py:120} INFO - [2022-11-06T02:07:07.248+0200] {dagbag.py:537} INFO - Filling up the DagBag from /Users/mnagy99/opt/anaconda3/envs/airflow-env/lib/python3.8/site-packages/airflow/example_dags/example_kubernetes_executor.py
[2022-11-06T02:07:07.642+0200] {processor.py:766} INFO - DAG(s) dict_keys(['example_kubernetes_executor']) retrieved from /Users/mnagy99/opt/anaconda3/envs/airflow-env/lib/python3.8/site-packages/airflow/example_dags/example_kubernetes_executor.py
[2022-11-06T02:07:07.803+0200] {logging_mixin.py:120} INFO - [2022-11-06T02:07:07.803+0200] {dag.py:2585} INFO - Sync 1 DAGs
[2022-11-06T02:07:07.819+0200] {logging_mixin.py:120} INFO - [2022-11-06T02:07:07.819+0200] {dag.py:3336} INFO - Setting next_dagrun for example_kubernetes_executor to None, run_after=None
[2022-11-06T02:07:07.841+0200] {processor.py:176} INFO - Processing /Users/mnagy99/opt/anaconda3/envs/airflow-env/lib/python3.8/site-packages/airflow/example_dags/example_kubernetes_executor.py took 0.597 seconds
[2022-11-06T02:09:27.355+0200] {processor.py:154} INFO - Started process (PID=2449) to work on /Users/mnagy99/opt/anaconda3/envs/airflow-env/lib/python3.8/site-packages/airflow/example_dags/example_kubernetes_executor.py
[2022-11-06T02:09:27.357+0200] {processor.py:756} INFO - Processing file /Users/mnagy99/opt/anaconda3/envs/airflow-env/lib/python3.8/site-packages/airflow/example_dags/example_kubernetes_executor.py for tasks to queue
[2022-11-06T02:09:27.358+0200] {logging_mixin.py:120} INFO - [2022-11-06T02:09:27.358+0200] {dagbag.py:537} INFO - Filling up the DagBag from /Users/mnagy99/opt/anaconda3/envs/airflow-env/lib/python3.8/site-packages/airflow/example_dags/example_kubernetes_executor.py
[2022-11-06T02:09:27.745+0200] {processor.py:766} INFO - DAG(s) dict_keys(['example_kubernetes_executor']) retrieved from /Users/mnagy99/opt/anaconda3/envs/airflow-env/lib/python3.8/site-packages/airflow/example_dags/example_kubernetes_executor.py
[2022-11-06T02:09:27.951+0200] {logging_mixin.py:120} INFO - [2022-11-06T02:09:27.951+0200] {dag.py:2585} INFO - Sync 1 DAGs
[2022-11-06T02:09:27.973+0200] {logging_mixin.py:120} INFO - [2022-11-06T02:09:27.972+0200] {dag.py:3336} INFO - Setting next_dagrun for example_kubernetes_executor to None, run_after=None
[2022-11-06T02:09:27.993+0200] {processor.py:176} INFO - Processing /Users/mnagy99/opt/anaconda3/envs/airflow-env/lib/python3.8/site-packages/airflow/example_dags/example_kubernetes_executor.py took 0.639 seconds
[2022-11-06T02:11:41.318+0200] {processor.py:154} INFO - Started process (PID=2580) to work on /Users/mnagy99/opt/anaconda3/envs/airflow-env/lib/python3.8/site-packages/airflow/example_dags/example_kubernetes_executor.py
[2022-11-06T02:11:41.320+0200] {processor.py:756} INFO - Processing file /Users/mnagy99/opt/anaconda3/envs/airflow-env/lib/python3.8/site-packages/airflow/example_dags/example_kubernetes_executor.py for tasks to queue
[2022-11-06T02:11:41.321+0200] {logging_mixin.py:120} INFO - [2022-11-06T02:11:41.321+0200] {dagbag.py:537} INFO - Filling up the DagBag from /Users/mnagy99/opt/anaconda3/envs/airflow-env/lib/python3.8/site-packages/airflow/example_dags/example_kubernetes_executor.py
[2022-11-06T02:11:41.655+0200] {processor.py:766} INFO - DAG(s) dict_keys(['example_kubernetes_executor']) retrieved from /Users/mnagy99/opt/anaconda3/envs/airflow-env/lib/python3.8/site-packages/airflow/example_dags/example_kubernetes_executor.py
[2022-11-06T02:11:41.790+0200] {logging_mixin.py:120} INFO - [2022-11-06T02:11:41.790+0200] {dag.py:2585} INFO - Sync 1 DAGs
[2022-11-06T02:11:41.804+0200] {logging_mixin.py:120} INFO - [2022-11-06T02:11:41.803+0200] {dag.py:3336} INFO - Setting next_dagrun for example_kubernetes_executor to None, run_after=None
[2022-11-06T02:11:41.822+0200] {processor.py:176} INFO - Processing /Users/mnagy99/opt/anaconda3/envs/airflow-env/lib/python3.8/site-packages/airflow/example_dags/example_kubernetes_executor.py took 0.504 seconds
[2022-11-06T02:13:49.445+0200] {processor.py:154} INFO - Started process (PID=2703) to work on /Users/mnagy99/opt/anaconda3/envs/airflow-env/lib/python3.8/site-packages/airflow/example_dags/example_kubernetes_executor.py
[2022-11-06T02:13:49.446+0200] {processor.py:756} INFO - Processing file /Users/mnagy99/opt/anaconda3/envs/airflow-env/lib/python3.8/site-packages/airflow/example_dags/example_kubernetes_executor.py for tasks to queue
[2022-11-06T02:13:49.446+0200] {logging_mixin.py:120} INFO - [2022-11-06T02:13:49.446+0200] {dagbag.py:537} INFO - Filling up the DagBag from /Users/mnagy99/opt/anaconda3/envs/airflow-env/lib/python3.8/site-packages/airflow/example_dags/example_kubernetes_executor.py
[2022-11-06T02:13:49.916+0200] {processor.py:766} INFO - DAG(s) dict_keys(['example_kubernetes_executor']) retrieved from /Users/mnagy99/opt/anaconda3/envs/airflow-env/lib/python3.8/site-packages/airflow/example_dags/example_kubernetes_executor.py
[2022-11-06T02:13:50.062+0200] {logging_mixin.py:120} INFO - [2022-11-06T02:13:50.061+0200] {dag.py:2585} INFO - Sync 1 DAGs
[2022-11-06T02:13:50.076+0200] {logging_mixin.py:120} INFO - [2022-11-06T02:13:50.076+0200] {dag.py:3336} INFO - Setting next_dagrun for example_kubernetes_executor to None, run_after=None
[2022-11-06T02:13:50.094+0200] {processor.py:176} INFO - Processing /Users/mnagy99/opt/anaconda3/envs/airflow-env/lib/python3.8/site-packages/airflow/example_dags/example_kubernetes_executor.py took 0.650 seconds
[2022-11-06T02:16:14.397+0200] {processor.py:154} INFO - Started process (PID=2913) to work on /Users/mnagy99/opt/anaconda3/envs/airflow-env/lib/python3.8/site-packages/airflow/example_dags/example_kubernetes_executor.py
[2022-11-06T02:16:14.400+0200] {processor.py:756} INFO - Processing file /Users/mnagy99/opt/anaconda3/envs/airflow-env/lib/python3.8/site-packages/airflow/example_dags/example_kubernetes_executor.py for tasks to queue
[2022-11-06T02:16:14.401+0200] {logging_mixin.py:120} INFO - [2022-11-06T02:16:14.400+0200] {dagbag.py:537} INFO - Filling up the DagBag from /Users/mnagy99/opt/anaconda3/envs/airflow-env/lib/python3.8/site-packages/airflow/example_dags/example_kubernetes_executor.py
[2022-11-06T02:16:14.750+0200] {processor.py:766} INFO - DAG(s) dict_keys(['example_kubernetes_executor']) retrieved from /Users/mnagy99/opt/anaconda3/envs/airflow-env/lib/python3.8/site-packages/airflow/example_dags/example_kubernetes_executor.py
[2022-11-06T02:16:14.889+0200] {logging_mixin.py:120} INFO - [2022-11-06T02:16:14.888+0200] {dag.py:2585} INFO - Sync 1 DAGs
[2022-11-06T02:16:14.904+0200] {logging_mixin.py:120} INFO - [2022-11-06T02:16:14.904+0200] {dag.py:3336} INFO - Setting next_dagrun for example_kubernetes_executor to None, run_after=None
[2022-11-06T02:16:14.924+0200] {processor.py:176} INFO - Processing /Users/mnagy99/opt/anaconda3/envs/airflow-env/lib/python3.8/site-packages/airflow/example_dags/example_kubernetes_executor.py took 0.528 seconds
[2022-11-06T02:18:25.186+0200] {processor.py:154} INFO - Started process (PID=3051) to work on /Users/mnagy99/opt/anaconda3/envs/airflow-env/lib/python3.8/site-packages/airflow/example_dags/example_kubernetes_executor.py
[2022-11-06T02:18:25.188+0200] {processor.py:756} INFO - Processing file /Users/mnagy99/opt/anaconda3/envs/airflow-env/lib/python3.8/site-packages/airflow/example_dags/example_kubernetes_executor.py for tasks to queue
[2022-11-06T02:18:25.189+0200] {logging_mixin.py:120} INFO - [2022-11-06T02:18:25.188+0200] {dagbag.py:537} INFO - Filling up the DagBag from /Users/mnagy99/opt/anaconda3/envs/airflow-env/lib/python3.8/site-packages/airflow/example_dags/example_kubernetes_executor.py
[2022-11-06T02:18:25.518+0200] {processor.py:766} INFO - DAG(s) dict_keys(['example_kubernetes_executor']) retrieved from /Users/mnagy99/opt/anaconda3/envs/airflow-env/lib/python3.8/site-packages/airflow/example_dags/example_kubernetes_executor.py
[2022-11-06T02:18:25.663+0200] {logging_mixin.py:120} INFO - [2022-11-06T02:18:25.663+0200] {dag.py:2585} INFO - Sync 1 DAGs
[2022-11-06T02:18:25.678+0200] {logging_mixin.py:120} INFO - [2022-11-06T02:18:25.677+0200] {dag.py:3336} INFO - Setting next_dagrun for example_kubernetes_executor to None, run_after=None
[2022-11-06T02:18:25.697+0200] {processor.py:176} INFO - Processing /Users/mnagy99/opt/anaconda3/envs/airflow-env/lib/python3.8/site-packages/airflow/example_dags/example_kubernetes_executor.py took 0.512 seconds
[2022-11-06T02:20:40.339+0200] {processor.py:154} INFO - Started process (PID=3193) to work on /Users/mnagy99/opt/anaconda3/envs/airflow-env/lib/python3.8/site-packages/airflow/example_dags/example_kubernetes_executor.py
[2022-11-06T02:20:40.341+0200] {processor.py:756} INFO - Processing file /Users/mnagy99/opt/anaconda3/envs/airflow-env/lib/python3.8/site-packages/airflow/example_dags/example_kubernetes_executor.py for tasks to queue
[2022-11-06T02:20:40.342+0200] {logging_mixin.py:120} INFO - [2022-11-06T02:20:40.342+0200] {dagbag.py:537} INFO - Filling up the DagBag from /Users/mnagy99/opt/anaconda3/envs/airflow-env/lib/python3.8/site-packages/airflow/example_dags/example_kubernetes_executor.py
[2022-11-06T02:20:40.674+0200] {processor.py:766} INFO - DAG(s) dict_keys(['example_kubernetes_executor']) retrieved from /Users/mnagy99/opt/anaconda3/envs/airflow-env/lib/python3.8/site-packages/airflow/example_dags/example_kubernetes_executor.py
[2022-11-06T02:20:40.812+0200] {logging_mixin.py:120} INFO - [2022-11-06T02:20:40.812+0200] {dag.py:2585} INFO - Sync 1 DAGs
[2022-11-06T02:20:40.826+0200] {logging_mixin.py:120} INFO - [2022-11-06T02:20:40.826+0200] {dag.py:3336} INFO - Setting next_dagrun for example_kubernetes_executor to None, run_after=None
[2022-11-06T02:20:40.845+0200] {processor.py:176} INFO - Processing /Users/mnagy99/opt/anaconda3/envs/airflow-env/lib/python3.8/site-packages/airflow/example_dags/example_kubernetes_executor.py took 0.506 seconds
[2022-11-06T02:22:44.188+0200] {processor.py:154} INFO - Started process (PID=3316) to work on /Users/mnagy99/opt/anaconda3/envs/airflow-env/lib/python3.8/site-packages/airflow/example_dags/example_kubernetes_executor.py
[2022-11-06T02:22:44.191+0200] {processor.py:756} INFO - Processing file /Users/mnagy99/opt/anaconda3/envs/airflow-env/lib/python3.8/site-packages/airflow/example_dags/example_kubernetes_executor.py for tasks to queue
[2022-11-06T02:22:44.192+0200] {logging_mixin.py:120} INFO - [2022-11-06T02:22:44.191+0200] {dagbag.py:537} INFO - Filling up the DagBag from /Users/mnagy99/opt/anaconda3/envs/airflow-env/lib/python3.8/site-packages/airflow/example_dags/example_kubernetes_executor.py
[2022-11-06T02:22:44.542+0200] {processor.py:766} INFO - DAG(s) dict_keys(['example_kubernetes_executor']) retrieved from /Users/mnagy99/opt/anaconda3/envs/airflow-env/lib/python3.8/site-packages/airflow/example_dags/example_kubernetes_executor.py
[2022-11-06T02:22:44.679+0200] {logging_mixin.py:120} INFO - [2022-11-06T02:22:44.679+0200] {dag.py:2585} INFO - Sync 1 DAGs
[2022-11-06T02:22:44.693+0200] {logging_mixin.py:120} INFO - [2022-11-06T02:22:44.693+0200] {dag.py:3336} INFO - Setting next_dagrun for example_kubernetes_executor to None, run_after=None
[2022-11-06T02:22:44.715+0200] {processor.py:176} INFO - Processing /Users/mnagy99/opt/anaconda3/envs/airflow-env/lib/python3.8/site-packages/airflow/example_dags/example_kubernetes_executor.py took 0.527 seconds
[2022-11-06T02:24:59.100+0200] {processor.py:154} INFO - Started process (PID=3461) to work on /Users/mnagy99/opt/anaconda3/envs/airflow-env/lib/python3.8/site-packages/airflow/example_dags/example_kubernetes_executor.py
[2022-11-06T02:24:59.102+0200] {processor.py:756} INFO - Processing file /Users/mnagy99/opt/anaconda3/envs/airflow-env/lib/python3.8/site-packages/airflow/example_dags/example_kubernetes_executor.py for tasks to queue
[2022-11-06T02:24:59.103+0200] {logging_mixin.py:120} INFO - [2022-11-06T02:24:59.103+0200] {dagbag.py:537} INFO - Filling up the DagBag from /Users/mnagy99/opt/anaconda3/envs/airflow-env/lib/python3.8/site-packages/airflow/example_dags/example_kubernetes_executor.py
[2022-11-06T02:24:59.471+0200] {processor.py:766} INFO - DAG(s) dict_keys(['example_kubernetes_executor']) retrieved from /Users/mnagy99/opt/anaconda3/envs/airflow-env/lib/python3.8/site-packages/airflow/example_dags/example_kubernetes_executor.py
[2022-11-06T02:24:59.621+0200] {logging_mixin.py:120} INFO - [2022-11-06T02:24:59.620+0200] {dag.py:2585} INFO - Sync 1 DAGs
[2022-11-06T02:24:59.635+0200] {logging_mixin.py:120} INFO - [2022-11-06T02:24:59.635+0200] {dag.py:3336} INFO - Setting next_dagrun for example_kubernetes_executor to None, run_after=None
[2022-11-06T02:24:59.655+0200] {processor.py:176} INFO - Processing /Users/mnagy99/opt/anaconda3/envs/airflow-env/lib/python3.8/site-packages/airflow/example_dags/example_kubernetes_executor.py took 0.555 seconds
[2022-11-06T02:27:11.755+0200] {processor.py:154} INFO - Started process (PID=3598) to work on /Users/mnagy99/opt/anaconda3/envs/airflow-env/lib/python3.8/site-packages/airflow/example_dags/example_kubernetes_executor.py
[2022-11-06T02:27:11.757+0200] {processor.py:756} INFO - Processing file /Users/mnagy99/opt/anaconda3/envs/airflow-env/lib/python3.8/site-packages/airflow/example_dags/example_kubernetes_executor.py for tasks to queue
[2022-11-06T02:27:11.757+0200] {logging_mixin.py:120} INFO - [2022-11-06T02:27:11.757+0200] {dagbag.py:537} INFO - Filling up the DagBag from /Users/mnagy99/opt/anaconda3/envs/airflow-env/lib/python3.8/site-packages/airflow/example_dags/example_kubernetes_executor.py
[2022-11-06T02:27:12.131+0200] {processor.py:766} INFO - DAG(s) dict_keys(['example_kubernetes_executor']) retrieved from /Users/mnagy99/opt/anaconda3/envs/airflow-env/lib/python3.8/site-packages/airflow/example_dags/example_kubernetes_executor.py
[2022-11-06T02:27:12.283+0200] {logging_mixin.py:120} INFO - [2022-11-06T02:27:12.283+0200] {dag.py:2585} INFO - Sync 1 DAGs
[2022-11-06T02:27:12.299+0200] {logging_mixin.py:120} INFO - [2022-11-06T02:27:12.299+0200] {dag.py:3336} INFO - Setting next_dagrun for example_kubernetes_executor to None, run_after=None
[2022-11-06T02:27:12.314+0200] {processor.py:176} INFO - Processing /Users/mnagy99/opt/anaconda3/envs/airflow-env/lib/python3.8/site-packages/airflow/example_dags/example_kubernetes_executor.py took 0.559 seconds
[2022-11-06T02:29:23.696+0200] {processor.py:154} INFO - Started process (PID=3746) to work on /Users/mnagy99/opt/anaconda3/envs/airflow-env/lib/python3.8/site-packages/airflow/example_dags/example_kubernetes_executor.py
[2022-11-06T02:29:23.698+0200] {processor.py:756} INFO - Processing file /Users/mnagy99/opt/anaconda3/envs/airflow-env/lib/python3.8/site-packages/airflow/example_dags/example_kubernetes_executor.py for tasks to queue
[2022-11-06T02:29:23.699+0200] {logging_mixin.py:120} INFO - [2022-11-06T02:29:23.699+0200] {dagbag.py:537} INFO - Filling up the DagBag from /Users/mnagy99/opt/anaconda3/envs/airflow-env/lib/python3.8/site-packages/airflow/example_dags/example_kubernetes_executor.py
[2022-11-06T02:29:24.047+0200] {processor.py:766} INFO - DAG(s) dict_keys(['example_kubernetes_executor']) retrieved from /Users/mnagy99/opt/anaconda3/envs/airflow-env/lib/python3.8/site-packages/airflow/example_dags/example_kubernetes_executor.py
[2022-11-06T02:29:24.272+0200] {logging_mixin.py:120} INFO - [2022-11-06T02:29:24.272+0200] {dag.py:2585} INFO - Sync 1 DAGs
[2022-11-06T02:29:24.287+0200] {logging_mixin.py:120} INFO - [2022-11-06T02:29:24.287+0200] {dag.py:3336} INFO - Setting next_dagrun for example_kubernetes_executor to None, run_after=None
[2022-11-06T02:29:24.307+0200] {processor.py:176} INFO - Processing /Users/mnagy99/opt/anaconda3/envs/airflow-env/lib/python3.8/site-packages/airflow/example_dags/example_kubernetes_executor.py took 0.612 seconds
[2022-11-06T02:31:40.174+0200] {processor.py:154} INFO - Started process (PID=3911) to work on /Users/mnagy99/opt/anaconda3/envs/airflow-env/lib/python3.8/site-packages/airflow/example_dags/example_kubernetes_executor.py
[2022-11-06T02:31:40.177+0200] {processor.py:756} INFO - Processing file /Users/mnagy99/opt/anaconda3/envs/airflow-env/lib/python3.8/site-packages/airflow/example_dags/example_kubernetes_executor.py for tasks to queue
[2022-11-06T02:31:40.177+0200] {logging_mixin.py:120} INFO - [2022-11-06T02:31:40.177+0200] {dagbag.py:537} INFO - Filling up the DagBag from /Users/mnagy99/opt/anaconda3/envs/airflow-env/lib/python3.8/site-packages/airflow/example_dags/example_kubernetes_executor.py
[2022-11-06T02:31:40.570+0200] {processor.py:766} INFO - DAG(s) dict_keys(['example_kubernetes_executor']) retrieved from /Users/mnagy99/opt/anaconda3/envs/airflow-env/lib/python3.8/site-packages/airflow/example_dags/example_kubernetes_executor.py
[2022-11-06T02:31:40.711+0200] {logging_mixin.py:120} INFO - [2022-11-06T02:31:40.711+0200] {dag.py:2585} INFO - Sync 1 DAGs
[2022-11-06T02:31:40.726+0200] {logging_mixin.py:120} INFO - [2022-11-06T02:31:40.726+0200] {dag.py:3336} INFO - Setting next_dagrun for example_kubernetes_executor to None, run_after=None
[2022-11-06T02:31:40.744+0200] {processor.py:176} INFO - Processing /Users/mnagy99/opt/anaconda3/envs/airflow-env/lib/python3.8/site-packages/airflow/example_dags/example_kubernetes_executor.py took 0.570 seconds
[2022-11-06T02:33:49.236+0200] {processor.py:154} INFO - Started process (PID=4048) to work on /Users/mnagy99/opt/anaconda3/envs/airflow-env/lib/python3.8/site-packages/airflow/example_dags/example_kubernetes_executor.py
[2022-11-06T02:33:49.239+0200] {processor.py:756} INFO - Processing file /Users/mnagy99/opt/anaconda3/envs/airflow-env/lib/python3.8/site-packages/airflow/example_dags/example_kubernetes_executor.py for tasks to queue
[2022-11-06T02:33:49.239+0200] {logging_mixin.py:120} INFO - [2022-11-06T02:33:49.239+0200] {dagbag.py:537} INFO - Filling up the DagBag from /Users/mnagy99/opt/anaconda3/envs/airflow-env/lib/python3.8/site-packages/airflow/example_dags/example_kubernetes_executor.py
[2022-11-06T02:33:49.577+0200] {processor.py:766} INFO - DAG(s) dict_keys(['example_kubernetes_executor']) retrieved from /Users/mnagy99/opt/anaconda3/envs/airflow-env/lib/python3.8/site-packages/airflow/example_dags/example_kubernetes_executor.py
[2022-11-06T02:33:49.714+0200] {logging_mixin.py:120} INFO - [2022-11-06T02:33:49.714+0200] {dag.py:2585} INFO - Sync 1 DAGs
[2022-11-06T02:33:49.728+0200] {logging_mixin.py:120} INFO - [2022-11-06T02:33:49.728+0200] {dag.py:3336} INFO - Setting next_dagrun for example_kubernetes_executor to None, run_after=None
[2022-11-06T02:33:49.759+0200] {processor.py:176} INFO - Processing /Users/mnagy99/opt/anaconda3/envs/airflow-env/lib/python3.8/site-packages/airflow/example_dags/example_kubernetes_executor.py took 0.524 seconds
[2022-11-06T02:35:58.583+0200] {processor.py:154} INFO - Started process (PID=4198) to work on /Users/mnagy99/opt/anaconda3/envs/airflow-env/lib/python3.8/site-packages/airflow/example_dags/example_kubernetes_executor.py
[2022-11-06T02:35:58.585+0200] {processor.py:756} INFO - Processing file /Users/mnagy99/opt/anaconda3/envs/airflow-env/lib/python3.8/site-packages/airflow/example_dags/example_kubernetes_executor.py for tasks to queue
[2022-11-06T02:35:58.586+0200] {logging_mixin.py:120} INFO - [2022-11-06T02:35:58.586+0200] {dagbag.py:537} INFO - Filling up the DagBag from /Users/mnagy99/opt/anaconda3/envs/airflow-env/lib/python3.8/site-packages/airflow/example_dags/example_kubernetes_executor.py
[2022-11-06T02:35:58.916+0200] {processor.py:766} INFO - DAG(s) dict_keys(['example_kubernetes_executor']) retrieved from /Users/mnagy99/opt/anaconda3/envs/airflow-env/lib/python3.8/site-packages/airflow/example_dags/example_kubernetes_executor.py
[2022-11-06T02:35:59.047+0200] {logging_mixin.py:120} INFO - [2022-11-06T02:35:59.047+0200] {dag.py:2585} INFO - Sync 1 DAGs
[2022-11-06T02:35:59.060+0200] {logging_mixin.py:120} INFO - [2022-11-06T02:35:59.060+0200] {dag.py:3336} INFO - Setting next_dagrun for example_kubernetes_executor to None, run_after=None
[2022-11-06T02:35:59.079+0200] {processor.py:176} INFO - Processing /Users/mnagy99/opt/anaconda3/envs/airflow-env/lib/python3.8/site-packages/airflow/example_dags/example_kubernetes_executor.py took 0.497 seconds
[2022-11-06T02:38:07.691+0200] {processor.py:154} INFO - Started process (PID=4327) to work on /Users/mnagy99/opt/anaconda3/envs/airflow-env/lib/python3.8/site-packages/airflow/example_dags/example_kubernetes_executor.py
[2022-11-06T02:38:07.694+0200] {processor.py:756} INFO - Processing file /Users/mnagy99/opt/anaconda3/envs/airflow-env/lib/python3.8/site-packages/airflow/example_dags/example_kubernetes_executor.py for tasks to queue
[2022-11-06T02:38:07.695+0200] {logging_mixin.py:120} INFO - [2022-11-06T02:38:07.694+0200] {dagbag.py:537} INFO - Filling up the DagBag from /Users/mnagy99/opt/anaconda3/envs/airflow-env/lib/python3.8/site-packages/airflow/example_dags/example_kubernetes_executor.py
[2022-11-06T02:38:08.023+0200] {processor.py:766} INFO - DAG(s) dict_keys(['example_kubernetes_executor']) retrieved from /Users/mnagy99/opt/anaconda3/envs/airflow-env/lib/python3.8/site-packages/airflow/example_dags/example_kubernetes_executor.py
[2022-11-06T02:38:08.155+0200] {logging_mixin.py:120} INFO - [2022-11-06T02:38:08.155+0200] {dag.py:2585} INFO - Sync 1 DAGs
[2022-11-06T02:38:08.169+0200] {logging_mixin.py:120} INFO - [2022-11-06T02:38:08.169+0200] {dag.py:3336} INFO - Setting next_dagrun for example_kubernetes_executor to None, run_after=None
[2022-11-06T02:38:08.191+0200] {processor.py:176} INFO - Processing /Users/mnagy99/opt/anaconda3/envs/airflow-env/lib/python3.8/site-packages/airflow/example_dags/example_kubernetes_executor.py took 0.500 seconds
[2022-11-06T02:40:22.855+0200] {processor.py:154} INFO - Started process (PID=4461) to work on /Users/mnagy99/opt/anaconda3/envs/airflow-env/lib/python3.8/site-packages/airflow/example_dags/example_kubernetes_executor.py
[2022-11-06T02:40:22.858+0200] {processor.py:756} INFO - Processing file /Users/mnagy99/opt/anaconda3/envs/airflow-env/lib/python3.8/site-packages/airflow/example_dags/example_kubernetes_executor.py for tasks to queue
[2022-11-06T02:40:22.859+0200] {logging_mixin.py:120} INFO - [2022-11-06T02:40:22.859+0200] {dagbag.py:537} INFO - Filling up the DagBag from /Users/mnagy99/opt/anaconda3/envs/airflow-env/lib/python3.8/site-packages/airflow/example_dags/example_kubernetes_executor.py
[2022-11-06T02:40:23.199+0200] {processor.py:766} INFO - DAG(s) dict_keys(['example_kubernetes_executor']) retrieved from /Users/mnagy99/opt/anaconda3/envs/airflow-env/lib/python3.8/site-packages/airflow/example_dags/example_kubernetes_executor.py
[2022-11-06T02:40:23.333+0200] {logging_mixin.py:120} INFO - [2022-11-06T02:40:23.332+0200] {dag.py:2585} INFO - Sync 1 DAGs
[2022-11-06T02:40:23.346+0200] {logging_mixin.py:120} INFO - [2022-11-06T02:40:23.346+0200] {dag.py:3336} INFO - Setting next_dagrun for example_kubernetes_executor to None, run_after=None
[2022-11-06T02:40:23.364+0200] {processor.py:176} INFO - Processing /Users/mnagy99/opt/anaconda3/envs/airflow-env/lib/python3.8/site-packages/airflow/example_dags/example_kubernetes_executor.py took 0.509 seconds
[2022-11-06T02:42:48.094+0200] {processor.py:154} INFO - Started process (PID=4630) to work on /Users/mnagy99/opt/anaconda3/envs/airflow-env/lib/python3.8/site-packages/airflow/example_dags/example_kubernetes_executor.py
[2022-11-06T02:42:48.097+0200] {processor.py:756} INFO - Processing file /Users/mnagy99/opt/anaconda3/envs/airflow-env/lib/python3.8/site-packages/airflow/example_dags/example_kubernetes_executor.py for tasks to queue
[2022-11-06T02:42:48.098+0200] {logging_mixin.py:120} INFO - [2022-11-06T02:42:48.097+0200] {dagbag.py:537} INFO - Filling up the DagBag from /Users/mnagy99/opt/anaconda3/envs/airflow-env/lib/python3.8/site-packages/airflow/example_dags/example_kubernetes_executor.py
[2022-11-06T02:42:48.479+0200] {processor.py:766} INFO - DAG(s) dict_keys(['example_kubernetes_executor']) retrieved from /Users/mnagy99/opt/anaconda3/envs/airflow-env/lib/python3.8/site-packages/airflow/example_dags/example_kubernetes_executor.py
[2022-11-06T02:42:48.649+0200] {logging_mixin.py:120} INFO - [2022-11-06T02:42:48.649+0200] {dag.py:2585} INFO - Sync 1 DAGs
[2022-11-06T02:42:48.666+0200] {logging_mixin.py:120} INFO - [2022-11-06T02:42:48.665+0200] {dag.py:3336} INFO - Setting next_dagrun for example_kubernetes_executor to None, run_after=None
[2022-11-06T02:42:48.688+0200] {processor.py:176} INFO - Processing /Users/mnagy99/opt/anaconda3/envs/airflow-env/lib/python3.8/site-packages/airflow/example_dags/example_kubernetes_executor.py took 0.595 seconds
[2022-11-06T02:45:11.975+0200] {processor.py:154} INFO - Started process (PID=4766) to work on /Users/mnagy99/opt/anaconda3/envs/airflow-env/lib/python3.8/site-packages/airflow/example_dags/example_kubernetes_executor.py
[2022-11-06T02:45:11.978+0200] {processor.py:756} INFO - Processing file /Users/mnagy99/opt/anaconda3/envs/airflow-env/lib/python3.8/site-packages/airflow/example_dags/example_kubernetes_executor.py for tasks to queue
[2022-11-06T02:45:11.979+0200] {logging_mixin.py:120} INFO - [2022-11-06T02:45:11.978+0200] {dagbag.py:537} INFO - Filling up the DagBag from /Users/mnagy99/opt/anaconda3/envs/airflow-env/lib/python3.8/site-packages/airflow/example_dags/example_kubernetes_executor.py
[2022-11-06T02:45:12.315+0200] {processor.py:766} INFO - DAG(s) dict_keys(['example_kubernetes_executor']) retrieved from /Users/mnagy99/opt/anaconda3/envs/airflow-env/lib/python3.8/site-packages/airflow/example_dags/example_kubernetes_executor.py
[2022-11-06T02:45:12.454+0200] {logging_mixin.py:120} INFO - [2022-11-06T02:45:12.454+0200] {dag.py:2585} INFO - Sync 1 DAGs
[2022-11-06T02:45:12.467+0200] {logging_mixin.py:120} INFO - [2022-11-06T02:45:12.467+0200] {dag.py:3336} INFO - Setting next_dagrun for example_kubernetes_executor to None, run_after=None
[2022-11-06T02:45:12.488+0200] {processor.py:176} INFO - Processing /Users/mnagy99/opt/anaconda3/envs/airflow-env/lib/python3.8/site-packages/airflow/example_dags/example_kubernetes_executor.py took 0.514 seconds
[2022-11-06T02:47:26.498+0200] {processor.py:154} INFO - Started process (PID=4907) to work on /Users/mnagy99/opt/anaconda3/envs/airflow-env/lib/python3.8/site-packages/airflow/example_dags/example_kubernetes_executor.py
[2022-11-06T02:47:26.501+0200] {processor.py:756} INFO - Processing file /Users/mnagy99/opt/anaconda3/envs/airflow-env/lib/python3.8/site-packages/airflow/example_dags/example_kubernetes_executor.py for tasks to queue
[2022-11-06T02:47:26.501+0200] {logging_mixin.py:120} INFO - [2022-11-06T02:47:26.501+0200] {dagbag.py:537} INFO - Filling up the DagBag from /Users/mnagy99/opt/anaconda3/envs/airflow-env/lib/python3.8/site-packages/airflow/example_dags/example_kubernetes_executor.py
[2022-11-06T02:47:26.860+0200] {processor.py:766} INFO - DAG(s) dict_keys(['example_kubernetes_executor']) retrieved from /Users/mnagy99/opt/anaconda3/envs/airflow-env/lib/python3.8/site-packages/airflow/example_dags/example_kubernetes_executor.py
[2022-11-06T02:47:26.998+0200] {logging_mixin.py:120} INFO - [2022-11-06T02:47:26.998+0200] {dag.py:2585} INFO - Sync 1 DAGs
[2022-11-06T02:47:27.012+0200] {logging_mixin.py:120} INFO - [2022-11-06T02:47:27.012+0200] {dag.py:3336} INFO - Setting next_dagrun for example_kubernetes_executor to None, run_after=None
[2022-11-06T02:47:27.033+0200] {processor.py:176} INFO - Processing /Users/mnagy99/opt/anaconda3/envs/airflow-env/lib/python3.8/site-packages/airflow/example_dags/example_kubernetes_executor.py took 0.535 seconds
[2022-11-06T02:49:34.401+0200] {processor.py:154} INFO - Started process (PID=5029) to work on /Users/mnagy99/opt/anaconda3/envs/airflow-env/lib/python3.8/site-packages/airflow/example_dags/example_kubernetes_executor.py
[2022-11-06T02:49:34.405+0200] {processor.py:756} INFO - Processing file /Users/mnagy99/opt/anaconda3/envs/airflow-env/lib/python3.8/site-packages/airflow/example_dags/example_kubernetes_executor.py for tasks to queue
[2022-11-06T02:49:34.406+0200] {logging_mixin.py:120} INFO - [2022-11-06T02:49:34.406+0200] {dagbag.py:537} INFO - Filling up the DagBag from /Users/mnagy99/opt/anaconda3/envs/airflow-env/lib/python3.8/site-packages/airflow/example_dags/example_kubernetes_executor.py
[2022-11-06T02:49:34.741+0200] {processor.py:766} INFO - DAG(s) dict_keys(['example_kubernetes_executor']) retrieved from /Users/mnagy99/opt/anaconda3/envs/airflow-env/lib/python3.8/site-packages/airflow/example_dags/example_kubernetes_executor.py
[2022-11-06T02:49:34.876+0200] {logging_mixin.py:120} INFO - [2022-11-06T02:49:34.875+0200] {dag.py:2585} INFO - Sync 1 DAGs
[2022-11-06T02:49:34.889+0200] {logging_mixin.py:120} INFO - [2022-11-06T02:49:34.889+0200] {dag.py:3336} INFO - Setting next_dagrun for example_kubernetes_executor to None, run_after=None
[2022-11-06T02:49:34.908+0200] {processor.py:176} INFO - Processing /Users/mnagy99/opt/anaconda3/envs/airflow-env/lib/python3.8/site-packages/airflow/example_dags/example_kubernetes_executor.py took 0.507 seconds
[2022-11-06T02:51:38.057+0200] {processor.py:154} INFO - Started process (PID=5158) to work on /Users/mnagy99/opt/anaconda3/envs/airflow-env/lib/python3.8/site-packages/airflow/example_dags/example_kubernetes_executor.py
[2022-11-06T02:51:38.060+0200] {processor.py:756} INFO - Processing file /Users/mnagy99/opt/anaconda3/envs/airflow-env/lib/python3.8/site-packages/airflow/example_dags/example_kubernetes_executor.py for tasks to queue
[2022-11-06T02:51:38.060+0200] {logging_mixin.py:120} INFO - [2022-11-06T02:51:38.060+0200] {dagbag.py:537} INFO - Filling up the DagBag from /Users/mnagy99/opt/anaconda3/envs/airflow-env/lib/python3.8/site-packages/airflow/example_dags/example_kubernetes_executor.py
[2022-11-06T02:51:38.398+0200] {processor.py:766} INFO - DAG(s) dict_keys(['example_kubernetes_executor']) retrieved from /Users/mnagy99/opt/anaconda3/envs/airflow-env/lib/python3.8/site-packages/airflow/example_dags/example_kubernetes_executor.py
[2022-11-06T02:51:38.536+0200] {logging_mixin.py:120} INFO - [2022-11-06T02:51:38.535+0200] {dag.py:2585} INFO - Sync 1 DAGs
[2022-11-06T02:51:38.549+0200] {logging_mixin.py:120} INFO - [2022-11-06T02:51:38.549+0200] {dag.py:3336} INFO - Setting next_dagrun for example_kubernetes_executor to None, run_after=None
[2022-11-06T02:51:38.568+0200] {processor.py:176} INFO - Processing /Users/mnagy99/opt/anaconda3/envs/airflow-env/lib/python3.8/site-packages/airflow/example_dags/example_kubernetes_executor.py took 0.511 seconds
[2022-11-06T02:53:43.410+0200] {processor.py:154} INFO - Started process (PID=5279) to work on /Users/mnagy99/opt/anaconda3/envs/airflow-env/lib/python3.8/site-packages/airflow/example_dags/example_kubernetes_executor.py
[2022-11-06T02:53:43.413+0200] {processor.py:756} INFO - Processing file /Users/mnagy99/opt/anaconda3/envs/airflow-env/lib/python3.8/site-packages/airflow/example_dags/example_kubernetes_executor.py for tasks to queue
[2022-11-06T02:53:43.414+0200] {logging_mixin.py:120} INFO - [2022-11-06T02:53:43.413+0200] {dagbag.py:537} INFO - Filling up the DagBag from /Users/mnagy99/opt/anaconda3/envs/airflow-env/lib/python3.8/site-packages/airflow/example_dags/example_kubernetes_executor.py
[2022-11-06T02:53:43.746+0200] {processor.py:766} INFO - DAG(s) dict_keys(['example_kubernetes_executor']) retrieved from /Users/mnagy99/opt/anaconda3/envs/airflow-env/lib/python3.8/site-packages/airflow/example_dags/example_kubernetes_executor.py
[2022-11-06T02:53:43.876+0200] {logging_mixin.py:120} INFO - [2022-11-06T02:53:43.876+0200] {dag.py:2585} INFO - Sync 1 DAGs
[2022-11-06T02:53:43.890+0200] {logging_mixin.py:120} INFO - [2022-11-06T02:53:43.890+0200] {dag.py:3336} INFO - Setting next_dagrun for example_kubernetes_executor to None, run_after=None
[2022-11-06T02:53:43.908+0200] {processor.py:176} INFO - Processing /Users/mnagy99/opt/anaconda3/envs/airflow-env/lib/python3.8/site-packages/airflow/example_dags/example_kubernetes_executor.py took 0.499 seconds
[2022-11-06T02:55:53.567+0200] {processor.py:154} INFO - Started process (PID=5405) to work on /Users/mnagy99/opt/anaconda3/envs/airflow-env/lib/python3.8/site-packages/airflow/example_dags/example_kubernetes_executor.py
[2022-11-06T02:55:53.570+0200] {processor.py:756} INFO - Processing file /Users/mnagy99/opt/anaconda3/envs/airflow-env/lib/python3.8/site-packages/airflow/example_dags/example_kubernetes_executor.py for tasks to queue
[2022-11-06T02:55:53.571+0200] {logging_mixin.py:120} INFO - [2022-11-06T02:55:53.571+0200] {dagbag.py:537} INFO - Filling up the DagBag from /Users/mnagy99/opt/anaconda3/envs/airflow-env/lib/python3.8/site-packages/airflow/example_dags/example_kubernetes_executor.py
[2022-11-06T02:55:53.924+0200] {processor.py:766} INFO - DAG(s) dict_keys(['example_kubernetes_executor']) retrieved from /Users/mnagy99/opt/anaconda3/envs/airflow-env/lib/python3.8/site-packages/airflow/example_dags/example_kubernetes_executor.py
[2022-11-06T02:55:54.084+0200] {logging_mixin.py:120} INFO - [2022-11-06T02:55:54.084+0200] {dag.py:2585} INFO - Sync 1 DAGs
[2022-11-06T02:55:54.102+0200] {logging_mixin.py:120} INFO - [2022-11-06T02:55:54.102+0200] {dag.py:3336} INFO - Setting next_dagrun for example_kubernetes_executor to None, run_after=None
[2022-11-06T02:55:54.117+0200] {processor.py:176} INFO - Processing /Users/mnagy99/opt/anaconda3/envs/airflow-env/lib/python3.8/site-packages/airflow/example_dags/example_kubernetes_executor.py took 0.550 seconds
[2022-11-06T02:58:10.666+0200] {processor.py:154} INFO - Started process (PID=5553) to work on /Users/mnagy99/opt/anaconda3/envs/airflow-env/lib/python3.8/site-packages/airflow/example_dags/example_kubernetes_executor.py
[2022-11-06T02:58:10.668+0200] {processor.py:756} INFO - Processing file /Users/mnagy99/opt/anaconda3/envs/airflow-env/lib/python3.8/site-packages/airflow/example_dags/example_kubernetes_executor.py for tasks to queue
[2022-11-06T02:58:10.668+0200] {logging_mixin.py:120} INFO - [2022-11-06T02:58:10.668+0200] {dagbag.py:537} INFO - Filling up the DagBag from /Users/mnagy99/opt/anaconda3/envs/airflow-env/lib/python3.8/site-packages/airflow/example_dags/example_kubernetes_executor.py
[2022-11-06T02:58:11.015+0200] {processor.py:766} INFO - DAG(s) dict_keys(['example_kubernetes_executor']) retrieved from /Users/mnagy99/opt/anaconda3/envs/airflow-env/lib/python3.8/site-packages/airflow/example_dags/example_kubernetes_executor.py
[2022-11-06T02:58:11.153+0200] {logging_mixin.py:120} INFO - [2022-11-06T02:58:11.153+0200] {dag.py:2585} INFO - Sync 1 DAGs
[2022-11-06T02:58:11.167+0200] {logging_mixin.py:120} INFO - [2022-11-06T02:58:11.167+0200] {dag.py:3336} INFO - Setting next_dagrun for example_kubernetes_executor to None, run_after=None
[2022-11-06T02:58:11.188+0200] {processor.py:176} INFO - Processing /Users/mnagy99/opt/anaconda3/envs/airflow-env/lib/python3.8/site-packages/airflow/example_dags/example_kubernetes_executor.py took 0.522 seconds
[2022-11-06T03:00:30.288+0200] {processor.py:154} INFO - Started process (PID=5691) to work on /Users/mnagy99/opt/anaconda3/envs/airflow-env/lib/python3.8/site-packages/airflow/example_dags/example_kubernetes_executor.py
[2022-11-06T03:00:30.290+0200] {processor.py:756} INFO - Processing file /Users/mnagy99/opt/anaconda3/envs/airflow-env/lib/python3.8/site-packages/airflow/example_dags/example_kubernetes_executor.py for tasks to queue
[2022-11-06T03:00:30.290+0200] {logging_mixin.py:120} INFO - [2022-11-06T03:00:30.290+0200] {dagbag.py:537} INFO - Filling up the DagBag from /Users/mnagy99/opt/anaconda3/envs/airflow-env/lib/python3.8/site-packages/airflow/example_dags/example_kubernetes_executor.py
[2022-11-06T03:00:30.647+0200] {processor.py:766} INFO - DAG(s) dict_keys(['example_kubernetes_executor']) retrieved from /Users/mnagy99/opt/anaconda3/envs/airflow-env/lib/python3.8/site-packages/airflow/example_dags/example_kubernetes_executor.py
[2022-11-06T03:00:30.796+0200] {logging_mixin.py:120} INFO - [2022-11-06T03:00:30.795+0200] {dag.py:2585} INFO - Sync 1 DAGs
[2022-11-06T03:00:30.810+0200] {logging_mixin.py:120} INFO - [2022-11-06T03:00:30.810+0200] {dag.py:3336} INFO - Setting next_dagrun for example_kubernetes_executor to None, run_after=None
[2022-11-06T03:00:30.828+0200] {processor.py:176} INFO - Processing /Users/mnagy99/opt/anaconda3/envs/airflow-env/lib/python3.8/site-packages/airflow/example_dags/example_kubernetes_executor.py took 0.541 seconds
[2022-11-06T03:03:14.029+0200] {processor.py:154} INFO - Started process (PID=5833) to work on /Users/mnagy99/opt/anaconda3/envs/airflow-env/lib/python3.8/site-packages/airflow/example_dags/example_kubernetes_executor.py
[2022-11-06T03:03:14.032+0200] {processor.py:756} INFO - Processing file /Users/mnagy99/opt/anaconda3/envs/airflow-env/lib/python3.8/site-packages/airflow/example_dags/example_kubernetes_executor.py for tasks to queue
[2022-11-06T03:03:14.032+0200] {logging_mixin.py:120} INFO - [2022-11-06T03:03:14.032+0200] {dagbag.py:537} INFO - Filling up the DagBag from /Users/mnagy99/opt/anaconda3/envs/airflow-env/lib/python3.8/site-packages/airflow/example_dags/example_kubernetes_executor.py
[2022-11-06T03:03:14.391+0200] {processor.py:766} INFO - DAG(s) dict_keys(['example_kubernetes_executor']) retrieved from /Users/mnagy99/opt/anaconda3/envs/airflow-env/lib/python3.8/site-packages/airflow/example_dags/example_kubernetes_executor.py
[2022-11-06T03:03:14.523+0200] {logging_mixin.py:120} INFO - [2022-11-06T03:03:14.523+0200] {dag.py:2585} INFO - Sync 1 DAGs
[2022-11-06T03:03:14.537+0200] {logging_mixin.py:120} INFO - [2022-11-06T03:03:14.537+0200] {dag.py:3336} INFO - Setting next_dagrun for example_kubernetes_executor to None, run_after=None
[2022-11-06T03:03:14.557+0200] {processor.py:176} INFO - Processing /Users/mnagy99/opt/anaconda3/envs/airflow-env/lib/python3.8/site-packages/airflow/example_dags/example_kubernetes_executor.py took 0.529 seconds
[2022-11-06T03:05:32.020+0200] {processor.py:154} INFO - Started process (PID=5967) to work on /Users/mnagy99/opt/anaconda3/envs/airflow-env/lib/python3.8/site-packages/airflow/example_dags/example_kubernetes_executor.py
[2022-11-06T03:05:32.022+0200] {processor.py:756} INFO - Processing file /Users/mnagy99/opt/anaconda3/envs/airflow-env/lib/python3.8/site-packages/airflow/example_dags/example_kubernetes_executor.py for tasks to queue
[2022-11-06T03:05:32.023+0200] {logging_mixin.py:120} INFO - [2022-11-06T03:05:32.023+0200] {dagbag.py:537} INFO - Filling up the DagBag from /Users/mnagy99/opt/anaconda3/envs/airflow-env/lib/python3.8/site-packages/airflow/example_dags/example_kubernetes_executor.py
[2022-11-06T03:05:32.358+0200] {processor.py:766} INFO - DAG(s) dict_keys(['example_kubernetes_executor']) retrieved from /Users/mnagy99/opt/anaconda3/envs/airflow-env/lib/python3.8/site-packages/airflow/example_dags/example_kubernetes_executor.py
[2022-11-06T03:05:32.502+0200] {logging_mixin.py:120} INFO - [2022-11-06T03:05:32.502+0200] {dag.py:2585} INFO - Sync 1 DAGs
[2022-11-06T03:05:32.517+0200] {logging_mixin.py:120} INFO - [2022-11-06T03:05:32.517+0200] {dag.py:3336} INFO - Setting next_dagrun for example_kubernetes_executor to None, run_after=None
[2022-11-06T03:05:32.537+0200] {processor.py:176} INFO - Processing /Users/mnagy99/opt/anaconda3/envs/airflow-env/lib/python3.8/site-packages/airflow/example_dags/example_kubernetes_executor.py took 0.518 seconds
[2022-11-06T03:07:49.731+0200] {processor.py:154} INFO - Started process (PID=6101) to work on /Users/mnagy99/opt/anaconda3/envs/airflow-env/lib/python3.8/site-packages/airflow/example_dags/example_kubernetes_executor.py
[2022-11-06T03:07:49.733+0200] {processor.py:756} INFO - Processing file /Users/mnagy99/opt/anaconda3/envs/airflow-env/lib/python3.8/site-packages/airflow/example_dags/example_kubernetes_executor.py for tasks to queue
[2022-11-06T03:07:49.734+0200] {logging_mixin.py:120} INFO - [2022-11-06T03:07:49.734+0200] {dagbag.py:537} INFO - Filling up the DagBag from /Users/mnagy99/opt/anaconda3/envs/airflow-env/lib/python3.8/site-packages/airflow/example_dags/example_kubernetes_executor.py
[2022-11-06T03:07:50.065+0200] {processor.py:766} INFO - DAG(s) dict_keys(['example_kubernetes_executor']) retrieved from /Users/mnagy99/opt/anaconda3/envs/airflow-env/lib/python3.8/site-packages/airflow/example_dags/example_kubernetes_executor.py
[2022-11-06T03:07:50.199+0200] {logging_mixin.py:120} INFO - [2022-11-06T03:07:50.199+0200] {dag.py:2585} INFO - Sync 1 DAGs
[2022-11-06T03:07:50.213+0200] {logging_mixin.py:120} INFO - [2022-11-06T03:07:50.212+0200] {dag.py:3336} INFO - Setting next_dagrun for example_kubernetes_executor to None, run_after=None
[2022-11-06T03:07:50.231+0200] {processor.py:176} INFO - Processing /Users/mnagy99/opt/anaconda3/envs/airflow-env/lib/python3.8/site-packages/airflow/example_dags/example_kubernetes_executor.py took 0.501 seconds
[2022-11-06T03:09:58.567+0200] {processor.py:154} INFO - Started process (PID=6238) to work on /Users/mnagy99/opt/anaconda3/envs/airflow-env/lib/python3.8/site-packages/airflow/example_dags/example_kubernetes_executor.py
[2022-11-06T03:09:58.569+0200] {processor.py:756} INFO - Processing file /Users/mnagy99/opt/anaconda3/envs/airflow-env/lib/python3.8/site-packages/airflow/example_dags/example_kubernetes_executor.py for tasks to queue
[2022-11-06T03:09:58.570+0200] {logging_mixin.py:120} INFO - [2022-11-06T03:09:58.570+0200] {dagbag.py:537} INFO - Filling up the DagBag from /Users/mnagy99/opt/anaconda3/envs/airflow-env/lib/python3.8/site-packages/airflow/example_dags/example_kubernetes_executor.py
[2022-11-06T03:09:58.931+0200] {processor.py:766} INFO - DAG(s) dict_keys(['example_kubernetes_executor']) retrieved from /Users/mnagy99/opt/anaconda3/envs/airflow-env/lib/python3.8/site-packages/airflow/example_dags/example_kubernetes_executor.py
[2022-11-06T03:09:59.068+0200] {logging_mixin.py:120} INFO - [2022-11-06T03:09:59.068+0200] {dag.py:2585} INFO - Sync 1 DAGs
[2022-11-06T03:09:59.081+0200] {logging_mixin.py:120} INFO - [2022-11-06T03:09:59.081+0200] {dag.py:3336} INFO - Setting next_dagrun for example_kubernetes_executor to None, run_after=None
[2022-11-06T03:09:59.101+0200] {processor.py:176} INFO - Processing /Users/mnagy99/opt/anaconda3/envs/airflow-env/lib/python3.8/site-packages/airflow/example_dags/example_kubernetes_executor.py took 0.535 seconds
[2022-11-06T03:11:59.397+0200] {processor.py:154} INFO - Started process (PID=6364) to work on /Users/mnagy99/opt/anaconda3/envs/airflow-env/lib/python3.8/site-packages/airflow/example_dags/example_kubernetes_executor.py
[2022-11-06T03:11:59.397+0200] {processor.py:756} INFO - Processing file /Users/mnagy99/opt/anaconda3/envs/airflow-env/lib/python3.8/site-packages/airflow/example_dags/example_kubernetes_executor.py for tasks to queue
[2022-11-06T03:11:59.398+0200] {logging_mixin.py:120} INFO - [2022-11-06T03:11:59.398+0200] {dagbag.py:537} INFO - Filling up the DagBag from /Users/mnagy99/opt/anaconda3/envs/airflow-env/lib/python3.8/site-packages/airflow/example_dags/example_kubernetes_executor.py
[2022-11-06T03:11:59.737+0200] {processor.py:766} INFO - DAG(s) dict_keys(['example_kubernetes_executor']) retrieved from /Users/mnagy99/opt/anaconda3/envs/airflow-env/lib/python3.8/site-packages/airflow/example_dags/example_kubernetes_executor.py
[2022-11-06T03:11:59.870+0200] {logging_mixin.py:120} INFO - [2022-11-06T03:11:59.870+0200] {dag.py:2585} INFO - Sync 1 DAGs
[2022-11-06T03:11:59.884+0200] {logging_mixin.py:120} INFO - [2022-11-06T03:11:59.883+0200] {dag.py:3336} INFO - Setting next_dagrun for example_kubernetes_executor to None, run_after=None
[2022-11-06T03:11:59.903+0200] {processor.py:176} INFO - Processing /Users/mnagy99/opt/anaconda3/envs/airflow-env/lib/python3.8/site-packages/airflow/example_dags/example_kubernetes_executor.py took 0.507 seconds
[2022-11-06T03:14:09.289+0200] {processor.py:154} INFO - Started process (PID=6492) to work on /Users/mnagy99/opt/anaconda3/envs/airflow-env/lib/python3.8/site-packages/airflow/example_dags/example_kubernetes_executor.py
[2022-11-06T03:14:09.292+0200] {processor.py:756} INFO - Processing file /Users/mnagy99/opt/anaconda3/envs/airflow-env/lib/python3.8/site-packages/airflow/example_dags/example_kubernetes_executor.py for tasks to queue
[2022-11-06T03:14:09.293+0200] {logging_mixin.py:120} INFO - [2022-11-06T03:14:09.292+0200] {dagbag.py:537} INFO - Filling up the DagBag from /Users/mnagy99/opt/anaconda3/envs/airflow-env/lib/python3.8/site-packages/airflow/example_dags/example_kubernetes_executor.py
[2022-11-06T03:14:09.621+0200] {processor.py:766} INFO - DAG(s) dict_keys(['example_kubernetes_executor']) retrieved from /Users/mnagy99/opt/anaconda3/envs/airflow-env/lib/python3.8/site-packages/airflow/example_dags/example_kubernetes_executor.py
[2022-11-06T03:14:09.753+0200] {logging_mixin.py:120} INFO - [2022-11-06T03:14:09.753+0200] {dag.py:2585} INFO - Sync 1 DAGs
[2022-11-06T03:14:09.767+0200] {logging_mixin.py:120} INFO - [2022-11-06T03:14:09.767+0200] {dag.py:3336} INFO - Setting next_dagrun for example_kubernetes_executor to None, run_after=None
[2022-11-06T03:14:09.785+0200] {processor.py:176} INFO - Processing /Users/mnagy99/opt/anaconda3/envs/airflow-env/lib/python3.8/site-packages/airflow/example_dags/example_kubernetes_executor.py took 0.496 seconds
[2022-11-06T03:16:07.366+0200] {processor.py:154} INFO - Started process (PID=6620) to work on /Users/mnagy99/opt/anaconda3/envs/airflow-env/lib/python3.8/site-packages/airflow/example_dags/example_kubernetes_executor.py
[2022-11-06T03:16:07.369+0200] {processor.py:756} INFO - Processing file /Users/mnagy99/opt/anaconda3/envs/airflow-env/lib/python3.8/site-packages/airflow/example_dags/example_kubernetes_executor.py for tasks to queue
[2022-11-06T03:16:07.369+0200] {logging_mixin.py:120} INFO - [2022-11-06T03:16:07.369+0200] {dagbag.py:537} INFO - Filling up the DagBag from /Users/mnagy99/opt/anaconda3/envs/airflow-env/lib/python3.8/site-packages/airflow/example_dags/example_kubernetes_executor.py
[2022-11-06T03:16:07.818+0200] {processor.py:766} INFO - DAG(s) dict_keys(['example_kubernetes_executor']) retrieved from /Users/mnagy99/opt/anaconda3/envs/airflow-env/lib/python3.8/site-packages/airflow/example_dags/example_kubernetes_executor.py
[2022-11-06T03:16:07.993+0200] {logging_mixin.py:120} INFO - [2022-11-06T03:16:07.993+0200] {dag.py:2585} INFO - Sync 1 DAGs
[2022-11-06T03:16:08.007+0200] {logging_mixin.py:120} INFO - [2022-11-06T03:16:08.007+0200] {dag.py:3336} INFO - Setting next_dagrun for example_kubernetes_executor to None, run_after=None
[2022-11-06T03:16:08.023+0200] {processor.py:176} INFO - Processing /Users/mnagy99/opt/anaconda3/envs/airflow-env/lib/python3.8/site-packages/airflow/example_dags/example_kubernetes_executor.py took 0.659 seconds
[2022-11-06T03:18:04.441+0200] {processor.py:154} INFO - Started process (PID=6755) to work on /Users/mnagy99/opt/anaconda3/envs/airflow-env/lib/python3.8/site-packages/airflow/example_dags/example_kubernetes_executor.py
[2022-11-06T03:18:04.444+0200] {processor.py:756} INFO - Processing file /Users/mnagy99/opt/anaconda3/envs/airflow-env/lib/python3.8/site-packages/airflow/example_dags/example_kubernetes_executor.py for tasks to queue
[2022-11-06T03:18:04.444+0200] {logging_mixin.py:120} INFO - [2022-11-06T03:18:04.444+0200] {dagbag.py:537} INFO - Filling up the DagBag from /Users/mnagy99/opt/anaconda3/envs/airflow-env/lib/python3.8/site-packages/airflow/example_dags/example_kubernetes_executor.py
[2022-11-06T03:18:04.786+0200] {processor.py:766} INFO - DAG(s) dict_keys(['example_kubernetes_executor']) retrieved from /Users/mnagy99/opt/anaconda3/envs/airflow-env/lib/python3.8/site-packages/airflow/example_dags/example_kubernetes_executor.py
[2022-11-06T03:18:04.925+0200] {logging_mixin.py:120} INFO - [2022-11-06T03:18:04.925+0200] {dag.py:2585} INFO - Sync 1 DAGs
[2022-11-06T03:18:04.939+0200] {logging_mixin.py:120} INFO - [2022-11-06T03:18:04.939+0200] {dag.py:3336} INFO - Setting next_dagrun for example_kubernetes_executor to None, run_after=None
[2022-11-06T03:18:04.956+0200] {processor.py:176} INFO - Processing /Users/mnagy99/opt/anaconda3/envs/airflow-env/lib/python3.8/site-packages/airflow/example_dags/example_kubernetes_executor.py took 0.516 seconds
[2022-11-06T03:20:03.135+0200] {processor.py:154} INFO - Started process (PID=6877) to work on /Users/mnagy99/opt/anaconda3/envs/airflow-env/lib/python3.8/site-packages/airflow/example_dags/example_kubernetes_executor.py
[2022-11-06T03:20:03.136+0200] {processor.py:756} INFO - Processing file /Users/mnagy99/opt/anaconda3/envs/airflow-env/lib/python3.8/site-packages/airflow/example_dags/example_kubernetes_executor.py for tasks to queue
[2022-11-06T03:20:03.136+0200] {logging_mixin.py:120} INFO - [2022-11-06T03:20:03.136+0200] {dagbag.py:537} INFO - Filling up the DagBag from /Users/mnagy99/opt/anaconda3/envs/airflow-env/lib/python3.8/site-packages/airflow/example_dags/example_kubernetes_executor.py
[2022-11-06T03:20:03.489+0200] {processor.py:766} INFO - DAG(s) dict_keys(['example_kubernetes_executor']) retrieved from /Users/mnagy99/opt/anaconda3/envs/airflow-env/lib/python3.8/site-packages/airflow/example_dags/example_kubernetes_executor.py
[2022-11-06T03:20:03.640+0200] {logging_mixin.py:120} INFO - [2022-11-06T03:20:03.640+0200] {dag.py:2585} INFO - Sync 1 DAGs
[2022-11-06T03:20:03.654+0200] {logging_mixin.py:120} INFO - [2022-11-06T03:20:03.654+0200] {dag.py:3336} INFO - Setting next_dagrun for example_kubernetes_executor to None, run_after=None
[2022-11-06T03:20:03.673+0200] {processor.py:176} INFO - Processing /Users/mnagy99/opt/anaconda3/envs/airflow-env/lib/python3.8/site-packages/airflow/example_dags/example_kubernetes_executor.py took 0.538 seconds
[2022-11-06T03:22:03.016+0200] {processor.py:154} INFO - Started process (PID=7002) to work on /Users/mnagy99/opt/anaconda3/envs/airflow-env/lib/python3.8/site-packages/airflow/example_dags/example_kubernetes_executor.py
[2022-11-06T03:22:03.017+0200] {processor.py:756} INFO - Processing file /Users/mnagy99/opt/anaconda3/envs/airflow-env/lib/python3.8/site-packages/airflow/example_dags/example_kubernetes_executor.py for tasks to queue
[2022-11-06T03:22:03.017+0200] {logging_mixin.py:120} INFO - [2022-11-06T03:22:03.017+0200] {dagbag.py:537} INFO - Filling up the DagBag from /Users/mnagy99/opt/anaconda3/envs/airflow-env/lib/python3.8/site-packages/airflow/example_dags/example_kubernetes_executor.py
[2022-11-06T03:22:03.352+0200] {processor.py:766} INFO - DAG(s) dict_keys(['example_kubernetes_executor']) retrieved from /Users/mnagy99/opt/anaconda3/envs/airflow-env/lib/python3.8/site-packages/airflow/example_dags/example_kubernetes_executor.py
[2022-11-06T03:22:03.488+0200] {logging_mixin.py:120} INFO - [2022-11-06T03:22:03.488+0200] {dag.py:2585} INFO - Sync 1 DAGs
[2022-11-06T03:22:03.502+0200] {logging_mixin.py:120} INFO - [2022-11-06T03:22:03.501+0200] {dag.py:3336} INFO - Setting next_dagrun for example_kubernetes_executor to None, run_after=None
[2022-11-06T03:22:03.521+0200] {processor.py:176} INFO - Processing /Users/mnagy99/opt/anaconda3/envs/airflow-env/lib/python3.8/site-packages/airflow/example_dags/example_kubernetes_executor.py took 0.506 seconds
[2022-11-06T03:24:07.070+0200] {processor.py:154} INFO - Started process (PID=7131) to work on /Users/mnagy99/opt/anaconda3/envs/airflow-env/lib/python3.8/site-packages/airflow/example_dags/example_kubernetes_executor.py
[2022-11-06T03:24:07.073+0200] {processor.py:756} INFO - Processing file /Users/mnagy99/opt/anaconda3/envs/airflow-env/lib/python3.8/site-packages/airflow/example_dags/example_kubernetes_executor.py for tasks to queue
[2022-11-06T03:24:07.074+0200] {logging_mixin.py:120} INFO - [2022-11-06T03:24:07.074+0200] {dagbag.py:537} INFO - Filling up the DagBag from /Users/mnagy99/opt/anaconda3/envs/airflow-env/lib/python3.8/site-packages/airflow/example_dags/example_kubernetes_executor.py
[2022-11-06T03:24:07.425+0200] {processor.py:766} INFO - DAG(s) dict_keys(['example_kubernetes_executor']) retrieved from /Users/mnagy99/opt/anaconda3/envs/airflow-env/lib/python3.8/site-packages/airflow/example_dags/example_kubernetes_executor.py
[2022-11-06T03:24:07.565+0200] {logging_mixin.py:120} INFO - [2022-11-06T03:24:07.564+0200] {dag.py:2585} INFO - Sync 1 DAGs
[2022-11-06T03:24:07.582+0200] {logging_mixin.py:120} INFO - [2022-11-06T03:24:07.582+0200] {dag.py:3336} INFO - Setting next_dagrun for example_kubernetes_executor to None, run_after=None
[2022-11-06T03:24:07.606+0200] {processor.py:176} INFO - Processing /Users/mnagy99/opt/anaconda3/envs/airflow-env/lib/python3.8/site-packages/airflow/example_dags/example_kubernetes_executor.py took 0.537 seconds
[2022-11-06T03:26:01.706+0200] {processor.py:154} INFO - Started process (PID=7264) to work on /Users/mnagy99/opt/anaconda3/envs/airflow-env/lib/python3.8/site-packages/airflow/example_dags/example_kubernetes_executor.py
[2022-11-06T03:26:01.707+0200] {processor.py:756} INFO - Processing file /Users/mnagy99/opt/anaconda3/envs/airflow-env/lib/python3.8/site-packages/airflow/example_dags/example_kubernetes_executor.py for tasks to queue
[2022-11-06T03:26:01.708+0200] {logging_mixin.py:120} INFO - [2022-11-06T03:26:01.708+0200] {dagbag.py:537} INFO - Filling up the DagBag from /Users/mnagy99/opt/anaconda3/envs/airflow-env/lib/python3.8/site-packages/airflow/example_dags/example_kubernetes_executor.py
[2022-11-06T03:26:02.296+0200] {processor.py:766} INFO - DAG(s) dict_keys(['example_kubernetes_executor']) retrieved from /Users/mnagy99/opt/anaconda3/envs/airflow-env/lib/python3.8/site-packages/airflow/example_dags/example_kubernetes_executor.py
[2022-11-06T03:26:02.591+0200] {logging_mixin.py:120} INFO - [2022-11-06T03:26:02.590+0200] {dag.py:2585} INFO - Sync 1 DAGs
[2022-11-06T03:26:02.623+0200] {logging_mixin.py:120} INFO - [2022-11-06T03:26:02.623+0200] {dag.py:3336} INFO - Setting next_dagrun for example_kubernetes_executor to None, run_after=None
[2022-11-06T03:26:02.650+0200] {processor.py:176} INFO - Processing /Users/mnagy99/opt/anaconda3/envs/airflow-env/lib/python3.8/site-packages/airflow/example_dags/example_kubernetes_executor.py took 0.945 seconds
[2022-11-06T03:28:03.189+0200] {processor.py:154} INFO - Started process (PID=7401) to work on /Users/mnagy99/opt/anaconda3/envs/airflow-env/lib/python3.8/site-packages/airflow/example_dags/example_kubernetes_executor.py
[2022-11-06T03:28:03.192+0200] {processor.py:756} INFO - Processing file /Users/mnagy99/opt/anaconda3/envs/airflow-env/lib/python3.8/site-packages/airflow/example_dags/example_kubernetes_executor.py for tasks to queue
[2022-11-06T03:28:03.193+0200] {logging_mixin.py:120} INFO - [2022-11-06T03:28:03.193+0200] {dagbag.py:537} INFO - Filling up the DagBag from /Users/mnagy99/opt/anaconda3/envs/airflow-env/lib/python3.8/site-packages/airflow/example_dags/example_kubernetes_executor.py
[2022-11-06T03:28:03.528+0200] {processor.py:766} INFO - DAG(s) dict_keys(['example_kubernetes_executor']) retrieved from /Users/mnagy99/opt/anaconda3/envs/airflow-env/lib/python3.8/site-packages/airflow/example_dags/example_kubernetes_executor.py
[2022-11-06T03:28:03.661+0200] {logging_mixin.py:120} INFO - [2022-11-06T03:28:03.660+0200] {dag.py:2585} INFO - Sync 1 DAGs
[2022-11-06T03:28:03.674+0200] {logging_mixin.py:120} INFO - [2022-11-06T03:28:03.674+0200] {dag.py:3336} INFO - Setting next_dagrun for example_kubernetes_executor to None, run_after=None
[2022-11-06T03:28:03.692+0200] {processor.py:176} INFO - Processing /Users/mnagy99/opt/anaconda3/envs/airflow-env/lib/python3.8/site-packages/airflow/example_dags/example_kubernetes_executor.py took 0.503 seconds
[2022-11-06T03:30:05.760+0200] {processor.py:154} INFO - Started process (PID=7526) to work on /Users/mnagy99/opt/anaconda3/envs/airflow-env/lib/python3.8/site-packages/airflow/example_dags/example_kubernetes_executor.py
[2022-11-06T03:30:05.762+0200] {processor.py:756} INFO - Processing file /Users/mnagy99/opt/anaconda3/envs/airflow-env/lib/python3.8/site-packages/airflow/example_dags/example_kubernetes_executor.py for tasks to queue
[2022-11-06T03:30:05.762+0200] {logging_mixin.py:120} INFO - [2022-11-06T03:30:05.762+0200] {dagbag.py:537} INFO - Filling up the DagBag from /Users/mnagy99/opt/anaconda3/envs/airflow-env/lib/python3.8/site-packages/airflow/example_dags/example_kubernetes_executor.py
[2022-11-06T03:30:06.101+0200] {processor.py:766} INFO - DAG(s) dict_keys(['example_kubernetes_executor']) retrieved from /Users/mnagy99/opt/anaconda3/envs/airflow-env/lib/python3.8/site-packages/airflow/example_dags/example_kubernetes_executor.py
[2022-11-06T03:30:06.234+0200] {logging_mixin.py:120} INFO - [2022-11-06T03:30:06.233+0200] {dag.py:2585} INFO - Sync 1 DAGs
[2022-11-06T03:30:06.247+0200] {logging_mixin.py:120} INFO - [2022-11-06T03:30:06.247+0200] {dag.py:3336} INFO - Setting next_dagrun for example_kubernetes_executor to None, run_after=None
[2022-11-06T03:30:06.267+0200] {processor.py:176} INFO - Processing /Users/mnagy99/opt/anaconda3/envs/airflow-env/lib/python3.8/site-packages/airflow/example_dags/example_kubernetes_executor.py took 0.508 seconds
[2022-11-06T03:32:06.778+0200] {processor.py:154} INFO - Started process (PID=7653) to work on /Users/mnagy99/opt/anaconda3/envs/airflow-env/lib/python3.8/site-packages/airflow/example_dags/example_kubernetes_executor.py
[2022-11-06T03:32:06.782+0200] {processor.py:756} INFO - Processing file /Users/mnagy99/opt/anaconda3/envs/airflow-env/lib/python3.8/site-packages/airflow/example_dags/example_kubernetes_executor.py for tasks to queue
[2022-11-06T03:32:06.782+0200] {logging_mixin.py:120} INFO - [2022-11-06T03:32:06.782+0200] {dagbag.py:537} INFO - Filling up the DagBag from /Users/mnagy99/opt/anaconda3/envs/airflow-env/lib/python3.8/site-packages/airflow/example_dags/example_kubernetes_executor.py
[2022-11-06T03:32:07.134+0200] {processor.py:766} INFO - DAG(s) dict_keys(['example_kubernetes_executor']) retrieved from /Users/mnagy99/opt/anaconda3/envs/airflow-env/lib/python3.8/site-packages/airflow/example_dags/example_kubernetes_executor.py
[2022-11-06T03:32:07.290+0200] {logging_mixin.py:120} INFO - [2022-11-06T03:32:07.289+0200] {dag.py:2585} INFO - Sync 1 DAGs
[2022-11-06T03:32:07.304+0200] {logging_mixin.py:120} INFO - [2022-11-06T03:32:07.304+0200] {dag.py:3336} INFO - Setting next_dagrun for example_kubernetes_executor to None, run_after=None
[2022-11-06T03:32:07.325+0200] {processor.py:176} INFO - Processing /Users/mnagy99/opt/anaconda3/envs/airflow-env/lib/python3.8/site-packages/airflow/example_dags/example_kubernetes_executor.py took 0.548 seconds
[2022-11-06T03:34:18.435+0200] {processor.py:154} INFO - Started process (PID=7792) to work on /Users/mnagy99/opt/anaconda3/envs/airflow-env/lib/python3.8/site-packages/airflow/example_dags/example_kubernetes_executor.py
[2022-11-06T03:34:18.435+0200] {processor.py:756} INFO - Processing file /Users/mnagy99/opt/anaconda3/envs/airflow-env/lib/python3.8/site-packages/airflow/example_dags/example_kubernetes_executor.py for tasks to queue
[2022-11-06T03:34:18.436+0200] {logging_mixin.py:120} INFO - [2022-11-06T03:34:18.436+0200] {dagbag.py:537} INFO - Filling up the DagBag from /Users/mnagy99/opt/anaconda3/envs/airflow-env/lib/python3.8/site-packages/airflow/example_dags/example_kubernetes_executor.py
[2022-11-06T03:34:18.777+0200] {processor.py:766} INFO - DAG(s) dict_keys(['example_kubernetes_executor']) retrieved from /Users/mnagy99/opt/anaconda3/envs/airflow-env/lib/python3.8/site-packages/airflow/example_dags/example_kubernetes_executor.py
[2022-11-06T03:34:18.926+0200] {logging_mixin.py:120} INFO - [2022-11-06T03:34:18.925+0200] {dag.py:2585} INFO - Sync 1 DAGs
[2022-11-06T03:34:18.939+0200] {logging_mixin.py:120} INFO - [2022-11-06T03:34:18.938+0200] {dag.py:3336} INFO - Setting next_dagrun for example_kubernetes_executor to None, run_after=None
[2022-11-06T03:34:18.956+0200] {processor.py:176} INFO - Processing /Users/mnagy99/opt/anaconda3/envs/airflow-env/lib/python3.8/site-packages/airflow/example_dags/example_kubernetes_executor.py took 0.522 seconds
[2022-11-06T03:36:23.968+0200] {processor.py:154} INFO - Started process (PID=7964) to work on /Users/mnagy99/opt/anaconda3/envs/airflow-env/lib/python3.8/site-packages/airflow/example_dags/example_kubernetes_executor.py
[2022-11-06T03:36:23.970+0200] {processor.py:756} INFO - Processing file /Users/mnagy99/opt/anaconda3/envs/airflow-env/lib/python3.8/site-packages/airflow/example_dags/example_kubernetes_executor.py for tasks to queue
[2022-11-06T03:36:23.971+0200] {logging_mixin.py:120} INFO - [2022-11-06T03:36:23.971+0200] {dagbag.py:537} INFO - Filling up the DagBag from /Users/mnagy99/opt/anaconda3/envs/airflow-env/lib/python3.8/site-packages/airflow/example_dags/example_kubernetes_executor.py
[2022-11-06T03:36:24.305+0200] {processor.py:766} INFO - DAG(s) dict_keys(['example_kubernetes_executor']) retrieved from /Users/mnagy99/opt/anaconda3/envs/airflow-env/lib/python3.8/site-packages/airflow/example_dags/example_kubernetes_executor.py
[2022-11-06T03:36:24.659+0200] {logging_mixin.py:120} INFO - [2022-11-06T03:36:24.659+0200] {dag.py:2585} INFO - Sync 1 DAGs
[2022-11-06T03:36:24.701+0200] {logging_mixin.py:120} INFO - [2022-11-06T03:36:24.700+0200] {dag.py:3336} INFO - Setting next_dagrun for example_kubernetes_executor to None, run_after=None
[2022-11-06T03:36:24.854+0200] {processor.py:176} INFO - Processing /Users/mnagy99/opt/anaconda3/envs/airflow-env/lib/python3.8/site-packages/airflow/example_dags/example_kubernetes_executor.py took 0.886 seconds
[2022-11-06T03:38:25.368+0200] {processor.py:154} INFO - Started process (PID=8087) to work on /Users/mnagy99/opt/anaconda3/envs/airflow-env/lib/python3.8/site-packages/airflow/example_dags/example_kubernetes_executor.py
[2022-11-06T03:38:25.371+0200] {processor.py:756} INFO - Processing file /Users/mnagy99/opt/anaconda3/envs/airflow-env/lib/python3.8/site-packages/airflow/example_dags/example_kubernetes_executor.py for tasks to queue
[2022-11-06T03:38:25.371+0200] {logging_mixin.py:120} INFO - [2022-11-06T03:38:25.371+0200] {dagbag.py:537} INFO - Filling up the DagBag from /Users/mnagy99/opt/anaconda3/envs/airflow-env/lib/python3.8/site-packages/airflow/example_dags/example_kubernetes_executor.py
[2022-11-06T03:38:25.700+0200] {processor.py:766} INFO - DAG(s) dict_keys(['example_kubernetes_executor']) retrieved from /Users/mnagy99/opt/anaconda3/envs/airflow-env/lib/python3.8/site-packages/airflow/example_dags/example_kubernetes_executor.py
[2022-11-06T03:38:25.832+0200] {logging_mixin.py:120} INFO - [2022-11-06T03:38:25.831+0200] {dag.py:2585} INFO - Sync 1 DAGs
[2022-11-06T03:38:25.845+0200] {logging_mixin.py:120} INFO - [2022-11-06T03:38:25.845+0200] {dag.py:3336} INFO - Setting next_dagrun for example_kubernetes_executor to None, run_after=None
[2022-11-06T03:38:25.863+0200] {processor.py:176} INFO - Processing /Users/mnagy99/opt/anaconda3/envs/airflow-env/lib/python3.8/site-packages/airflow/example_dags/example_kubernetes_executor.py took 0.496 seconds
[2022-11-06T03:40:24.856+0200] {processor.py:154} INFO - Started process (PID=8210) to work on /Users/mnagy99/opt/anaconda3/envs/airflow-env/lib/python3.8/site-packages/airflow/example_dags/example_kubernetes_executor.py
[2022-11-06T03:40:24.858+0200] {processor.py:756} INFO - Processing file /Users/mnagy99/opt/anaconda3/envs/airflow-env/lib/python3.8/site-packages/airflow/example_dags/example_kubernetes_executor.py for tasks to queue
[2022-11-06T03:40:24.859+0200] {logging_mixin.py:120} INFO - [2022-11-06T03:40:24.859+0200] {dagbag.py:537} INFO - Filling up the DagBag from /Users/mnagy99/opt/anaconda3/envs/airflow-env/lib/python3.8/site-packages/airflow/example_dags/example_kubernetes_executor.py
[2022-11-06T03:40:25.197+0200] {processor.py:766} INFO - DAG(s) dict_keys(['example_kubernetes_executor']) retrieved from /Users/mnagy99/opt/anaconda3/envs/airflow-env/lib/python3.8/site-packages/airflow/example_dags/example_kubernetes_executor.py
[2022-11-06T03:40:25.333+0200] {logging_mixin.py:120} INFO - [2022-11-06T03:40:25.332+0200] {dag.py:2585} INFO - Sync 1 DAGs
[2022-11-06T03:40:25.346+0200] {logging_mixin.py:120} INFO - [2022-11-06T03:40:25.346+0200] {dag.py:3336} INFO - Setting next_dagrun for example_kubernetes_executor to None, run_after=None
[2022-11-06T03:40:25.364+0200] {processor.py:176} INFO - Processing /Users/mnagy99/opt/anaconda3/envs/airflow-env/lib/python3.8/site-packages/airflow/example_dags/example_kubernetes_executor.py took 0.509 seconds
[2022-11-06T03:42:23.782+0200] {processor.py:154} INFO - Started process (PID=8330) to work on /Users/mnagy99/opt/anaconda3/envs/airflow-env/lib/python3.8/site-packages/airflow/example_dags/example_kubernetes_executor.py
[2022-11-06T03:42:23.782+0200] {processor.py:756} INFO - Processing file /Users/mnagy99/opt/anaconda3/envs/airflow-env/lib/python3.8/site-packages/airflow/example_dags/example_kubernetes_executor.py for tasks to queue
[2022-11-06T03:42:23.783+0200] {logging_mixin.py:120} INFO - [2022-11-06T03:42:23.783+0200] {dagbag.py:537} INFO - Filling up the DagBag from /Users/mnagy99/opt/anaconda3/envs/airflow-env/lib/python3.8/site-packages/airflow/example_dags/example_kubernetes_executor.py
[2022-11-06T03:42:24.134+0200] {processor.py:766} INFO - DAG(s) dict_keys(['example_kubernetes_executor']) retrieved from /Users/mnagy99/opt/anaconda3/envs/airflow-env/lib/python3.8/site-packages/airflow/example_dags/example_kubernetes_executor.py
[2022-11-06T03:42:24.264+0200] {logging_mixin.py:120} INFO - [2022-11-06T03:42:24.263+0200] {dag.py:2585} INFO - Sync 1 DAGs
[2022-11-06T03:42:24.277+0200] {logging_mixin.py:120} INFO - [2022-11-06T03:42:24.277+0200] {dag.py:3336} INFO - Setting next_dagrun for example_kubernetes_executor to None, run_after=None
[2022-11-06T03:42:24.296+0200] {processor.py:176} INFO - Processing /Users/mnagy99/opt/anaconda3/envs/airflow-env/lib/python3.8/site-packages/airflow/example_dags/example_kubernetes_executor.py took 0.515 seconds
[2022-11-06T03:44:24.987+0200] {processor.py:154} INFO - Started process (PID=8461) to work on /Users/mnagy99/opt/anaconda3/envs/airflow-env/lib/python3.8/site-packages/airflow/example_dags/example_kubernetes_executor.py
[2022-11-06T03:44:24.990+0200] {processor.py:756} INFO - Processing file /Users/mnagy99/opt/anaconda3/envs/airflow-env/lib/python3.8/site-packages/airflow/example_dags/example_kubernetes_executor.py for tasks to queue
[2022-11-06T03:44:24.990+0200] {logging_mixin.py:120} INFO - [2022-11-06T03:44:24.990+0200] {dagbag.py:537} INFO - Filling up the DagBag from /Users/mnagy99/opt/anaconda3/envs/airflow-env/lib/python3.8/site-packages/airflow/example_dags/example_kubernetes_executor.py
[2022-11-06T03:44:25.351+0200] {processor.py:766} INFO - DAG(s) dict_keys(['example_kubernetes_executor']) retrieved from /Users/mnagy99/opt/anaconda3/envs/airflow-env/lib/python3.8/site-packages/airflow/example_dags/example_kubernetes_executor.py
[2022-11-06T03:44:25.490+0200] {logging_mixin.py:120} INFO - [2022-11-06T03:44:25.489+0200] {dag.py:2585} INFO - Sync 1 DAGs
[2022-11-06T03:44:25.503+0200] {logging_mixin.py:120} INFO - [2022-11-06T03:44:25.503+0200] {dag.py:3336} INFO - Setting next_dagrun for example_kubernetes_executor to None, run_after=None
[2022-11-06T03:44:25.521+0200] {processor.py:176} INFO - Processing /Users/mnagy99/opt/anaconda3/envs/airflow-env/lib/python3.8/site-packages/airflow/example_dags/example_kubernetes_executor.py took 0.535 seconds
[2022-11-06T03:46:26.043+0200] {processor.py:154} INFO - Started process (PID=8598) to work on /Users/mnagy99/opt/anaconda3/envs/airflow-env/lib/python3.8/site-packages/airflow/example_dags/example_kubernetes_executor.py
[2022-11-06T03:46:26.045+0200] {processor.py:756} INFO - Processing file /Users/mnagy99/opt/anaconda3/envs/airflow-env/lib/python3.8/site-packages/airflow/example_dags/example_kubernetes_executor.py for tasks to queue
[2022-11-06T03:46:26.046+0200] {logging_mixin.py:120} INFO - [2022-11-06T03:46:26.046+0200] {dagbag.py:537} INFO - Filling up the DagBag from /Users/mnagy99/opt/anaconda3/envs/airflow-env/lib/python3.8/site-packages/airflow/example_dags/example_kubernetes_executor.py
[2022-11-06T03:46:26.392+0200] {processor.py:766} INFO - DAG(s) dict_keys(['example_kubernetes_executor']) retrieved from /Users/mnagy99/opt/anaconda3/envs/airflow-env/lib/python3.8/site-packages/airflow/example_dags/example_kubernetes_executor.py
[2022-11-06T03:46:26.526+0200] {logging_mixin.py:120} INFO - [2022-11-06T03:46:26.526+0200] {dag.py:2585} INFO - Sync 1 DAGs
[2022-11-06T03:46:26.540+0200] {logging_mixin.py:120} INFO - [2022-11-06T03:46:26.540+0200] {dag.py:3336} INFO - Setting next_dagrun for example_kubernetes_executor to None, run_after=None
[2022-11-06T03:46:26.561+0200] {processor.py:176} INFO - Processing /Users/mnagy99/opt/anaconda3/envs/airflow-env/lib/python3.8/site-packages/airflow/example_dags/example_kubernetes_executor.py took 0.519 seconds
[2022-11-06T03:48:31.911+0200] {processor.py:154} INFO - Started process (PID=8718) to work on /Users/mnagy99/opt/anaconda3/envs/airflow-env/lib/python3.8/site-packages/airflow/example_dags/example_kubernetes_executor.py
[2022-11-06T03:48:31.913+0200] {processor.py:756} INFO - Processing file /Users/mnagy99/opt/anaconda3/envs/airflow-env/lib/python3.8/site-packages/airflow/example_dags/example_kubernetes_executor.py for tasks to queue
[2022-11-06T03:48:31.913+0200] {logging_mixin.py:120} INFO - [2022-11-06T03:48:31.913+0200] {dagbag.py:537} INFO - Filling up the DagBag from /Users/mnagy99/opt/anaconda3/envs/airflow-env/lib/python3.8/site-packages/airflow/example_dags/example_kubernetes_executor.py
[2022-11-06T03:48:32.510+0200] {processor.py:766} INFO - DAG(s) dict_keys(['example_kubernetes_executor']) retrieved from /Users/mnagy99/opt/anaconda3/envs/airflow-env/lib/python3.8/site-packages/airflow/example_dags/example_kubernetes_executor.py
[2022-11-06T03:48:32.732+0200] {logging_mixin.py:120} INFO - [2022-11-06T03:48:32.732+0200] {dag.py:2585} INFO - Sync 1 DAGs
[2022-11-06T03:48:32.752+0200] {logging_mixin.py:120} INFO - [2022-11-06T03:48:32.752+0200] {dag.py:3336} INFO - Setting next_dagrun for example_kubernetes_executor to None, run_after=None
[2022-11-06T03:48:32.772+0200] {processor.py:176} INFO - Processing /Users/mnagy99/opt/anaconda3/envs/airflow-env/lib/python3.8/site-packages/airflow/example_dags/example_kubernetes_executor.py took 0.862 seconds
[2022-11-06T03:50:35.834+0200] {processor.py:154} INFO - Started process (PID=8841) to work on /Users/mnagy99/opt/anaconda3/envs/airflow-env/lib/python3.8/site-packages/airflow/example_dags/example_kubernetes_executor.py
[2022-11-06T03:50:35.836+0200] {processor.py:756} INFO - Processing file /Users/mnagy99/opt/anaconda3/envs/airflow-env/lib/python3.8/site-packages/airflow/example_dags/example_kubernetes_executor.py for tasks to queue
[2022-11-06T03:50:35.837+0200] {logging_mixin.py:120} INFO - [2022-11-06T03:50:35.837+0200] {dagbag.py:537} INFO - Filling up the DagBag from /Users/mnagy99/opt/anaconda3/envs/airflow-env/lib/python3.8/site-packages/airflow/example_dags/example_kubernetes_executor.py
[2022-11-06T03:50:36.204+0200] {processor.py:766} INFO - DAG(s) dict_keys(['example_kubernetes_executor']) retrieved from /Users/mnagy99/opt/anaconda3/envs/airflow-env/lib/python3.8/site-packages/airflow/example_dags/example_kubernetes_executor.py
[2022-11-06T03:50:36.346+0200] {logging_mixin.py:120} INFO - [2022-11-06T03:50:36.346+0200] {dag.py:2585} INFO - Sync 1 DAGs
[2022-11-06T03:50:36.361+0200] {logging_mixin.py:120} INFO - [2022-11-06T03:50:36.361+0200] {dag.py:3336} INFO - Setting next_dagrun for example_kubernetes_executor to None, run_after=None
[2022-11-06T03:50:36.379+0200] {processor.py:176} INFO - Processing /Users/mnagy99/opt/anaconda3/envs/airflow-env/lib/python3.8/site-packages/airflow/example_dags/example_kubernetes_executor.py took 0.546 seconds
[2022-11-06T03:52:41.880+0200] {processor.py:154} INFO - Started process (PID=8971) to work on /Users/mnagy99/opt/anaconda3/envs/airflow-env/lib/python3.8/site-packages/airflow/example_dags/example_kubernetes_executor.py
[2022-11-06T03:52:41.882+0200] {processor.py:756} INFO - Processing file /Users/mnagy99/opt/anaconda3/envs/airflow-env/lib/python3.8/site-packages/airflow/example_dags/example_kubernetes_executor.py for tasks to queue
[2022-11-06T03:52:41.882+0200] {logging_mixin.py:120} INFO - [2022-11-06T03:52:41.882+0200] {dagbag.py:537} INFO - Filling up the DagBag from /Users/mnagy99/opt/anaconda3/envs/airflow-env/lib/python3.8/site-packages/airflow/example_dags/example_kubernetes_executor.py
[2022-11-06T03:52:42.256+0200] {processor.py:766} INFO - DAG(s) dict_keys(['example_kubernetes_executor']) retrieved from /Users/mnagy99/opt/anaconda3/envs/airflow-env/lib/python3.8/site-packages/airflow/example_dags/example_kubernetes_executor.py
[2022-11-06T03:52:42.415+0200] {logging_mixin.py:120} INFO - [2022-11-06T03:52:42.415+0200] {dag.py:2585} INFO - Sync 1 DAGs
[2022-11-06T03:52:42.430+0200] {logging_mixin.py:120} INFO - [2022-11-06T03:52:42.430+0200] {dag.py:3336} INFO - Setting next_dagrun for example_kubernetes_executor to None, run_after=None
[2022-11-06T03:52:42.446+0200] {processor.py:176} INFO - Processing /Users/mnagy99/opt/anaconda3/envs/airflow-env/lib/python3.8/site-packages/airflow/example_dags/example_kubernetes_executor.py took 0.567 seconds
[2022-11-06T03:54:54.335+0200] {processor.py:154} INFO - Started process (PID=9104) to work on /Users/mnagy99/opt/anaconda3/envs/airflow-env/lib/python3.8/site-packages/airflow/example_dags/example_kubernetes_executor.py
[2022-11-06T03:54:54.337+0200] {processor.py:756} INFO - Processing file /Users/mnagy99/opt/anaconda3/envs/airflow-env/lib/python3.8/site-packages/airflow/example_dags/example_kubernetes_executor.py for tasks to queue
[2022-11-06T03:54:54.338+0200] {logging_mixin.py:120} INFO - [2022-11-06T03:54:54.338+0200] {dagbag.py:537} INFO - Filling up the DagBag from /Users/mnagy99/opt/anaconda3/envs/airflow-env/lib/python3.8/site-packages/airflow/example_dags/example_kubernetes_executor.py
[2022-11-06T03:54:54.685+0200] {processor.py:766} INFO - DAG(s) dict_keys(['example_kubernetes_executor']) retrieved from /Users/mnagy99/opt/anaconda3/envs/airflow-env/lib/python3.8/site-packages/airflow/example_dags/example_kubernetes_executor.py
[2022-11-06T03:54:54.829+0200] {logging_mixin.py:120} INFO - [2022-11-06T03:54:54.828+0200] {dag.py:2585} INFO - Sync 1 DAGs
[2022-11-06T03:54:54.843+0200] {logging_mixin.py:120} INFO - [2022-11-06T03:54:54.842+0200] {dag.py:3336} INFO - Setting next_dagrun for example_kubernetes_executor to None, run_after=None
[2022-11-06T03:54:54.860+0200] {processor.py:176} INFO - Processing /Users/mnagy99/opt/anaconda3/envs/airflow-env/lib/python3.8/site-packages/airflow/example_dags/example_kubernetes_executor.py took 0.526 seconds
[2022-11-06T03:57:17.128+0200] {processor.py:154} INFO - Started process (PID=9248) to work on /Users/mnagy99/opt/anaconda3/envs/airflow-env/lib/python3.8/site-packages/airflow/example_dags/example_kubernetes_executor.py
[2022-11-06T03:57:17.130+0200] {processor.py:756} INFO - Processing file /Users/mnagy99/opt/anaconda3/envs/airflow-env/lib/python3.8/site-packages/airflow/example_dags/example_kubernetes_executor.py for tasks to queue
[2022-11-06T03:57:17.130+0200] {logging_mixin.py:120} INFO - [2022-11-06T03:57:17.130+0200] {dagbag.py:537} INFO - Filling up the DagBag from /Users/mnagy99/opt/anaconda3/envs/airflow-env/lib/python3.8/site-packages/airflow/example_dags/example_kubernetes_executor.py
[2022-11-06T03:57:17.463+0200] {processor.py:766} INFO - DAG(s) dict_keys(['example_kubernetes_executor']) retrieved from /Users/mnagy99/opt/anaconda3/envs/airflow-env/lib/python3.8/site-packages/airflow/example_dags/example_kubernetes_executor.py
[2022-11-06T03:57:17.597+0200] {logging_mixin.py:120} INFO - [2022-11-06T03:57:17.597+0200] {dag.py:2585} INFO - Sync 1 DAGs
[2022-11-06T03:57:17.610+0200] {logging_mixin.py:120} INFO - [2022-11-06T03:57:17.610+0200] {dag.py:3336} INFO - Setting next_dagrun for example_kubernetes_executor to None, run_after=None
[2022-11-06T03:57:17.630+0200] {processor.py:176} INFO - Processing /Users/mnagy99/opt/anaconda3/envs/airflow-env/lib/python3.8/site-packages/airflow/example_dags/example_kubernetes_executor.py took 0.502 seconds
[2022-11-06T03:59:30.608+0200] {processor.py:154} INFO - Started process (PID=9379) to work on /Users/mnagy99/opt/anaconda3/envs/airflow-env/lib/python3.8/site-packages/airflow/example_dags/example_kubernetes_executor.py
[2022-11-06T03:59:30.611+0200] {processor.py:756} INFO - Processing file /Users/mnagy99/opt/anaconda3/envs/airflow-env/lib/python3.8/site-packages/airflow/example_dags/example_kubernetes_executor.py for tasks to queue
[2022-11-06T03:59:30.611+0200] {logging_mixin.py:120} INFO - [2022-11-06T03:59:30.611+0200] {dagbag.py:537} INFO - Filling up the DagBag from /Users/mnagy99/opt/anaconda3/envs/airflow-env/lib/python3.8/site-packages/airflow/example_dags/example_kubernetes_executor.py
[2022-11-06T03:59:30.943+0200] {processor.py:766} INFO - DAG(s) dict_keys(['example_kubernetes_executor']) retrieved from /Users/mnagy99/opt/anaconda3/envs/airflow-env/lib/python3.8/site-packages/airflow/example_dags/example_kubernetes_executor.py
[2022-11-06T03:59:31.075+0200] {logging_mixin.py:120} INFO - [2022-11-06T03:59:31.075+0200] {dag.py:2585} INFO - Sync 1 DAGs
[2022-11-06T03:59:31.088+0200] {logging_mixin.py:120} INFO - [2022-11-06T03:59:31.088+0200] {dag.py:3336} INFO - Setting next_dagrun for example_kubernetes_executor to None, run_after=None
[2022-11-06T03:59:31.110+0200] {processor.py:176} INFO - Processing /Users/mnagy99/opt/anaconda3/envs/airflow-env/lib/python3.8/site-packages/airflow/example_dags/example_kubernetes_executor.py took 0.503 seconds
[2022-11-06T04:01:56.819+0200] {processor.py:154} INFO - Started process (PID=9534) to work on /Users/mnagy99/opt/anaconda3/envs/airflow-env/lib/python3.8/site-packages/airflow/example_dags/example_kubernetes_executor.py
[2022-11-06T04:01:56.821+0200] {processor.py:756} INFO - Processing file /Users/mnagy99/opt/anaconda3/envs/airflow-env/lib/python3.8/site-packages/airflow/example_dags/example_kubernetes_executor.py for tasks to queue
[2022-11-06T04:01:56.822+0200] {logging_mixin.py:120} INFO - [2022-11-06T04:01:56.821+0200] {dagbag.py:537} INFO - Filling up the DagBag from /Users/mnagy99/opt/anaconda3/envs/airflow-env/lib/python3.8/site-packages/airflow/example_dags/example_kubernetes_executor.py
[2022-11-06T04:01:57.147+0200] {processor.py:766} INFO - DAG(s) dict_keys(['example_kubernetes_executor']) retrieved from /Users/mnagy99/opt/anaconda3/envs/airflow-env/lib/python3.8/site-packages/airflow/example_dags/example_kubernetes_executor.py
[2022-11-06T04:01:57.279+0200] {logging_mixin.py:120} INFO - [2022-11-06T04:01:57.279+0200] {dag.py:2585} INFO - Sync 1 DAGs
[2022-11-06T04:01:57.292+0200] {logging_mixin.py:120} INFO - [2022-11-06T04:01:57.292+0200] {dag.py:3336} INFO - Setting next_dagrun for example_kubernetes_executor to None, run_after=None
[2022-11-06T04:01:57.311+0200] {processor.py:176} INFO - Processing /Users/mnagy99/opt/anaconda3/envs/airflow-env/lib/python3.8/site-packages/airflow/example_dags/example_kubernetes_executor.py took 0.493 seconds
[2022-11-06T04:04:14.817+0200] {processor.py:154} INFO - Started process (PID=9672) to work on /Users/mnagy99/opt/anaconda3/envs/airflow-env/lib/python3.8/site-packages/airflow/example_dags/example_kubernetes_executor.py
[2022-11-06T04:04:14.820+0200] {processor.py:756} INFO - Processing file /Users/mnagy99/opt/anaconda3/envs/airflow-env/lib/python3.8/site-packages/airflow/example_dags/example_kubernetes_executor.py for tasks to queue
[2022-11-06T04:04:14.820+0200] {logging_mixin.py:120} INFO - [2022-11-06T04:04:14.820+0200] {dagbag.py:537} INFO - Filling up the DagBag from /Users/mnagy99/opt/anaconda3/envs/airflow-env/lib/python3.8/site-packages/airflow/example_dags/example_kubernetes_executor.py
[2022-11-06T04:04:15.150+0200] {processor.py:766} INFO - DAG(s) dict_keys(['example_kubernetes_executor']) retrieved from /Users/mnagy99/opt/anaconda3/envs/airflow-env/lib/python3.8/site-packages/airflow/example_dags/example_kubernetes_executor.py
[2022-11-06T04:04:15.283+0200] {logging_mixin.py:120} INFO - [2022-11-06T04:04:15.283+0200] {dag.py:2585} INFO - Sync 1 DAGs
[2022-11-06T04:04:15.297+0200] {logging_mixin.py:120} INFO - [2022-11-06T04:04:15.297+0200] {dag.py:3336} INFO - Setting next_dagrun for example_kubernetes_executor to None, run_after=None
[2022-11-06T04:04:15.314+0200] {processor.py:176} INFO - Processing /Users/mnagy99/opt/anaconda3/envs/airflow-env/lib/python3.8/site-packages/airflow/example_dags/example_kubernetes_executor.py took 0.497 seconds
[2022-11-06T04:06:50.401+0200] {processor.py:154} INFO - Started process (PID=9839) to work on /Users/mnagy99/opt/anaconda3/envs/airflow-env/lib/python3.8/site-packages/airflow/example_dags/example_kubernetes_executor.py
[2022-11-06T04:06:50.402+0200] {processor.py:756} INFO - Processing file /Users/mnagy99/opt/anaconda3/envs/airflow-env/lib/python3.8/site-packages/airflow/example_dags/example_kubernetes_executor.py for tasks to queue
[2022-11-06T04:06:50.403+0200] {logging_mixin.py:120} INFO - [2022-11-06T04:06:50.403+0200] {dagbag.py:537} INFO - Filling up the DagBag from /Users/mnagy99/opt/anaconda3/envs/airflow-env/lib/python3.8/site-packages/airflow/example_dags/example_kubernetes_executor.py
[2022-11-06T04:06:50.734+0200] {processor.py:766} INFO - DAG(s) dict_keys(['example_kubernetes_executor']) retrieved from /Users/mnagy99/opt/anaconda3/envs/airflow-env/lib/python3.8/site-packages/airflow/example_dags/example_kubernetes_executor.py
[2022-11-06T04:06:50.868+0200] {logging_mixin.py:120} INFO - [2022-11-06T04:06:50.868+0200] {dag.py:2585} INFO - Sync 1 DAGs
[2022-11-06T04:06:50.882+0200] {logging_mixin.py:120} INFO - [2022-11-06T04:06:50.882+0200] {dag.py:3336} INFO - Setting next_dagrun for example_kubernetes_executor to None, run_after=None
[2022-11-06T04:06:50.900+0200] {processor.py:176} INFO - Processing /Users/mnagy99/opt/anaconda3/envs/airflow-env/lib/python3.8/site-packages/airflow/example_dags/example_kubernetes_executor.py took 0.500 seconds
[2022-11-06T04:08:56.218+0200] {processor.py:154} INFO - Started process (PID=9970) to work on /Users/mnagy99/opt/anaconda3/envs/airflow-env/lib/python3.8/site-packages/airflow/example_dags/example_kubernetes_executor.py
[2022-11-06T04:08:56.221+0200] {processor.py:756} INFO - Processing file /Users/mnagy99/opt/anaconda3/envs/airflow-env/lib/python3.8/site-packages/airflow/example_dags/example_kubernetes_executor.py for tasks to queue
[2022-11-06T04:08:56.221+0200] {logging_mixin.py:120} INFO - [2022-11-06T04:08:56.221+0200] {dagbag.py:537} INFO - Filling up the DagBag from /Users/mnagy99/opt/anaconda3/envs/airflow-env/lib/python3.8/site-packages/airflow/example_dags/example_kubernetes_executor.py
[2022-11-06T04:08:56.586+0200] {processor.py:766} INFO - DAG(s) dict_keys(['example_kubernetes_executor']) retrieved from /Users/mnagy99/opt/anaconda3/envs/airflow-env/lib/python3.8/site-packages/airflow/example_dags/example_kubernetes_executor.py
[2022-11-06T04:08:56.718+0200] {logging_mixin.py:120} INFO - [2022-11-06T04:08:56.718+0200] {dag.py:2585} INFO - Sync 1 DAGs
[2022-11-06T04:08:56.732+0200] {logging_mixin.py:120} INFO - [2022-11-06T04:08:56.731+0200] {dag.py:3336} INFO - Setting next_dagrun for example_kubernetes_executor to None, run_after=None
[2022-11-06T04:08:56.751+0200] {processor.py:176} INFO - Processing /Users/mnagy99/opt/anaconda3/envs/airflow-env/lib/python3.8/site-packages/airflow/example_dags/example_kubernetes_executor.py took 0.533 seconds
[2022-11-06T04:11:03.249+0200] {processor.py:154} INFO - Started process (PID=10105) to work on /Users/mnagy99/opt/anaconda3/envs/airflow-env/lib/python3.8/site-packages/airflow/example_dags/example_kubernetes_executor.py
[2022-11-06T04:11:03.252+0200] {processor.py:756} INFO - Processing file /Users/mnagy99/opt/anaconda3/envs/airflow-env/lib/python3.8/site-packages/airflow/example_dags/example_kubernetes_executor.py for tasks to queue
[2022-11-06T04:11:03.252+0200] {logging_mixin.py:120} INFO - [2022-11-06T04:11:03.252+0200] {dagbag.py:537} INFO - Filling up the DagBag from /Users/mnagy99/opt/anaconda3/envs/airflow-env/lib/python3.8/site-packages/airflow/example_dags/example_kubernetes_executor.py
[2022-11-06T04:11:03.638+0200] {processor.py:766} INFO - DAG(s) dict_keys(['example_kubernetes_executor']) retrieved from /Users/mnagy99/opt/anaconda3/envs/airflow-env/lib/python3.8/site-packages/airflow/example_dags/example_kubernetes_executor.py
[2022-11-06T04:11:03.800+0200] {logging_mixin.py:120} INFO - [2022-11-06T04:11:03.799+0200] {dag.py:2585} INFO - Sync 1 DAGs
[2022-11-06T04:11:03.816+0200] {logging_mixin.py:120} INFO - [2022-11-06T04:11:03.816+0200] {dag.py:3336} INFO - Setting next_dagrun for example_kubernetes_executor to None, run_after=None
[2022-11-06T04:11:03.834+0200] {processor.py:176} INFO - Processing /Users/mnagy99/opt/anaconda3/envs/airflow-env/lib/python3.8/site-packages/airflow/example_dags/example_kubernetes_executor.py took 0.586 seconds
[2022-11-06T04:13:24.706+0200] {processor.py:154} INFO - Started process (PID=10256) to work on /Users/mnagy99/opt/anaconda3/envs/airflow-env/lib/python3.8/site-packages/airflow/example_dags/example_kubernetes_executor.py
[2022-11-06T04:13:24.707+0200] {processor.py:756} INFO - Processing file /Users/mnagy99/opt/anaconda3/envs/airflow-env/lib/python3.8/site-packages/airflow/example_dags/example_kubernetes_executor.py for tasks to queue
[2022-11-06T04:13:24.707+0200] {logging_mixin.py:120} INFO - [2022-11-06T04:13:24.707+0200] {dagbag.py:537} INFO - Filling up the DagBag from /Users/mnagy99/opt/anaconda3/envs/airflow-env/lib/python3.8/site-packages/airflow/example_dags/example_kubernetes_executor.py
[2022-11-06T04:13:25.038+0200] {processor.py:766} INFO - DAG(s) dict_keys(['example_kubernetes_executor']) retrieved from /Users/mnagy99/opt/anaconda3/envs/airflow-env/lib/python3.8/site-packages/airflow/example_dags/example_kubernetes_executor.py
[2022-11-06T04:13:25.170+0200] {logging_mixin.py:120} INFO - [2022-11-06T04:13:25.169+0200] {dag.py:2585} INFO - Sync 1 DAGs
[2022-11-06T04:13:25.183+0200] {logging_mixin.py:120} INFO - [2022-11-06T04:13:25.183+0200] {dag.py:3336} INFO - Setting next_dagrun for example_kubernetes_executor to None, run_after=None
[2022-11-06T04:13:25.204+0200] {processor.py:176} INFO - Processing /Users/mnagy99/opt/anaconda3/envs/airflow-env/lib/python3.8/site-packages/airflow/example_dags/example_kubernetes_executor.py took 0.499 seconds
[2022-11-06T04:15:24.606+0200] {processor.py:154} INFO - Started process (PID=10387) to work on /Users/mnagy99/opt/anaconda3/envs/airflow-env/lib/python3.8/site-packages/airflow/example_dags/example_kubernetes_executor.py
[2022-11-06T04:15:24.609+0200] {processor.py:756} INFO - Processing file /Users/mnagy99/opt/anaconda3/envs/airflow-env/lib/python3.8/site-packages/airflow/example_dags/example_kubernetes_executor.py for tasks to queue
[2022-11-06T04:15:24.609+0200] {logging_mixin.py:120} INFO - [2022-11-06T04:15:24.609+0200] {dagbag.py:537} INFO - Filling up the DagBag from /Users/mnagy99/opt/anaconda3/envs/airflow-env/lib/python3.8/site-packages/airflow/example_dags/example_kubernetes_executor.py
[2022-11-06T04:15:24.963+0200] {processor.py:766} INFO - DAG(s) dict_keys(['example_kubernetes_executor']) retrieved from /Users/mnagy99/opt/anaconda3/envs/airflow-env/lib/python3.8/site-packages/airflow/example_dags/example_kubernetes_executor.py
[2022-11-06T04:15:25.097+0200] {logging_mixin.py:120} INFO - [2022-11-06T04:15:25.097+0200] {dag.py:2585} INFO - Sync 1 DAGs
[2022-11-06T04:15:25.111+0200] {logging_mixin.py:120} INFO - [2022-11-06T04:15:25.111+0200] {dag.py:3336} INFO - Setting next_dagrun for example_kubernetes_executor to None, run_after=None
[2022-11-06T04:15:25.126+0200] {processor.py:176} INFO - Processing /Users/mnagy99/opt/anaconda3/envs/airflow-env/lib/python3.8/site-packages/airflow/example_dags/example_kubernetes_executor.py took 0.522 seconds
[2022-11-06T04:17:46.219+0200] {processor.py:154} INFO - Started process (PID=10519) to work on /Users/mnagy99/opt/anaconda3/envs/airflow-env/lib/python3.8/site-packages/airflow/example_dags/example_kubernetes_executor.py
[2022-11-06T04:17:46.222+0200] {processor.py:756} INFO - Processing file /Users/mnagy99/opt/anaconda3/envs/airflow-env/lib/python3.8/site-packages/airflow/example_dags/example_kubernetes_executor.py for tasks to queue
[2022-11-06T04:17:46.223+0200] {logging_mixin.py:120} INFO - [2022-11-06T04:17:46.222+0200] {dagbag.py:537} INFO - Filling up the DagBag from /Users/mnagy99/opt/anaconda3/envs/airflow-env/lib/python3.8/site-packages/airflow/example_dags/example_kubernetes_executor.py
[2022-11-06T04:17:46.594+0200] {processor.py:766} INFO - DAG(s) dict_keys(['example_kubernetes_executor']) retrieved from /Users/mnagy99/opt/anaconda3/envs/airflow-env/lib/python3.8/site-packages/airflow/example_dags/example_kubernetes_executor.py
[2022-11-06T04:17:46.738+0200] {logging_mixin.py:120} INFO - [2022-11-06T04:17:46.738+0200] {dag.py:2585} INFO - Sync 1 DAGs
[2022-11-06T04:17:46.754+0200] {logging_mixin.py:120} INFO - [2022-11-06T04:17:46.754+0200] {dag.py:3336} INFO - Setting next_dagrun for example_kubernetes_executor to None, run_after=None
[2022-11-06T04:17:46.773+0200] {processor.py:176} INFO - Processing /Users/mnagy99/opt/anaconda3/envs/airflow-env/lib/python3.8/site-packages/airflow/example_dags/example_kubernetes_executor.py took 0.554 seconds
