[2022-11-06T02:01:59.208+0200] {processor.py:154} INFO - Started process (PID=1872) to work on /Users/mnagy99/opt/anaconda3/envs/airflow-env/lib/python3.8/site-packages/airflow/example_dags/example_task_group_decorator.py
[2022-11-06T02:01:59.209+0200] {processor.py:756} INFO - Processing file /Users/mnagy99/opt/anaconda3/envs/airflow-env/lib/python3.8/site-packages/airflow/example_dags/example_task_group_decorator.py for tasks to queue
[2022-11-06T02:01:59.210+0200] {logging_mixin.py:120} INFO - [2022-11-06T02:01:59.210+0200] {dagbag.py:537} INFO - Filling up the DagBag from /Users/mnagy99/opt/anaconda3/envs/airflow-env/lib/python3.8/site-packages/airflow/example_dags/example_task_group_decorator.py
[2022-11-06T02:01:59.271+0200] {processor.py:766} INFO - DAG(s) dict_keys(['example_task_group_decorator']) retrieved from /Users/mnagy99/opt/anaconda3/envs/airflow-env/lib/python3.8/site-packages/airflow/example_dags/example_task_group_decorator.py
[2022-11-06T02:01:59.841+0200] {logging_mixin.py:120} INFO - [2022-11-06T02:01:59.841+0200] {dag.py:2585} INFO - Sync 1 DAGs
[2022-11-06T02:01:59.854+0200] {logging_mixin.py:120} INFO - [2022-11-06T02:01:59.854+0200] {dag.py:3336} INFO - Setting next_dagrun for example_task_group_decorator to 2022-11-05T00:01:59.854650+00:00, run_after=2022-11-06T00:01:59.854650+00:00
[2022-11-06T02:01:59.873+0200] {processor.py:176} INFO - Processing /Users/mnagy99/opt/anaconda3/envs/airflow-env/lib/python3.8/site-packages/airflow/example_dags/example_task_group_decorator.py took 0.666 seconds
[2022-11-06T02:04:16.241+0200] {processor.py:154} INFO - Started process (PID=2159) to work on /Users/mnagy99/opt/anaconda3/envs/airflow-env/lib/python3.8/site-packages/airflow/example_dags/example_task_group_decorator.py
[2022-11-06T02:04:16.243+0200] {processor.py:756} INFO - Processing file /Users/mnagy99/opt/anaconda3/envs/airflow-env/lib/python3.8/site-packages/airflow/example_dags/example_task_group_decorator.py for tasks to queue
[2022-11-06T02:04:16.243+0200] {logging_mixin.py:120} INFO - [2022-11-06T02:04:16.243+0200] {dagbag.py:537} INFO - Filling up the DagBag from /Users/mnagy99/opt/anaconda3/envs/airflow-env/lib/python3.8/site-packages/airflow/example_dags/example_task_group_decorator.py
[2022-11-06T02:04:16.303+0200] {processor.py:766} INFO - DAG(s) dict_keys(['example_task_group_decorator']) retrieved from /Users/mnagy99/opt/anaconda3/envs/airflow-env/lib/python3.8/site-packages/airflow/example_dags/example_task_group_decorator.py
[2022-11-06T02:04:16.883+0200] {logging_mixin.py:120} INFO - [2022-11-06T02:04:16.883+0200] {dag.py:2585} INFO - Sync 1 DAGs
[2022-11-06T02:04:16.898+0200] {logging_mixin.py:120} INFO - [2022-11-06T02:04:16.898+0200] {dag.py:3336} INFO - Setting next_dagrun for example_task_group_decorator to 2022-11-05T00:04:16.898623+00:00, run_after=2022-11-06T00:04:16.898623+00:00
[2022-11-06T02:04:16.914+0200] {processor.py:176} INFO - Processing /Users/mnagy99/opt/anaconda3/envs/airflow-env/lib/python3.8/site-packages/airflow/example_dags/example_task_group_decorator.py took 0.673 seconds
[2022-11-06T02:06:37.166+0200] {processor.py:154} INFO - Started process (PID=2292) to work on /Users/mnagy99/opt/anaconda3/envs/airflow-env/lib/python3.8/site-packages/airflow/example_dags/example_task_group_decorator.py
[2022-11-06T02:06:37.167+0200] {processor.py:756} INFO - Processing file /Users/mnagy99/opt/anaconda3/envs/airflow-env/lib/python3.8/site-packages/airflow/example_dags/example_task_group_decorator.py for tasks to queue
[2022-11-06T02:06:37.168+0200] {logging_mixin.py:120} INFO - [2022-11-06T02:06:37.168+0200] {dagbag.py:537} INFO - Filling up the DagBag from /Users/mnagy99/opt/anaconda3/envs/airflow-env/lib/python3.8/site-packages/airflow/example_dags/example_task_group_decorator.py
[2022-11-06T02:06:37.241+0200] {processor.py:766} INFO - DAG(s) dict_keys(['example_task_group_decorator']) retrieved from /Users/mnagy99/opt/anaconda3/envs/airflow-env/lib/python3.8/site-packages/airflow/example_dags/example_task_group_decorator.py
[2022-11-06T02:06:37.755+0200] {logging_mixin.py:120} INFO - [2022-11-06T02:06:37.755+0200] {dag.py:2585} INFO - Sync 1 DAGs
[2022-11-06T02:06:37.770+0200] {logging_mixin.py:120} INFO - [2022-11-06T02:06:37.770+0200] {dag.py:3336} INFO - Setting next_dagrun for example_task_group_decorator to 2022-11-05T00:06:37.770269+00:00, run_after=2022-11-06T00:06:37.770269+00:00
[2022-11-06T02:06:37.792+0200] {processor.py:176} INFO - Processing /Users/mnagy99/opt/anaconda3/envs/airflow-env/lib/python3.8/site-packages/airflow/example_dags/example_task_group_decorator.py took 0.627 seconds
[2022-11-06T02:08:57.885+0200] {processor.py:154} INFO - Started process (PID=2419) to work on /Users/mnagy99/opt/anaconda3/envs/airflow-env/lib/python3.8/site-packages/airflow/example_dags/example_task_group_decorator.py
[2022-11-06T02:08:57.887+0200] {processor.py:756} INFO - Processing file /Users/mnagy99/opt/anaconda3/envs/airflow-env/lib/python3.8/site-packages/airflow/example_dags/example_task_group_decorator.py for tasks to queue
[2022-11-06T02:08:57.888+0200] {logging_mixin.py:120} INFO - [2022-11-06T02:08:57.888+0200] {dagbag.py:537} INFO - Filling up the DagBag from /Users/mnagy99/opt/anaconda3/envs/airflow-env/lib/python3.8/site-packages/airflow/example_dags/example_task_group_decorator.py
[2022-11-06T02:08:57.944+0200] {processor.py:766} INFO - DAG(s) dict_keys(['example_task_group_decorator']) retrieved from /Users/mnagy99/opt/anaconda3/envs/airflow-env/lib/python3.8/site-packages/airflow/example_dags/example_task_group_decorator.py
[2022-11-06T02:08:58.497+0200] {logging_mixin.py:120} INFO - [2022-11-06T02:08:58.497+0200] {dag.py:2585} INFO - Sync 1 DAGs
[2022-11-06T02:08:58.510+0200] {logging_mixin.py:120} INFO - [2022-11-06T02:08:58.510+0200] {dag.py:3336} INFO - Setting next_dagrun for example_task_group_decorator to 2022-11-05T00:08:58.510633+00:00, run_after=2022-11-06T00:08:58.510633+00:00
[2022-11-06T02:08:58.532+0200] {processor.py:176} INFO - Processing /Users/mnagy99/opt/anaconda3/envs/airflow-env/lib/python3.8/site-packages/airflow/example_dags/example_task_group_decorator.py took 0.648 seconds
[2022-11-06T02:11:12.614+0200] {processor.py:154} INFO - Started process (PID=2547) to work on /Users/mnagy99/opt/anaconda3/envs/airflow-env/lib/python3.8/site-packages/airflow/example_dags/example_task_group_decorator.py
[2022-11-06T02:11:12.617+0200] {processor.py:756} INFO - Processing file /Users/mnagy99/opt/anaconda3/envs/airflow-env/lib/python3.8/site-packages/airflow/example_dags/example_task_group_decorator.py for tasks to queue
[2022-11-06T02:11:12.617+0200] {logging_mixin.py:120} INFO - [2022-11-06T02:11:12.617+0200] {dagbag.py:537} INFO - Filling up the DagBag from /Users/mnagy99/opt/anaconda3/envs/airflow-env/lib/python3.8/site-packages/airflow/example_dags/example_task_group_decorator.py
[2022-11-06T02:11:12.665+0200] {processor.py:766} INFO - DAG(s) dict_keys(['example_task_group_decorator']) retrieved from /Users/mnagy99/opt/anaconda3/envs/airflow-env/lib/python3.8/site-packages/airflow/example_dags/example_task_group_decorator.py
[2022-11-06T02:11:13.176+0200] {logging_mixin.py:120} INFO - [2022-11-06T02:11:13.176+0200] {dag.py:2585} INFO - Sync 1 DAGs
[2022-11-06T02:11:13.191+0200] {logging_mixin.py:120} INFO - [2022-11-06T02:11:13.191+0200] {dag.py:3336} INFO - Setting next_dagrun for example_task_group_decorator to 2022-11-05T00:11:13.191189+00:00, run_after=2022-11-06T00:11:13.191189+00:00
[2022-11-06T02:11:13.211+0200] {processor.py:176} INFO - Processing /Users/mnagy99/opt/anaconda3/envs/airflow-env/lib/python3.8/site-packages/airflow/example_dags/example_task_group_decorator.py took 0.598 seconds
[2022-11-06T02:13:21.266+0200] {processor.py:154} INFO - Started process (PID=2674) to work on /Users/mnagy99/opt/anaconda3/envs/airflow-env/lib/python3.8/site-packages/airflow/example_dags/example_task_group_decorator.py
[2022-11-06T02:13:21.268+0200] {processor.py:756} INFO - Processing file /Users/mnagy99/opt/anaconda3/envs/airflow-env/lib/python3.8/site-packages/airflow/example_dags/example_task_group_decorator.py for tasks to queue
[2022-11-06T02:13:21.268+0200] {logging_mixin.py:120} INFO - [2022-11-06T02:13:21.268+0200] {dagbag.py:537} INFO - Filling up the DagBag from /Users/mnagy99/opt/anaconda3/envs/airflow-env/lib/python3.8/site-packages/airflow/example_dags/example_task_group_decorator.py
[2022-11-06T02:13:21.320+0200] {processor.py:766} INFO - DAG(s) dict_keys(['example_task_group_decorator']) retrieved from /Users/mnagy99/opt/anaconda3/envs/airflow-env/lib/python3.8/site-packages/airflow/example_dags/example_task_group_decorator.py
[2022-11-06T02:13:21.839+0200] {logging_mixin.py:120} INFO - [2022-11-06T02:13:21.838+0200] {dag.py:2585} INFO - Sync 1 DAGs
[2022-11-06T02:13:21.854+0200] {logging_mixin.py:120} INFO - [2022-11-06T02:13:21.854+0200] {dag.py:3336} INFO - Setting next_dagrun for example_task_group_decorator to 2022-11-05T00:13:21.854452+00:00, run_after=2022-11-06T00:13:21.854452+00:00
[2022-11-06T02:13:21.884+0200] {processor.py:176} INFO - Processing /Users/mnagy99/opt/anaconda3/envs/airflow-env/lib/python3.8/site-packages/airflow/example_dags/example_task_group_decorator.py took 0.619 seconds
[2022-11-06T02:15:46.383+0200] {processor.py:154} INFO - Started process (PID=2873) to work on /Users/mnagy99/opt/anaconda3/envs/airflow-env/lib/python3.8/site-packages/airflow/example_dags/example_task_group_decorator.py
[2022-11-06T02:15:46.386+0200] {processor.py:756} INFO - Processing file /Users/mnagy99/opt/anaconda3/envs/airflow-env/lib/python3.8/site-packages/airflow/example_dags/example_task_group_decorator.py for tasks to queue
[2022-11-06T02:15:46.386+0200] {logging_mixin.py:120} INFO - [2022-11-06T02:15:46.386+0200] {dagbag.py:537} INFO - Filling up the DagBag from /Users/mnagy99/opt/anaconda3/envs/airflow-env/lib/python3.8/site-packages/airflow/example_dags/example_task_group_decorator.py
[2022-11-06T02:15:46.436+0200] {processor.py:766} INFO - DAG(s) dict_keys(['example_task_group_decorator']) retrieved from /Users/mnagy99/opt/anaconda3/envs/airflow-env/lib/python3.8/site-packages/airflow/example_dags/example_task_group_decorator.py
[2022-11-06T02:15:46.879+0200] {logging_mixin.py:120} INFO - [2022-11-06T02:15:46.878+0200] {dag.py:2585} INFO - Sync 1 DAGs
[2022-11-06T02:15:46.894+0200] {logging_mixin.py:120} INFO - [2022-11-06T02:15:46.894+0200] {dag.py:3336} INFO - Setting next_dagrun for example_task_group_decorator to 2022-11-05T00:15:46.894315+00:00, run_after=2022-11-06T00:15:46.894315+00:00
[2022-11-06T02:15:46.914+0200] {processor.py:176} INFO - Processing /Users/mnagy99/opt/anaconda3/envs/airflow-env/lib/python3.8/site-packages/airflow/example_dags/example_task_group_decorator.py took 0.531 seconds
[2022-11-06T02:17:58.292+0200] {processor.py:154} INFO - Started process (PID=3022) to work on /Users/mnagy99/opt/anaconda3/envs/airflow-env/lib/python3.8/site-packages/airflow/example_dags/example_task_group_decorator.py
[2022-11-06T02:17:58.295+0200] {processor.py:756} INFO - Processing file /Users/mnagy99/opt/anaconda3/envs/airflow-env/lib/python3.8/site-packages/airflow/example_dags/example_task_group_decorator.py for tasks to queue
[2022-11-06T02:17:58.295+0200] {logging_mixin.py:120} INFO - [2022-11-06T02:17:58.295+0200] {dagbag.py:537} INFO - Filling up the DagBag from /Users/mnagy99/opt/anaconda3/envs/airflow-env/lib/python3.8/site-packages/airflow/example_dags/example_task_group_decorator.py
[2022-11-06T02:17:58.340+0200] {processor.py:766} INFO - DAG(s) dict_keys(['example_task_group_decorator']) retrieved from /Users/mnagy99/opt/anaconda3/envs/airflow-env/lib/python3.8/site-packages/airflow/example_dags/example_task_group_decorator.py
[2022-11-06T02:17:58.762+0200] {logging_mixin.py:120} INFO - [2022-11-06T02:17:58.761+0200] {dag.py:2585} INFO - Sync 1 DAGs
[2022-11-06T02:17:58.775+0200] {logging_mixin.py:120} INFO - [2022-11-06T02:17:58.775+0200] {dag.py:3336} INFO - Setting next_dagrun for example_task_group_decorator to 2022-11-05T00:17:58.775651+00:00, run_after=2022-11-06T00:17:58.775651+00:00
[2022-11-06T02:17:58.790+0200] {processor.py:176} INFO - Processing /Users/mnagy99/opt/anaconda3/envs/airflow-env/lib/python3.8/site-packages/airflow/example_dags/example_task_group_decorator.py took 0.499 seconds
[2022-11-06T02:20:09.842+0200] {processor.py:154} INFO - Started process (PID=3159) to work on /Users/mnagy99/opt/anaconda3/envs/airflow-env/lib/python3.8/site-packages/airflow/example_dags/example_task_group_decorator.py
[2022-11-06T02:20:09.844+0200] {processor.py:756} INFO - Processing file /Users/mnagy99/opt/anaconda3/envs/airflow-env/lib/python3.8/site-packages/airflow/example_dags/example_task_group_decorator.py for tasks to queue
[2022-11-06T02:20:09.845+0200] {logging_mixin.py:120} INFO - [2022-11-06T02:20:09.845+0200] {dagbag.py:537} INFO - Filling up the DagBag from /Users/mnagy99/opt/anaconda3/envs/airflow-env/lib/python3.8/site-packages/airflow/example_dags/example_task_group_decorator.py
[2022-11-06T02:20:09.894+0200] {processor.py:766} INFO - DAG(s) dict_keys(['example_task_group_decorator']) retrieved from /Users/mnagy99/opt/anaconda3/envs/airflow-env/lib/python3.8/site-packages/airflow/example_dags/example_task_group_decorator.py
[2022-11-06T02:20:10.412+0200] {logging_mixin.py:120} INFO - [2022-11-06T02:20:10.412+0200] {dag.py:2585} INFO - Sync 1 DAGs
[2022-11-06T02:20:10.426+0200] {logging_mixin.py:120} INFO - [2022-11-06T02:20:10.426+0200] {dag.py:3336} INFO - Setting next_dagrun for example_task_group_decorator to 2022-11-05T00:20:10.426239+00:00, run_after=2022-11-06T00:20:10.426239+00:00
[2022-11-06T02:20:10.442+0200] {processor.py:176} INFO - Processing /Users/mnagy99/opt/anaconda3/envs/airflow-env/lib/python3.8/site-packages/airflow/example_dags/example_task_group_decorator.py took 0.600 seconds
[2022-11-06T02:22:17.929+0200] {processor.py:154} INFO - Started process (PID=3288) to work on /Users/mnagy99/opt/anaconda3/envs/airflow-env/lib/python3.8/site-packages/airflow/example_dags/example_task_group_decorator.py
[2022-11-06T02:22:17.931+0200] {processor.py:756} INFO - Processing file /Users/mnagy99/opt/anaconda3/envs/airflow-env/lib/python3.8/site-packages/airflow/example_dags/example_task_group_decorator.py for tasks to queue
[2022-11-06T02:22:17.932+0200] {logging_mixin.py:120} INFO - [2022-11-06T02:22:17.932+0200] {dagbag.py:537} INFO - Filling up the DagBag from /Users/mnagy99/opt/anaconda3/envs/airflow-env/lib/python3.8/site-packages/airflow/example_dags/example_task_group_decorator.py
[2022-11-06T02:22:17.979+0200] {processor.py:766} INFO - DAG(s) dict_keys(['example_task_group_decorator']) retrieved from /Users/mnagy99/opt/anaconda3/envs/airflow-env/lib/python3.8/site-packages/airflow/example_dags/example_task_group_decorator.py
[2022-11-06T02:22:18.400+0200] {logging_mixin.py:120} INFO - [2022-11-06T02:22:18.400+0200] {dag.py:2585} INFO - Sync 1 DAGs
[2022-11-06T02:22:18.413+0200] {logging_mixin.py:120} INFO - [2022-11-06T02:22:18.413+0200] {dag.py:3336} INFO - Setting next_dagrun for example_task_group_decorator to 2022-11-05T00:22:18.413474+00:00, run_after=2022-11-06T00:22:18.413474+00:00
[2022-11-06T02:22:18.432+0200] {processor.py:176} INFO - Processing /Users/mnagy99/opt/anaconda3/envs/airflow-env/lib/python3.8/site-packages/airflow/example_dags/example_task_group_decorator.py took 0.504 seconds
[2022-11-06T02:24:30.007+0200] {processor.py:154} INFO - Started process (PID=3430) to work on /Users/mnagy99/opt/anaconda3/envs/airflow-env/lib/python3.8/site-packages/airflow/example_dags/example_task_group_decorator.py
[2022-11-06T02:24:30.009+0200] {processor.py:756} INFO - Processing file /Users/mnagy99/opt/anaconda3/envs/airflow-env/lib/python3.8/site-packages/airflow/example_dags/example_task_group_decorator.py for tasks to queue
[2022-11-06T02:24:30.010+0200] {logging_mixin.py:120} INFO - [2022-11-06T02:24:30.010+0200] {dagbag.py:537} INFO - Filling up the DagBag from /Users/mnagy99/opt/anaconda3/envs/airflow-env/lib/python3.8/site-packages/airflow/example_dags/example_task_group_decorator.py
[2022-11-06T02:24:30.060+0200] {processor.py:766} INFO - DAG(s) dict_keys(['example_task_group_decorator']) retrieved from /Users/mnagy99/opt/anaconda3/envs/airflow-env/lib/python3.8/site-packages/airflow/example_dags/example_task_group_decorator.py
[2022-11-06T02:24:30.516+0200] {logging_mixin.py:120} INFO - [2022-11-06T02:24:30.516+0200] {dag.py:2585} INFO - Sync 1 DAGs
[2022-11-06T02:24:30.529+0200] {logging_mixin.py:120} INFO - [2022-11-06T02:24:30.529+0200] {dag.py:3336} INFO - Setting next_dagrun for example_task_group_decorator to 2022-11-05T00:24:30.529434+00:00, run_after=2022-11-06T00:24:30.529434+00:00
[2022-11-06T02:24:30.544+0200] {processor.py:176} INFO - Processing /Users/mnagy99/opt/anaconda3/envs/airflow-env/lib/python3.8/site-packages/airflow/example_dags/example_task_group_decorator.py took 0.538 seconds
[2022-11-06T02:26:45.647+0200] {processor.py:154} INFO - Started process (PID=3568) to work on /Users/mnagy99/opt/anaconda3/envs/airflow-env/lib/python3.8/site-packages/airflow/example_dags/example_task_group_decorator.py
[2022-11-06T02:26:45.649+0200] {processor.py:756} INFO - Processing file /Users/mnagy99/opt/anaconda3/envs/airflow-env/lib/python3.8/site-packages/airflow/example_dags/example_task_group_decorator.py for tasks to queue
[2022-11-06T02:26:45.650+0200] {logging_mixin.py:120} INFO - [2022-11-06T02:26:45.650+0200] {dagbag.py:537} INFO - Filling up the DagBag from /Users/mnagy99/opt/anaconda3/envs/airflow-env/lib/python3.8/site-packages/airflow/example_dags/example_task_group_decorator.py
[2022-11-06T02:26:45.695+0200] {processor.py:766} INFO - DAG(s) dict_keys(['example_task_group_decorator']) retrieved from /Users/mnagy99/opt/anaconda3/envs/airflow-env/lib/python3.8/site-packages/airflow/example_dags/example_task_group_decorator.py
[2022-11-06T02:26:46.115+0200] {logging_mixin.py:120} INFO - [2022-11-06T02:26:46.115+0200] {dag.py:2585} INFO - Sync 1 DAGs
[2022-11-06T02:26:46.129+0200] {logging_mixin.py:120} INFO - [2022-11-06T02:26:46.129+0200] {dag.py:3336} INFO - Setting next_dagrun for example_task_group_decorator to 2022-11-05T00:26:46.129001+00:00, run_after=2022-11-06T00:26:46.129001+00:00
[2022-11-06T02:26:46.147+0200] {processor.py:176} INFO - Processing /Users/mnagy99/opt/anaconda3/envs/airflow-env/lib/python3.8/site-packages/airflow/example_dags/example_task_group_decorator.py took 0.500 seconds
[2022-11-06T02:28:55.616+0200] {processor.py:154} INFO - Started process (PID=3707) to work on /Users/mnagy99/opt/anaconda3/envs/airflow-env/lib/python3.8/site-packages/airflow/example_dags/example_task_group_decorator.py
[2022-11-06T02:28:55.617+0200] {processor.py:756} INFO - Processing file /Users/mnagy99/opt/anaconda3/envs/airflow-env/lib/python3.8/site-packages/airflow/example_dags/example_task_group_decorator.py for tasks to queue
[2022-11-06T02:28:55.617+0200] {logging_mixin.py:120} INFO - [2022-11-06T02:28:55.617+0200] {dagbag.py:537} INFO - Filling up the DagBag from /Users/mnagy99/opt/anaconda3/envs/airflow-env/lib/python3.8/site-packages/airflow/example_dags/example_task_group_decorator.py
[2022-11-06T02:28:55.670+0200] {processor.py:766} INFO - DAG(s) dict_keys(['example_task_group_decorator']) retrieved from /Users/mnagy99/opt/anaconda3/envs/airflow-env/lib/python3.8/site-packages/airflow/example_dags/example_task_group_decorator.py
[2022-11-06T02:28:56.135+0200] {logging_mixin.py:120} INFO - [2022-11-06T02:28:56.135+0200] {dag.py:2585} INFO - Sync 1 DAGs
[2022-11-06T02:28:56.151+0200] {logging_mixin.py:120} INFO - [2022-11-06T02:28:56.151+0200] {dag.py:3336} INFO - Setting next_dagrun for example_task_group_decorator to 2022-11-05T00:28:56.150984+00:00, run_after=2022-11-06T00:28:56.150984+00:00
[2022-11-06T02:28:56.169+0200] {processor.py:176} INFO - Processing /Users/mnagy99/opt/anaconda3/envs/airflow-env/lib/python3.8/site-packages/airflow/example_dags/example_task_group_decorator.py took 0.553 seconds
[2022-11-06T02:31:07.160+0200] {processor.py:154} INFO - Started process (PID=3858) to work on /Users/mnagy99/opt/anaconda3/envs/airflow-env/lib/python3.8/site-packages/airflow/example_dags/example_task_group_decorator.py
[2022-11-06T02:31:07.162+0200] {processor.py:756} INFO - Processing file /Users/mnagy99/opt/anaconda3/envs/airflow-env/lib/python3.8/site-packages/airflow/example_dags/example_task_group_decorator.py for tasks to queue
[2022-11-06T02:31:07.163+0200] {logging_mixin.py:120} INFO - [2022-11-06T02:31:07.163+0200] {dagbag.py:537} INFO - Filling up the DagBag from /Users/mnagy99/opt/anaconda3/envs/airflow-env/lib/python3.8/site-packages/airflow/example_dags/example_task_group_decorator.py
[2022-11-06T02:31:07.209+0200] {processor.py:766} INFO - DAG(s) dict_keys(['example_task_group_decorator']) retrieved from /Users/mnagy99/opt/anaconda3/envs/airflow-env/lib/python3.8/site-packages/airflow/example_dags/example_task_group_decorator.py
[2022-11-06T02:31:07.632+0200] {logging_mixin.py:120} INFO - [2022-11-06T02:31:07.632+0200] {dag.py:2585} INFO - Sync 1 DAGs
[2022-11-06T02:31:07.646+0200] {logging_mixin.py:120} INFO - [2022-11-06T02:31:07.645+0200] {dag.py:3336} INFO - Setting next_dagrun for example_task_group_decorator to 2022-11-05T00:31:07.645774+00:00, run_after=2022-11-06T00:31:07.645774+00:00
[2022-11-06T02:31:07.661+0200] {processor.py:176} INFO - Processing /Users/mnagy99/opt/anaconda3/envs/airflow-env/lib/python3.8/site-packages/airflow/example_dags/example_task_group_decorator.py took 0.502 seconds
[2022-11-06T02:33:19.584+0200] {processor.py:154} INFO - Started process (PID=4013) to work on /Users/mnagy99/opt/anaconda3/envs/airflow-env/lib/python3.8/site-packages/airflow/example_dags/example_task_group_decorator.py
[2022-11-06T02:33:19.587+0200] {processor.py:756} INFO - Processing file /Users/mnagy99/opt/anaconda3/envs/airflow-env/lib/python3.8/site-packages/airflow/example_dags/example_task_group_decorator.py for tasks to queue
[2022-11-06T02:33:19.588+0200] {logging_mixin.py:120} INFO - [2022-11-06T02:33:19.588+0200] {dagbag.py:537} INFO - Filling up the DagBag from /Users/mnagy99/opt/anaconda3/envs/airflow-env/lib/python3.8/site-packages/airflow/example_dags/example_task_group_decorator.py
[2022-11-06T02:33:19.642+0200] {processor.py:766} INFO - DAG(s) dict_keys(['example_task_group_decorator']) retrieved from /Users/mnagy99/opt/anaconda3/envs/airflow-env/lib/python3.8/site-packages/airflow/example_dags/example_task_group_decorator.py
[2022-11-06T02:33:20.066+0200] {logging_mixin.py:120} INFO - [2022-11-06T02:33:20.066+0200] {dag.py:2585} INFO - Sync 1 DAGs
[2022-11-06T02:33:20.079+0200] {logging_mixin.py:120} INFO - [2022-11-06T02:33:20.079+0200] {dag.py:3336} INFO - Setting next_dagrun for example_task_group_decorator to 2022-11-05T00:33:20.079314+00:00, run_after=2022-11-06T00:33:20.079314+00:00
[2022-11-06T02:33:20.095+0200] {processor.py:176} INFO - Processing /Users/mnagy99/opt/anaconda3/envs/airflow-env/lib/python3.8/site-packages/airflow/example_dags/example_task_group_decorator.py took 0.511 seconds
[2022-11-06T02:35:28.930+0200] {processor.py:154} INFO - Started process (PID=4161) to work on /Users/mnagy99/opt/anaconda3/envs/airflow-env/lib/python3.8/site-packages/airflow/example_dags/example_task_group_decorator.py
[2022-11-06T02:35:28.933+0200] {processor.py:756} INFO - Processing file /Users/mnagy99/opt/anaconda3/envs/airflow-env/lib/python3.8/site-packages/airflow/example_dags/example_task_group_decorator.py for tasks to queue
[2022-11-06T02:35:28.933+0200] {logging_mixin.py:120} INFO - [2022-11-06T02:35:28.933+0200] {dagbag.py:537} INFO - Filling up the DagBag from /Users/mnagy99/opt/anaconda3/envs/airflow-env/lib/python3.8/site-packages/airflow/example_dags/example_task_group_decorator.py
[2022-11-06T02:35:28.979+0200] {processor.py:766} INFO - DAG(s) dict_keys(['example_task_group_decorator']) retrieved from /Users/mnagy99/opt/anaconda3/envs/airflow-env/lib/python3.8/site-packages/airflow/example_dags/example_task_group_decorator.py
[2022-11-06T02:35:29.412+0200] {logging_mixin.py:120} INFO - [2022-11-06T02:35:29.411+0200] {dag.py:2585} INFO - Sync 1 DAGs
[2022-11-06T02:35:29.426+0200] {logging_mixin.py:120} INFO - [2022-11-06T02:35:29.425+0200] {dag.py:3336} INFO - Setting next_dagrun for example_task_group_decorator to 2022-11-05T00:35:29.425766+00:00, run_after=2022-11-06T00:35:29.425766+00:00
[2022-11-06T02:35:29.460+0200] {processor.py:176} INFO - Processing /Users/mnagy99/opt/anaconda3/envs/airflow-env/lib/python3.8/site-packages/airflow/example_dags/example_task_group_decorator.py took 0.531 seconds
[2022-11-06T02:37:40.984+0200] {processor.py:154} INFO - Started process (PID=4296) to work on /Users/mnagy99/opt/anaconda3/envs/airflow-env/lib/python3.8/site-packages/airflow/example_dags/example_task_group_decorator.py
[2022-11-06T02:37:40.987+0200] {processor.py:756} INFO - Processing file /Users/mnagy99/opt/anaconda3/envs/airflow-env/lib/python3.8/site-packages/airflow/example_dags/example_task_group_decorator.py for tasks to queue
[2022-11-06T02:37:40.987+0200] {logging_mixin.py:120} INFO - [2022-11-06T02:37:40.987+0200] {dagbag.py:537} INFO - Filling up the DagBag from /Users/mnagy99/opt/anaconda3/envs/airflow-env/lib/python3.8/site-packages/airflow/example_dags/example_task_group_decorator.py
[2022-11-06T02:37:41.033+0200] {processor.py:766} INFO - DAG(s) dict_keys(['example_task_group_decorator']) retrieved from /Users/mnagy99/opt/anaconda3/envs/airflow-env/lib/python3.8/site-packages/airflow/example_dags/example_task_group_decorator.py
[2022-11-06T02:37:41.515+0200] {logging_mixin.py:120} INFO - [2022-11-06T02:37:41.515+0200] {dag.py:2585} INFO - Sync 1 DAGs
[2022-11-06T02:37:41.530+0200] {logging_mixin.py:120} INFO - [2022-11-06T02:37:41.530+0200] {dag.py:3336} INFO - Setting next_dagrun for example_task_group_decorator to 2022-11-05T00:37:41.530207+00:00, run_after=2022-11-06T00:37:41.530207+00:00
[2022-11-06T02:37:41.549+0200] {processor.py:176} INFO - Processing /Users/mnagy99/opt/anaconda3/envs/airflow-env/lib/python3.8/site-packages/airflow/example_dags/example_task_group_decorator.py took 0.566 seconds
[2022-11-06T02:39:52.632+0200] {processor.py:154} INFO - Started process (PID=4427) to work on /Users/mnagy99/opt/anaconda3/envs/airflow-env/lib/python3.8/site-packages/airflow/example_dags/example_task_group_decorator.py
[2022-11-06T02:39:52.634+0200] {processor.py:756} INFO - Processing file /Users/mnagy99/opt/anaconda3/envs/airflow-env/lib/python3.8/site-packages/airflow/example_dags/example_task_group_decorator.py for tasks to queue
[2022-11-06T02:39:52.635+0200] {logging_mixin.py:120} INFO - [2022-11-06T02:39:52.635+0200] {dagbag.py:537} INFO - Filling up the DagBag from /Users/mnagy99/opt/anaconda3/envs/airflow-env/lib/python3.8/site-packages/airflow/example_dags/example_task_group_decorator.py
[2022-11-06T02:39:52.752+0200] {processor.py:766} INFO - DAG(s) dict_keys(['example_task_group_decorator']) retrieved from /Users/mnagy99/opt/anaconda3/envs/airflow-env/lib/python3.8/site-packages/airflow/example_dags/example_task_group_decorator.py
[2022-11-06T02:39:53.399+0200] {logging_mixin.py:120} INFO - [2022-11-06T02:39:53.399+0200] {dag.py:2585} INFO - Sync 1 DAGs
[2022-11-06T02:39:53.418+0200] {logging_mixin.py:120} INFO - [2022-11-06T02:39:53.417+0200] {dag.py:3336} INFO - Setting next_dagrun for example_task_group_decorator to 2022-11-05T00:39:53.417804+00:00, run_after=2022-11-06T00:39:53.417804+00:00
[2022-11-06T02:39:53.439+0200] {processor.py:176} INFO - Processing /Users/mnagy99/opt/anaconda3/envs/airflow-env/lib/python3.8/site-packages/airflow/example_dags/example_task_group_decorator.py took 0.807 seconds
[2022-11-06T02:42:18.714+0200] {processor.py:154} INFO - Started process (PID=4600) to work on /Users/mnagy99/opt/anaconda3/envs/airflow-env/lib/python3.8/site-packages/airflow/example_dags/example_task_group_decorator.py
[2022-11-06T02:42:18.716+0200] {processor.py:756} INFO - Processing file /Users/mnagy99/opt/anaconda3/envs/airflow-env/lib/python3.8/site-packages/airflow/example_dags/example_task_group_decorator.py for tasks to queue
[2022-11-06T02:42:18.717+0200] {logging_mixin.py:120} INFO - [2022-11-06T02:42:18.717+0200] {dagbag.py:537} INFO - Filling up the DagBag from /Users/mnagy99/opt/anaconda3/envs/airflow-env/lib/python3.8/site-packages/airflow/example_dags/example_task_group_decorator.py
[2022-11-06T02:42:18.776+0200] {processor.py:766} INFO - DAG(s) dict_keys(['example_task_group_decorator']) retrieved from /Users/mnagy99/opt/anaconda3/envs/airflow-env/lib/python3.8/site-packages/airflow/example_dags/example_task_group_decorator.py
[2022-11-06T02:42:19.447+0200] {logging_mixin.py:120} INFO - [2022-11-06T02:42:19.447+0200] {dag.py:2585} INFO - Sync 1 DAGs
[2022-11-06T02:42:19.461+0200] {logging_mixin.py:120} INFO - [2022-11-06T02:42:19.461+0200] {dag.py:3336} INFO - Setting next_dagrun for example_task_group_decorator to 2022-11-05T00:42:19.461062+00:00, run_after=2022-11-06T00:42:19.461062+00:00
[2022-11-06T02:42:19.477+0200] {processor.py:176} INFO - Processing /Users/mnagy99/opt/anaconda3/envs/airflow-env/lib/python3.8/site-packages/airflow/example_dags/example_task_group_decorator.py took 0.764 seconds
[2022-11-06T02:44:44.482+0200] {processor.py:154} INFO - Started process (PID=4733) to work on /Users/mnagy99/opt/anaconda3/envs/airflow-env/lib/python3.8/site-packages/airflow/example_dags/example_task_group_decorator.py
[2022-11-06T02:44:44.485+0200] {processor.py:756} INFO - Processing file /Users/mnagy99/opt/anaconda3/envs/airflow-env/lib/python3.8/site-packages/airflow/example_dags/example_task_group_decorator.py for tasks to queue
[2022-11-06T02:44:44.486+0200] {logging_mixin.py:120} INFO - [2022-11-06T02:44:44.485+0200] {dagbag.py:537} INFO - Filling up the DagBag from /Users/mnagy99/opt/anaconda3/envs/airflow-env/lib/python3.8/site-packages/airflow/example_dags/example_task_group_decorator.py
[2022-11-06T02:44:44.536+0200] {processor.py:766} INFO - DAG(s) dict_keys(['example_task_group_decorator']) retrieved from /Users/mnagy99/opt/anaconda3/envs/airflow-env/lib/python3.8/site-packages/airflow/example_dags/example_task_group_decorator.py
[2022-11-06T02:44:44.987+0200] {logging_mixin.py:120} INFO - [2022-11-06T02:44:44.987+0200] {dag.py:2585} INFO - Sync 1 DAGs
[2022-11-06T02:44:45.001+0200] {logging_mixin.py:120} INFO - [2022-11-06T02:44:45.001+0200] {dag.py:3336} INFO - Setting next_dagrun for example_task_group_decorator to 2022-11-05T00:44:45.001314+00:00, run_after=2022-11-06T00:44:45.001314+00:00
[2022-11-06T02:44:45.018+0200] {processor.py:176} INFO - Processing /Users/mnagy99/opt/anaconda3/envs/airflow-env/lib/python3.8/site-packages/airflow/example_dags/example_task_group_decorator.py took 0.537 seconds
[2022-11-06T02:46:57.376+0200] {processor.py:154} INFO - Started process (PID=4875) to work on /Users/mnagy99/opt/anaconda3/envs/airflow-env/lib/python3.8/site-packages/airflow/example_dags/example_task_group_decorator.py
[2022-11-06T02:46:57.378+0200] {processor.py:756} INFO - Processing file /Users/mnagy99/opt/anaconda3/envs/airflow-env/lib/python3.8/site-packages/airflow/example_dags/example_task_group_decorator.py for tasks to queue
[2022-11-06T02:46:57.379+0200] {logging_mixin.py:120} INFO - [2022-11-06T02:46:57.379+0200] {dagbag.py:537} INFO - Filling up the DagBag from /Users/mnagy99/opt/anaconda3/envs/airflow-env/lib/python3.8/site-packages/airflow/example_dags/example_task_group_decorator.py
[2022-11-06T02:46:57.450+0200] {processor.py:766} INFO - DAG(s) dict_keys(['example_task_group_decorator']) retrieved from /Users/mnagy99/opt/anaconda3/envs/airflow-env/lib/python3.8/site-packages/airflow/example_dags/example_task_group_decorator.py
[2022-11-06T02:46:58.134+0200] {logging_mixin.py:120} INFO - [2022-11-06T02:46:58.134+0200] {dag.py:2585} INFO - Sync 1 DAGs
[2022-11-06T02:46:58.152+0200] {logging_mixin.py:120} INFO - [2022-11-06T02:46:58.152+0200] {dag.py:3336} INFO - Setting next_dagrun for example_task_group_decorator to 2022-11-05T00:46:58.152266+00:00, run_after=2022-11-06T00:46:58.152266+00:00
[2022-11-06T02:46:58.170+0200] {processor.py:176} INFO - Processing /Users/mnagy99/opt/anaconda3/envs/airflow-env/lib/python3.8/site-packages/airflow/example_dags/example_task_group_decorator.py took 0.796 seconds
[2022-11-06T02:49:06.808+0200] {processor.py:154} INFO - Started process (PID=5000) to work on /Users/mnagy99/opt/anaconda3/envs/airflow-env/lib/python3.8/site-packages/airflow/example_dags/example_task_group_decorator.py
[2022-11-06T02:49:06.811+0200] {processor.py:756} INFO - Processing file /Users/mnagy99/opt/anaconda3/envs/airflow-env/lib/python3.8/site-packages/airflow/example_dags/example_task_group_decorator.py for tasks to queue
[2022-11-06T02:49:06.811+0200] {logging_mixin.py:120} INFO - [2022-11-06T02:49:06.811+0200] {dagbag.py:537} INFO - Filling up the DagBag from /Users/mnagy99/opt/anaconda3/envs/airflow-env/lib/python3.8/site-packages/airflow/example_dags/example_task_group_decorator.py
[2022-11-06T02:49:06.860+0200] {processor.py:766} INFO - DAG(s) dict_keys(['example_task_group_decorator']) retrieved from /Users/mnagy99/opt/anaconda3/envs/airflow-env/lib/python3.8/site-packages/airflow/example_dags/example_task_group_decorator.py
[2022-11-06T02:49:07.314+0200] {logging_mixin.py:120} INFO - [2022-11-06T02:49:07.314+0200] {dag.py:2585} INFO - Sync 1 DAGs
[2022-11-06T02:49:07.329+0200] {logging_mixin.py:120} INFO - [2022-11-06T02:49:07.329+0200] {dag.py:3336} INFO - Setting next_dagrun for example_task_group_decorator to 2022-11-05T00:49:07.329145+00:00, run_after=2022-11-06T00:49:07.329145+00:00
[2022-11-06T02:49:07.351+0200] {processor.py:176} INFO - Processing /Users/mnagy99/opt/anaconda3/envs/airflow-env/lib/python3.8/site-packages/airflow/example_dags/example_task_group_decorator.py took 0.544 seconds
[2022-11-06T02:51:09.430+0200] {processor.py:154} INFO - Started process (PID=5122) to work on /Users/mnagy99/opt/anaconda3/envs/airflow-env/lib/python3.8/site-packages/airflow/example_dags/example_task_group_decorator.py
[2022-11-06T02:51:09.432+0200] {processor.py:756} INFO - Processing file /Users/mnagy99/opt/anaconda3/envs/airflow-env/lib/python3.8/site-packages/airflow/example_dags/example_task_group_decorator.py for tasks to queue
[2022-11-06T02:51:09.433+0200] {logging_mixin.py:120} INFO - [2022-11-06T02:51:09.433+0200] {dagbag.py:537} INFO - Filling up the DagBag from /Users/mnagy99/opt/anaconda3/envs/airflow-env/lib/python3.8/site-packages/airflow/example_dags/example_task_group_decorator.py
[2022-11-06T02:51:09.480+0200] {processor.py:766} INFO - DAG(s) dict_keys(['example_task_group_decorator']) retrieved from /Users/mnagy99/opt/anaconda3/envs/airflow-env/lib/python3.8/site-packages/airflow/example_dags/example_task_group_decorator.py
[2022-11-06T02:51:09.907+0200] {logging_mixin.py:120} INFO - [2022-11-06T02:51:09.907+0200] {dag.py:2585} INFO - Sync 1 DAGs
[2022-11-06T02:51:09.921+0200] {logging_mixin.py:120} INFO - [2022-11-06T02:51:09.921+0200] {dag.py:3336} INFO - Setting next_dagrun for example_task_group_decorator to 2022-11-05T00:51:09.920990+00:00, run_after=2022-11-06T00:51:09.920990+00:00
[2022-11-06T02:51:09.939+0200] {processor.py:176} INFO - Processing /Users/mnagy99/opt/anaconda3/envs/airflow-env/lib/python3.8/site-packages/airflow/example_dags/example_task_group_decorator.py took 0.510 seconds
[2022-11-06T02:53:16.663+0200] {processor.py:154} INFO - Started process (PID=5250) to work on /Users/mnagy99/opt/anaconda3/envs/airflow-env/lib/python3.8/site-packages/airflow/example_dags/example_task_group_decorator.py
[2022-11-06T02:53:16.665+0200] {processor.py:756} INFO - Processing file /Users/mnagy99/opt/anaconda3/envs/airflow-env/lib/python3.8/site-packages/airflow/example_dags/example_task_group_decorator.py for tasks to queue
[2022-11-06T02:53:16.666+0200] {logging_mixin.py:120} INFO - [2022-11-06T02:53:16.666+0200] {dagbag.py:537} INFO - Filling up the DagBag from /Users/mnagy99/opt/anaconda3/envs/airflow-env/lib/python3.8/site-packages/airflow/example_dags/example_task_group_decorator.py
[2022-11-06T02:53:16.717+0200] {processor.py:766} INFO - DAG(s) dict_keys(['example_task_group_decorator']) retrieved from /Users/mnagy99/opt/anaconda3/envs/airflow-env/lib/python3.8/site-packages/airflow/example_dags/example_task_group_decorator.py
[2022-11-06T02:53:17.207+0200] {logging_mixin.py:120} INFO - [2022-11-06T02:53:17.207+0200] {dag.py:2585} INFO - Sync 1 DAGs
[2022-11-06T02:53:17.220+0200] {logging_mixin.py:120} INFO - [2022-11-06T02:53:17.220+0200] {dag.py:3336} INFO - Setting next_dagrun for example_task_group_decorator to 2022-11-05T00:53:17.220492+00:00, run_after=2022-11-06T00:53:17.220492+00:00
[2022-11-06T02:53:17.241+0200] {processor.py:176} INFO - Processing /Users/mnagy99/opt/anaconda3/envs/airflow-env/lib/python3.8/site-packages/airflow/example_dags/example_task_group_decorator.py took 0.579 seconds
[2022-11-06T02:55:25.801+0200] {processor.py:154} INFO - Started process (PID=5375) to work on /Users/mnagy99/opt/anaconda3/envs/airflow-env/lib/python3.8/site-packages/airflow/example_dags/example_task_group_decorator.py
[2022-11-06T02:55:25.803+0200] {processor.py:756} INFO - Processing file /Users/mnagy99/opt/anaconda3/envs/airflow-env/lib/python3.8/site-packages/airflow/example_dags/example_task_group_decorator.py for tasks to queue
[2022-11-06T02:55:25.803+0200] {logging_mixin.py:120} INFO - [2022-11-06T02:55:25.803+0200] {dagbag.py:537} INFO - Filling up the DagBag from /Users/mnagy99/opt/anaconda3/envs/airflow-env/lib/python3.8/site-packages/airflow/example_dags/example_task_group_decorator.py
[2022-11-06T02:55:25.849+0200] {processor.py:766} INFO - DAG(s) dict_keys(['example_task_group_decorator']) retrieved from /Users/mnagy99/opt/anaconda3/envs/airflow-env/lib/python3.8/site-packages/airflow/example_dags/example_task_group_decorator.py
[2022-11-06T02:55:26.340+0200] {logging_mixin.py:120} INFO - [2022-11-06T02:55:26.339+0200] {dag.py:2585} INFO - Sync 1 DAGs
[2022-11-06T02:55:26.353+0200] {logging_mixin.py:120} INFO - [2022-11-06T02:55:26.353+0200] {dag.py:3336} INFO - Setting next_dagrun for example_task_group_decorator to 2022-11-05T00:55:26.353420+00:00, run_after=2022-11-06T00:55:26.353420+00:00
[2022-11-06T02:55:26.371+0200] {processor.py:176} INFO - Processing /Users/mnagy99/opt/anaconda3/envs/airflow-env/lib/python3.8/site-packages/airflow/example_dags/example_task_group_decorator.py took 0.571 seconds
[2022-11-06T02:57:42.065+0200] {processor.py:154} INFO - Started process (PID=5520) to work on /Users/mnagy99/opt/anaconda3/envs/airflow-env/lib/python3.8/site-packages/airflow/example_dags/example_task_group_decorator.py
[2022-11-06T02:57:42.067+0200] {processor.py:756} INFO - Processing file /Users/mnagy99/opt/anaconda3/envs/airflow-env/lib/python3.8/site-packages/airflow/example_dags/example_task_group_decorator.py for tasks to queue
[2022-11-06T02:57:42.068+0200] {logging_mixin.py:120} INFO - [2022-11-06T02:57:42.068+0200] {dagbag.py:537} INFO - Filling up the DagBag from /Users/mnagy99/opt/anaconda3/envs/airflow-env/lib/python3.8/site-packages/airflow/example_dags/example_task_group_decorator.py
[2022-11-06T02:57:42.128+0200] {processor.py:766} INFO - DAG(s) dict_keys(['example_task_group_decorator']) retrieved from /Users/mnagy99/opt/anaconda3/envs/airflow-env/lib/python3.8/site-packages/airflow/example_dags/example_task_group_decorator.py
[2022-11-06T02:57:42.554+0200] {logging_mixin.py:120} INFO - [2022-11-06T02:57:42.554+0200] {dag.py:2585} INFO - Sync 1 DAGs
[2022-11-06T02:57:42.568+0200] {logging_mixin.py:120} INFO - [2022-11-06T02:57:42.568+0200] {dag.py:3336} INFO - Setting next_dagrun for example_task_group_decorator to 2022-11-05T00:57:42.567936+00:00, run_after=2022-11-06T00:57:42.567936+00:00
[2022-11-06T02:57:42.586+0200] {processor.py:176} INFO - Processing /Users/mnagy99/opt/anaconda3/envs/airflow-env/lib/python3.8/site-packages/airflow/example_dags/example_task_group_decorator.py took 0.522 seconds
[2022-11-06T03:00:00.732+0200] {processor.py:154} INFO - Started process (PID=5657) to work on /Users/mnagy99/opt/anaconda3/envs/airflow-env/lib/python3.8/site-packages/airflow/example_dags/example_task_group_decorator.py
[2022-11-06T03:00:00.733+0200] {processor.py:756} INFO - Processing file /Users/mnagy99/opt/anaconda3/envs/airflow-env/lib/python3.8/site-packages/airflow/example_dags/example_task_group_decorator.py for tasks to queue
[2022-11-06T03:00:00.733+0200] {logging_mixin.py:120} INFO - [2022-11-06T03:00:00.733+0200] {dagbag.py:537} INFO - Filling up the DagBag from /Users/mnagy99/opt/anaconda3/envs/airflow-env/lib/python3.8/site-packages/airflow/example_dags/example_task_group_decorator.py
[2022-11-06T03:00:00.782+0200] {processor.py:766} INFO - DAG(s) dict_keys(['example_task_group_decorator']) retrieved from /Users/mnagy99/opt/anaconda3/envs/airflow-env/lib/python3.8/site-packages/airflow/example_dags/example_task_group_decorator.py
[2022-11-06T03:00:01.246+0200] {logging_mixin.py:120} INFO - [2022-11-06T03:00:01.246+0200] {dag.py:2585} INFO - Sync 1 DAGs
[2022-11-06T03:00:01.260+0200] {logging_mixin.py:120} INFO - [2022-11-06T03:00:01.260+0200] {dag.py:3336} INFO - Setting next_dagrun for example_task_group_decorator to 2022-11-05T01:00:01.260150+00:00, run_after=2022-11-06T01:00:01.260150+00:00
[2022-11-06T03:00:01.277+0200] {processor.py:176} INFO - Processing /Users/mnagy99/opt/anaconda3/envs/airflow-env/lib/python3.8/site-packages/airflow/example_dags/example_task_group_decorator.py took 0.546 seconds
[2022-11-06T03:02:45.453+0200] {processor.py:154} INFO - Started process (PID=5803) to work on /Users/mnagy99/opt/anaconda3/envs/airflow-env/lib/python3.8/site-packages/airflow/example_dags/example_task_group_decorator.py
[2022-11-06T03:02:45.455+0200] {processor.py:756} INFO - Processing file /Users/mnagy99/opt/anaconda3/envs/airflow-env/lib/python3.8/site-packages/airflow/example_dags/example_task_group_decorator.py for tasks to queue
[2022-11-06T03:02:45.456+0200] {logging_mixin.py:120} INFO - [2022-11-06T03:02:45.455+0200] {dagbag.py:537} INFO - Filling up the DagBag from /Users/mnagy99/opt/anaconda3/envs/airflow-env/lib/python3.8/site-packages/airflow/example_dags/example_task_group_decorator.py
[2022-11-06T03:02:45.503+0200] {processor.py:766} INFO - DAG(s) dict_keys(['example_task_group_decorator']) retrieved from /Users/mnagy99/opt/anaconda3/envs/airflow-env/lib/python3.8/site-packages/airflow/example_dags/example_task_group_decorator.py
[2022-11-06T03:02:45.942+0200] {logging_mixin.py:120} INFO - [2022-11-06T03:02:45.942+0200] {dag.py:2585} INFO - Sync 1 DAGs
[2022-11-06T03:02:45.956+0200] {logging_mixin.py:120} INFO - [2022-11-06T03:02:45.956+0200] {dag.py:3336} INFO - Setting next_dagrun for example_task_group_decorator to 2022-11-05T01:02:45.956220+00:00, run_after=2022-11-06T01:02:45.956220+00:00
[2022-11-06T03:02:45.975+0200] {processor.py:176} INFO - Processing /Users/mnagy99/opt/anaconda3/envs/airflow-env/lib/python3.8/site-packages/airflow/example_dags/example_task_group_decorator.py took 0.523 seconds
[2022-11-06T03:05:04.481+0200] {processor.py:154} INFO - Started process (PID=5934) to work on /Users/mnagy99/opt/anaconda3/envs/airflow-env/lib/python3.8/site-packages/airflow/example_dags/example_task_group_decorator.py
[2022-11-06T03:05:04.484+0200] {processor.py:756} INFO - Processing file /Users/mnagy99/opt/anaconda3/envs/airflow-env/lib/python3.8/site-packages/airflow/example_dags/example_task_group_decorator.py for tasks to queue
[2022-11-06T03:05:04.485+0200] {logging_mixin.py:120} INFO - [2022-11-06T03:05:04.484+0200] {dagbag.py:537} INFO - Filling up the DagBag from /Users/mnagy99/opt/anaconda3/envs/airflow-env/lib/python3.8/site-packages/airflow/example_dags/example_task_group_decorator.py
[2022-11-06T03:05:04.532+0200] {processor.py:766} INFO - DAG(s) dict_keys(['example_task_group_decorator']) retrieved from /Users/mnagy99/opt/anaconda3/envs/airflow-env/lib/python3.8/site-packages/airflow/example_dags/example_task_group_decorator.py
[2022-11-06T03:05:05.013+0200] {logging_mixin.py:120} INFO - [2022-11-06T03:05:05.012+0200] {dag.py:2585} INFO - Sync 1 DAGs
[2022-11-06T03:05:05.028+0200] {logging_mixin.py:120} INFO - [2022-11-06T03:05:05.028+0200] {dag.py:3336} INFO - Setting next_dagrun for example_task_group_decorator to 2022-11-05T01:05:05.028640+00:00, run_after=2022-11-06T01:05:05.028640+00:00
[2022-11-06T03:05:05.047+0200] {processor.py:176} INFO - Processing /Users/mnagy99/opt/anaconda3/envs/airflow-env/lib/python3.8/site-packages/airflow/example_dags/example_task_group_decorator.py took 0.566 seconds
[2022-11-06T03:07:24.431+0200] {processor.py:154} INFO - Started process (PID=6070) to work on /Users/mnagy99/opt/anaconda3/envs/airflow-env/lib/python3.8/site-packages/airflow/example_dags/example_task_group_decorator.py
[2022-11-06T03:07:24.433+0200] {processor.py:756} INFO - Processing file /Users/mnagy99/opt/anaconda3/envs/airflow-env/lib/python3.8/site-packages/airflow/example_dags/example_task_group_decorator.py for tasks to queue
[2022-11-06T03:07:24.434+0200] {logging_mixin.py:120} INFO - [2022-11-06T03:07:24.434+0200] {dagbag.py:537} INFO - Filling up the DagBag from /Users/mnagy99/opt/anaconda3/envs/airflow-env/lib/python3.8/site-packages/airflow/example_dags/example_task_group_decorator.py
[2022-11-06T03:07:24.481+0200] {processor.py:766} INFO - DAG(s) dict_keys(['example_task_group_decorator']) retrieved from /Users/mnagy99/opt/anaconda3/envs/airflow-env/lib/python3.8/site-packages/airflow/example_dags/example_task_group_decorator.py
[2022-11-06T03:07:25.034+0200] {logging_mixin.py:120} INFO - [2022-11-06T03:07:25.034+0200] {dag.py:2585} INFO - Sync 1 DAGs
[2022-11-06T03:07:25.048+0200] {logging_mixin.py:120} INFO - [2022-11-06T03:07:25.048+0200] {dag.py:3336} INFO - Setting next_dagrun for example_task_group_decorator to 2022-11-05T01:07:25.048373+00:00, run_after=2022-11-06T01:07:25.048373+00:00
[2022-11-06T03:07:25.066+0200] {processor.py:176} INFO - Processing /Users/mnagy99/opt/anaconda3/envs/airflow-env/lib/python3.8/site-packages/airflow/example_dags/example_task_group_decorator.py took 0.636 seconds
[2022-11-06T03:09:30.399+0200] {processor.py:154} INFO - Started process (PID=6199) to work on /Users/mnagy99/opt/anaconda3/envs/airflow-env/lib/python3.8/site-packages/airflow/example_dags/example_task_group_decorator.py
[2022-11-06T03:09:30.400+0200] {processor.py:756} INFO - Processing file /Users/mnagy99/opt/anaconda3/envs/airflow-env/lib/python3.8/site-packages/airflow/example_dags/example_task_group_decorator.py for tasks to queue
[2022-11-06T03:09:30.400+0200] {logging_mixin.py:120} INFO - [2022-11-06T03:09:30.400+0200] {dagbag.py:537} INFO - Filling up the DagBag from /Users/mnagy99/opt/anaconda3/envs/airflow-env/lib/python3.8/site-packages/airflow/example_dags/example_task_group_decorator.py
[2022-11-06T03:09:30.450+0200] {processor.py:766} INFO - DAG(s) dict_keys(['example_task_group_decorator']) retrieved from /Users/mnagy99/opt/anaconda3/envs/airflow-env/lib/python3.8/site-packages/airflow/example_dags/example_task_group_decorator.py
[2022-11-06T03:09:30.882+0200] {logging_mixin.py:120} INFO - [2022-11-06T03:09:30.882+0200] {dag.py:2585} INFO - Sync 1 DAGs
[2022-11-06T03:09:30.898+0200] {logging_mixin.py:120} INFO - [2022-11-06T03:09:30.898+0200] {dag.py:3336} INFO - Setting next_dagrun for example_task_group_decorator to 2022-11-05T01:09:30.898709+00:00, run_after=2022-11-06T01:09:30.898709+00:00
[2022-11-06T03:09:30.921+0200] {processor.py:176} INFO - Processing /Users/mnagy99/opt/anaconda3/envs/airflow-env/lib/python3.8/site-packages/airflow/example_dags/example_task_group_decorator.py took 0.523 seconds
[2022-11-06T03:11:31.988+0200] {processor.py:154} INFO - Started process (PID=6331) to work on /Users/mnagy99/opt/anaconda3/envs/airflow-env/lib/python3.8/site-packages/airflow/example_dags/example_task_group_decorator.py
[2022-11-06T03:11:31.989+0200] {processor.py:756} INFO - Processing file /Users/mnagy99/opt/anaconda3/envs/airflow-env/lib/python3.8/site-packages/airflow/example_dags/example_task_group_decorator.py for tasks to queue
[2022-11-06T03:11:31.990+0200] {logging_mixin.py:120} INFO - [2022-11-06T03:11:31.990+0200] {dagbag.py:537} INFO - Filling up the DagBag from /Users/mnagy99/opt/anaconda3/envs/airflow-env/lib/python3.8/site-packages/airflow/example_dags/example_task_group_decorator.py
[2022-11-06T03:11:32.050+0200] {processor.py:766} INFO - DAG(s) dict_keys(['example_task_group_decorator']) retrieved from /Users/mnagy99/opt/anaconda3/envs/airflow-env/lib/python3.8/site-packages/airflow/example_dags/example_task_group_decorator.py
[2022-11-06T03:11:32.482+0200] {logging_mixin.py:120} INFO - [2022-11-06T03:11:32.482+0200] {dag.py:2585} INFO - Sync 1 DAGs
[2022-11-06T03:11:32.496+0200] {logging_mixin.py:120} INFO - [2022-11-06T03:11:32.495+0200] {dag.py:3336} INFO - Setting next_dagrun for example_task_group_decorator to 2022-11-05T01:11:32.495857+00:00, run_after=2022-11-06T01:11:32.495857+00:00
[2022-11-06T03:11:32.514+0200] {processor.py:176} INFO - Processing /Users/mnagy99/opt/anaconda3/envs/airflow-env/lib/python3.8/site-packages/airflow/example_dags/example_task_group_decorator.py took 0.527 seconds
[2022-11-06T03:13:41.573+0200] {processor.py:154} INFO - Started process (PID=6462) to work on /Users/mnagy99/opt/anaconda3/envs/airflow-env/lib/python3.8/site-packages/airflow/example_dags/example_task_group_decorator.py
[2022-11-06T03:13:41.575+0200] {processor.py:756} INFO - Processing file /Users/mnagy99/opt/anaconda3/envs/airflow-env/lib/python3.8/site-packages/airflow/example_dags/example_task_group_decorator.py for tasks to queue
[2022-11-06T03:13:41.576+0200] {logging_mixin.py:120} INFO - [2022-11-06T03:13:41.576+0200] {dagbag.py:537} INFO - Filling up the DagBag from /Users/mnagy99/opt/anaconda3/envs/airflow-env/lib/python3.8/site-packages/airflow/example_dags/example_task_group_decorator.py
[2022-11-06T03:13:41.620+0200] {processor.py:766} INFO - DAG(s) dict_keys(['example_task_group_decorator']) retrieved from /Users/mnagy99/opt/anaconda3/envs/airflow-env/lib/python3.8/site-packages/airflow/example_dags/example_task_group_decorator.py
[2022-11-06T03:13:42.068+0200] {logging_mixin.py:120} INFO - [2022-11-06T03:13:42.068+0200] {dag.py:2585} INFO - Sync 1 DAGs
[2022-11-06T03:13:42.082+0200] {logging_mixin.py:120} INFO - [2022-11-06T03:13:42.081+0200] {dag.py:3336} INFO - Setting next_dagrun for example_task_group_decorator to 2022-11-05T01:13:42.081806+00:00, run_after=2022-11-06T01:13:42.081806+00:00
[2022-11-06T03:13:42.101+0200] {processor.py:176} INFO - Processing /Users/mnagy99/opt/anaconda3/envs/airflow-env/lib/python3.8/site-packages/airflow/example_dags/example_task_group_decorator.py took 0.529 seconds
[2022-11-06T03:15:41.114+0200] {processor.py:154} INFO - Started process (PID=6589) to work on /Users/mnagy99/opt/anaconda3/envs/airflow-env/lib/python3.8/site-packages/airflow/example_dags/example_task_group_decorator.py
[2022-11-06T03:15:41.115+0200] {processor.py:756} INFO - Processing file /Users/mnagy99/opt/anaconda3/envs/airflow-env/lib/python3.8/site-packages/airflow/example_dags/example_task_group_decorator.py for tasks to queue
[2022-11-06T03:15:41.115+0200] {logging_mixin.py:120} INFO - [2022-11-06T03:15:41.115+0200] {dagbag.py:537} INFO - Filling up the DagBag from /Users/mnagy99/opt/anaconda3/envs/airflow-env/lib/python3.8/site-packages/airflow/example_dags/example_task_group_decorator.py
[2022-11-06T03:15:41.158+0200] {processor.py:766} INFO - DAG(s) dict_keys(['example_task_group_decorator']) retrieved from /Users/mnagy99/opt/anaconda3/envs/airflow-env/lib/python3.8/site-packages/airflow/example_dags/example_task_group_decorator.py
[2022-11-06T03:15:41.626+0200] {logging_mixin.py:120} INFO - [2022-11-06T03:15:41.626+0200] {dag.py:2585} INFO - Sync 1 DAGs
[2022-11-06T03:15:41.639+0200] {logging_mixin.py:120} INFO - [2022-11-06T03:15:41.639+0200] {dag.py:3336} INFO - Setting next_dagrun for example_task_group_decorator to 2022-11-05T01:15:41.639563+00:00, run_after=2022-11-06T01:15:41.639563+00:00
[2022-11-06T03:15:41.654+0200] {processor.py:176} INFO - Processing /Users/mnagy99/opt/anaconda3/envs/airflow-env/lib/python3.8/site-packages/airflow/example_dags/example_task_group_decorator.py took 0.541 seconds
[2022-11-06T03:17:38.299+0200] {processor.py:154} INFO - Started process (PID=6723) to work on /Users/mnagy99/opt/anaconda3/envs/airflow-env/lib/python3.8/site-packages/airflow/example_dags/example_task_group_decorator.py
[2022-11-06T03:17:38.301+0200] {processor.py:756} INFO - Processing file /Users/mnagy99/opt/anaconda3/envs/airflow-env/lib/python3.8/site-packages/airflow/example_dags/example_task_group_decorator.py for tasks to queue
[2022-11-06T03:17:38.302+0200] {logging_mixin.py:120} INFO - [2022-11-06T03:17:38.302+0200] {dagbag.py:537} INFO - Filling up the DagBag from /Users/mnagy99/opt/anaconda3/envs/airflow-env/lib/python3.8/site-packages/airflow/example_dags/example_task_group_decorator.py
[2022-11-06T03:17:38.349+0200] {processor.py:766} INFO - DAG(s) dict_keys(['example_task_group_decorator']) retrieved from /Users/mnagy99/opt/anaconda3/envs/airflow-env/lib/python3.8/site-packages/airflow/example_dags/example_task_group_decorator.py
[2022-11-06T03:17:38.780+0200] {logging_mixin.py:120} INFO - [2022-11-06T03:17:38.779+0200] {dag.py:2585} INFO - Sync 1 DAGs
[2022-11-06T03:17:38.793+0200] {logging_mixin.py:120} INFO - [2022-11-06T03:17:38.793+0200] {dag.py:3336} INFO - Setting next_dagrun for example_task_group_decorator to 2022-11-05T01:17:38.793255+00:00, run_after=2022-11-06T01:17:38.793255+00:00
[2022-11-06T03:17:38.810+0200] {processor.py:176} INFO - Processing /Users/mnagy99/opt/anaconda3/envs/airflow-env/lib/python3.8/site-packages/airflow/example_dags/example_task_group_decorator.py took 0.512 seconds
[2022-11-06T03:19:36.067+0200] {processor.py:154} INFO - Started process (PID=6847) to work on /Users/mnagy99/opt/anaconda3/envs/airflow-env/lib/python3.8/site-packages/airflow/example_dags/example_task_group_decorator.py
[2022-11-06T03:19:36.068+0200] {processor.py:756} INFO - Processing file /Users/mnagy99/opt/anaconda3/envs/airflow-env/lib/python3.8/site-packages/airflow/example_dags/example_task_group_decorator.py for tasks to queue
[2022-11-06T03:19:36.068+0200] {logging_mixin.py:120} INFO - [2022-11-06T03:19:36.068+0200] {dagbag.py:537} INFO - Filling up the DagBag from /Users/mnagy99/opt/anaconda3/envs/airflow-env/lib/python3.8/site-packages/airflow/example_dags/example_task_group_decorator.py
[2022-11-06T03:19:36.127+0200] {processor.py:766} INFO - DAG(s) dict_keys(['example_task_group_decorator']) retrieved from /Users/mnagy99/opt/anaconda3/envs/airflow-env/lib/python3.8/site-packages/airflow/example_dags/example_task_group_decorator.py
[2022-11-06T03:19:36.581+0200] {logging_mixin.py:120} INFO - [2022-11-06T03:19:36.581+0200] {dag.py:2585} INFO - Sync 1 DAGs
[2022-11-06T03:19:36.599+0200] {logging_mixin.py:120} INFO - [2022-11-06T03:19:36.599+0200] {dag.py:3336} INFO - Setting next_dagrun for example_task_group_decorator to 2022-11-05T01:19:36.599206+00:00, run_after=2022-11-06T01:19:36.599206+00:00
[2022-11-06T03:19:36.619+0200] {processor.py:176} INFO - Processing /Users/mnagy99/opt/anaconda3/envs/airflow-env/lib/python3.8/site-packages/airflow/example_dags/example_task_group_decorator.py took 0.552 seconds
[2022-11-06T03:21:37.639+0200] {processor.py:154} INFO - Started process (PID=6972) to work on /Users/mnagy99/opt/anaconda3/envs/airflow-env/lib/python3.8/site-packages/airflow/example_dags/example_task_group_decorator.py
[2022-11-06T03:21:37.640+0200] {processor.py:756} INFO - Processing file /Users/mnagy99/opt/anaconda3/envs/airflow-env/lib/python3.8/site-packages/airflow/example_dags/example_task_group_decorator.py for tasks to queue
[2022-11-06T03:21:37.641+0200] {logging_mixin.py:120} INFO - [2022-11-06T03:21:37.641+0200] {dagbag.py:537} INFO - Filling up the DagBag from /Users/mnagy99/opt/anaconda3/envs/airflow-env/lib/python3.8/site-packages/airflow/example_dags/example_task_group_decorator.py
[2022-11-06T03:21:37.694+0200] {processor.py:766} INFO - DAG(s) dict_keys(['example_task_group_decorator']) retrieved from /Users/mnagy99/opt/anaconda3/envs/airflow-env/lib/python3.8/site-packages/airflow/example_dags/example_task_group_decorator.py
[2022-11-06T03:21:38.180+0200] {logging_mixin.py:120} INFO - [2022-11-06T03:21:38.180+0200] {dag.py:2585} INFO - Sync 1 DAGs
[2022-11-06T03:21:38.196+0200] {logging_mixin.py:120} INFO - [2022-11-06T03:21:38.196+0200] {dag.py:3336} INFO - Setting next_dagrun for example_task_group_decorator to 2022-11-05T01:21:38.196027+00:00, run_after=2022-11-06T01:21:38.196027+00:00
[2022-11-06T03:21:38.217+0200] {processor.py:176} INFO - Processing /Users/mnagy99/opt/anaconda3/envs/airflow-env/lib/python3.8/site-packages/airflow/example_dags/example_task_group_decorator.py took 0.579 seconds
[2022-11-06T03:23:38.743+0200] {processor.py:154} INFO - Started process (PID=7101) to work on /Users/mnagy99/opt/anaconda3/envs/airflow-env/lib/python3.8/site-packages/airflow/example_dags/example_task_group_decorator.py
[2022-11-06T03:23:38.745+0200] {processor.py:756} INFO - Processing file /Users/mnagy99/opt/anaconda3/envs/airflow-env/lib/python3.8/site-packages/airflow/example_dags/example_task_group_decorator.py for tasks to queue
[2022-11-06T03:23:38.746+0200] {logging_mixin.py:120} INFO - [2022-11-06T03:23:38.745+0200] {dagbag.py:537} INFO - Filling up the DagBag from /Users/mnagy99/opt/anaconda3/envs/airflow-env/lib/python3.8/site-packages/airflow/example_dags/example_task_group_decorator.py
[2022-11-06T03:23:38.791+0200] {processor.py:766} INFO - DAG(s) dict_keys(['example_task_group_decorator']) retrieved from /Users/mnagy99/opt/anaconda3/envs/airflow-env/lib/python3.8/site-packages/airflow/example_dags/example_task_group_decorator.py
[2022-11-06T03:23:39.227+0200] {logging_mixin.py:120} INFO - [2022-11-06T03:23:39.227+0200] {dag.py:2585} INFO - Sync 1 DAGs
[2022-11-06T03:23:39.241+0200] {logging_mixin.py:120} INFO - [2022-11-06T03:23:39.241+0200] {dag.py:3336} INFO - Setting next_dagrun for example_task_group_decorator to 2022-11-05T01:23:39.241263+00:00, run_after=2022-11-06T01:23:39.241263+00:00
[2022-11-06T03:23:39.259+0200] {processor.py:176} INFO - Processing /Users/mnagy99/opt/anaconda3/envs/airflow-env/lib/python3.8/site-packages/airflow/example_dags/example_task_group_decorator.py took 0.517 seconds
[2022-11-06T03:25:33.791+0200] {processor.py:154} INFO - Started process (PID=7224) to work on /Users/mnagy99/opt/anaconda3/envs/airflow-env/lib/python3.8/site-packages/airflow/example_dags/example_task_group_decorator.py
[2022-11-06T03:25:33.792+0200] {processor.py:756} INFO - Processing file /Users/mnagy99/opt/anaconda3/envs/airflow-env/lib/python3.8/site-packages/airflow/example_dags/example_task_group_decorator.py for tasks to queue
[2022-11-06T03:25:33.792+0200] {logging_mixin.py:120} INFO - [2022-11-06T03:25:33.792+0200] {dagbag.py:537} INFO - Filling up the DagBag from /Users/mnagy99/opt/anaconda3/envs/airflow-env/lib/python3.8/site-packages/airflow/example_dags/example_task_group_decorator.py
[2022-11-06T03:25:33.835+0200] {processor.py:766} INFO - DAG(s) dict_keys(['example_task_group_decorator']) retrieved from /Users/mnagy99/opt/anaconda3/envs/airflow-env/lib/python3.8/site-packages/airflow/example_dags/example_task_group_decorator.py
[2022-11-06T03:25:34.257+0200] {logging_mixin.py:120} INFO - [2022-11-06T03:25:34.257+0200] {dag.py:2585} INFO - Sync 1 DAGs
[2022-11-06T03:25:34.270+0200] {logging_mixin.py:120} INFO - [2022-11-06T03:25:34.270+0200] {dag.py:3336} INFO - Setting next_dagrun for example_task_group_decorator to 2022-11-05T01:25:34.270571+00:00, run_after=2022-11-06T01:25:34.270571+00:00
[2022-11-06T03:25:34.289+0200] {processor.py:176} INFO - Processing /Users/mnagy99/opt/anaconda3/envs/airflow-env/lib/python3.8/site-packages/airflow/example_dags/example_task_group_decorator.py took 0.499 seconds
[2022-11-06T03:27:35.454+0200] {processor.py:154} INFO - Started process (PID=7370) to work on /Users/mnagy99/opt/anaconda3/envs/airflow-env/lib/python3.8/site-packages/airflow/example_dags/example_task_group_decorator.py
[2022-11-06T03:27:35.457+0200] {processor.py:756} INFO - Processing file /Users/mnagy99/opt/anaconda3/envs/airflow-env/lib/python3.8/site-packages/airflow/example_dags/example_task_group_decorator.py for tasks to queue
[2022-11-06T03:27:35.457+0200] {logging_mixin.py:120} INFO - [2022-11-06T03:27:35.457+0200] {dagbag.py:537} INFO - Filling up the DagBag from /Users/mnagy99/opt/anaconda3/envs/airflow-env/lib/python3.8/site-packages/airflow/example_dags/example_task_group_decorator.py
[2022-11-06T03:27:35.505+0200] {processor.py:766} INFO - DAG(s) dict_keys(['example_task_group_decorator']) retrieved from /Users/mnagy99/opt/anaconda3/envs/airflow-env/lib/python3.8/site-packages/airflow/example_dags/example_task_group_decorator.py
[2022-11-06T03:27:35.955+0200] {logging_mixin.py:120} INFO - [2022-11-06T03:27:35.954+0200] {dag.py:2585} INFO - Sync 1 DAGs
[2022-11-06T03:27:35.969+0200] {logging_mixin.py:120} INFO - [2022-11-06T03:27:35.969+0200] {dag.py:3336} INFO - Setting next_dagrun for example_task_group_decorator to 2022-11-05T01:27:35.969535+00:00, run_after=2022-11-06T01:27:35.969535+00:00
[2022-11-06T03:27:35.989+0200] {processor.py:176} INFO - Processing /Users/mnagy99/opt/anaconda3/envs/airflow-env/lib/python3.8/site-packages/airflow/example_dags/example_task_group_decorator.py took 0.535 seconds
[2022-11-06T03:29:39.404+0200] {processor.py:154} INFO - Started process (PID=7496) to work on /Users/mnagy99/opt/anaconda3/envs/airflow-env/lib/python3.8/site-packages/airflow/example_dags/example_task_group_decorator.py
[2022-11-06T03:29:39.407+0200] {processor.py:756} INFO - Processing file /Users/mnagy99/opt/anaconda3/envs/airflow-env/lib/python3.8/site-packages/airflow/example_dags/example_task_group_decorator.py for tasks to queue
[2022-11-06T03:29:39.407+0200] {logging_mixin.py:120} INFO - [2022-11-06T03:29:39.407+0200] {dagbag.py:537} INFO - Filling up the DagBag from /Users/mnagy99/opt/anaconda3/envs/airflow-env/lib/python3.8/site-packages/airflow/example_dags/example_task_group_decorator.py
[2022-11-06T03:29:39.453+0200] {processor.py:766} INFO - DAG(s) dict_keys(['example_task_group_decorator']) retrieved from /Users/mnagy99/opt/anaconda3/envs/airflow-env/lib/python3.8/site-packages/airflow/example_dags/example_task_group_decorator.py
[2022-11-06T03:29:39.878+0200] {logging_mixin.py:120} INFO - [2022-11-06T03:29:39.877+0200] {dag.py:2585} INFO - Sync 1 DAGs
[2022-11-06T03:29:39.891+0200] {logging_mixin.py:120} INFO - [2022-11-06T03:29:39.891+0200] {dag.py:3336} INFO - Setting next_dagrun for example_task_group_decorator to 2022-11-05T01:29:39.891322+00:00, run_after=2022-11-06T01:29:39.891322+00:00
[2022-11-06T03:29:39.908+0200] {processor.py:176} INFO - Processing /Users/mnagy99/opt/anaconda3/envs/airflow-env/lib/python3.8/site-packages/airflow/example_dags/example_task_group_decorator.py took 0.505 seconds
[2022-11-06T03:31:38.885+0200] {processor.py:154} INFO - Started process (PID=7624) to work on /Users/mnagy99/opt/anaconda3/envs/airflow-env/lib/python3.8/site-packages/airflow/example_dags/example_task_group_decorator.py
[2022-11-06T03:31:38.888+0200] {processor.py:756} INFO - Processing file /Users/mnagy99/opt/anaconda3/envs/airflow-env/lib/python3.8/site-packages/airflow/example_dags/example_task_group_decorator.py for tasks to queue
[2022-11-06T03:31:38.888+0200] {logging_mixin.py:120} INFO - [2022-11-06T03:31:38.888+0200] {dagbag.py:537} INFO - Filling up the DagBag from /Users/mnagy99/opt/anaconda3/envs/airflow-env/lib/python3.8/site-packages/airflow/example_dags/example_task_group_decorator.py
[2022-11-06T03:31:38.937+0200] {processor.py:766} INFO - DAG(s) dict_keys(['example_task_group_decorator']) retrieved from /Users/mnagy99/opt/anaconda3/envs/airflow-env/lib/python3.8/site-packages/airflow/example_dags/example_task_group_decorator.py
[2022-11-06T03:31:39.382+0200] {logging_mixin.py:120} INFO - [2022-11-06T03:31:39.381+0200] {dag.py:2585} INFO - Sync 1 DAGs
[2022-11-06T03:31:39.396+0200] {logging_mixin.py:120} INFO - [2022-11-06T03:31:39.396+0200] {dag.py:3336} INFO - Setting next_dagrun for example_task_group_decorator to 2022-11-05T01:31:39.395959+00:00, run_after=2022-11-06T01:31:39.395959+00:00
[2022-11-06T03:31:39.413+0200] {processor.py:176} INFO - Processing /Users/mnagy99/opt/anaconda3/envs/airflow-env/lib/python3.8/site-packages/airflow/example_dags/example_task_group_decorator.py took 0.528 seconds
[2022-11-06T03:33:50.198+0200] {processor.py:154} INFO - Started process (PID=7760) to work on /Users/mnagy99/opt/anaconda3/envs/airflow-env/lib/python3.8/site-packages/airflow/example_dags/example_task_group_decorator.py
[2022-11-06T03:33:50.199+0200] {processor.py:756} INFO - Processing file /Users/mnagy99/opt/anaconda3/envs/airflow-env/lib/python3.8/site-packages/airflow/example_dags/example_task_group_decorator.py for tasks to queue
[2022-11-06T03:33:50.199+0200] {logging_mixin.py:120} INFO - [2022-11-06T03:33:50.199+0200] {dagbag.py:537} INFO - Filling up the DagBag from /Users/mnagy99/opt/anaconda3/envs/airflow-env/lib/python3.8/site-packages/airflow/example_dags/example_task_group_decorator.py
[2022-11-06T03:33:50.243+0200] {processor.py:766} INFO - DAG(s) dict_keys(['example_task_group_decorator']) retrieved from /Users/mnagy99/opt/anaconda3/envs/airflow-env/lib/python3.8/site-packages/airflow/example_dags/example_task_group_decorator.py
[2022-11-06T03:33:50.678+0200] {logging_mixin.py:120} INFO - [2022-11-06T03:33:50.678+0200] {dag.py:2585} INFO - Sync 1 DAGs
[2022-11-06T03:33:50.692+0200] {logging_mixin.py:120} INFO - [2022-11-06T03:33:50.692+0200] {dag.py:3336} INFO - Setting next_dagrun for example_task_group_decorator to 2022-11-05T01:33:50.692540+00:00, run_after=2022-11-06T01:33:50.692540+00:00
[2022-11-06T03:33:50.710+0200] {processor.py:176} INFO - Processing /Users/mnagy99/opt/anaconda3/envs/airflow-env/lib/python3.8/site-packages/airflow/example_dags/example_task_group_decorator.py took 0.513 seconds
[2022-11-06T03:35:56.900+0200] {processor.py:154} INFO - Started process (PID=7934) to work on /Users/mnagy99/opt/anaconda3/envs/airflow-env/lib/python3.8/site-packages/airflow/example_dags/example_task_group_decorator.py
[2022-11-06T03:35:56.903+0200] {processor.py:756} INFO - Processing file /Users/mnagy99/opt/anaconda3/envs/airflow-env/lib/python3.8/site-packages/airflow/example_dags/example_task_group_decorator.py for tasks to queue
[2022-11-06T03:35:56.903+0200] {logging_mixin.py:120} INFO - [2022-11-06T03:35:56.903+0200] {dagbag.py:537} INFO - Filling up the DagBag from /Users/mnagy99/opt/anaconda3/envs/airflow-env/lib/python3.8/site-packages/airflow/example_dags/example_task_group_decorator.py
[2022-11-06T03:35:56.961+0200] {processor.py:766} INFO - DAG(s) dict_keys(['example_task_group_decorator']) retrieved from /Users/mnagy99/opt/anaconda3/envs/airflow-env/lib/python3.8/site-packages/airflow/example_dags/example_task_group_decorator.py
[2022-11-06T03:35:57.427+0200] {logging_mixin.py:120} INFO - [2022-11-06T03:35:57.427+0200] {dag.py:2585} INFO - Sync 1 DAGs
[2022-11-06T03:35:57.442+0200] {logging_mixin.py:120} INFO - [2022-11-06T03:35:57.442+0200] {dag.py:3336} INFO - Setting next_dagrun for example_task_group_decorator to 2022-11-05T01:35:57.442235+00:00, run_after=2022-11-06T01:35:57.442235+00:00
[2022-11-06T03:35:57.460+0200] {processor.py:176} INFO - Processing /Users/mnagy99/opt/anaconda3/envs/airflow-env/lib/python3.8/site-packages/airflow/example_dags/example_task_group_decorator.py took 0.561 seconds
[2022-11-06T03:37:58.940+0200] {processor.py:154} INFO - Started process (PID=8058) to work on /Users/mnagy99/opt/anaconda3/envs/airflow-env/lib/python3.8/site-packages/airflow/example_dags/example_task_group_decorator.py
[2022-11-06T03:37:58.943+0200] {processor.py:756} INFO - Processing file /Users/mnagy99/opt/anaconda3/envs/airflow-env/lib/python3.8/site-packages/airflow/example_dags/example_task_group_decorator.py for tasks to queue
[2022-11-06T03:37:58.943+0200] {logging_mixin.py:120} INFO - [2022-11-06T03:37:58.943+0200] {dagbag.py:537} INFO - Filling up the DagBag from /Users/mnagy99/opt/anaconda3/envs/airflow-env/lib/python3.8/site-packages/airflow/example_dags/example_task_group_decorator.py
[2022-11-06T03:37:58.992+0200] {processor.py:766} INFO - DAG(s) dict_keys(['example_task_group_decorator']) retrieved from /Users/mnagy99/opt/anaconda3/envs/airflow-env/lib/python3.8/site-packages/airflow/example_dags/example_task_group_decorator.py
[2022-11-06T03:37:59.450+0200] {logging_mixin.py:120} INFO - [2022-11-06T03:37:59.450+0200] {dag.py:2585} INFO - Sync 1 DAGs
[2022-11-06T03:37:59.464+0200] {logging_mixin.py:120} INFO - [2022-11-06T03:37:59.464+0200] {dag.py:3336} INFO - Setting next_dagrun for example_task_group_decorator to 2022-11-05T01:37:59.463908+00:00, run_after=2022-11-06T01:37:59.463908+00:00
[2022-11-06T03:37:59.489+0200] {processor.py:176} INFO - Processing /Users/mnagy99/opt/anaconda3/envs/airflow-env/lib/python3.8/site-packages/airflow/example_dags/example_task_group_decorator.py took 0.549 seconds
[2022-11-06T03:39:57.771+0200] {processor.py:154} INFO - Started process (PID=8178) to work on /Users/mnagy99/opt/anaconda3/envs/airflow-env/lib/python3.8/site-packages/airflow/example_dags/example_task_group_decorator.py
[2022-11-06T03:39:57.772+0200] {processor.py:756} INFO - Processing file /Users/mnagy99/opt/anaconda3/envs/airflow-env/lib/python3.8/site-packages/airflow/example_dags/example_task_group_decorator.py for tasks to queue
[2022-11-06T03:39:57.772+0200] {logging_mixin.py:120} INFO - [2022-11-06T03:39:57.772+0200] {dagbag.py:537} INFO - Filling up the DagBag from /Users/mnagy99/opt/anaconda3/envs/airflow-env/lib/python3.8/site-packages/airflow/example_dags/example_task_group_decorator.py
[2022-11-06T03:39:57.816+0200] {processor.py:766} INFO - DAG(s) dict_keys(['example_task_group_decorator']) retrieved from /Users/mnagy99/opt/anaconda3/envs/airflow-env/lib/python3.8/site-packages/airflow/example_dags/example_task_group_decorator.py
[2022-11-06T03:39:58.239+0200] {logging_mixin.py:120} INFO - [2022-11-06T03:39:58.239+0200] {dag.py:2585} INFO - Sync 1 DAGs
[2022-11-06T03:39:58.253+0200] {logging_mixin.py:120} INFO - [2022-11-06T03:39:58.253+0200] {dag.py:3336} INFO - Setting next_dagrun for example_task_group_decorator to 2022-11-05T01:39:58.253397+00:00, run_after=2022-11-06T01:39:58.253397+00:00
[2022-11-06T03:39:58.270+0200] {processor.py:176} INFO - Processing /Users/mnagy99/opt/anaconda3/envs/airflow-env/lib/python3.8/site-packages/airflow/example_dags/example_task_group_decorator.py took 0.500 seconds
[2022-11-06T03:41:57.230+0200] {processor.py:154} INFO - Started process (PID=8300) to work on /Users/mnagy99/opt/anaconda3/envs/airflow-env/lib/python3.8/site-packages/airflow/example_dags/example_task_group_decorator.py
[2022-11-06T03:41:57.232+0200] {processor.py:756} INFO - Processing file /Users/mnagy99/opt/anaconda3/envs/airflow-env/lib/python3.8/site-packages/airflow/example_dags/example_task_group_decorator.py for tasks to queue
[2022-11-06T03:41:57.233+0200] {logging_mixin.py:120} INFO - [2022-11-06T03:41:57.233+0200] {dagbag.py:537} INFO - Filling up the DagBag from /Users/mnagy99/opt/anaconda3/envs/airflow-env/lib/python3.8/site-packages/airflow/example_dags/example_task_group_decorator.py
[2022-11-06T03:41:57.277+0200] {processor.py:766} INFO - DAG(s) dict_keys(['example_task_group_decorator']) retrieved from /Users/mnagy99/opt/anaconda3/envs/airflow-env/lib/python3.8/site-packages/airflow/example_dags/example_task_group_decorator.py
[2022-11-06T03:41:57.899+0200] {logging_mixin.py:120} INFO - [2022-11-06T03:41:57.898+0200] {dag.py:2585} INFO - Sync 1 DAGs
[2022-11-06T03:41:57.914+0200] {logging_mixin.py:120} INFO - [2022-11-06T03:41:57.914+0200] {dag.py:3336} INFO - Setting next_dagrun for example_task_group_decorator to 2022-11-05T01:41:57.914614+00:00, run_after=2022-11-06T01:41:57.914614+00:00
[2022-11-06T03:41:57.934+0200] {processor.py:176} INFO - Processing /Users/mnagy99/opt/anaconda3/envs/airflow-env/lib/python3.8/site-packages/airflow/example_dags/example_task_group_decorator.py took 0.705 seconds
[2022-11-06T03:43:55.554+0200] {processor.py:154} INFO - Started process (PID=8422) to work on /Users/mnagy99/opt/anaconda3/envs/airflow-env/lib/python3.8/site-packages/airflow/example_dags/example_task_group_decorator.py
[2022-11-06T03:43:55.556+0200] {processor.py:756} INFO - Processing file /Users/mnagy99/opt/anaconda3/envs/airflow-env/lib/python3.8/site-packages/airflow/example_dags/example_task_group_decorator.py for tasks to queue
[2022-11-06T03:43:55.557+0200] {logging_mixin.py:120} INFO - [2022-11-06T03:43:55.557+0200] {dagbag.py:537} INFO - Filling up the DagBag from /Users/mnagy99/opt/anaconda3/envs/airflow-env/lib/python3.8/site-packages/airflow/example_dags/example_task_group_decorator.py
[2022-11-06T03:43:55.606+0200] {processor.py:766} INFO - DAG(s) dict_keys(['example_task_group_decorator']) retrieved from /Users/mnagy99/opt/anaconda3/envs/airflow-env/lib/python3.8/site-packages/airflow/example_dags/example_task_group_decorator.py
[2022-11-06T03:43:56.045+0200] {logging_mixin.py:120} INFO - [2022-11-06T03:43:56.044+0200] {dag.py:2585} INFO - Sync 1 DAGs
[2022-11-06T03:43:56.058+0200] {logging_mixin.py:120} INFO - [2022-11-06T03:43:56.058+0200] {dag.py:3336} INFO - Setting next_dagrun for example_task_group_decorator to 2022-11-05T01:43:56.058174+00:00, run_after=2022-11-06T01:43:56.058174+00:00
[2022-11-06T03:43:56.079+0200] {processor.py:176} INFO - Processing /Users/mnagy99/opt/anaconda3/envs/airflow-env/lib/python3.8/site-packages/airflow/example_dags/example_task_group_decorator.py took 0.526 seconds
[2022-11-06T03:45:59.110+0200] {processor.py:154} INFO - Started process (PID=8567) to work on /Users/mnagy99/opt/anaconda3/envs/airflow-env/lib/python3.8/site-packages/airflow/example_dags/example_task_group_decorator.py
[2022-11-06T03:45:59.113+0200] {processor.py:756} INFO - Processing file /Users/mnagy99/opt/anaconda3/envs/airflow-env/lib/python3.8/site-packages/airflow/example_dags/example_task_group_decorator.py for tasks to queue
[2022-11-06T03:45:59.113+0200] {logging_mixin.py:120} INFO - [2022-11-06T03:45:59.113+0200] {dagbag.py:537} INFO - Filling up the DagBag from /Users/mnagy99/opt/anaconda3/envs/airflow-env/lib/python3.8/site-packages/airflow/example_dags/example_task_group_decorator.py
[2022-11-06T03:45:59.160+0200] {processor.py:766} INFO - DAG(s) dict_keys(['example_task_group_decorator']) retrieved from /Users/mnagy99/opt/anaconda3/envs/airflow-env/lib/python3.8/site-packages/airflow/example_dags/example_task_group_decorator.py
[2022-11-06T03:45:59.616+0200] {logging_mixin.py:120} INFO - [2022-11-06T03:45:59.616+0200] {dag.py:2585} INFO - Sync 1 DAGs
[2022-11-06T03:45:59.631+0200] {logging_mixin.py:120} INFO - [2022-11-06T03:45:59.631+0200] {dag.py:3336} INFO - Setting next_dagrun for example_task_group_decorator to 2022-11-05T01:45:59.630974+00:00, run_after=2022-11-06T01:45:59.630974+00:00
[2022-11-06T03:45:59.649+0200] {processor.py:176} INFO - Processing /Users/mnagy99/opt/anaconda3/envs/airflow-env/lib/python3.8/site-packages/airflow/example_dags/example_task_group_decorator.py took 0.539 seconds
[2022-11-06T03:48:02.473+0200] {processor.py:154} INFO - Started process (PID=8688) to work on /Users/mnagy99/opt/anaconda3/envs/airflow-env/lib/python3.8/site-packages/airflow/example_dags/example_task_group_decorator.py
[2022-11-06T03:48:02.475+0200] {processor.py:756} INFO - Processing file /Users/mnagy99/opt/anaconda3/envs/airflow-env/lib/python3.8/site-packages/airflow/example_dags/example_task_group_decorator.py for tasks to queue
[2022-11-06T03:48:02.476+0200] {logging_mixin.py:120} INFO - [2022-11-06T03:48:02.476+0200] {dagbag.py:537} INFO - Filling up the DagBag from /Users/mnagy99/opt/anaconda3/envs/airflow-env/lib/python3.8/site-packages/airflow/example_dags/example_task_group_decorator.py
[2022-11-06T03:48:02.522+0200] {processor.py:766} INFO - DAG(s) dict_keys(['example_task_group_decorator']) retrieved from /Users/mnagy99/opt/anaconda3/envs/airflow-env/lib/python3.8/site-packages/airflow/example_dags/example_task_group_decorator.py
[2022-11-06T03:48:02.963+0200] {logging_mixin.py:120} INFO - [2022-11-06T03:48:02.963+0200] {dag.py:2585} INFO - Sync 1 DAGs
[2022-11-06T03:48:02.979+0200] {logging_mixin.py:120} INFO - [2022-11-06T03:48:02.979+0200] {dag.py:3336} INFO - Setting next_dagrun for example_task_group_decorator to 2022-11-05T01:48:02.978852+00:00, run_after=2022-11-06T01:48:02.978852+00:00
[2022-11-06T03:48:02.998+0200] {processor.py:176} INFO - Processing /Users/mnagy99/opt/anaconda3/envs/airflow-env/lib/python3.8/site-packages/airflow/example_dags/example_task_group_decorator.py took 0.526 seconds
[2022-11-06T03:50:09.167+0200] {processor.py:154} INFO - Started process (PID=8812) to work on /Users/mnagy99/opt/anaconda3/envs/airflow-env/lib/python3.8/site-packages/airflow/example_dags/example_task_group_decorator.py
[2022-11-06T03:50:09.169+0200] {processor.py:756} INFO - Processing file /Users/mnagy99/opt/anaconda3/envs/airflow-env/lib/python3.8/site-packages/airflow/example_dags/example_task_group_decorator.py for tasks to queue
[2022-11-06T03:50:09.169+0200] {logging_mixin.py:120} INFO - [2022-11-06T03:50:09.169+0200] {dagbag.py:537} INFO - Filling up the DagBag from /Users/mnagy99/opt/anaconda3/envs/airflow-env/lib/python3.8/site-packages/airflow/example_dags/example_task_group_decorator.py
[2022-11-06T03:50:09.229+0200] {processor.py:766} INFO - DAG(s) dict_keys(['example_task_group_decorator']) retrieved from /Users/mnagy99/opt/anaconda3/envs/airflow-env/lib/python3.8/site-packages/airflow/example_dags/example_task_group_decorator.py
[2022-11-06T03:50:09.797+0200] {logging_mixin.py:120} INFO - [2022-11-06T03:50:09.796+0200] {dag.py:2585} INFO - Sync 1 DAGs
[2022-11-06T03:50:09.811+0200] {logging_mixin.py:120} INFO - [2022-11-06T03:50:09.811+0200] {dag.py:3336} INFO - Setting next_dagrun for example_task_group_decorator to 2022-11-05T01:50:09.811026+00:00, run_after=2022-11-06T01:50:09.811026+00:00
[2022-11-06T03:50:09.833+0200] {processor.py:176} INFO - Processing /Users/mnagy99/opt/anaconda3/envs/airflow-env/lib/python3.8/site-packages/airflow/example_dags/example_task_group_decorator.py took 0.667 seconds
[2022-11-06T03:52:13.405+0200] {processor.py:154} INFO - Started process (PID=8941) to work on /Users/mnagy99/opt/anaconda3/envs/airflow-env/lib/python3.8/site-packages/airflow/example_dags/example_task_group_decorator.py
[2022-11-06T03:52:13.407+0200] {processor.py:756} INFO - Processing file /Users/mnagy99/opt/anaconda3/envs/airflow-env/lib/python3.8/site-packages/airflow/example_dags/example_task_group_decorator.py for tasks to queue
[2022-11-06T03:52:13.408+0200] {logging_mixin.py:120} INFO - [2022-11-06T03:52:13.407+0200] {dagbag.py:537} INFO - Filling up the DagBag from /Users/mnagy99/opt/anaconda3/envs/airflow-env/lib/python3.8/site-packages/airflow/example_dags/example_task_group_decorator.py
[2022-11-06T03:52:13.458+0200] {processor.py:766} INFO - DAG(s) dict_keys(['example_task_group_decorator']) retrieved from /Users/mnagy99/opt/anaconda3/envs/airflow-env/lib/python3.8/site-packages/airflow/example_dags/example_task_group_decorator.py
[2022-11-06T03:52:13.879+0200] {logging_mixin.py:120} INFO - [2022-11-06T03:52:13.879+0200] {dag.py:2585} INFO - Sync 1 DAGs
[2022-11-06T03:52:13.893+0200] {logging_mixin.py:120} INFO - [2022-11-06T03:52:13.893+0200] {dag.py:3336} INFO - Setting next_dagrun for example_task_group_decorator to 2022-11-05T01:52:13.893115+00:00, run_after=2022-11-06T01:52:13.893115+00:00
[2022-11-06T03:52:13.911+0200] {processor.py:176} INFO - Processing /Users/mnagy99/opt/anaconda3/envs/airflow-env/lib/python3.8/site-packages/airflow/example_dags/example_task_group_decorator.py took 0.507 seconds
[2022-11-06T03:54:27.016+0200] {processor.py:154} INFO - Started process (PID=9074) to work on /Users/mnagy99/opt/anaconda3/envs/airflow-env/lib/python3.8/site-packages/airflow/example_dags/example_task_group_decorator.py
[2022-11-06T03:54:27.019+0200] {processor.py:756} INFO - Processing file /Users/mnagy99/opt/anaconda3/envs/airflow-env/lib/python3.8/site-packages/airflow/example_dags/example_task_group_decorator.py for tasks to queue
[2022-11-06T03:54:27.019+0200] {logging_mixin.py:120} INFO - [2022-11-06T03:54:27.019+0200] {dagbag.py:537} INFO - Filling up the DagBag from /Users/mnagy99/opt/anaconda3/envs/airflow-env/lib/python3.8/site-packages/airflow/example_dags/example_task_group_decorator.py
[2022-11-06T03:54:27.090+0200] {processor.py:766} INFO - DAG(s) dict_keys(['example_task_group_decorator']) retrieved from /Users/mnagy99/opt/anaconda3/envs/airflow-env/lib/python3.8/site-packages/airflow/example_dags/example_task_group_decorator.py
[2022-11-06T03:54:27.552+0200] {logging_mixin.py:120} INFO - [2022-11-06T03:54:27.552+0200] {dag.py:2585} INFO - Sync 1 DAGs
[2022-11-06T03:54:27.565+0200] {logging_mixin.py:120} INFO - [2022-11-06T03:54:27.565+0200] {dag.py:3336} INFO - Setting next_dagrun for example_task_group_decorator to 2022-11-05T01:54:27.565070+00:00, run_after=2022-11-06T01:54:27.565070+00:00
[2022-11-06T03:54:27.583+0200] {processor.py:176} INFO - Processing /Users/mnagy99/opt/anaconda3/envs/airflow-env/lib/python3.8/site-packages/airflow/example_dags/example_task_group_decorator.py took 0.567 seconds
[2022-11-06T03:56:48.229+0200] {processor.py:154} INFO - Started process (PID=9216) to work on /Users/mnagy99/opt/anaconda3/envs/airflow-env/lib/python3.8/site-packages/airflow/example_dags/example_task_group_decorator.py
[2022-11-06T03:56:48.231+0200] {processor.py:756} INFO - Processing file /Users/mnagy99/opt/anaconda3/envs/airflow-env/lib/python3.8/site-packages/airflow/example_dags/example_task_group_decorator.py for tasks to queue
[2022-11-06T03:56:48.231+0200] {logging_mixin.py:120} INFO - [2022-11-06T03:56:48.231+0200] {dagbag.py:537} INFO - Filling up the DagBag from /Users/mnagy99/opt/anaconda3/envs/airflow-env/lib/python3.8/site-packages/airflow/example_dags/example_task_group_decorator.py
[2022-11-06T03:56:48.279+0200] {processor.py:766} INFO - DAG(s) dict_keys(['example_task_group_decorator']) retrieved from /Users/mnagy99/opt/anaconda3/envs/airflow-env/lib/python3.8/site-packages/airflow/example_dags/example_task_group_decorator.py
[2022-11-06T03:56:48.789+0200] {logging_mixin.py:120} INFO - [2022-11-06T03:56:48.789+0200] {dag.py:2585} INFO - Sync 1 DAGs
[2022-11-06T03:56:48.805+0200] {logging_mixin.py:120} INFO - [2022-11-06T03:56:48.805+0200] {dag.py:3336} INFO - Setting next_dagrun for example_task_group_decorator to 2022-11-05T01:56:48.805239+00:00, run_after=2022-11-06T01:56:48.805239+00:00
[2022-11-06T03:56:48.828+0200] {processor.py:176} INFO - Processing /Users/mnagy99/opt/anaconda3/envs/airflow-env/lib/python3.8/site-packages/airflow/example_dags/example_task_group_decorator.py took 0.599 seconds
[2022-11-06T03:59:00.779+0200] {processor.py:154} INFO - Started process (PID=9344) to work on /Users/mnagy99/opt/anaconda3/envs/airflow-env/lib/python3.8/site-packages/airflow/example_dags/example_task_group_decorator.py
[2022-11-06T03:59:00.781+0200] {processor.py:756} INFO - Processing file /Users/mnagy99/opt/anaconda3/envs/airflow-env/lib/python3.8/site-packages/airflow/example_dags/example_task_group_decorator.py for tasks to queue
[2022-11-06T03:59:00.782+0200] {logging_mixin.py:120} INFO - [2022-11-06T03:59:00.781+0200] {dagbag.py:537} INFO - Filling up the DagBag from /Users/mnagy99/opt/anaconda3/envs/airflow-env/lib/python3.8/site-packages/airflow/example_dags/example_task_group_decorator.py
[2022-11-06T03:59:00.828+0200] {processor.py:766} INFO - DAG(s) dict_keys(['example_task_group_decorator']) retrieved from /Users/mnagy99/opt/anaconda3/envs/airflow-env/lib/python3.8/site-packages/airflow/example_dags/example_task_group_decorator.py
[2022-11-06T03:59:01.298+0200] {logging_mixin.py:120} INFO - [2022-11-06T03:59:01.298+0200] {dag.py:2585} INFO - Sync 1 DAGs
[2022-11-06T03:59:01.313+0200] {logging_mixin.py:120} INFO - [2022-11-06T03:59:01.313+0200] {dag.py:3336} INFO - Setting next_dagrun for example_task_group_decorator to 2022-11-05T01:59:01.313297+00:00, run_after=2022-11-06T01:59:01.313297+00:00
[2022-11-06T03:59:01.329+0200] {processor.py:176} INFO - Processing /Users/mnagy99/opt/anaconda3/envs/airflow-env/lib/python3.8/site-packages/airflow/example_dags/example_task_group_decorator.py took 0.552 seconds
[2022-11-06T04:01:30.010+0200] {processor.py:154} INFO - Started process (PID=9505) to work on /Users/mnagy99/opt/anaconda3/envs/airflow-env/lib/python3.8/site-packages/airflow/example_dags/example_task_group_decorator.py
[2022-11-06T04:01:30.013+0200] {processor.py:756} INFO - Processing file /Users/mnagy99/opt/anaconda3/envs/airflow-env/lib/python3.8/site-packages/airflow/example_dags/example_task_group_decorator.py for tasks to queue
[2022-11-06T04:01:30.014+0200] {logging_mixin.py:120} INFO - [2022-11-06T04:01:30.014+0200] {dagbag.py:537} INFO - Filling up the DagBag from /Users/mnagy99/opt/anaconda3/envs/airflow-env/lib/python3.8/site-packages/airflow/example_dags/example_task_group_decorator.py
[2022-11-06T04:01:30.060+0200] {processor.py:766} INFO - DAG(s) dict_keys(['example_task_group_decorator']) retrieved from /Users/mnagy99/opt/anaconda3/envs/airflow-env/lib/python3.8/site-packages/airflow/example_dags/example_task_group_decorator.py
[2022-11-06T04:01:30.495+0200] {logging_mixin.py:120} INFO - [2022-11-06T04:01:30.494+0200] {dag.py:2585} INFO - Sync 1 DAGs
[2022-11-06T04:01:30.514+0200] {logging_mixin.py:120} INFO - [2022-11-06T04:01:30.514+0200] {dag.py:3336} INFO - Setting next_dagrun for example_task_group_decorator to 2022-11-05T02:01:30.514167+00:00, run_after=2022-11-06T02:01:30.514167+00:00
[2022-11-06T04:01:30.541+0200] {processor.py:176} INFO - Processing /Users/mnagy99/opt/anaconda3/envs/airflow-env/lib/python3.8/site-packages/airflow/example_dags/example_task_group_decorator.py took 0.532 seconds
[2022-11-06T04:03:47.816+0200] {processor.py:154} INFO - Started process (PID=9642) to work on /Users/mnagy99/opt/anaconda3/envs/airflow-env/lib/python3.8/site-packages/airflow/example_dags/example_task_group_decorator.py
[2022-11-06T04:03:47.818+0200] {processor.py:756} INFO - Processing file /Users/mnagy99/opt/anaconda3/envs/airflow-env/lib/python3.8/site-packages/airflow/example_dags/example_task_group_decorator.py for tasks to queue
[2022-11-06T04:03:47.819+0200] {logging_mixin.py:120} INFO - [2022-11-06T04:03:47.819+0200] {dagbag.py:537} INFO - Filling up the DagBag from /Users/mnagy99/opt/anaconda3/envs/airflow-env/lib/python3.8/site-packages/airflow/example_dags/example_task_group_decorator.py
[2022-11-06T04:03:47.869+0200] {processor.py:766} INFO - DAG(s) dict_keys(['example_task_group_decorator']) retrieved from /Users/mnagy99/opt/anaconda3/envs/airflow-env/lib/python3.8/site-packages/airflow/example_dags/example_task_group_decorator.py
[2022-11-06T04:03:48.346+0200] {logging_mixin.py:120} INFO - [2022-11-06T04:03:48.346+0200] {dag.py:2585} INFO - Sync 1 DAGs
[2022-11-06T04:03:48.362+0200] {logging_mixin.py:120} INFO - [2022-11-06T04:03:48.362+0200] {dag.py:3336} INFO - Setting next_dagrun for example_task_group_decorator to 2022-11-05T02:03:48.362129+00:00, run_after=2022-11-06T02:03:48.362129+00:00
[2022-11-06T04:03:48.382+0200] {processor.py:176} INFO - Processing /Users/mnagy99/opt/anaconda3/envs/airflow-env/lib/python3.8/site-packages/airflow/example_dags/example_task_group_decorator.py took 0.567 seconds
[2022-11-06T04:06:08.980+0200] {processor.py:154} INFO - Started process (PID=9799) to work on /Users/mnagy99/opt/anaconda3/envs/airflow-env/lib/python3.8/site-packages/airflow/example_dags/example_task_group_decorator.py
[2022-11-06T04:06:08.983+0200] {processor.py:756} INFO - Processing file /Users/mnagy99/opt/anaconda3/envs/airflow-env/lib/python3.8/site-packages/airflow/example_dags/example_task_group_decorator.py for tasks to queue
[2022-11-06T04:06:08.983+0200] {logging_mixin.py:120} INFO - [2022-11-06T04:06:08.983+0200] {dagbag.py:537} INFO - Filling up the DagBag from /Users/mnagy99/opt/anaconda3/envs/airflow-env/lib/python3.8/site-packages/airflow/example_dags/example_task_group_decorator.py
[2022-11-06T04:06:09.038+0200] {processor.py:766} INFO - DAG(s) dict_keys(['example_task_group_decorator']) retrieved from /Users/mnagy99/opt/anaconda3/envs/airflow-env/lib/python3.8/site-packages/airflow/example_dags/example_task_group_decorator.py
[2022-11-06T04:06:09.543+0200] {logging_mixin.py:120} INFO - [2022-11-06T04:06:09.542+0200] {dag.py:2585} INFO - Sync 1 DAGs
[2022-11-06T04:06:09.557+0200] {logging_mixin.py:120} INFO - [2022-11-06T04:06:09.557+0200] {dag.py:3336} INFO - Setting next_dagrun for example_task_group_decorator to 2022-11-05T02:06:09.557344+00:00, run_after=2022-11-06T02:06:09.557344+00:00
[2022-11-06T04:06:09.574+0200] {processor.py:176} INFO - Processing /Users/mnagy99/opt/anaconda3/envs/airflow-env/lib/python3.8/site-packages/airflow/example_dags/example_task_group_decorator.py took 0.594 seconds
[2022-11-06T04:08:29.398+0200] {processor.py:154} INFO - Started process (PID=9941) to work on /Users/mnagy99/opt/anaconda3/envs/airflow-env/lib/python3.8/site-packages/airflow/example_dags/example_task_group_decorator.py
[2022-11-06T04:08:29.400+0200] {processor.py:756} INFO - Processing file /Users/mnagy99/opt/anaconda3/envs/airflow-env/lib/python3.8/site-packages/airflow/example_dags/example_task_group_decorator.py for tasks to queue
[2022-11-06T04:08:29.400+0200] {logging_mixin.py:120} INFO - [2022-11-06T04:08:29.400+0200] {dagbag.py:537} INFO - Filling up the DagBag from /Users/mnagy99/opt/anaconda3/envs/airflow-env/lib/python3.8/site-packages/airflow/example_dags/example_task_group_decorator.py
[2022-11-06T04:08:29.513+0200] {processor.py:766} INFO - DAG(s) dict_keys(['example_task_group_decorator']) retrieved from /Users/mnagy99/opt/anaconda3/envs/airflow-env/lib/python3.8/site-packages/airflow/example_dags/example_task_group_decorator.py
[2022-11-06T04:08:30.046+0200] {logging_mixin.py:120} INFO - [2022-11-06T04:08:30.046+0200] {dag.py:2585} INFO - Sync 1 DAGs
[2022-11-06T04:08:30.059+0200] {logging_mixin.py:120} INFO - [2022-11-06T04:08:30.059+0200] {dag.py:3336} INFO - Setting next_dagrun for example_task_group_decorator to 2022-11-05T02:08:30.059406+00:00, run_after=2022-11-06T02:08:30.059406+00:00
[2022-11-06T04:08:30.075+0200] {processor.py:176} INFO - Processing /Users/mnagy99/opt/anaconda3/envs/airflow-env/lib/python3.8/site-packages/airflow/example_dags/example_task_group_decorator.py took 0.677 seconds
[2022-11-06T04:10:33.815+0200] {processor.py:154} INFO - Started process (PID=10072) to work on /Users/mnagy99/opt/anaconda3/envs/airflow-env/lib/python3.8/site-packages/airflow/example_dags/example_task_group_decorator.py
[2022-11-06T04:10:33.818+0200] {processor.py:756} INFO - Processing file /Users/mnagy99/opt/anaconda3/envs/airflow-env/lib/python3.8/site-packages/airflow/example_dags/example_task_group_decorator.py for tasks to queue
[2022-11-06T04:10:33.819+0200] {logging_mixin.py:120} INFO - [2022-11-06T04:10:33.818+0200] {dagbag.py:537} INFO - Filling up the DagBag from /Users/mnagy99/opt/anaconda3/envs/airflow-env/lib/python3.8/site-packages/airflow/example_dags/example_task_group_decorator.py
[2022-11-06T04:10:33.870+0200] {processor.py:766} INFO - DAG(s) dict_keys(['example_task_group_decorator']) retrieved from /Users/mnagy99/opt/anaconda3/envs/airflow-env/lib/python3.8/site-packages/airflow/example_dags/example_task_group_decorator.py
[2022-11-06T04:10:34.362+0200] {logging_mixin.py:120} INFO - [2022-11-06T04:10:34.361+0200] {dag.py:2585} INFO - Sync 1 DAGs
[2022-11-06T04:10:34.376+0200] {logging_mixin.py:120} INFO - [2022-11-06T04:10:34.376+0200] {dag.py:3336} INFO - Setting next_dagrun for example_task_group_decorator to 2022-11-05T02:10:34.375922+00:00, run_after=2022-11-06T02:10:34.375922+00:00
[2022-11-06T04:10:34.392+0200] {processor.py:176} INFO - Processing /Users/mnagy99/opt/anaconda3/envs/airflow-env/lib/python3.8/site-packages/airflow/example_dags/example_task_group_decorator.py took 0.578 seconds
[2022-11-06T04:12:57.908+0200] {processor.py:154} INFO - Started process (PID=10223) to work on /Users/mnagy99/opt/anaconda3/envs/airflow-env/lib/python3.8/site-packages/airflow/example_dags/example_task_group_decorator.py
[2022-11-06T04:12:57.910+0200] {processor.py:756} INFO - Processing file /Users/mnagy99/opt/anaconda3/envs/airflow-env/lib/python3.8/site-packages/airflow/example_dags/example_task_group_decorator.py for tasks to queue
[2022-11-06T04:12:57.911+0200] {logging_mixin.py:120} INFO - [2022-11-06T04:12:57.911+0200] {dagbag.py:537} INFO - Filling up the DagBag from /Users/mnagy99/opt/anaconda3/envs/airflow-env/lib/python3.8/site-packages/airflow/example_dags/example_task_group_decorator.py
[2022-11-06T04:12:57.955+0200] {processor.py:766} INFO - DAG(s) dict_keys(['example_task_group_decorator']) retrieved from /Users/mnagy99/opt/anaconda3/envs/airflow-env/lib/python3.8/site-packages/airflow/example_dags/example_task_group_decorator.py
[2022-11-06T04:12:58.388+0200] {logging_mixin.py:120} INFO - [2022-11-06T04:12:58.387+0200] {dag.py:2585} INFO - Sync 1 DAGs
[2022-11-06T04:12:58.403+0200] {logging_mixin.py:120} INFO - [2022-11-06T04:12:58.403+0200] {dag.py:3336} INFO - Setting next_dagrun for example_task_group_decorator to 2022-11-05T02:12:58.403234+00:00, run_after=2022-11-06T02:12:58.403234+00:00
[2022-11-06T04:12:58.421+0200] {processor.py:176} INFO - Processing /Users/mnagy99/opt/anaconda3/envs/airflow-env/lib/python3.8/site-packages/airflow/example_dags/example_task_group_decorator.py took 0.513 seconds
[2022-11-06T04:14:57.689+0200] {processor.py:154} INFO - Started process (PID=10353) to work on /Users/mnagy99/opt/anaconda3/envs/airflow-env/lib/python3.8/site-packages/airflow/example_dags/example_task_group_decorator.py
[2022-11-06T04:14:57.692+0200] {processor.py:756} INFO - Processing file /Users/mnagy99/opt/anaconda3/envs/airflow-env/lib/python3.8/site-packages/airflow/example_dags/example_task_group_decorator.py for tasks to queue
[2022-11-06T04:14:57.693+0200] {logging_mixin.py:120} INFO - [2022-11-06T04:14:57.693+0200] {dagbag.py:537} INFO - Filling up the DagBag from /Users/mnagy99/opt/anaconda3/envs/airflow-env/lib/python3.8/site-packages/airflow/example_dags/example_task_group_decorator.py
[2022-11-06T04:14:57.747+0200] {processor.py:766} INFO - DAG(s) dict_keys(['example_task_group_decorator']) retrieved from /Users/mnagy99/opt/anaconda3/envs/airflow-env/lib/python3.8/site-packages/airflow/example_dags/example_task_group_decorator.py
[2022-11-06T04:14:58.344+0200] {logging_mixin.py:120} INFO - [2022-11-06T04:14:58.343+0200] {dag.py:2585} INFO - Sync 1 DAGs
[2022-11-06T04:14:58.358+0200] {logging_mixin.py:120} INFO - [2022-11-06T04:14:58.358+0200] {dag.py:3336} INFO - Setting next_dagrun for example_task_group_decorator to 2022-11-05T02:14:58.358545+00:00, run_after=2022-11-06T02:14:58.358545+00:00
[2022-11-06T04:14:58.375+0200] {processor.py:176} INFO - Processing /Users/mnagy99/opt/anaconda3/envs/airflow-env/lib/python3.8/site-packages/airflow/example_dags/example_task_group_decorator.py took 0.686 seconds
[2022-11-06T04:17:16.862+0200] {processor.py:154} INFO - Started process (PID=10488) to work on /Users/mnagy99/opt/anaconda3/envs/airflow-env/lib/python3.8/site-packages/airflow/example_dags/example_task_group_decorator.py
[2022-11-06T04:17:16.864+0200] {processor.py:756} INFO - Processing file /Users/mnagy99/opt/anaconda3/envs/airflow-env/lib/python3.8/site-packages/airflow/example_dags/example_task_group_decorator.py for tasks to queue
[2022-11-06T04:17:16.865+0200] {logging_mixin.py:120} INFO - [2022-11-06T04:17:16.865+0200] {dagbag.py:537} INFO - Filling up the DagBag from /Users/mnagy99/opt/anaconda3/envs/airflow-env/lib/python3.8/site-packages/airflow/example_dags/example_task_group_decorator.py
[2022-11-06T04:17:16.912+0200] {processor.py:766} INFO - DAG(s) dict_keys(['example_task_group_decorator']) retrieved from /Users/mnagy99/opt/anaconda3/envs/airflow-env/lib/python3.8/site-packages/airflow/example_dags/example_task_group_decorator.py
[2022-11-06T04:17:17.340+0200] {logging_mixin.py:120} INFO - [2022-11-06T04:17:17.339+0200] {dag.py:2585} INFO - Sync 1 DAGs
[2022-11-06T04:17:17.354+0200] {logging_mixin.py:120} INFO - [2022-11-06T04:17:17.354+0200] {dag.py:3336} INFO - Setting next_dagrun for example_task_group_decorator to 2022-11-05T02:17:17.354115+00:00, run_after=2022-11-06T02:17:17.354115+00:00
[2022-11-06T04:17:17.373+0200] {processor.py:176} INFO - Processing /Users/mnagy99/opt/anaconda3/envs/airflow-env/lib/python3.8/site-packages/airflow/example_dags/example_task_group_decorator.py took 0.512 seconds
