[2022-11-06T02:00:06.620+0200] {processor.py:154} INFO - Started process (PID=1490) to work on /Users/mnagy99/opt/anaconda3/envs/airflow-env/lib/python3.8/site-packages/airflow/example_dags/example_latest_only.py
[2022-11-06T02:00:06.621+0200] {processor.py:756} INFO - Processing file /Users/mnagy99/opt/anaconda3/envs/airflow-env/lib/python3.8/site-packages/airflow/example_dags/example_latest_only.py for tasks to queue
[2022-11-06T02:00:06.622+0200] {logging_mixin.py:120} INFO - [2022-11-06T02:00:06.622+0200] {dagbag.py:537} INFO - Filling up the DagBag from /Users/mnagy99/opt/anaconda3/envs/airflow-env/lib/python3.8/site-packages/airflow/example_dags/example_latest_only.py
[2022-11-06T02:00:06.649+0200] {processor.py:766} INFO - DAG(s) dict_keys(['latest_only']) retrieved from /Users/mnagy99/opt/anaconda3/envs/airflow-env/lib/python3.8/site-packages/airflow/example_dags/example_latest_only.py
[2022-11-06T02:00:07.185+0200] {logging_mixin.py:120} INFO - [2022-11-06T02:00:07.184+0200] {dag.py:2585} INFO - Sync 1 DAGs
[2022-11-06T02:00:07.203+0200] {logging_mixin.py:120} INFO - [2022-11-06T02:00:07.203+0200] {dag.py:3336} INFO - Setting next_dagrun for latest_only to 2022-11-05T20:00:07.203283+00:00, run_after=2022-11-06T00:00:07.203283+00:00
[2022-11-06T02:00:07.224+0200] {processor.py:176} INFO - Processing /Users/mnagy99/opt/anaconda3/envs/airflow-env/lib/python3.8/site-packages/airflow/example_dags/example_latest_only.py took 0.604 seconds
[2022-11-06T02:02:26.536+0200] {processor.py:154} INFO - Started process (PID=2013) to work on /Users/mnagy99/opt/anaconda3/envs/airflow-env/lib/python3.8/site-packages/airflow/example_dags/example_latest_only.py
[2022-11-06T02:02:26.537+0200] {processor.py:756} INFO - Processing file /Users/mnagy99/opt/anaconda3/envs/airflow-env/lib/python3.8/site-packages/airflow/example_dags/example_latest_only.py for tasks to queue
[2022-11-06T02:02:26.538+0200] {logging_mixin.py:120} INFO - [2022-11-06T02:02:26.538+0200] {dagbag.py:537} INFO - Filling up the DagBag from /Users/mnagy99/opt/anaconda3/envs/airflow-env/lib/python3.8/site-packages/airflow/example_dags/example_latest_only.py
[2022-11-06T02:02:26.557+0200] {processor.py:766} INFO - DAG(s) dict_keys(['latest_only']) retrieved from /Users/mnagy99/opt/anaconda3/envs/airflow-env/lib/python3.8/site-packages/airflow/example_dags/example_latest_only.py
[2022-11-06T02:02:27.057+0200] {logging_mixin.py:120} INFO - [2022-11-06T02:02:27.057+0200] {dag.py:2585} INFO - Sync 1 DAGs
[2022-11-06T02:02:27.073+0200] {logging_mixin.py:120} INFO - [2022-11-06T02:02:27.073+0200] {dag.py:3336} INFO - Setting next_dagrun for latest_only to 2022-11-05T20:02:27.073186+00:00, run_after=2022-11-06T00:02:27.073186+00:00
[2022-11-06T02:02:27.095+0200] {processor.py:176} INFO - Processing /Users/mnagy99/opt/anaconda3/envs/airflow-env/lib/python3.8/site-packages/airflow/example_dags/example_latest_only.py took 0.560 seconds
[2022-11-06T02:04:44.553+0200] {processor.py:154} INFO - Started process (PID=2187) to work on /Users/mnagy99/opt/anaconda3/envs/airflow-env/lib/python3.8/site-packages/airflow/example_dags/example_latest_only.py
[2022-11-06T02:04:44.554+0200] {processor.py:756} INFO - Processing file /Users/mnagy99/opt/anaconda3/envs/airflow-env/lib/python3.8/site-packages/airflow/example_dags/example_latest_only.py for tasks to queue
[2022-11-06T02:04:44.555+0200] {logging_mixin.py:120} INFO - [2022-11-06T02:04:44.555+0200] {dagbag.py:537} INFO - Filling up the DagBag from /Users/mnagy99/opt/anaconda3/envs/airflow-env/lib/python3.8/site-packages/airflow/example_dags/example_latest_only.py
[2022-11-06T02:04:44.591+0200] {processor.py:766} INFO - DAG(s) dict_keys(['latest_only']) retrieved from /Users/mnagy99/opt/anaconda3/envs/airflow-env/lib/python3.8/site-packages/airflow/example_dags/example_latest_only.py
[2022-11-06T02:04:45.095+0200] {logging_mixin.py:120} INFO - [2022-11-06T02:04:45.094+0200] {dag.py:2585} INFO - Sync 1 DAGs
[2022-11-06T02:04:45.108+0200] {logging_mixin.py:120} INFO - [2022-11-06T02:04:45.108+0200] {dag.py:3336} INFO - Setting next_dagrun for latest_only to 2022-11-05T20:04:45.107958+00:00, run_after=2022-11-06T00:04:45.107958+00:00
[2022-11-06T02:04:45.125+0200] {processor.py:176} INFO - Processing /Users/mnagy99/opt/anaconda3/envs/airflow-env/lib/python3.8/site-packages/airflow/example_dags/example_latest_only.py took 0.572 seconds
[2022-11-06T02:07:05.642+0200] {processor.py:154} INFO - Started process (PID=2320) to work on /Users/mnagy99/opt/anaconda3/envs/airflow-env/lib/python3.8/site-packages/airflow/example_dags/example_latest_only.py
[2022-11-06T02:07:05.643+0200] {processor.py:756} INFO - Processing file /Users/mnagy99/opt/anaconda3/envs/airflow-env/lib/python3.8/site-packages/airflow/example_dags/example_latest_only.py for tasks to queue
[2022-11-06T02:07:05.643+0200] {logging_mixin.py:120} INFO - [2022-11-06T02:07:05.643+0200] {dagbag.py:537} INFO - Filling up the DagBag from /Users/mnagy99/opt/anaconda3/envs/airflow-env/lib/python3.8/site-packages/airflow/example_dags/example_latest_only.py
[2022-11-06T02:07:05.670+0200] {processor.py:766} INFO - DAG(s) dict_keys(['latest_only']) retrieved from /Users/mnagy99/opt/anaconda3/envs/airflow-env/lib/python3.8/site-packages/airflow/example_dags/example_latest_only.py
[2022-11-06T02:07:06.194+0200] {logging_mixin.py:120} INFO - [2022-11-06T02:07:06.193+0200] {dag.py:2585} INFO - Sync 1 DAGs
[2022-11-06T02:07:06.206+0200] {logging_mixin.py:120} INFO - [2022-11-06T02:07:06.206+0200] {dag.py:3336} INFO - Setting next_dagrun for latest_only to 2022-11-05T20:07:06.206751+00:00, run_after=2022-11-06T00:07:06.206751+00:00
[2022-11-06T02:07:06.228+0200] {processor.py:176} INFO - Processing /Users/mnagy99/opt/anaconda3/envs/airflow-env/lib/python3.8/site-packages/airflow/example_dags/example_latest_only.py took 0.587 seconds
[2022-11-06T02:09:25.000+0200] {processor.py:154} INFO - Started process (PID=2446) to work on /Users/mnagy99/opt/anaconda3/envs/airflow-env/lib/python3.8/site-packages/airflow/example_dags/example_latest_only.py
[2022-11-06T02:09:25.001+0200] {processor.py:756} INFO - Processing file /Users/mnagy99/opt/anaconda3/envs/airflow-env/lib/python3.8/site-packages/airflow/example_dags/example_latest_only.py for tasks to queue
[2022-11-06T02:09:25.002+0200] {logging_mixin.py:120} INFO - [2022-11-06T02:09:25.002+0200] {dagbag.py:537} INFO - Filling up the DagBag from /Users/mnagy99/opt/anaconda3/envs/airflow-env/lib/python3.8/site-packages/airflow/example_dags/example_latest_only.py
[2022-11-06T02:09:25.028+0200] {processor.py:766} INFO - DAG(s) dict_keys(['latest_only']) retrieved from /Users/mnagy99/opt/anaconda3/envs/airflow-env/lib/python3.8/site-packages/airflow/example_dags/example_latest_only.py
[2022-11-06T02:09:25.504+0200] {logging_mixin.py:120} INFO - [2022-11-06T02:09:25.504+0200] {dag.py:2585} INFO - Sync 1 DAGs
[2022-11-06T02:09:25.517+0200] {logging_mixin.py:120} INFO - [2022-11-06T02:09:25.517+0200] {dag.py:3336} INFO - Setting next_dagrun for latest_only to 2022-11-05T20:09:25.517437+00:00, run_after=2022-11-06T00:09:25.517437+00:00
[2022-11-06T02:09:25.538+0200] {processor.py:176} INFO - Processing /Users/mnagy99/opt/anaconda3/envs/airflow-env/lib/python3.8/site-packages/airflow/example_dags/example_latest_only.py took 0.539 seconds
[2022-11-06T02:11:39.553+0200] {processor.py:154} INFO - Started process (PID=2578) to work on /Users/mnagy99/opt/anaconda3/envs/airflow-env/lib/python3.8/site-packages/airflow/example_dags/example_latest_only.py
[2022-11-06T02:11:39.555+0200] {processor.py:756} INFO - Processing file /Users/mnagy99/opt/anaconda3/envs/airflow-env/lib/python3.8/site-packages/airflow/example_dags/example_latest_only.py for tasks to queue
[2022-11-06T02:11:39.556+0200] {logging_mixin.py:120} INFO - [2022-11-06T02:11:39.556+0200] {dagbag.py:537} INFO - Filling up the DagBag from /Users/mnagy99/opt/anaconda3/envs/airflow-env/lib/python3.8/site-packages/airflow/example_dags/example_latest_only.py
[2022-11-06T02:11:39.580+0200] {processor.py:766} INFO - DAG(s) dict_keys(['latest_only']) retrieved from /Users/mnagy99/opt/anaconda3/envs/airflow-env/lib/python3.8/site-packages/airflow/example_dags/example_latest_only.py
[2022-11-06T02:11:40.012+0200] {logging_mixin.py:120} INFO - [2022-11-06T02:11:40.012+0200] {dag.py:2585} INFO - Sync 1 DAGs
[2022-11-06T02:11:40.026+0200] {logging_mixin.py:120} INFO - [2022-11-06T02:11:40.026+0200] {dag.py:3336} INFO - Setting next_dagrun for latest_only to 2022-11-05T20:11:40.025890+00:00, run_after=2022-11-06T00:11:40.025890+00:00
[2022-11-06T02:11:40.044+0200] {processor.py:176} INFO - Processing /Users/mnagy99/opt/anaconda3/envs/airflow-env/lib/python3.8/site-packages/airflow/example_dags/example_latest_only.py took 0.492 seconds
[2022-11-06T02:13:46.549+0200] {processor.py:154} INFO - Started process (PID=2701) to work on /Users/mnagy99/opt/anaconda3/envs/airflow-env/lib/python3.8/site-packages/airflow/example_dags/example_latest_only.py
[2022-11-06T02:13:46.552+0200] {processor.py:756} INFO - Processing file /Users/mnagy99/opt/anaconda3/envs/airflow-env/lib/python3.8/site-packages/airflow/example_dags/example_latest_only.py for tasks to queue
[2022-11-06T02:13:46.553+0200] {logging_mixin.py:120} INFO - [2022-11-06T02:13:46.553+0200] {dagbag.py:537} INFO - Filling up the DagBag from /Users/mnagy99/opt/anaconda3/envs/airflow-env/lib/python3.8/site-packages/airflow/example_dags/example_latest_only.py
[2022-11-06T02:13:46.577+0200] {processor.py:766} INFO - DAG(s) dict_keys(['latest_only']) retrieved from /Users/mnagy99/opt/anaconda3/envs/airflow-env/lib/python3.8/site-packages/airflow/example_dags/example_latest_only.py
[2022-11-06T02:13:47.024+0200] {logging_mixin.py:120} INFO - [2022-11-06T02:13:47.024+0200] {dag.py:2585} INFO - Sync 1 DAGs
[2022-11-06T02:13:47.038+0200] {logging_mixin.py:120} INFO - [2022-11-06T02:13:47.038+0200] {dag.py:3336} INFO - Setting next_dagrun for latest_only to 2022-11-05T20:13:47.038552+00:00, run_after=2022-11-06T00:13:47.038552+00:00
[2022-11-06T02:13:47.057+0200] {processor.py:176} INFO - Processing /Users/mnagy99/opt/anaconda3/envs/airflow-env/lib/python3.8/site-packages/airflow/example_dags/example_latest_only.py took 0.508 seconds
[2022-11-06T02:16:12.713+0200] {processor.py:154} INFO - Started process (PID=2911) to work on /Users/mnagy99/opt/anaconda3/envs/airflow-env/lib/python3.8/site-packages/airflow/example_dags/example_latest_only.py
[2022-11-06T02:16:12.715+0200] {processor.py:756} INFO - Processing file /Users/mnagy99/opt/anaconda3/envs/airflow-env/lib/python3.8/site-packages/airflow/example_dags/example_latest_only.py for tasks to queue
[2022-11-06T02:16:12.716+0200] {logging_mixin.py:120} INFO - [2022-11-06T02:16:12.715+0200] {dagbag.py:537} INFO - Filling up the DagBag from /Users/mnagy99/opt/anaconda3/envs/airflow-env/lib/python3.8/site-packages/airflow/example_dags/example_latest_only.py
[2022-11-06T02:16:12.740+0200] {processor.py:766} INFO - DAG(s) dict_keys(['latest_only']) retrieved from /Users/mnagy99/opt/anaconda3/envs/airflow-env/lib/python3.8/site-packages/airflow/example_dags/example_latest_only.py
[2022-11-06T02:16:13.185+0200] {logging_mixin.py:120} INFO - [2022-11-06T02:16:13.185+0200] {dag.py:2585} INFO - Sync 1 DAGs
[2022-11-06T02:16:13.198+0200] {logging_mixin.py:120} INFO - [2022-11-06T02:16:13.198+0200] {dag.py:3336} INFO - Setting next_dagrun for latest_only to 2022-11-05T20:16:13.198490+00:00, run_after=2022-11-06T00:16:13.198490+00:00
[2022-11-06T02:16:13.215+0200] {processor.py:176} INFO - Processing /Users/mnagy99/opt/anaconda3/envs/airflow-env/lib/python3.8/site-packages/airflow/example_dags/example_latest_only.py took 0.503 seconds
[2022-11-06T02:18:22.908+0200] {processor.py:154} INFO - Started process (PID=3049) to work on /Users/mnagy99/opt/anaconda3/envs/airflow-env/lib/python3.8/site-packages/airflow/example_dags/example_latest_only.py
[2022-11-06T02:18:22.909+0200] {processor.py:756} INFO - Processing file /Users/mnagy99/opt/anaconda3/envs/airflow-env/lib/python3.8/site-packages/airflow/example_dags/example_latest_only.py for tasks to queue
[2022-11-06T02:18:22.910+0200] {logging_mixin.py:120} INFO - [2022-11-06T02:18:22.910+0200] {dagbag.py:537} INFO - Filling up the DagBag from /Users/mnagy99/opt/anaconda3/envs/airflow-env/lib/python3.8/site-packages/airflow/example_dags/example_latest_only.py
[2022-11-06T02:18:22.934+0200] {processor.py:766} INFO - DAG(s) dict_keys(['latest_only']) retrieved from /Users/mnagy99/opt/anaconda3/envs/airflow-env/lib/python3.8/site-packages/airflow/example_dags/example_latest_only.py
[2022-11-06T02:18:23.383+0200] {logging_mixin.py:120} INFO - [2022-11-06T02:18:23.383+0200] {dag.py:2585} INFO - Sync 1 DAGs
[2022-11-06T02:18:23.399+0200] {logging_mixin.py:120} INFO - [2022-11-06T02:18:23.399+0200] {dag.py:3336} INFO - Setting next_dagrun for latest_only to 2022-11-05T20:18:23.399031+00:00, run_after=2022-11-06T00:18:23.399031+00:00
[2022-11-06T02:18:23.419+0200] {processor.py:176} INFO - Processing /Users/mnagy99/opt/anaconda3/envs/airflow-env/lib/python3.8/site-packages/airflow/example_dags/example_latest_only.py took 0.512 seconds
[2022-11-06T02:20:38.468+0200] {processor.py:154} INFO - Started process (PID=3191) to work on /Users/mnagy99/opt/anaconda3/envs/airflow-env/lib/python3.8/site-packages/airflow/example_dags/example_latest_only.py
[2022-11-06T02:20:38.468+0200] {processor.py:756} INFO - Processing file /Users/mnagy99/opt/anaconda3/envs/airflow-env/lib/python3.8/site-packages/airflow/example_dags/example_latest_only.py for tasks to queue
[2022-11-06T02:20:38.469+0200] {logging_mixin.py:120} INFO - [2022-11-06T02:20:38.469+0200] {dagbag.py:537} INFO - Filling up the DagBag from /Users/mnagy99/opt/anaconda3/envs/airflow-env/lib/python3.8/site-packages/airflow/example_dags/example_latest_only.py
[2022-11-06T02:20:38.496+0200] {processor.py:766} INFO - DAG(s) dict_keys(['latest_only']) retrieved from /Users/mnagy99/opt/anaconda3/envs/airflow-env/lib/python3.8/site-packages/airflow/example_dags/example_latest_only.py
[2022-11-06T02:20:38.927+0200] {logging_mixin.py:120} INFO - [2022-11-06T02:20:38.927+0200] {dag.py:2585} INFO - Sync 1 DAGs
[2022-11-06T02:20:38.941+0200] {logging_mixin.py:120} INFO - [2022-11-06T02:20:38.941+0200] {dag.py:3336} INFO - Setting next_dagrun for latest_only to 2022-11-05T20:20:38.940901+00:00, run_after=2022-11-06T00:20:38.940901+00:00
[2022-11-06T02:20:38.956+0200] {processor.py:176} INFO - Processing /Users/mnagy99/opt/anaconda3/envs/airflow-env/lib/python3.8/site-packages/airflow/example_dags/example_latest_only.py took 0.489 seconds
[2022-11-06T02:22:41.933+0200] {processor.py:154} INFO - Started process (PID=3314) to work on /Users/mnagy99/opt/anaconda3/envs/airflow-env/lib/python3.8/site-packages/airflow/example_dags/example_latest_only.py
[2022-11-06T02:22:41.935+0200] {processor.py:756} INFO - Processing file /Users/mnagy99/opt/anaconda3/envs/airflow-env/lib/python3.8/site-packages/airflow/example_dags/example_latest_only.py for tasks to queue
[2022-11-06T02:22:41.936+0200] {logging_mixin.py:120} INFO - [2022-11-06T02:22:41.936+0200] {dagbag.py:537} INFO - Filling up the DagBag from /Users/mnagy99/opt/anaconda3/envs/airflow-env/lib/python3.8/site-packages/airflow/example_dags/example_latest_only.py
[2022-11-06T02:22:41.962+0200] {processor.py:766} INFO - DAG(s) dict_keys(['latest_only']) retrieved from /Users/mnagy99/opt/anaconda3/envs/airflow-env/lib/python3.8/site-packages/airflow/example_dags/example_latest_only.py
[2022-11-06T02:22:42.408+0200] {logging_mixin.py:120} INFO - [2022-11-06T02:22:42.408+0200] {dag.py:2585} INFO - Sync 1 DAGs
[2022-11-06T02:22:42.422+0200] {logging_mixin.py:120} INFO - [2022-11-06T02:22:42.422+0200] {dag.py:3336} INFO - Setting next_dagrun for latest_only to 2022-11-05T20:22:42.422172+00:00, run_after=2022-11-06T00:22:42.422172+00:00
[2022-11-06T02:22:42.438+0200] {processor.py:176} INFO - Processing /Users/mnagy99/opt/anaconda3/envs/airflow-env/lib/python3.8/site-packages/airflow/example_dags/example_latest_only.py took 0.506 seconds
[2022-11-06T02:24:56.795+0200] {processor.py:154} INFO - Started process (PID=3459) to work on /Users/mnagy99/opt/anaconda3/envs/airflow-env/lib/python3.8/site-packages/airflow/example_dags/example_latest_only.py
[2022-11-06T02:24:56.797+0200] {processor.py:756} INFO - Processing file /Users/mnagy99/opt/anaconda3/envs/airflow-env/lib/python3.8/site-packages/airflow/example_dags/example_latest_only.py for tasks to queue
[2022-11-06T02:24:56.798+0200] {logging_mixin.py:120} INFO - [2022-11-06T02:24:56.798+0200] {dagbag.py:537} INFO - Filling up the DagBag from /Users/mnagy99/opt/anaconda3/envs/airflow-env/lib/python3.8/site-packages/airflow/example_dags/example_latest_only.py
[2022-11-06T02:24:56.860+0200] {processor.py:766} INFO - DAG(s) dict_keys(['latest_only']) retrieved from /Users/mnagy99/opt/anaconda3/envs/airflow-env/lib/python3.8/site-packages/airflow/example_dags/example_latest_only.py
[2022-11-06T02:24:57.348+0200] {logging_mixin.py:120} INFO - [2022-11-06T02:24:57.347+0200] {dag.py:2585} INFO - Sync 1 DAGs
[2022-11-06T02:24:57.361+0200] {logging_mixin.py:120} INFO - [2022-11-06T02:24:57.361+0200] {dag.py:3336} INFO - Setting next_dagrun for latest_only to 2022-11-05T20:24:57.360937+00:00, run_after=2022-11-06T00:24:57.360937+00:00
[2022-11-06T02:24:57.377+0200] {processor.py:176} INFO - Processing /Users/mnagy99/opt/anaconda3/envs/airflow-env/lib/python3.8/site-packages/airflow/example_dags/example_latest_only.py took 0.583 seconds
[2022-11-06T02:27:09.146+0200] {processor.py:154} INFO - Started process (PID=3596) to work on /Users/mnagy99/opt/anaconda3/envs/airflow-env/lib/python3.8/site-packages/airflow/example_dags/example_latest_only.py
[2022-11-06T02:27:09.149+0200] {processor.py:756} INFO - Processing file /Users/mnagy99/opt/anaconda3/envs/airflow-env/lib/python3.8/site-packages/airflow/example_dags/example_latest_only.py for tasks to queue
[2022-11-06T02:27:09.149+0200] {logging_mixin.py:120} INFO - [2022-11-06T02:27:09.149+0200] {dagbag.py:537} INFO - Filling up the DagBag from /Users/mnagy99/opt/anaconda3/envs/airflow-env/lib/python3.8/site-packages/airflow/example_dags/example_latest_only.py
[2022-11-06T02:27:09.171+0200] {processor.py:766} INFO - DAG(s) dict_keys(['latest_only']) retrieved from /Users/mnagy99/opt/anaconda3/envs/airflow-env/lib/python3.8/site-packages/airflow/example_dags/example_latest_only.py
[2022-11-06T02:27:09.623+0200] {logging_mixin.py:120} INFO - [2022-11-06T02:27:09.623+0200] {dag.py:2585} INFO - Sync 1 DAGs
[2022-11-06T02:27:09.638+0200] {logging_mixin.py:120} INFO - [2022-11-06T02:27:09.638+0200] {dag.py:3336} INFO - Setting next_dagrun for latest_only to 2022-11-05T20:27:09.638382+00:00, run_after=2022-11-06T00:27:09.638382+00:00
[2022-11-06T02:27:09.657+0200] {processor.py:176} INFO - Processing /Users/mnagy99/opt/anaconda3/envs/airflow-env/lib/python3.8/site-packages/airflow/example_dags/example_latest_only.py took 0.512 seconds
[2022-11-06T02:29:22.018+0200] {processor.py:154} INFO - Started process (PID=3744) to work on /Users/mnagy99/opt/anaconda3/envs/airflow-env/lib/python3.8/site-packages/airflow/example_dags/example_latest_only.py
[2022-11-06T02:29:22.021+0200] {processor.py:756} INFO - Processing file /Users/mnagy99/opt/anaconda3/envs/airflow-env/lib/python3.8/site-packages/airflow/example_dags/example_latest_only.py for tasks to queue
[2022-11-06T02:29:22.021+0200] {logging_mixin.py:120} INFO - [2022-11-06T02:29:22.021+0200] {dagbag.py:537} INFO - Filling up the DagBag from /Users/mnagy99/opt/anaconda3/envs/airflow-env/lib/python3.8/site-packages/airflow/example_dags/example_latest_only.py
[2022-11-06T02:29:22.044+0200] {processor.py:766} INFO - DAG(s) dict_keys(['latest_only']) retrieved from /Users/mnagy99/opt/anaconda3/envs/airflow-env/lib/python3.8/site-packages/airflow/example_dags/example_latest_only.py
[2022-11-06T02:29:22.495+0200] {logging_mixin.py:120} INFO - [2022-11-06T02:29:22.495+0200] {dag.py:2585} INFO - Sync 1 DAGs
[2022-11-06T02:29:22.508+0200] {logging_mixin.py:120} INFO - [2022-11-06T02:29:22.508+0200] {dag.py:3336} INFO - Setting next_dagrun for latest_only to 2022-11-05T20:29:22.508504+00:00, run_after=2022-11-06T00:29:22.508504+00:00
[2022-11-06T02:29:22.525+0200] {processor.py:176} INFO - Processing /Users/mnagy99/opt/anaconda3/envs/airflow-env/lib/python3.8/site-packages/airflow/example_dags/example_latest_only.py took 0.507 seconds
[2022-11-06T02:31:37.263+0200] {processor.py:154} INFO - Started process (PID=3899) to work on /Users/mnagy99/opt/anaconda3/envs/airflow-env/lib/python3.8/site-packages/airflow/example_dags/example_latest_only.py
[2022-11-06T02:31:37.265+0200] {processor.py:756} INFO - Processing file /Users/mnagy99/opt/anaconda3/envs/airflow-env/lib/python3.8/site-packages/airflow/example_dags/example_latest_only.py for tasks to queue
[2022-11-06T02:31:37.266+0200] {logging_mixin.py:120} INFO - [2022-11-06T02:31:37.266+0200] {dagbag.py:537} INFO - Filling up the DagBag from /Users/mnagy99/opt/anaconda3/envs/airflow-env/lib/python3.8/site-packages/airflow/example_dags/example_latest_only.py
[2022-11-06T02:31:37.311+0200] {processor.py:766} INFO - DAG(s) dict_keys(['latest_only']) retrieved from /Users/mnagy99/opt/anaconda3/envs/airflow-env/lib/python3.8/site-packages/airflow/example_dags/example_latest_only.py
[2022-11-06T02:31:37.889+0200] {logging_mixin.py:120} INFO - [2022-11-06T02:31:37.889+0200] {dag.py:2585} INFO - Sync 1 DAGs
[2022-11-06T02:31:37.903+0200] {logging_mixin.py:120} INFO - [2022-11-06T02:31:37.903+0200] {dag.py:3336} INFO - Setting next_dagrun for latest_only to 2022-11-05T20:31:37.903236+00:00, run_after=2022-11-06T00:31:37.903236+00:00
[2022-11-06T02:31:37.918+0200] {processor.py:176} INFO - Processing /Users/mnagy99/opt/anaconda3/envs/airflow-env/lib/python3.8/site-packages/airflow/example_dags/example_latest_only.py took 0.656 seconds
[2022-11-06T02:33:46.853+0200] {processor.py:154} INFO - Started process (PID=4046) to work on /Users/mnagy99/opt/anaconda3/envs/airflow-env/lib/python3.8/site-packages/airflow/example_dags/example_latest_only.py
[2022-11-06T02:33:46.855+0200] {processor.py:756} INFO - Processing file /Users/mnagy99/opt/anaconda3/envs/airflow-env/lib/python3.8/site-packages/airflow/example_dags/example_latest_only.py for tasks to queue
[2022-11-06T02:33:46.856+0200] {logging_mixin.py:120} INFO - [2022-11-06T02:33:46.855+0200] {dagbag.py:537} INFO - Filling up the DagBag from /Users/mnagy99/opt/anaconda3/envs/airflow-env/lib/python3.8/site-packages/airflow/example_dags/example_latest_only.py
[2022-11-06T02:33:46.881+0200] {processor.py:766} INFO - DAG(s) dict_keys(['latest_only']) retrieved from /Users/mnagy99/opt/anaconda3/envs/airflow-env/lib/python3.8/site-packages/airflow/example_dags/example_latest_only.py
[2022-11-06T02:33:47.424+0200] {logging_mixin.py:120} INFO - [2022-11-06T02:33:47.424+0200] {dag.py:2585} INFO - Sync 1 DAGs
[2022-11-06T02:33:47.438+0200] {logging_mixin.py:120} INFO - [2022-11-06T02:33:47.438+0200] {dag.py:3336} INFO - Setting next_dagrun for latest_only to 2022-11-05T20:33:47.438338+00:00, run_after=2022-11-06T00:33:47.438338+00:00
[2022-11-06T02:33:47.455+0200] {processor.py:176} INFO - Processing /Users/mnagy99/opt/anaconda3/envs/airflow-env/lib/python3.8/site-packages/airflow/example_dags/example_latest_only.py took 0.603 seconds
[2022-11-06T02:35:56.419+0200] {processor.py:154} INFO - Started process (PID=4196) to work on /Users/mnagy99/opt/anaconda3/envs/airflow-env/lib/python3.8/site-packages/airflow/example_dags/example_latest_only.py
[2022-11-06T02:35:56.422+0200] {processor.py:756} INFO - Processing file /Users/mnagy99/opt/anaconda3/envs/airflow-env/lib/python3.8/site-packages/airflow/example_dags/example_latest_only.py for tasks to queue
[2022-11-06T02:35:56.423+0200] {logging_mixin.py:120} INFO - [2022-11-06T02:35:56.423+0200] {dagbag.py:537} INFO - Filling up the DagBag from /Users/mnagy99/opt/anaconda3/envs/airflow-env/lib/python3.8/site-packages/airflow/example_dags/example_latest_only.py
[2022-11-06T02:35:56.445+0200] {processor.py:766} INFO - DAG(s) dict_keys(['latest_only']) retrieved from /Users/mnagy99/opt/anaconda3/envs/airflow-env/lib/python3.8/site-packages/airflow/example_dags/example_latest_only.py
[2022-11-06T02:35:56.889+0200] {logging_mixin.py:120} INFO - [2022-11-06T02:35:56.889+0200] {dag.py:2585} INFO - Sync 1 DAGs
[2022-11-06T02:35:56.904+0200] {logging_mixin.py:120} INFO - [2022-11-06T02:35:56.904+0200] {dag.py:3336} INFO - Setting next_dagrun for latest_only to 2022-11-05T20:35:56.904109+00:00, run_after=2022-11-06T00:35:56.904109+00:00
[2022-11-06T02:35:56.922+0200] {processor.py:176} INFO - Processing /Users/mnagy99/opt/anaconda3/envs/airflow-env/lib/python3.8/site-packages/airflow/example_dags/example_latest_only.py took 0.503 seconds
[2022-11-06T02:38:05.404+0200] {processor.py:154} INFO - Started process (PID=4324) to work on /Users/mnagy99/opt/anaconda3/envs/airflow-env/lib/python3.8/site-packages/airflow/example_dags/example_latest_only.py
[2022-11-06T02:38:05.406+0200] {processor.py:756} INFO - Processing file /Users/mnagy99/opt/anaconda3/envs/airflow-env/lib/python3.8/site-packages/airflow/example_dags/example_latest_only.py for tasks to queue
[2022-11-06T02:38:05.406+0200] {logging_mixin.py:120} INFO - [2022-11-06T02:38:05.406+0200] {dagbag.py:537} INFO - Filling up the DagBag from /Users/mnagy99/opt/anaconda3/envs/airflow-env/lib/python3.8/site-packages/airflow/example_dags/example_latest_only.py
[2022-11-06T02:38:05.428+0200] {processor.py:766} INFO - DAG(s) dict_keys(['latest_only']) retrieved from /Users/mnagy99/opt/anaconda3/envs/airflow-env/lib/python3.8/site-packages/airflow/example_dags/example_latest_only.py
[2022-11-06T02:38:05.929+0200] {logging_mixin.py:120} INFO - [2022-11-06T02:38:05.929+0200] {dag.py:2585} INFO - Sync 1 DAGs
[2022-11-06T02:38:05.950+0200] {logging_mixin.py:120} INFO - [2022-11-06T02:38:05.949+0200] {dag.py:3336} INFO - Setting next_dagrun for latest_only to 2022-11-05T20:38:05.949041+00:00, run_after=2022-11-06T00:38:05.949041+00:00
[2022-11-06T02:38:05.969+0200] {processor.py:176} INFO - Processing /Users/mnagy99/opt/anaconda3/envs/airflow-env/lib/python3.8/site-packages/airflow/example_dags/example_latest_only.py took 0.566 seconds
[2022-11-06T02:40:20.618+0200] {processor.py:154} INFO - Started process (PID=4459) to work on /Users/mnagy99/opt/anaconda3/envs/airflow-env/lib/python3.8/site-packages/airflow/example_dags/example_latest_only.py
[2022-11-06T02:40:20.619+0200] {processor.py:756} INFO - Processing file /Users/mnagy99/opt/anaconda3/envs/airflow-env/lib/python3.8/site-packages/airflow/example_dags/example_latest_only.py for tasks to queue
[2022-11-06T02:40:20.620+0200] {logging_mixin.py:120} INFO - [2022-11-06T02:40:20.620+0200] {dagbag.py:537} INFO - Filling up the DagBag from /Users/mnagy99/opt/anaconda3/envs/airflow-env/lib/python3.8/site-packages/airflow/example_dags/example_latest_only.py
[2022-11-06T02:40:20.641+0200] {processor.py:766} INFO - DAG(s) dict_keys(['latest_only']) retrieved from /Users/mnagy99/opt/anaconda3/envs/airflow-env/lib/python3.8/site-packages/airflow/example_dags/example_latest_only.py
[2022-11-06T02:40:21.103+0200] {logging_mixin.py:120} INFO - [2022-11-06T02:40:21.103+0200] {dag.py:2585} INFO - Sync 1 DAGs
[2022-11-06T02:40:21.116+0200] {logging_mixin.py:120} INFO - [2022-11-06T02:40:21.116+0200] {dag.py:3336} INFO - Setting next_dagrun for latest_only to 2022-11-05T20:40:21.116154+00:00, run_after=2022-11-06T00:40:21.116154+00:00
[2022-11-06T02:40:21.132+0200] {processor.py:176} INFO - Processing /Users/mnagy99/opt/anaconda3/envs/airflow-env/lib/python3.8/site-packages/airflow/example_dags/example_latest_only.py took 0.515 seconds
[2022-11-06T02:42:45.505+0200] {processor.py:154} INFO - Started process (PID=4627) to work on /Users/mnagy99/opt/anaconda3/envs/airflow-env/lib/python3.8/site-packages/airflow/example_dags/example_latest_only.py
[2022-11-06T02:42:45.506+0200] {processor.py:756} INFO - Processing file /Users/mnagy99/opt/anaconda3/envs/airflow-env/lib/python3.8/site-packages/airflow/example_dags/example_latest_only.py for tasks to queue
[2022-11-06T02:42:45.507+0200] {logging_mixin.py:120} INFO - [2022-11-06T02:42:45.507+0200] {dagbag.py:537} INFO - Filling up the DagBag from /Users/mnagy99/opt/anaconda3/envs/airflow-env/lib/python3.8/site-packages/airflow/example_dags/example_latest_only.py
[2022-11-06T02:42:45.535+0200] {processor.py:766} INFO - DAG(s) dict_keys(['latest_only']) retrieved from /Users/mnagy99/opt/anaconda3/envs/airflow-env/lib/python3.8/site-packages/airflow/example_dags/example_latest_only.py
[2022-11-06T02:42:46.086+0200] {logging_mixin.py:120} INFO - [2022-11-06T02:42:46.086+0200] {dag.py:2585} INFO - Sync 1 DAGs
[2022-11-06T02:42:46.103+0200] {logging_mixin.py:120} INFO - [2022-11-06T02:42:46.103+0200] {dag.py:3336} INFO - Setting next_dagrun for latest_only to 2022-11-05T20:42:46.103450+00:00, run_after=2022-11-06T00:42:46.103450+00:00
[2022-11-06T02:42:46.122+0200] {processor.py:176} INFO - Processing /Users/mnagy99/opt/anaconda3/envs/airflow-env/lib/python3.8/site-packages/airflow/example_dags/example_latest_only.py took 0.618 seconds
[2022-11-06T02:45:09.751+0200] {processor.py:154} INFO - Started process (PID=4764) to work on /Users/mnagy99/opt/anaconda3/envs/airflow-env/lib/python3.8/site-packages/airflow/example_dags/example_latest_only.py
[2022-11-06T02:45:09.753+0200] {processor.py:756} INFO - Processing file /Users/mnagy99/opt/anaconda3/envs/airflow-env/lib/python3.8/site-packages/airflow/example_dags/example_latest_only.py for tasks to queue
[2022-11-06T02:45:09.754+0200] {logging_mixin.py:120} INFO - [2022-11-06T02:45:09.754+0200] {dagbag.py:537} INFO - Filling up the DagBag from /Users/mnagy99/opt/anaconda3/envs/airflow-env/lib/python3.8/site-packages/airflow/example_dags/example_latest_only.py
[2022-11-06T02:45:09.779+0200] {processor.py:766} INFO - DAG(s) dict_keys(['latest_only']) retrieved from /Users/mnagy99/opt/anaconda3/envs/airflow-env/lib/python3.8/site-packages/airflow/example_dags/example_latest_only.py
[2022-11-06T02:45:10.213+0200] {logging_mixin.py:120} INFO - [2022-11-06T02:45:10.213+0200] {dag.py:2585} INFO - Sync 1 DAGs
[2022-11-06T02:45:10.227+0200] {logging_mixin.py:120} INFO - [2022-11-06T02:45:10.227+0200] {dag.py:3336} INFO - Setting next_dagrun for latest_only to 2022-11-05T20:45:10.227023+00:00, run_after=2022-11-06T00:45:10.227023+00:00
[2022-11-06T02:45:10.244+0200] {processor.py:176} INFO - Processing /Users/mnagy99/opt/anaconda3/envs/airflow-env/lib/python3.8/site-packages/airflow/example_dags/example_latest_only.py took 0.493 seconds
[2022-11-06T02:47:25.146+0200] {processor.py:154} INFO - Started process (PID=4904) to work on /Users/mnagy99/opt/anaconda3/envs/airflow-env/lib/python3.8/site-packages/airflow/example_dags/example_latest_only.py
[2022-11-06T02:47:25.149+0200] {processor.py:756} INFO - Processing file /Users/mnagy99/opt/anaconda3/envs/airflow-env/lib/python3.8/site-packages/airflow/example_dags/example_latest_only.py for tasks to queue
[2022-11-06T02:47:25.149+0200] {logging_mixin.py:120} INFO - [2022-11-06T02:47:25.149+0200] {dagbag.py:537} INFO - Filling up the DagBag from /Users/mnagy99/opt/anaconda3/envs/airflow-env/lib/python3.8/site-packages/airflow/example_dags/example_latest_only.py
[2022-11-06T02:47:25.174+0200] {processor.py:766} INFO - DAG(s) dict_keys(['latest_only']) retrieved from /Users/mnagy99/opt/anaconda3/envs/airflow-env/lib/python3.8/site-packages/airflow/example_dags/example_latest_only.py
[2022-11-06T02:47:25.679+0200] {logging_mixin.py:120} INFO - [2022-11-06T02:47:25.679+0200] {dag.py:2585} INFO - Sync 1 DAGs
[2022-11-06T02:47:25.692+0200] {logging_mixin.py:120} INFO - [2022-11-06T02:47:25.692+0200] {dag.py:3336} INFO - Setting next_dagrun for latest_only to 2022-11-05T20:47:25.692448+00:00, run_after=2022-11-06T00:47:25.692448+00:00
[2022-11-06T02:47:25.710+0200] {processor.py:176} INFO - Processing /Users/mnagy99/opt/anaconda3/envs/airflow-env/lib/python3.8/site-packages/airflow/example_dags/example_latest_only.py took 0.564 seconds
[2022-11-06T02:49:32.146+0200] {processor.py:154} INFO - Started process (PID=5027) to work on /Users/mnagy99/opt/anaconda3/envs/airflow-env/lib/python3.8/site-packages/airflow/example_dags/example_latest_only.py
[2022-11-06T02:49:32.148+0200] {processor.py:756} INFO - Processing file /Users/mnagy99/opt/anaconda3/envs/airflow-env/lib/python3.8/site-packages/airflow/example_dags/example_latest_only.py for tasks to queue
[2022-11-06T02:49:32.148+0200] {logging_mixin.py:120} INFO - [2022-11-06T02:49:32.148+0200] {dagbag.py:537} INFO - Filling up the DagBag from /Users/mnagy99/opt/anaconda3/envs/airflow-env/lib/python3.8/site-packages/airflow/example_dags/example_latest_only.py
[2022-11-06T02:49:32.174+0200] {processor.py:766} INFO - DAG(s) dict_keys(['latest_only']) retrieved from /Users/mnagy99/opt/anaconda3/envs/airflow-env/lib/python3.8/site-packages/airflow/example_dags/example_latest_only.py
[2022-11-06T02:49:32.618+0200] {logging_mixin.py:120} INFO - [2022-11-06T02:49:32.618+0200] {dag.py:2585} INFO - Sync 1 DAGs
[2022-11-06T02:49:32.632+0200] {logging_mixin.py:120} INFO - [2022-11-06T02:49:32.632+0200] {dag.py:3336} INFO - Setting next_dagrun for latest_only to 2022-11-05T20:49:32.632125+00:00, run_after=2022-11-06T00:49:32.632125+00:00
[2022-11-06T02:49:32.653+0200] {processor.py:176} INFO - Processing /Users/mnagy99/opt/anaconda3/envs/airflow-env/lib/python3.8/site-packages/airflow/example_dags/example_latest_only.py took 0.508 seconds
[2022-11-06T02:51:35.796+0200] {processor.py:154} INFO - Started process (PID=5155) to work on /Users/mnagy99/opt/anaconda3/envs/airflow-env/lib/python3.8/site-packages/airflow/example_dags/example_latest_only.py
[2022-11-06T02:51:35.799+0200] {processor.py:756} INFO - Processing file /Users/mnagy99/opt/anaconda3/envs/airflow-env/lib/python3.8/site-packages/airflow/example_dags/example_latest_only.py for tasks to queue
[2022-11-06T02:51:35.800+0200] {logging_mixin.py:120} INFO - [2022-11-06T02:51:35.800+0200] {dagbag.py:537} INFO - Filling up the DagBag from /Users/mnagy99/opt/anaconda3/envs/airflow-env/lib/python3.8/site-packages/airflow/example_dags/example_latest_only.py
[2022-11-06T02:51:35.821+0200] {processor.py:766} INFO - DAG(s) dict_keys(['latest_only']) retrieved from /Users/mnagy99/opt/anaconda3/envs/airflow-env/lib/python3.8/site-packages/airflow/example_dags/example_latest_only.py
[2022-11-06T02:51:36.256+0200] {logging_mixin.py:120} INFO - [2022-11-06T02:51:36.256+0200] {dag.py:2585} INFO - Sync 1 DAGs
[2022-11-06T02:51:36.271+0200] {logging_mixin.py:120} INFO - [2022-11-06T02:51:36.271+0200] {dag.py:3336} INFO - Setting next_dagrun for latest_only to 2022-11-05T20:51:36.271174+00:00, run_after=2022-11-06T00:51:36.271174+00:00
[2022-11-06T02:51:36.286+0200] {processor.py:176} INFO - Processing /Users/mnagy99/opt/anaconda3/envs/airflow-env/lib/python3.8/site-packages/airflow/example_dags/example_latest_only.py took 0.490 seconds
[2022-11-06T02:53:41.203+0200] {processor.py:154} INFO - Started process (PID=5277) to work on /Users/mnagy99/opt/anaconda3/envs/airflow-env/lib/python3.8/site-packages/airflow/example_dags/example_latest_only.py
[2022-11-06T02:53:41.205+0200] {processor.py:756} INFO - Processing file /Users/mnagy99/opt/anaconda3/envs/airflow-env/lib/python3.8/site-packages/airflow/example_dags/example_latest_only.py for tasks to queue
[2022-11-06T02:53:41.207+0200] {logging_mixin.py:120} INFO - [2022-11-06T02:53:41.207+0200] {dagbag.py:537} INFO - Filling up the DagBag from /Users/mnagy99/opt/anaconda3/envs/airflow-env/lib/python3.8/site-packages/airflow/example_dags/example_latest_only.py
[2022-11-06T02:53:41.228+0200] {processor.py:766} INFO - DAG(s) dict_keys(['latest_only']) retrieved from /Users/mnagy99/opt/anaconda3/envs/airflow-env/lib/python3.8/site-packages/airflow/example_dags/example_latest_only.py
[2022-11-06T02:53:41.662+0200] {logging_mixin.py:120} INFO - [2022-11-06T02:53:41.661+0200] {dag.py:2585} INFO - Sync 1 DAGs
[2022-11-06T02:53:41.675+0200] {logging_mixin.py:120} INFO - [2022-11-06T02:53:41.675+0200] {dag.py:3336} INFO - Setting next_dagrun for latest_only to 2022-11-05T20:53:41.675537+00:00, run_after=2022-11-06T00:53:41.675537+00:00
[2022-11-06T02:53:41.693+0200] {processor.py:176} INFO - Processing /Users/mnagy99/opt/anaconda3/envs/airflow-env/lib/python3.8/site-packages/airflow/example_dags/example_latest_only.py took 0.491 seconds
[2022-11-06T02:55:51.145+0200] {processor.py:154} INFO - Started process (PID=5403) to work on /Users/mnagy99/opt/anaconda3/envs/airflow-env/lib/python3.8/site-packages/airflow/example_dags/example_latest_only.py
[2022-11-06T02:55:51.148+0200] {processor.py:756} INFO - Processing file /Users/mnagy99/opt/anaconda3/envs/airflow-env/lib/python3.8/site-packages/airflow/example_dags/example_latest_only.py for tasks to queue
[2022-11-06T02:55:51.149+0200] {logging_mixin.py:120} INFO - [2022-11-06T02:55:51.148+0200] {dagbag.py:537} INFO - Filling up the DagBag from /Users/mnagy99/opt/anaconda3/envs/airflow-env/lib/python3.8/site-packages/airflow/example_dags/example_latest_only.py
[2022-11-06T02:55:51.174+0200] {processor.py:766} INFO - DAG(s) dict_keys(['latest_only']) retrieved from /Users/mnagy99/opt/anaconda3/envs/airflow-env/lib/python3.8/site-packages/airflow/example_dags/example_latest_only.py
[2022-11-06T02:55:51.697+0200] {logging_mixin.py:120} INFO - [2022-11-06T02:55:51.697+0200] {dag.py:2585} INFO - Sync 1 DAGs
[2022-11-06T02:55:51.713+0200] {logging_mixin.py:120} INFO - [2022-11-06T02:55:51.713+0200] {dag.py:3336} INFO - Setting next_dagrun for latest_only to 2022-11-05T20:55:51.713404+00:00, run_after=2022-11-06T00:55:51.713404+00:00
[2022-11-06T02:55:51.730+0200] {processor.py:176} INFO - Processing /Users/mnagy99/opt/anaconda3/envs/airflow-env/lib/python3.8/site-packages/airflow/example_dags/example_latest_only.py took 0.586 seconds
[2022-11-06T02:58:09.278+0200] {processor.py:154} INFO - Started process (PID=5551) to work on /Users/mnagy99/opt/anaconda3/envs/airflow-env/lib/python3.8/site-packages/airflow/example_dags/example_latest_only.py
[2022-11-06T02:58:09.280+0200] {processor.py:756} INFO - Processing file /Users/mnagy99/opt/anaconda3/envs/airflow-env/lib/python3.8/site-packages/airflow/example_dags/example_latest_only.py for tasks to queue
[2022-11-06T02:58:09.281+0200] {logging_mixin.py:120} INFO - [2022-11-06T02:58:09.280+0200] {dagbag.py:537} INFO - Filling up the DagBag from /Users/mnagy99/opt/anaconda3/envs/airflow-env/lib/python3.8/site-packages/airflow/example_dags/example_latest_only.py
[2022-11-06T02:58:09.307+0200] {processor.py:766} INFO - DAG(s) dict_keys(['latest_only']) retrieved from /Users/mnagy99/opt/anaconda3/envs/airflow-env/lib/python3.8/site-packages/airflow/example_dags/example_latest_only.py
[2022-11-06T02:58:09.823+0200] {logging_mixin.py:120} INFO - [2022-11-06T02:58:09.823+0200] {dag.py:2585} INFO - Sync 1 DAGs
[2022-11-06T02:58:09.837+0200] {logging_mixin.py:120} INFO - [2022-11-06T02:58:09.837+0200] {dag.py:3336} INFO - Setting next_dagrun for latest_only to 2022-11-05T20:58:09.837322+00:00, run_after=2022-11-06T00:58:09.837322+00:00
[2022-11-06T02:58:09.859+0200] {processor.py:176} INFO - Processing /Users/mnagy99/opt/anaconda3/envs/airflow-env/lib/python3.8/site-packages/airflow/example_dags/example_latest_only.py took 0.582 seconds
[2022-11-06T03:00:27.990+0200] {processor.py:154} INFO - Started process (PID=5689) to work on /Users/mnagy99/opt/anaconda3/envs/airflow-env/lib/python3.8/site-packages/airflow/example_dags/example_latest_only.py
[2022-11-06T03:00:27.991+0200] {processor.py:756} INFO - Processing file /Users/mnagy99/opt/anaconda3/envs/airflow-env/lib/python3.8/site-packages/airflow/example_dags/example_latest_only.py for tasks to queue
[2022-11-06T03:00:27.992+0200] {logging_mixin.py:120} INFO - [2022-11-06T03:00:27.992+0200] {dagbag.py:537} INFO - Filling up the DagBag from /Users/mnagy99/opt/anaconda3/envs/airflow-env/lib/python3.8/site-packages/airflow/example_dags/example_latest_only.py
[2022-11-06T03:00:28.016+0200] {processor.py:766} INFO - DAG(s) dict_keys(['latest_only']) retrieved from /Users/mnagy99/opt/anaconda3/envs/airflow-env/lib/python3.8/site-packages/airflow/example_dags/example_latest_only.py
[2022-11-06T03:00:28.501+0200] {logging_mixin.py:120} INFO - [2022-11-06T03:00:28.501+0200] {dag.py:2585} INFO - Sync 1 DAGs
[2022-11-06T03:00:28.516+0200] {logging_mixin.py:120} INFO - [2022-11-06T03:00:28.516+0200] {dag.py:3336} INFO - Setting next_dagrun for latest_only to 2022-11-05T21:00:28.515923+00:00, run_after=2022-11-06T01:00:28.515923+00:00
[2022-11-06T03:00:28.532+0200] {processor.py:176} INFO - Processing /Users/mnagy99/opt/anaconda3/envs/airflow-env/lib/python3.8/site-packages/airflow/example_dags/example_latest_only.py took 0.543 seconds
[2022-11-06T03:03:11.731+0200] {processor.py:154} INFO - Started process (PID=5831) to work on /Users/mnagy99/opt/anaconda3/envs/airflow-env/lib/python3.8/site-packages/airflow/example_dags/example_latest_only.py
[2022-11-06T03:03:11.734+0200] {processor.py:756} INFO - Processing file /Users/mnagy99/opt/anaconda3/envs/airflow-env/lib/python3.8/site-packages/airflow/example_dags/example_latest_only.py for tasks to queue
[2022-11-06T03:03:11.734+0200] {logging_mixin.py:120} INFO - [2022-11-06T03:03:11.734+0200] {dagbag.py:537} INFO - Filling up the DagBag from /Users/mnagy99/opt/anaconda3/envs/airflow-env/lib/python3.8/site-packages/airflow/example_dags/example_latest_only.py
[2022-11-06T03:03:11.757+0200] {processor.py:766} INFO - DAG(s) dict_keys(['latest_only']) retrieved from /Users/mnagy99/opt/anaconda3/envs/airflow-env/lib/python3.8/site-packages/airflow/example_dags/example_latest_only.py
[2022-11-06T03:03:12.198+0200] {logging_mixin.py:120} INFO - [2022-11-06T03:03:12.197+0200] {dag.py:2585} INFO - Sync 1 DAGs
[2022-11-06T03:03:12.212+0200] {logging_mixin.py:120} INFO - [2022-11-06T03:03:12.212+0200] {dag.py:3336} INFO - Setting next_dagrun for latest_only to 2022-11-05T21:03:12.211981+00:00, run_after=2022-11-06T01:03:12.211981+00:00
[2022-11-06T03:03:12.231+0200] {processor.py:176} INFO - Processing /Users/mnagy99/opt/anaconda3/envs/airflow-env/lib/python3.8/site-packages/airflow/example_dags/example_latest_only.py took 0.501 seconds
[2022-11-06T03:05:29.709+0200] {processor.py:154} INFO - Started process (PID=5965) to work on /Users/mnagy99/opt/anaconda3/envs/airflow-env/lib/python3.8/site-packages/airflow/example_dags/example_latest_only.py
[2022-11-06T03:05:29.711+0200] {processor.py:756} INFO - Processing file /Users/mnagy99/opt/anaconda3/envs/airflow-env/lib/python3.8/site-packages/airflow/example_dags/example_latest_only.py for tasks to queue
[2022-11-06T03:05:29.711+0200] {logging_mixin.py:120} INFO - [2022-11-06T03:05:29.711+0200] {dagbag.py:537} INFO - Filling up the DagBag from /Users/mnagy99/opt/anaconda3/envs/airflow-env/lib/python3.8/site-packages/airflow/example_dags/example_latest_only.py
[2022-11-06T03:05:29.738+0200] {processor.py:766} INFO - DAG(s) dict_keys(['latest_only']) retrieved from /Users/mnagy99/opt/anaconda3/envs/airflow-env/lib/python3.8/site-packages/airflow/example_dags/example_latest_only.py
[2022-11-06T03:05:30.202+0200] {logging_mixin.py:120} INFO - [2022-11-06T03:05:30.202+0200] {dag.py:2585} INFO - Sync 1 DAGs
[2022-11-06T03:05:30.215+0200] {logging_mixin.py:120} INFO - [2022-11-06T03:05:30.215+0200] {dag.py:3336} INFO - Setting next_dagrun for latest_only to 2022-11-05T21:05:30.215490+00:00, run_after=2022-11-06T01:05:30.215490+00:00
[2022-11-06T03:05:30.233+0200] {processor.py:176} INFO - Processing /Users/mnagy99/opt/anaconda3/envs/airflow-env/lib/python3.8/site-packages/airflow/example_dags/example_latest_only.py took 0.524 seconds
[2022-11-06T03:07:48.144+0200] {processor.py:154} INFO - Started process (PID=6099) to work on /Users/mnagy99/opt/anaconda3/envs/airflow-env/lib/python3.8/site-packages/airflow/example_dags/example_latest_only.py
[2022-11-06T03:07:48.146+0200] {processor.py:756} INFO - Processing file /Users/mnagy99/opt/anaconda3/envs/airflow-env/lib/python3.8/site-packages/airflow/example_dags/example_latest_only.py for tasks to queue
[2022-11-06T03:07:48.147+0200] {logging_mixin.py:120} INFO - [2022-11-06T03:07:48.147+0200] {dagbag.py:537} INFO - Filling up the DagBag from /Users/mnagy99/opt/anaconda3/envs/airflow-env/lib/python3.8/site-packages/airflow/example_dags/example_latest_only.py
[2022-11-06T03:07:48.168+0200] {processor.py:766} INFO - DAG(s) dict_keys(['latest_only']) retrieved from /Users/mnagy99/opt/anaconda3/envs/airflow-env/lib/python3.8/site-packages/airflow/example_dags/example_latest_only.py
[2022-11-06T03:07:48.615+0200] {logging_mixin.py:120} INFO - [2022-11-06T03:07:48.614+0200] {dag.py:2585} INFO - Sync 1 DAGs
[2022-11-06T03:07:48.629+0200] {logging_mixin.py:120} INFO - [2022-11-06T03:07:48.628+0200] {dag.py:3336} INFO - Setting next_dagrun for latest_only to 2022-11-05T21:07:48.628825+00:00, run_after=2022-11-06T01:07:48.628825+00:00
[2022-11-06T03:07:48.647+0200] {processor.py:176} INFO - Processing /Users/mnagy99/opt/anaconda3/envs/airflow-env/lib/python3.8/site-packages/airflow/example_dags/example_latest_only.py took 0.504 seconds
[2022-11-06T03:09:56.232+0200] {processor.py:154} INFO - Started process (PID=6235) to work on /Users/mnagy99/opt/anaconda3/envs/airflow-env/lib/python3.8/site-packages/airflow/example_dags/example_latest_only.py
[2022-11-06T03:09:56.233+0200] {processor.py:756} INFO - Processing file /Users/mnagy99/opt/anaconda3/envs/airflow-env/lib/python3.8/site-packages/airflow/example_dags/example_latest_only.py for tasks to queue
[2022-11-06T03:09:56.234+0200] {logging_mixin.py:120} INFO - [2022-11-06T03:09:56.234+0200] {dagbag.py:537} INFO - Filling up the DagBag from /Users/mnagy99/opt/anaconda3/envs/airflow-env/lib/python3.8/site-packages/airflow/example_dags/example_latest_only.py
[2022-11-06T03:09:56.262+0200] {processor.py:766} INFO - DAG(s) dict_keys(['latest_only']) retrieved from /Users/mnagy99/opt/anaconda3/envs/airflow-env/lib/python3.8/site-packages/airflow/example_dags/example_latest_only.py
[2022-11-06T03:09:56.761+0200] {logging_mixin.py:120} INFO - [2022-11-06T03:09:56.761+0200] {dag.py:2585} INFO - Sync 1 DAGs
[2022-11-06T03:09:56.778+0200] {logging_mixin.py:120} INFO - [2022-11-06T03:09:56.778+0200] {dag.py:3336} INFO - Setting next_dagrun for latest_only to 2022-11-05T21:09:56.778743+00:00, run_after=2022-11-06T01:09:56.778743+00:00
[2022-11-06T03:09:56.795+0200] {processor.py:176} INFO - Processing /Users/mnagy99/opt/anaconda3/envs/airflow-env/lib/python3.8/site-packages/airflow/example_dags/example_latest_only.py took 0.565 seconds
[2022-11-06T03:11:57.132+0200] {processor.py:154} INFO - Started process (PID=6361) to work on /Users/mnagy99/opt/anaconda3/envs/airflow-env/lib/python3.8/site-packages/airflow/example_dags/example_latest_only.py
[2022-11-06T03:11:57.133+0200] {processor.py:756} INFO - Processing file /Users/mnagy99/opt/anaconda3/envs/airflow-env/lib/python3.8/site-packages/airflow/example_dags/example_latest_only.py for tasks to queue
[2022-11-06T03:11:57.133+0200] {logging_mixin.py:120} INFO - [2022-11-06T03:11:57.133+0200] {dagbag.py:537} INFO - Filling up the DagBag from /Users/mnagy99/opt/anaconda3/envs/airflow-env/lib/python3.8/site-packages/airflow/example_dags/example_latest_only.py
[2022-11-06T03:11:57.153+0200] {processor.py:766} INFO - DAG(s) dict_keys(['latest_only']) retrieved from /Users/mnagy99/opt/anaconda3/envs/airflow-env/lib/python3.8/site-packages/airflow/example_dags/example_latest_only.py
[2022-11-06T03:11:57.583+0200] {logging_mixin.py:120} INFO - [2022-11-06T03:11:57.583+0200] {dag.py:2585} INFO - Sync 1 DAGs
[2022-11-06T03:11:57.597+0200] {logging_mixin.py:120} INFO - [2022-11-06T03:11:57.597+0200] {dag.py:3336} INFO - Setting next_dagrun for latest_only to 2022-11-05T21:11:57.597492+00:00, run_after=2022-11-06T01:11:57.597492+00:00
[2022-11-06T03:11:57.617+0200] {processor.py:176} INFO - Processing /Users/mnagy99/opt/anaconda3/envs/airflow-env/lib/python3.8/site-packages/airflow/example_dags/example_latest_only.py took 0.486 seconds
[2022-11-06T03:14:07.086+0200] {processor.py:154} INFO - Started process (PID=6490) to work on /Users/mnagy99/opt/anaconda3/envs/airflow-env/lib/python3.8/site-packages/airflow/example_dags/example_latest_only.py
[2022-11-06T03:14:07.087+0200] {processor.py:756} INFO - Processing file /Users/mnagy99/opt/anaconda3/envs/airflow-env/lib/python3.8/site-packages/airflow/example_dags/example_latest_only.py for tasks to queue
[2022-11-06T03:14:07.088+0200] {logging_mixin.py:120} INFO - [2022-11-06T03:14:07.088+0200] {dagbag.py:537} INFO - Filling up the DagBag from /Users/mnagy99/opt/anaconda3/envs/airflow-env/lib/python3.8/site-packages/airflow/example_dags/example_latest_only.py
[2022-11-06T03:14:07.110+0200] {processor.py:766} INFO - DAG(s) dict_keys(['latest_only']) retrieved from /Users/mnagy99/opt/anaconda3/envs/airflow-env/lib/python3.8/site-packages/airflow/example_dags/example_latest_only.py
[2022-11-06T03:14:07.542+0200] {logging_mixin.py:120} INFO - [2022-11-06T03:14:07.541+0200] {dag.py:2585} INFO - Sync 1 DAGs
[2022-11-06T03:14:07.555+0200] {logging_mixin.py:120} INFO - [2022-11-06T03:14:07.555+0200] {dag.py:3336} INFO - Setting next_dagrun for latest_only to 2022-11-05T21:14:07.555318+00:00, run_after=2022-11-06T01:14:07.555318+00:00
[2022-11-06T03:14:07.573+0200] {processor.py:176} INFO - Processing /Users/mnagy99/opt/anaconda3/envs/airflow-env/lib/python3.8/site-packages/airflow/example_dags/example_latest_only.py took 0.488 seconds
[2022-11-06T03:16:05.440+0200] {processor.py:154} INFO - Started process (PID=6617) to work on /Users/mnagy99/opt/anaconda3/envs/airflow-env/lib/python3.8/site-packages/airflow/example_dags/example_latest_only.py
[2022-11-06T03:16:05.440+0200] {processor.py:756} INFO - Processing file /Users/mnagy99/opt/anaconda3/envs/airflow-env/lib/python3.8/site-packages/airflow/example_dags/example_latest_only.py for tasks to queue
[2022-11-06T03:16:05.441+0200] {logging_mixin.py:120} INFO - [2022-11-06T03:16:05.441+0200] {dagbag.py:537} INFO - Filling up the DagBag from /Users/mnagy99/opt/anaconda3/envs/airflow-env/lib/python3.8/site-packages/airflow/example_dags/example_latest_only.py
[2022-11-06T03:16:05.460+0200] {processor.py:766} INFO - DAG(s) dict_keys(['latest_only']) retrieved from /Users/mnagy99/opt/anaconda3/envs/airflow-env/lib/python3.8/site-packages/airflow/example_dags/example_latest_only.py
[2022-11-06T03:16:05.888+0200] {logging_mixin.py:120} INFO - [2022-11-06T03:16:05.887+0200] {dag.py:2585} INFO - Sync 1 DAGs
[2022-11-06T03:16:05.901+0200] {logging_mixin.py:120} INFO - [2022-11-06T03:16:05.901+0200] {dag.py:3336} INFO - Setting next_dagrun for latest_only to 2022-11-05T21:16:05.901335+00:00, run_after=2022-11-06T01:16:05.901335+00:00
[2022-11-06T03:16:05.919+0200] {processor.py:176} INFO - Processing /Users/mnagy99/opt/anaconda3/envs/airflow-env/lib/python3.8/site-packages/airflow/example_dags/example_latest_only.py took 0.479 seconds
[2022-11-06T03:18:02.229+0200] {processor.py:154} INFO - Started process (PID=6753) to work on /Users/mnagy99/opt/anaconda3/envs/airflow-env/lib/python3.8/site-packages/airflow/example_dags/example_latest_only.py
[2022-11-06T03:18:02.231+0200] {processor.py:756} INFO - Processing file /Users/mnagy99/opt/anaconda3/envs/airflow-env/lib/python3.8/site-packages/airflow/example_dags/example_latest_only.py for tasks to queue
[2022-11-06T03:18:02.232+0200] {logging_mixin.py:120} INFO - [2022-11-06T03:18:02.232+0200] {dagbag.py:537} INFO - Filling up the DagBag from /Users/mnagy99/opt/anaconda3/envs/airflow-env/lib/python3.8/site-packages/airflow/example_dags/example_latest_only.py
[2022-11-06T03:18:02.253+0200] {processor.py:766} INFO - DAG(s) dict_keys(['latest_only']) retrieved from /Users/mnagy99/opt/anaconda3/envs/airflow-env/lib/python3.8/site-packages/airflow/example_dags/example_latest_only.py
[2022-11-06T03:18:02.688+0200] {logging_mixin.py:120} INFO - [2022-11-06T03:18:02.688+0200] {dag.py:2585} INFO - Sync 1 DAGs
[2022-11-06T03:18:02.702+0200] {logging_mixin.py:120} INFO - [2022-11-06T03:18:02.702+0200] {dag.py:3336} INFO - Setting next_dagrun for latest_only to 2022-11-05T21:18:02.701995+00:00, run_after=2022-11-06T01:18:02.701995+00:00
[2022-11-06T03:18:02.719+0200] {processor.py:176} INFO - Processing /Users/mnagy99/opt/anaconda3/envs/airflow-env/lib/python3.8/site-packages/airflow/example_dags/example_latest_only.py took 0.491 seconds
[2022-11-06T03:20:00.930+0200] {processor.py:154} INFO - Started process (PID=6875) to work on /Users/mnagy99/opt/anaconda3/envs/airflow-env/lib/python3.8/site-packages/airflow/example_dags/example_latest_only.py
[2022-11-06T03:20:00.931+0200] {processor.py:756} INFO - Processing file /Users/mnagy99/opt/anaconda3/envs/airflow-env/lib/python3.8/site-packages/airflow/example_dags/example_latest_only.py for tasks to queue
[2022-11-06T03:20:00.931+0200] {logging_mixin.py:120} INFO - [2022-11-06T03:20:00.931+0200] {dagbag.py:537} INFO - Filling up the DagBag from /Users/mnagy99/opt/anaconda3/envs/airflow-env/lib/python3.8/site-packages/airflow/example_dags/example_latest_only.py
[2022-11-06T03:20:00.952+0200] {processor.py:766} INFO - DAG(s) dict_keys(['latest_only']) retrieved from /Users/mnagy99/opt/anaconda3/envs/airflow-env/lib/python3.8/site-packages/airflow/example_dags/example_latest_only.py
[2022-11-06T03:20:01.390+0200] {logging_mixin.py:120} INFO - [2022-11-06T03:20:01.390+0200] {dag.py:2585} INFO - Sync 1 DAGs
[2022-11-06T03:20:01.404+0200] {logging_mixin.py:120} INFO - [2022-11-06T03:20:01.404+0200] {dag.py:3336} INFO - Setting next_dagrun for latest_only to 2022-11-05T21:20:01.404228+00:00, run_after=2022-11-06T01:20:01.404228+00:00
[2022-11-06T03:20:01.422+0200] {processor.py:176} INFO - Processing /Users/mnagy99/opt/anaconda3/envs/airflow-env/lib/python3.8/site-packages/airflow/example_dags/example_latest_only.py took 0.493 seconds
[2022-11-06T03:22:00.784+0200] {processor.py:154} INFO - Started process (PID=6999) to work on /Users/mnagy99/opt/anaconda3/envs/airflow-env/lib/python3.8/site-packages/airflow/example_dags/example_latest_only.py
[2022-11-06T03:22:00.785+0200] {processor.py:756} INFO - Processing file /Users/mnagy99/opt/anaconda3/envs/airflow-env/lib/python3.8/site-packages/airflow/example_dags/example_latest_only.py for tasks to queue
[2022-11-06T03:22:00.785+0200] {logging_mixin.py:120} INFO - [2022-11-06T03:22:00.785+0200] {dagbag.py:537} INFO - Filling up the DagBag from /Users/mnagy99/opt/anaconda3/envs/airflow-env/lib/python3.8/site-packages/airflow/example_dags/example_latest_only.py
[2022-11-06T03:22:00.805+0200] {processor.py:766} INFO - DAG(s) dict_keys(['latest_only']) retrieved from /Users/mnagy99/opt/anaconda3/envs/airflow-env/lib/python3.8/site-packages/airflow/example_dags/example_latest_only.py
[2022-11-06T03:22:01.254+0200] {logging_mixin.py:120} INFO - [2022-11-06T03:22:01.254+0200] {dag.py:2585} INFO - Sync 1 DAGs
[2022-11-06T03:22:01.268+0200] {logging_mixin.py:120} INFO - [2022-11-06T03:22:01.268+0200] {dag.py:3336} INFO - Setting next_dagrun for latest_only to 2022-11-05T21:22:01.268669+00:00, run_after=2022-11-06T01:22:01.268669+00:00
[2022-11-06T03:22:01.287+0200] {processor.py:176} INFO - Processing /Users/mnagy99/opt/anaconda3/envs/airflow-env/lib/python3.8/site-packages/airflow/example_dags/example_latest_only.py took 0.503 seconds
[2022-11-06T03:24:04.778+0200] {processor.py:154} INFO - Started process (PID=7128) to work on /Users/mnagy99/opt/anaconda3/envs/airflow-env/lib/python3.8/site-packages/airflow/example_dags/example_latest_only.py
[2022-11-06T03:24:04.780+0200] {processor.py:756} INFO - Processing file /Users/mnagy99/opt/anaconda3/envs/airflow-env/lib/python3.8/site-packages/airflow/example_dags/example_latest_only.py for tasks to queue
[2022-11-06T03:24:04.781+0200] {logging_mixin.py:120} INFO - [2022-11-06T03:24:04.781+0200] {dagbag.py:537} INFO - Filling up the DagBag from /Users/mnagy99/opt/anaconda3/envs/airflow-env/lib/python3.8/site-packages/airflow/example_dags/example_latest_only.py
[2022-11-06T03:24:04.806+0200] {processor.py:766} INFO - DAG(s) dict_keys(['latest_only']) retrieved from /Users/mnagy99/opt/anaconda3/envs/airflow-env/lib/python3.8/site-packages/airflow/example_dags/example_latest_only.py
[2022-11-06T03:24:05.266+0200] {logging_mixin.py:120} INFO - [2022-11-06T03:24:05.266+0200] {dag.py:2585} INFO - Sync 1 DAGs
[2022-11-06T03:24:05.281+0200] {logging_mixin.py:120} INFO - [2022-11-06T03:24:05.281+0200] {dag.py:3336} INFO - Setting next_dagrun for latest_only to 2022-11-05T21:24:05.281426+00:00, run_after=2022-11-06T01:24:05.281426+00:00
[2022-11-06T03:24:05.299+0200] {processor.py:176} INFO - Processing /Users/mnagy99/opt/anaconda3/envs/airflow-env/lib/python3.8/site-packages/airflow/example_dags/example_latest_only.py took 0.522 seconds
[2022-11-06T03:25:59.761+0200] {processor.py:154} INFO - Started process (PID=7262) to work on /Users/mnagy99/opt/anaconda3/envs/airflow-env/lib/python3.8/site-packages/airflow/example_dags/example_latest_only.py
[2022-11-06T03:25:59.764+0200] {processor.py:756} INFO - Processing file /Users/mnagy99/opt/anaconda3/envs/airflow-env/lib/python3.8/site-packages/airflow/example_dags/example_latest_only.py for tasks to queue
[2022-11-06T03:25:59.764+0200] {logging_mixin.py:120} INFO - [2022-11-06T03:25:59.764+0200] {dagbag.py:537} INFO - Filling up the DagBag from /Users/mnagy99/opt/anaconda3/envs/airflow-env/lib/python3.8/site-packages/airflow/example_dags/example_latest_only.py
[2022-11-06T03:25:59.789+0200] {processor.py:766} INFO - DAG(s) dict_keys(['latest_only']) retrieved from /Users/mnagy99/opt/anaconda3/envs/airflow-env/lib/python3.8/site-packages/airflow/example_dags/example_latest_only.py
[2022-11-06T03:26:00.329+0200] {logging_mixin.py:120} INFO - [2022-11-06T03:26:00.328+0200] {dag.py:2585} INFO - Sync 1 DAGs
[2022-11-06T03:26:00.362+0200] {logging_mixin.py:120} INFO - [2022-11-06T03:26:00.362+0200] {dag.py:3336} INFO - Setting next_dagrun for latest_only to 2022-11-05T21:26:00.360596+00:00, run_after=2022-11-06T01:26:00.360596+00:00
[2022-11-06T03:26:00.443+0200] {processor.py:176} INFO - Processing /Users/mnagy99/opt/anaconda3/envs/airflow-env/lib/python3.8/site-packages/airflow/example_dags/example_latest_only.py took 0.683 seconds
[2022-11-06T03:28:00.902+0200] {processor.py:154} INFO - Started process (PID=7399) to work on /Users/mnagy99/opt/anaconda3/envs/airflow-env/lib/python3.8/site-packages/airflow/example_dags/example_latest_only.py
[2022-11-06T03:28:00.904+0200] {processor.py:756} INFO - Processing file /Users/mnagy99/opt/anaconda3/envs/airflow-env/lib/python3.8/site-packages/airflow/example_dags/example_latest_only.py for tasks to queue
[2022-11-06T03:28:00.905+0200] {logging_mixin.py:120} INFO - [2022-11-06T03:28:00.905+0200] {dagbag.py:537} INFO - Filling up the DagBag from /Users/mnagy99/opt/anaconda3/envs/airflow-env/lib/python3.8/site-packages/airflow/example_dags/example_latest_only.py
[2022-11-06T03:28:00.931+0200] {processor.py:766} INFO - DAG(s) dict_keys(['latest_only']) retrieved from /Users/mnagy99/opt/anaconda3/envs/airflow-env/lib/python3.8/site-packages/airflow/example_dags/example_latest_only.py
[2022-11-06T03:28:01.420+0200] {logging_mixin.py:120} INFO - [2022-11-06T03:28:01.420+0200] {dag.py:2585} INFO - Sync 1 DAGs
[2022-11-06T03:28:01.434+0200] {logging_mixin.py:120} INFO - [2022-11-06T03:28:01.434+0200] {dag.py:3336} INFO - Setting next_dagrun for latest_only to 2022-11-05T21:28:01.434715+00:00, run_after=2022-11-06T01:28:01.434715+00:00
[2022-11-06T03:28:01.450+0200] {processor.py:176} INFO - Processing /Users/mnagy99/opt/anaconda3/envs/airflow-env/lib/python3.8/site-packages/airflow/example_dags/example_latest_only.py took 0.549 seconds
[2022-11-06T03:30:03.797+0200] {processor.py:154} INFO - Started process (PID=7524) to work on /Users/mnagy99/opt/anaconda3/envs/airflow-env/lib/python3.8/site-packages/airflow/example_dags/example_latest_only.py
[2022-11-06T03:30:03.799+0200] {processor.py:756} INFO - Processing file /Users/mnagy99/opt/anaconda3/envs/airflow-env/lib/python3.8/site-packages/airflow/example_dags/example_latest_only.py for tasks to queue
[2022-11-06T03:30:03.800+0200] {logging_mixin.py:120} INFO - [2022-11-06T03:30:03.800+0200] {dagbag.py:537} INFO - Filling up the DagBag from /Users/mnagy99/opt/anaconda3/envs/airflow-env/lib/python3.8/site-packages/airflow/example_dags/example_latest_only.py
[2022-11-06T03:30:03.822+0200] {processor.py:766} INFO - DAG(s) dict_keys(['latest_only']) retrieved from /Users/mnagy99/opt/anaconda3/envs/airflow-env/lib/python3.8/site-packages/airflow/example_dags/example_latest_only.py
[2022-11-06T03:30:04.255+0200] {logging_mixin.py:120} INFO - [2022-11-06T03:30:04.255+0200] {dag.py:2585} INFO - Sync 1 DAGs
[2022-11-06T03:30:04.269+0200] {logging_mixin.py:120} INFO - [2022-11-06T03:30:04.269+0200] {dag.py:3336} INFO - Setting next_dagrun for latest_only to 2022-11-05T21:30:04.269595+00:00, run_after=2022-11-06T01:30:04.269595+00:00
[2022-11-06T03:30:04.287+0200] {processor.py:176} INFO - Processing /Users/mnagy99/opt/anaconda3/envs/airflow-env/lib/python3.8/site-packages/airflow/example_dags/example_latest_only.py took 0.491 seconds
[2022-11-06T03:32:04.402+0200] {processor.py:154} INFO - Started process (PID=7651) to work on /Users/mnagy99/opt/anaconda3/envs/airflow-env/lib/python3.8/site-packages/airflow/example_dags/example_latest_only.py
[2022-11-06T03:32:04.404+0200] {processor.py:756} INFO - Processing file /Users/mnagy99/opt/anaconda3/envs/airflow-env/lib/python3.8/site-packages/airflow/example_dags/example_latest_only.py for tasks to queue
[2022-11-06T03:32:04.405+0200] {logging_mixin.py:120} INFO - [2022-11-06T03:32:04.405+0200] {dagbag.py:537} INFO - Filling up the DagBag from /Users/mnagy99/opt/anaconda3/envs/airflow-env/lib/python3.8/site-packages/airflow/example_dags/example_latest_only.py
[2022-11-06T03:32:04.424+0200] {processor.py:766} INFO - DAG(s) dict_keys(['latest_only']) retrieved from /Users/mnagy99/opt/anaconda3/envs/airflow-env/lib/python3.8/site-packages/airflow/example_dags/example_latest_only.py
[2022-11-06T03:32:04.948+0200] {logging_mixin.py:120} INFO - [2022-11-06T03:32:04.948+0200] {dag.py:2585} INFO - Sync 1 DAGs
[2022-11-06T03:32:04.966+0200] {logging_mixin.py:120} INFO - [2022-11-06T03:32:04.966+0200] {dag.py:3336} INFO - Setting next_dagrun for latest_only to 2022-11-05T21:32:04.966365+00:00, run_after=2022-11-06T01:32:04.966365+00:00
[2022-11-06T03:32:04.986+0200] {processor.py:176} INFO - Processing /Users/mnagy99/opt/anaconda3/envs/airflow-env/lib/python3.8/site-packages/airflow/example_dags/example_latest_only.py took 0.585 seconds
[2022-11-06T03:34:15.997+0200] {processor.py:154} INFO - Started process (PID=7788) to work on /Users/mnagy99/opt/anaconda3/envs/airflow-env/lib/python3.8/site-packages/airflow/example_dags/example_latest_only.py
[2022-11-06T03:34:15.998+0200] {processor.py:756} INFO - Processing file /Users/mnagy99/opt/anaconda3/envs/airflow-env/lib/python3.8/site-packages/airflow/example_dags/example_latest_only.py for tasks to queue
[2022-11-06T03:34:15.998+0200] {logging_mixin.py:120} INFO - [2022-11-06T03:34:15.998+0200] {dagbag.py:537} INFO - Filling up the DagBag from /Users/mnagy99/opt/anaconda3/envs/airflow-env/lib/python3.8/site-packages/airflow/example_dags/example_latest_only.py
[2022-11-06T03:34:16.019+0200] {processor.py:766} INFO - DAG(s) dict_keys(['latest_only']) retrieved from /Users/mnagy99/opt/anaconda3/envs/airflow-env/lib/python3.8/site-packages/airflow/example_dags/example_latest_only.py
[2022-11-06T03:34:16.525+0200] {logging_mixin.py:120} INFO - [2022-11-06T03:34:16.525+0200] {dag.py:2585} INFO - Sync 1 DAGs
[2022-11-06T03:34:16.541+0200] {logging_mixin.py:120} INFO - [2022-11-06T03:34:16.541+0200] {dag.py:3336} INFO - Setting next_dagrun for latest_only to 2022-11-05T21:34:16.541356+00:00, run_after=2022-11-06T01:34:16.541356+00:00
[2022-11-06T03:34:16.558+0200] {processor.py:176} INFO - Processing /Users/mnagy99/opt/anaconda3/envs/airflow-env/lib/python3.8/site-packages/airflow/example_dags/example_latest_only.py took 0.561 seconds
[2022-11-06T03:36:21.759+0200] {processor.py:154} INFO - Started process (PID=7962) to work on /Users/mnagy99/opt/anaconda3/envs/airflow-env/lib/python3.8/site-packages/airflow/example_dags/example_latest_only.py
[2022-11-06T03:36:21.762+0200] {processor.py:756} INFO - Processing file /Users/mnagy99/opt/anaconda3/envs/airflow-env/lib/python3.8/site-packages/airflow/example_dags/example_latest_only.py for tasks to queue
[2022-11-06T03:36:21.763+0200] {logging_mixin.py:120} INFO - [2022-11-06T03:36:21.762+0200] {dagbag.py:537} INFO - Filling up the DagBag from /Users/mnagy99/opt/anaconda3/envs/airflow-env/lib/python3.8/site-packages/airflow/example_dags/example_latest_only.py
[2022-11-06T03:36:21.786+0200] {processor.py:766} INFO - DAG(s) dict_keys(['latest_only']) retrieved from /Users/mnagy99/opt/anaconda3/envs/airflow-env/lib/python3.8/site-packages/airflow/example_dags/example_latest_only.py
[2022-11-06T03:36:22.220+0200] {logging_mixin.py:120} INFO - [2022-11-06T03:36:22.220+0200] {dag.py:2585} INFO - Sync 1 DAGs
[2022-11-06T03:36:22.237+0200] {logging_mixin.py:120} INFO - [2022-11-06T03:36:22.237+0200] {dag.py:3336} INFO - Setting next_dagrun for latest_only to 2022-11-05T21:36:22.236967+00:00, run_after=2022-11-06T01:36:22.236967+00:00
[2022-11-06T03:36:22.255+0200] {processor.py:176} INFO - Processing /Users/mnagy99/opt/anaconda3/envs/airflow-env/lib/python3.8/site-packages/airflow/example_dags/example_latest_only.py took 0.495 seconds
[2022-11-06T03:38:23.156+0200] {processor.py:154} INFO - Started process (PID=8085) to work on /Users/mnagy99/opt/anaconda3/envs/airflow-env/lib/python3.8/site-packages/airflow/example_dags/example_latest_only.py
[2022-11-06T03:38:23.158+0200] {processor.py:756} INFO - Processing file /Users/mnagy99/opt/anaconda3/envs/airflow-env/lib/python3.8/site-packages/airflow/example_dags/example_latest_only.py for tasks to queue
[2022-11-06T03:38:23.159+0200] {logging_mixin.py:120} INFO - [2022-11-06T03:38:23.159+0200] {dagbag.py:537} INFO - Filling up the DagBag from /Users/mnagy99/opt/anaconda3/envs/airflow-env/lib/python3.8/site-packages/airflow/example_dags/example_latest_only.py
[2022-11-06T03:38:23.181+0200] {processor.py:766} INFO - DAG(s) dict_keys(['latest_only']) retrieved from /Users/mnagy99/opt/anaconda3/envs/airflow-env/lib/python3.8/site-packages/airflow/example_dags/example_latest_only.py
[2022-11-06T03:38:23.621+0200] {logging_mixin.py:120} INFO - [2022-11-06T03:38:23.621+0200] {dag.py:2585} INFO - Sync 1 DAGs
[2022-11-06T03:38:23.635+0200] {logging_mixin.py:120} INFO - [2022-11-06T03:38:23.634+0200] {dag.py:3336} INFO - Setting next_dagrun for latest_only to 2022-11-05T21:38:23.634787+00:00, run_after=2022-11-06T01:38:23.634787+00:00
[2022-11-06T03:38:23.651+0200] {processor.py:176} INFO - Processing /Users/mnagy99/opt/anaconda3/envs/airflow-env/lib/python3.8/site-packages/airflow/example_dags/example_latest_only.py took 0.496 seconds
[2022-11-06T03:40:22.933+0200] {processor.py:154} INFO - Started process (PID=8208) to work on /Users/mnagy99/opt/anaconda3/envs/airflow-env/lib/python3.8/site-packages/airflow/example_dags/example_latest_only.py
[2022-11-06T03:40:22.934+0200] {processor.py:756} INFO - Processing file /Users/mnagy99/opt/anaconda3/envs/airflow-env/lib/python3.8/site-packages/airflow/example_dags/example_latest_only.py for tasks to queue
[2022-11-06T03:40:22.935+0200] {logging_mixin.py:120} INFO - [2022-11-06T03:40:22.935+0200] {dagbag.py:537} INFO - Filling up the DagBag from /Users/mnagy99/opt/anaconda3/envs/airflow-env/lib/python3.8/site-packages/airflow/example_dags/example_latest_only.py
[2022-11-06T03:40:22.956+0200] {processor.py:766} INFO - DAG(s) dict_keys(['latest_only']) retrieved from /Users/mnagy99/opt/anaconda3/envs/airflow-env/lib/python3.8/site-packages/airflow/example_dags/example_latest_only.py
[2022-11-06T03:40:23.393+0200] {logging_mixin.py:120} INFO - [2022-11-06T03:40:23.393+0200] {dag.py:2585} INFO - Sync 1 DAGs
[2022-11-06T03:40:23.407+0200] {logging_mixin.py:120} INFO - [2022-11-06T03:40:23.407+0200] {dag.py:3336} INFO - Setting next_dagrun for latest_only to 2022-11-05T21:40:23.407110+00:00, run_after=2022-11-06T01:40:23.407110+00:00
[2022-11-06T03:40:23.423+0200] {processor.py:176} INFO - Processing /Users/mnagy99/opt/anaconda3/envs/airflow-env/lib/python3.8/site-packages/airflow/example_dags/example_latest_only.py took 0.491 seconds
[2022-11-06T03:42:22.276+0200] {processor.py:154} INFO - Started process (PID=8328) to work on /Users/mnagy99/opt/anaconda3/envs/airflow-env/lib/python3.8/site-packages/airflow/example_dags/example_latest_only.py
[2022-11-06T03:42:22.277+0200] {processor.py:756} INFO - Processing file /Users/mnagy99/opt/anaconda3/envs/airflow-env/lib/python3.8/site-packages/airflow/example_dags/example_latest_only.py for tasks to queue
[2022-11-06T03:42:22.277+0200] {logging_mixin.py:120} INFO - [2022-11-06T03:42:22.277+0200] {dagbag.py:537} INFO - Filling up the DagBag from /Users/mnagy99/opt/anaconda3/envs/airflow-env/lib/python3.8/site-packages/airflow/example_dags/example_latest_only.py
[2022-11-06T03:42:22.297+0200] {processor.py:766} INFO - DAG(s) dict_keys(['latest_only']) retrieved from /Users/mnagy99/opt/anaconda3/envs/airflow-env/lib/python3.8/site-packages/airflow/example_dags/example_latest_only.py
[2022-11-06T03:42:22.734+0200] {logging_mixin.py:120} INFO - [2022-11-06T03:42:22.734+0200] {dag.py:2585} INFO - Sync 1 DAGs
[2022-11-06T03:42:22.749+0200] {logging_mixin.py:120} INFO - [2022-11-06T03:42:22.749+0200] {dag.py:3336} INFO - Setting next_dagrun for latest_only to 2022-11-05T21:42:22.748969+00:00, run_after=2022-11-06T01:42:22.748969+00:00
[2022-11-06T03:42:22.766+0200] {processor.py:176} INFO - Processing /Users/mnagy99/opt/anaconda3/envs/airflow-env/lib/python3.8/site-packages/airflow/example_dags/example_latest_only.py took 0.491 seconds
[2022-11-06T03:44:22.605+0200] {processor.py:154} INFO - Started process (PID=8459) to work on /Users/mnagy99/opt/anaconda3/envs/airflow-env/lib/python3.8/site-packages/airflow/example_dags/example_latest_only.py
[2022-11-06T03:44:22.607+0200] {processor.py:756} INFO - Processing file /Users/mnagy99/opt/anaconda3/envs/airflow-env/lib/python3.8/site-packages/airflow/example_dags/example_latest_only.py for tasks to queue
[2022-11-06T03:44:22.608+0200] {logging_mixin.py:120} INFO - [2022-11-06T03:44:22.608+0200] {dagbag.py:537} INFO - Filling up the DagBag from /Users/mnagy99/opt/anaconda3/envs/airflow-env/lib/python3.8/site-packages/airflow/example_dags/example_latest_only.py
[2022-11-06T03:44:22.635+0200] {processor.py:766} INFO - DAG(s) dict_keys(['latest_only']) retrieved from /Users/mnagy99/opt/anaconda3/envs/airflow-env/lib/python3.8/site-packages/airflow/example_dags/example_latest_only.py
[2022-11-06T03:44:23.212+0200] {logging_mixin.py:120} INFO - [2022-11-06T03:44:23.212+0200] {dag.py:2585} INFO - Sync 1 DAGs
[2022-11-06T03:44:23.230+0200] {logging_mixin.py:120} INFO - [2022-11-06T03:44:23.230+0200] {dag.py:3336} INFO - Setting next_dagrun for latest_only to 2022-11-05T21:44:23.230381+00:00, run_after=2022-11-06T01:44:23.230381+00:00
[2022-11-06T03:44:23.247+0200] {processor.py:176} INFO - Processing /Users/mnagy99/opt/anaconda3/envs/airflow-env/lib/python3.8/site-packages/airflow/example_dags/example_latest_only.py took 0.642 seconds
[2022-11-06T03:46:23.815+0200] {processor.py:154} INFO - Started process (PID=8596) to work on /Users/mnagy99/opt/anaconda3/envs/airflow-env/lib/python3.8/site-packages/airflow/example_dags/example_latest_only.py
[2022-11-06T03:46:23.818+0200] {processor.py:756} INFO - Processing file /Users/mnagy99/opt/anaconda3/envs/airflow-env/lib/python3.8/site-packages/airflow/example_dags/example_latest_only.py for tasks to queue
[2022-11-06T03:46:23.818+0200] {logging_mixin.py:120} INFO - [2022-11-06T03:46:23.818+0200] {dagbag.py:537} INFO - Filling up the DagBag from /Users/mnagy99/opt/anaconda3/envs/airflow-env/lib/python3.8/site-packages/airflow/example_dags/example_latest_only.py
[2022-11-06T03:46:23.840+0200] {processor.py:766} INFO - DAG(s) dict_keys(['latest_only']) retrieved from /Users/mnagy99/opt/anaconda3/envs/airflow-env/lib/python3.8/site-packages/airflow/example_dags/example_latest_only.py
[2022-11-06T03:46:24.276+0200] {logging_mixin.py:120} INFO - [2022-11-06T03:46:24.276+0200] {dag.py:2585} INFO - Sync 1 DAGs
[2022-11-06T03:46:24.290+0200] {logging_mixin.py:120} INFO - [2022-11-06T03:46:24.290+0200] {dag.py:3336} INFO - Setting next_dagrun for latest_only to 2022-11-05T21:46:24.290151+00:00, run_after=2022-11-06T01:46:24.290151+00:00
[2022-11-06T03:46:24.305+0200] {processor.py:176} INFO - Processing /Users/mnagy99/opt/anaconda3/envs/airflow-env/lib/python3.8/site-packages/airflow/example_dags/example_latest_only.py took 0.491 seconds
[2022-11-06T03:48:29.915+0200] {processor.py:154} INFO - Started process (PID=8716) to work on /Users/mnagy99/opt/anaconda3/envs/airflow-env/lib/python3.8/site-packages/airflow/example_dags/example_latest_only.py
[2022-11-06T03:48:29.917+0200] {processor.py:756} INFO - Processing file /Users/mnagy99/opt/anaconda3/envs/airflow-env/lib/python3.8/site-packages/airflow/example_dags/example_latest_only.py for tasks to queue
[2022-11-06T03:48:29.918+0200] {logging_mixin.py:120} INFO - [2022-11-06T03:48:29.918+0200] {dagbag.py:537} INFO - Filling up the DagBag from /Users/mnagy99/opt/anaconda3/envs/airflow-env/lib/python3.8/site-packages/airflow/example_dags/example_latest_only.py
[2022-11-06T03:48:29.939+0200] {processor.py:766} INFO - DAG(s) dict_keys(['latest_only']) retrieved from /Users/mnagy99/opt/anaconda3/envs/airflow-env/lib/python3.8/site-packages/airflow/example_dags/example_latest_only.py
[2022-11-06T03:48:30.428+0200] {logging_mixin.py:120} INFO - [2022-11-06T03:48:30.428+0200] {dag.py:2585} INFO - Sync 1 DAGs
[2022-11-06T03:48:30.447+0200] {logging_mixin.py:120} INFO - [2022-11-06T03:48:30.447+0200] {dag.py:3336} INFO - Setting next_dagrun for latest_only to 2022-11-05T21:48:30.447575+00:00, run_after=2022-11-06T01:48:30.447575+00:00
[2022-11-06T03:48:30.466+0200] {processor.py:176} INFO - Processing /Users/mnagy99/opt/anaconda3/envs/airflow-env/lib/python3.8/site-packages/airflow/example_dags/example_latest_only.py took 0.551 seconds
[2022-11-06T03:50:33.527+0200] {processor.py:154} INFO - Started process (PID=8839) to work on /Users/mnagy99/opt/anaconda3/envs/airflow-env/lib/python3.8/site-packages/airflow/example_dags/example_latest_only.py
[2022-11-06T03:50:33.529+0200] {processor.py:756} INFO - Processing file /Users/mnagy99/opt/anaconda3/envs/airflow-env/lib/python3.8/site-packages/airflow/example_dags/example_latest_only.py for tasks to queue
[2022-11-06T03:50:33.530+0200] {logging_mixin.py:120} INFO - [2022-11-06T03:50:33.530+0200] {dagbag.py:537} INFO - Filling up the DagBag from /Users/mnagy99/opt/anaconda3/envs/airflow-env/lib/python3.8/site-packages/airflow/example_dags/example_latest_only.py
[2022-11-06T03:50:33.556+0200] {processor.py:766} INFO - DAG(s) dict_keys(['latest_only']) retrieved from /Users/mnagy99/opt/anaconda3/envs/airflow-env/lib/python3.8/site-packages/airflow/example_dags/example_latest_only.py
[2022-11-06T03:50:34.049+0200] {logging_mixin.py:120} INFO - [2022-11-06T03:50:34.049+0200] {dag.py:2585} INFO - Sync 1 DAGs
[2022-11-06T03:50:34.065+0200] {logging_mixin.py:120} INFO - [2022-11-06T03:50:34.065+0200] {dag.py:3336} INFO - Setting next_dagrun for latest_only to 2022-11-05T21:50:34.065155+00:00, run_after=2022-11-06T01:50:34.065155+00:00
[2022-11-06T03:50:34.082+0200] {processor.py:176} INFO - Processing /Users/mnagy99/opt/anaconda3/envs/airflow-env/lib/python3.8/site-packages/airflow/example_dags/example_latest_only.py took 0.556 seconds
[2022-11-06T03:52:40.072+0200] {processor.py:154} INFO - Started process (PID=8969) to work on /Users/mnagy99/opt/anaconda3/envs/airflow-env/lib/python3.8/site-packages/airflow/example_dags/example_latest_only.py
[2022-11-06T03:52:40.074+0200] {processor.py:756} INFO - Processing file /Users/mnagy99/opt/anaconda3/envs/airflow-env/lib/python3.8/site-packages/airflow/example_dags/example_latest_only.py for tasks to queue
[2022-11-06T03:52:40.075+0200] {logging_mixin.py:120} INFO - [2022-11-06T03:52:40.075+0200] {dagbag.py:537} INFO - Filling up the DagBag from /Users/mnagy99/opt/anaconda3/envs/airflow-env/lib/python3.8/site-packages/airflow/example_dags/example_latest_only.py
[2022-11-06T03:52:40.100+0200] {processor.py:766} INFO - DAG(s) dict_keys(['latest_only']) retrieved from /Users/mnagy99/opt/anaconda3/envs/airflow-env/lib/python3.8/site-packages/airflow/example_dags/example_latest_only.py
[2022-11-06T03:52:40.702+0200] {logging_mixin.py:120} INFO - [2022-11-06T03:52:40.702+0200] {dag.py:2585} INFO - Sync 1 DAGs
[2022-11-06T03:52:40.716+0200] {logging_mixin.py:120} INFO - [2022-11-06T03:52:40.715+0200] {dag.py:3336} INFO - Setting next_dagrun for latest_only to 2022-11-05T21:52:40.715866+00:00, run_after=2022-11-06T01:52:40.715866+00:00
[2022-11-06T03:52:40.731+0200] {processor.py:176} INFO - Processing /Users/mnagy99/opt/anaconda3/envs/airflow-env/lib/python3.8/site-packages/airflow/example_dags/example_latest_only.py took 0.660 seconds
[2022-11-06T03:54:52.069+0200] {processor.py:154} INFO - Started process (PID=9102) to work on /Users/mnagy99/opt/anaconda3/envs/airflow-env/lib/python3.8/site-packages/airflow/example_dags/example_latest_only.py
[2022-11-06T03:54:52.071+0200] {processor.py:756} INFO - Processing file /Users/mnagy99/opt/anaconda3/envs/airflow-env/lib/python3.8/site-packages/airflow/example_dags/example_latest_only.py for tasks to queue
[2022-11-06T03:54:52.072+0200] {logging_mixin.py:120} INFO - [2022-11-06T03:54:52.072+0200] {dagbag.py:537} INFO - Filling up the DagBag from /Users/mnagy99/opt/anaconda3/envs/airflow-env/lib/python3.8/site-packages/airflow/example_dags/example_latest_only.py
[2022-11-06T03:54:52.095+0200] {processor.py:766} INFO - DAG(s) dict_keys(['latest_only']) retrieved from /Users/mnagy99/opt/anaconda3/envs/airflow-env/lib/python3.8/site-packages/airflow/example_dags/example_latest_only.py
[2022-11-06T03:54:52.553+0200] {logging_mixin.py:120} INFO - [2022-11-06T03:54:52.553+0200] {dag.py:2585} INFO - Sync 1 DAGs
[2022-11-06T03:54:52.567+0200] {logging_mixin.py:120} INFO - [2022-11-06T03:54:52.567+0200] {dag.py:3336} INFO - Setting next_dagrun for latest_only to 2022-11-05T21:54:52.567503+00:00, run_after=2022-11-06T01:54:52.567503+00:00
[2022-11-06T03:54:52.585+0200] {processor.py:176} INFO - Processing /Users/mnagy99/opt/anaconda3/envs/airflow-env/lib/python3.8/site-packages/airflow/example_dags/example_latest_only.py took 0.517 seconds
[2022-11-06T03:57:14.916+0200] {processor.py:154} INFO - Started process (PID=9246) to work on /Users/mnagy99/opt/anaconda3/envs/airflow-env/lib/python3.8/site-packages/airflow/example_dags/example_latest_only.py
[2022-11-06T03:57:14.918+0200] {processor.py:756} INFO - Processing file /Users/mnagy99/opt/anaconda3/envs/airflow-env/lib/python3.8/site-packages/airflow/example_dags/example_latest_only.py for tasks to queue
[2022-11-06T03:57:14.919+0200] {logging_mixin.py:120} INFO - [2022-11-06T03:57:14.919+0200] {dagbag.py:537} INFO - Filling up the DagBag from /Users/mnagy99/opt/anaconda3/envs/airflow-env/lib/python3.8/site-packages/airflow/example_dags/example_latest_only.py
[2022-11-06T03:57:14.940+0200] {processor.py:766} INFO - DAG(s) dict_keys(['latest_only']) retrieved from /Users/mnagy99/opt/anaconda3/envs/airflow-env/lib/python3.8/site-packages/airflow/example_dags/example_latest_only.py
[2022-11-06T03:57:15.366+0200] {logging_mixin.py:120} INFO - [2022-11-06T03:57:15.365+0200] {dag.py:2585} INFO - Sync 1 DAGs
[2022-11-06T03:57:15.383+0200] {logging_mixin.py:120} INFO - [2022-11-06T03:57:15.383+0200] {dag.py:3336} INFO - Setting next_dagrun for latest_only to 2022-11-05T21:57:15.383394+00:00, run_after=2022-11-06T01:57:15.383394+00:00
[2022-11-06T03:57:15.399+0200] {processor.py:176} INFO - Processing /Users/mnagy99/opt/anaconda3/envs/airflow-env/lib/python3.8/site-packages/airflow/example_dags/example_latest_only.py took 0.484 seconds
[2022-11-06T03:59:28.349+0200] {processor.py:154} INFO - Started process (PID=9377) to work on /Users/mnagy99/opt/anaconda3/envs/airflow-env/lib/python3.8/site-packages/airflow/example_dags/example_latest_only.py
[2022-11-06T03:59:28.351+0200] {processor.py:756} INFO - Processing file /Users/mnagy99/opt/anaconda3/envs/airflow-env/lib/python3.8/site-packages/airflow/example_dags/example_latest_only.py for tasks to queue
[2022-11-06T03:59:28.352+0200] {logging_mixin.py:120} INFO - [2022-11-06T03:59:28.352+0200] {dagbag.py:537} INFO - Filling up the DagBag from /Users/mnagy99/opt/anaconda3/envs/airflow-env/lib/python3.8/site-packages/airflow/example_dags/example_latest_only.py
[2022-11-06T03:59:28.375+0200] {processor.py:766} INFO - DAG(s) dict_keys(['latest_only']) retrieved from /Users/mnagy99/opt/anaconda3/envs/airflow-env/lib/python3.8/site-packages/airflow/example_dags/example_latest_only.py
[2022-11-06T03:59:28.870+0200] {logging_mixin.py:120} INFO - [2022-11-06T03:59:28.870+0200] {dag.py:2585} INFO - Sync 1 DAGs
[2022-11-06T03:59:28.884+0200] {logging_mixin.py:120} INFO - [2022-11-06T03:59:28.884+0200] {dag.py:3336} INFO - Setting next_dagrun for latest_only to 2022-11-05T21:59:28.884716+00:00, run_after=2022-11-06T01:59:28.884716+00:00
[2022-11-06T03:59:28.902+0200] {processor.py:176} INFO - Processing /Users/mnagy99/opt/anaconda3/envs/airflow-env/lib/python3.8/site-packages/airflow/example_dags/example_latest_only.py took 0.554 seconds
[2022-11-06T04:01:54.610+0200] {processor.py:154} INFO - Started process (PID=9532) to work on /Users/mnagy99/opt/anaconda3/envs/airflow-env/lib/python3.8/site-packages/airflow/example_dags/example_latest_only.py
[2022-11-06T04:01:54.613+0200] {processor.py:756} INFO - Processing file /Users/mnagy99/opt/anaconda3/envs/airflow-env/lib/python3.8/site-packages/airflow/example_dags/example_latest_only.py for tasks to queue
[2022-11-06T04:01:54.614+0200] {logging_mixin.py:120} INFO - [2022-11-06T04:01:54.613+0200] {dagbag.py:537} INFO - Filling up the DagBag from /Users/mnagy99/opt/anaconda3/envs/airflow-env/lib/python3.8/site-packages/airflow/example_dags/example_latest_only.py
[2022-11-06T04:01:54.634+0200] {processor.py:766} INFO - DAG(s) dict_keys(['latest_only']) retrieved from /Users/mnagy99/opt/anaconda3/envs/airflow-env/lib/python3.8/site-packages/airflow/example_dags/example_latest_only.py
[2022-11-06T04:01:55.070+0200] {logging_mixin.py:120} INFO - [2022-11-06T04:01:55.069+0200] {dag.py:2585} INFO - Sync 1 DAGs
[2022-11-06T04:01:55.083+0200] {logging_mixin.py:120} INFO - [2022-11-06T04:01:55.083+0200] {dag.py:3336} INFO - Setting next_dagrun for latest_only to 2022-11-05T22:01:55.083543+00:00, run_after=2022-11-06T02:01:55.083543+00:00
[2022-11-06T04:01:55.104+0200] {processor.py:176} INFO - Processing /Users/mnagy99/opt/anaconda3/envs/airflow-env/lib/python3.8/site-packages/airflow/example_dags/example_latest_only.py took 0.494 seconds
[2022-11-06T04:04:12.602+0200] {processor.py:154} INFO - Started process (PID=9670) to work on /Users/mnagy99/opt/anaconda3/envs/airflow-env/lib/python3.8/site-packages/airflow/example_dags/example_latest_only.py
[2022-11-06T04:04:12.603+0200] {processor.py:756} INFO - Processing file /Users/mnagy99/opt/anaconda3/envs/airflow-env/lib/python3.8/site-packages/airflow/example_dags/example_latest_only.py for tasks to queue
[2022-11-06T04:04:12.603+0200] {logging_mixin.py:120} INFO - [2022-11-06T04:04:12.603+0200] {dagbag.py:537} INFO - Filling up the DagBag from /Users/mnagy99/opt/anaconda3/envs/airflow-env/lib/python3.8/site-packages/airflow/example_dags/example_latest_only.py
[2022-11-06T04:04:12.625+0200] {processor.py:766} INFO - DAG(s) dict_keys(['latest_only']) retrieved from /Users/mnagy99/opt/anaconda3/envs/airflow-env/lib/python3.8/site-packages/airflow/example_dags/example_latest_only.py
[2022-11-06T04:04:13.048+0200] {logging_mixin.py:120} INFO - [2022-11-06T04:04:13.048+0200] {dag.py:2585} INFO - Sync 1 DAGs
[2022-11-06T04:04:13.061+0200] {logging_mixin.py:120} INFO - [2022-11-06T04:04:13.061+0200] {dag.py:3336} INFO - Setting next_dagrun for latest_only to 2022-11-05T22:04:13.061655+00:00, run_after=2022-11-06T02:04:13.061655+00:00
[2022-11-06T04:04:13.079+0200] {processor.py:176} INFO - Processing /Users/mnagy99/opt/anaconda3/envs/airflow-env/lib/python3.8/site-packages/airflow/example_dags/example_latest_only.py took 0.477 seconds
[2022-11-06T04:06:49.136+0200] {processor.py:154} INFO - Started process (PID=9837) to work on /Users/mnagy99/opt/anaconda3/envs/airflow-env/lib/python3.8/site-packages/airflow/example_dags/example_latest_only.py
[2022-11-06T04:06:49.139+0200] {processor.py:756} INFO - Processing file /Users/mnagy99/opt/anaconda3/envs/airflow-env/lib/python3.8/site-packages/airflow/example_dags/example_latest_only.py for tasks to queue
[2022-11-06T04:06:49.140+0200] {logging_mixin.py:120} INFO - [2022-11-06T04:06:49.139+0200] {dagbag.py:537} INFO - Filling up the DagBag from /Users/mnagy99/opt/anaconda3/envs/airflow-env/lib/python3.8/site-packages/airflow/example_dags/example_latest_only.py
[2022-11-06T04:06:49.163+0200] {processor.py:766} INFO - DAG(s) dict_keys(['latest_only']) retrieved from /Users/mnagy99/opt/anaconda3/envs/airflow-env/lib/python3.8/site-packages/airflow/example_dags/example_latest_only.py
[2022-11-06T04:06:49.612+0200] {logging_mixin.py:120} INFO - [2022-11-06T04:06:49.611+0200] {dag.py:2585} INFO - Sync 1 DAGs
[2022-11-06T04:06:49.626+0200] {logging_mixin.py:120} INFO - [2022-11-06T04:06:49.626+0200] {dag.py:3336} INFO - Setting next_dagrun for latest_only to 2022-11-05T22:06:49.625944+00:00, run_after=2022-11-06T02:06:49.625944+00:00
[2022-11-06T04:06:49.643+0200] {processor.py:176} INFO - Processing /Users/mnagy99/opt/anaconda3/envs/airflow-env/lib/python3.8/site-packages/airflow/example_dags/example_latest_only.py took 0.508 seconds
[2022-11-06T04:08:54.370+0200] {processor.py:154} INFO - Started process (PID=9968) to work on /Users/mnagy99/opt/anaconda3/envs/airflow-env/lib/python3.8/site-packages/airflow/example_dags/example_latest_only.py
[2022-11-06T04:08:54.372+0200] {processor.py:756} INFO - Processing file /Users/mnagy99/opt/anaconda3/envs/airflow-env/lib/python3.8/site-packages/airflow/example_dags/example_latest_only.py for tasks to queue
[2022-11-06T04:08:54.373+0200] {logging_mixin.py:120} INFO - [2022-11-06T04:08:54.373+0200] {dagbag.py:537} INFO - Filling up the DagBag from /Users/mnagy99/opt/anaconda3/envs/airflow-env/lib/python3.8/site-packages/airflow/example_dags/example_latest_only.py
[2022-11-06T04:08:54.395+0200] {processor.py:766} INFO - DAG(s) dict_keys(['latest_only']) retrieved from /Users/mnagy99/opt/anaconda3/envs/airflow-env/lib/python3.8/site-packages/airflow/example_dags/example_latest_only.py
[2022-11-06T04:08:54.822+0200] {logging_mixin.py:120} INFO - [2022-11-06T04:08:54.822+0200] {dag.py:2585} INFO - Sync 1 DAGs
[2022-11-06T04:08:54.835+0200] {logging_mixin.py:120} INFO - [2022-11-06T04:08:54.835+0200] {dag.py:3336} INFO - Setting next_dagrun for latest_only to 2022-11-05T22:08:54.835576+00:00, run_after=2022-11-06T02:08:54.835576+00:00
[2022-11-06T04:08:54.853+0200] {processor.py:176} INFO - Processing /Users/mnagy99/opt/anaconda3/envs/airflow-env/lib/python3.8/site-packages/airflow/example_dags/example_latest_only.py took 0.484 seconds
[2022-11-06T04:11:00.707+0200] {processor.py:154} INFO - Started process (PID=10103) to work on /Users/mnagy99/opt/anaconda3/envs/airflow-env/lib/python3.8/site-packages/airflow/example_dags/example_latest_only.py
[2022-11-06T04:11:00.709+0200] {processor.py:756} INFO - Processing file /Users/mnagy99/opt/anaconda3/envs/airflow-env/lib/python3.8/site-packages/airflow/example_dags/example_latest_only.py for tasks to queue
[2022-11-06T04:11:00.710+0200] {logging_mixin.py:120} INFO - [2022-11-06T04:11:00.710+0200] {dagbag.py:537} INFO - Filling up the DagBag from /Users/mnagy99/opt/anaconda3/envs/airflow-env/lib/python3.8/site-packages/airflow/example_dags/example_latest_only.py
[2022-11-06T04:11:00.739+0200] {processor.py:766} INFO - DAG(s) dict_keys(['latest_only']) retrieved from /Users/mnagy99/opt/anaconda3/envs/airflow-env/lib/python3.8/site-packages/airflow/example_dags/example_latest_only.py
[2022-11-06T04:11:01.341+0200] {logging_mixin.py:120} INFO - [2022-11-06T04:11:01.341+0200] {dag.py:2585} INFO - Sync 1 DAGs
[2022-11-06T04:11:01.395+0200] {logging_mixin.py:120} INFO - [2022-11-06T04:11:01.394+0200] {dag.py:3336} INFO - Setting next_dagrun for latest_only to 2022-11-05T22:11:01.394203+00:00, run_after=2022-11-06T02:11:01.394203+00:00
[2022-11-06T04:11:01.424+0200] {processor.py:176} INFO - Processing /Users/mnagy99/opt/anaconda3/envs/airflow-env/lib/python3.8/site-packages/airflow/example_dags/example_latest_only.py took 0.717 seconds
[2022-11-06T04:13:22.429+0200] {processor.py:154} INFO - Started process (PID=10254) to work on /Users/mnagy99/opt/anaconda3/envs/airflow-env/lib/python3.8/site-packages/airflow/example_dags/example_latest_only.py
[2022-11-06T04:13:22.431+0200] {processor.py:756} INFO - Processing file /Users/mnagy99/opt/anaconda3/envs/airflow-env/lib/python3.8/site-packages/airflow/example_dags/example_latest_only.py for tasks to queue
[2022-11-06T04:13:22.432+0200] {logging_mixin.py:120} INFO - [2022-11-06T04:13:22.432+0200] {dagbag.py:537} INFO - Filling up the DagBag from /Users/mnagy99/opt/anaconda3/envs/airflow-env/lib/python3.8/site-packages/airflow/example_dags/example_latest_only.py
[2022-11-06T04:13:22.453+0200] {processor.py:766} INFO - DAG(s) dict_keys(['latest_only']) retrieved from /Users/mnagy99/opt/anaconda3/envs/airflow-env/lib/python3.8/site-packages/airflow/example_dags/example_latest_only.py
[2022-11-06T04:13:22.895+0200] {logging_mixin.py:120} INFO - [2022-11-06T04:13:22.895+0200] {dag.py:2585} INFO - Sync 1 DAGs
[2022-11-06T04:13:22.909+0200] {logging_mixin.py:120} INFO - [2022-11-06T04:13:22.909+0200] {dag.py:3336} INFO - Setting next_dagrun for latest_only to 2022-11-05T22:13:22.909429+00:00, run_after=2022-11-06T02:13:22.909429+00:00
[2022-11-06T04:13:22.925+0200] {processor.py:176} INFO - Processing /Users/mnagy99/opt/anaconda3/envs/airflow-env/lib/python3.8/site-packages/airflow/example_dags/example_latest_only.py took 0.497 seconds
[2022-11-06T04:15:23.008+0200] {processor.py:154} INFO - Started process (PID=10385) to work on /Users/mnagy99/opt/anaconda3/envs/airflow-env/lib/python3.8/site-packages/airflow/example_dags/example_latest_only.py
[2022-11-06T04:15:23.015+0200] {processor.py:756} INFO - Processing file /Users/mnagy99/opt/anaconda3/envs/airflow-env/lib/python3.8/site-packages/airflow/example_dags/example_latest_only.py for tasks to queue
[2022-11-06T04:15:23.016+0200] {logging_mixin.py:120} INFO - [2022-11-06T04:15:23.016+0200] {dagbag.py:537} INFO - Filling up the DagBag from /Users/mnagy99/opt/anaconda3/envs/airflow-env/lib/python3.8/site-packages/airflow/example_dags/example_latest_only.py
[2022-11-06T04:15:23.041+0200] {processor.py:766} INFO - DAG(s) dict_keys(['latest_only']) retrieved from /Users/mnagy99/opt/anaconda3/envs/airflow-env/lib/python3.8/site-packages/airflow/example_dags/example_latest_only.py
[2022-11-06T04:15:23.477+0200] {logging_mixin.py:120} INFO - [2022-11-06T04:15:23.477+0200] {dag.py:2585} INFO - Sync 1 DAGs
[2022-11-06T04:15:23.491+0200] {logging_mixin.py:120} INFO - [2022-11-06T04:15:23.491+0200] {dag.py:3336} INFO - Setting next_dagrun for latest_only to 2022-11-05T22:15:23.491583+00:00, run_after=2022-11-06T02:15:23.491583+00:00
[2022-11-06T04:15:23.510+0200] {processor.py:176} INFO - Processing /Users/mnagy99/opt/anaconda3/envs/airflow-env/lib/python3.8/site-packages/airflow/example_dags/example_latest_only.py took 0.503 seconds
[2022-11-06T04:17:43.910+0200] {processor.py:154} INFO - Started process (PID=10517) to work on /Users/mnagy99/opt/anaconda3/envs/airflow-env/lib/python3.8/site-packages/airflow/example_dags/example_latest_only.py
[2022-11-06T04:17:43.913+0200] {processor.py:756} INFO - Processing file /Users/mnagy99/opt/anaconda3/envs/airflow-env/lib/python3.8/site-packages/airflow/example_dags/example_latest_only.py for tasks to queue
[2022-11-06T04:17:43.914+0200] {logging_mixin.py:120} INFO - [2022-11-06T04:17:43.913+0200] {dagbag.py:537} INFO - Filling up the DagBag from /Users/mnagy99/opt/anaconda3/envs/airflow-env/lib/python3.8/site-packages/airflow/example_dags/example_latest_only.py
[2022-11-06T04:17:43.939+0200] {processor.py:766} INFO - DAG(s) dict_keys(['latest_only']) retrieved from /Users/mnagy99/opt/anaconda3/envs/airflow-env/lib/python3.8/site-packages/airflow/example_dags/example_latest_only.py
[2022-11-06T04:17:44.427+0200] {logging_mixin.py:120} INFO - [2022-11-06T04:17:44.427+0200] {dag.py:2585} INFO - Sync 1 DAGs
[2022-11-06T04:17:44.441+0200] {logging_mixin.py:120} INFO - [2022-11-06T04:17:44.441+0200] {dag.py:3336} INFO - Setting next_dagrun for latest_only to 2022-11-05T22:17:44.441409+00:00, run_after=2022-11-06T02:17:44.441409+00:00
[2022-11-06T04:17:44.456+0200] {processor.py:176} INFO - Processing /Users/mnagy99/opt/anaconda3/envs/airflow-env/lib/python3.8/site-packages/airflow/example_dags/example_latest_only.py took 0.547 seconds
