[2022-11-06T02:02:07.812+0200] {processor.py:154} INFO - Started process (PID=1946) to work on /Users/mnagy99/opt/anaconda3/envs/airflow-env/lib/python3.8/site-packages/airflow/example_dags/example_skip_dag.py
[2022-11-06T02:02:07.813+0200] {processor.py:756} INFO - Processing file /Users/mnagy99/opt/anaconda3/envs/airflow-env/lib/python3.8/site-packages/airflow/example_dags/example_skip_dag.py for tasks to queue
[2022-11-06T02:02:07.813+0200] {logging_mixin.py:120} INFO - [2022-11-06T02:02:07.813+0200] {dagbag.py:537} INFO - Filling up the DagBag from /Users/mnagy99/opt/anaconda3/envs/airflow-env/lib/python3.8/site-packages/airflow/example_dags/example_skip_dag.py
[2022-11-06T02:02:07.839+0200] {processor.py:766} INFO - DAG(s) dict_keys(['example_skip_dag']) retrieved from /Users/mnagy99/opt/anaconda3/envs/airflow-env/lib/python3.8/site-packages/airflow/example_dags/example_skip_dag.py
[2022-11-06T02:02:08.321+0200] {logging_mixin.py:120} INFO - [2022-11-06T02:02:08.321+0200] {dag.py:2585} INFO - Sync 1 DAGs
[2022-11-06T02:02:08.341+0200] {logging_mixin.py:120} INFO - [2022-11-06T02:02:08.341+0200] {dag.py:3336} INFO - Setting next_dagrun for example_skip_dag to 2022-11-05T00:02:08.341512+00:00, run_after=2022-11-06T00:02:08.341512+00:00
[2022-11-06T02:02:08.359+0200] {processor.py:176} INFO - Processing /Users/mnagy99/opt/anaconda3/envs/airflow-env/lib/python3.8/site-packages/airflow/example_dags/example_skip_dag.py took 0.547 seconds
[2022-11-06T02:04:26.587+0200] {processor.py:154} INFO - Started process (PID=2168) to work on /Users/mnagy99/opt/anaconda3/envs/airflow-env/lib/python3.8/site-packages/airflow/example_dags/example_skip_dag.py
[2022-11-06T02:04:26.589+0200] {processor.py:756} INFO - Processing file /Users/mnagy99/opt/anaconda3/envs/airflow-env/lib/python3.8/site-packages/airflow/example_dags/example_skip_dag.py for tasks to queue
[2022-11-06T02:04:26.590+0200] {logging_mixin.py:120} INFO - [2022-11-06T02:04:26.590+0200] {dagbag.py:537} INFO - Filling up the DagBag from /Users/mnagy99/opt/anaconda3/envs/airflow-env/lib/python3.8/site-packages/airflow/example_dags/example_skip_dag.py
[2022-11-06T02:04:26.613+0200] {processor.py:766} INFO - DAG(s) dict_keys(['example_skip_dag']) retrieved from /Users/mnagy99/opt/anaconda3/envs/airflow-env/lib/python3.8/site-packages/airflow/example_dags/example_skip_dag.py
[2022-11-06T02:04:27.145+0200] {logging_mixin.py:120} INFO - [2022-11-06T02:04:27.145+0200] {dag.py:2585} INFO - Sync 1 DAGs
[2022-11-06T02:04:27.158+0200] {logging_mixin.py:120} INFO - [2022-11-06T02:04:27.158+0200] {dag.py:3336} INFO - Setting next_dagrun for example_skip_dag to 2022-11-05T00:04:27.158345+00:00, run_after=2022-11-06T00:04:27.158345+00:00
[2022-11-06T02:04:27.179+0200] {processor.py:176} INFO - Processing /Users/mnagy99/opt/anaconda3/envs/airflow-env/lib/python3.8/site-packages/airflow/example_dags/example_skip_dag.py took 0.593 seconds
[2022-11-06T02:06:47.877+0200] {processor.py:154} INFO - Started process (PID=2301) to work on /Users/mnagy99/opt/anaconda3/envs/airflow-env/lib/python3.8/site-packages/airflow/example_dags/example_skip_dag.py
[2022-11-06T02:06:47.878+0200] {processor.py:756} INFO - Processing file /Users/mnagy99/opt/anaconda3/envs/airflow-env/lib/python3.8/site-packages/airflow/example_dags/example_skip_dag.py for tasks to queue
[2022-11-06T02:06:47.879+0200] {logging_mixin.py:120} INFO - [2022-11-06T02:06:47.879+0200] {dagbag.py:537} INFO - Filling up the DagBag from /Users/mnagy99/opt/anaconda3/envs/airflow-env/lib/python3.8/site-packages/airflow/example_dags/example_skip_dag.py
[2022-11-06T02:06:47.909+0200] {processor.py:766} INFO - DAG(s) dict_keys(['example_skip_dag']) retrieved from /Users/mnagy99/opt/anaconda3/envs/airflow-env/lib/python3.8/site-packages/airflow/example_dags/example_skip_dag.py
[2022-11-06T02:06:48.443+0200] {logging_mixin.py:120} INFO - [2022-11-06T02:06:48.443+0200] {dag.py:2585} INFO - Sync 1 DAGs
[2022-11-06T02:06:48.457+0200] {logging_mixin.py:120} INFO - [2022-11-06T02:06:48.457+0200] {dag.py:3336} INFO - Setting next_dagrun for example_skip_dag to 2022-11-05T00:06:48.457009+00:00, run_after=2022-11-06T00:06:48.457009+00:00
[2022-11-06T02:06:48.474+0200] {processor.py:176} INFO - Processing /Users/mnagy99/opt/anaconda3/envs/airflow-env/lib/python3.8/site-packages/airflow/example_dags/example_skip_dag.py took 0.598 seconds
[2022-11-06T02:09:06.867+0200] {processor.py:154} INFO - Started process (PID=2428) to work on /Users/mnagy99/opt/anaconda3/envs/airflow-env/lib/python3.8/site-packages/airflow/example_dags/example_skip_dag.py
[2022-11-06T02:09:06.870+0200] {processor.py:756} INFO - Processing file /Users/mnagy99/opt/anaconda3/envs/airflow-env/lib/python3.8/site-packages/airflow/example_dags/example_skip_dag.py for tasks to queue
[2022-11-06T02:09:06.871+0200] {logging_mixin.py:120} INFO - [2022-11-06T02:09:06.871+0200] {dagbag.py:537} INFO - Filling up the DagBag from /Users/mnagy99/opt/anaconda3/envs/airflow-env/lib/python3.8/site-packages/airflow/example_dags/example_skip_dag.py
[2022-11-06T02:09:06.904+0200] {processor.py:766} INFO - DAG(s) dict_keys(['example_skip_dag']) retrieved from /Users/mnagy99/opt/anaconda3/envs/airflow-env/lib/python3.8/site-packages/airflow/example_dags/example_skip_dag.py
[2022-11-06T02:09:07.425+0200] {logging_mixin.py:120} INFO - [2022-11-06T02:09:07.425+0200] {dag.py:2585} INFO - Sync 1 DAGs
[2022-11-06T02:09:07.444+0200] {logging_mixin.py:120} INFO - [2022-11-06T02:09:07.444+0200] {dag.py:3336} INFO - Setting next_dagrun for example_skip_dag to 2022-11-05T00:09:07.443817+00:00, run_after=2022-11-06T00:09:07.443817+00:00
[2022-11-06T02:09:07.461+0200] {processor.py:176} INFO - Processing /Users/mnagy99/opt/anaconda3/envs/airflow-env/lib/python3.8/site-packages/airflow/example_dags/example_skip_dag.py took 0.594 seconds
[2022-11-06T02:11:21.755+0200] {processor.py:154} INFO - Started process (PID=2559) to work on /Users/mnagy99/opt/anaconda3/envs/airflow-env/lib/python3.8/site-packages/airflow/example_dags/example_skip_dag.py
[2022-11-06T02:11:21.757+0200] {processor.py:756} INFO - Processing file /Users/mnagy99/opt/anaconda3/envs/airflow-env/lib/python3.8/site-packages/airflow/example_dags/example_skip_dag.py for tasks to queue
[2022-11-06T02:11:21.758+0200] {logging_mixin.py:120} INFO - [2022-11-06T02:11:21.758+0200] {dagbag.py:537} INFO - Filling up the DagBag from /Users/mnagy99/opt/anaconda3/envs/airflow-env/lib/python3.8/site-packages/airflow/example_dags/example_skip_dag.py
[2022-11-06T02:11:21.780+0200] {processor.py:766} INFO - DAG(s) dict_keys(['example_skip_dag']) retrieved from /Users/mnagy99/opt/anaconda3/envs/airflow-env/lib/python3.8/site-packages/airflow/example_dags/example_skip_dag.py
[2022-11-06T02:11:22.523+0200] {logging_mixin.py:120} INFO - [2022-11-06T02:11:22.523+0200] {dag.py:2585} INFO - Sync 1 DAGs
[2022-11-06T02:11:22.551+0200] {logging_mixin.py:120} INFO - [2022-11-06T02:11:22.551+0200] {dag.py:3336} INFO - Setting next_dagrun for example_skip_dag to 2022-11-05T00:11:22.551462+00:00, run_after=2022-11-06T00:11:22.551462+00:00
[2022-11-06T02:11:22.577+0200] {processor.py:176} INFO - Processing /Users/mnagy99/opt/anaconda3/envs/airflow-env/lib/python3.8/site-packages/airflow/example_dags/example_skip_dag.py took 0.823 seconds
[2022-11-06T02:13:30.277+0200] {processor.py:154} INFO - Started process (PID=2683) to work on /Users/mnagy99/opt/anaconda3/envs/airflow-env/lib/python3.8/site-packages/airflow/example_dags/example_skip_dag.py
[2022-11-06T02:13:30.279+0200] {processor.py:756} INFO - Processing file /Users/mnagy99/opt/anaconda3/envs/airflow-env/lib/python3.8/site-packages/airflow/example_dags/example_skip_dag.py for tasks to queue
[2022-11-06T02:13:30.280+0200] {logging_mixin.py:120} INFO - [2022-11-06T02:13:30.280+0200] {dagbag.py:537} INFO - Filling up the DagBag from /Users/mnagy99/opt/anaconda3/envs/airflow-env/lib/python3.8/site-packages/airflow/example_dags/example_skip_dag.py
[2022-11-06T02:13:30.305+0200] {processor.py:766} INFO - DAG(s) dict_keys(['example_skip_dag']) retrieved from /Users/mnagy99/opt/anaconda3/envs/airflow-env/lib/python3.8/site-packages/airflow/example_dags/example_skip_dag.py
[2022-11-06T02:13:30.791+0200] {logging_mixin.py:120} INFO - [2022-11-06T02:13:30.791+0200] {dag.py:2585} INFO - Sync 1 DAGs
[2022-11-06T02:13:30.805+0200] {logging_mixin.py:120} INFO - [2022-11-06T02:13:30.805+0200] {dag.py:3336} INFO - Setting next_dagrun for example_skip_dag to 2022-11-05T00:13:30.805230+00:00, run_after=2022-11-06T00:13:30.805230+00:00
[2022-11-06T02:13:30.821+0200] {processor.py:176} INFO - Processing /Users/mnagy99/opt/anaconda3/envs/airflow-env/lib/python3.8/site-packages/airflow/example_dags/example_skip_dag.py took 0.544 seconds
[2022-11-06T02:15:55.342+0200] {processor.py:154} INFO - Started process (PID=2885) to work on /Users/mnagy99/opt/anaconda3/envs/airflow-env/lib/python3.8/site-packages/airflow/example_dags/example_skip_dag.py
[2022-11-06T02:15:55.344+0200] {processor.py:756} INFO - Processing file /Users/mnagy99/opt/anaconda3/envs/airflow-env/lib/python3.8/site-packages/airflow/example_dags/example_skip_dag.py for tasks to queue
[2022-11-06T02:15:55.344+0200] {logging_mixin.py:120} INFO - [2022-11-06T02:15:55.344+0200] {dagbag.py:537} INFO - Filling up the DagBag from /Users/mnagy99/opt/anaconda3/envs/airflow-env/lib/python3.8/site-packages/airflow/example_dags/example_skip_dag.py
[2022-11-06T02:15:55.366+0200] {processor.py:766} INFO - DAG(s) dict_keys(['example_skip_dag']) retrieved from /Users/mnagy99/opt/anaconda3/envs/airflow-env/lib/python3.8/site-packages/airflow/example_dags/example_skip_dag.py
[2022-11-06T02:15:55.819+0200] {logging_mixin.py:120} INFO - [2022-11-06T02:15:55.819+0200] {dag.py:2585} INFO - Sync 1 DAGs
[2022-11-06T02:15:55.834+0200] {logging_mixin.py:120} INFO - [2022-11-06T02:15:55.834+0200] {dag.py:3336} INFO - Setting next_dagrun for example_skip_dag to 2022-11-05T00:15:55.834440+00:00, run_after=2022-11-06T00:15:55.834440+00:00
[2022-11-06T02:15:55.855+0200] {processor.py:176} INFO - Processing /Users/mnagy99/opt/anaconda3/envs/airflow-env/lib/python3.8/site-packages/airflow/example_dags/example_skip_dag.py took 0.514 seconds
[2022-11-06T02:18:06.767+0200] {processor.py:154} INFO - Started process (PID=3031) to work on /Users/mnagy99/opt/anaconda3/envs/airflow-env/lib/python3.8/site-packages/airflow/example_dags/example_skip_dag.py
[2022-11-06T02:18:06.769+0200] {processor.py:756} INFO - Processing file /Users/mnagy99/opt/anaconda3/envs/airflow-env/lib/python3.8/site-packages/airflow/example_dags/example_skip_dag.py for tasks to queue
[2022-11-06T02:18:06.770+0200] {logging_mixin.py:120} INFO - [2022-11-06T02:18:06.770+0200] {dagbag.py:537} INFO - Filling up the DagBag from /Users/mnagy99/opt/anaconda3/envs/airflow-env/lib/python3.8/site-packages/airflow/example_dags/example_skip_dag.py
[2022-11-06T02:18:06.797+0200] {processor.py:766} INFO - DAG(s) dict_keys(['example_skip_dag']) retrieved from /Users/mnagy99/opt/anaconda3/envs/airflow-env/lib/python3.8/site-packages/airflow/example_dags/example_skip_dag.py
[2022-11-06T02:18:07.233+0200] {logging_mixin.py:120} INFO - [2022-11-06T02:18:07.233+0200] {dag.py:2585} INFO - Sync 1 DAGs
[2022-11-06T02:18:07.248+0200] {logging_mixin.py:120} INFO - [2022-11-06T02:18:07.247+0200] {dag.py:3336} INFO - Setting next_dagrun for example_skip_dag to 2022-11-05T00:18:07.247758+00:00, run_after=2022-11-06T00:18:07.247758+00:00
[2022-11-06T02:18:07.266+0200] {processor.py:176} INFO - Processing /Users/mnagy99/opt/anaconda3/envs/airflow-env/lib/python3.8/site-packages/airflow/example_dags/example_skip_dag.py took 0.500 seconds
[2022-11-06T02:20:19.730+0200] {processor.py:154} INFO - Started process (PID=3172) to work on /Users/mnagy99/opt/anaconda3/envs/airflow-env/lib/python3.8/site-packages/airflow/example_dags/example_skip_dag.py
[2022-11-06T02:20:19.732+0200] {processor.py:756} INFO - Processing file /Users/mnagy99/opt/anaconda3/envs/airflow-env/lib/python3.8/site-packages/airflow/example_dags/example_skip_dag.py for tasks to queue
[2022-11-06T02:20:19.732+0200] {logging_mixin.py:120} INFO - [2022-11-06T02:20:19.732+0200] {dagbag.py:537} INFO - Filling up the DagBag from /Users/mnagy99/opt/anaconda3/envs/airflow-env/lib/python3.8/site-packages/airflow/example_dags/example_skip_dag.py
[2022-11-06T02:20:19.754+0200] {processor.py:766} INFO - DAG(s) dict_keys(['example_skip_dag']) retrieved from /Users/mnagy99/opt/anaconda3/envs/airflow-env/lib/python3.8/site-packages/airflow/example_dags/example_skip_dag.py
[2022-11-06T02:20:20.253+0200] {logging_mixin.py:120} INFO - [2022-11-06T02:20:20.252+0200] {dag.py:2585} INFO - Sync 1 DAGs
[2022-11-06T02:20:20.268+0200] {logging_mixin.py:120} INFO - [2022-11-06T02:20:20.268+0200] {dag.py:3336} INFO - Setting next_dagrun for example_skip_dag to 2022-11-05T00:20:20.268305+00:00, run_after=2022-11-06T00:20:20.268305+00:00
[2022-11-06T02:20:20.288+0200] {processor.py:176} INFO - Processing /Users/mnagy99/opt/anaconda3/envs/airflow-env/lib/python3.8/site-packages/airflow/example_dags/example_skip_dag.py took 0.559 seconds
[2022-11-06T02:22:26.614+0200] {processor.py:154} INFO - Started process (PID=3297) to work on /Users/mnagy99/opt/anaconda3/envs/airflow-env/lib/python3.8/site-packages/airflow/example_dags/example_skip_dag.py
[2022-11-06T02:22:26.617+0200] {processor.py:756} INFO - Processing file /Users/mnagy99/opt/anaconda3/envs/airflow-env/lib/python3.8/site-packages/airflow/example_dags/example_skip_dag.py for tasks to queue
[2022-11-06T02:22:26.618+0200] {logging_mixin.py:120} INFO - [2022-11-06T02:22:26.618+0200] {dagbag.py:537} INFO - Filling up the DagBag from /Users/mnagy99/opt/anaconda3/envs/airflow-env/lib/python3.8/site-packages/airflow/example_dags/example_skip_dag.py
[2022-11-06T02:22:26.640+0200] {processor.py:766} INFO - DAG(s) dict_keys(['example_skip_dag']) retrieved from /Users/mnagy99/opt/anaconda3/envs/airflow-env/lib/python3.8/site-packages/airflow/example_dags/example_skip_dag.py
[2022-11-06T02:22:27.083+0200] {logging_mixin.py:120} INFO - [2022-11-06T02:22:27.082+0200] {dag.py:2585} INFO - Sync 1 DAGs
[2022-11-06T02:22:27.096+0200] {logging_mixin.py:120} INFO - [2022-11-06T02:22:27.096+0200] {dag.py:3336} INFO - Setting next_dagrun for example_skip_dag to 2022-11-05T00:22:27.096357+00:00, run_after=2022-11-06T00:22:27.096357+00:00
[2022-11-06T02:22:27.111+0200] {processor.py:176} INFO - Processing /Users/mnagy99/opt/anaconda3/envs/airflow-env/lib/python3.8/site-packages/airflow/example_dags/example_skip_dag.py took 0.498 seconds
[2022-11-06T02:24:40.462+0200] {processor.py:154} INFO - Started process (PID=3439) to work on /Users/mnagy99/opt/anaconda3/envs/airflow-env/lib/python3.8/site-packages/airflow/example_dags/example_skip_dag.py
[2022-11-06T02:24:40.463+0200] {processor.py:756} INFO - Processing file /Users/mnagy99/opt/anaconda3/envs/airflow-env/lib/python3.8/site-packages/airflow/example_dags/example_skip_dag.py for tasks to queue
[2022-11-06T02:24:40.463+0200] {logging_mixin.py:120} INFO - [2022-11-06T02:24:40.463+0200] {dagbag.py:537} INFO - Filling up the DagBag from /Users/mnagy99/opt/anaconda3/envs/airflow-env/lib/python3.8/site-packages/airflow/example_dags/example_skip_dag.py
[2022-11-06T02:24:40.492+0200] {processor.py:766} INFO - DAG(s) dict_keys(['example_skip_dag']) retrieved from /Users/mnagy99/opt/anaconda3/envs/airflow-env/lib/python3.8/site-packages/airflow/example_dags/example_skip_dag.py
[2022-11-06T02:24:40.972+0200] {logging_mixin.py:120} INFO - [2022-11-06T02:24:40.971+0200] {dag.py:2585} INFO - Sync 1 DAGs
[2022-11-06T02:24:40.989+0200] {logging_mixin.py:120} INFO - [2022-11-06T02:24:40.989+0200] {dag.py:3336} INFO - Setting next_dagrun for example_skip_dag to 2022-11-05T00:24:40.988966+00:00, run_after=2022-11-06T00:24:40.988966+00:00
[2022-11-06T02:24:41.011+0200] {processor.py:176} INFO - Processing /Users/mnagy99/opt/anaconda3/envs/airflow-env/lib/python3.8/site-packages/airflow/example_dags/example_skip_dag.py took 0.551 seconds
[2022-11-06T02:26:52.901+0200] {processor.py:154} INFO - Started process (PID=3578) to work on /Users/mnagy99/opt/anaconda3/envs/airflow-env/lib/python3.8/site-packages/airflow/example_dags/example_skip_dag.py
[2022-11-06T02:26:52.903+0200] {processor.py:756} INFO - Processing file /Users/mnagy99/opt/anaconda3/envs/airflow-env/lib/python3.8/site-packages/airflow/example_dags/example_skip_dag.py for tasks to queue
[2022-11-06T02:26:52.904+0200] {logging_mixin.py:120} INFO - [2022-11-06T02:26:52.904+0200] {dagbag.py:537} INFO - Filling up the DagBag from /Users/mnagy99/opt/anaconda3/envs/airflow-env/lib/python3.8/site-packages/airflow/example_dags/example_skip_dag.py
[2022-11-06T02:26:52.924+0200] {processor.py:766} INFO - DAG(s) dict_keys(['example_skip_dag']) retrieved from /Users/mnagy99/opt/anaconda3/envs/airflow-env/lib/python3.8/site-packages/airflow/example_dags/example_skip_dag.py
[2022-11-06T02:26:53.352+0200] {logging_mixin.py:120} INFO - [2022-11-06T02:26:53.351+0200] {dag.py:2585} INFO - Sync 1 DAGs
[2022-11-06T02:26:53.365+0200] {logging_mixin.py:120} INFO - [2022-11-06T02:26:53.365+0200] {dag.py:3336} INFO - Setting next_dagrun for example_skip_dag to 2022-11-05T00:26:53.365374+00:00, run_after=2022-11-06T00:26:53.365374+00:00
[2022-11-06T02:26:53.383+0200] {processor.py:176} INFO - Processing /Users/mnagy99/opt/anaconda3/envs/airflow-env/lib/python3.8/site-packages/airflow/example_dags/example_skip_dag.py took 0.483 seconds
[2022-11-06T02:29:03.653+0200] {processor.py:154} INFO - Started process (PID=3716) to work on /Users/mnagy99/opt/anaconda3/envs/airflow-env/lib/python3.8/site-packages/airflow/example_dags/example_skip_dag.py
[2022-11-06T02:29:03.654+0200] {processor.py:756} INFO - Processing file /Users/mnagy99/opt/anaconda3/envs/airflow-env/lib/python3.8/site-packages/airflow/example_dags/example_skip_dag.py for tasks to queue
[2022-11-06T02:29:03.654+0200] {logging_mixin.py:120} INFO - [2022-11-06T02:29:03.654+0200] {dagbag.py:537} INFO - Filling up the DagBag from /Users/mnagy99/opt/anaconda3/envs/airflow-env/lib/python3.8/site-packages/airflow/example_dags/example_skip_dag.py
[2022-11-06T02:29:03.679+0200] {processor.py:766} INFO - DAG(s) dict_keys(['example_skip_dag']) retrieved from /Users/mnagy99/opt/anaconda3/envs/airflow-env/lib/python3.8/site-packages/airflow/example_dags/example_skip_dag.py
[2022-11-06T02:29:04.178+0200] {logging_mixin.py:120} INFO - [2022-11-06T02:29:04.178+0200] {dag.py:2585} INFO - Sync 1 DAGs
[2022-11-06T02:29:04.191+0200] {logging_mixin.py:120} INFO - [2022-11-06T02:29:04.191+0200] {dag.py:3336} INFO - Setting next_dagrun for example_skip_dag to 2022-11-05T00:29:04.191385+00:00, run_after=2022-11-06T00:29:04.191385+00:00
[2022-11-06T02:29:04.211+0200] {processor.py:176} INFO - Processing /Users/mnagy99/opt/anaconda3/envs/airflow-env/lib/python3.8/site-packages/airflow/example_dags/example_skip_dag.py took 0.558 seconds
[2022-11-06T02:31:16.120+0200] {processor.py:154} INFO - Started process (PID=3866) to work on /Users/mnagy99/opt/anaconda3/envs/airflow-env/lib/python3.8/site-packages/airflow/example_dags/example_skip_dag.py
[2022-11-06T02:31:16.121+0200] {processor.py:756} INFO - Processing file /Users/mnagy99/opt/anaconda3/envs/airflow-env/lib/python3.8/site-packages/airflow/example_dags/example_skip_dag.py for tasks to queue
[2022-11-06T02:31:16.122+0200] {logging_mixin.py:120} INFO - [2022-11-06T02:31:16.122+0200] {dagbag.py:537} INFO - Filling up the DagBag from /Users/mnagy99/opt/anaconda3/envs/airflow-env/lib/python3.8/site-packages/airflow/example_dags/example_skip_dag.py
[2022-11-06T02:31:16.146+0200] {processor.py:766} INFO - DAG(s) dict_keys(['example_skip_dag']) retrieved from /Users/mnagy99/opt/anaconda3/envs/airflow-env/lib/python3.8/site-packages/airflow/example_dags/example_skip_dag.py
[2022-11-06T02:31:16.578+0200] {logging_mixin.py:120} INFO - [2022-11-06T02:31:16.577+0200] {dag.py:2585} INFO - Sync 1 DAGs
[2022-11-06T02:31:16.593+0200] {logging_mixin.py:120} INFO - [2022-11-06T02:31:16.593+0200] {dag.py:3336} INFO - Setting next_dagrun for example_skip_dag to 2022-11-05T00:31:16.593122+00:00, run_after=2022-11-06T00:31:16.593122+00:00
[2022-11-06T02:31:16.609+0200] {processor.py:176} INFO - Processing /Users/mnagy99/opt/anaconda3/envs/airflow-env/lib/python3.8/site-packages/airflow/example_dags/example_skip_dag.py took 0.489 seconds
[2022-11-06T02:33:28.268+0200] {processor.py:154} INFO - Started process (PID=4022) to work on /Users/mnagy99/opt/anaconda3/envs/airflow-env/lib/python3.8/site-packages/airflow/example_dags/example_skip_dag.py
[2022-11-06T02:33:28.270+0200] {processor.py:756} INFO - Processing file /Users/mnagy99/opt/anaconda3/envs/airflow-env/lib/python3.8/site-packages/airflow/example_dags/example_skip_dag.py for tasks to queue
[2022-11-06T02:33:28.271+0200] {logging_mixin.py:120} INFO - [2022-11-06T02:33:28.271+0200] {dagbag.py:537} INFO - Filling up the DagBag from /Users/mnagy99/opt/anaconda3/envs/airflow-env/lib/python3.8/site-packages/airflow/example_dags/example_skip_dag.py
[2022-11-06T02:33:28.297+0200] {processor.py:766} INFO - DAG(s) dict_keys(['example_skip_dag']) retrieved from /Users/mnagy99/opt/anaconda3/envs/airflow-env/lib/python3.8/site-packages/airflow/example_dags/example_skip_dag.py
[2022-11-06T02:33:28.746+0200] {logging_mixin.py:120} INFO - [2022-11-06T02:33:28.746+0200] {dag.py:2585} INFO - Sync 1 DAGs
[2022-11-06T02:33:28.759+0200] {logging_mixin.py:120} INFO - [2022-11-06T02:33:28.759+0200] {dag.py:3336} INFO - Setting next_dagrun for example_skip_dag to 2022-11-05T00:33:28.759723+00:00, run_after=2022-11-06T00:33:28.759723+00:00
[2022-11-06T02:33:28.777+0200] {processor.py:176} INFO - Processing /Users/mnagy99/opt/anaconda3/envs/airflow-env/lib/python3.8/site-packages/airflow/example_dags/example_skip_dag.py took 0.510 seconds
[2022-11-06T02:35:37.889+0200] {processor.py:154} INFO - Started process (PID=4170) to work on /Users/mnagy99/opt/anaconda3/envs/airflow-env/lib/python3.8/site-packages/airflow/example_dags/example_skip_dag.py
[2022-11-06T02:35:37.892+0200] {processor.py:756} INFO - Processing file /Users/mnagy99/opt/anaconda3/envs/airflow-env/lib/python3.8/site-packages/airflow/example_dags/example_skip_dag.py for tasks to queue
[2022-11-06T02:35:37.892+0200] {logging_mixin.py:120} INFO - [2022-11-06T02:35:37.892+0200] {dagbag.py:537} INFO - Filling up the DagBag from /Users/mnagy99/opt/anaconda3/envs/airflow-env/lib/python3.8/site-packages/airflow/example_dags/example_skip_dag.py
[2022-11-06T02:35:37.915+0200] {processor.py:766} INFO - DAG(s) dict_keys(['example_skip_dag']) retrieved from /Users/mnagy99/opt/anaconda3/envs/airflow-env/lib/python3.8/site-packages/airflow/example_dags/example_skip_dag.py
[2022-11-06T02:35:38.411+0200] {logging_mixin.py:120} INFO - [2022-11-06T02:35:38.410+0200] {dag.py:2585} INFO - Sync 1 DAGs
[2022-11-06T02:35:38.427+0200] {logging_mixin.py:120} INFO - [2022-11-06T02:35:38.427+0200] {dag.py:3336} INFO - Setting next_dagrun for example_skip_dag to 2022-11-05T00:35:38.427486+00:00, run_after=2022-11-06T00:35:38.427486+00:00
[2022-11-06T02:35:38.446+0200] {processor.py:176} INFO - Processing /Users/mnagy99/opt/anaconda3/envs/airflow-env/lib/python3.8/site-packages/airflow/example_dags/example_skip_dag.py took 0.558 seconds
[2022-11-06T02:37:49.986+0200] {processor.py:154} INFO - Started process (PID=4307) to work on /Users/mnagy99/opt/anaconda3/envs/airflow-env/lib/python3.8/site-packages/airflow/example_dags/example_skip_dag.py
[2022-11-06T02:37:49.988+0200] {processor.py:756} INFO - Processing file /Users/mnagy99/opt/anaconda3/envs/airflow-env/lib/python3.8/site-packages/airflow/example_dags/example_skip_dag.py for tasks to queue
[2022-11-06T02:37:49.989+0200] {logging_mixin.py:120} INFO - [2022-11-06T02:37:49.989+0200] {dagbag.py:537} INFO - Filling up the DagBag from /Users/mnagy99/opt/anaconda3/envs/airflow-env/lib/python3.8/site-packages/airflow/example_dags/example_skip_dag.py
[2022-11-06T02:37:50.011+0200] {processor.py:766} INFO - DAG(s) dict_keys(['example_skip_dag']) retrieved from /Users/mnagy99/opt/anaconda3/envs/airflow-env/lib/python3.8/site-packages/airflow/example_dags/example_skip_dag.py
[2022-11-06T02:37:50.487+0200] {logging_mixin.py:120} INFO - [2022-11-06T02:37:50.487+0200] {dag.py:2585} INFO - Sync 1 DAGs
[2022-11-06T02:37:50.501+0200] {logging_mixin.py:120} INFO - [2022-11-06T02:37:50.501+0200] {dag.py:3336} INFO - Setting next_dagrun for example_skip_dag to 2022-11-05T00:37:50.501240+00:00, run_after=2022-11-06T00:37:50.501240+00:00
[2022-11-06T02:37:50.515+0200] {processor.py:176} INFO - Processing /Users/mnagy99/opt/anaconda3/envs/airflow-env/lib/python3.8/site-packages/airflow/example_dags/example_skip_dag.py took 0.530 seconds
[2022-11-06T02:40:03.248+0200] {processor.py:154} INFO - Started process (PID=4436) to work on /Users/mnagy99/opt/anaconda3/envs/airflow-env/lib/python3.8/site-packages/airflow/example_dags/example_skip_dag.py
[2022-11-06T02:40:03.250+0200] {processor.py:756} INFO - Processing file /Users/mnagy99/opt/anaconda3/envs/airflow-env/lib/python3.8/site-packages/airflow/example_dags/example_skip_dag.py for tasks to queue
[2022-11-06T02:40:03.251+0200] {logging_mixin.py:120} INFO - [2022-11-06T02:40:03.251+0200] {dagbag.py:537} INFO - Filling up the DagBag from /Users/mnagy99/opt/anaconda3/envs/airflow-env/lib/python3.8/site-packages/airflow/example_dags/example_skip_dag.py
[2022-11-06T02:40:03.274+0200] {processor.py:766} INFO - DAG(s) dict_keys(['example_skip_dag']) retrieved from /Users/mnagy99/opt/anaconda3/envs/airflow-env/lib/python3.8/site-packages/airflow/example_dags/example_skip_dag.py
[2022-11-06T02:40:03.962+0200] {logging_mixin.py:120} INFO - [2022-11-06T02:40:03.962+0200] {dag.py:2585} INFO - Sync 1 DAGs
[2022-11-06T02:40:03.987+0200] {logging_mixin.py:120} INFO - [2022-11-06T02:40:03.987+0200] {dag.py:3336} INFO - Setting next_dagrun for example_skip_dag to 2022-11-05T00:40:03.987331+00:00, run_after=2022-11-06T00:40:03.987331+00:00
[2022-11-06T02:40:04.006+0200] {processor.py:176} INFO - Processing /Users/mnagy99/opt/anaconda3/envs/airflow-env/lib/python3.8/site-packages/airflow/example_dags/example_skip_dag.py took 0.759 seconds
[2022-11-06T02:42:28.718+0200] {processor.py:154} INFO - Started process (PID=4609) to work on /Users/mnagy99/opt/anaconda3/envs/airflow-env/lib/python3.8/site-packages/airflow/example_dags/example_skip_dag.py
[2022-11-06T02:42:28.719+0200] {processor.py:756} INFO - Processing file /Users/mnagy99/opt/anaconda3/envs/airflow-env/lib/python3.8/site-packages/airflow/example_dags/example_skip_dag.py for tasks to queue
[2022-11-06T02:42:28.720+0200] {logging_mixin.py:120} INFO - [2022-11-06T02:42:28.720+0200] {dagbag.py:537} INFO - Filling up the DagBag from /Users/mnagy99/opt/anaconda3/envs/airflow-env/lib/python3.8/site-packages/airflow/example_dags/example_skip_dag.py
[2022-11-06T02:42:28.750+0200] {processor.py:766} INFO - DAG(s) dict_keys(['example_skip_dag']) retrieved from /Users/mnagy99/opt/anaconda3/envs/airflow-env/lib/python3.8/site-packages/airflow/example_dags/example_skip_dag.py
[2022-11-06T02:42:29.304+0200] {logging_mixin.py:120} INFO - [2022-11-06T02:42:29.304+0200] {dag.py:2585} INFO - Sync 1 DAGs
[2022-11-06T02:42:29.319+0200] {logging_mixin.py:120} INFO - [2022-11-06T02:42:29.319+0200] {dag.py:3336} INFO - Setting next_dagrun for example_skip_dag to 2022-11-05T00:42:29.319693+00:00, run_after=2022-11-06T00:42:29.319693+00:00
[2022-11-06T02:42:29.337+0200] {processor.py:176} INFO - Processing /Users/mnagy99/opt/anaconda3/envs/airflow-env/lib/python3.8/site-packages/airflow/example_dags/example_skip_dag.py took 0.619 seconds
[2022-11-06T02:44:52.877+0200] {processor.py:154} INFO - Started process (PID=4744) to work on /Users/mnagy99/opt/anaconda3/envs/airflow-env/lib/python3.8/site-packages/airflow/example_dags/example_skip_dag.py
[2022-11-06T02:44:52.879+0200] {processor.py:756} INFO - Processing file /Users/mnagy99/opt/anaconda3/envs/airflow-env/lib/python3.8/site-packages/airflow/example_dags/example_skip_dag.py for tasks to queue
[2022-11-06T02:44:52.880+0200] {logging_mixin.py:120} INFO - [2022-11-06T02:44:52.880+0200] {dagbag.py:537} INFO - Filling up the DagBag from /Users/mnagy99/opt/anaconda3/envs/airflow-env/lib/python3.8/site-packages/airflow/example_dags/example_skip_dag.py
[2022-11-06T02:44:52.904+0200] {processor.py:766} INFO - DAG(s) dict_keys(['example_skip_dag']) retrieved from /Users/mnagy99/opt/anaconda3/envs/airflow-env/lib/python3.8/site-packages/airflow/example_dags/example_skip_dag.py
[2022-11-06T02:44:53.358+0200] {logging_mixin.py:120} INFO - [2022-11-06T02:44:53.358+0200] {dag.py:2585} INFO - Sync 1 DAGs
[2022-11-06T02:44:53.375+0200] {logging_mixin.py:120} INFO - [2022-11-06T02:44:53.375+0200] {dag.py:3336} INFO - Setting next_dagrun for example_skip_dag to 2022-11-05T00:44:53.375579+00:00, run_after=2022-11-06T00:44:53.375579+00:00
[2022-11-06T02:44:53.394+0200] {processor.py:176} INFO - Processing /Users/mnagy99/opt/anaconda3/envs/airflow-env/lib/python3.8/site-packages/airflow/example_dags/example_skip_dag.py took 0.518 seconds
[2022-11-06T02:47:06.302+0200] {processor.py:154} INFO - Started process (PID=4885) to work on /Users/mnagy99/opt/anaconda3/envs/airflow-env/lib/python3.8/site-packages/airflow/example_dags/example_skip_dag.py
[2022-11-06T02:47:06.304+0200] {processor.py:756} INFO - Processing file /Users/mnagy99/opt/anaconda3/envs/airflow-env/lib/python3.8/site-packages/airflow/example_dags/example_skip_dag.py for tasks to queue
[2022-11-06T02:47:06.305+0200] {logging_mixin.py:120} INFO - [2022-11-06T02:47:06.305+0200] {dagbag.py:537} INFO - Filling up the DagBag from /Users/mnagy99/opt/anaconda3/envs/airflow-env/lib/python3.8/site-packages/airflow/example_dags/example_skip_dag.py
[2022-11-06T02:47:06.335+0200] {processor.py:766} INFO - DAG(s) dict_keys(['example_skip_dag']) retrieved from /Users/mnagy99/opt/anaconda3/envs/airflow-env/lib/python3.8/site-packages/airflow/example_dags/example_skip_dag.py
[2022-11-06T02:47:06.980+0200] {logging_mixin.py:120} INFO - [2022-11-06T02:47:06.980+0200] {dag.py:2585} INFO - Sync 1 DAGs
[2022-11-06T02:47:06.994+0200] {logging_mixin.py:120} INFO - [2022-11-06T02:47:06.994+0200] {dag.py:3336} INFO - Setting next_dagrun for example_skip_dag to 2022-11-05T00:47:06.994073+00:00, run_after=2022-11-06T00:47:06.994073+00:00
[2022-11-06T02:47:07.010+0200] {processor.py:176} INFO - Processing /Users/mnagy99/opt/anaconda3/envs/airflow-env/lib/python3.8/site-packages/airflow/example_dags/example_skip_dag.py took 0.709 seconds
[2022-11-06T02:49:15.400+0200] {processor.py:154} INFO - Started process (PID=5008) to work on /Users/mnagy99/opt/anaconda3/envs/airflow-env/lib/python3.8/site-packages/airflow/example_dags/example_skip_dag.py
[2022-11-06T02:49:15.403+0200] {processor.py:756} INFO - Processing file /Users/mnagy99/opt/anaconda3/envs/airflow-env/lib/python3.8/site-packages/airflow/example_dags/example_skip_dag.py for tasks to queue
[2022-11-06T02:49:15.404+0200] {logging_mixin.py:120} INFO - [2022-11-06T02:49:15.404+0200] {dagbag.py:537} INFO - Filling up the DagBag from /Users/mnagy99/opt/anaconda3/envs/airflow-env/lib/python3.8/site-packages/airflow/example_dags/example_skip_dag.py
[2022-11-06T02:49:15.432+0200] {processor.py:766} INFO - DAG(s) dict_keys(['example_skip_dag']) retrieved from /Users/mnagy99/opt/anaconda3/envs/airflow-env/lib/python3.8/site-packages/airflow/example_dags/example_skip_dag.py
[2022-11-06T02:49:15.876+0200] {logging_mixin.py:120} INFO - [2022-11-06T02:49:15.876+0200] {dag.py:2585} INFO - Sync 1 DAGs
[2022-11-06T02:49:15.889+0200] {logging_mixin.py:120} INFO - [2022-11-06T02:49:15.889+0200] {dag.py:3336} INFO - Setting next_dagrun for example_skip_dag to 2022-11-05T00:49:15.889342+00:00, run_after=2022-11-06T00:49:15.889342+00:00
[2022-11-06T02:49:15.909+0200] {processor.py:176} INFO - Processing /Users/mnagy99/opt/anaconda3/envs/airflow-env/lib/python3.8/site-packages/airflow/example_dags/example_skip_dag.py took 0.510 seconds
[2022-11-06T02:51:17.998+0200] {processor.py:154} INFO - Started process (PID=5132) to work on /Users/mnagy99/opt/anaconda3/envs/airflow-env/lib/python3.8/site-packages/airflow/example_dags/example_skip_dag.py
[2022-11-06T02:51:18.000+0200] {processor.py:756} INFO - Processing file /Users/mnagy99/opt/anaconda3/envs/airflow-env/lib/python3.8/site-packages/airflow/example_dags/example_skip_dag.py for tasks to queue
[2022-11-06T02:51:18.001+0200] {logging_mixin.py:120} INFO - [2022-11-06T02:51:18.001+0200] {dagbag.py:537} INFO - Filling up the DagBag from /Users/mnagy99/opt/anaconda3/envs/airflow-env/lib/python3.8/site-packages/airflow/example_dags/example_skip_dag.py
[2022-11-06T02:51:18.024+0200] {processor.py:766} INFO - DAG(s) dict_keys(['example_skip_dag']) retrieved from /Users/mnagy99/opt/anaconda3/envs/airflow-env/lib/python3.8/site-packages/airflow/example_dags/example_skip_dag.py
[2022-11-06T02:51:18.469+0200] {logging_mixin.py:120} INFO - [2022-11-06T02:51:18.469+0200] {dag.py:2585} INFO - Sync 1 DAGs
[2022-11-06T02:51:18.483+0200] {logging_mixin.py:120} INFO - [2022-11-06T02:51:18.483+0200] {dag.py:3336} INFO - Setting next_dagrun for example_skip_dag to 2022-11-05T00:51:18.483309+00:00, run_after=2022-11-06T00:51:18.483309+00:00
[2022-11-06T02:51:18.500+0200] {processor.py:176} INFO - Processing /Users/mnagy99/opt/anaconda3/envs/airflow-env/lib/python3.8/site-packages/airflow/example_dags/example_skip_dag.py took 0.503 seconds
[2022-11-06T02:53:25.213+0200] {processor.py:154} INFO - Started process (PID=5259) to work on /Users/mnagy99/opt/anaconda3/envs/airflow-env/lib/python3.8/site-packages/airflow/example_dags/example_skip_dag.py
[2022-11-06T02:53:25.215+0200] {processor.py:756} INFO - Processing file /Users/mnagy99/opt/anaconda3/envs/airflow-env/lib/python3.8/site-packages/airflow/example_dags/example_skip_dag.py for tasks to queue
[2022-11-06T02:53:25.216+0200] {logging_mixin.py:120} INFO - [2022-11-06T02:53:25.216+0200] {dagbag.py:537} INFO - Filling up the DagBag from /Users/mnagy99/opt/anaconda3/envs/airflow-env/lib/python3.8/site-packages/airflow/example_dags/example_skip_dag.py
[2022-11-06T02:53:25.240+0200] {processor.py:766} INFO - DAG(s) dict_keys(['example_skip_dag']) retrieved from /Users/mnagy99/opt/anaconda3/envs/airflow-env/lib/python3.8/site-packages/airflow/example_dags/example_skip_dag.py
[2022-11-06T02:53:25.753+0200] {logging_mixin.py:120} INFO - [2022-11-06T02:53:25.752+0200] {dag.py:2585} INFO - Sync 1 DAGs
[2022-11-06T02:53:25.769+0200] {logging_mixin.py:120} INFO - [2022-11-06T02:53:25.769+0200] {dag.py:3336} INFO - Setting next_dagrun for example_skip_dag to 2022-11-05T00:53:25.769081+00:00, run_after=2022-11-06T00:53:25.769081+00:00
[2022-11-06T02:53:25.786+0200] {processor.py:176} INFO - Processing /Users/mnagy99/opt/anaconda3/envs/airflow-env/lib/python3.8/site-packages/airflow/example_dags/example_skip_dag.py took 0.574 seconds
[2022-11-06T02:55:34.600+0200] {processor.py:154} INFO - Started process (PID=5384) to work on /Users/mnagy99/opt/anaconda3/envs/airflow-env/lib/python3.8/site-packages/airflow/example_dags/example_skip_dag.py
[2022-11-06T02:55:34.602+0200] {processor.py:756} INFO - Processing file /Users/mnagy99/opt/anaconda3/envs/airflow-env/lib/python3.8/site-packages/airflow/example_dags/example_skip_dag.py for tasks to queue
[2022-11-06T02:55:34.602+0200] {logging_mixin.py:120} INFO - [2022-11-06T02:55:34.602+0200] {dagbag.py:537} INFO - Filling up the DagBag from /Users/mnagy99/opt/anaconda3/envs/airflow-env/lib/python3.8/site-packages/airflow/example_dags/example_skip_dag.py
[2022-11-06T02:55:34.631+0200] {processor.py:766} INFO - DAG(s) dict_keys(['example_skip_dag']) retrieved from /Users/mnagy99/opt/anaconda3/envs/airflow-env/lib/python3.8/site-packages/airflow/example_dags/example_skip_dag.py
[2022-11-06T02:55:35.140+0200] {logging_mixin.py:120} INFO - [2022-11-06T02:55:35.140+0200] {dag.py:2585} INFO - Sync 1 DAGs
[2022-11-06T02:55:35.155+0200] {logging_mixin.py:120} INFO - [2022-11-06T02:55:35.155+0200] {dag.py:3336} INFO - Setting next_dagrun for example_skip_dag to 2022-11-05T00:55:35.155262+00:00, run_after=2022-11-06T00:55:35.155262+00:00
[2022-11-06T02:55:35.177+0200] {processor.py:176} INFO - Processing /Users/mnagy99/opt/anaconda3/envs/airflow-env/lib/python3.8/site-packages/airflow/example_dags/example_skip_dag.py took 0.578 seconds
[2022-11-06T02:57:50.846+0200] {processor.py:154} INFO - Started process (PID=5531) to work on /Users/mnagy99/opt/anaconda3/envs/airflow-env/lib/python3.8/site-packages/airflow/example_dags/example_skip_dag.py
[2022-11-06T02:57:50.848+0200] {processor.py:756} INFO - Processing file /Users/mnagy99/opt/anaconda3/envs/airflow-env/lib/python3.8/site-packages/airflow/example_dags/example_skip_dag.py for tasks to queue
[2022-11-06T02:57:50.849+0200] {logging_mixin.py:120} INFO - [2022-11-06T02:57:50.849+0200] {dagbag.py:537} INFO - Filling up the DagBag from /Users/mnagy99/opt/anaconda3/envs/airflow-env/lib/python3.8/site-packages/airflow/example_dags/example_skip_dag.py
[2022-11-06T02:57:50.875+0200] {processor.py:766} INFO - DAG(s) dict_keys(['example_skip_dag']) retrieved from /Users/mnagy99/opt/anaconda3/envs/airflow-env/lib/python3.8/site-packages/airflow/example_dags/example_skip_dag.py
[2022-11-06T02:57:51.361+0200] {logging_mixin.py:120} INFO - [2022-11-06T02:57:51.360+0200] {dag.py:2585} INFO - Sync 1 DAGs
[2022-11-06T02:57:51.378+0200] {logging_mixin.py:120} INFO - [2022-11-06T02:57:51.377+0200] {dag.py:3336} INFO - Setting next_dagrun for example_skip_dag to 2022-11-05T00:57:51.377781+00:00, run_after=2022-11-06T00:57:51.377781+00:00
[2022-11-06T02:57:51.396+0200] {processor.py:176} INFO - Processing /Users/mnagy99/opt/anaconda3/envs/airflow-env/lib/python3.8/site-packages/airflow/example_dags/example_skip_dag.py took 0.550 seconds
[2022-11-06T03:00:10.539+0200] {processor.py:154} INFO - Started process (PID=5668) to work on /Users/mnagy99/opt/anaconda3/envs/airflow-env/lib/python3.8/site-packages/airflow/example_dags/example_skip_dag.py
[2022-11-06T03:00:10.541+0200] {processor.py:756} INFO - Processing file /Users/mnagy99/opt/anaconda3/envs/airflow-env/lib/python3.8/site-packages/airflow/example_dags/example_skip_dag.py for tasks to queue
[2022-11-06T03:00:10.542+0200] {logging_mixin.py:120} INFO - [2022-11-06T03:00:10.542+0200] {dagbag.py:537} INFO - Filling up the DagBag from /Users/mnagy99/opt/anaconda3/envs/airflow-env/lib/python3.8/site-packages/airflow/example_dags/example_skip_dag.py
[2022-11-06T03:00:10.568+0200] {processor.py:766} INFO - DAG(s) dict_keys(['example_skip_dag']) retrieved from /Users/mnagy99/opt/anaconda3/envs/airflow-env/lib/python3.8/site-packages/airflow/example_dags/example_skip_dag.py
[2022-11-06T03:00:11.020+0200] {logging_mixin.py:120} INFO - [2022-11-06T03:00:11.020+0200] {dag.py:2585} INFO - Sync 1 DAGs
[2022-11-06T03:00:11.034+0200] {logging_mixin.py:120} INFO - [2022-11-06T03:00:11.034+0200] {dag.py:3336} INFO - Setting next_dagrun for example_skip_dag to 2022-11-05T01:00:11.034650+00:00, run_after=2022-11-06T01:00:11.034650+00:00
[2022-11-06T03:00:11.052+0200] {processor.py:176} INFO - Processing /Users/mnagy99/opt/anaconda3/envs/airflow-env/lib/python3.8/site-packages/airflow/example_dags/example_skip_dag.py took 0.514 seconds
[2022-11-06T03:02:55.077+0200] {processor.py:154} INFO - Started process (PID=5813) to work on /Users/mnagy99/opt/anaconda3/envs/airflow-env/lib/python3.8/site-packages/airflow/example_dags/example_skip_dag.py
[2022-11-06T03:02:55.078+0200] {processor.py:756} INFO - Processing file /Users/mnagy99/opt/anaconda3/envs/airflow-env/lib/python3.8/site-packages/airflow/example_dags/example_skip_dag.py for tasks to queue
[2022-11-06T03:02:55.078+0200] {logging_mixin.py:120} INFO - [2022-11-06T03:02:55.078+0200] {dagbag.py:537} INFO - Filling up the DagBag from /Users/mnagy99/opt/anaconda3/envs/airflow-env/lib/python3.8/site-packages/airflow/example_dags/example_skip_dag.py
[2022-11-06T03:02:55.101+0200] {processor.py:766} INFO - DAG(s) dict_keys(['example_skip_dag']) retrieved from /Users/mnagy99/opt/anaconda3/envs/airflow-env/lib/python3.8/site-packages/airflow/example_dags/example_skip_dag.py
[2022-11-06T03:02:55.551+0200] {logging_mixin.py:120} INFO - [2022-11-06T03:02:55.551+0200] {dag.py:2585} INFO - Sync 1 DAGs
[2022-11-06T03:02:55.565+0200] {logging_mixin.py:120} INFO - [2022-11-06T03:02:55.565+0200] {dag.py:3336} INFO - Setting next_dagrun for example_skip_dag to 2022-11-05T01:02:55.565382+00:00, run_after=2022-11-06T01:02:55.565382+00:00
[2022-11-06T03:02:55.586+0200] {processor.py:176} INFO - Processing /Users/mnagy99/opt/anaconda3/envs/airflow-env/lib/python3.8/site-packages/airflow/example_dags/example_skip_dag.py took 0.510 seconds
[2022-11-06T03:05:13.268+0200] {processor.py:154} INFO - Started process (PID=5946) to work on /Users/mnagy99/opt/anaconda3/envs/airflow-env/lib/python3.8/site-packages/airflow/example_dags/example_skip_dag.py
[2022-11-06T03:05:13.270+0200] {processor.py:756} INFO - Processing file /Users/mnagy99/opt/anaconda3/envs/airflow-env/lib/python3.8/site-packages/airflow/example_dags/example_skip_dag.py for tasks to queue
[2022-11-06T03:05:13.270+0200] {logging_mixin.py:120} INFO - [2022-11-06T03:05:13.270+0200] {dagbag.py:537} INFO - Filling up the DagBag from /Users/mnagy99/opt/anaconda3/envs/airflow-env/lib/python3.8/site-packages/airflow/example_dags/example_skip_dag.py
[2022-11-06T03:05:13.297+0200] {processor.py:766} INFO - DAG(s) dict_keys(['example_skip_dag']) retrieved from /Users/mnagy99/opt/anaconda3/envs/airflow-env/lib/python3.8/site-packages/airflow/example_dags/example_skip_dag.py
[2022-11-06T03:05:13.759+0200] {logging_mixin.py:120} INFO - [2022-11-06T03:05:13.759+0200] {dag.py:2585} INFO - Sync 1 DAGs
[2022-11-06T03:05:13.774+0200] {logging_mixin.py:120} INFO - [2022-11-06T03:05:13.774+0200] {dag.py:3336} INFO - Setting next_dagrun for example_skip_dag to 2022-11-05T01:05:13.774038+00:00, run_after=2022-11-06T01:05:13.774038+00:00
[2022-11-06T03:05:13.794+0200] {processor.py:176} INFO - Processing /Users/mnagy99/opt/anaconda3/envs/airflow-env/lib/python3.8/site-packages/airflow/example_dags/example_skip_dag.py took 0.526 seconds
[2022-11-06T03:07:32.060+0200] {processor.py:154} INFO - Started process (PID=6080) to work on /Users/mnagy99/opt/anaconda3/envs/airflow-env/lib/python3.8/site-packages/airflow/example_dags/example_skip_dag.py
[2022-11-06T03:07:32.062+0200] {processor.py:756} INFO - Processing file /Users/mnagy99/opt/anaconda3/envs/airflow-env/lib/python3.8/site-packages/airflow/example_dags/example_skip_dag.py for tasks to queue
[2022-11-06T03:07:32.063+0200] {logging_mixin.py:120} INFO - [2022-11-06T03:07:32.063+0200] {dagbag.py:537} INFO - Filling up the DagBag from /Users/mnagy99/opt/anaconda3/envs/airflow-env/lib/python3.8/site-packages/airflow/example_dags/example_skip_dag.py
[2022-11-06T03:07:32.086+0200] {processor.py:766} INFO - DAG(s) dict_keys(['example_skip_dag']) retrieved from /Users/mnagy99/opt/anaconda3/envs/airflow-env/lib/python3.8/site-packages/airflow/example_dags/example_skip_dag.py
[2022-11-06T03:07:32.523+0200] {logging_mixin.py:120} INFO - [2022-11-06T03:07:32.523+0200] {dag.py:2585} INFO - Sync 1 DAGs
[2022-11-06T03:07:32.537+0200] {logging_mixin.py:120} INFO - [2022-11-06T03:07:32.537+0200] {dag.py:3336} INFO - Setting next_dagrun for example_skip_dag to 2022-11-05T01:07:32.536946+00:00, run_after=2022-11-06T01:07:32.536946+00:00
[2022-11-06T03:07:32.554+0200] {processor.py:176} INFO - Processing /Users/mnagy99/opt/anaconda3/envs/airflow-env/lib/python3.8/site-packages/airflow/example_dags/example_skip_dag.py took 0.495 seconds
[2022-11-06T03:09:39.782+0200] {processor.py:154} INFO - Started process (PID=6213) to work on /Users/mnagy99/opt/anaconda3/envs/airflow-env/lib/python3.8/site-packages/airflow/example_dags/example_skip_dag.py
[2022-11-06T03:09:39.783+0200] {processor.py:756} INFO - Processing file /Users/mnagy99/opt/anaconda3/envs/airflow-env/lib/python3.8/site-packages/airflow/example_dags/example_skip_dag.py for tasks to queue
[2022-11-06T03:09:39.784+0200] {logging_mixin.py:120} INFO - [2022-11-06T03:09:39.783+0200] {dagbag.py:537} INFO - Filling up the DagBag from /Users/mnagy99/opt/anaconda3/envs/airflow-env/lib/python3.8/site-packages/airflow/example_dags/example_skip_dag.py
[2022-11-06T03:09:39.809+0200] {processor.py:766} INFO - DAG(s) dict_keys(['example_skip_dag']) retrieved from /Users/mnagy99/opt/anaconda3/envs/airflow-env/lib/python3.8/site-packages/airflow/example_dags/example_skip_dag.py
[2022-11-06T03:09:40.385+0200] {logging_mixin.py:120} INFO - [2022-11-06T03:09:40.384+0200] {dag.py:2585} INFO - Sync 1 DAGs
[2022-11-06T03:09:40.400+0200] {logging_mixin.py:120} INFO - [2022-11-06T03:09:40.400+0200] {dag.py:3336} INFO - Setting next_dagrun for example_skip_dag to 2022-11-05T01:09:40.400377+00:00, run_after=2022-11-06T01:09:40.400377+00:00
[2022-11-06T03:09:40.420+0200] {processor.py:176} INFO - Processing /Users/mnagy99/opt/anaconda3/envs/airflow-env/lib/python3.8/site-packages/airflow/example_dags/example_skip_dag.py took 0.639 seconds
[2022-11-06T03:11:40.185+0200] {processor.py:154} INFO - Started process (PID=6343) to work on /Users/mnagy99/opt/anaconda3/envs/airflow-env/lib/python3.8/site-packages/airflow/example_dags/example_skip_dag.py
[2022-11-06T03:11:40.188+0200] {processor.py:756} INFO - Processing file /Users/mnagy99/opt/anaconda3/envs/airflow-env/lib/python3.8/site-packages/airflow/example_dags/example_skip_dag.py for tasks to queue
[2022-11-06T03:11:40.188+0200] {logging_mixin.py:120} INFO - [2022-11-06T03:11:40.188+0200] {dagbag.py:537} INFO - Filling up the DagBag from /Users/mnagy99/opt/anaconda3/envs/airflow-env/lib/python3.8/site-packages/airflow/example_dags/example_skip_dag.py
[2022-11-06T03:11:40.215+0200] {processor.py:766} INFO - DAG(s) dict_keys(['example_skip_dag']) retrieved from /Users/mnagy99/opt/anaconda3/envs/airflow-env/lib/python3.8/site-packages/airflow/example_dags/example_skip_dag.py
[2022-11-06T03:11:40.695+0200] {logging_mixin.py:120} INFO - [2022-11-06T03:11:40.695+0200] {dag.py:2585} INFO - Sync 1 DAGs
[2022-11-06T03:11:40.711+0200] {logging_mixin.py:120} INFO - [2022-11-06T03:11:40.711+0200] {dag.py:3336} INFO - Setting next_dagrun for example_skip_dag to 2022-11-05T01:11:40.711562+00:00, run_after=2022-11-06T01:11:40.711562+00:00
[2022-11-06T03:11:40.729+0200] {processor.py:176} INFO - Processing /Users/mnagy99/opt/anaconda3/envs/airflow-env/lib/python3.8/site-packages/airflow/example_dags/example_skip_dag.py took 0.545 seconds
[2022-11-06T03:13:50.784+0200] {processor.py:154} INFO - Started process (PID=6472) to work on /Users/mnagy99/opt/anaconda3/envs/airflow-env/lib/python3.8/site-packages/airflow/example_dags/example_skip_dag.py
[2022-11-06T03:13:50.787+0200] {processor.py:756} INFO - Processing file /Users/mnagy99/opt/anaconda3/envs/airflow-env/lib/python3.8/site-packages/airflow/example_dags/example_skip_dag.py for tasks to queue
[2022-11-06T03:13:50.788+0200] {logging_mixin.py:120} INFO - [2022-11-06T03:13:50.787+0200] {dagbag.py:537} INFO - Filling up the DagBag from /Users/mnagy99/opt/anaconda3/envs/airflow-env/lib/python3.8/site-packages/airflow/example_dags/example_skip_dag.py
[2022-11-06T03:13:50.814+0200] {processor.py:766} INFO - DAG(s) dict_keys(['example_skip_dag']) retrieved from /Users/mnagy99/opt/anaconda3/envs/airflow-env/lib/python3.8/site-packages/airflow/example_dags/example_skip_dag.py
[2022-11-06T03:13:51.294+0200] {logging_mixin.py:120} INFO - [2022-11-06T03:13:51.294+0200] {dag.py:2585} INFO - Sync 1 DAGs
[2022-11-06T03:13:51.309+0200] {logging_mixin.py:120} INFO - [2022-11-06T03:13:51.309+0200] {dag.py:3336} INFO - Setting next_dagrun for example_skip_dag to 2022-11-05T01:13:51.309350+00:00, run_after=2022-11-06T01:13:51.309350+00:00
[2022-11-06T03:13:51.326+0200] {processor.py:176} INFO - Processing /Users/mnagy99/opt/anaconda3/envs/airflow-env/lib/python3.8/site-packages/airflow/example_dags/example_skip_dag.py took 0.543 seconds
[2022-11-06T03:15:48.990+0200] {processor.py:154} INFO - Started process (PID=6599) to work on /Users/mnagy99/opt/anaconda3/envs/airflow-env/lib/python3.8/site-packages/airflow/example_dags/example_skip_dag.py
[2022-11-06T03:15:48.991+0200] {processor.py:756} INFO - Processing file /Users/mnagy99/opt/anaconda3/envs/airflow-env/lib/python3.8/site-packages/airflow/example_dags/example_skip_dag.py for tasks to queue
[2022-11-06T03:15:48.991+0200] {logging_mixin.py:120} INFO - [2022-11-06T03:15:48.991+0200] {dagbag.py:537} INFO - Filling up the DagBag from /Users/mnagy99/opt/anaconda3/envs/airflow-env/lib/python3.8/site-packages/airflow/example_dags/example_skip_dag.py
[2022-11-06T03:15:49.011+0200] {processor.py:766} INFO - DAG(s) dict_keys(['example_skip_dag']) retrieved from /Users/mnagy99/opt/anaconda3/envs/airflow-env/lib/python3.8/site-packages/airflow/example_dags/example_skip_dag.py
[2022-11-06T03:15:49.441+0200] {logging_mixin.py:120} INFO - [2022-11-06T03:15:49.441+0200] {dag.py:2585} INFO - Sync 1 DAGs
[2022-11-06T03:15:49.455+0200] {logging_mixin.py:120} INFO - [2022-11-06T03:15:49.455+0200] {dag.py:3336} INFO - Setting next_dagrun for example_skip_dag to 2022-11-05T01:15:49.454920+00:00, run_after=2022-11-06T01:15:49.454920+00:00
[2022-11-06T03:15:49.475+0200] {processor.py:176} INFO - Processing /Users/mnagy99/opt/anaconda3/envs/airflow-env/lib/python3.8/site-packages/airflow/example_dags/example_skip_dag.py took 0.486 seconds
[2022-11-06T03:17:46.747+0200] {processor.py:154} INFO - Started process (PID=6733) to work on /Users/mnagy99/opt/anaconda3/envs/airflow-env/lib/python3.8/site-packages/airflow/example_dags/example_skip_dag.py
[2022-11-06T03:17:46.750+0200] {processor.py:756} INFO - Processing file /Users/mnagy99/opt/anaconda3/envs/airflow-env/lib/python3.8/site-packages/airflow/example_dags/example_skip_dag.py for tasks to queue
[2022-11-06T03:17:46.750+0200] {logging_mixin.py:120} INFO - [2022-11-06T03:17:46.750+0200] {dagbag.py:537} INFO - Filling up the DagBag from /Users/mnagy99/opt/anaconda3/envs/airflow-env/lib/python3.8/site-packages/airflow/example_dags/example_skip_dag.py
[2022-11-06T03:17:46.773+0200] {processor.py:766} INFO - DAG(s) dict_keys(['example_skip_dag']) retrieved from /Users/mnagy99/opt/anaconda3/envs/airflow-env/lib/python3.8/site-packages/airflow/example_dags/example_skip_dag.py
[2022-11-06T03:17:47.242+0200] {logging_mixin.py:120} INFO - [2022-11-06T03:17:47.242+0200] {dag.py:2585} INFO - Sync 1 DAGs
[2022-11-06T03:17:47.257+0200] {logging_mixin.py:120} INFO - [2022-11-06T03:17:47.257+0200] {dag.py:3336} INFO - Setting next_dagrun for example_skip_dag to 2022-11-05T01:17:47.257700+00:00, run_after=2022-11-06T01:17:47.257700+00:00
[2022-11-06T03:17:47.277+0200] {processor.py:176} INFO - Processing /Users/mnagy99/opt/anaconda3/envs/airflow-env/lib/python3.8/site-packages/airflow/example_dags/example_skip_dag.py took 0.530 seconds
[2022-11-06T03:19:44.697+0200] {processor.py:154} INFO - Started process (PID=6856) to work on /Users/mnagy99/opt/anaconda3/envs/airflow-env/lib/python3.8/site-packages/airflow/example_dags/example_skip_dag.py
[2022-11-06T03:19:44.698+0200] {processor.py:756} INFO - Processing file /Users/mnagy99/opt/anaconda3/envs/airflow-env/lib/python3.8/site-packages/airflow/example_dags/example_skip_dag.py for tasks to queue
[2022-11-06T03:19:44.698+0200] {logging_mixin.py:120} INFO - [2022-11-06T03:19:44.698+0200] {dagbag.py:537} INFO - Filling up the DagBag from /Users/mnagy99/opt/anaconda3/envs/airflow-env/lib/python3.8/site-packages/airflow/example_dags/example_skip_dag.py
[2022-11-06T03:19:44.719+0200] {processor.py:766} INFO - DAG(s) dict_keys(['example_skip_dag']) retrieved from /Users/mnagy99/opt/anaconda3/envs/airflow-env/lib/python3.8/site-packages/airflow/example_dags/example_skip_dag.py
[2022-11-06T03:19:45.148+0200] {logging_mixin.py:120} INFO - [2022-11-06T03:19:45.148+0200] {dag.py:2585} INFO - Sync 1 DAGs
[2022-11-06T03:19:45.162+0200] {logging_mixin.py:120} INFO - [2022-11-06T03:19:45.161+0200] {dag.py:3336} INFO - Setting next_dagrun for example_skip_dag to 2022-11-05T01:19:45.161718+00:00, run_after=2022-11-06T01:19:45.161718+00:00
[2022-11-06T03:19:45.182+0200] {processor.py:176} INFO - Processing /Users/mnagy99/opt/anaconda3/envs/airflow-env/lib/python3.8/site-packages/airflow/example_dags/example_skip_dag.py took 0.486 seconds
[2022-11-06T03:21:45.386+0200] {processor.py:154} INFO - Started process (PID=6980) to work on /Users/mnagy99/opt/anaconda3/envs/airflow-env/lib/python3.8/site-packages/airflow/example_dags/example_skip_dag.py
[2022-11-06T03:21:45.386+0200] {processor.py:756} INFO - Processing file /Users/mnagy99/opt/anaconda3/envs/airflow-env/lib/python3.8/site-packages/airflow/example_dags/example_skip_dag.py for tasks to queue
[2022-11-06T03:21:45.387+0200] {logging_mixin.py:120} INFO - [2022-11-06T03:21:45.387+0200] {dagbag.py:537} INFO - Filling up the DagBag from /Users/mnagy99/opt/anaconda3/envs/airflow-env/lib/python3.8/site-packages/airflow/example_dags/example_skip_dag.py
[2022-11-06T03:21:45.408+0200] {processor.py:766} INFO - DAG(s) dict_keys(['example_skip_dag']) retrieved from /Users/mnagy99/opt/anaconda3/envs/airflow-env/lib/python3.8/site-packages/airflow/example_dags/example_skip_dag.py
[2022-11-06T03:21:45.980+0200] {logging_mixin.py:120} INFO - [2022-11-06T03:21:45.979+0200] {dag.py:2585} INFO - Sync 1 DAGs
[2022-11-06T03:21:45.993+0200] {logging_mixin.py:120} INFO - [2022-11-06T03:21:45.993+0200] {dag.py:3336} INFO - Setting next_dagrun for example_skip_dag to 2022-11-05T01:21:45.993294+00:00, run_after=2022-11-06T01:21:45.993294+00:00
[2022-11-06T03:21:46.013+0200] {processor.py:176} INFO - Processing /Users/mnagy99/opt/anaconda3/envs/airflow-env/lib/python3.8/site-packages/airflow/example_dags/example_skip_dag.py took 0.628 seconds
[2022-11-06T03:23:47.771+0200] {processor.py:154} INFO - Started process (PID=7110) to work on /Users/mnagy99/opt/anaconda3/envs/airflow-env/lib/python3.8/site-packages/airflow/example_dags/example_skip_dag.py
[2022-11-06T03:23:47.773+0200] {processor.py:756} INFO - Processing file /Users/mnagy99/opt/anaconda3/envs/airflow-env/lib/python3.8/site-packages/airflow/example_dags/example_skip_dag.py for tasks to queue
[2022-11-06T03:23:47.774+0200] {logging_mixin.py:120} INFO - [2022-11-06T03:23:47.774+0200] {dagbag.py:537} INFO - Filling up the DagBag from /Users/mnagy99/opt/anaconda3/envs/airflow-env/lib/python3.8/site-packages/airflow/example_dags/example_skip_dag.py
[2022-11-06T03:23:47.797+0200] {processor.py:766} INFO - DAG(s) dict_keys(['example_skip_dag']) retrieved from /Users/mnagy99/opt/anaconda3/envs/airflow-env/lib/python3.8/site-packages/airflow/example_dags/example_skip_dag.py
[2022-11-06T03:23:48.250+0200] {logging_mixin.py:120} INFO - [2022-11-06T03:23:48.250+0200] {dag.py:2585} INFO - Sync 1 DAGs
[2022-11-06T03:23:48.263+0200] {logging_mixin.py:120} INFO - [2022-11-06T03:23:48.263+0200] {dag.py:3336} INFO - Setting next_dagrun for example_skip_dag to 2022-11-05T01:23:48.263463+00:00, run_after=2022-11-06T01:23:48.263463+00:00
[2022-11-06T03:23:48.281+0200] {processor.py:176} INFO - Processing /Users/mnagy99/opt/anaconda3/envs/airflow-env/lib/python3.8/site-packages/airflow/example_dags/example_skip_dag.py took 0.511 seconds
[2022-11-06T03:25:42.283+0200] {processor.py:154} INFO - Started process (PID=7235) to work on /Users/mnagy99/opt/anaconda3/envs/airflow-env/lib/python3.8/site-packages/airflow/example_dags/example_skip_dag.py
[2022-11-06T03:25:42.283+0200] {processor.py:756} INFO - Processing file /Users/mnagy99/opt/anaconda3/envs/airflow-env/lib/python3.8/site-packages/airflow/example_dags/example_skip_dag.py for tasks to queue
[2022-11-06T03:25:42.284+0200] {logging_mixin.py:120} INFO - [2022-11-06T03:25:42.284+0200] {dagbag.py:537} INFO - Filling up the DagBag from /Users/mnagy99/opt/anaconda3/envs/airflow-env/lib/python3.8/site-packages/airflow/example_dags/example_skip_dag.py
[2022-11-06T03:25:42.306+0200] {processor.py:766} INFO - DAG(s) dict_keys(['example_skip_dag']) retrieved from /Users/mnagy99/opt/anaconda3/envs/airflow-env/lib/python3.8/site-packages/airflow/example_dags/example_skip_dag.py
[2022-11-06T03:25:42.756+0200] {logging_mixin.py:120} INFO - [2022-11-06T03:25:42.755+0200] {dag.py:2585} INFO - Sync 1 DAGs
[2022-11-06T03:25:42.776+0200] {logging_mixin.py:120} INFO - [2022-11-06T03:25:42.776+0200] {dag.py:3336} INFO - Setting next_dagrun for example_skip_dag to 2022-11-05T01:25:42.776198+00:00, run_after=2022-11-06T01:25:42.776198+00:00
[2022-11-06T03:25:42.793+0200] {processor.py:176} INFO - Processing /Users/mnagy99/opt/anaconda3/envs/airflow-env/lib/python3.8/site-packages/airflow/example_dags/example_skip_dag.py took 0.511 seconds
[2022-11-06T03:27:44.120+0200] {processor.py:154} INFO - Started process (PID=7379) to work on /Users/mnagy99/opt/anaconda3/envs/airflow-env/lib/python3.8/site-packages/airflow/example_dags/example_skip_dag.py
[2022-11-06T03:27:44.121+0200] {processor.py:756} INFO - Processing file /Users/mnagy99/opt/anaconda3/envs/airflow-env/lib/python3.8/site-packages/airflow/example_dags/example_skip_dag.py for tasks to queue
[2022-11-06T03:27:44.122+0200] {logging_mixin.py:120} INFO - [2022-11-06T03:27:44.122+0200] {dagbag.py:537} INFO - Filling up the DagBag from /Users/mnagy99/opt/anaconda3/envs/airflow-env/lib/python3.8/site-packages/airflow/example_dags/example_skip_dag.py
[2022-11-06T03:27:44.148+0200] {processor.py:766} INFO - DAG(s) dict_keys(['example_skip_dag']) retrieved from /Users/mnagy99/opt/anaconda3/envs/airflow-env/lib/python3.8/site-packages/airflow/example_dags/example_skip_dag.py
[2022-11-06T03:27:44.659+0200] {logging_mixin.py:120} INFO - [2022-11-06T03:27:44.658+0200] {dag.py:2585} INFO - Sync 1 DAGs
[2022-11-06T03:27:44.675+0200] {logging_mixin.py:120} INFO - [2022-11-06T03:27:44.675+0200] {dag.py:3336} INFO - Setting next_dagrun for example_skip_dag to 2022-11-05T01:27:44.675562+00:00, run_after=2022-11-06T01:27:44.675562+00:00
[2022-11-06T03:27:44.691+0200] {processor.py:176} INFO - Processing /Users/mnagy99/opt/anaconda3/envs/airflow-env/lib/python3.8/site-packages/airflow/example_dags/example_skip_dag.py took 0.572 seconds
[2022-11-06T03:29:47.006+0200] {processor.py:154} INFO - Started process (PID=7505) to work on /Users/mnagy99/opt/anaconda3/envs/airflow-env/lib/python3.8/site-packages/airflow/example_dags/example_skip_dag.py
[2022-11-06T03:29:47.008+0200] {processor.py:756} INFO - Processing file /Users/mnagy99/opt/anaconda3/envs/airflow-env/lib/python3.8/site-packages/airflow/example_dags/example_skip_dag.py for tasks to queue
[2022-11-06T03:29:47.009+0200] {logging_mixin.py:120} INFO - [2022-11-06T03:29:47.009+0200] {dagbag.py:537} INFO - Filling up the DagBag from /Users/mnagy99/opt/anaconda3/envs/airflow-env/lib/python3.8/site-packages/airflow/example_dags/example_skip_dag.py
[2022-11-06T03:29:47.031+0200] {processor.py:766} INFO - DAG(s) dict_keys(['example_skip_dag']) retrieved from /Users/mnagy99/opt/anaconda3/envs/airflow-env/lib/python3.8/site-packages/airflow/example_dags/example_skip_dag.py
[2022-11-06T03:29:47.470+0200] {logging_mixin.py:120} INFO - [2022-11-06T03:29:47.469+0200] {dag.py:2585} INFO - Sync 1 DAGs
[2022-11-06T03:29:47.484+0200] {logging_mixin.py:120} INFO - [2022-11-06T03:29:47.483+0200] {dag.py:3336} INFO - Setting next_dagrun for example_skip_dag to 2022-11-05T01:29:47.483768+00:00, run_after=2022-11-06T01:29:47.483768+00:00
[2022-11-06T03:29:47.501+0200] {processor.py:176} INFO - Processing /Users/mnagy99/opt/anaconda3/envs/airflow-env/lib/python3.8/site-packages/airflow/example_dags/example_skip_dag.py took 0.497 seconds
[2022-11-06T03:31:47.635+0200] {processor.py:154} INFO - Started process (PID=7633) to work on /Users/mnagy99/opt/anaconda3/envs/airflow-env/lib/python3.8/site-packages/airflow/example_dags/example_skip_dag.py
[2022-11-06T03:31:47.636+0200] {processor.py:756} INFO - Processing file /Users/mnagy99/opt/anaconda3/envs/airflow-env/lib/python3.8/site-packages/airflow/example_dags/example_skip_dag.py for tasks to queue
[2022-11-06T03:31:47.637+0200] {logging_mixin.py:120} INFO - [2022-11-06T03:31:47.637+0200] {dagbag.py:537} INFO - Filling up the DagBag from /Users/mnagy99/opt/anaconda3/envs/airflow-env/lib/python3.8/site-packages/airflow/example_dags/example_skip_dag.py
[2022-11-06T03:31:47.657+0200] {processor.py:766} INFO - DAG(s) dict_keys(['example_skip_dag']) retrieved from /Users/mnagy99/opt/anaconda3/envs/airflow-env/lib/python3.8/site-packages/airflow/example_dags/example_skip_dag.py
[2022-11-06T03:31:48.082+0200] {logging_mixin.py:120} INFO - [2022-11-06T03:31:48.082+0200] {dag.py:2585} INFO - Sync 1 DAGs
[2022-11-06T03:31:48.096+0200] {logging_mixin.py:120} INFO - [2022-11-06T03:31:48.095+0200] {dag.py:3336} INFO - Setting next_dagrun for example_skip_dag to 2022-11-05T01:31:48.095871+00:00, run_after=2022-11-06T01:31:48.095871+00:00
[2022-11-06T03:31:48.113+0200] {processor.py:176} INFO - Processing /Users/mnagy99/opt/anaconda3/envs/airflow-env/lib/python3.8/site-packages/airflow/example_dags/example_skip_dag.py took 0.479 seconds
[2022-11-06T03:33:59.041+0200] {processor.py:154} INFO - Started process (PID=7770) to work on /Users/mnagy99/opt/anaconda3/envs/airflow-env/lib/python3.8/site-packages/airflow/example_dags/example_skip_dag.py
[2022-11-06T03:33:59.042+0200] {processor.py:756} INFO - Processing file /Users/mnagy99/opt/anaconda3/envs/airflow-env/lib/python3.8/site-packages/airflow/example_dags/example_skip_dag.py for tasks to queue
[2022-11-06T03:33:59.042+0200] {logging_mixin.py:120} INFO - [2022-11-06T03:33:59.042+0200] {dagbag.py:537} INFO - Filling up the DagBag from /Users/mnagy99/opt/anaconda3/envs/airflow-env/lib/python3.8/site-packages/airflow/example_dags/example_skip_dag.py
[2022-11-06T03:33:59.062+0200] {processor.py:766} INFO - DAG(s) dict_keys(['example_skip_dag']) retrieved from /Users/mnagy99/opt/anaconda3/envs/airflow-env/lib/python3.8/site-packages/airflow/example_dags/example_skip_dag.py
[2022-11-06T03:33:59.494+0200] {logging_mixin.py:120} INFO - [2022-11-06T03:33:59.493+0200] {dag.py:2585} INFO - Sync 1 DAGs
[2022-11-06T03:33:59.507+0200] {logging_mixin.py:120} INFO - [2022-11-06T03:33:59.507+0200] {dag.py:3336} INFO - Setting next_dagrun for example_skip_dag to 2022-11-05T01:33:59.507182+00:00, run_after=2022-11-06T01:33:59.507182+00:00
[2022-11-06T03:33:59.527+0200] {processor.py:176} INFO - Processing /Users/mnagy99/opt/anaconda3/envs/airflow-env/lib/python3.8/site-packages/airflow/example_dags/example_skip_dag.py took 0.486 seconds
[2022-11-06T03:36:05.508+0200] {processor.py:154} INFO - Started process (PID=7943) to work on /Users/mnagy99/opt/anaconda3/envs/airflow-env/lib/python3.8/site-packages/airflow/example_dags/example_skip_dag.py
[2022-11-06T03:36:05.511+0200] {processor.py:756} INFO - Processing file /Users/mnagy99/opt/anaconda3/envs/airflow-env/lib/python3.8/site-packages/airflow/example_dags/example_skip_dag.py for tasks to queue
[2022-11-06T03:36:05.511+0200] {logging_mixin.py:120} INFO - [2022-11-06T03:36:05.511+0200] {dagbag.py:537} INFO - Filling up the DagBag from /Users/mnagy99/opt/anaconda3/envs/airflow-env/lib/python3.8/site-packages/airflow/example_dags/example_skip_dag.py
[2022-11-06T03:36:05.537+0200] {processor.py:766} INFO - DAG(s) dict_keys(['example_skip_dag']) retrieved from /Users/mnagy99/opt/anaconda3/envs/airflow-env/lib/python3.8/site-packages/airflow/example_dags/example_skip_dag.py
[2022-11-06T03:36:05.967+0200] {logging_mixin.py:120} INFO - [2022-11-06T03:36:05.967+0200] {dag.py:2585} INFO - Sync 1 DAGs
[2022-11-06T03:36:05.981+0200] {logging_mixin.py:120} INFO - [2022-11-06T03:36:05.981+0200] {dag.py:3336} INFO - Setting next_dagrun for example_skip_dag to 2022-11-05T01:36:05.981000+00:00, run_after=2022-11-06T01:36:05.981000+00:00
[2022-11-06T03:36:05.999+0200] {processor.py:176} INFO - Processing /Users/mnagy99/opt/anaconda3/envs/airflow-env/lib/python3.8/site-packages/airflow/example_dags/example_skip_dag.py took 0.492 seconds
[2022-11-06T03:38:07.529+0200] {processor.py:154} INFO - Started process (PID=8066) to work on /Users/mnagy99/opt/anaconda3/envs/airflow-env/lib/python3.8/site-packages/airflow/example_dags/example_skip_dag.py
[2022-11-06T03:38:07.531+0200] {processor.py:756} INFO - Processing file /Users/mnagy99/opt/anaconda3/envs/airflow-env/lib/python3.8/site-packages/airflow/example_dags/example_skip_dag.py for tasks to queue
[2022-11-06T03:38:07.532+0200] {logging_mixin.py:120} INFO - [2022-11-06T03:38:07.532+0200] {dagbag.py:537} INFO - Filling up the DagBag from /Users/mnagy99/opt/anaconda3/envs/airflow-env/lib/python3.8/site-packages/airflow/example_dags/example_skip_dag.py
[2022-11-06T03:38:07.557+0200] {processor.py:766} INFO - DAG(s) dict_keys(['example_skip_dag']) retrieved from /Users/mnagy99/opt/anaconda3/envs/airflow-env/lib/python3.8/site-packages/airflow/example_dags/example_skip_dag.py
[2022-11-06T03:38:07.990+0200] {logging_mixin.py:120} INFO - [2022-11-06T03:38:07.990+0200] {dag.py:2585} INFO - Sync 1 DAGs
[2022-11-06T03:38:08.004+0200] {logging_mixin.py:120} INFO - [2022-11-06T03:38:08.004+0200] {dag.py:3336} INFO - Setting next_dagrun for example_skip_dag to 2022-11-05T01:38:08.003979+00:00, run_after=2022-11-06T01:38:08.003979+00:00
[2022-11-06T03:38:08.024+0200] {processor.py:176} INFO - Processing /Users/mnagy99/opt/anaconda3/envs/airflow-env/lib/python3.8/site-packages/airflow/example_dags/example_skip_dag.py took 0.496 seconds
[2022-11-06T03:40:05.743+0200] {processor.py:154} INFO - Started process (PID=8187) to work on /Users/mnagy99/opt/anaconda3/envs/airflow-env/lib/python3.8/site-packages/airflow/example_dags/example_skip_dag.py
[2022-11-06T03:40:05.744+0200] {processor.py:756} INFO - Processing file /Users/mnagy99/opt/anaconda3/envs/airflow-env/lib/python3.8/site-packages/airflow/example_dags/example_skip_dag.py for tasks to queue
[2022-11-06T03:40:05.744+0200] {logging_mixin.py:120} INFO - [2022-11-06T03:40:05.744+0200] {dagbag.py:537} INFO - Filling up the DagBag from /Users/mnagy99/opt/anaconda3/envs/airflow-env/lib/python3.8/site-packages/airflow/example_dags/example_skip_dag.py
[2022-11-06T03:40:05.772+0200] {processor.py:766} INFO - DAG(s) dict_keys(['example_skip_dag']) retrieved from /Users/mnagy99/opt/anaconda3/envs/airflow-env/lib/python3.8/site-packages/airflow/example_dags/example_skip_dag.py
[2022-11-06T03:40:06.355+0200] {logging_mixin.py:120} INFO - [2022-11-06T03:40:06.355+0200] {dag.py:2585} INFO - Sync 1 DAGs
[2022-11-06T03:40:06.372+0200] {logging_mixin.py:120} INFO - [2022-11-06T03:40:06.372+0200] {dag.py:3336} INFO - Setting next_dagrun for example_skip_dag to 2022-11-05T01:40:06.372125+00:00, run_after=2022-11-06T01:40:06.372125+00:00
[2022-11-06T03:40:06.391+0200] {processor.py:176} INFO - Processing /Users/mnagy99/opt/anaconda3/envs/airflow-env/lib/python3.8/site-packages/airflow/example_dags/example_skip_dag.py took 0.649 seconds
[2022-11-06T03:42:06.102+0200] {processor.py:154} INFO - Started process (PID=8309) to work on /Users/mnagy99/opt/anaconda3/envs/airflow-env/lib/python3.8/site-packages/airflow/example_dags/example_skip_dag.py
[2022-11-06T03:42:06.104+0200] {processor.py:756} INFO - Processing file /Users/mnagy99/opt/anaconda3/envs/airflow-env/lib/python3.8/site-packages/airflow/example_dags/example_skip_dag.py for tasks to queue
[2022-11-06T03:42:06.106+0200] {logging_mixin.py:120} INFO - [2022-11-06T03:42:06.106+0200] {dagbag.py:537} INFO - Filling up the DagBag from /Users/mnagy99/opt/anaconda3/envs/airflow-env/lib/python3.8/site-packages/airflow/example_dags/example_skip_dag.py
[2022-11-06T03:42:06.130+0200] {processor.py:766} INFO - DAG(s) dict_keys(['example_skip_dag']) retrieved from /Users/mnagy99/opt/anaconda3/envs/airflow-env/lib/python3.8/site-packages/airflow/example_dags/example_skip_dag.py
[2022-11-06T03:42:06.576+0200] {logging_mixin.py:120} INFO - [2022-11-06T03:42:06.576+0200] {dag.py:2585} INFO - Sync 1 DAGs
[2022-11-06T03:42:06.590+0200] {logging_mixin.py:120} INFO - [2022-11-06T03:42:06.590+0200] {dag.py:3336} INFO - Setting next_dagrun for example_skip_dag to 2022-11-05T01:42:06.590046+00:00, run_after=2022-11-06T01:42:06.590046+00:00
[2022-11-06T03:42:06.606+0200] {processor.py:176} INFO - Processing /Users/mnagy99/opt/anaconda3/envs/airflow-env/lib/python3.8/site-packages/airflow/example_dags/example_skip_dag.py took 0.505 seconds
[2022-11-06T03:44:04.454+0200] {processor.py:154} INFO - Started process (PID=8435) to work on /Users/mnagy99/opt/anaconda3/envs/airflow-env/lib/python3.8/site-packages/airflow/example_dags/example_skip_dag.py
[2022-11-06T03:44:04.456+0200] {processor.py:756} INFO - Processing file /Users/mnagy99/opt/anaconda3/envs/airflow-env/lib/python3.8/site-packages/airflow/example_dags/example_skip_dag.py for tasks to queue
[2022-11-06T03:44:04.456+0200] {logging_mixin.py:120} INFO - [2022-11-06T03:44:04.456+0200] {dagbag.py:537} INFO - Filling up the DagBag from /Users/mnagy99/opt/anaconda3/envs/airflow-env/lib/python3.8/site-packages/airflow/example_dags/example_skip_dag.py
[2022-11-06T03:44:04.481+0200] {processor.py:766} INFO - DAG(s) dict_keys(['example_skip_dag']) retrieved from /Users/mnagy99/opt/anaconda3/envs/airflow-env/lib/python3.8/site-packages/airflow/example_dags/example_skip_dag.py
[2022-11-06T03:44:05.024+0200] {logging_mixin.py:120} INFO - [2022-11-06T03:44:05.024+0200] {dag.py:2585} INFO - Sync 1 DAGs
[2022-11-06T03:44:05.056+0200] {logging_mixin.py:120} INFO - [2022-11-06T03:44:05.056+0200] {dag.py:3336} INFO - Setting next_dagrun for example_skip_dag to 2022-11-05T01:44:05.056544+00:00, run_after=2022-11-06T01:44:05.056544+00:00
[2022-11-06T03:44:05.092+0200] {processor.py:176} INFO - Processing /Users/mnagy99/opt/anaconda3/envs/airflow-env/lib/python3.8/site-packages/airflow/example_dags/example_skip_dag.py took 0.638 seconds
[2022-11-06T03:46:07.683+0200] {processor.py:154} INFO - Started process (PID=8576) to work on /Users/mnagy99/opt/anaconda3/envs/airflow-env/lib/python3.8/site-packages/airflow/example_dags/example_skip_dag.py
[2022-11-06T03:46:07.686+0200] {processor.py:756} INFO - Processing file /Users/mnagy99/opt/anaconda3/envs/airflow-env/lib/python3.8/site-packages/airflow/example_dags/example_skip_dag.py for tasks to queue
[2022-11-06T03:46:07.686+0200] {logging_mixin.py:120} INFO - [2022-11-06T03:46:07.686+0200] {dagbag.py:537} INFO - Filling up the DagBag from /Users/mnagy99/opt/anaconda3/envs/airflow-env/lib/python3.8/site-packages/airflow/example_dags/example_skip_dag.py
[2022-11-06T03:46:07.709+0200] {processor.py:766} INFO - DAG(s) dict_keys(['example_skip_dag']) retrieved from /Users/mnagy99/opt/anaconda3/envs/airflow-env/lib/python3.8/site-packages/airflow/example_dags/example_skip_dag.py
[2022-11-06T03:46:08.138+0200] {logging_mixin.py:120} INFO - [2022-11-06T03:46:08.138+0200] {dag.py:2585} INFO - Sync 1 DAGs
[2022-11-06T03:46:08.152+0200] {logging_mixin.py:120} INFO - [2022-11-06T03:46:08.152+0200] {dag.py:3336} INFO - Setting next_dagrun for example_skip_dag to 2022-11-05T01:46:08.151940+00:00, run_after=2022-11-06T01:46:08.151940+00:00
[2022-11-06T03:46:08.173+0200] {processor.py:176} INFO - Processing /Users/mnagy99/opt/anaconda3/envs/airflow-env/lib/python3.8/site-packages/airflow/example_dags/example_skip_dag.py took 0.491 seconds
[2022-11-06T03:48:11.216+0200] {processor.py:154} INFO - Started process (PID=8697) to work on /Users/mnagy99/opt/anaconda3/envs/airflow-env/lib/python3.8/site-packages/airflow/example_dags/example_skip_dag.py
[2022-11-06T03:48:11.218+0200] {processor.py:756} INFO - Processing file /Users/mnagy99/opt/anaconda3/envs/airflow-env/lib/python3.8/site-packages/airflow/example_dags/example_skip_dag.py for tasks to queue
[2022-11-06T03:48:11.219+0200] {logging_mixin.py:120} INFO - [2022-11-06T03:48:11.219+0200] {dagbag.py:537} INFO - Filling up the DagBag from /Users/mnagy99/opt/anaconda3/envs/airflow-env/lib/python3.8/site-packages/airflow/example_dags/example_skip_dag.py
[2022-11-06T03:48:11.244+0200] {processor.py:766} INFO - DAG(s) dict_keys(['example_skip_dag']) retrieved from /Users/mnagy99/opt/anaconda3/envs/airflow-env/lib/python3.8/site-packages/airflow/example_dags/example_skip_dag.py
[2022-11-06T03:48:11.730+0200] {logging_mixin.py:120} INFO - [2022-11-06T03:48:11.730+0200] {dag.py:2585} INFO - Sync 1 DAGs
[2022-11-06T03:48:11.744+0200] {logging_mixin.py:120} INFO - [2022-11-06T03:48:11.744+0200] {dag.py:3336} INFO - Setting next_dagrun for example_skip_dag to 2022-11-05T01:48:11.744186+00:00, run_after=2022-11-06T01:48:11.744186+00:00
[2022-11-06T03:48:11.761+0200] {processor.py:176} INFO - Processing /Users/mnagy99/opt/anaconda3/envs/airflow-env/lib/python3.8/site-packages/airflow/example_dags/example_skip_dag.py took 0.547 seconds
[2022-11-06T03:50:17.267+0200] {processor.py:154} INFO - Started process (PID=8820) to work on /Users/mnagy99/opt/anaconda3/envs/airflow-env/lib/python3.8/site-packages/airflow/example_dags/example_skip_dag.py
[2022-11-06T03:50:17.270+0200] {processor.py:756} INFO - Processing file /Users/mnagy99/opt/anaconda3/envs/airflow-env/lib/python3.8/site-packages/airflow/example_dags/example_skip_dag.py for tasks to queue
[2022-11-06T03:50:17.271+0200] {logging_mixin.py:120} INFO - [2022-11-06T03:50:17.270+0200] {dagbag.py:537} INFO - Filling up the DagBag from /Users/mnagy99/opt/anaconda3/envs/airflow-env/lib/python3.8/site-packages/airflow/example_dags/example_skip_dag.py
[2022-11-06T03:50:17.294+0200] {processor.py:766} INFO - DAG(s) dict_keys(['example_skip_dag']) retrieved from /Users/mnagy99/opt/anaconda3/envs/airflow-env/lib/python3.8/site-packages/airflow/example_dags/example_skip_dag.py
[2022-11-06T03:50:17.731+0200] {logging_mixin.py:120} INFO - [2022-11-06T03:50:17.731+0200] {dag.py:2585} INFO - Sync 1 DAGs
[2022-11-06T03:50:17.744+0200] {logging_mixin.py:120} INFO - [2022-11-06T03:50:17.744+0200] {dag.py:3336} INFO - Setting next_dagrun for example_skip_dag to 2022-11-05T01:50:17.744655+00:00, run_after=2022-11-06T01:50:17.744655+00:00
[2022-11-06T03:50:17.762+0200] {processor.py:176} INFO - Processing /Users/mnagy99/opt/anaconda3/envs/airflow-env/lib/python3.8/site-packages/airflow/example_dags/example_skip_dag.py took 0.495 seconds
[2022-11-06T03:52:22.502+0200] {processor.py:154} INFO - Started process (PID=8951) to work on /Users/mnagy99/opt/anaconda3/envs/airflow-env/lib/python3.8/site-packages/airflow/example_dags/example_skip_dag.py
[2022-11-06T03:52:22.507+0200] {processor.py:756} INFO - Processing file /Users/mnagy99/opt/anaconda3/envs/airflow-env/lib/python3.8/site-packages/airflow/example_dags/example_skip_dag.py for tasks to queue
[2022-11-06T03:52:22.508+0200] {logging_mixin.py:120} INFO - [2022-11-06T03:52:22.508+0200] {dagbag.py:537} INFO - Filling up the DagBag from /Users/mnagy99/opt/anaconda3/envs/airflow-env/lib/python3.8/site-packages/airflow/example_dags/example_skip_dag.py
[2022-11-06T03:52:22.547+0200] {processor.py:766} INFO - DAG(s) dict_keys(['example_skip_dag']) retrieved from /Users/mnagy99/opt/anaconda3/envs/airflow-env/lib/python3.8/site-packages/airflow/example_dags/example_skip_dag.py
[2022-11-06T03:52:23.115+0200] {logging_mixin.py:120} INFO - [2022-11-06T03:52:23.114+0200] {dag.py:2585} INFO - Sync 1 DAGs
[2022-11-06T03:52:23.129+0200] {logging_mixin.py:120} INFO - [2022-11-06T03:52:23.129+0200] {dag.py:3336} INFO - Setting next_dagrun for example_skip_dag to 2022-11-05T01:52:23.129329+00:00, run_after=2022-11-06T01:52:23.129329+00:00
[2022-11-06T03:52:23.148+0200] {processor.py:176} INFO - Processing /Users/mnagy99/opt/anaconda3/envs/airflow-env/lib/python3.8/site-packages/airflow/example_dags/example_skip_dag.py took 0.648 seconds
[2022-11-06T03:54:35.795+0200] {processor.py:154} INFO - Started process (PID=9083) to work on /Users/mnagy99/opt/anaconda3/envs/airflow-env/lib/python3.8/site-packages/airflow/example_dags/example_skip_dag.py
[2022-11-06T03:54:35.797+0200] {processor.py:756} INFO - Processing file /Users/mnagy99/opt/anaconda3/envs/airflow-env/lib/python3.8/site-packages/airflow/example_dags/example_skip_dag.py for tasks to queue
[2022-11-06T03:54:35.798+0200] {logging_mixin.py:120} INFO - [2022-11-06T03:54:35.798+0200] {dagbag.py:537} INFO - Filling up the DagBag from /Users/mnagy99/opt/anaconda3/envs/airflow-env/lib/python3.8/site-packages/airflow/example_dags/example_skip_dag.py
[2022-11-06T03:54:35.821+0200] {processor.py:766} INFO - DAG(s) dict_keys(['example_skip_dag']) retrieved from /Users/mnagy99/opt/anaconda3/envs/airflow-env/lib/python3.8/site-packages/airflow/example_dags/example_skip_dag.py
[2022-11-06T03:54:36.251+0200] {logging_mixin.py:120} INFO - [2022-11-06T03:54:36.251+0200] {dag.py:2585} INFO - Sync 1 DAGs
[2022-11-06T03:54:36.265+0200] {logging_mixin.py:120} INFO - [2022-11-06T03:54:36.265+0200] {dag.py:3336} INFO - Setting next_dagrun for example_skip_dag to 2022-11-05T01:54:36.265230+00:00, run_after=2022-11-06T01:54:36.265230+00:00
[2022-11-06T03:54:36.283+0200] {processor.py:176} INFO - Processing /Users/mnagy99/opt/anaconda3/envs/airflow-env/lib/python3.8/site-packages/airflow/example_dags/example_skip_dag.py took 0.489 seconds
[2022-11-06T03:56:58.445+0200] {processor.py:154} INFO - Started process (PID=9228) to work on /Users/mnagy99/opt/anaconda3/envs/airflow-env/lib/python3.8/site-packages/airflow/example_dags/example_skip_dag.py
[2022-11-06T03:56:58.448+0200] {processor.py:756} INFO - Processing file /Users/mnagy99/opt/anaconda3/envs/airflow-env/lib/python3.8/site-packages/airflow/example_dags/example_skip_dag.py for tasks to queue
[2022-11-06T03:56:58.448+0200] {logging_mixin.py:120} INFO - [2022-11-06T03:56:58.448+0200] {dagbag.py:537} INFO - Filling up the DagBag from /Users/mnagy99/opt/anaconda3/envs/airflow-env/lib/python3.8/site-packages/airflow/example_dags/example_skip_dag.py
[2022-11-06T03:56:58.470+0200] {processor.py:766} INFO - DAG(s) dict_keys(['example_skip_dag']) retrieved from /Users/mnagy99/opt/anaconda3/envs/airflow-env/lib/python3.8/site-packages/airflow/example_dags/example_skip_dag.py
[2022-11-06T03:56:58.901+0200] {logging_mixin.py:120} INFO - [2022-11-06T03:56:58.901+0200] {dag.py:2585} INFO - Sync 1 DAGs
[2022-11-06T03:56:58.915+0200] {logging_mixin.py:120} INFO - [2022-11-06T03:56:58.915+0200] {dag.py:3336} INFO - Setting next_dagrun for example_skip_dag to 2022-11-05T01:56:58.915028+00:00, run_after=2022-11-06T01:56:58.915028+00:00
[2022-11-06T03:56:58.932+0200] {processor.py:176} INFO - Processing /Users/mnagy99/opt/anaconda3/envs/airflow-env/lib/python3.8/site-packages/airflow/example_dags/example_skip_dag.py took 0.488 seconds
[2022-11-06T03:59:09.767+0200] {processor.py:154} INFO - Started process (PID=9353) to work on /Users/mnagy99/opt/anaconda3/envs/airflow-env/lib/python3.8/site-packages/airflow/example_dags/example_skip_dag.py
[2022-11-06T03:59:09.768+0200] {processor.py:756} INFO - Processing file /Users/mnagy99/opt/anaconda3/envs/airflow-env/lib/python3.8/site-packages/airflow/example_dags/example_skip_dag.py for tasks to queue
[2022-11-06T03:59:09.769+0200] {logging_mixin.py:120} INFO - [2022-11-06T03:59:09.769+0200] {dagbag.py:537} INFO - Filling up the DagBag from /Users/mnagy99/opt/anaconda3/envs/airflow-env/lib/python3.8/site-packages/airflow/example_dags/example_skip_dag.py
[2022-11-06T03:59:09.791+0200] {processor.py:766} INFO - DAG(s) dict_keys(['example_skip_dag']) retrieved from /Users/mnagy99/opt/anaconda3/envs/airflow-env/lib/python3.8/site-packages/airflow/example_dags/example_skip_dag.py
[2022-11-06T03:59:10.284+0200] {logging_mixin.py:120} INFO - [2022-11-06T03:59:10.284+0200] {dag.py:2585} INFO - Sync 1 DAGs
[2022-11-06T03:59:10.300+0200] {logging_mixin.py:120} INFO - [2022-11-06T03:59:10.299+0200] {dag.py:3336} INFO - Setting next_dagrun for example_skip_dag to 2022-11-05T01:59:10.299854+00:00, run_after=2022-11-06T01:59:10.299854+00:00
[2022-11-06T03:59:10.324+0200] {processor.py:176} INFO - Processing /Users/mnagy99/opt/anaconda3/envs/airflow-env/lib/python3.8/site-packages/airflow/example_dags/example_skip_dag.py took 0.558 seconds
[2022-11-06T04:01:38.798+0200] {processor.py:154} INFO - Started process (PID=9514) to work on /Users/mnagy99/opt/anaconda3/envs/airflow-env/lib/python3.8/site-packages/airflow/example_dags/example_skip_dag.py
[2022-11-06T04:01:38.801+0200] {processor.py:756} INFO - Processing file /Users/mnagy99/opt/anaconda3/envs/airflow-env/lib/python3.8/site-packages/airflow/example_dags/example_skip_dag.py for tasks to queue
[2022-11-06T04:01:38.802+0200] {logging_mixin.py:120} INFO - [2022-11-06T04:01:38.802+0200] {dagbag.py:537} INFO - Filling up the DagBag from /Users/mnagy99/opt/anaconda3/envs/airflow-env/lib/python3.8/site-packages/airflow/example_dags/example_skip_dag.py
[2022-11-06T04:01:38.828+0200] {processor.py:766} INFO - DAG(s) dict_keys(['example_skip_dag']) retrieved from /Users/mnagy99/opt/anaconda3/envs/airflow-env/lib/python3.8/site-packages/airflow/example_dags/example_skip_dag.py
[2022-11-06T04:01:39.262+0200] {logging_mixin.py:120} INFO - [2022-11-06T04:01:39.262+0200] {dag.py:2585} INFO - Sync 1 DAGs
[2022-11-06T04:01:39.276+0200] {logging_mixin.py:120} INFO - [2022-11-06T04:01:39.275+0200] {dag.py:3336} INFO - Setting next_dagrun for example_skip_dag to 2022-11-05T02:01:39.275704+00:00, run_after=2022-11-06T02:01:39.275704+00:00
[2022-11-06T04:01:39.293+0200] {processor.py:176} INFO - Processing /Users/mnagy99/opt/anaconda3/envs/airflow-env/lib/python3.8/site-packages/airflow/example_dags/example_skip_dag.py took 0.496 seconds
[2022-11-06T04:03:56.508+0200] {processor.py:154} INFO - Started process (PID=9652) to work on /Users/mnagy99/opt/anaconda3/envs/airflow-env/lib/python3.8/site-packages/airflow/example_dags/example_skip_dag.py
[2022-11-06T04:03:56.510+0200] {processor.py:756} INFO - Processing file /Users/mnagy99/opt/anaconda3/envs/airflow-env/lib/python3.8/site-packages/airflow/example_dags/example_skip_dag.py for tasks to queue
[2022-11-06T04:03:56.511+0200] {logging_mixin.py:120} INFO - [2022-11-06T04:03:56.511+0200] {dagbag.py:537} INFO - Filling up the DagBag from /Users/mnagy99/opt/anaconda3/envs/airflow-env/lib/python3.8/site-packages/airflow/example_dags/example_skip_dag.py
[2022-11-06T04:03:56.534+0200] {processor.py:766} INFO - DAG(s) dict_keys(['example_skip_dag']) retrieved from /Users/mnagy99/opt/anaconda3/envs/airflow-env/lib/python3.8/site-packages/airflow/example_dags/example_skip_dag.py
[2022-11-06T04:03:56.962+0200] {logging_mixin.py:120} INFO - [2022-11-06T04:03:56.962+0200] {dag.py:2585} INFO - Sync 1 DAGs
[2022-11-06T04:03:56.976+0200] {logging_mixin.py:120} INFO - [2022-11-06T04:03:56.976+0200] {dag.py:3336} INFO - Setting next_dagrun for example_skip_dag to 2022-11-05T02:03:56.975954+00:00, run_after=2022-11-06T02:03:56.975954+00:00
[2022-11-06T04:03:56.994+0200] {processor.py:176} INFO - Processing /Users/mnagy99/opt/anaconda3/envs/airflow-env/lib/python3.8/site-packages/airflow/example_dags/example_skip_dag.py took 0.487 seconds
[2022-11-06T04:06:31.279+0200] {processor.py:154} INFO - Started process (PID=9819) to work on /Users/mnagy99/opt/anaconda3/envs/airflow-env/lib/python3.8/site-packages/airflow/example_dags/example_skip_dag.py
[2022-11-06T04:06:31.282+0200] {processor.py:756} INFO - Processing file /Users/mnagy99/opt/anaconda3/envs/airflow-env/lib/python3.8/site-packages/airflow/example_dags/example_skip_dag.py for tasks to queue
[2022-11-06T04:06:31.282+0200] {logging_mixin.py:120} INFO - [2022-11-06T04:06:31.282+0200] {dagbag.py:537} INFO - Filling up the DagBag from /Users/mnagy99/opt/anaconda3/envs/airflow-env/lib/python3.8/site-packages/airflow/example_dags/example_skip_dag.py
[2022-11-06T04:06:31.309+0200] {processor.py:766} INFO - DAG(s) dict_keys(['example_skip_dag']) retrieved from /Users/mnagy99/opt/anaconda3/envs/airflow-env/lib/python3.8/site-packages/airflow/example_dags/example_skip_dag.py
[2022-11-06T04:06:32.065+0200] {logging_mixin.py:120} INFO - [2022-11-06T04:06:32.065+0200] {dag.py:2585} INFO - Sync 1 DAGs
[2022-11-06T04:06:32.078+0200] {logging_mixin.py:120} INFO - [2022-11-06T04:06:32.078+0200] {dag.py:3336} INFO - Setting next_dagrun for example_skip_dag to 2022-11-05T02:06:32.078474+00:00, run_after=2022-11-06T02:06:32.078474+00:00
[2022-11-06T04:06:32.095+0200] {processor.py:176} INFO - Processing /Users/mnagy99/opt/anaconda3/envs/airflow-env/lib/python3.8/site-packages/airflow/example_dags/example_skip_dag.py took 0.817 seconds
[2022-11-06T04:08:38.118+0200] {processor.py:154} INFO - Started process (PID=9949) to work on /Users/mnagy99/opt/anaconda3/envs/airflow-env/lib/python3.8/site-packages/airflow/example_dags/example_skip_dag.py
[2022-11-06T04:08:38.120+0200] {processor.py:756} INFO - Processing file /Users/mnagy99/opt/anaconda3/envs/airflow-env/lib/python3.8/site-packages/airflow/example_dags/example_skip_dag.py for tasks to queue
[2022-11-06T04:08:38.120+0200] {logging_mixin.py:120} INFO - [2022-11-06T04:08:38.120+0200] {dagbag.py:537} INFO - Filling up the DagBag from /Users/mnagy99/opt/anaconda3/envs/airflow-env/lib/python3.8/site-packages/airflow/example_dags/example_skip_dag.py
[2022-11-06T04:08:38.144+0200] {processor.py:766} INFO - DAG(s) dict_keys(['example_skip_dag']) retrieved from /Users/mnagy99/opt/anaconda3/envs/airflow-env/lib/python3.8/site-packages/airflow/example_dags/example_skip_dag.py
[2022-11-06T04:08:38.618+0200] {logging_mixin.py:120} INFO - [2022-11-06T04:08:38.618+0200] {dag.py:2585} INFO - Sync 1 DAGs
[2022-11-06T04:08:38.631+0200] {logging_mixin.py:120} INFO - [2022-11-06T04:08:38.631+0200] {dag.py:3336} INFO - Setting next_dagrun for example_skip_dag to 2022-11-05T02:08:38.631579+00:00, run_after=2022-11-06T02:08:38.631579+00:00
[2022-11-06T04:08:38.648+0200] {processor.py:176} INFO - Processing /Users/mnagy99/opt/anaconda3/envs/airflow-env/lib/python3.8/site-packages/airflow/example_dags/example_skip_dag.py took 0.531 seconds
[2022-11-06T04:10:42.748+0200] {processor.py:154} INFO - Started process (PID=10084) to work on /Users/mnagy99/opt/anaconda3/envs/airflow-env/lib/python3.8/site-packages/airflow/example_dags/example_skip_dag.py
[2022-11-06T04:10:42.750+0200] {processor.py:756} INFO - Processing file /Users/mnagy99/opt/anaconda3/envs/airflow-env/lib/python3.8/site-packages/airflow/example_dags/example_skip_dag.py for tasks to queue
[2022-11-06T04:10:42.751+0200] {logging_mixin.py:120} INFO - [2022-11-06T04:10:42.751+0200] {dagbag.py:537} INFO - Filling up the DagBag from /Users/mnagy99/opt/anaconda3/envs/airflow-env/lib/python3.8/site-packages/airflow/example_dags/example_skip_dag.py
[2022-11-06T04:10:42.778+0200] {processor.py:766} INFO - DAG(s) dict_keys(['example_skip_dag']) retrieved from /Users/mnagy99/opt/anaconda3/envs/airflow-env/lib/python3.8/site-packages/airflow/example_dags/example_skip_dag.py
[2022-11-06T04:10:43.260+0200] {logging_mixin.py:120} INFO - [2022-11-06T04:10:43.260+0200] {dag.py:2585} INFO - Sync 1 DAGs
[2022-11-06T04:10:43.273+0200] {logging_mixin.py:120} INFO - [2022-11-06T04:10:43.273+0200] {dag.py:3336} INFO - Setting next_dagrun for example_skip_dag to 2022-11-05T02:10:43.273630+00:00, run_after=2022-11-06T02:10:43.273630+00:00
[2022-11-06T04:10:43.292+0200] {processor.py:176} INFO - Processing /Users/mnagy99/opt/anaconda3/envs/airflow-env/lib/python3.8/site-packages/airflow/example_dags/example_skip_dag.py took 0.545 seconds
[2022-11-06T04:13:06.135+0200] {processor.py:154} INFO - Started process (PID=10232) to work on /Users/mnagy99/opt/anaconda3/envs/airflow-env/lib/python3.8/site-packages/airflow/example_dags/example_skip_dag.py
[2022-11-06T04:13:06.138+0200] {processor.py:756} INFO - Processing file /Users/mnagy99/opt/anaconda3/envs/airflow-env/lib/python3.8/site-packages/airflow/example_dags/example_skip_dag.py for tasks to queue
[2022-11-06T04:13:06.138+0200] {logging_mixin.py:120} INFO - [2022-11-06T04:13:06.138+0200] {dagbag.py:537} INFO - Filling up the DagBag from /Users/mnagy99/opt/anaconda3/envs/airflow-env/lib/python3.8/site-packages/airflow/example_dags/example_skip_dag.py
[2022-11-06T04:13:06.160+0200] {processor.py:766} INFO - DAG(s) dict_keys(['example_skip_dag']) retrieved from /Users/mnagy99/opt/anaconda3/envs/airflow-env/lib/python3.8/site-packages/airflow/example_dags/example_skip_dag.py
[2022-11-06T04:13:06.593+0200] {logging_mixin.py:120} INFO - [2022-11-06T04:13:06.593+0200] {dag.py:2585} INFO - Sync 1 DAGs
[2022-11-06T04:13:06.608+0200] {logging_mixin.py:120} INFO - [2022-11-06T04:13:06.607+0200] {dag.py:3336} INFO - Setting next_dagrun for example_skip_dag to 2022-11-05T02:13:06.607822+00:00, run_after=2022-11-06T02:13:06.607822+00:00
[2022-11-06T04:13:06.622+0200] {processor.py:176} INFO - Processing /Users/mnagy99/opt/anaconda3/envs/airflow-env/lib/python3.8/site-packages/airflow/example_dags/example_skip_dag.py took 0.488 seconds
[2022-11-06T04:15:05.651+0200] {processor.py:154} INFO - Started process (PID=10362) to work on /Users/mnagy99/opt/anaconda3/envs/airflow-env/lib/python3.8/site-packages/airflow/example_dags/example_skip_dag.py
[2022-11-06T04:15:05.652+0200] {processor.py:756} INFO - Processing file /Users/mnagy99/opt/anaconda3/envs/airflow-env/lib/python3.8/site-packages/airflow/example_dags/example_skip_dag.py for tasks to queue
[2022-11-06T04:15:05.653+0200] {logging_mixin.py:120} INFO - [2022-11-06T04:15:05.652+0200] {dagbag.py:537} INFO - Filling up the DagBag from /Users/mnagy99/opt/anaconda3/envs/airflow-env/lib/python3.8/site-packages/airflow/example_dags/example_skip_dag.py
[2022-11-06T04:15:05.685+0200] {processor.py:766} INFO - DAG(s) dict_keys(['example_skip_dag']) retrieved from /Users/mnagy99/opt/anaconda3/envs/airflow-env/lib/python3.8/site-packages/airflow/example_dags/example_skip_dag.py
[2022-11-06T04:15:06.188+0200] {logging_mixin.py:120} INFO - [2022-11-06T04:15:06.187+0200] {dag.py:2585} INFO - Sync 1 DAGs
[2022-11-06T04:15:06.202+0200] {logging_mixin.py:120} INFO - [2022-11-06T04:15:06.202+0200] {dag.py:3336} INFO - Setting next_dagrun for example_skip_dag to 2022-11-05T02:15:06.202199+00:00, run_after=2022-11-06T02:15:06.202199+00:00
[2022-11-06T04:15:06.217+0200] {processor.py:176} INFO - Processing /Users/mnagy99/opt/anaconda3/envs/airflow-env/lib/python3.8/site-packages/airflow/example_dags/example_skip_dag.py took 0.567 seconds
[2022-11-06T04:17:25.788+0200] {processor.py:154} INFO - Started process (PID=10499) to work on /Users/mnagy99/opt/anaconda3/envs/airflow-env/lib/python3.8/site-packages/airflow/example_dags/example_skip_dag.py
[2022-11-06T04:17:25.791+0200] {processor.py:756} INFO - Processing file /Users/mnagy99/opt/anaconda3/envs/airflow-env/lib/python3.8/site-packages/airflow/example_dags/example_skip_dag.py for tasks to queue
[2022-11-06T04:17:25.791+0200] {logging_mixin.py:120} INFO - [2022-11-06T04:17:25.791+0200] {dagbag.py:537} INFO - Filling up the DagBag from /Users/mnagy99/opt/anaconda3/envs/airflow-env/lib/python3.8/site-packages/airflow/example_dags/example_skip_dag.py
[2022-11-06T04:17:25.823+0200] {processor.py:766} INFO - DAG(s) dict_keys(['example_skip_dag']) retrieved from /Users/mnagy99/opt/anaconda3/envs/airflow-env/lib/python3.8/site-packages/airflow/example_dags/example_skip_dag.py
[2022-11-06T04:17:26.402+0200] {logging_mixin.py:120} INFO - [2022-11-06T04:17:26.401+0200] {dag.py:2585} INFO - Sync 1 DAGs
[2022-11-06T04:17:26.426+0200] {logging_mixin.py:120} INFO - [2022-11-06T04:17:26.425+0200] {dag.py:3336} INFO - Setting next_dagrun for example_skip_dag to 2022-11-05T02:17:26.425828+00:00, run_after=2022-11-06T02:17:26.425828+00:00
[2022-11-06T04:17:26.446+0200] {processor.py:176} INFO - Processing /Users/mnagy99/opt/anaconda3/envs/airflow-env/lib/python3.8/site-packages/airflow/example_dags/example_skip_dag.py took 0.659 seconds
