[2022-11-06T02:01:49.384+0200] {processor.py:154} INFO - Started process (PID=1831) to work on /Users/mnagy99/opt/anaconda3/envs/airflow-env/lib/python3.8/site-packages/airflow/example_dags/example_xcom.py
[2022-11-06T02:01:49.385+0200] {processor.py:756} INFO - Processing file /Users/mnagy99/opt/anaconda3/envs/airflow-env/lib/python3.8/site-packages/airflow/example_dags/example_xcom.py for tasks to queue
[2022-11-06T02:01:49.386+0200] {logging_mixin.py:120} INFO - [2022-11-06T02:01:49.386+0200] {dagbag.py:537} INFO - Filling up the DagBag from /Users/mnagy99/opt/anaconda3/envs/airflow-env/lib/python3.8/site-packages/airflow/example_dags/example_xcom.py
[2022-11-06T02:01:49.433+0200] {processor.py:766} INFO - DAG(s) dict_keys(['example_xcom']) retrieved from /Users/mnagy99/opt/anaconda3/envs/airflow-env/lib/python3.8/site-packages/airflow/example_dags/example_xcom.py
[2022-11-06T02:01:49.946+0200] {logging_mixin.py:120} INFO - [2022-11-06T02:01:49.945+0200] {dag.py:2585} INFO - Sync 1 DAGs
[2022-11-06T02:01:49.959+0200] {logging_mixin.py:120} INFO - [2022-11-06T02:01:49.959+0200] {dag.py:3336} INFO - Setting next_dagrun for example_xcom to 2021-01-01T00:00:00+00:00, run_after=2021-01-01T00:00:00+00:00
[2022-11-06T02:01:49.980+0200] {processor.py:176} INFO - Processing /Users/mnagy99/opt/anaconda3/envs/airflow-env/lib/python3.8/site-packages/airflow/example_dags/example_xcom.py took 0.597 seconds
[2022-11-06T02:04:07.115+0200] {processor.py:154} INFO - Started process (PID=2149) to work on /Users/mnagy99/opt/anaconda3/envs/airflow-env/lib/python3.8/site-packages/airflow/example_dags/example_xcom.py
[2022-11-06T02:04:07.118+0200] {processor.py:756} INFO - Processing file /Users/mnagy99/opt/anaconda3/envs/airflow-env/lib/python3.8/site-packages/airflow/example_dags/example_xcom.py for tasks to queue
[2022-11-06T02:04:07.119+0200] {logging_mixin.py:120} INFO - [2022-11-06T02:04:07.119+0200] {dagbag.py:537} INFO - Filling up the DagBag from /Users/mnagy99/opt/anaconda3/envs/airflow-env/lib/python3.8/site-packages/airflow/example_dags/example_xcom.py
[2022-11-06T02:04:07.167+0200] {processor.py:766} INFO - DAG(s) dict_keys(['example_xcom']) retrieved from /Users/mnagy99/opt/anaconda3/envs/airflow-env/lib/python3.8/site-packages/airflow/example_dags/example_xcom.py
[2022-11-06T02:04:07.657+0200] {logging_mixin.py:120} INFO - [2022-11-06T02:04:07.656+0200] {dag.py:2585} INFO - Sync 1 DAGs
[2022-11-06T02:04:07.671+0200] {logging_mixin.py:120} INFO - [2022-11-06T02:04:07.670+0200] {dag.py:3336} INFO - Setting next_dagrun for example_xcom to 2021-01-01T00:00:00+00:00, run_after=2021-01-01T00:00:00+00:00
[2022-11-06T02:04:07.694+0200] {processor.py:176} INFO - Processing /Users/mnagy99/opt/anaconda3/envs/airflow-env/lib/python3.8/site-packages/airflow/example_dags/example_xcom.py took 0.579 seconds
[2022-11-06T02:06:27.496+0200] {processor.py:154} INFO - Started process (PID=2283) to work on /Users/mnagy99/opt/anaconda3/envs/airflow-env/lib/python3.8/site-packages/airflow/example_dags/example_xcom.py
[2022-11-06T02:06:27.498+0200] {processor.py:756} INFO - Processing file /Users/mnagy99/opt/anaconda3/envs/airflow-env/lib/python3.8/site-packages/airflow/example_dags/example_xcom.py for tasks to queue
[2022-11-06T02:06:27.499+0200] {logging_mixin.py:120} INFO - [2022-11-06T02:06:27.499+0200] {dagbag.py:537} INFO - Filling up the DagBag from /Users/mnagy99/opt/anaconda3/envs/airflow-env/lib/python3.8/site-packages/airflow/example_dags/example_xcom.py
[2022-11-06T02:06:27.550+0200] {processor.py:766} INFO - DAG(s) dict_keys(['example_xcom']) retrieved from /Users/mnagy99/opt/anaconda3/envs/airflow-env/lib/python3.8/site-packages/airflow/example_dags/example_xcom.py
[2022-11-06T02:06:28.030+0200] {logging_mixin.py:120} INFO - [2022-11-06T02:06:28.030+0200] {dag.py:2585} INFO - Sync 1 DAGs
[2022-11-06T02:06:28.046+0200] {logging_mixin.py:120} INFO - [2022-11-06T02:06:28.046+0200] {dag.py:3336} INFO - Setting next_dagrun for example_xcom to 2021-01-01T00:00:00+00:00, run_after=2021-01-01T00:00:00+00:00
[2022-11-06T02:06:28.067+0200] {processor.py:176} INFO - Processing /Users/mnagy99/opt/anaconda3/envs/airflow-env/lib/python3.8/site-packages/airflow/example_dags/example_xcom.py took 0.572 seconds
[2022-11-06T02:08:48.246+0200] {processor.py:154} INFO - Started process (PID=2408) to work on /Users/mnagy99/opt/anaconda3/envs/airflow-env/lib/python3.8/site-packages/airflow/example_dags/example_xcom.py
[2022-11-06T02:08:48.247+0200] {processor.py:756} INFO - Processing file /Users/mnagy99/opt/anaconda3/envs/airflow-env/lib/python3.8/site-packages/airflow/example_dags/example_xcom.py for tasks to queue
[2022-11-06T02:08:48.248+0200] {logging_mixin.py:120} INFO - [2022-11-06T02:08:48.248+0200] {dagbag.py:537} INFO - Filling up the DagBag from /Users/mnagy99/opt/anaconda3/envs/airflow-env/lib/python3.8/site-packages/airflow/example_dags/example_xcom.py
[2022-11-06T02:08:48.300+0200] {processor.py:766} INFO - DAG(s) dict_keys(['example_xcom']) retrieved from /Users/mnagy99/opt/anaconda3/envs/airflow-env/lib/python3.8/site-packages/airflow/example_dags/example_xcom.py
[2022-11-06T02:08:48.777+0200] {logging_mixin.py:120} INFO - [2022-11-06T02:08:48.777+0200] {dag.py:2585} INFO - Sync 1 DAGs
[2022-11-06T02:08:48.794+0200] {logging_mixin.py:120} INFO - [2022-11-06T02:08:48.794+0200] {dag.py:3336} INFO - Setting next_dagrun for example_xcom to 2021-01-01T00:00:00+00:00, run_after=2021-01-01T00:00:00+00:00
[2022-11-06T02:08:48.813+0200] {processor.py:176} INFO - Processing /Users/mnagy99/opt/anaconda3/envs/airflow-env/lib/python3.8/site-packages/airflow/example_dags/example_xcom.py took 0.568 seconds
[2022-11-06T02:11:03.558+0200] {processor.py:154} INFO - Started process (PID=2538) to work on /Users/mnagy99/opt/anaconda3/envs/airflow-env/lib/python3.8/site-packages/airflow/example_dags/example_xcom.py
[2022-11-06T02:11:03.561+0200] {processor.py:756} INFO - Processing file /Users/mnagy99/opt/anaconda3/envs/airflow-env/lib/python3.8/site-packages/airflow/example_dags/example_xcom.py for tasks to queue
[2022-11-06T02:11:03.561+0200] {logging_mixin.py:120} INFO - [2022-11-06T02:11:03.561+0200] {dagbag.py:537} INFO - Filling up the DagBag from /Users/mnagy99/opt/anaconda3/envs/airflow-env/lib/python3.8/site-packages/airflow/example_dags/example_xcom.py
[2022-11-06T02:11:03.606+0200] {processor.py:766} INFO - DAG(s) dict_keys(['example_xcom']) retrieved from /Users/mnagy99/opt/anaconda3/envs/airflow-env/lib/python3.8/site-packages/airflow/example_dags/example_xcom.py
[2022-11-06T02:11:04.030+0200] {logging_mixin.py:120} INFO - [2022-11-06T02:11:04.030+0200] {dag.py:2585} INFO - Sync 1 DAGs
[2022-11-06T02:11:04.043+0200] {logging_mixin.py:120} INFO - [2022-11-06T02:11:04.043+0200] {dag.py:3336} INFO - Setting next_dagrun for example_xcom to 2021-01-01T00:00:00+00:00, run_after=2021-01-01T00:00:00+00:00
[2022-11-06T02:11:04.062+0200] {processor.py:176} INFO - Processing /Users/mnagy99/opt/anaconda3/envs/airflow-env/lib/python3.8/site-packages/airflow/example_dags/example_xcom.py took 0.505 seconds
[2022-11-06T02:13:13.172+0200] {processor.py:154} INFO - Started process (PID=2663) to work on /Users/mnagy99/opt/anaconda3/envs/airflow-env/lib/python3.8/site-packages/airflow/example_dags/example_xcom.py
[2022-11-06T02:13:13.175+0200] {processor.py:756} INFO - Processing file /Users/mnagy99/opt/anaconda3/envs/airflow-env/lib/python3.8/site-packages/airflow/example_dags/example_xcom.py for tasks to queue
[2022-11-06T02:13:13.176+0200] {logging_mixin.py:120} INFO - [2022-11-06T02:13:13.176+0200] {dagbag.py:537} INFO - Filling up the DagBag from /Users/mnagy99/opt/anaconda3/envs/airflow-env/lib/python3.8/site-packages/airflow/example_dags/example_xcom.py
[2022-11-06T02:13:13.221+0200] {processor.py:766} INFO - DAG(s) dict_keys(['example_xcom']) retrieved from /Users/mnagy99/opt/anaconda3/envs/airflow-env/lib/python3.8/site-packages/airflow/example_dags/example_xcom.py
[2022-11-06T02:13:13.651+0200] {logging_mixin.py:120} INFO - [2022-11-06T02:13:13.650+0200] {dag.py:2585} INFO - Sync 1 DAGs
[2022-11-06T02:13:13.664+0200] {logging_mixin.py:120} INFO - [2022-11-06T02:13:13.664+0200] {dag.py:3336} INFO - Setting next_dagrun for example_xcom to 2021-01-01T00:00:00+00:00, run_after=2021-01-01T00:00:00+00:00
[2022-11-06T02:13:13.682+0200] {processor.py:176} INFO - Processing /Users/mnagy99/opt/anaconda3/envs/airflow-env/lib/python3.8/site-packages/airflow/example_dags/example_xcom.py took 0.511 seconds
[2022-11-06T02:15:35.626+0200] {processor.py:154} INFO - Started process (PID=2862) to work on /Users/mnagy99/opt/anaconda3/envs/airflow-env/lib/python3.8/site-packages/airflow/example_dags/example_xcom.py
[2022-11-06T02:15:35.628+0200] {processor.py:756} INFO - Processing file /Users/mnagy99/opt/anaconda3/envs/airflow-env/lib/python3.8/site-packages/airflow/example_dags/example_xcom.py for tasks to queue
[2022-11-06T02:15:35.629+0200] {logging_mixin.py:120} INFO - [2022-11-06T02:15:35.629+0200] {dagbag.py:537} INFO - Filling up the DagBag from /Users/mnagy99/opt/anaconda3/envs/airflow-env/lib/python3.8/site-packages/airflow/example_dags/example_xcom.py
[2022-11-06T02:15:35.672+0200] {processor.py:766} INFO - DAG(s) dict_keys(['example_xcom']) retrieved from /Users/mnagy99/opt/anaconda3/envs/airflow-env/lib/python3.8/site-packages/airflow/example_dags/example_xcom.py
[2022-11-06T02:15:36.114+0200] {logging_mixin.py:120} INFO - [2022-11-06T02:15:36.114+0200] {dag.py:2585} INFO - Sync 1 DAGs
[2022-11-06T02:15:36.128+0200] {logging_mixin.py:120} INFO - [2022-11-06T02:15:36.128+0200] {dag.py:3336} INFO - Setting next_dagrun for example_xcom to 2021-01-01T00:00:00+00:00, run_after=2021-01-01T00:00:00+00:00
[2022-11-06T02:15:36.146+0200] {processor.py:176} INFO - Processing /Users/mnagy99/opt/anaconda3/envs/airflow-env/lib/python3.8/site-packages/airflow/example_dags/example_xcom.py took 0.521 seconds
[2022-11-06T02:17:50.303+0200] {processor.py:154} INFO - Started process (PID=3013) to work on /Users/mnagy99/opt/anaconda3/envs/airflow-env/lib/python3.8/site-packages/airflow/example_dags/example_xcom.py
[2022-11-06T02:17:50.306+0200] {processor.py:756} INFO - Processing file /Users/mnagy99/opt/anaconda3/envs/airflow-env/lib/python3.8/site-packages/airflow/example_dags/example_xcom.py for tasks to queue
[2022-11-06T02:17:50.307+0200] {logging_mixin.py:120} INFO - [2022-11-06T02:17:50.307+0200] {dagbag.py:537} INFO - Filling up the DagBag from /Users/mnagy99/opt/anaconda3/envs/airflow-env/lib/python3.8/site-packages/airflow/example_dags/example_xcom.py
[2022-11-06T02:17:50.355+0200] {processor.py:766} INFO - DAG(s) dict_keys(['example_xcom']) retrieved from /Users/mnagy99/opt/anaconda3/envs/airflow-env/lib/python3.8/site-packages/airflow/example_dags/example_xcom.py
[2022-11-06T02:17:50.784+0200] {logging_mixin.py:120} INFO - [2022-11-06T02:17:50.784+0200] {dag.py:2585} INFO - Sync 1 DAGs
[2022-11-06T02:17:50.797+0200] {logging_mixin.py:120} INFO - [2022-11-06T02:17:50.797+0200] {dag.py:3336} INFO - Setting next_dagrun for example_xcom to 2021-01-01T00:00:00+00:00, run_after=2021-01-01T00:00:00+00:00
[2022-11-06T02:17:50.816+0200] {processor.py:176} INFO - Processing /Users/mnagy99/opt/anaconda3/envs/airflow-env/lib/python3.8/site-packages/airflow/example_dags/example_xcom.py took 0.513 seconds
[2022-11-06T02:19:59.161+0200] {processor.py:154} INFO - Started process (PID=3144) to work on /Users/mnagy99/opt/anaconda3/envs/airflow-env/lib/python3.8/site-packages/airflow/example_dags/example_xcom.py
[2022-11-06T02:19:59.163+0200] {processor.py:756} INFO - Processing file /Users/mnagy99/opt/anaconda3/envs/airflow-env/lib/python3.8/site-packages/airflow/example_dags/example_xcom.py for tasks to queue
[2022-11-06T02:19:59.164+0200] {logging_mixin.py:120} INFO - [2022-11-06T02:19:59.164+0200] {dagbag.py:537} INFO - Filling up the DagBag from /Users/mnagy99/opt/anaconda3/envs/airflow-env/lib/python3.8/site-packages/airflow/example_dags/example_xcom.py
[2022-11-06T02:19:59.208+0200] {processor.py:766} INFO - DAG(s) dict_keys(['example_xcom']) retrieved from /Users/mnagy99/opt/anaconda3/envs/airflow-env/lib/python3.8/site-packages/airflow/example_dags/example_xcom.py
[2022-11-06T02:19:59.688+0200] {logging_mixin.py:120} INFO - [2022-11-06T02:19:59.688+0200] {dag.py:2585} INFO - Sync 1 DAGs
[2022-11-06T02:19:59.702+0200] {logging_mixin.py:120} INFO - [2022-11-06T02:19:59.702+0200] {dag.py:3336} INFO - Setting next_dagrun for example_xcom to 2021-01-01T00:00:00+00:00, run_after=2021-01-01T00:00:00+00:00
[2022-11-06T02:19:59.720+0200] {processor.py:176} INFO - Processing /Users/mnagy99/opt/anaconda3/envs/airflow-env/lib/python3.8/site-packages/airflow/example_dags/example_xcom.py took 0.560 seconds
[2022-11-06T02:22:07.493+0200] {processor.py:154} INFO - Started process (PID=3276) to work on /Users/mnagy99/opt/anaconda3/envs/airflow-env/lib/python3.8/site-packages/airflow/example_dags/example_xcom.py
[2022-11-06T02:22:07.496+0200] {processor.py:756} INFO - Processing file /Users/mnagy99/opt/anaconda3/envs/airflow-env/lib/python3.8/site-packages/airflow/example_dags/example_xcom.py for tasks to queue
[2022-11-06T02:22:07.496+0200] {logging_mixin.py:120} INFO - [2022-11-06T02:22:07.496+0200] {dagbag.py:537} INFO - Filling up the DagBag from /Users/mnagy99/opt/anaconda3/envs/airflow-env/lib/python3.8/site-packages/airflow/example_dags/example_xcom.py
[2022-11-06T02:22:07.539+0200] {processor.py:766} INFO - DAG(s) dict_keys(['example_xcom']) retrieved from /Users/mnagy99/opt/anaconda3/envs/airflow-env/lib/python3.8/site-packages/airflow/example_dags/example_xcom.py
[2022-11-06T02:22:07.974+0200] {logging_mixin.py:120} INFO - [2022-11-06T02:22:07.973+0200] {dag.py:2585} INFO - Sync 1 DAGs
[2022-11-06T02:22:07.990+0200] {logging_mixin.py:120} INFO - [2022-11-06T02:22:07.989+0200] {dag.py:3336} INFO - Setting next_dagrun for example_xcom to 2021-01-01T00:00:00+00:00, run_after=2021-01-01T00:00:00+00:00
[2022-11-06T02:22:08.012+0200] {processor.py:176} INFO - Processing /Users/mnagy99/opt/anaconda3/envs/airflow-env/lib/python3.8/site-packages/airflow/example_dags/example_xcom.py took 0.519 seconds
[2022-11-06T02:24:21.038+0200] {processor.py:154} INFO - Started process (PID=3419) to work on /Users/mnagy99/opt/anaconda3/envs/airflow-env/lib/python3.8/site-packages/airflow/example_dags/example_xcom.py
[2022-11-06T02:24:21.040+0200] {processor.py:756} INFO - Processing file /Users/mnagy99/opt/anaconda3/envs/airflow-env/lib/python3.8/site-packages/airflow/example_dags/example_xcom.py for tasks to queue
[2022-11-06T02:24:21.041+0200] {logging_mixin.py:120} INFO - [2022-11-06T02:24:21.041+0200] {dagbag.py:537} INFO - Filling up the DagBag from /Users/mnagy99/opt/anaconda3/envs/airflow-env/lib/python3.8/site-packages/airflow/example_dags/example_xcom.py
[2022-11-06T02:24:21.084+0200] {processor.py:766} INFO - DAG(s) dict_keys(['example_xcom']) retrieved from /Users/mnagy99/opt/anaconda3/envs/airflow-env/lib/python3.8/site-packages/airflow/example_dags/example_xcom.py
[2022-11-06T02:24:21.583+0200] {logging_mixin.py:120} INFO - [2022-11-06T02:24:21.582+0200] {dag.py:2585} INFO - Sync 1 DAGs
[2022-11-06T02:24:21.595+0200] {logging_mixin.py:120} INFO - [2022-11-06T02:24:21.595+0200] {dag.py:3336} INFO - Setting next_dagrun for example_xcom to 2021-01-01T00:00:00+00:00, run_after=2021-01-01T00:00:00+00:00
[2022-11-06T02:24:21.613+0200] {processor.py:176} INFO - Processing /Users/mnagy99/opt/anaconda3/envs/airflow-env/lib/python3.8/site-packages/airflow/example_dags/example_xcom.py took 0.576 seconds
[2022-11-06T02:26:36.645+0200] {processor.py:154} INFO - Started process (PID=3560) to work on /Users/mnagy99/opt/anaconda3/envs/airflow-env/lib/python3.8/site-packages/airflow/example_dags/example_xcom.py
[2022-11-06T02:26:36.648+0200] {processor.py:756} INFO - Processing file /Users/mnagy99/opt/anaconda3/envs/airflow-env/lib/python3.8/site-packages/airflow/example_dags/example_xcom.py for tasks to queue
[2022-11-06T02:26:36.648+0200] {logging_mixin.py:120} INFO - [2022-11-06T02:26:36.648+0200] {dagbag.py:537} INFO - Filling up the DagBag from /Users/mnagy99/opt/anaconda3/envs/airflow-env/lib/python3.8/site-packages/airflow/example_dags/example_xcom.py
[2022-11-06T02:26:36.694+0200] {processor.py:766} INFO - DAG(s) dict_keys(['example_xcom']) retrieved from /Users/mnagy99/opt/anaconda3/envs/airflow-env/lib/python3.8/site-packages/airflow/example_dags/example_xcom.py
[2022-11-06T02:26:37.118+0200] {logging_mixin.py:120} INFO - [2022-11-06T02:26:37.118+0200] {dag.py:2585} INFO - Sync 1 DAGs
[2022-11-06T02:26:37.131+0200] {logging_mixin.py:120} INFO - [2022-11-06T02:26:37.131+0200] {dag.py:3336} INFO - Setting next_dagrun for example_xcom to 2021-01-01T00:00:00+00:00, run_after=2021-01-01T00:00:00+00:00
[2022-11-06T02:26:37.148+0200] {processor.py:176} INFO - Processing /Users/mnagy99/opt/anaconda3/envs/airflow-env/lib/python3.8/site-packages/airflow/example_dags/example_xcom.py took 0.503 seconds
[2022-11-06T02:28:46.875+0200] {processor.py:154} INFO - Started process (PID=3698) to work on /Users/mnagy99/opt/anaconda3/envs/airflow-env/lib/python3.8/site-packages/airflow/example_dags/example_xcom.py
[2022-11-06T02:28:46.876+0200] {processor.py:756} INFO - Processing file /Users/mnagy99/opt/anaconda3/envs/airflow-env/lib/python3.8/site-packages/airflow/example_dags/example_xcom.py for tasks to queue
[2022-11-06T02:28:46.876+0200] {logging_mixin.py:120} INFO - [2022-11-06T02:28:46.876+0200] {dagbag.py:537} INFO - Filling up the DagBag from /Users/mnagy99/opt/anaconda3/envs/airflow-env/lib/python3.8/site-packages/airflow/example_dags/example_xcom.py
[2022-11-06T02:28:46.916+0200] {processor.py:766} INFO - DAG(s) dict_keys(['example_xcom']) retrieved from /Users/mnagy99/opt/anaconda3/envs/airflow-env/lib/python3.8/site-packages/airflow/example_dags/example_xcom.py
[2022-11-06T02:28:47.359+0200] {logging_mixin.py:120} INFO - [2022-11-06T02:28:47.359+0200] {dag.py:2585} INFO - Sync 1 DAGs
[2022-11-06T02:28:47.377+0200] {logging_mixin.py:120} INFO - [2022-11-06T02:28:47.377+0200] {dag.py:3336} INFO - Setting next_dagrun for example_xcom to 2021-01-01T00:00:00+00:00, run_after=2021-01-01T00:00:00+00:00
[2022-11-06T02:28:47.396+0200] {processor.py:176} INFO - Processing /Users/mnagy99/opt/anaconda3/envs/airflow-env/lib/python3.8/site-packages/airflow/example_dags/example_xcom.py took 0.521 seconds
[2022-11-06T02:30:58.170+0200] {processor.py:154} INFO - Started process (PID=3849) to work on /Users/mnagy99/opt/anaconda3/envs/airflow-env/lib/python3.8/site-packages/airflow/example_dags/example_xcom.py
[2022-11-06T02:30:58.172+0200] {processor.py:756} INFO - Processing file /Users/mnagy99/opt/anaconda3/envs/airflow-env/lib/python3.8/site-packages/airflow/example_dags/example_xcom.py for tasks to queue
[2022-11-06T02:30:58.172+0200] {logging_mixin.py:120} INFO - [2022-11-06T02:30:58.172+0200] {dagbag.py:537} INFO - Filling up the DagBag from /Users/mnagy99/opt/anaconda3/envs/airflow-env/lib/python3.8/site-packages/airflow/example_dags/example_xcom.py
[2022-11-06T02:30:58.214+0200] {processor.py:766} INFO - DAG(s) dict_keys(['example_xcom']) retrieved from /Users/mnagy99/opt/anaconda3/envs/airflow-env/lib/python3.8/site-packages/airflow/example_dags/example_xcom.py
[2022-11-06T02:30:58.644+0200] {logging_mixin.py:120} INFO - [2022-11-06T02:30:58.644+0200] {dag.py:2585} INFO - Sync 1 DAGs
[2022-11-06T02:30:58.658+0200] {logging_mixin.py:120} INFO - [2022-11-06T02:30:58.657+0200] {dag.py:3336} INFO - Setting next_dagrun for example_xcom to 2021-01-01T00:00:00+00:00, run_after=2021-01-01T00:00:00+00:00
[2022-11-06T02:30:58.676+0200] {processor.py:176} INFO - Processing /Users/mnagy99/opt/anaconda3/envs/airflow-env/lib/python3.8/site-packages/airflow/example_dags/example_xcom.py took 0.507 seconds
[2022-11-06T02:33:11.909+0200] {processor.py:154} INFO - Started process (PID=4003) to work on /Users/mnagy99/opt/anaconda3/envs/airflow-env/lib/python3.8/site-packages/airflow/example_dags/example_xcom.py
[2022-11-06T02:33:11.911+0200] {processor.py:756} INFO - Processing file /Users/mnagy99/opt/anaconda3/envs/airflow-env/lib/python3.8/site-packages/airflow/example_dags/example_xcom.py for tasks to queue
[2022-11-06T02:33:11.911+0200] {logging_mixin.py:120} INFO - [2022-11-06T02:33:11.911+0200] {dagbag.py:537} INFO - Filling up the DagBag from /Users/mnagy99/opt/anaconda3/envs/airflow-env/lib/python3.8/site-packages/airflow/example_dags/example_xcom.py
[2022-11-06T02:33:11.955+0200] {processor.py:766} INFO - DAG(s) dict_keys(['example_xcom']) retrieved from /Users/mnagy99/opt/anaconda3/envs/airflow-env/lib/python3.8/site-packages/airflow/example_dags/example_xcom.py
[2022-11-06T02:33:12.413+0200] {logging_mixin.py:120} INFO - [2022-11-06T02:33:12.412+0200] {dag.py:2585} INFO - Sync 1 DAGs
[2022-11-06T02:33:12.426+0200] {logging_mixin.py:120} INFO - [2022-11-06T02:33:12.426+0200] {dag.py:3336} INFO - Setting next_dagrun for example_xcom to 2021-01-01T00:00:00+00:00, run_after=2021-01-01T00:00:00+00:00
[2022-11-06T02:33:12.442+0200] {processor.py:176} INFO - Processing /Users/mnagy99/opt/anaconda3/envs/airflow-env/lib/python3.8/site-packages/airflow/example_dags/example_xcom.py took 0.534 seconds
[2022-11-06T02:35:20.135+0200] {processor.py:154} INFO - Started process (PID=4152) to work on /Users/mnagy99/opt/anaconda3/envs/airflow-env/lib/python3.8/site-packages/airflow/example_dags/example_xcom.py
[2022-11-06T02:35:20.137+0200] {processor.py:756} INFO - Processing file /Users/mnagy99/opt/anaconda3/envs/airflow-env/lib/python3.8/site-packages/airflow/example_dags/example_xcom.py for tasks to queue
[2022-11-06T02:35:20.138+0200] {logging_mixin.py:120} INFO - [2022-11-06T02:35:20.138+0200] {dagbag.py:537} INFO - Filling up the DagBag from /Users/mnagy99/opt/anaconda3/envs/airflow-env/lib/python3.8/site-packages/airflow/example_dags/example_xcom.py
[2022-11-06T02:35:20.183+0200] {processor.py:766} INFO - DAG(s) dict_keys(['example_xcom']) retrieved from /Users/mnagy99/opt/anaconda3/envs/airflow-env/lib/python3.8/site-packages/airflow/example_dags/example_xcom.py
[2022-11-06T02:35:20.668+0200] {logging_mixin.py:120} INFO - [2022-11-06T02:35:20.668+0200] {dag.py:2585} INFO - Sync 1 DAGs
[2022-11-06T02:35:20.684+0200] {logging_mixin.py:120} INFO - [2022-11-06T02:35:20.684+0200] {dag.py:3336} INFO - Setting next_dagrun for example_xcom to 2021-01-01T00:00:00+00:00, run_after=2021-01-01T00:00:00+00:00
[2022-11-06T02:35:20.702+0200] {processor.py:176} INFO - Processing /Users/mnagy99/opt/anaconda3/envs/airflow-env/lib/python3.8/site-packages/airflow/example_dags/example_xcom.py took 0.568 seconds
[2022-11-06T02:37:31.628+0200] {processor.py:154} INFO - Started process (PID=4287) to work on /Users/mnagy99/opt/anaconda3/envs/airflow-env/lib/python3.8/site-packages/airflow/example_dags/example_xcom.py
[2022-11-06T02:37:31.630+0200] {processor.py:756} INFO - Processing file /Users/mnagy99/opt/anaconda3/envs/airflow-env/lib/python3.8/site-packages/airflow/example_dags/example_xcom.py for tasks to queue
[2022-11-06T02:37:31.631+0200] {logging_mixin.py:120} INFO - [2022-11-06T02:37:31.631+0200] {dagbag.py:537} INFO - Filling up the DagBag from /Users/mnagy99/opt/anaconda3/envs/airflow-env/lib/python3.8/site-packages/airflow/example_dags/example_xcom.py
[2022-11-06T02:37:31.681+0200] {processor.py:766} INFO - DAG(s) dict_keys(['example_xcom']) retrieved from /Users/mnagy99/opt/anaconda3/envs/airflow-env/lib/python3.8/site-packages/airflow/example_dags/example_xcom.py
[2022-11-06T02:37:32.120+0200] {logging_mixin.py:120} INFO - [2022-11-06T02:37:32.119+0200] {dag.py:2585} INFO - Sync 1 DAGs
[2022-11-06T02:37:32.199+0200] {logging_mixin.py:120} INFO - [2022-11-06T02:37:32.199+0200] {dag.py:3336} INFO - Setting next_dagrun for example_xcom to 2021-01-01T00:00:00+00:00, run_after=2021-01-01T00:00:00+00:00
[2022-11-06T02:37:32.243+0200] {processor.py:176} INFO - Processing /Users/mnagy99/opt/anaconda3/envs/airflow-env/lib/python3.8/site-packages/airflow/example_dags/example_xcom.py took 0.616 seconds
[2022-11-06T02:39:41.850+0200] {processor.py:154} INFO - Started process (PID=4416) to work on /Users/mnagy99/opt/anaconda3/envs/airflow-env/lib/python3.8/site-packages/airflow/example_dags/example_xcom.py
[2022-11-06T02:39:41.852+0200] {processor.py:756} INFO - Processing file /Users/mnagy99/opt/anaconda3/envs/airflow-env/lib/python3.8/site-packages/airflow/example_dags/example_xcom.py for tasks to queue
[2022-11-06T02:39:41.853+0200] {logging_mixin.py:120} INFO - [2022-11-06T02:39:41.853+0200] {dagbag.py:537} INFO - Filling up the DagBag from /Users/mnagy99/opt/anaconda3/envs/airflow-env/lib/python3.8/site-packages/airflow/example_dags/example_xcom.py
[2022-11-06T02:39:41.899+0200] {processor.py:766} INFO - DAG(s) dict_keys(['example_xcom']) retrieved from /Users/mnagy99/opt/anaconda3/envs/airflow-env/lib/python3.8/site-packages/airflow/example_dags/example_xcom.py
[2022-11-06T02:39:42.346+0200] {logging_mixin.py:120} INFO - [2022-11-06T02:39:42.346+0200] {dag.py:2585} INFO - Sync 1 DAGs
[2022-11-06T02:39:42.411+0200] {logging_mixin.py:120} INFO - [2022-11-06T02:39:42.411+0200] {dag.py:3336} INFO - Setting next_dagrun for example_xcom to 2021-01-01T00:00:00+00:00, run_after=2021-01-01T00:00:00+00:00
[2022-11-06T02:39:42.469+0200] {processor.py:176} INFO - Processing /Users/mnagy99/opt/anaconda3/envs/airflow-env/lib/python3.8/site-packages/airflow/example_dags/example_xcom.py took 0.620 seconds
[2022-11-06T02:42:07.610+0200] {processor.py:154} INFO - Started process (PID=4588) to work on /Users/mnagy99/opt/anaconda3/envs/airflow-env/lib/python3.8/site-packages/airflow/example_dags/example_xcom.py
[2022-11-06T02:42:07.613+0200] {processor.py:756} INFO - Processing file /Users/mnagy99/opt/anaconda3/envs/airflow-env/lib/python3.8/site-packages/airflow/example_dags/example_xcom.py for tasks to queue
[2022-11-06T02:42:07.614+0200] {logging_mixin.py:120} INFO - [2022-11-06T02:42:07.614+0200] {dagbag.py:537} INFO - Filling up the DagBag from /Users/mnagy99/opt/anaconda3/envs/airflow-env/lib/python3.8/site-packages/airflow/example_dags/example_xcom.py
[2022-11-06T02:42:07.666+0200] {processor.py:766} INFO - DAG(s) dict_keys(['example_xcom']) retrieved from /Users/mnagy99/opt/anaconda3/envs/airflow-env/lib/python3.8/site-packages/airflow/example_dags/example_xcom.py
[2022-11-06T02:42:08.431+0200] {logging_mixin.py:120} INFO - [2022-11-06T02:42:08.431+0200] {dag.py:2585} INFO - Sync 1 DAGs
[2022-11-06T02:42:08.566+0200] {logging_mixin.py:120} INFO - [2022-11-06T02:42:08.566+0200] {dag.py:3336} INFO - Setting next_dagrun for example_xcom to 2021-01-01T00:00:00+00:00, run_after=2021-01-01T00:00:00+00:00
[2022-11-06T02:42:08.742+0200] {processor.py:176} INFO - Processing /Users/mnagy99/opt/anaconda3/envs/airflow-env/lib/python3.8/site-packages/airflow/example_dags/example_xcom.py took 1.134 seconds
[2022-11-06T02:44:33.363+0200] {processor.py:154} INFO - Started process (PID=4722) to work on /Users/mnagy99/opt/anaconda3/envs/airflow-env/lib/python3.8/site-packages/airflow/example_dags/example_xcom.py
[2022-11-06T02:44:33.365+0200] {processor.py:756} INFO - Processing file /Users/mnagy99/opt/anaconda3/envs/airflow-env/lib/python3.8/site-packages/airflow/example_dags/example_xcom.py for tasks to queue
[2022-11-06T02:44:33.365+0200] {logging_mixin.py:120} INFO - [2022-11-06T02:44:33.365+0200] {dagbag.py:537} INFO - Filling up the DagBag from /Users/mnagy99/opt/anaconda3/envs/airflow-env/lib/python3.8/site-packages/airflow/example_dags/example_xcom.py
[2022-11-06T02:44:33.431+0200] {processor.py:766} INFO - DAG(s) dict_keys(['example_xcom']) retrieved from /Users/mnagy99/opt/anaconda3/envs/airflow-env/lib/python3.8/site-packages/airflow/example_dags/example_xcom.py
[2022-11-06T02:44:33.923+0200] {logging_mixin.py:120} INFO - [2022-11-06T02:44:33.923+0200] {dag.py:2585} INFO - Sync 1 DAGs
[2022-11-06T02:44:33.943+0200] {logging_mixin.py:120} INFO - [2022-11-06T02:44:33.942+0200] {dag.py:3336} INFO - Setting next_dagrun for example_xcom to 2021-01-01T00:00:00+00:00, run_after=2021-01-01T00:00:00+00:00
[2022-11-06T02:44:33.976+0200] {processor.py:176} INFO - Processing /Users/mnagy99/opt/anaconda3/envs/airflow-env/lib/python3.8/site-packages/airflow/example_dags/example_xcom.py took 0.614 seconds
[2022-11-06T02:46:48.224+0200] {processor.py:154} INFO - Started process (PID=4863) to work on /Users/mnagy99/opt/anaconda3/envs/airflow-env/lib/python3.8/site-packages/airflow/example_dags/example_xcom.py
[2022-11-06T02:46:48.225+0200] {processor.py:756} INFO - Processing file /Users/mnagy99/opt/anaconda3/envs/airflow-env/lib/python3.8/site-packages/airflow/example_dags/example_xcom.py for tasks to queue
[2022-11-06T02:46:48.226+0200] {logging_mixin.py:120} INFO - [2022-11-06T02:46:48.226+0200] {dagbag.py:537} INFO - Filling up the DagBag from /Users/mnagy99/opt/anaconda3/envs/airflow-env/lib/python3.8/site-packages/airflow/example_dags/example_xcom.py
[2022-11-06T02:46:48.300+0200] {processor.py:766} INFO - DAG(s) dict_keys(['example_xcom']) retrieved from /Users/mnagy99/opt/anaconda3/envs/airflow-env/lib/python3.8/site-packages/airflow/example_dags/example_xcom.py
[2022-11-06T02:46:48.933+0200] {logging_mixin.py:120} INFO - [2022-11-06T02:46:48.933+0200] {dag.py:2585} INFO - Sync 1 DAGs
[2022-11-06T02:46:48.950+0200] {logging_mixin.py:120} INFO - [2022-11-06T02:46:48.950+0200] {dag.py:3336} INFO - Setting next_dagrun for example_xcom to 2021-01-01T00:00:00+00:00, run_after=2021-01-01T00:00:00+00:00
[2022-11-06T02:46:48.972+0200] {processor.py:176} INFO - Processing /Users/mnagy99/opt/anaconda3/envs/airflow-env/lib/python3.8/site-packages/airflow/example_dags/example_xcom.py took 0.749 seconds
[2022-11-06T02:48:55.681+0200] {processor.py:154} INFO - Started process (PID=4990) to work on /Users/mnagy99/opt/anaconda3/envs/airflow-env/lib/python3.8/site-packages/airflow/example_dags/example_xcom.py
[2022-11-06T02:48:55.683+0200] {processor.py:756} INFO - Processing file /Users/mnagy99/opt/anaconda3/envs/airflow-env/lib/python3.8/site-packages/airflow/example_dags/example_xcom.py for tasks to queue
[2022-11-06T02:48:55.684+0200] {logging_mixin.py:120} INFO - [2022-11-06T02:48:55.684+0200] {dagbag.py:537} INFO - Filling up the DagBag from /Users/mnagy99/opt/anaconda3/envs/airflow-env/lib/python3.8/site-packages/airflow/example_dags/example_xcom.py
[2022-11-06T02:48:55.733+0200] {processor.py:766} INFO - DAG(s) dict_keys(['example_xcom']) retrieved from /Users/mnagy99/opt/anaconda3/envs/airflow-env/lib/python3.8/site-packages/airflow/example_dags/example_xcom.py
[2022-11-06T02:48:56.205+0200] {logging_mixin.py:120} INFO - [2022-11-06T02:48:56.205+0200] {dag.py:2585} INFO - Sync 1 DAGs
[2022-11-06T02:48:56.218+0200] {logging_mixin.py:120} INFO - [2022-11-06T02:48:56.218+0200] {dag.py:3336} INFO - Setting next_dagrun for example_xcom to 2021-01-01T00:00:00+00:00, run_after=2021-01-01T00:00:00+00:00
[2022-11-06T02:48:56.235+0200] {processor.py:176} INFO - Processing /Users/mnagy99/opt/anaconda3/envs/airflow-env/lib/python3.8/site-packages/airflow/example_dags/example_xcom.py took 0.555 seconds
[2022-11-06T02:51:01.402+0200] {processor.py:154} INFO - Started process (PID=5113) to work on /Users/mnagy99/opt/anaconda3/envs/airflow-env/lib/python3.8/site-packages/airflow/example_dags/example_xcom.py
[2022-11-06T02:51:01.405+0200] {processor.py:756} INFO - Processing file /Users/mnagy99/opt/anaconda3/envs/airflow-env/lib/python3.8/site-packages/airflow/example_dags/example_xcom.py for tasks to queue
[2022-11-06T02:51:01.406+0200] {logging_mixin.py:120} INFO - [2022-11-06T02:51:01.405+0200] {dagbag.py:537} INFO - Filling up the DagBag from /Users/mnagy99/opt/anaconda3/envs/airflow-env/lib/python3.8/site-packages/airflow/example_dags/example_xcom.py
[2022-11-06T02:51:01.448+0200] {processor.py:766} INFO - DAG(s) dict_keys(['example_xcom']) retrieved from /Users/mnagy99/opt/anaconda3/envs/airflow-env/lib/python3.8/site-packages/airflow/example_dags/example_xcom.py
[2022-11-06T02:51:01.902+0200] {logging_mixin.py:120} INFO - [2022-11-06T02:51:01.901+0200] {dag.py:2585} INFO - Sync 1 DAGs
[2022-11-06T02:51:01.915+0200] {logging_mixin.py:120} INFO - [2022-11-06T02:51:01.915+0200] {dag.py:3336} INFO - Setting next_dagrun for example_xcom to 2021-01-01T00:00:00+00:00, run_after=2021-01-01T00:00:00+00:00
[2022-11-06T02:51:01.933+0200] {processor.py:176} INFO - Processing /Users/mnagy99/opt/anaconda3/envs/airflow-env/lib/python3.8/site-packages/airflow/example_dags/example_xcom.py took 0.532 seconds
[2022-11-06T02:53:07.777+0200] {processor.py:154} INFO - Started process (PID=5241) to work on /Users/mnagy99/opt/anaconda3/envs/airflow-env/lib/python3.8/site-packages/airflow/example_dags/example_xcom.py
[2022-11-06T02:53:07.780+0200] {processor.py:756} INFO - Processing file /Users/mnagy99/opt/anaconda3/envs/airflow-env/lib/python3.8/site-packages/airflow/example_dags/example_xcom.py for tasks to queue
[2022-11-06T02:53:07.780+0200] {logging_mixin.py:120} INFO - [2022-11-06T02:53:07.780+0200] {dagbag.py:537} INFO - Filling up the DagBag from /Users/mnagy99/opt/anaconda3/envs/airflow-env/lib/python3.8/site-packages/airflow/example_dags/example_xcom.py
[2022-11-06T02:53:07.827+0200] {processor.py:766} INFO - DAG(s) dict_keys(['example_xcom']) retrieved from /Users/mnagy99/opt/anaconda3/envs/airflow-env/lib/python3.8/site-packages/airflow/example_dags/example_xcom.py
[2022-11-06T02:53:08.248+0200] {logging_mixin.py:120} INFO - [2022-11-06T02:53:08.247+0200] {dag.py:2585} INFO - Sync 1 DAGs
[2022-11-06T02:53:08.261+0200] {logging_mixin.py:120} INFO - [2022-11-06T02:53:08.261+0200] {dag.py:3336} INFO - Setting next_dagrun for example_xcom to 2021-01-01T00:00:00+00:00, run_after=2021-01-01T00:00:00+00:00
[2022-11-06T02:53:08.281+0200] {processor.py:176} INFO - Processing /Users/mnagy99/opt/anaconda3/envs/airflow-env/lib/python3.8/site-packages/airflow/example_dags/example_xcom.py took 0.504 seconds
[2022-11-06T02:55:16.549+0200] {processor.py:154} INFO - Started process (PID=5365) to work on /Users/mnagy99/opt/anaconda3/envs/airflow-env/lib/python3.8/site-packages/airflow/example_dags/example_xcom.py
[2022-11-06T02:55:16.551+0200] {processor.py:756} INFO - Processing file /Users/mnagy99/opt/anaconda3/envs/airflow-env/lib/python3.8/site-packages/airflow/example_dags/example_xcom.py for tasks to queue
[2022-11-06T02:55:16.551+0200] {logging_mixin.py:120} INFO - [2022-11-06T02:55:16.551+0200] {dagbag.py:537} INFO - Filling up the DagBag from /Users/mnagy99/opt/anaconda3/envs/airflow-env/lib/python3.8/site-packages/airflow/example_dags/example_xcom.py
[2022-11-06T02:55:16.615+0200] {processor.py:766} INFO - DAG(s) dict_keys(['example_xcom']) retrieved from /Users/mnagy99/opt/anaconda3/envs/airflow-env/lib/python3.8/site-packages/airflow/example_dags/example_xcom.py
[2022-11-06T02:55:17.201+0200] {logging_mixin.py:120} INFO - [2022-11-06T02:55:17.201+0200] {dag.py:2585} INFO - Sync 1 DAGs
[2022-11-06T02:55:17.225+0200] {logging_mixin.py:120} INFO - [2022-11-06T02:55:17.225+0200] {dag.py:3336} INFO - Setting next_dagrun for example_xcom to 2021-01-01T00:00:00+00:00, run_after=2021-01-01T00:00:00+00:00
[2022-11-06T02:55:17.249+0200] {processor.py:176} INFO - Processing /Users/mnagy99/opt/anaconda3/envs/airflow-env/lib/python3.8/site-packages/airflow/example_dags/example_xcom.py took 0.701 seconds
[2022-11-06T02:57:32.970+0200] {processor.py:154} INFO - Started process (PID=5511) to work on /Users/mnagy99/opt/anaconda3/envs/airflow-env/lib/python3.8/site-packages/airflow/example_dags/example_xcom.py
[2022-11-06T02:57:32.973+0200] {processor.py:756} INFO - Processing file /Users/mnagy99/opt/anaconda3/envs/airflow-env/lib/python3.8/site-packages/airflow/example_dags/example_xcom.py for tasks to queue
[2022-11-06T02:57:32.974+0200] {logging_mixin.py:120} INFO - [2022-11-06T02:57:32.974+0200] {dagbag.py:537} INFO - Filling up the DagBag from /Users/mnagy99/opt/anaconda3/envs/airflow-env/lib/python3.8/site-packages/airflow/example_dags/example_xcom.py
[2022-11-06T02:57:33.019+0200] {processor.py:766} INFO - DAG(s) dict_keys(['example_xcom']) retrieved from /Users/mnagy99/opt/anaconda3/envs/airflow-env/lib/python3.8/site-packages/airflow/example_dags/example_xcom.py
[2022-11-06T02:57:33.456+0200] {logging_mixin.py:120} INFO - [2022-11-06T02:57:33.456+0200] {dag.py:2585} INFO - Sync 1 DAGs
[2022-11-06T02:57:33.472+0200] {logging_mixin.py:120} INFO - [2022-11-06T02:57:33.472+0200] {dag.py:3336} INFO - Setting next_dagrun for example_xcom to 2021-01-01T00:00:00+00:00, run_after=2021-01-01T00:00:00+00:00
[2022-11-06T02:57:33.494+0200] {processor.py:176} INFO - Processing /Users/mnagy99/opt/anaconda3/envs/airflow-env/lib/python3.8/site-packages/airflow/example_dags/example_xcom.py took 0.524 seconds
[2022-11-06T02:59:51.309+0200] {processor.py:154} INFO - Started process (PID=5648) to work on /Users/mnagy99/opt/anaconda3/envs/airflow-env/lib/python3.8/site-packages/airflow/example_dags/example_xcom.py
[2022-11-06T02:59:51.310+0200] {processor.py:756} INFO - Processing file /Users/mnagy99/opt/anaconda3/envs/airflow-env/lib/python3.8/site-packages/airflow/example_dags/example_xcom.py for tasks to queue
[2022-11-06T02:59:51.310+0200] {logging_mixin.py:120} INFO - [2022-11-06T02:59:51.310+0200] {dagbag.py:537} INFO - Filling up the DagBag from /Users/mnagy99/opt/anaconda3/envs/airflow-env/lib/python3.8/site-packages/airflow/example_dags/example_xcom.py
[2022-11-06T02:59:51.351+0200] {processor.py:766} INFO - DAG(s) dict_keys(['example_xcom']) retrieved from /Users/mnagy99/opt/anaconda3/envs/airflow-env/lib/python3.8/site-packages/airflow/example_dags/example_xcom.py
[2022-11-06T02:59:51.894+0200] {logging_mixin.py:120} INFO - [2022-11-06T02:59:51.894+0200] {dag.py:2585} INFO - Sync 1 DAGs
[2022-11-06T02:59:51.910+0200] {logging_mixin.py:120} INFO - [2022-11-06T02:59:51.910+0200] {dag.py:3336} INFO - Setting next_dagrun for example_xcom to 2021-01-01T00:00:00+00:00, run_after=2021-01-01T00:00:00+00:00
[2022-11-06T02:59:51.927+0200] {processor.py:176} INFO - Processing /Users/mnagy99/opt/anaconda3/envs/airflow-env/lib/python3.8/site-packages/airflow/example_dags/example_xcom.py took 0.619 seconds
[2022-11-06T03:02:35.913+0200] {processor.py:154} INFO - Started process (PID=5794) to work on /Users/mnagy99/opt/anaconda3/envs/airflow-env/lib/python3.8/site-packages/airflow/example_dags/example_xcom.py
[2022-11-06T03:02:35.914+0200] {processor.py:756} INFO - Processing file /Users/mnagy99/opt/anaconda3/envs/airflow-env/lib/python3.8/site-packages/airflow/example_dags/example_xcom.py for tasks to queue
[2022-11-06T03:02:35.915+0200] {logging_mixin.py:120} INFO - [2022-11-06T03:02:35.915+0200] {dagbag.py:537} INFO - Filling up the DagBag from /Users/mnagy99/opt/anaconda3/envs/airflow-env/lib/python3.8/site-packages/airflow/example_dags/example_xcom.py
[2022-11-06T03:02:35.985+0200] {processor.py:766} INFO - DAG(s) dict_keys(['example_xcom']) retrieved from /Users/mnagy99/opt/anaconda3/envs/airflow-env/lib/python3.8/site-packages/airflow/example_dags/example_xcom.py
[2022-11-06T03:02:36.556+0200] {logging_mixin.py:120} INFO - [2022-11-06T03:02:36.556+0200] {dag.py:2585} INFO - Sync 1 DAGs
[2022-11-06T03:02:36.573+0200] {logging_mixin.py:120} INFO - [2022-11-06T03:02:36.573+0200] {dag.py:3336} INFO - Setting next_dagrun for example_xcom to 2021-01-01T00:00:00+00:00, run_after=2021-01-01T00:00:00+00:00
[2022-11-06T03:02:36.596+0200] {processor.py:176} INFO - Processing /Users/mnagy99/opt/anaconda3/envs/airflow-env/lib/python3.8/site-packages/airflow/example_dags/example_xcom.py took 0.684 seconds
[2022-11-06T03:04:55.696+0200] {processor.py:154} INFO - Started process (PID=5925) to work on /Users/mnagy99/opt/anaconda3/envs/airflow-env/lib/python3.8/site-packages/airflow/example_dags/example_xcom.py
[2022-11-06T03:04:55.698+0200] {processor.py:756} INFO - Processing file /Users/mnagy99/opt/anaconda3/envs/airflow-env/lib/python3.8/site-packages/airflow/example_dags/example_xcom.py for tasks to queue
[2022-11-06T03:04:55.699+0200] {logging_mixin.py:120} INFO - [2022-11-06T03:04:55.699+0200] {dagbag.py:537} INFO - Filling up the DagBag from /Users/mnagy99/opt/anaconda3/envs/airflow-env/lib/python3.8/site-packages/airflow/example_dags/example_xcom.py
[2022-11-06T03:04:55.748+0200] {processor.py:766} INFO - DAG(s) dict_keys(['example_xcom']) retrieved from /Users/mnagy99/opt/anaconda3/envs/airflow-env/lib/python3.8/site-packages/airflow/example_dags/example_xcom.py
[2022-11-06T03:04:56.187+0200] {logging_mixin.py:120} INFO - [2022-11-06T03:04:56.187+0200] {dag.py:2585} INFO - Sync 1 DAGs
[2022-11-06T03:04:56.202+0200] {logging_mixin.py:120} INFO - [2022-11-06T03:04:56.202+0200] {dag.py:3336} INFO - Setting next_dagrun for example_xcom to 2021-01-01T00:00:00+00:00, run_after=2021-01-01T00:00:00+00:00
[2022-11-06T03:04:56.220+0200] {processor.py:176} INFO - Processing /Users/mnagy99/opt/anaconda3/envs/airflow-env/lib/python3.8/site-packages/airflow/example_dags/example_xcom.py took 0.524 seconds
[2022-11-06T03:07:15.532+0200] {processor.py:154} INFO - Started process (PID=6060) to work on /Users/mnagy99/opt/anaconda3/envs/airflow-env/lib/python3.8/site-packages/airflow/example_dags/example_xcom.py
[2022-11-06T03:07:15.533+0200] {processor.py:756} INFO - Processing file /Users/mnagy99/opt/anaconda3/envs/airflow-env/lib/python3.8/site-packages/airflow/example_dags/example_xcom.py for tasks to queue
[2022-11-06T03:07:15.534+0200] {logging_mixin.py:120} INFO - [2022-11-06T03:07:15.534+0200] {dagbag.py:537} INFO - Filling up the DagBag from /Users/mnagy99/opt/anaconda3/envs/airflow-env/lib/python3.8/site-packages/airflow/example_dags/example_xcom.py
[2022-11-06T03:07:15.574+0200] {processor.py:766} INFO - DAG(s) dict_keys(['example_xcom']) retrieved from /Users/mnagy99/opt/anaconda3/envs/airflow-env/lib/python3.8/site-packages/airflow/example_dags/example_xcom.py
[2022-11-06T03:07:16.034+0200] {logging_mixin.py:120} INFO - [2022-11-06T03:07:16.033+0200] {dag.py:2585} INFO - Sync 1 DAGs
[2022-11-06T03:07:16.047+0200] {logging_mixin.py:120} INFO - [2022-11-06T03:07:16.047+0200] {dag.py:3336} INFO - Setting next_dagrun for example_xcom to 2021-01-01T00:00:00+00:00, run_after=2021-01-01T00:00:00+00:00
[2022-11-06T03:07:16.064+0200] {processor.py:176} INFO - Processing /Users/mnagy99/opt/anaconda3/envs/airflow-env/lib/python3.8/site-packages/airflow/example_dags/example_xcom.py took 0.533 seconds
[2022-11-06T03:09:20.014+0200] {processor.py:154} INFO - Started process (PID=6186) to work on /Users/mnagy99/opt/anaconda3/envs/airflow-env/lib/python3.8/site-packages/airflow/example_dags/example_xcom.py
[2022-11-06T03:09:20.016+0200] {processor.py:756} INFO - Processing file /Users/mnagy99/opt/anaconda3/envs/airflow-env/lib/python3.8/site-packages/airflow/example_dags/example_xcom.py for tasks to queue
[2022-11-06T03:09:20.017+0200] {logging_mixin.py:120} INFO - [2022-11-06T03:09:20.016+0200] {dagbag.py:537} INFO - Filling up the DagBag from /Users/mnagy99/opt/anaconda3/envs/airflow-env/lib/python3.8/site-packages/airflow/example_dags/example_xcom.py
[2022-11-06T03:09:20.062+0200] {processor.py:766} INFO - DAG(s) dict_keys(['example_xcom']) retrieved from /Users/mnagy99/opt/anaconda3/envs/airflow-env/lib/python3.8/site-packages/airflow/example_dags/example_xcom.py
[2022-11-06T03:09:20.501+0200] {logging_mixin.py:120} INFO - [2022-11-06T03:09:20.501+0200] {dag.py:2585} INFO - Sync 1 DAGs
[2022-11-06T03:09:20.515+0200] {logging_mixin.py:120} INFO - [2022-11-06T03:09:20.515+0200] {dag.py:3336} INFO - Setting next_dagrun for example_xcom to 2021-01-01T00:00:00+00:00, run_after=2021-01-01T00:00:00+00:00
[2022-11-06T03:09:20.532+0200] {processor.py:176} INFO - Processing /Users/mnagy99/opt/anaconda3/envs/airflow-env/lib/python3.8/site-packages/airflow/example_dags/example_xcom.py took 0.518 seconds
[2022-11-06T03:11:24.113+0200] {processor.py:154} INFO - Started process (PID=6322) to work on /Users/mnagy99/opt/anaconda3/envs/airflow-env/lib/python3.8/site-packages/airflow/example_dags/example_xcom.py
[2022-11-06T03:11:24.116+0200] {processor.py:756} INFO - Processing file /Users/mnagy99/opt/anaconda3/envs/airflow-env/lib/python3.8/site-packages/airflow/example_dags/example_xcom.py for tasks to queue
[2022-11-06T03:11:24.116+0200] {logging_mixin.py:120} INFO - [2022-11-06T03:11:24.116+0200] {dagbag.py:537} INFO - Filling up the DagBag from /Users/mnagy99/opt/anaconda3/envs/airflow-env/lib/python3.8/site-packages/airflow/example_dags/example_xcom.py
[2022-11-06T03:11:24.161+0200] {processor.py:766} INFO - DAG(s) dict_keys(['example_xcom']) retrieved from /Users/mnagy99/opt/anaconda3/envs/airflow-env/lib/python3.8/site-packages/airflow/example_dags/example_xcom.py
[2022-11-06T03:11:24.657+0200] {logging_mixin.py:120} INFO - [2022-11-06T03:11:24.657+0200] {dag.py:2585} INFO - Sync 1 DAGs
[2022-11-06T03:11:24.677+0200] {logging_mixin.py:120} INFO - [2022-11-06T03:11:24.677+0200] {dag.py:3336} INFO - Setting next_dagrun for example_xcom to 2021-01-01T00:00:00+00:00, run_after=2021-01-01T00:00:00+00:00
[2022-11-06T03:11:24.706+0200] {processor.py:176} INFO - Processing /Users/mnagy99/opt/anaconda3/envs/airflow-env/lib/python3.8/site-packages/airflow/example_dags/example_xcom.py took 0.593 seconds
[2022-11-06T03:13:32.532+0200] {processor.py:154} INFO - Started process (PID=6452) to work on /Users/mnagy99/opt/anaconda3/envs/airflow-env/lib/python3.8/site-packages/airflow/example_dags/example_xcom.py
[2022-11-06T03:13:32.535+0200] {processor.py:756} INFO - Processing file /Users/mnagy99/opt/anaconda3/envs/airflow-env/lib/python3.8/site-packages/airflow/example_dags/example_xcom.py for tasks to queue
[2022-11-06T03:13:32.535+0200] {logging_mixin.py:120} INFO - [2022-11-06T03:13:32.535+0200] {dagbag.py:537} INFO - Filling up the DagBag from /Users/mnagy99/opt/anaconda3/envs/airflow-env/lib/python3.8/site-packages/airflow/example_dags/example_xcom.py
[2022-11-06T03:13:32.586+0200] {processor.py:766} INFO - DAG(s) dict_keys(['example_xcom']) retrieved from /Users/mnagy99/opt/anaconda3/envs/airflow-env/lib/python3.8/site-packages/airflow/example_dags/example_xcom.py
[2022-11-06T03:13:33.178+0200] {logging_mixin.py:120} INFO - [2022-11-06T03:13:33.178+0200] {dag.py:2585} INFO - Sync 1 DAGs
[2022-11-06T03:13:33.197+0200] {logging_mixin.py:120} INFO - [2022-11-06T03:13:33.197+0200] {dag.py:3336} INFO - Setting next_dagrun for example_xcom to 2021-01-01T00:00:00+00:00, run_after=2021-01-01T00:00:00+00:00
[2022-11-06T03:13:33.217+0200] {processor.py:176} INFO - Processing /Users/mnagy99/opt/anaconda3/envs/airflow-env/lib/python3.8/site-packages/airflow/example_dags/example_xcom.py took 0.686 seconds
[2022-11-06T03:15:32.138+0200] {processor.py:154} INFO - Started process (PID=6580) to work on /Users/mnagy99/opt/anaconda3/envs/airflow-env/lib/python3.8/site-packages/airflow/example_dags/example_xcom.py
[2022-11-06T03:15:32.138+0200] {processor.py:756} INFO - Processing file /Users/mnagy99/opt/anaconda3/envs/airflow-env/lib/python3.8/site-packages/airflow/example_dags/example_xcom.py for tasks to queue
[2022-11-06T03:15:32.139+0200] {logging_mixin.py:120} INFO - [2022-11-06T03:15:32.139+0200] {dagbag.py:537} INFO - Filling up the DagBag from /Users/mnagy99/opt/anaconda3/envs/airflow-env/lib/python3.8/site-packages/airflow/example_dags/example_xcom.py
[2022-11-06T03:15:32.178+0200] {processor.py:766} INFO - DAG(s) dict_keys(['example_xcom']) retrieved from /Users/mnagy99/opt/anaconda3/envs/airflow-env/lib/python3.8/site-packages/airflow/example_dags/example_xcom.py
[2022-11-06T03:15:32.603+0200] {logging_mixin.py:120} INFO - [2022-11-06T03:15:32.602+0200] {dag.py:2585} INFO - Sync 1 DAGs
[2022-11-06T03:15:32.616+0200] {logging_mixin.py:120} INFO - [2022-11-06T03:15:32.616+0200] {dag.py:3336} INFO - Setting next_dagrun for example_xcom to 2021-01-01T00:00:00+00:00, run_after=2021-01-01T00:00:00+00:00
[2022-11-06T03:15:32.634+0200] {processor.py:176} INFO - Processing /Users/mnagy99/opt/anaconda3/envs/airflow-env/lib/python3.8/site-packages/airflow/example_dags/example_xcom.py took 0.497 seconds
[2022-11-06T03:17:29.444+0200] {processor.py:154} INFO - Started process (PID=6714) to work on /Users/mnagy99/opt/anaconda3/envs/airflow-env/lib/python3.8/site-packages/airflow/example_dags/example_xcom.py
[2022-11-06T03:17:29.446+0200] {processor.py:756} INFO - Processing file /Users/mnagy99/opt/anaconda3/envs/airflow-env/lib/python3.8/site-packages/airflow/example_dags/example_xcom.py for tasks to queue
[2022-11-06T03:17:29.447+0200] {logging_mixin.py:120} INFO - [2022-11-06T03:17:29.447+0200] {dagbag.py:537} INFO - Filling up the DagBag from /Users/mnagy99/opt/anaconda3/envs/airflow-env/lib/python3.8/site-packages/airflow/example_dags/example_xcom.py
[2022-11-06T03:17:29.487+0200] {processor.py:766} INFO - DAG(s) dict_keys(['example_xcom']) retrieved from /Users/mnagy99/opt/anaconda3/envs/airflow-env/lib/python3.8/site-packages/airflow/example_dags/example_xcom.py
[2022-11-06T03:17:29.908+0200] {logging_mixin.py:120} INFO - [2022-11-06T03:17:29.907+0200] {dag.py:2585} INFO - Sync 1 DAGs
[2022-11-06T03:17:29.921+0200] {logging_mixin.py:120} INFO - [2022-11-06T03:17:29.921+0200] {dag.py:3336} INFO - Setting next_dagrun for example_xcom to 2021-01-01T00:00:00+00:00, run_after=2021-01-01T00:00:00+00:00
[2022-11-06T03:17:29.939+0200] {processor.py:176} INFO - Processing /Users/mnagy99/opt/anaconda3/envs/airflow-env/lib/python3.8/site-packages/airflow/example_dags/example_xcom.py took 0.496 seconds
[2022-11-06T03:19:27.306+0200] {processor.py:154} INFO - Started process (PID=6838) to work on /Users/mnagy99/opt/anaconda3/envs/airflow-env/lib/python3.8/site-packages/airflow/example_dags/example_xcom.py
[2022-11-06T03:19:27.306+0200] {processor.py:756} INFO - Processing file /Users/mnagy99/opt/anaconda3/envs/airflow-env/lib/python3.8/site-packages/airflow/example_dags/example_xcom.py for tasks to queue
[2022-11-06T03:19:27.307+0200] {logging_mixin.py:120} INFO - [2022-11-06T03:19:27.307+0200] {dagbag.py:537} INFO - Filling up the DagBag from /Users/mnagy99/opt/anaconda3/envs/airflow-env/lib/python3.8/site-packages/airflow/example_dags/example_xcom.py
[2022-11-06T03:19:27.349+0200] {processor.py:766} INFO - DAG(s) dict_keys(['example_xcom']) retrieved from /Users/mnagy99/opt/anaconda3/envs/airflow-env/lib/python3.8/site-packages/airflow/example_dags/example_xcom.py
[2022-11-06T03:19:27.829+0200] {logging_mixin.py:120} INFO - [2022-11-06T03:19:27.829+0200] {dag.py:2585} INFO - Sync 1 DAGs
[2022-11-06T03:19:27.845+0200] {logging_mixin.py:120} INFO - [2022-11-06T03:19:27.845+0200] {dag.py:3336} INFO - Setting next_dagrun for example_xcom to 2021-01-01T00:00:00+00:00, run_after=2021-01-01T00:00:00+00:00
[2022-11-06T03:19:27.866+0200] {processor.py:176} INFO - Processing /Users/mnagy99/opt/anaconda3/envs/airflow-env/lib/python3.8/site-packages/airflow/example_dags/example_xcom.py took 0.561 seconds
[2022-11-06T03:21:29.015+0200] {processor.py:154} INFO - Started process (PID=6963) to work on /Users/mnagy99/opt/anaconda3/envs/airflow-env/lib/python3.8/site-packages/airflow/example_dags/example_xcom.py
[2022-11-06T03:21:29.016+0200] {processor.py:756} INFO - Processing file /Users/mnagy99/opt/anaconda3/envs/airflow-env/lib/python3.8/site-packages/airflow/example_dags/example_xcom.py for tasks to queue
[2022-11-06T03:21:29.016+0200] {logging_mixin.py:120} INFO - [2022-11-06T03:21:29.016+0200] {dagbag.py:537} INFO - Filling up the DagBag from /Users/mnagy99/opt/anaconda3/envs/airflow-env/lib/python3.8/site-packages/airflow/example_dags/example_xcom.py
[2022-11-06T03:21:29.056+0200] {processor.py:766} INFO - DAG(s) dict_keys(['example_xcom']) retrieved from /Users/mnagy99/opt/anaconda3/envs/airflow-env/lib/python3.8/site-packages/airflow/example_dags/example_xcom.py
[2022-11-06T03:21:29.477+0200] {logging_mixin.py:120} INFO - [2022-11-06T03:21:29.476+0200] {dag.py:2585} INFO - Sync 1 DAGs
[2022-11-06T03:21:29.490+0200] {logging_mixin.py:120} INFO - [2022-11-06T03:21:29.490+0200] {dag.py:3336} INFO - Setting next_dagrun for example_xcom to 2021-01-01T00:00:00+00:00, run_after=2021-01-01T00:00:00+00:00
[2022-11-06T03:21:29.508+0200] {processor.py:176} INFO - Processing /Users/mnagy99/opt/anaconda3/envs/airflow-env/lib/python3.8/site-packages/airflow/example_dags/example_xcom.py took 0.494 seconds
[2022-11-06T03:23:29.639+0200] {processor.py:154} INFO - Started process (PID=7092) to work on /Users/mnagy99/opt/anaconda3/envs/airflow-env/lib/python3.8/site-packages/airflow/example_dags/example_xcom.py
[2022-11-06T03:23:29.641+0200] {processor.py:756} INFO - Processing file /Users/mnagy99/opt/anaconda3/envs/airflow-env/lib/python3.8/site-packages/airflow/example_dags/example_xcom.py for tasks to queue
[2022-11-06T03:23:29.642+0200] {logging_mixin.py:120} INFO - [2022-11-06T03:23:29.642+0200] {dagbag.py:537} INFO - Filling up the DagBag from /Users/mnagy99/opt/anaconda3/envs/airflow-env/lib/python3.8/site-packages/airflow/example_dags/example_xcom.py
[2022-11-06T03:23:29.688+0200] {processor.py:766} INFO - DAG(s) dict_keys(['example_xcom']) retrieved from /Users/mnagy99/opt/anaconda3/envs/airflow-env/lib/python3.8/site-packages/airflow/example_dags/example_xcom.py
[2022-11-06T03:23:30.107+0200] {logging_mixin.py:120} INFO - [2022-11-06T03:23:30.107+0200] {dag.py:2585} INFO - Sync 1 DAGs
[2022-11-06T03:23:30.121+0200] {logging_mixin.py:120} INFO - [2022-11-06T03:23:30.120+0200] {dag.py:3336} INFO - Setting next_dagrun for example_xcom to 2021-01-01T00:00:00+00:00, run_after=2021-01-01T00:00:00+00:00
[2022-11-06T03:23:30.139+0200] {processor.py:176} INFO - Processing /Users/mnagy99/opt/anaconda3/envs/airflow-env/lib/python3.8/site-packages/airflow/example_dags/example_xcom.py took 0.501 seconds
[2022-11-06T03:25:25.979+0200] {processor.py:154} INFO - Started process (PID=7214) to work on /Users/mnagy99/opt/anaconda3/envs/airflow-env/lib/python3.8/site-packages/airflow/example_dags/example_xcom.py
[2022-11-06T03:25:25.980+0200] {processor.py:756} INFO - Processing file /Users/mnagy99/opt/anaconda3/envs/airflow-env/lib/python3.8/site-packages/airflow/example_dags/example_xcom.py for tasks to queue
[2022-11-06T03:25:25.980+0200] {logging_mixin.py:120} INFO - [2022-11-06T03:25:25.980+0200] {dagbag.py:537} INFO - Filling up the DagBag from /Users/mnagy99/opt/anaconda3/envs/airflow-env/lib/python3.8/site-packages/airflow/example_dags/example_xcom.py
[2022-11-06T03:25:26.020+0200] {processor.py:766} INFO - DAG(s) dict_keys(['example_xcom']) retrieved from /Users/mnagy99/opt/anaconda3/envs/airflow-env/lib/python3.8/site-packages/airflow/example_dags/example_xcom.py
[2022-11-06T03:25:26.442+0200] {logging_mixin.py:120} INFO - [2022-11-06T03:25:26.442+0200] {dag.py:2585} INFO - Sync 1 DAGs
[2022-11-06T03:25:26.455+0200] {logging_mixin.py:120} INFO - [2022-11-06T03:25:26.455+0200] {dag.py:3336} INFO - Setting next_dagrun for example_xcom to 2021-01-01T00:00:00+00:00, run_after=2021-01-01T00:00:00+00:00
[2022-11-06T03:25:26.476+0200] {processor.py:176} INFO - Processing /Users/mnagy99/opt/anaconda3/envs/airflow-env/lib/python3.8/site-packages/airflow/example_dags/example_xcom.py took 0.497 seconds
[2022-11-06T03:27:25.832+0200] {processor.py:154} INFO - Started process (PID=7361) to work on /Users/mnagy99/opt/anaconda3/envs/airflow-env/lib/python3.8/site-packages/airflow/example_dags/example_xcom.py
[2022-11-06T03:27:25.834+0200] {processor.py:756} INFO - Processing file /Users/mnagy99/opt/anaconda3/envs/airflow-env/lib/python3.8/site-packages/airflow/example_dags/example_xcom.py for tasks to queue
[2022-11-06T03:27:25.835+0200] {logging_mixin.py:120} INFO - [2022-11-06T03:27:25.835+0200] {dagbag.py:537} INFO - Filling up the DagBag from /Users/mnagy99/opt/anaconda3/envs/airflow-env/lib/python3.8/site-packages/airflow/example_dags/example_xcom.py
[2022-11-06T03:27:25.881+0200] {processor.py:766} INFO - DAG(s) dict_keys(['example_xcom']) retrieved from /Users/mnagy99/opt/anaconda3/envs/airflow-env/lib/python3.8/site-packages/airflow/example_dags/example_xcom.py
[2022-11-06T03:27:26.298+0200] {logging_mixin.py:120} INFO - [2022-11-06T03:27:26.297+0200] {dag.py:2585} INFO - Sync 1 DAGs
[2022-11-06T03:27:26.311+0200] {logging_mixin.py:120} INFO - [2022-11-06T03:27:26.311+0200] {dag.py:3336} INFO - Setting next_dagrun for example_xcom to 2021-01-01T00:00:00+00:00, run_after=2021-01-01T00:00:00+00:00
[2022-11-06T03:27:26.330+0200] {processor.py:176} INFO - Processing /Users/mnagy99/opt/anaconda3/envs/airflow-env/lib/python3.8/site-packages/airflow/example_dags/example_xcom.py took 0.499 seconds
[2022-11-06T03:29:30.824+0200] {processor.py:154} INFO - Started process (PID=7487) to work on /Users/mnagy99/opt/anaconda3/envs/airflow-env/lib/python3.8/site-packages/airflow/example_dags/example_xcom.py
[2022-11-06T03:29:30.825+0200] {processor.py:756} INFO - Processing file /Users/mnagy99/opt/anaconda3/envs/airflow-env/lib/python3.8/site-packages/airflow/example_dags/example_xcom.py for tasks to queue
[2022-11-06T03:29:30.826+0200] {logging_mixin.py:120} INFO - [2022-11-06T03:29:30.825+0200] {dagbag.py:537} INFO - Filling up the DagBag from /Users/mnagy99/opt/anaconda3/envs/airflow-env/lib/python3.8/site-packages/airflow/example_dags/example_xcom.py
[2022-11-06T03:29:30.877+0200] {processor.py:766} INFO - DAG(s) dict_keys(['example_xcom']) retrieved from /Users/mnagy99/opt/anaconda3/envs/airflow-env/lib/python3.8/site-packages/airflow/example_dags/example_xcom.py
[2022-11-06T03:29:31.295+0200] {logging_mixin.py:120} INFO - [2022-11-06T03:29:31.294+0200] {dag.py:2585} INFO - Sync 1 DAGs
[2022-11-06T03:29:31.308+0200] {logging_mixin.py:120} INFO - [2022-11-06T03:29:31.308+0200] {dag.py:3336} INFO - Setting next_dagrun for example_xcom to 2021-01-01T00:00:00+00:00, run_after=2021-01-01T00:00:00+00:00
[2022-11-06T03:29:31.329+0200] {processor.py:176} INFO - Processing /Users/mnagy99/opt/anaconda3/envs/airflow-env/lib/python3.8/site-packages/airflow/example_dags/example_xcom.py took 0.506 seconds
[2022-11-06T03:31:28.176+0200] {processor.py:154} INFO - Started process (PID=7613) to work on /Users/mnagy99/opt/anaconda3/envs/airflow-env/lib/python3.8/site-packages/airflow/example_dags/example_xcom.py
[2022-11-06T03:31:28.178+0200] {processor.py:756} INFO - Processing file /Users/mnagy99/opt/anaconda3/envs/airflow-env/lib/python3.8/site-packages/airflow/example_dags/example_xcom.py for tasks to queue
[2022-11-06T03:31:28.179+0200] {logging_mixin.py:120} INFO - [2022-11-06T03:31:28.179+0200] {dagbag.py:537} INFO - Filling up the DagBag from /Users/mnagy99/opt/anaconda3/envs/airflow-env/lib/python3.8/site-packages/airflow/example_dags/example_xcom.py
[2022-11-06T03:31:28.234+0200] {processor.py:766} INFO - DAG(s) dict_keys(['example_xcom']) retrieved from /Users/mnagy99/opt/anaconda3/envs/airflow-env/lib/python3.8/site-packages/airflow/example_dags/example_xcom.py
[2022-11-06T03:31:28.677+0200] {logging_mixin.py:120} INFO - [2022-11-06T03:31:28.677+0200] {dag.py:2585} INFO - Sync 1 DAGs
[2022-11-06T03:31:28.692+0200] {logging_mixin.py:120} INFO - [2022-11-06T03:31:28.692+0200] {dag.py:3336} INFO - Setting next_dagrun for example_xcom to 2021-01-01T00:00:00+00:00, run_after=2021-01-01T00:00:00+00:00
[2022-11-06T03:31:28.714+0200] {processor.py:176} INFO - Processing /Users/mnagy99/opt/anaconda3/envs/airflow-env/lib/python3.8/site-packages/airflow/example_dags/example_xcom.py took 0.538 seconds
[2022-11-06T03:33:41.534+0200] {processor.py:154} INFO - Started process (PID=7751) to work on /Users/mnagy99/opt/anaconda3/envs/airflow-env/lib/python3.8/site-packages/airflow/example_dags/example_xcom.py
[2022-11-06T03:33:41.535+0200] {processor.py:756} INFO - Processing file /Users/mnagy99/opt/anaconda3/envs/airflow-env/lib/python3.8/site-packages/airflow/example_dags/example_xcom.py for tasks to queue
[2022-11-06T03:33:41.535+0200] {logging_mixin.py:120} INFO - [2022-11-06T03:33:41.535+0200] {dagbag.py:537} INFO - Filling up the DagBag from /Users/mnagy99/opt/anaconda3/envs/airflow-env/lib/python3.8/site-packages/airflow/example_dags/example_xcom.py
[2022-11-06T03:33:41.583+0200] {processor.py:766} INFO - DAG(s) dict_keys(['example_xcom']) retrieved from /Users/mnagy99/opt/anaconda3/envs/airflow-env/lib/python3.8/site-packages/airflow/example_dags/example_xcom.py
[2022-11-06T03:33:42.005+0200] {logging_mixin.py:120} INFO - [2022-11-06T03:33:42.005+0200] {dag.py:2585} INFO - Sync 1 DAGs
[2022-11-06T03:33:42.018+0200] {logging_mixin.py:120} INFO - [2022-11-06T03:33:42.018+0200] {dag.py:3336} INFO - Setting next_dagrun for example_xcom to 2021-01-01T00:00:00+00:00, run_after=2021-01-01T00:00:00+00:00
[2022-11-06T03:33:42.049+0200] {processor.py:176} INFO - Processing /Users/mnagy99/opt/anaconda3/envs/airflow-env/lib/python3.8/site-packages/airflow/example_dags/example_xcom.py took 0.515 seconds
[2022-11-06T03:35:47.176+0200] {processor.py:154} INFO - Started process (PID=7924) to work on /Users/mnagy99/opt/anaconda3/envs/airflow-env/lib/python3.8/site-packages/airflow/example_dags/example_xcom.py
[2022-11-06T03:35:47.179+0200] {processor.py:756} INFO - Processing file /Users/mnagy99/opt/anaconda3/envs/airflow-env/lib/python3.8/site-packages/airflow/example_dags/example_xcom.py for tasks to queue
[2022-11-06T03:35:47.180+0200] {logging_mixin.py:120} INFO - [2022-11-06T03:35:47.180+0200] {dagbag.py:537} INFO - Filling up the DagBag from /Users/mnagy99/opt/anaconda3/envs/airflow-env/lib/python3.8/site-packages/airflow/example_dags/example_xcom.py
[2022-11-06T03:35:47.248+0200] {processor.py:766} INFO - DAG(s) dict_keys(['example_xcom']) retrieved from /Users/mnagy99/opt/anaconda3/envs/airflow-env/lib/python3.8/site-packages/airflow/example_dags/example_xcom.py
[2022-11-06T03:35:47.974+0200] {logging_mixin.py:120} INFO - [2022-11-06T03:35:47.974+0200] {dag.py:2585} INFO - Sync 1 DAGs
[2022-11-06T03:35:47.991+0200] {logging_mixin.py:120} INFO - [2022-11-06T03:35:47.991+0200] {dag.py:3336} INFO - Setting next_dagrun for example_xcom to 2021-01-01T00:00:00+00:00, run_after=2021-01-01T00:00:00+00:00
[2022-11-06T03:35:48.032+0200] {processor.py:176} INFO - Processing /Users/mnagy99/opt/anaconda3/envs/airflow-env/lib/python3.8/site-packages/airflow/example_dags/example_xcom.py took 0.857 seconds
[2022-11-06T03:37:50.399+0200] {processor.py:154} INFO - Started process (PID=8048) to work on /Users/mnagy99/opt/anaconda3/envs/airflow-env/lib/python3.8/site-packages/airflow/example_dags/example_xcom.py
[2022-11-06T03:37:50.401+0200] {processor.py:756} INFO - Processing file /Users/mnagy99/opt/anaconda3/envs/airflow-env/lib/python3.8/site-packages/airflow/example_dags/example_xcom.py for tasks to queue
[2022-11-06T03:37:50.401+0200] {logging_mixin.py:120} INFO - [2022-11-06T03:37:50.401+0200] {dagbag.py:537} INFO - Filling up the DagBag from /Users/mnagy99/opt/anaconda3/envs/airflow-env/lib/python3.8/site-packages/airflow/example_dags/example_xcom.py
[2022-11-06T03:37:50.446+0200] {processor.py:766} INFO - DAG(s) dict_keys(['example_xcom']) retrieved from /Users/mnagy99/opt/anaconda3/envs/airflow-env/lib/python3.8/site-packages/airflow/example_dags/example_xcom.py
[2022-11-06T03:37:50.867+0200] {logging_mixin.py:120} INFO - [2022-11-06T03:37:50.867+0200] {dag.py:2585} INFO - Sync 1 DAGs
[2022-11-06T03:37:50.881+0200] {logging_mixin.py:120} INFO - [2022-11-06T03:37:50.881+0200] {dag.py:3336} INFO - Setting next_dagrun for example_xcom to 2021-01-01T00:00:00+00:00, run_after=2021-01-01T00:00:00+00:00
[2022-11-06T03:37:50.900+0200] {processor.py:176} INFO - Processing /Users/mnagy99/opt/anaconda3/envs/airflow-env/lib/python3.8/site-packages/airflow/example_dags/example_xcom.py took 0.501 seconds
[2022-11-06T03:39:49.202+0200] {processor.py:154} INFO - Started process (PID=8169) to work on /Users/mnagy99/opt/anaconda3/envs/airflow-env/lib/python3.8/site-packages/airflow/example_dags/example_xcom.py
[2022-11-06T03:39:49.203+0200] {processor.py:756} INFO - Processing file /Users/mnagy99/opt/anaconda3/envs/airflow-env/lib/python3.8/site-packages/airflow/example_dags/example_xcom.py for tasks to queue
[2022-11-06T03:39:49.203+0200] {logging_mixin.py:120} INFO - [2022-11-06T03:39:49.203+0200] {dagbag.py:537} INFO - Filling up the DagBag from /Users/mnagy99/opt/anaconda3/envs/airflow-env/lib/python3.8/site-packages/airflow/example_dags/example_xcom.py
[2022-11-06T03:39:49.244+0200] {processor.py:766} INFO - DAG(s) dict_keys(['example_xcom']) retrieved from /Users/mnagy99/opt/anaconda3/envs/airflow-env/lib/python3.8/site-packages/airflow/example_dags/example_xcom.py
[2022-11-06T03:39:49.660+0200] {logging_mixin.py:120} INFO - [2022-11-06T03:39:49.660+0200] {dag.py:2585} INFO - Sync 1 DAGs
[2022-11-06T03:39:49.673+0200] {logging_mixin.py:120} INFO - [2022-11-06T03:39:49.673+0200] {dag.py:3336} INFO - Setting next_dagrun for example_xcom to 2021-01-01T00:00:00+00:00, run_after=2021-01-01T00:00:00+00:00
[2022-11-06T03:39:49.691+0200] {processor.py:176} INFO - Processing /Users/mnagy99/opt/anaconda3/envs/airflow-env/lib/python3.8/site-packages/airflow/example_dags/example_xcom.py took 0.490 seconds
[2022-11-06T03:41:48.532+0200] {processor.py:154} INFO - Started process (PID=8291) to work on /Users/mnagy99/opt/anaconda3/envs/airflow-env/lib/python3.8/site-packages/airflow/example_dags/example_xcom.py
[2022-11-06T03:41:48.535+0200] {processor.py:756} INFO - Processing file /Users/mnagy99/opt/anaconda3/envs/airflow-env/lib/python3.8/site-packages/airflow/example_dags/example_xcom.py for tasks to queue
[2022-11-06T03:41:48.535+0200] {logging_mixin.py:120} INFO - [2022-11-06T03:41:48.535+0200] {dagbag.py:537} INFO - Filling up the DagBag from /Users/mnagy99/opt/anaconda3/envs/airflow-env/lib/python3.8/site-packages/airflow/example_dags/example_xcom.py
[2022-11-06T03:41:48.582+0200] {processor.py:766} INFO - DAG(s) dict_keys(['example_xcom']) retrieved from /Users/mnagy99/opt/anaconda3/envs/airflow-env/lib/python3.8/site-packages/airflow/example_dags/example_xcom.py
[2022-11-06T03:41:49.032+0200] {logging_mixin.py:120} INFO - [2022-11-06T03:41:49.031+0200] {dag.py:2585} INFO - Sync 1 DAGs
[2022-11-06T03:41:49.047+0200] {logging_mixin.py:120} INFO - [2022-11-06T03:41:49.047+0200] {dag.py:3336} INFO - Setting next_dagrun for example_xcom to 2021-01-01T00:00:00+00:00, run_after=2021-01-01T00:00:00+00:00
[2022-11-06T03:41:49.064+0200] {processor.py:176} INFO - Processing /Users/mnagy99/opt/anaconda3/envs/airflow-env/lib/python3.8/site-packages/airflow/example_dags/example_xcom.py took 0.533 seconds
[2022-11-06T03:43:48.304+0200] {processor.py:154} INFO - Started process (PID=8413) to work on /Users/mnagy99/opt/anaconda3/envs/airflow-env/lib/python3.8/site-packages/airflow/example_dags/example_xcom.py
[2022-11-06T03:43:48.306+0200] {processor.py:756} INFO - Processing file /Users/mnagy99/opt/anaconda3/envs/airflow-env/lib/python3.8/site-packages/airflow/example_dags/example_xcom.py for tasks to queue
[2022-11-06T03:43:48.307+0200] {logging_mixin.py:120} INFO - [2022-11-06T03:43:48.307+0200] {dagbag.py:537} INFO - Filling up the DagBag from /Users/mnagy99/opt/anaconda3/envs/airflow-env/lib/python3.8/site-packages/airflow/example_dags/example_xcom.py
[2022-11-06T03:43:48.351+0200] {processor.py:766} INFO - DAG(s) dict_keys(['example_xcom']) retrieved from /Users/mnagy99/opt/anaconda3/envs/airflow-env/lib/python3.8/site-packages/airflow/example_dags/example_xcom.py
[2022-11-06T03:43:48.810+0200] {logging_mixin.py:120} INFO - [2022-11-06T03:43:48.809+0200] {dag.py:2585} INFO - Sync 1 DAGs
[2022-11-06T03:43:48.825+0200] {logging_mixin.py:120} INFO - [2022-11-06T03:43:48.825+0200] {dag.py:3336} INFO - Setting next_dagrun for example_xcom to 2021-01-01T00:00:00+00:00, run_after=2021-01-01T00:00:00+00:00
[2022-11-06T03:43:48.842+0200] {processor.py:176} INFO - Processing /Users/mnagy99/opt/anaconda3/envs/airflow-env/lib/python3.8/site-packages/airflow/example_dags/example_xcom.py took 0.539 seconds
[2022-11-06T03:45:51.120+0200] {processor.py:154} INFO - Started process (PID=8558) to work on /Users/mnagy99/opt/anaconda3/envs/airflow-env/lib/python3.8/site-packages/airflow/example_dags/example_xcom.py
[2022-11-06T03:45:51.123+0200] {processor.py:756} INFO - Processing file /Users/mnagy99/opt/anaconda3/envs/airflow-env/lib/python3.8/site-packages/airflow/example_dags/example_xcom.py for tasks to queue
[2022-11-06T03:45:51.123+0200] {logging_mixin.py:120} INFO - [2022-11-06T03:45:51.123+0200] {dagbag.py:537} INFO - Filling up the DagBag from /Users/mnagy99/opt/anaconda3/envs/airflow-env/lib/python3.8/site-packages/airflow/example_dags/example_xcom.py
[2022-11-06T03:45:51.171+0200] {processor.py:766} INFO - DAG(s) dict_keys(['example_xcom']) retrieved from /Users/mnagy99/opt/anaconda3/envs/airflow-env/lib/python3.8/site-packages/airflow/example_dags/example_xcom.py
[2022-11-06T03:45:51.612+0200] {logging_mixin.py:120} INFO - [2022-11-06T03:45:51.612+0200] {dag.py:2585} INFO - Sync 1 DAGs
[2022-11-06T03:45:51.626+0200] {logging_mixin.py:120} INFO - [2022-11-06T03:45:51.626+0200] {dag.py:3336} INFO - Setting next_dagrun for example_xcom to 2021-01-01T00:00:00+00:00, run_after=2021-01-01T00:00:00+00:00
[2022-11-06T03:45:51.644+0200] {processor.py:176} INFO - Processing /Users/mnagy99/opt/anaconda3/envs/airflow-env/lib/python3.8/site-packages/airflow/example_dags/example_xcom.py took 0.524 seconds
[2022-11-06T03:47:53.584+0200] {processor.py:154} INFO - Started process (PID=8679) to work on /Users/mnagy99/opt/anaconda3/envs/airflow-env/lib/python3.8/site-packages/airflow/example_dags/example_xcom.py
[2022-11-06T03:47:53.587+0200] {processor.py:756} INFO - Processing file /Users/mnagy99/opt/anaconda3/envs/airflow-env/lib/python3.8/site-packages/airflow/example_dags/example_xcom.py for tasks to queue
[2022-11-06T03:47:53.587+0200] {logging_mixin.py:120} INFO - [2022-11-06T03:47:53.587+0200] {dagbag.py:537} INFO - Filling up the DagBag from /Users/mnagy99/opt/anaconda3/envs/airflow-env/lib/python3.8/site-packages/airflow/example_dags/example_xcom.py
[2022-11-06T03:47:53.629+0200] {processor.py:766} INFO - DAG(s) dict_keys(['example_xcom']) retrieved from /Users/mnagy99/opt/anaconda3/envs/airflow-env/lib/python3.8/site-packages/airflow/example_dags/example_xcom.py
[2022-11-06T03:47:54.072+0200] {logging_mixin.py:120} INFO - [2022-11-06T03:47:54.072+0200] {dag.py:2585} INFO - Sync 1 DAGs
[2022-11-06T03:47:54.086+0200] {logging_mixin.py:120} INFO - [2022-11-06T03:47:54.086+0200] {dag.py:3336} INFO - Setting next_dagrun for example_xcom to 2021-01-01T00:00:00+00:00, run_after=2021-01-01T00:00:00+00:00
[2022-11-06T03:47:54.103+0200] {processor.py:176} INFO - Processing /Users/mnagy99/opt/anaconda3/envs/airflow-env/lib/python3.8/site-packages/airflow/example_dags/example_xcom.py took 0.519 seconds
[2022-11-06T03:50:00.539+0200] {processor.py:154} INFO - Started process (PID=8801) to work on /Users/mnagy99/opt/anaconda3/envs/airflow-env/lib/python3.8/site-packages/airflow/example_dags/example_xcom.py
[2022-11-06T03:50:00.541+0200] {processor.py:756} INFO - Processing file /Users/mnagy99/opt/anaconda3/envs/airflow-env/lib/python3.8/site-packages/airflow/example_dags/example_xcom.py for tasks to queue
[2022-11-06T03:50:00.541+0200] {logging_mixin.py:120} INFO - [2022-11-06T03:50:00.541+0200] {dagbag.py:537} INFO - Filling up the DagBag from /Users/mnagy99/opt/anaconda3/envs/airflow-env/lib/python3.8/site-packages/airflow/example_dags/example_xcom.py
[2022-11-06T03:50:00.582+0200] {processor.py:766} INFO - DAG(s) dict_keys(['example_xcom']) retrieved from /Users/mnagy99/opt/anaconda3/envs/airflow-env/lib/python3.8/site-packages/airflow/example_dags/example_xcom.py
[2022-11-06T03:50:01.065+0200] {logging_mixin.py:120} INFO - [2022-11-06T03:50:01.065+0200] {dag.py:2585} INFO - Sync 1 DAGs
[2022-11-06T03:50:01.079+0200] {logging_mixin.py:120} INFO - [2022-11-06T03:50:01.079+0200] {dag.py:3336} INFO - Setting next_dagrun for example_xcom to 2021-01-01T00:00:00+00:00, run_after=2021-01-01T00:00:00+00:00
[2022-11-06T03:50:01.095+0200] {processor.py:176} INFO - Processing /Users/mnagy99/opt/anaconda3/envs/airflow-env/lib/python3.8/site-packages/airflow/example_dags/example_xcom.py took 0.557 seconds
[2022-11-06T03:52:04.290+0200] {processor.py:154} INFO - Started process (PID=8932) to work on /Users/mnagy99/opt/anaconda3/envs/airflow-env/lib/python3.8/site-packages/airflow/example_dags/example_xcom.py
[2022-11-06T03:52:04.291+0200] {processor.py:756} INFO - Processing file /Users/mnagy99/opt/anaconda3/envs/airflow-env/lib/python3.8/site-packages/airflow/example_dags/example_xcom.py for tasks to queue
[2022-11-06T03:52:04.292+0200] {logging_mixin.py:120} INFO - [2022-11-06T03:52:04.292+0200] {dagbag.py:537} INFO - Filling up the DagBag from /Users/mnagy99/opt/anaconda3/envs/airflow-env/lib/python3.8/site-packages/airflow/example_dags/example_xcom.py
[2022-11-06T03:52:04.335+0200] {processor.py:766} INFO - DAG(s) dict_keys(['example_xcom']) retrieved from /Users/mnagy99/opt/anaconda3/envs/airflow-env/lib/python3.8/site-packages/airflow/example_dags/example_xcom.py
[2022-11-06T03:52:04.777+0200] {logging_mixin.py:120} INFO - [2022-11-06T03:52:04.776+0200] {dag.py:2585} INFO - Sync 1 DAGs
[2022-11-06T03:52:04.790+0200] {logging_mixin.py:120} INFO - [2022-11-06T03:52:04.790+0200] {dag.py:3336} INFO - Setting next_dagrun for example_xcom to 2021-01-01T00:00:00+00:00, run_after=2021-01-01T00:00:00+00:00
[2022-11-06T03:52:04.810+0200] {processor.py:176} INFO - Processing /Users/mnagy99/opt/anaconda3/envs/airflow-env/lib/python3.8/site-packages/airflow/example_dags/example_xcom.py took 0.521 seconds
[2022-11-06T03:54:17.931+0200] {processor.py:154} INFO - Started process (PID=9065) to work on /Users/mnagy99/opt/anaconda3/envs/airflow-env/lib/python3.8/site-packages/airflow/example_dags/example_xcom.py
[2022-11-06T03:54:17.933+0200] {processor.py:756} INFO - Processing file /Users/mnagy99/opt/anaconda3/envs/airflow-env/lib/python3.8/site-packages/airflow/example_dags/example_xcom.py for tasks to queue
[2022-11-06T03:54:17.933+0200] {logging_mixin.py:120} INFO - [2022-11-06T03:54:17.933+0200] {dagbag.py:537} INFO - Filling up the DagBag from /Users/mnagy99/opt/anaconda3/envs/airflow-env/lib/python3.8/site-packages/airflow/example_dags/example_xcom.py
[2022-11-06T03:54:18.006+0200] {processor.py:766} INFO - DAG(s) dict_keys(['example_xcom']) retrieved from /Users/mnagy99/opt/anaconda3/envs/airflow-env/lib/python3.8/site-packages/airflow/example_dags/example_xcom.py
[2022-11-06T03:54:18.506+0200] {logging_mixin.py:120} INFO - [2022-11-06T03:54:18.505+0200] {dag.py:2585} INFO - Sync 1 DAGs
[2022-11-06T03:54:18.523+0200] {logging_mixin.py:120} INFO - [2022-11-06T03:54:18.522+0200] {dag.py:3336} INFO - Setting next_dagrun for example_xcom to 2021-01-01T00:00:00+00:00, run_after=2021-01-01T00:00:00+00:00
[2022-11-06T03:54:18.555+0200] {processor.py:176} INFO - Processing /Users/mnagy99/opt/anaconda3/envs/airflow-env/lib/python3.8/site-packages/airflow/example_dags/example_xcom.py took 0.626 seconds
[2022-11-06T03:56:38.422+0200] {processor.py:154} INFO - Started process (PID=9207) to work on /Users/mnagy99/opt/anaconda3/envs/airflow-env/lib/python3.8/site-packages/airflow/example_dags/example_xcom.py
[2022-11-06T03:56:38.424+0200] {processor.py:756} INFO - Processing file /Users/mnagy99/opt/anaconda3/envs/airflow-env/lib/python3.8/site-packages/airflow/example_dags/example_xcom.py for tasks to queue
[2022-11-06T03:56:38.424+0200] {logging_mixin.py:120} INFO - [2022-11-06T03:56:38.424+0200] {dagbag.py:537} INFO - Filling up the DagBag from /Users/mnagy99/opt/anaconda3/envs/airflow-env/lib/python3.8/site-packages/airflow/example_dags/example_xcom.py
[2022-11-06T03:56:38.471+0200] {processor.py:766} INFO - DAG(s) dict_keys(['example_xcom']) retrieved from /Users/mnagy99/opt/anaconda3/envs/airflow-env/lib/python3.8/site-packages/airflow/example_dags/example_xcom.py
[2022-11-06T03:56:38.905+0200] {logging_mixin.py:120} INFO - [2022-11-06T03:56:38.905+0200] {dag.py:2585} INFO - Sync 1 DAGs
[2022-11-06T03:56:38.920+0200] {logging_mixin.py:120} INFO - [2022-11-06T03:56:38.920+0200] {dag.py:3336} INFO - Setting next_dagrun for example_xcom to 2021-01-01T00:00:00+00:00, run_after=2021-01-01T00:00:00+00:00
[2022-11-06T03:56:38.938+0200] {processor.py:176} INFO - Processing /Users/mnagy99/opt/anaconda3/envs/airflow-env/lib/python3.8/site-packages/airflow/example_dags/example_xcom.py took 0.517 seconds
[2022-11-06T03:58:51.274+0200] {processor.py:154} INFO - Started process (PID=9335) to work on /Users/mnagy99/opt/anaconda3/envs/airflow-env/lib/python3.8/site-packages/airflow/example_dags/example_xcom.py
[2022-11-06T03:58:51.276+0200] {processor.py:756} INFO - Processing file /Users/mnagy99/opt/anaconda3/envs/airflow-env/lib/python3.8/site-packages/airflow/example_dags/example_xcom.py for tasks to queue
[2022-11-06T03:58:51.277+0200] {logging_mixin.py:120} INFO - [2022-11-06T03:58:51.277+0200] {dagbag.py:537} INFO - Filling up the DagBag from /Users/mnagy99/opt/anaconda3/envs/airflow-env/lib/python3.8/site-packages/airflow/example_dags/example_xcom.py
[2022-11-06T03:58:51.322+0200] {processor.py:766} INFO - DAG(s) dict_keys(['example_xcom']) retrieved from /Users/mnagy99/opt/anaconda3/envs/airflow-env/lib/python3.8/site-packages/airflow/example_dags/example_xcom.py
[2022-11-06T03:58:51.805+0200] {logging_mixin.py:120} INFO - [2022-11-06T03:58:51.805+0200] {dag.py:2585} INFO - Sync 1 DAGs
[2022-11-06T03:58:51.820+0200] {logging_mixin.py:120} INFO - [2022-11-06T03:58:51.820+0200] {dag.py:3336} INFO - Setting next_dagrun for example_xcom to 2021-01-01T00:00:00+00:00, run_after=2021-01-01T00:00:00+00:00
[2022-11-06T03:58:51.837+0200] {processor.py:176} INFO - Processing /Users/mnagy99/opt/anaconda3/envs/airflow-env/lib/python3.8/site-packages/airflow/example_dags/example_xcom.py took 0.564 seconds
[2022-11-06T04:01:21.073+0200] {processor.py:154} INFO - Started process (PID=9496) to work on /Users/mnagy99/opt/anaconda3/envs/airflow-env/lib/python3.8/site-packages/airflow/example_dags/example_xcom.py
[2022-11-06T04:01:21.075+0200] {processor.py:756} INFO - Processing file /Users/mnagy99/opt/anaconda3/envs/airflow-env/lib/python3.8/site-packages/airflow/example_dags/example_xcom.py for tasks to queue
[2022-11-06T04:01:21.075+0200] {logging_mixin.py:120} INFO - [2022-11-06T04:01:21.075+0200] {dagbag.py:537} INFO - Filling up the DagBag from /Users/mnagy99/opt/anaconda3/envs/airflow-env/lib/python3.8/site-packages/airflow/example_dags/example_xcom.py
[2022-11-06T04:01:21.117+0200] {processor.py:766} INFO - DAG(s) dict_keys(['example_xcom']) retrieved from /Users/mnagy99/opt/anaconda3/envs/airflow-env/lib/python3.8/site-packages/airflow/example_dags/example_xcom.py
[2022-11-06T04:01:21.556+0200] {logging_mixin.py:120} INFO - [2022-11-06T04:01:21.556+0200] {dag.py:2585} INFO - Sync 1 DAGs
[2022-11-06T04:01:21.571+0200] {logging_mixin.py:120} INFO - [2022-11-06T04:01:21.571+0200] {dag.py:3336} INFO - Setting next_dagrun for example_xcom to 2021-01-01T00:00:00+00:00, run_after=2021-01-01T00:00:00+00:00
[2022-11-06T04:01:21.590+0200] {processor.py:176} INFO - Processing /Users/mnagy99/opt/anaconda3/envs/airflow-env/lib/python3.8/site-packages/airflow/example_dags/example_xcom.py took 0.518 seconds
[2022-11-06T04:03:38.571+0200] {processor.py:154} INFO - Started process (PID=9634) to work on /Users/mnagy99/opt/anaconda3/envs/airflow-env/lib/python3.8/site-packages/airflow/example_dags/example_xcom.py
[2022-11-06T04:03:38.572+0200] {processor.py:756} INFO - Processing file /Users/mnagy99/opt/anaconda3/envs/airflow-env/lib/python3.8/site-packages/airflow/example_dags/example_xcom.py for tasks to queue
[2022-11-06T04:03:38.573+0200] {logging_mixin.py:120} INFO - [2022-11-06T04:03:38.572+0200] {dagbag.py:537} INFO - Filling up the DagBag from /Users/mnagy99/opt/anaconda3/envs/airflow-env/lib/python3.8/site-packages/airflow/example_dags/example_xcom.py
[2022-11-06T04:03:38.613+0200] {processor.py:766} INFO - DAG(s) dict_keys(['example_xcom']) retrieved from /Users/mnagy99/opt/anaconda3/envs/airflow-env/lib/python3.8/site-packages/airflow/example_dags/example_xcom.py
[2022-11-06T04:03:39.032+0200] {logging_mixin.py:120} INFO - [2022-11-06T04:03:39.032+0200] {dag.py:2585} INFO - Sync 1 DAGs
[2022-11-06T04:03:39.047+0200] {logging_mixin.py:120} INFO - [2022-11-06T04:03:39.047+0200] {dag.py:3336} INFO - Setting next_dagrun for example_xcom to 2021-01-01T00:00:00+00:00, run_after=2021-01-01T00:00:00+00:00
[2022-11-06T04:03:39.067+0200] {processor.py:176} INFO - Processing /Users/mnagy99/opt/anaconda3/envs/airflow-env/lib/python3.8/site-packages/airflow/example_dags/example_xcom.py took 0.496 seconds
[2022-11-06T04:05:45.235+0200] {processor.py:154} INFO - Started process (PID=9776) to work on /Users/mnagy99/opt/anaconda3/envs/airflow-env/lib/python3.8/site-packages/airflow/example_dags/example_xcom.py
[2022-11-06T04:05:45.238+0200] {processor.py:756} INFO - Processing file /Users/mnagy99/opt/anaconda3/envs/airflow-env/lib/python3.8/site-packages/airflow/example_dags/example_xcom.py for tasks to queue
[2022-11-06T04:05:45.239+0200] {logging_mixin.py:120} INFO - [2022-11-06T04:05:45.238+0200] {dagbag.py:537} INFO - Filling up the DagBag from /Users/mnagy99/opt/anaconda3/envs/airflow-env/lib/python3.8/site-packages/airflow/example_dags/example_xcom.py
[2022-11-06T04:05:45.281+0200] {processor.py:766} INFO - DAG(s) dict_keys(['example_xcom']) retrieved from /Users/mnagy99/opt/anaconda3/envs/airflow-env/lib/python3.8/site-packages/airflow/example_dags/example_xcom.py
[2022-11-06T04:05:45.748+0200] {logging_mixin.py:120} INFO - [2022-11-06T04:05:45.747+0200] {dag.py:2585} INFO - Sync 1 DAGs
[2022-11-06T04:05:45.763+0200] {logging_mixin.py:120} INFO - [2022-11-06T04:05:45.763+0200] {dag.py:3336} INFO - Setting next_dagrun for example_xcom to 2021-01-01T00:00:00+00:00, run_after=2021-01-01T00:00:00+00:00
[2022-11-06T04:05:45.783+0200] {processor.py:176} INFO - Processing /Users/mnagy99/opt/anaconda3/envs/airflow-env/lib/python3.8/site-packages/airflow/example_dags/example_xcom.py took 0.548 seconds
[2022-11-06T04:08:19.482+0200] {processor.py:154} INFO - Started process (PID=9928) to work on /Users/mnagy99/opt/anaconda3/envs/airflow-env/lib/python3.8/site-packages/airflow/example_dags/example_xcom.py
[2022-11-06T04:08:19.483+0200] {processor.py:756} INFO - Processing file /Users/mnagy99/opt/anaconda3/envs/airflow-env/lib/python3.8/site-packages/airflow/example_dags/example_xcom.py for tasks to queue
[2022-11-06T04:08:19.484+0200] {logging_mixin.py:120} INFO - [2022-11-06T04:08:19.483+0200] {dagbag.py:537} INFO - Filling up the DagBag from /Users/mnagy99/opt/anaconda3/envs/airflow-env/lib/python3.8/site-packages/airflow/example_dags/example_xcom.py
[2022-11-06T04:08:19.528+0200] {processor.py:766} INFO - DAG(s) dict_keys(['example_xcom']) retrieved from /Users/mnagy99/opt/anaconda3/envs/airflow-env/lib/python3.8/site-packages/airflow/example_dags/example_xcom.py
[2022-11-06T04:08:19.981+0200] {logging_mixin.py:120} INFO - [2022-11-06T04:08:19.981+0200] {dag.py:2585} INFO - Sync 1 DAGs
[2022-11-06T04:08:19.996+0200] {logging_mixin.py:120} INFO - [2022-11-06T04:08:19.996+0200] {dag.py:3336} INFO - Setting next_dagrun for example_xcom to 2021-01-01T00:00:00+00:00, run_after=2021-01-01T00:00:00+00:00
[2022-11-06T04:08:20.016+0200] {processor.py:176} INFO - Processing /Users/mnagy99/opt/anaconda3/envs/airflow-env/lib/python3.8/site-packages/airflow/example_dags/example_xcom.py took 0.535 seconds
[2022-11-06T04:10:24.666+0200] {processor.py:154} INFO - Started process (PID=10063) to work on /Users/mnagy99/opt/anaconda3/envs/airflow-env/lib/python3.8/site-packages/airflow/example_dags/example_xcom.py
[2022-11-06T04:10:24.669+0200] {processor.py:756} INFO - Processing file /Users/mnagy99/opt/anaconda3/envs/airflow-env/lib/python3.8/site-packages/airflow/example_dags/example_xcom.py for tasks to queue
[2022-11-06T04:10:24.669+0200] {logging_mixin.py:120} INFO - [2022-11-06T04:10:24.669+0200] {dagbag.py:537} INFO - Filling up the DagBag from /Users/mnagy99/opt/anaconda3/envs/airflow-env/lib/python3.8/site-packages/airflow/example_dags/example_xcom.py
[2022-11-06T04:10:24.719+0200] {processor.py:766} INFO - DAG(s) dict_keys(['example_xcom']) retrieved from /Users/mnagy99/opt/anaconda3/envs/airflow-env/lib/python3.8/site-packages/airflow/example_dags/example_xcom.py
[2022-11-06T04:10:25.145+0200] {logging_mixin.py:120} INFO - [2022-11-06T04:10:25.145+0200] {dag.py:2585} INFO - Sync 1 DAGs
[2022-11-06T04:10:25.158+0200] {logging_mixin.py:120} INFO - [2022-11-06T04:10:25.158+0200] {dag.py:3336} INFO - Setting next_dagrun for example_xcom to 2021-01-01T00:00:00+00:00, run_after=2021-01-01T00:00:00+00:00
[2022-11-06T04:10:25.176+0200] {processor.py:176} INFO - Processing /Users/mnagy99/opt/anaconda3/envs/airflow-env/lib/python3.8/site-packages/airflow/example_dags/example_xcom.py took 0.511 seconds
[2022-11-06T04:12:49.838+0200] {processor.py:154} INFO - Started process (PID=10214) to work on /Users/mnagy99/opt/anaconda3/envs/airflow-env/lib/python3.8/site-packages/airflow/example_dags/example_xcom.py
[2022-11-06T04:12:49.839+0200] {processor.py:756} INFO - Processing file /Users/mnagy99/opt/anaconda3/envs/airflow-env/lib/python3.8/site-packages/airflow/example_dags/example_xcom.py for tasks to queue
[2022-11-06T04:12:49.840+0200] {logging_mixin.py:120} INFO - [2022-11-06T04:12:49.840+0200] {dagbag.py:537} INFO - Filling up the DagBag from /Users/mnagy99/opt/anaconda3/envs/airflow-env/lib/python3.8/site-packages/airflow/example_dags/example_xcom.py
[2022-11-06T04:12:49.885+0200] {processor.py:766} INFO - DAG(s) dict_keys(['example_xcom']) retrieved from /Users/mnagy99/opt/anaconda3/envs/airflow-env/lib/python3.8/site-packages/airflow/example_dags/example_xcom.py
[2022-11-06T04:12:50.339+0200] {logging_mixin.py:120} INFO - [2022-11-06T04:12:50.339+0200] {dag.py:2585} INFO - Sync 1 DAGs
[2022-11-06T04:12:50.355+0200] {logging_mixin.py:120} INFO - [2022-11-06T04:12:50.355+0200] {dag.py:3336} INFO - Setting next_dagrun for example_xcom to 2021-01-01T00:00:00+00:00, run_after=2021-01-01T00:00:00+00:00
[2022-11-06T04:12:50.374+0200] {processor.py:176} INFO - Processing /Users/mnagy99/opt/anaconda3/envs/airflow-env/lib/python3.8/site-packages/airflow/example_dags/example_xcom.py took 0.537 seconds
[2022-11-06T04:14:48.659+0200] {processor.py:154} INFO - Started process (PID=10344) to work on /Users/mnagy99/opt/anaconda3/envs/airflow-env/lib/python3.8/site-packages/airflow/example_dags/example_xcom.py
[2022-11-06T04:14:48.661+0200] {processor.py:756} INFO - Processing file /Users/mnagy99/opt/anaconda3/envs/airflow-env/lib/python3.8/site-packages/airflow/example_dags/example_xcom.py for tasks to queue
[2022-11-06T04:14:48.662+0200] {logging_mixin.py:120} INFO - [2022-11-06T04:14:48.662+0200] {dagbag.py:537} INFO - Filling up the DagBag from /Users/mnagy99/opt/anaconda3/envs/airflow-env/lib/python3.8/site-packages/airflow/example_dags/example_xcom.py
[2022-11-06T04:14:48.705+0200] {processor.py:766} INFO - DAG(s) dict_keys(['example_xcom']) retrieved from /Users/mnagy99/opt/anaconda3/envs/airflow-env/lib/python3.8/site-packages/airflow/example_dags/example_xcom.py
[2022-11-06T04:14:49.124+0200] {logging_mixin.py:120} INFO - [2022-11-06T04:14:49.124+0200] {dag.py:2585} INFO - Sync 1 DAGs
[2022-11-06T04:14:49.137+0200] {logging_mixin.py:120} INFO - [2022-11-06T04:14:49.137+0200] {dag.py:3336} INFO - Setting next_dagrun for example_xcom to 2021-01-01T00:00:00+00:00, run_after=2021-01-01T00:00:00+00:00
[2022-11-06T04:14:49.155+0200] {processor.py:176} INFO - Processing /Users/mnagy99/opt/anaconda3/envs/airflow-env/lib/python3.8/site-packages/airflow/example_dags/example_xcom.py took 0.497 seconds
[2022-11-06T04:17:08.167+0200] {processor.py:154} INFO - Started process (PID=10479) to work on /Users/mnagy99/opt/anaconda3/envs/airflow-env/lib/python3.8/site-packages/airflow/example_dags/example_xcom.py
[2022-11-06T04:17:08.169+0200] {processor.py:756} INFO - Processing file /Users/mnagy99/opt/anaconda3/envs/airflow-env/lib/python3.8/site-packages/airflow/example_dags/example_xcom.py for tasks to queue
[2022-11-06T04:17:08.169+0200] {logging_mixin.py:120} INFO - [2022-11-06T04:17:08.169+0200] {dagbag.py:537} INFO - Filling up the DagBag from /Users/mnagy99/opt/anaconda3/envs/airflow-env/lib/python3.8/site-packages/airflow/example_dags/example_xcom.py
[2022-11-06T04:17:08.214+0200] {processor.py:766} INFO - DAG(s) dict_keys(['example_xcom']) retrieved from /Users/mnagy99/opt/anaconda3/envs/airflow-env/lib/python3.8/site-packages/airflow/example_dags/example_xcom.py
[2022-11-06T04:17:08.635+0200] {logging_mixin.py:120} INFO - [2022-11-06T04:17:08.635+0200] {dag.py:2585} INFO - Sync 1 DAGs
[2022-11-06T04:17:08.648+0200] {logging_mixin.py:120} INFO - [2022-11-06T04:17:08.648+0200] {dag.py:3336} INFO - Setting next_dagrun for example_xcom to 2021-01-01T00:00:00+00:00, run_after=2021-01-01T00:00:00+00:00
[2022-11-06T04:17:08.670+0200] {processor.py:176} INFO - Processing /Users/mnagy99/opt/anaconda3/envs/airflow-env/lib/python3.8/site-packages/airflow/example_dags/example_xcom.py took 0.504 seconds
