[2022-11-06T02:02:12.251+0200] {processor.py:154} INFO - Started process (PID=1957) to work on /Users/mnagy99/opt/anaconda3/envs/airflow-env/lib/python3.8/site-packages/airflow/example_dags/example_short_circuit_decorator.py
[2022-11-06T02:02:12.252+0200] {processor.py:756} INFO - Processing file /Users/mnagy99/opt/anaconda3/envs/airflow-env/lib/python3.8/site-packages/airflow/example_dags/example_short_circuit_decorator.py for tasks to queue
[2022-11-06T02:02:12.252+0200] {logging_mixin.py:120} INFO - [2022-11-06T02:02:12.252+0200] {dagbag.py:537} INFO - Filling up the DagBag from /Users/mnagy99/opt/anaconda3/envs/airflow-env/lib/python3.8/site-packages/airflow/example_dags/example_short_circuit_decorator.py
[2022-11-06T02:02:12.301+0200] {processor.py:766} INFO - DAG(s) dict_keys(['example_short_circuit_decorator']) retrieved from /Users/mnagy99/opt/anaconda3/envs/airflow-env/lib/python3.8/site-packages/airflow/example_dags/example_short_circuit_decorator.py
[2022-11-06T02:02:12.853+0200] {logging_mixin.py:120} INFO - [2022-11-06T02:02:12.853+0200] {dag.py:2585} INFO - Sync 1 DAGs
[2022-11-06T02:02:12.869+0200] {logging_mixin.py:120} INFO - [2022-11-06T02:02:12.869+0200] {dag.py:3336} INFO - Setting next_dagrun for example_short_circuit_decorator to 2022-11-05T00:02:12.869182+00:00, run_after=2022-11-06T00:02:12.869182+00:00
[2022-11-06T02:02:12.893+0200] {processor.py:176} INFO - Processing /Users/mnagy99/opt/anaconda3/envs/airflow-env/lib/python3.8/site-packages/airflow/example_dags/example_short_circuit_decorator.py took 0.642 seconds
[2022-11-06T02:04:30.442+0200] {processor.py:154} INFO - Started process (PID=2172) to work on /Users/mnagy99/opt/anaconda3/envs/airflow-env/lib/python3.8/site-packages/airflow/example_dags/example_short_circuit_decorator.py
[2022-11-06T02:04:30.444+0200] {processor.py:756} INFO - Processing file /Users/mnagy99/opt/anaconda3/envs/airflow-env/lib/python3.8/site-packages/airflow/example_dags/example_short_circuit_decorator.py for tasks to queue
[2022-11-06T02:04:30.445+0200] {logging_mixin.py:120} INFO - [2022-11-06T02:04:30.445+0200] {dagbag.py:537} INFO - Filling up the DagBag from /Users/mnagy99/opt/anaconda3/envs/airflow-env/lib/python3.8/site-packages/airflow/example_dags/example_short_circuit_decorator.py
[2022-11-06T02:04:30.504+0200] {processor.py:766} INFO - DAG(s) dict_keys(['example_short_circuit_decorator']) retrieved from /Users/mnagy99/opt/anaconda3/envs/airflow-env/lib/python3.8/site-packages/airflow/example_dags/example_short_circuit_decorator.py
[2022-11-06T02:04:31.144+0200] {logging_mixin.py:120} INFO - [2022-11-06T02:04:31.144+0200] {dag.py:2585} INFO - Sync 1 DAGs
[2022-11-06T02:04:31.157+0200] {logging_mixin.py:120} INFO - [2022-11-06T02:04:31.157+0200] {dag.py:3336} INFO - Setting next_dagrun for example_short_circuit_decorator to 2022-11-05T00:04:31.157138+00:00, run_after=2022-11-06T00:04:31.157138+00:00
[2022-11-06T02:04:31.178+0200] {processor.py:176} INFO - Processing /Users/mnagy99/opt/anaconda3/envs/airflow-env/lib/python3.8/site-packages/airflow/example_dags/example_short_circuit_decorator.py took 0.737 seconds
[2022-11-06T02:06:52.778+0200] {processor.py:154} INFO - Started process (PID=2306) to work on /Users/mnagy99/opt/anaconda3/envs/airflow-env/lib/python3.8/site-packages/airflow/example_dags/example_short_circuit_decorator.py
[2022-11-06T02:06:52.781+0200] {processor.py:756} INFO - Processing file /Users/mnagy99/opt/anaconda3/envs/airflow-env/lib/python3.8/site-packages/airflow/example_dags/example_short_circuit_decorator.py for tasks to queue
[2022-11-06T02:06:52.782+0200] {logging_mixin.py:120} INFO - [2022-11-06T02:06:52.781+0200] {dagbag.py:537} INFO - Filling up the DagBag from /Users/mnagy99/opt/anaconda3/envs/airflow-env/lib/python3.8/site-packages/airflow/example_dags/example_short_circuit_decorator.py
[2022-11-06T02:06:52.833+0200] {processor.py:766} INFO - DAG(s) dict_keys(['example_short_circuit_decorator']) retrieved from /Users/mnagy99/opt/anaconda3/envs/airflow-env/lib/python3.8/site-packages/airflow/example_dags/example_short_circuit_decorator.py
[2022-11-06T02:06:53.369+0200] {logging_mixin.py:120} INFO - [2022-11-06T02:06:53.369+0200] {dag.py:2585} INFO - Sync 1 DAGs
[2022-11-06T02:06:53.390+0200] {logging_mixin.py:120} INFO - [2022-11-06T02:06:53.390+0200] {dag.py:3336} INFO - Setting next_dagrun for example_short_circuit_decorator to 2022-11-05T00:06:53.390114+00:00, run_after=2022-11-06T00:06:53.390114+00:00
[2022-11-06T02:06:53.406+0200] {processor.py:176} INFO - Processing /Users/mnagy99/opt/anaconda3/envs/airflow-env/lib/python3.8/site-packages/airflow/example_dags/example_short_circuit_decorator.py took 0.629 seconds
[2022-11-06T02:09:10.837+0200] {processor.py:154} INFO - Started process (PID=2432) to work on /Users/mnagy99/opt/anaconda3/envs/airflow-env/lib/python3.8/site-packages/airflow/example_dags/example_short_circuit_decorator.py
[2022-11-06T02:09:10.841+0200] {processor.py:756} INFO - Processing file /Users/mnagy99/opt/anaconda3/envs/airflow-env/lib/python3.8/site-packages/airflow/example_dags/example_short_circuit_decorator.py for tasks to queue
[2022-11-06T02:09:10.841+0200] {logging_mixin.py:120} INFO - [2022-11-06T02:09:10.841+0200] {dagbag.py:537} INFO - Filling up the DagBag from /Users/mnagy99/opt/anaconda3/envs/airflow-env/lib/python3.8/site-packages/airflow/example_dags/example_short_circuit_decorator.py
[2022-11-06T02:09:10.896+0200] {processor.py:766} INFO - DAG(s) dict_keys(['example_short_circuit_decorator']) retrieved from /Users/mnagy99/opt/anaconda3/envs/airflow-env/lib/python3.8/site-packages/airflow/example_dags/example_short_circuit_decorator.py
[2022-11-06T02:09:11.376+0200] {logging_mixin.py:120} INFO - [2022-11-06T02:09:11.376+0200] {dag.py:2585} INFO - Sync 1 DAGs
[2022-11-06T02:09:11.395+0200] {logging_mixin.py:120} INFO - [2022-11-06T02:09:11.394+0200] {dag.py:3336} INFO - Setting next_dagrun for example_short_circuit_decorator to 2022-11-05T00:09:11.394779+00:00, run_after=2022-11-06T00:09:11.394779+00:00
[2022-11-06T02:09:11.412+0200] {processor.py:176} INFO - Processing /Users/mnagy99/opt/anaconda3/envs/airflow-env/lib/python3.8/site-packages/airflow/example_dags/example_short_circuit_decorator.py took 0.579 seconds
[2022-11-06T02:11:26.791+0200] {processor.py:154} INFO - Started process (PID=2565) to work on /Users/mnagy99/opt/anaconda3/envs/airflow-env/lib/python3.8/site-packages/airflow/example_dags/example_short_circuit_decorator.py
[2022-11-06T02:11:26.793+0200] {processor.py:756} INFO - Processing file /Users/mnagy99/opt/anaconda3/envs/airflow-env/lib/python3.8/site-packages/airflow/example_dags/example_short_circuit_decorator.py for tasks to queue
[2022-11-06T02:11:26.794+0200] {logging_mixin.py:120} INFO - [2022-11-06T02:11:26.794+0200] {dagbag.py:537} INFO - Filling up the DagBag from /Users/mnagy99/opt/anaconda3/envs/airflow-env/lib/python3.8/site-packages/airflow/example_dags/example_short_circuit_decorator.py
[2022-11-06T02:11:26.835+0200] {processor.py:766} INFO - DAG(s) dict_keys(['example_short_circuit_decorator']) retrieved from /Users/mnagy99/opt/anaconda3/envs/airflow-env/lib/python3.8/site-packages/airflow/example_dags/example_short_circuit_decorator.py
[2022-11-06T02:11:27.268+0200] {logging_mixin.py:120} INFO - [2022-11-06T02:11:27.268+0200] {dag.py:2585} INFO - Sync 1 DAGs
[2022-11-06T02:11:27.288+0200] {logging_mixin.py:120} INFO - [2022-11-06T02:11:27.288+0200] {dag.py:3336} INFO - Setting next_dagrun for example_short_circuit_decorator to 2022-11-05T00:11:27.287840+00:00, run_after=2022-11-06T00:11:27.287840+00:00
[2022-11-06T02:11:27.308+0200] {processor.py:176} INFO - Processing /Users/mnagy99/opt/anaconda3/envs/airflow-env/lib/python3.8/site-packages/airflow/example_dags/example_short_circuit_decorator.py took 0.518 seconds
[2022-11-06T02:13:34.084+0200] {processor.py:154} INFO - Started process (PID=2687) to work on /Users/mnagy99/opt/anaconda3/envs/airflow-env/lib/python3.8/site-packages/airflow/example_dags/example_short_circuit_decorator.py
[2022-11-06T02:13:34.087+0200] {processor.py:756} INFO - Processing file /Users/mnagy99/opt/anaconda3/envs/airflow-env/lib/python3.8/site-packages/airflow/example_dags/example_short_circuit_decorator.py for tasks to queue
[2022-11-06T02:13:34.087+0200] {logging_mixin.py:120} INFO - [2022-11-06T02:13:34.087+0200] {dagbag.py:537} INFO - Filling up the DagBag from /Users/mnagy99/opt/anaconda3/envs/airflow-env/lib/python3.8/site-packages/airflow/example_dags/example_short_circuit_decorator.py
[2022-11-06T02:13:34.136+0200] {processor.py:766} INFO - DAG(s) dict_keys(['example_short_circuit_decorator']) retrieved from /Users/mnagy99/opt/anaconda3/envs/airflow-env/lib/python3.8/site-packages/airflow/example_dags/example_short_circuit_decorator.py
[2022-11-06T02:13:34.568+0200] {logging_mixin.py:120} INFO - [2022-11-06T02:13:34.568+0200] {dag.py:2585} INFO - Sync 1 DAGs
[2022-11-06T02:13:34.582+0200] {logging_mixin.py:120} INFO - [2022-11-06T02:13:34.582+0200] {dag.py:3336} INFO - Setting next_dagrun for example_short_circuit_decorator to 2022-11-05T00:13:34.581977+00:00, run_after=2022-11-06T00:13:34.581977+00:00
[2022-11-06T02:13:34.600+0200] {processor.py:176} INFO - Processing /Users/mnagy99/opt/anaconda3/envs/airflow-env/lib/python3.8/site-packages/airflow/example_dags/example_short_circuit_decorator.py took 0.516 seconds
[2022-11-06T02:16:00.189+0200] {processor.py:154} INFO - Started process (PID=2890) to work on /Users/mnagy99/opt/anaconda3/envs/airflow-env/lib/python3.8/site-packages/airflow/example_dags/example_short_circuit_decorator.py
[2022-11-06T02:16:00.194+0200] {processor.py:756} INFO - Processing file /Users/mnagy99/opt/anaconda3/envs/airflow-env/lib/python3.8/site-packages/airflow/example_dags/example_short_circuit_decorator.py for tasks to queue
[2022-11-06T02:16:00.195+0200] {logging_mixin.py:120} INFO - [2022-11-06T02:16:00.194+0200] {dagbag.py:537} INFO - Filling up the DagBag from /Users/mnagy99/opt/anaconda3/envs/airflow-env/lib/python3.8/site-packages/airflow/example_dags/example_short_circuit_decorator.py
[2022-11-06T02:16:00.302+0200] {processor.py:766} INFO - DAG(s) dict_keys(['example_short_circuit_decorator']) retrieved from /Users/mnagy99/opt/anaconda3/envs/airflow-env/lib/python3.8/site-packages/airflow/example_dags/example_short_circuit_decorator.py
[2022-11-06T02:16:01.030+0200] {logging_mixin.py:120} INFO - [2022-11-06T02:16:01.029+0200] {dag.py:2585} INFO - Sync 1 DAGs
[2022-11-06T02:16:01.043+0200] {logging_mixin.py:120} INFO - [2022-11-06T02:16:01.042+0200] {dag.py:3336} INFO - Setting next_dagrun for example_short_circuit_decorator to 2022-11-05T00:16:01.042876+00:00, run_after=2022-11-06T00:16:01.042876+00:00
[2022-11-06T02:16:01.061+0200] {processor.py:176} INFO - Processing /Users/mnagy99/opt/anaconda3/envs/airflow-env/lib/python3.8/site-packages/airflow/example_dags/example_short_circuit_decorator.py took 0.875 seconds
[2022-11-06T02:18:10.343+0200] {processor.py:154} INFO - Started process (PID=3035) to work on /Users/mnagy99/opt/anaconda3/envs/airflow-env/lib/python3.8/site-packages/airflow/example_dags/example_short_circuit_decorator.py
[2022-11-06T02:18:10.346+0200] {processor.py:756} INFO - Processing file /Users/mnagy99/opt/anaconda3/envs/airflow-env/lib/python3.8/site-packages/airflow/example_dags/example_short_circuit_decorator.py for tasks to queue
[2022-11-06T02:18:10.346+0200] {logging_mixin.py:120} INFO - [2022-11-06T02:18:10.346+0200] {dagbag.py:537} INFO - Filling up the DagBag from /Users/mnagy99/opt/anaconda3/envs/airflow-env/lib/python3.8/site-packages/airflow/example_dags/example_short_circuit_decorator.py
[2022-11-06T02:18:10.390+0200] {processor.py:766} INFO - DAG(s) dict_keys(['example_short_circuit_decorator']) retrieved from /Users/mnagy99/opt/anaconda3/envs/airflow-env/lib/python3.8/site-packages/airflow/example_dags/example_short_circuit_decorator.py
[2022-11-06T02:18:10.851+0200] {logging_mixin.py:120} INFO - [2022-11-06T02:18:10.851+0200] {dag.py:2585} INFO - Sync 1 DAGs
[2022-11-06T02:18:10.865+0200] {logging_mixin.py:120} INFO - [2022-11-06T02:18:10.865+0200] {dag.py:3336} INFO - Setting next_dagrun for example_short_circuit_decorator to 2022-11-05T00:18:10.864937+00:00, run_after=2022-11-06T00:18:10.864937+00:00
[2022-11-06T02:18:10.881+0200] {processor.py:176} INFO - Processing /Users/mnagy99/opt/anaconda3/envs/airflow-env/lib/python3.8/site-packages/airflow/example_dags/example_short_circuit_decorator.py took 0.538 seconds
[2022-11-06T02:20:24.055+0200] {processor.py:154} INFO - Started process (PID=3176) to work on /Users/mnagy99/opt/anaconda3/envs/airflow-env/lib/python3.8/site-packages/airflow/example_dags/example_short_circuit_decorator.py
[2022-11-06T02:20:24.057+0200] {processor.py:756} INFO - Processing file /Users/mnagy99/opt/anaconda3/envs/airflow-env/lib/python3.8/site-packages/airflow/example_dags/example_short_circuit_decorator.py for tasks to queue
[2022-11-06T02:20:24.058+0200] {logging_mixin.py:120} INFO - [2022-11-06T02:20:24.058+0200] {dagbag.py:537} INFO - Filling up the DagBag from /Users/mnagy99/opt/anaconda3/envs/airflow-env/lib/python3.8/site-packages/airflow/example_dags/example_short_circuit_decorator.py
[2022-11-06T02:20:24.100+0200] {processor.py:766} INFO - DAG(s) dict_keys(['example_short_circuit_decorator']) retrieved from /Users/mnagy99/opt/anaconda3/envs/airflow-env/lib/python3.8/site-packages/airflow/example_dags/example_short_circuit_decorator.py
[2022-11-06T02:20:24.555+0200] {logging_mixin.py:120} INFO - [2022-11-06T02:20:24.554+0200] {dag.py:2585} INFO - Sync 1 DAGs
[2022-11-06T02:20:24.571+0200] {logging_mixin.py:120} INFO - [2022-11-06T02:20:24.571+0200] {dag.py:3336} INFO - Setting next_dagrun for example_short_circuit_decorator to 2022-11-05T00:20:24.571258+00:00, run_after=2022-11-06T00:20:24.571258+00:00
[2022-11-06T02:20:24.588+0200] {processor.py:176} INFO - Processing /Users/mnagy99/opt/anaconda3/envs/airflow-env/lib/python3.8/site-packages/airflow/example_dags/example_short_circuit_decorator.py took 0.534 seconds
[2022-11-06T02:22:30.574+0200] {processor.py:154} INFO - Started process (PID=3301) to work on /Users/mnagy99/opt/anaconda3/envs/airflow-env/lib/python3.8/site-packages/airflow/example_dags/example_short_circuit_decorator.py
[2022-11-06T02:22:30.577+0200] {processor.py:756} INFO - Processing file /Users/mnagy99/opt/anaconda3/envs/airflow-env/lib/python3.8/site-packages/airflow/example_dags/example_short_circuit_decorator.py for tasks to queue
[2022-11-06T02:22:30.578+0200] {logging_mixin.py:120} INFO - [2022-11-06T02:22:30.578+0200] {dagbag.py:537} INFO - Filling up the DagBag from /Users/mnagy99/opt/anaconda3/envs/airflow-env/lib/python3.8/site-packages/airflow/example_dags/example_short_circuit_decorator.py
[2022-11-06T02:22:30.623+0200] {processor.py:766} INFO - DAG(s) dict_keys(['example_short_circuit_decorator']) retrieved from /Users/mnagy99/opt/anaconda3/envs/airflow-env/lib/python3.8/site-packages/airflow/example_dags/example_short_circuit_decorator.py
[2022-11-06T02:22:31.057+0200] {logging_mixin.py:120} INFO - [2022-11-06T02:22:31.057+0200] {dag.py:2585} INFO - Sync 1 DAGs
[2022-11-06T02:22:31.071+0200] {logging_mixin.py:120} INFO - [2022-11-06T02:22:31.071+0200] {dag.py:3336} INFO - Setting next_dagrun for example_short_circuit_decorator to 2022-11-05T00:22:31.070913+00:00, run_after=2022-11-06T00:22:31.070913+00:00
[2022-11-06T02:22:31.089+0200] {processor.py:176} INFO - Processing /Users/mnagy99/opt/anaconda3/envs/airflow-env/lib/python3.8/site-packages/airflow/example_dags/example_short_circuit_decorator.py took 0.515 seconds
[2022-11-06T02:24:44.945+0200] {processor.py:154} INFO - Started process (PID=3444) to work on /Users/mnagy99/opt/anaconda3/envs/airflow-env/lib/python3.8/site-packages/airflow/example_dags/example_short_circuit_decorator.py
[2022-11-06T02:24:44.947+0200] {processor.py:756} INFO - Processing file /Users/mnagy99/opt/anaconda3/envs/airflow-env/lib/python3.8/site-packages/airflow/example_dags/example_short_circuit_decorator.py for tasks to queue
[2022-11-06T02:24:44.948+0200] {logging_mixin.py:120} INFO - [2022-11-06T02:24:44.948+0200] {dagbag.py:537} INFO - Filling up the DagBag from /Users/mnagy99/opt/anaconda3/envs/airflow-env/lib/python3.8/site-packages/airflow/example_dags/example_short_circuit_decorator.py
[2022-11-06T02:24:44.996+0200] {processor.py:766} INFO - DAG(s) dict_keys(['example_short_circuit_decorator']) retrieved from /Users/mnagy99/opt/anaconda3/envs/airflow-env/lib/python3.8/site-packages/airflow/example_dags/example_short_circuit_decorator.py
[2022-11-06T02:24:45.471+0200] {logging_mixin.py:120} INFO - [2022-11-06T02:24:45.470+0200] {dag.py:2585} INFO - Sync 1 DAGs
[2022-11-06T02:24:45.485+0200] {logging_mixin.py:120} INFO - [2022-11-06T02:24:45.485+0200] {dag.py:3336} INFO - Setting next_dagrun for example_short_circuit_decorator to 2022-11-05T00:24:45.485246+00:00, run_after=2022-11-06T00:24:45.485246+00:00
[2022-11-06T02:24:45.505+0200] {processor.py:176} INFO - Processing /Users/mnagy99/opt/anaconda3/envs/airflow-env/lib/python3.8/site-packages/airflow/example_dags/example_short_circuit_decorator.py took 0.561 seconds
[2022-11-06T02:26:56.891+0200] {processor.py:154} INFO - Started process (PID=3583) to work on /Users/mnagy99/opt/anaconda3/envs/airflow-env/lib/python3.8/site-packages/airflow/example_dags/example_short_circuit_decorator.py
[2022-11-06T02:26:56.893+0200] {processor.py:756} INFO - Processing file /Users/mnagy99/opt/anaconda3/envs/airflow-env/lib/python3.8/site-packages/airflow/example_dags/example_short_circuit_decorator.py for tasks to queue
[2022-11-06T02:26:56.895+0200] {logging_mixin.py:120} INFO - [2022-11-06T02:26:56.894+0200] {dagbag.py:537} INFO - Filling up the DagBag from /Users/mnagy99/opt/anaconda3/envs/airflow-env/lib/python3.8/site-packages/airflow/example_dags/example_short_circuit_decorator.py
[2022-11-06T02:26:56.941+0200] {processor.py:766} INFO - DAG(s) dict_keys(['example_short_circuit_decorator']) retrieved from /Users/mnagy99/opt/anaconda3/envs/airflow-env/lib/python3.8/site-packages/airflow/example_dags/example_short_circuit_decorator.py
[2022-11-06T02:26:57.365+0200] {logging_mixin.py:120} INFO - [2022-11-06T02:26:57.365+0200] {dag.py:2585} INFO - Sync 1 DAGs
[2022-11-06T02:26:57.378+0200] {logging_mixin.py:120} INFO - [2022-11-06T02:26:57.378+0200] {dag.py:3336} INFO - Setting next_dagrun for example_short_circuit_decorator to 2022-11-05T00:26:57.378674+00:00, run_after=2022-11-06T00:26:57.378674+00:00
[2022-11-06T02:26:57.397+0200] {processor.py:176} INFO - Processing /Users/mnagy99/opt/anaconda3/envs/airflow-env/lib/python3.8/site-packages/airflow/example_dags/example_short_circuit_decorator.py took 0.507 seconds
[2022-11-06T02:29:08.290+0200] {processor.py:154} INFO - Started process (PID=3721) to work on /Users/mnagy99/opt/anaconda3/envs/airflow-env/lib/python3.8/site-packages/airflow/example_dags/example_short_circuit_decorator.py
[2022-11-06T02:29:08.290+0200] {processor.py:756} INFO - Processing file /Users/mnagy99/opt/anaconda3/envs/airflow-env/lib/python3.8/site-packages/airflow/example_dags/example_short_circuit_decorator.py for tasks to queue
[2022-11-06T02:29:08.291+0200] {logging_mixin.py:120} INFO - [2022-11-06T02:29:08.291+0200] {dagbag.py:537} INFO - Filling up the DagBag from /Users/mnagy99/opt/anaconda3/envs/airflow-env/lib/python3.8/site-packages/airflow/example_dags/example_short_circuit_decorator.py
[2022-11-06T02:29:08.332+0200] {processor.py:766} INFO - DAG(s) dict_keys(['example_short_circuit_decorator']) retrieved from /Users/mnagy99/opt/anaconda3/envs/airflow-env/lib/python3.8/site-packages/airflow/example_dags/example_short_circuit_decorator.py
[2022-11-06T02:29:08.813+0200] {logging_mixin.py:120} INFO - [2022-11-06T02:29:08.813+0200] {dag.py:2585} INFO - Sync 1 DAGs
[2022-11-06T02:29:08.830+0200] {logging_mixin.py:120} INFO - [2022-11-06T02:29:08.830+0200] {dag.py:3336} INFO - Setting next_dagrun for example_short_circuit_decorator to 2022-11-05T00:29:08.830264+00:00, run_after=2022-11-06T00:29:08.830264+00:00
[2022-11-06T02:29:08.846+0200] {processor.py:176} INFO - Processing /Users/mnagy99/opt/anaconda3/envs/airflow-env/lib/python3.8/site-packages/airflow/example_dags/example_short_circuit_decorator.py took 0.557 seconds
[2022-11-06T02:31:20.223+0200] {processor.py:154} INFO - Started process (PID=3872) to work on /Users/mnagy99/opt/anaconda3/envs/airflow-env/lib/python3.8/site-packages/airflow/example_dags/example_short_circuit_decorator.py
[2022-11-06T02:31:20.226+0200] {processor.py:756} INFO - Processing file /Users/mnagy99/opt/anaconda3/envs/airflow-env/lib/python3.8/site-packages/airflow/example_dags/example_short_circuit_decorator.py for tasks to queue
[2022-11-06T02:31:20.227+0200] {logging_mixin.py:120} INFO - [2022-11-06T02:31:20.227+0200] {dagbag.py:537} INFO - Filling up the DagBag from /Users/mnagy99/opt/anaconda3/envs/airflow-env/lib/python3.8/site-packages/airflow/example_dags/example_short_circuit_decorator.py
[2022-11-06T02:31:20.319+0200] {processor.py:766} INFO - DAG(s) dict_keys(['example_short_circuit_decorator']) retrieved from /Users/mnagy99/opt/anaconda3/envs/airflow-env/lib/python3.8/site-packages/airflow/example_dags/example_short_circuit_decorator.py
[2022-11-06T02:31:20.823+0200] {logging_mixin.py:120} INFO - [2022-11-06T02:31:20.823+0200] {dag.py:2585} INFO - Sync 1 DAGs
[2022-11-06T02:31:20.839+0200] {logging_mixin.py:120} INFO - [2022-11-06T02:31:20.839+0200] {dag.py:3336} INFO - Setting next_dagrun for example_short_circuit_decorator to 2022-11-05T00:31:20.839010+00:00, run_after=2022-11-06T00:31:20.839010+00:00
[2022-11-06T02:31:20.858+0200] {processor.py:176} INFO - Processing /Users/mnagy99/opt/anaconda3/envs/airflow-env/lib/python3.8/site-packages/airflow/example_dags/example_short_circuit_decorator.py took 0.636 seconds
[2022-11-06T02:33:32.198+0200] {processor.py:154} INFO - Started process (PID=4026) to work on /Users/mnagy99/opt/anaconda3/envs/airflow-env/lib/python3.8/site-packages/airflow/example_dags/example_short_circuit_decorator.py
[2022-11-06T02:33:32.200+0200] {processor.py:756} INFO - Processing file /Users/mnagy99/opt/anaconda3/envs/airflow-env/lib/python3.8/site-packages/airflow/example_dags/example_short_circuit_decorator.py for tasks to queue
[2022-11-06T02:33:32.201+0200] {logging_mixin.py:120} INFO - [2022-11-06T02:33:32.201+0200] {dagbag.py:537} INFO - Filling up the DagBag from /Users/mnagy99/opt/anaconda3/envs/airflow-env/lib/python3.8/site-packages/airflow/example_dags/example_short_circuit_decorator.py
[2022-11-06T02:33:32.245+0200] {processor.py:766} INFO - DAG(s) dict_keys(['example_short_circuit_decorator']) retrieved from /Users/mnagy99/opt/anaconda3/envs/airflow-env/lib/python3.8/site-packages/airflow/example_dags/example_short_circuit_decorator.py
[2022-11-06T02:33:32.678+0200] {logging_mixin.py:120} INFO - [2022-11-06T02:33:32.678+0200] {dag.py:2585} INFO - Sync 1 DAGs
[2022-11-06T02:33:32.692+0200] {logging_mixin.py:120} INFO - [2022-11-06T02:33:32.692+0200] {dag.py:3336} INFO - Setting next_dagrun for example_short_circuit_decorator to 2022-11-05T00:33:32.692001+00:00, run_after=2022-11-06T00:33:32.692001+00:00
[2022-11-06T02:33:32.714+0200] {processor.py:176} INFO - Processing /Users/mnagy99/opt/anaconda3/envs/airflow-env/lib/python3.8/site-packages/airflow/example_dags/example_short_circuit_decorator.py took 0.517 seconds
[2022-11-06T02:35:42.069+0200] {processor.py:154} INFO - Started process (PID=4174) to work on /Users/mnagy99/opt/anaconda3/envs/airflow-env/lib/python3.8/site-packages/airflow/example_dags/example_short_circuit_decorator.py
[2022-11-06T02:35:42.071+0200] {processor.py:756} INFO - Processing file /Users/mnagy99/opt/anaconda3/envs/airflow-env/lib/python3.8/site-packages/airflow/example_dags/example_short_circuit_decorator.py for tasks to queue
[2022-11-06T02:35:42.072+0200] {logging_mixin.py:120} INFO - [2022-11-06T02:35:42.072+0200] {dagbag.py:537} INFO - Filling up the DagBag from /Users/mnagy99/opt/anaconda3/envs/airflow-env/lib/python3.8/site-packages/airflow/example_dags/example_short_circuit_decorator.py
[2022-11-06T02:35:42.135+0200] {processor.py:766} INFO - DAG(s) dict_keys(['example_short_circuit_decorator']) retrieved from /Users/mnagy99/opt/anaconda3/envs/airflow-env/lib/python3.8/site-packages/airflow/example_dags/example_short_circuit_decorator.py
[2022-11-06T02:35:42.582+0200] {logging_mixin.py:120} INFO - [2022-11-06T02:35:42.582+0200] {dag.py:2585} INFO - Sync 1 DAGs
[2022-11-06T02:35:42.595+0200] {logging_mixin.py:120} INFO - [2022-11-06T02:35:42.595+0200] {dag.py:3336} INFO - Setting next_dagrun for example_short_circuit_decorator to 2022-11-05T00:35:42.595398+00:00, run_after=2022-11-06T00:35:42.595398+00:00
[2022-11-06T02:35:42.612+0200] {processor.py:176} INFO - Processing /Users/mnagy99/opt/anaconda3/envs/airflow-env/lib/python3.8/site-packages/airflow/example_dags/example_short_circuit_decorator.py took 0.544 seconds
[2022-11-06T02:37:53.688+0200] {processor.py:154} INFO - Started process (PID=4311) to work on /Users/mnagy99/opt/anaconda3/envs/airflow-env/lib/python3.8/site-packages/airflow/example_dags/example_short_circuit_decorator.py
[2022-11-06T02:37:53.691+0200] {processor.py:756} INFO - Processing file /Users/mnagy99/opt/anaconda3/envs/airflow-env/lib/python3.8/site-packages/airflow/example_dags/example_short_circuit_decorator.py for tasks to queue
[2022-11-06T02:37:53.692+0200] {logging_mixin.py:120} INFO - [2022-11-06T02:37:53.691+0200] {dagbag.py:537} INFO - Filling up the DagBag from /Users/mnagy99/opt/anaconda3/envs/airflow-env/lib/python3.8/site-packages/airflow/example_dags/example_short_circuit_decorator.py
[2022-11-06T02:37:53.737+0200] {processor.py:766} INFO - DAG(s) dict_keys(['example_short_circuit_decorator']) retrieved from /Users/mnagy99/opt/anaconda3/envs/airflow-env/lib/python3.8/site-packages/airflow/example_dags/example_short_circuit_decorator.py
[2022-11-06T02:37:54.162+0200] {logging_mixin.py:120} INFO - [2022-11-06T02:37:54.162+0200] {dag.py:2585} INFO - Sync 1 DAGs
[2022-11-06T02:37:54.176+0200] {logging_mixin.py:120} INFO - [2022-11-06T02:37:54.176+0200] {dag.py:3336} INFO - Setting next_dagrun for example_short_circuit_decorator to 2022-11-05T00:37:54.176063+00:00, run_after=2022-11-06T00:37:54.176063+00:00
[2022-11-06T02:37:54.193+0200] {processor.py:176} INFO - Processing /Users/mnagy99/opt/anaconda3/envs/airflow-env/lib/python3.8/site-packages/airflow/example_dags/example_short_circuit_decorator.py took 0.506 seconds
[2022-11-06T02:40:07.822+0200] {processor.py:154} INFO - Started process (PID=4443) to work on /Users/mnagy99/opt/anaconda3/envs/airflow-env/lib/python3.8/site-packages/airflow/example_dags/example_short_circuit_decorator.py
[2022-11-06T02:40:07.824+0200] {processor.py:756} INFO - Processing file /Users/mnagy99/opt/anaconda3/envs/airflow-env/lib/python3.8/site-packages/airflow/example_dags/example_short_circuit_decorator.py for tasks to queue
[2022-11-06T02:40:07.824+0200] {logging_mixin.py:120} INFO - [2022-11-06T02:40:07.824+0200] {dagbag.py:537} INFO - Filling up the DagBag from /Users/mnagy99/opt/anaconda3/envs/airflow-env/lib/python3.8/site-packages/airflow/example_dags/example_short_circuit_decorator.py
[2022-11-06T02:40:07.878+0200] {processor.py:766} INFO - DAG(s) dict_keys(['example_short_circuit_decorator']) retrieved from /Users/mnagy99/opt/anaconda3/envs/airflow-env/lib/python3.8/site-packages/airflow/example_dags/example_short_circuit_decorator.py
[2022-11-06T02:40:08.353+0200] {logging_mixin.py:120} INFO - [2022-11-06T02:40:08.353+0200] {dag.py:2585} INFO - Sync 1 DAGs
[2022-11-06T02:40:08.370+0200] {logging_mixin.py:120} INFO - [2022-11-06T02:40:08.370+0200] {dag.py:3336} INFO - Setting next_dagrun for example_short_circuit_decorator to 2022-11-05T00:40:08.370109+00:00, run_after=2022-11-06T00:40:08.370109+00:00
[2022-11-06T02:40:08.390+0200] {processor.py:176} INFO - Processing /Users/mnagy99/opt/anaconda3/envs/airflow-env/lib/python3.8/site-packages/airflow/example_dags/example_short_circuit_decorator.py took 0.569 seconds
[2022-11-06T02:42:32.661+0200] {processor.py:154} INFO - Started process (PID=4613) to work on /Users/mnagy99/opt/anaconda3/envs/airflow-env/lib/python3.8/site-packages/airflow/example_dags/example_short_circuit_decorator.py
[2022-11-06T02:42:32.663+0200] {processor.py:756} INFO - Processing file /Users/mnagy99/opt/anaconda3/envs/airflow-env/lib/python3.8/site-packages/airflow/example_dags/example_short_circuit_decorator.py for tasks to queue
[2022-11-06T02:42:32.664+0200] {logging_mixin.py:120} INFO - [2022-11-06T02:42:32.664+0200] {dagbag.py:537} INFO - Filling up the DagBag from /Users/mnagy99/opt/anaconda3/envs/airflow-env/lib/python3.8/site-packages/airflow/example_dags/example_short_circuit_decorator.py
[2022-11-06T02:42:32.709+0200] {processor.py:766} INFO - DAG(s) dict_keys(['example_short_circuit_decorator']) retrieved from /Users/mnagy99/opt/anaconda3/envs/airflow-env/lib/python3.8/site-packages/airflow/example_dags/example_short_circuit_decorator.py
[2022-11-06T02:42:33.158+0200] {logging_mixin.py:120} INFO - [2022-11-06T02:42:33.158+0200] {dag.py:2585} INFO - Sync 1 DAGs
[2022-11-06T02:42:33.175+0200] {logging_mixin.py:120} INFO - [2022-11-06T02:42:33.175+0200] {dag.py:3336} INFO - Setting next_dagrun for example_short_circuit_decorator to 2022-11-05T00:42:33.175432+00:00, run_after=2022-11-06T00:42:33.175432+00:00
[2022-11-06T02:42:33.194+0200] {processor.py:176} INFO - Processing /Users/mnagy99/opt/anaconda3/envs/airflow-env/lib/python3.8/site-packages/airflow/example_dags/example_short_circuit_decorator.py took 0.534 seconds
[2022-11-06T02:44:57.135+0200] {processor.py:154} INFO - Started process (PID=4749) to work on /Users/mnagy99/opt/anaconda3/envs/airflow-env/lib/python3.8/site-packages/airflow/example_dags/example_short_circuit_decorator.py
[2022-11-06T02:44:57.137+0200] {processor.py:756} INFO - Processing file /Users/mnagy99/opt/anaconda3/envs/airflow-env/lib/python3.8/site-packages/airflow/example_dags/example_short_circuit_decorator.py for tasks to queue
[2022-11-06T02:44:57.138+0200] {logging_mixin.py:120} INFO - [2022-11-06T02:44:57.138+0200] {dagbag.py:537} INFO - Filling up the DagBag from /Users/mnagy99/opt/anaconda3/envs/airflow-env/lib/python3.8/site-packages/airflow/example_dags/example_short_circuit_decorator.py
[2022-11-06T02:44:57.195+0200] {processor.py:766} INFO - DAG(s) dict_keys(['example_short_circuit_decorator']) retrieved from /Users/mnagy99/opt/anaconda3/envs/airflow-env/lib/python3.8/site-packages/airflow/example_dags/example_short_circuit_decorator.py
[2022-11-06T02:44:57.640+0200] {logging_mixin.py:120} INFO - [2022-11-06T02:44:57.640+0200] {dag.py:2585} INFO - Sync 1 DAGs
[2022-11-06T02:44:57.655+0200] {logging_mixin.py:120} INFO - [2022-11-06T02:44:57.654+0200] {dag.py:3336} INFO - Setting next_dagrun for example_short_circuit_decorator to 2022-11-05T00:44:57.654811+00:00, run_after=2022-11-06T00:44:57.654811+00:00
[2022-11-06T02:44:57.672+0200] {processor.py:176} INFO - Processing /Users/mnagy99/opt/anaconda3/envs/airflow-env/lib/python3.8/site-packages/airflow/example_dags/example_short_circuit_decorator.py took 0.539 seconds
[2022-11-06T02:47:10.353+0200] {processor.py:154} INFO - Started process (PID=4889) to work on /Users/mnagy99/opt/anaconda3/envs/airflow-env/lib/python3.8/site-packages/airflow/example_dags/example_short_circuit_decorator.py
[2022-11-06T02:47:10.355+0200] {processor.py:756} INFO - Processing file /Users/mnagy99/opt/anaconda3/envs/airflow-env/lib/python3.8/site-packages/airflow/example_dags/example_short_circuit_decorator.py for tasks to queue
[2022-11-06T02:47:10.356+0200] {logging_mixin.py:120} INFO - [2022-11-06T02:47:10.356+0200] {dagbag.py:537} INFO - Filling up the DagBag from /Users/mnagy99/opt/anaconda3/envs/airflow-env/lib/python3.8/site-packages/airflow/example_dags/example_short_circuit_decorator.py
[2022-11-06T02:47:10.403+0200] {processor.py:766} INFO - DAG(s) dict_keys(['example_short_circuit_decorator']) retrieved from /Users/mnagy99/opt/anaconda3/envs/airflow-env/lib/python3.8/site-packages/airflow/example_dags/example_short_circuit_decorator.py
[2022-11-06T02:47:11.008+0200] {logging_mixin.py:120} INFO - [2022-11-06T02:47:11.008+0200] {dag.py:2585} INFO - Sync 1 DAGs
[2022-11-06T02:47:11.022+0200] {logging_mixin.py:120} INFO - [2022-11-06T02:47:11.022+0200] {dag.py:3336} INFO - Setting next_dagrun for example_short_circuit_decorator to 2022-11-05T00:47:11.022102+00:00, run_after=2022-11-06T00:47:11.022102+00:00
[2022-11-06T02:47:11.038+0200] {processor.py:176} INFO - Processing /Users/mnagy99/opt/anaconda3/envs/airflow-env/lib/python3.8/site-packages/airflow/example_dags/example_short_circuit_decorator.py took 0.685 seconds
[2022-11-06T02:49:19.498+0200] {processor.py:154} INFO - Started process (PID=5014) to work on /Users/mnagy99/opt/anaconda3/envs/airflow-env/lib/python3.8/site-packages/airflow/example_dags/example_short_circuit_decorator.py
[2022-11-06T02:49:19.500+0200] {processor.py:756} INFO - Processing file /Users/mnagy99/opt/anaconda3/envs/airflow-env/lib/python3.8/site-packages/airflow/example_dags/example_short_circuit_decorator.py for tasks to queue
[2022-11-06T02:49:19.501+0200] {logging_mixin.py:120} INFO - [2022-11-06T02:49:19.500+0200] {dagbag.py:537} INFO - Filling up the DagBag from /Users/mnagy99/opt/anaconda3/envs/airflow-env/lib/python3.8/site-packages/airflow/example_dags/example_short_circuit_decorator.py
[2022-11-06T02:49:19.551+0200] {processor.py:766} INFO - DAG(s) dict_keys(['example_short_circuit_decorator']) retrieved from /Users/mnagy99/opt/anaconda3/envs/airflow-env/lib/python3.8/site-packages/airflow/example_dags/example_short_circuit_decorator.py
[2022-11-06T02:49:19.993+0200] {logging_mixin.py:120} INFO - [2022-11-06T02:49:19.992+0200] {dag.py:2585} INFO - Sync 1 DAGs
[2022-11-06T02:49:20.007+0200] {logging_mixin.py:120} INFO - [2022-11-06T02:49:20.007+0200] {dag.py:3336} INFO - Setting next_dagrun for example_short_circuit_decorator to 2022-11-05T00:49:20.006971+00:00, run_after=2022-11-06T00:49:20.006971+00:00
[2022-11-06T02:49:20.025+0200] {processor.py:176} INFO - Processing /Users/mnagy99/opt/anaconda3/envs/airflow-env/lib/python3.8/site-packages/airflow/example_dags/example_short_circuit_decorator.py took 0.527 seconds
[2022-11-06T02:51:23.303+0200] {processor.py:154} INFO - Started process (PID=5142) to work on /Users/mnagy99/opt/anaconda3/envs/airflow-env/lib/python3.8/site-packages/airflow/example_dags/example_short_circuit_decorator.py
[2022-11-06T02:51:23.306+0200] {processor.py:756} INFO - Processing file /Users/mnagy99/opt/anaconda3/envs/airflow-env/lib/python3.8/site-packages/airflow/example_dags/example_short_circuit_decorator.py for tasks to queue
[2022-11-06T02:51:23.306+0200] {logging_mixin.py:120} INFO - [2022-11-06T02:51:23.306+0200] {dagbag.py:537} INFO - Filling up the DagBag from /Users/mnagy99/opt/anaconda3/envs/airflow-env/lib/python3.8/site-packages/airflow/example_dags/example_short_circuit_decorator.py
[2022-11-06T02:51:23.349+0200] {processor.py:766} INFO - DAG(s) dict_keys(['example_short_circuit_decorator']) retrieved from /Users/mnagy99/opt/anaconda3/envs/airflow-env/lib/python3.8/site-packages/airflow/example_dags/example_short_circuit_decorator.py
[2022-11-06T02:51:23.782+0200] {logging_mixin.py:120} INFO - [2022-11-06T02:51:23.781+0200] {dag.py:2585} INFO - Sync 1 DAGs
[2022-11-06T02:51:23.795+0200] {logging_mixin.py:120} INFO - [2022-11-06T02:51:23.795+0200] {dag.py:3336} INFO - Setting next_dagrun for example_short_circuit_decorator to 2022-11-05T00:51:23.795446+00:00, run_after=2022-11-06T00:51:23.795446+00:00
[2022-11-06T02:51:23.816+0200] {processor.py:176} INFO - Processing /Users/mnagy99/opt/anaconda3/envs/airflow-env/lib/python3.8/site-packages/airflow/example_dags/example_short_circuit_decorator.py took 0.513 seconds
[2022-11-06T02:53:28.780+0200] {processor.py:154} INFO - Started process (PID=5264) to work on /Users/mnagy99/opt/anaconda3/envs/airflow-env/lib/python3.8/site-packages/airflow/example_dags/example_short_circuit_decorator.py
[2022-11-06T02:53:28.783+0200] {processor.py:756} INFO - Processing file /Users/mnagy99/opt/anaconda3/envs/airflow-env/lib/python3.8/site-packages/airflow/example_dags/example_short_circuit_decorator.py for tasks to queue
[2022-11-06T02:53:28.784+0200] {logging_mixin.py:120} INFO - [2022-11-06T02:53:28.784+0200] {dagbag.py:537} INFO - Filling up the DagBag from /Users/mnagy99/opt/anaconda3/envs/airflow-env/lib/python3.8/site-packages/airflow/example_dags/example_short_circuit_decorator.py
[2022-11-06T02:53:28.828+0200] {processor.py:766} INFO - DAG(s) dict_keys(['example_short_circuit_decorator']) retrieved from /Users/mnagy99/opt/anaconda3/envs/airflow-env/lib/python3.8/site-packages/airflow/example_dags/example_short_circuit_decorator.py
[2022-11-06T02:53:29.249+0200] {logging_mixin.py:120} INFO - [2022-11-06T02:53:29.249+0200] {dag.py:2585} INFO - Sync 1 DAGs
[2022-11-06T02:53:29.268+0200] {logging_mixin.py:120} INFO - [2022-11-06T02:53:29.268+0200] {dag.py:3336} INFO - Setting next_dagrun for example_short_circuit_decorator to 2022-11-05T00:53:29.268071+00:00, run_after=2022-11-06T00:53:29.268071+00:00
[2022-11-06T02:53:29.285+0200] {processor.py:176} INFO - Processing /Users/mnagy99/opt/anaconda3/envs/airflow-env/lib/python3.8/site-packages/airflow/example_dags/example_short_circuit_decorator.py took 0.506 seconds
[2022-11-06T02:55:38.594+0200] {processor.py:154} INFO - Started process (PID=5389) to work on /Users/mnagy99/opt/anaconda3/envs/airflow-env/lib/python3.8/site-packages/airflow/example_dags/example_short_circuit_decorator.py
[2022-11-06T02:55:38.596+0200] {processor.py:756} INFO - Processing file /Users/mnagy99/opt/anaconda3/envs/airflow-env/lib/python3.8/site-packages/airflow/example_dags/example_short_circuit_decorator.py for tasks to queue
[2022-11-06T02:55:38.597+0200] {logging_mixin.py:120} INFO - [2022-11-06T02:55:38.597+0200] {dagbag.py:537} INFO - Filling up the DagBag from /Users/mnagy99/opt/anaconda3/envs/airflow-env/lib/python3.8/site-packages/airflow/example_dags/example_short_circuit_decorator.py
[2022-11-06T02:55:38.640+0200] {processor.py:766} INFO - DAG(s) dict_keys(['example_short_circuit_decorator']) retrieved from /Users/mnagy99/opt/anaconda3/envs/airflow-env/lib/python3.8/site-packages/airflow/example_dags/example_short_circuit_decorator.py
[2022-11-06T02:55:39.061+0200] {logging_mixin.py:120} INFO - [2022-11-06T02:55:39.060+0200] {dag.py:2585} INFO - Sync 1 DAGs
[2022-11-06T02:55:39.074+0200] {logging_mixin.py:120} INFO - [2022-11-06T02:55:39.074+0200] {dag.py:3336} INFO - Setting next_dagrun for example_short_circuit_decorator to 2022-11-05T00:55:39.074282+00:00, run_after=2022-11-06T00:55:39.074282+00:00
[2022-11-06T02:55:39.093+0200] {processor.py:176} INFO - Processing /Users/mnagy99/opt/anaconda3/envs/airflow-env/lib/python3.8/site-packages/airflow/example_dags/example_short_circuit_decorator.py took 0.500 seconds
[2022-11-06T02:57:55.089+0200] {processor.py:154} INFO - Started process (PID=5535) to work on /Users/mnagy99/opt/anaconda3/envs/airflow-env/lib/python3.8/site-packages/airflow/example_dags/example_short_circuit_decorator.py
[2022-11-06T02:57:55.090+0200] {processor.py:756} INFO - Processing file /Users/mnagy99/opt/anaconda3/envs/airflow-env/lib/python3.8/site-packages/airflow/example_dags/example_short_circuit_decorator.py for tasks to queue
[2022-11-06T02:57:55.090+0200] {logging_mixin.py:120} INFO - [2022-11-06T02:57:55.090+0200] {dagbag.py:537} INFO - Filling up the DagBag from /Users/mnagy99/opt/anaconda3/envs/airflow-env/lib/python3.8/site-packages/airflow/example_dags/example_short_circuit_decorator.py
[2022-11-06T02:57:55.148+0200] {processor.py:766} INFO - DAG(s) dict_keys(['example_short_circuit_decorator']) retrieved from /Users/mnagy99/opt/anaconda3/envs/airflow-env/lib/python3.8/site-packages/airflow/example_dags/example_short_circuit_decorator.py
[2022-11-06T02:57:55.685+0200] {logging_mixin.py:120} INFO - [2022-11-06T02:57:55.685+0200] {dag.py:2585} INFO - Sync 1 DAGs
[2022-11-06T02:57:55.699+0200] {logging_mixin.py:120} INFO - [2022-11-06T02:57:55.699+0200] {dag.py:3336} INFO - Setting next_dagrun for example_short_circuit_decorator to 2022-11-05T00:57:55.699738+00:00, run_after=2022-11-06T00:57:55.699738+00:00
[2022-11-06T02:57:55.721+0200] {processor.py:176} INFO - Processing /Users/mnagy99/opt/anaconda3/envs/airflow-env/lib/python3.8/site-packages/airflow/example_dags/example_short_circuit_decorator.py took 0.633 seconds
[2022-11-06T03:00:14.368+0200] {processor.py:154} INFO - Started process (PID=5672) to work on /Users/mnagy99/opt/anaconda3/envs/airflow-env/lib/python3.8/site-packages/airflow/example_dags/example_short_circuit_decorator.py
[2022-11-06T03:00:14.370+0200] {processor.py:756} INFO - Processing file /Users/mnagy99/opt/anaconda3/envs/airflow-env/lib/python3.8/site-packages/airflow/example_dags/example_short_circuit_decorator.py for tasks to queue
[2022-11-06T03:00:14.371+0200] {logging_mixin.py:120} INFO - [2022-11-06T03:00:14.370+0200] {dagbag.py:537} INFO - Filling up the DagBag from /Users/mnagy99/opt/anaconda3/envs/airflow-env/lib/python3.8/site-packages/airflow/example_dags/example_short_circuit_decorator.py
[2022-11-06T03:00:14.416+0200] {processor.py:766} INFO - DAG(s) dict_keys(['example_short_circuit_decorator']) retrieved from /Users/mnagy99/opt/anaconda3/envs/airflow-env/lib/python3.8/site-packages/airflow/example_dags/example_short_circuit_decorator.py
[2022-11-06T03:00:14.854+0200] {logging_mixin.py:120} INFO - [2022-11-06T03:00:14.854+0200] {dag.py:2585} INFO - Sync 1 DAGs
[2022-11-06T03:00:14.867+0200] {logging_mixin.py:120} INFO - [2022-11-06T03:00:14.867+0200] {dag.py:3336} INFO - Setting next_dagrun for example_short_circuit_decorator to 2022-11-05T01:00:14.867510+00:00, run_after=2022-11-06T01:00:14.867510+00:00
[2022-11-06T03:00:14.884+0200] {processor.py:176} INFO - Processing /Users/mnagy99/opt/anaconda3/envs/airflow-env/lib/python3.8/site-packages/airflow/example_dags/example_short_circuit_decorator.py took 0.517 seconds
[2022-11-06T03:02:58.993+0200] {processor.py:154} INFO - Started process (PID=5818) to work on /Users/mnagy99/opt/anaconda3/envs/airflow-env/lib/python3.8/site-packages/airflow/example_dags/example_short_circuit_decorator.py
[2022-11-06T03:02:58.994+0200] {processor.py:756} INFO - Processing file /Users/mnagy99/opt/anaconda3/envs/airflow-env/lib/python3.8/site-packages/airflow/example_dags/example_short_circuit_decorator.py for tasks to queue
[2022-11-06T03:02:58.995+0200] {logging_mixin.py:120} INFO - [2022-11-06T03:02:58.995+0200] {dagbag.py:537} INFO - Filling up the DagBag from /Users/mnagy99/opt/anaconda3/envs/airflow-env/lib/python3.8/site-packages/airflow/example_dags/example_short_circuit_decorator.py
[2022-11-06T03:02:59.044+0200] {processor.py:766} INFO - DAG(s) dict_keys(['example_short_circuit_decorator']) retrieved from /Users/mnagy99/opt/anaconda3/envs/airflow-env/lib/python3.8/site-packages/airflow/example_dags/example_short_circuit_decorator.py
[2022-11-06T03:02:59.513+0200] {logging_mixin.py:120} INFO - [2022-11-06T03:02:59.513+0200] {dag.py:2585} INFO - Sync 1 DAGs
[2022-11-06T03:02:59.528+0200] {logging_mixin.py:120} INFO - [2022-11-06T03:02:59.528+0200] {dag.py:3336} INFO - Setting next_dagrun for example_short_circuit_decorator to 2022-11-05T01:02:59.528171+00:00, run_after=2022-11-06T01:02:59.528171+00:00
[2022-11-06T03:02:59.550+0200] {processor.py:176} INFO - Processing /Users/mnagy99/opt/anaconda3/envs/airflow-env/lib/python3.8/site-packages/airflow/example_dags/example_short_circuit_decorator.py took 0.559 seconds
[2022-11-06T03:05:16.570+0200] {processor.py:154} INFO - Started process (PID=5950) to work on /Users/mnagy99/opt/anaconda3/envs/airflow-env/lib/python3.8/site-packages/airflow/example_dags/example_short_circuit_decorator.py
[2022-11-06T03:05:16.573+0200] {processor.py:756} INFO - Processing file /Users/mnagy99/opt/anaconda3/envs/airflow-env/lib/python3.8/site-packages/airflow/example_dags/example_short_circuit_decorator.py for tasks to queue
[2022-11-06T03:05:16.573+0200] {logging_mixin.py:120} INFO - [2022-11-06T03:05:16.573+0200] {dagbag.py:537} INFO - Filling up the DagBag from /Users/mnagy99/opt/anaconda3/envs/airflow-env/lib/python3.8/site-packages/airflow/example_dags/example_short_circuit_decorator.py
[2022-11-06T03:05:16.626+0200] {processor.py:766} INFO - DAG(s) dict_keys(['example_short_circuit_decorator']) retrieved from /Users/mnagy99/opt/anaconda3/envs/airflow-env/lib/python3.8/site-packages/airflow/example_dags/example_short_circuit_decorator.py
[2022-11-06T03:05:17.140+0200] {logging_mixin.py:120} INFO - [2022-11-06T03:05:17.140+0200] {dag.py:2585} INFO - Sync 1 DAGs
[2022-11-06T03:05:17.157+0200] {logging_mixin.py:120} INFO - [2022-11-06T03:05:17.156+0200] {dag.py:3336} INFO - Setting next_dagrun for example_short_circuit_decorator to 2022-11-05T01:05:17.156773+00:00, run_after=2022-11-06T01:05:17.156773+00:00
[2022-11-06T03:05:17.176+0200] {processor.py:176} INFO - Processing /Users/mnagy99/opt/anaconda3/envs/airflow-env/lib/python3.8/site-packages/airflow/example_dags/example_short_circuit_decorator.py took 0.607 seconds
[2022-11-06T03:07:36.771+0200] {processor.py:154} INFO - Started process (PID=6084) to work on /Users/mnagy99/opt/anaconda3/envs/airflow-env/lib/python3.8/site-packages/airflow/example_dags/example_short_circuit_decorator.py
[2022-11-06T03:07:36.774+0200] {processor.py:756} INFO - Processing file /Users/mnagy99/opt/anaconda3/envs/airflow-env/lib/python3.8/site-packages/airflow/example_dags/example_short_circuit_decorator.py for tasks to queue
[2022-11-06T03:07:36.775+0200] {logging_mixin.py:120} INFO - [2022-11-06T03:07:36.775+0200] {dagbag.py:537} INFO - Filling up the DagBag from /Users/mnagy99/opt/anaconda3/envs/airflow-env/lib/python3.8/site-packages/airflow/example_dags/example_short_circuit_decorator.py
[2022-11-06T03:07:36.824+0200] {processor.py:766} INFO - DAG(s) dict_keys(['example_short_circuit_decorator']) retrieved from /Users/mnagy99/opt/anaconda3/envs/airflow-env/lib/python3.8/site-packages/airflow/example_dags/example_short_circuit_decorator.py
[2022-11-06T03:07:37.253+0200] {logging_mixin.py:120} INFO - [2022-11-06T03:07:37.253+0200] {dag.py:2585} INFO - Sync 1 DAGs
[2022-11-06T03:07:37.266+0200] {logging_mixin.py:120} INFO - [2022-11-06T03:07:37.266+0200] {dag.py:3336} INFO - Setting next_dagrun for example_short_circuit_decorator to 2022-11-05T01:07:37.266584+00:00, run_after=2022-11-06T01:07:37.266584+00:00
[2022-11-06T03:07:37.285+0200] {processor.py:176} INFO - Processing /Users/mnagy99/opt/anaconda3/envs/airflow-env/lib/python3.8/site-packages/airflow/example_dags/example_short_circuit_decorator.py took 0.514 seconds
[2022-11-06T03:09:43.509+0200] {processor.py:154} INFO - Started process (PID=6218) to work on /Users/mnagy99/opt/anaconda3/envs/airflow-env/lib/python3.8/site-packages/airflow/example_dags/example_short_circuit_decorator.py
[2022-11-06T03:09:43.512+0200] {processor.py:756} INFO - Processing file /Users/mnagy99/opt/anaconda3/envs/airflow-env/lib/python3.8/site-packages/airflow/example_dags/example_short_circuit_decorator.py for tasks to queue
[2022-11-06T03:09:43.513+0200] {logging_mixin.py:120} INFO - [2022-11-06T03:09:43.512+0200] {dagbag.py:537} INFO - Filling up the DagBag from /Users/mnagy99/opt/anaconda3/envs/airflow-env/lib/python3.8/site-packages/airflow/example_dags/example_short_circuit_decorator.py
[2022-11-06T03:09:43.554+0200] {processor.py:766} INFO - DAG(s) dict_keys(['example_short_circuit_decorator']) retrieved from /Users/mnagy99/opt/anaconda3/envs/airflow-env/lib/python3.8/site-packages/airflow/example_dags/example_short_circuit_decorator.py
[2022-11-06T03:09:43.971+0200] {logging_mixin.py:120} INFO - [2022-11-06T03:09:43.971+0200] {dag.py:2585} INFO - Sync 1 DAGs
[2022-11-06T03:09:43.985+0200] {logging_mixin.py:120} INFO - [2022-11-06T03:09:43.984+0200] {dag.py:3336} INFO - Setting next_dagrun for example_short_circuit_decorator to 2022-11-05T01:09:43.984751+00:00, run_after=2022-11-06T01:09:43.984751+00:00
[2022-11-06T03:09:44.003+0200] {processor.py:176} INFO - Processing /Users/mnagy99/opt/anaconda3/envs/airflow-env/lib/python3.8/site-packages/airflow/example_dags/example_short_circuit_decorator.py took 0.495 seconds
[2022-11-06T03:11:44.356+0200] {processor.py:154} INFO - Started process (PID=6347) to work on /Users/mnagy99/opt/anaconda3/envs/airflow-env/lib/python3.8/site-packages/airflow/example_dags/example_short_circuit_decorator.py
[2022-11-06T03:11:44.358+0200] {processor.py:756} INFO - Processing file /Users/mnagy99/opt/anaconda3/envs/airflow-env/lib/python3.8/site-packages/airflow/example_dags/example_short_circuit_decorator.py for tasks to queue
[2022-11-06T03:11:44.359+0200] {logging_mixin.py:120} INFO - [2022-11-06T03:11:44.359+0200] {dagbag.py:537} INFO - Filling up the DagBag from /Users/mnagy99/opt/anaconda3/envs/airflow-env/lib/python3.8/site-packages/airflow/example_dags/example_short_circuit_decorator.py
[2022-11-06T03:11:44.402+0200] {processor.py:766} INFO - DAG(s) dict_keys(['example_short_circuit_decorator']) retrieved from /Users/mnagy99/opt/anaconda3/envs/airflow-env/lib/python3.8/site-packages/airflow/example_dags/example_short_circuit_decorator.py
[2022-11-06T03:11:44.825+0200] {logging_mixin.py:120} INFO - [2022-11-06T03:11:44.825+0200] {dag.py:2585} INFO - Sync 1 DAGs
[2022-11-06T03:11:44.839+0200] {logging_mixin.py:120} INFO - [2022-11-06T03:11:44.839+0200] {dag.py:3336} INFO - Setting next_dagrun for example_short_circuit_decorator to 2022-11-05T01:11:44.838916+00:00, run_after=2022-11-06T01:11:44.838916+00:00
[2022-11-06T03:11:44.857+0200] {processor.py:176} INFO - Processing /Users/mnagy99/opt/anaconda3/envs/airflow-env/lib/python3.8/site-packages/airflow/example_dags/example_short_circuit_decorator.py took 0.502 seconds
[2022-11-06T03:13:54.633+0200] {processor.py:154} INFO - Started process (PID=6476) to work on /Users/mnagy99/opt/anaconda3/envs/airflow-env/lib/python3.8/site-packages/airflow/example_dags/example_short_circuit_decorator.py
[2022-11-06T03:13:54.635+0200] {processor.py:756} INFO - Processing file /Users/mnagy99/opt/anaconda3/envs/airflow-env/lib/python3.8/site-packages/airflow/example_dags/example_short_circuit_decorator.py for tasks to queue
[2022-11-06T03:13:54.636+0200] {logging_mixin.py:120} INFO - [2022-11-06T03:13:54.635+0200] {dagbag.py:537} INFO - Filling up the DagBag from /Users/mnagy99/opt/anaconda3/envs/airflow-env/lib/python3.8/site-packages/airflow/example_dags/example_short_circuit_decorator.py
[2022-11-06T03:13:54.682+0200] {processor.py:766} INFO - DAG(s) dict_keys(['example_short_circuit_decorator']) retrieved from /Users/mnagy99/opt/anaconda3/envs/airflow-env/lib/python3.8/site-packages/airflow/example_dags/example_short_circuit_decorator.py
[2022-11-06T03:13:55.106+0200] {logging_mixin.py:120} INFO - [2022-11-06T03:13:55.105+0200] {dag.py:2585} INFO - Sync 1 DAGs
[2022-11-06T03:13:55.119+0200] {logging_mixin.py:120} INFO - [2022-11-06T03:13:55.119+0200] {dag.py:3336} INFO - Setting next_dagrun for example_short_circuit_decorator to 2022-11-05T01:13:55.119577+00:00, run_after=2022-11-06T01:13:55.119577+00:00
[2022-11-06T03:13:55.136+0200] {processor.py:176} INFO - Processing /Users/mnagy99/opt/anaconda3/envs/airflow-env/lib/python3.8/site-packages/airflow/example_dags/example_short_circuit_decorator.py took 0.504 seconds
[2022-11-06T03:15:53.448+0200] {processor.py:154} INFO - Started process (PID=6604) to work on /Users/mnagy99/opt/anaconda3/envs/airflow-env/lib/python3.8/site-packages/airflow/example_dags/example_short_circuit_decorator.py
[2022-11-06T03:15:53.449+0200] {processor.py:756} INFO - Processing file /Users/mnagy99/opt/anaconda3/envs/airflow-env/lib/python3.8/site-packages/airflow/example_dags/example_short_circuit_decorator.py for tasks to queue
[2022-11-06T03:15:53.450+0200] {logging_mixin.py:120} INFO - [2022-11-06T03:15:53.449+0200] {dagbag.py:537} INFO - Filling up the DagBag from /Users/mnagy99/opt/anaconda3/envs/airflow-env/lib/python3.8/site-packages/airflow/example_dags/example_short_circuit_decorator.py
[2022-11-06T03:15:53.490+0200] {processor.py:766} INFO - DAG(s) dict_keys(['example_short_circuit_decorator']) retrieved from /Users/mnagy99/opt/anaconda3/envs/airflow-env/lib/python3.8/site-packages/airflow/example_dags/example_short_circuit_decorator.py
[2022-11-06T03:15:53.905+0200] {logging_mixin.py:120} INFO - [2022-11-06T03:15:53.905+0200] {dag.py:2585} INFO - Sync 1 DAGs
[2022-11-06T03:15:53.919+0200] {logging_mixin.py:120} INFO - [2022-11-06T03:15:53.919+0200] {dag.py:3336} INFO - Setting next_dagrun for example_short_circuit_decorator to 2022-11-05T01:15:53.919013+00:00, run_after=2022-11-06T01:15:53.919013+00:00
[2022-11-06T03:15:53.940+0200] {processor.py:176} INFO - Processing /Users/mnagy99/opt/anaconda3/envs/airflow-env/lib/python3.8/site-packages/airflow/example_dags/example_short_circuit_decorator.py took 0.492 seconds
[2022-11-06T03:17:50.998+0200] {processor.py:154} INFO - Started process (PID=6740) to work on /Users/mnagy99/opt/anaconda3/envs/airflow-env/lib/python3.8/site-packages/airflow/example_dags/example_short_circuit_decorator.py
[2022-11-06T03:17:51.001+0200] {processor.py:756} INFO - Processing file /Users/mnagy99/opt/anaconda3/envs/airflow-env/lib/python3.8/site-packages/airflow/example_dags/example_short_circuit_decorator.py for tasks to queue
[2022-11-06T03:17:51.001+0200] {logging_mixin.py:120} INFO - [2022-11-06T03:17:51.001+0200] {dagbag.py:537} INFO - Filling up the DagBag from /Users/mnagy99/opt/anaconda3/envs/airflow-env/lib/python3.8/site-packages/airflow/example_dags/example_short_circuit_decorator.py
[2022-11-06T03:17:51.045+0200] {processor.py:766} INFO - DAG(s) dict_keys(['example_short_circuit_decorator']) retrieved from /Users/mnagy99/opt/anaconda3/envs/airflow-env/lib/python3.8/site-packages/airflow/example_dags/example_short_circuit_decorator.py
[2022-11-06T03:17:51.491+0200] {logging_mixin.py:120} INFO - [2022-11-06T03:17:51.490+0200] {dag.py:2585} INFO - Sync 1 DAGs
[2022-11-06T03:17:51.506+0200] {logging_mixin.py:120} INFO - [2022-11-06T03:17:51.506+0200] {dag.py:3336} INFO - Setting next_dagrun for example_short_circuit_decorator to 2022-11-05T01:17:51.506076+00:00, run_after=2022-11-06T01:17:51.506076+00:00
[2022-11-06T03:17:51.526+0200] {processor.py:176} INFO - Processing /Users/mnagy99/opt/anaconda3/envs/airflow-env/lib/python3.8/site-packages/airflow/example_dags/example_short_circuit_decorator.py took 0.528 seconds
[2022-11-06T03:19:48.178+0200] {processor.py:154} INFO - Started process (PID=6861) to work on /Users/mnagy99/opt/anaconda3/envs/airflow-env/lib/python3.8/site-packages/airflow/example_dags/example_short_circuit_decorator.py
[2022-11-06T03:19:48.179+0200] {processor.py:756} INFO - Processing file /Users/mnagy99/opt/anaconda3/envs/airflow-env/lib/python3.8/site-packages/airflow/example_dags/example_short_circuit_decorator.py for tasks to queue
[2022-11-06T03:19:48.179+0200] {logging_mixin.py:120} INFO - [2022-11-06T03:19:48.179+0200] {dagbag.py:537} INFO - Filling up the DagBag from /Users/mnagy99/opt/anaconda3/envs/airflow-env/lib/python3.8/site-packages/airflow/example_dags/example_short_circuit_decorator.py
[2022-11-06T03:19:48.220+0200] {processor.py:766} INFO - DAG(s) dict_keys(['example_short_circuit_decorator']) retrieved from /Users/mnagy99/opt/anaconda3/envs/airflow-env/lib/python3.8/site-packages/airflow/example_dags/example_short_circuit_decorator.py
[2022-11-06T03:19:48.652+0200] {logging_mixin.py:120} INFO - [2022-11-06T03:19:48.652+0200] {dag.py:2585} INFO - Sync 1 DAGs
[2022-11-06T03:19:48.666+0200] {logging_mixin.py:120} INFO - [2022-11-06T03:19:48.666+0200] {dag.py:3336} INFO - Setting next_dagrun for example_short_circuit_decorator to 2022-11-05T01:19:48.666646+00:00, run_after=2022-11-06T01:19:48.666646+00:00
[2022-11-06T03:19:48.688+0200] {processor.py:176} INFO - Processing /Users/mnagy99/opt/anaconda3/envs/airflow-env/lib/python3.8/site-packages/airflow/example_dags/example_short_circuit_decorator.py took 0.511 seconds
[2022-11-06T03:21:50.015+0200] {processor.py:154} INFO - Started process (PID=6985) to work on /Users/mnagy99/opt/anaconda3/envs/airflow-env/lib/python3.8/site-packages/airflow/example_dags/example_short_circuit_decorator.py
[2022-11-06T03:21:50.016+0200] {processor.py:756} INFO - Processing file /Users/mnagy99/opt/anaconda3/envs/airflow-env/lib/python3.8/site-packages/airflow/example_dags/example_short_circuit_decorator.py for tasks to queue
[2022-11-06T03:21:50.016+0200] {logging_mixin.py:120} INFO - [2022-11-06T03:21:50.016+0200] {dagbag.py:537} INFO - Filling up the DagBag from /Users/mnagy99/opt/anaconda3/envs/airflow-env/lib/python3.8/site-packages/airflow/example_dags/example_short_circuit_decorator.py
[2022-11-06T03:21:50.057+0200] {processor.py:766} INFO - DAG(s) dict_keys(['example_short_circuit_decorator']) retrieved from /Users/mnagy99/opt/anaconda3/envs/airflow-env/lib/python3.8/site-packages/airflow/example_dags/example_short_circuit_decorator.py
[2022-11-06T03:21:50.548+0200] {logging_mixin.py:120} INFO - [2022-11-06T03:21:50.548+0200] {dag.py:2585} INFO - Sync 1 DAGs
[2022-11-06T03:21:50.565+0200] {logging_mixin.py:120} INFO - [2022-11-06T03:21:50.565+0200] {dag.py:3336} INFO - Setting next_dagrun for example_short_circuit_decorator to 2022-11-05T01:21:50.565016+00:00, run_after=2022-11-06T01:21:50.565016+00:00
[2022-11-06T03:21:50.585+0200] {processor.py:176} INFO - Processing /Users/mnagy99/opt/anaconda3/envs/airflow-env/lib/python3.8/site-packages/airflow/example_dags/example_short_circuit_decorator.py took 0.571 seconds
[2022-11-06T03:23:52.267+0200] {processor.py:154} INFO - Started process (PID=7115) to work on /Users/mnagy99/opt/anaconda3/envs/airflow-env/lib/python3.8/site-packages/airflow/example_dags/example_short_circuit_decorator.py
[2022-11-06T03:23:52.270+0200] {processor.py:756} INFO - Processing file /Users/mnagy99/opt/anaconda3/envs/airflow-env/lib/python3.8/site-packages/airflow/example_dags/example_short_circuit_decorator.py for tasks to queue
[2022-11-06T03:23:52.271+0200] {logging_mixin.py:120} INFO - [2022-11-06T03:23:52.270+0200] {dagbag.py:537} INFO - Filling up the DagBag from /Users/mnagy99/opt/anaconda3/envs/airflow-env/lib/python3.8/site-packages/airflow/example_dags/example_short_circuit_decorator.py
[2022-11-06T03:23:52.318+0200] {processor.py:766} INFO - DAG(s) dict_keys(['example_short_circuit_decorator']) retrieved from /Users/mnagy99/opt/anaconda3/envs/airflow-env/lib/python3.8/site-packages/airflow/example_dags/example_short_circuit_decorator.py
[2022-11-06T03:23:52.791+0200] {logging_mixin.py:120} INFO - [2022-11-06T03:23:52.790+0200] {dag.py:2585} INFO - Sync 1 DAGs
[2022-11-06T03:23:52.803+0200] {logging_mixin.py:120} INFO - [2022-11-06T03:23:52.803+0200] {dag.py:3336} INFO - Setting next_dagrun for example_short_circuit_decorator to 2022-11-05T01:23:52.803731+00:00, run_after=2022-11-06T01:23:52.803731+00:00
[2022-11-06T03:23:52.821+0200] {processor.py:176} INFO - Processing /Users/mnagy99/opt/anaconda3/envs/airflow-env/lib/python3.8/site-packages/airflow/example_dags/example_short_circuit_decorator.py took 0.555 seconds
[2022-11-06T03:25:47.262+0200] {processor.py:154} INFO - Started process (PID=7243) to work on /Users/mnagy99/opt/anaconda3/envs/airflow-env/lib/python3.8/site-packages/airflow/example_dags/example_short_circuit_decorator.py
[2022-11-06T03:25:47.265+0200] {processor.py:756} INFO - Processing file /Users/mnagy99/opt/anaconda3/envs/airflow-env/lib/python3.8/site-packages/airflow/example_dags/example_short_circuit_decorator.py for tasks to queue
[2022-11-06T03:25:47.265+0200] {logging_mixin.py:120} INFO - [2022-11-06T03:25:47.265+0200] {dagbag.py:537} INFO - Filling up the DagBag from /Users/mnagy99/opt/anaconda3/envs/airflow-env/lib/python3.8/site-packages/airflow/example_dags/example_short_circuit_decorator.py
[2022-11-06T03:25:47.309+0200] {processor.py:766} INFO - DAG(s) dict_keys(['example_short_circuit_decorator']) retrieved from /Users/mnagy99/opt/anaconda3/envs/airflow-env/lib/python3.8/site-packages/airflow/example_dags/example_short_circuit_decorator.py
[2022-11-06T03:25:47.735+0200] {logging_mixin.py:120} INFO - [2022-11-06T03:25:47.735+0200] {dag.py:2585} INFO - Sync 1 DAGs
[2022-11-06T03:25:47.749+0200] {logging_mixin.py:120} INFO - [2022-11-06T03:25:47.749+0200] {dag.py:3336} INFO - Setting next_dagrun for example_short_circuit_decorator to 2022-11-05T01:25:47.748959+00:00, run_after=2022-11-06T01:25:47.748959+00:00
[2022-11-06T03:25:47.765+0200] {processor.py:176} INFO - Processing /Users/mnagy99/opt/anaconda3/envs/airflow-env/lib/python3.8/site-packages/airflow/example_dags/example_short_circuit_decorator.py took 0.504 seconds
[2022-11-06T03:27:48.303+0200] {processor.py:154} INFO - Started process (PID=7385) to work on /Users/mnagy99/opt/anaconda3/envs/airflow-env/lib/python3.8/site-packages/airflow/example_dags/example_short_circuit_decorator.py
[2022-11-06T03:27:48.306+0200] {processor.py:756} INFO - Processing file /Users/mnagy99/opt/anaconda3/envs/airflow-env/lib/python3.8/site-packages/airflow/example_dags/example_short_circuit_decorator.py for tasks to queue
[2022-11-06T03:27:48.307+0200] {logging_mixin.py:120} INFO - [2022-11-06T03:27:48.306+0200] {dagbag.py:537} INFO - Filling up the DagBag from /Users/mnagy99/opt/anaconda3/envs/airflow-env/lib/python3.8/site-packages/airflow/example_dags/example_short_circuit_decorator.py
[2022-11-06T03:27:48.351+0200] {processor.py:766} INFO - DAG(s) dict_keys(['example_short_circuit_decorator']) retrieved from /Users/mnagy99/opt/anaconda3/envs/airflow-env/lib/python3.8/site-packages/airflow/example_dags/example_short_circuit_decorator.py
[2022-11-06T03:27:48.817+0200] {logging_mixin.py:120} INFO - [2022-11-06T03:27:48.817+0200] {dag.py:2585} INFO - Sync 1 DAGs
[2022-11-06T03:27:48.833+0200] {logging_mixin.py:120} INFO - [2022-11-06T03:27:48.833+0200] {dag.py:3336} INFO - Setting next_dagrun for example_short_circuit_decorator to 2022-11-05T01:27:48.833513+00:00, run_after=2022-11-06T01:27:48.833513+00:00
[2022-11-06T03:27:48.852+0200] {processor.py:176} INFO - Processing /Users/mnagy99/opt/anaconda3/envs/airflow-env/lib/python3.8/site-packages/airflow/example_dags/example_short_circuit_decorator.py took 0.550 seconds
[2022-11-06T03:29:50.626+0200] {processor.py:154} INFO - Started process (PID=7510) to work on /Users/mnagy99/opt/anaconda3/envs/airflow-env/lib/python3.8/site-packages/airflow/example_dags/example_short_circuit_decorator.py
[2022-11-06T03:29:50.629+0200] {processor.py:756} INFO - Processing file /Users/mnagy99/opt/anaconda3/envs/airflow-env/lib/python3.8/site-packages/airflow/example_dags/example_short_circuit_decorator.py for tasks to queue
[2022-11-06T03:29:50.630+0200] {logging_mixin.py:120} INFO - [2022-11-06T03:29:50.629+0200] {dagbag.py:537} INFO - Filling up the DagBag from /Users/mnagy99/opt/anaconda3/envs/airflow-env/lib/python3.8/site-packages/airflow/example_dags/example_short_circuit_decorator.py
[2022-11-06T03:29:50.676+0200] {processor.py:766} INFO - DAG(s) dict_keys(['example_short_circuit_decorator']) retrieved from /Users/mnagy99/opt/anaconda3/envs/airflow-env/lib/python3.8/site-packages/airflow/example_dags/example_short_circuit_decorator.py
[2022-11-06T03:29:51.140+0200] {logging_mixin.py:120} INFO - [2022-11-06T03:29:51.140+0200] {dag.py:2585} INFO - Sync 1 DAGs
[2022-11-06T03:29:51.155+0200] {logging_mixin.py:120} INFO - [2022-11-06T03:29:51.155+0200] {dag.py:3336} INFO - Setting next_dagrun for example_short_circuit_decorator to 2022-11-05T01:29:51.155526+00:00, run_after=2022-11-06T01:29:51.155526+00:00
[2022-11-06T03:29:51.179+0200] {processor.py:176} INFO - Processing /Users/mnagy99/opt/anaconda3/envs/airflow-env/lib/python3.8/site-packages/airflow/example_dags/example_short_circuit_decorator.py took 0.554 seconds
[2022-11-06T03:31:51.727+0200] {processor.py:154} INFO - Started process (PID=7638) to work on /Users/mnagy99/opt/anaconda3/envs/airflow-env/lib/python3.8/site-packages/airflow/example_dags/example_short_circuit_decorator.py
[2022-11-06T03:31:51.742+0200] {processor.py:756} INFO - Processing file /Users/mnagy99/opt/anaconda3/envs/airflow-env/lib/python3.8/site-packages/airflow/example_dags/example_short_circuit_decorator.py for tasks to queue
[2022-11-06T03:31:51.742+0200] {logging_mixin.py:120} INFO - [2022-11-06T03:31:51.742+0200] {dagbag.py:537} INFO - Filling up the DagBag from /Users/mnagy99/opt/anaconda3/envs/airflow-env/lib/python3.8/site-packages/airflow/example_dags/example_short_circuit_decorator.py
[2022-11-06T03:31:51.789+0200] {processor.py:766} INFO - DAG(s) dict_keys(['example_short_circuit_decorator']) retrieved from /Users/mnagy99/opt/anaconda3/envs/airflow-env/lib/python3.8/site-packages/airflow/example_dags/example_short_circuit_decorator.py
[2022-11-06T03:31:52.256+0200] {logging_mixin.py:120} INFO - [2022-11-06T03:31:52.256+0200] {dag.py:2585} INFO - Sync 1 DAGs
[2022-11-06T03:31:52.270+0200] {logging_mixin.py:120} INFO - [2022-11-06T03:31:52.270+0200] {dag.py:3336} INFO - Setting next_dagrun for example_short_circuit_decorator to 2022-11-05T01:31:52.270187+00:00, run_after=2022-11-06T01:31:52.270187+00:00
[2022-11-06T03:31:52.288+0200] {processor.py:176} INFO - Processing /Users/mnagy99/opt/anaconda3/envs/airflow-env/lib/python3.8/site-packages/airflow/example_dags/example_short_circuit_decorator.py took 0.562 seconds
[2022-11-06T03:34:03.351+0200] {processor.py:154} INFO - Started process (PID=7774) to work on /Users/mnagy99/opt/anaconda3/envs/airflow-env/lib/python3.8/site-packages/airflow/example_dags/example_short_circuit_decorator.py
[2022-11-06T03:34:03.351+0200] {processor.py:756} INFO - Processing file /Users/mnagy99/opt/anaconda3/envs/airflow-env/lib/python3.8/site-packages/airflow/example_dags/example_short_circuit_decorator.py for tasks to queue
[2022-11-06T03:34:03.352+0200] {logging_mixin.py:120} INFO - [2022-11-06T03:34:03.352+0200] {dagbag.py:537} INFO - Filling up the DagBag from /Users/mnagy99/opt/anaconda3/envs/airflow-env/lib/python3.8/site-packages/airflow/example_dags/example_short_circuit_decorator.py
[2022-11-06T03:34:03.390+0200] {processor.py:766} INFO - DAG(s) dict_keys(['example_short_circuit_decorator']) retrieved from /Users/mnagy99/opt/anaconda3/envs/airflow-env/lib/python3.8/site-packages/airflow/example_dags/example_short_circuit_decorator.py
[2022-11-06T03:34:03.904+0200] {logging_mixin.py:120} INFO - [2022-11-06T03:34:03.904+0200] {dag.py:2585} INFO - Sync 1 DAGs
[2022-11-06T03:34:03.918+0200] {logging_mixin.py:120} INFO - [2022-11-06T03:34:03.918+0200] {dag.py:3336} INFO - Setting next_dagrun for example_short_circuit_decorator to 2022-11-05T01:34:03.918080+00:00, run_after=2022-11-06T01:34:03.918080+00:00
[2022-11-06T03:34:03.936+0200] {processor.py:176} INFO - Processing /Users/mnagy99/opt/anaconda3/envs/airflow-env/lib/python3.8/site-packages/airflow/example_dags/example_short_circuit_decorator.py took 0.586 seconds
[2022-11-06T03:36:09.491+0200] {processor.py:154} INFO - Started process (PID=7948) to work on /Users/mnagy99/opt/anaconda3/envs/airflow-env/lib/python3.8/site-packages/airflow/example_dags/example_short_circuit_decorator.py
[2022-11-06T03:36:09.493+0200] {processor.py:756} INFO - Processing file /Users/mnagy99/opt/anaconda3/envs/airflow-env/lib/python3.8/site-packages/airflow/example_dags/example_short_circuit_decorator.py for tasks to queue
[2022-11-06T03:36:09.494+0200] {logging_mixin.py:120} INFO - [2022-11-06T03:36:09.494+0200] {dagbag.py:537} INFO - Filling up the DagBag from /Users/mnagy99/opt/anaconda3/envs/airflow-env/lib/python3.8/site-packages/airflow/example_dags/example_short_circuit_decorator.py
[2022-11-06T03:36:09.540+0200] {processor.py:766} INFO - DAG(s) dict_keys(['example_short_circuit_decorator']) retrieved from /Users/mnagy99/opt/anaconda3/envs/airflow-env/lib/python3.8/site-packages/airflow/example_dags/example_short_circuit_decorator.py
[2022-11-06T03:36:09.956+0200] {logging_mixin.py:120} INFO - [2022-11-06T03:36:09.956+0200] {dag.py:2585} INFO - Sync 1 DAGs
[2022-11-06T03:36:09.969+0200] {logging_mixin.py:120} INFO - [2022-11-06T03:36:09.969+0200] {dag.py:3336} INFO - Setting next_dagrun for example_short_circuit_decorator to 2022-11-05T01:36:09.969341+00:00, run_after=2022-11-06T01:36:09.969341+00:00
[2022-11-06T03:36:09.992+0200] {processor.py:176} INFO - Processing /Users/mnagy99/opt/anaconda3/envs/airflow-env/lib/python3.8/site-packages/airflow/example_dags/example_short_circuit_decorator.py took 0.502 seconds
[2022-11-06T03:38:11.032+0200] {processor.py:154} INFO - Started process (PID=8071) to work on /Users/mnagy99/opt/anaconda3/envs/airflow-env/lib/python3.8/site-packages/airflow/example_dags/example_short_circuit_decorator.py
[2022-11-06T03:38:11.035+0200] {processor.py:756} INFO - Processing file /Users/mnagy99/opt/anaconda3/envs/airflow-env/lib/python3.8/site-packages/airflow/example_dags/example_short_circuit_decorator.py for tasks to queue
[2022-11-06T03:38:11.036+0200] {logging_mixin.py:120} INFO - [2022-11-06T03:38:11.036+0200] {dagbag.py:537} INFO - Filling up the DagBag from /Users/mnagy99/opt/anaconda3/envs/airflow-env/lib/python3.8/site-packages/airflow/example_dags/example_short_circuit_decorator.py
[2022-11-06T03:38:11.081+0200] {processor.py:766} INFO - DAG(s) dict_keys(['example_short_circuit_decorator']) retrieved from /Users/mnagy99/opt/anaconda3/envs/airflow-env/lib/python3.8/site-packages/airflow/example_dags/example_short_circuit_decorator.py
[2022-11-06T03:38:11.497+0200] {logging_mixin.py:120} INFO - [2022-11-06T03:38:11.497+0200] {dag.py:2585} INFO - Sync 1 DAGs
[2022-11-06T03:38:11.511+0200] {logging_mixin.py:120} INFO - [2022-11-06T03:38:11.511+0200] {dag.py:3336} INFO - Setting next_dagrun for example_short_circuit_decorator to 2022-11-05T01:38:11.510953+00:00, run_after=2022-11-06T01:38:11.510953+00:00
[2022-11-06T03:38:11.527+0200] {processor.py:176} INFO - Processing /Users/mnagy99/opt/anaconda3/envs/airflow-env/lib/python3.8/site-packages/airflow/example_dags/example_short_circuit_decorator.py took 0.496 seconds
[2022-11-06T03:40:10.552+0200] {processor.py:154} INFO - Started process (PID=8194) to work on /Users/mnagy99/opt/anaconda3/envs/airflow-env/lib/python3.8/site-packages/airflow/example_dags/example_short_circuit_decorator.py
[2022-11-06T03:40:10.553+0200] {processor.py:756} INFO - Processing file /Users/mnagy99/opt/anaconda3/envs/airflow-env/lib/python3.8/site-packages/airflow/example_dags/example_short_circuit_decorator.py for tasks to queue
[2022-11-06T03:40:10.553+0200] {logging_mixin.py:120} INFO - [2022-11-06T03:40:10.553+0200] {dagbag.py:537} INFO - Filling up the DagBag from /Users/mnagy99/opt/anaconda3/envs/airflow-env/lib/python3.8/site-packages/airflow/example_dags/example_short_circuit_decorator.py
[2022-11-06T03:40:10.591+0200] {processor.py:766} INFO - DAG(s) dict_keys(['example_short_circuit_decorator']) retrieved from /Users/mnagy99/opt/anaconda3/envs/airflow-env/lib/python3.8/site-packages/airflow/example_dags/example_short_circuit_decorator.py
[2022-11-06T03:40:11.052+0200] {logging_mixin.py:120} INFO - [2022-11-06T03:40:11.052+0200] {dag.py:2585} INFO - Sync 1 DAGs
[2022-11-06T03:40:11.066+0200] {logging_mixin.py:120} INFO - [2022-11-06T03:40:11.065+0200] {dag.py:3336} INFO - Setting next_dagrun for example_short_circuit_decorator to 2022-11-05T01:40:11.065818+00:00, run_after=2022-11-06T01:40:11.065818+00:00
[2022-11-06T03:40:11.083+0200] {processor.py:176} INFO - Processing /Users/mnagy99/opt/anaconda3/envs/airflow-env/lib/python3.8/site-packages/airflow/example_dags/example_short_circuit_decorator.py took 0.532 seconds
[2022-11-06T03:42:09.905+0200] {processor.py:154} INFO - Started process (PID=8314) to work on /Users/mnagy99/opt/anaconda3/envs/airflow-env/lib/python3.8/site-packages/airflow/example_dags/example_short_circuit_decorator.py
[2022-11-06T03:42:09.907+0200] {processor.py:756} INFO - Processing file /Users/mnagy99/opt/anaconda3/envs/airflow-env/lib/python3.8/site-packages/airflow/example_dags/example_short_circuit_decorator.py for tasks to queue
[2022-11-06T03:42:09.908+0200] {logging_mixin.py:120} INFO - [2022-11-06T03:42:09.908+0200] {dagbag.py:537} INFO - Filling up the DagBag from /Users/mnagy99/opt/anaconda3/envs/airflow-env/lib/python3.8/site-packages/airflow/example_dags/example_short_circuit_decorator.py
[2022-11-06T03:42:09.958+0200] {processor.py:766} INFO - DAG(s) dict_keys(['example_short_circuit_decorator']) retrieved from /Users/mnagy99/opt/anaconda3/envs/airflow-env/lib/python3.8/site-packages/airflow/example_dags/example_short_circuit_decorator.py
[2022-11-06T03:42:10.412+0200] {logging_mixin.py:120} INFO - [2022-11-06T03:42:10.412+0200] {dag.py:2585} INFO - Sync 1 DAGs
[2022-11-06T03:42:10.425+0200] {logging_mixin.py:120} INFO - [2022-11-06T03:42:10.425+0200] {dag.py:3336} INFO - Setting next_dagrun for example_short_circuit_decorator to 2022-11-05T01:42:10.425162+00:00, run_after=2022-11-06T01:42:10.425162+00:00
[2022-11-06T03:42:10.442+0200] {processor.py:176} INFO - Processing /Users/mnagy99/opt/anaconda3/envs/airflow-env/lib/python3.8/site-packages/airflow/example_dags/example_short_circuit_decorator.py took 0.538 seconds
[2022-11-06T03:44:09.936+0200] {processor.py:154} INFO - Started process (PID=8443) to work on /Users/mnagy99/opt/anaconda3/envs/airflow-env/lib/python3.8/site-packages/airflow/example_dags/example_short_circuit_decorator.py
[2022-11-06T03:44:09.937+0200] {processor.py:756} INFO - Processing file /Users/mnagy99/opt/anaconda3/envs/airflow-env/lib/python3.8/site-packages/airflow/example_dags/example_short_circuit_decorator.py for tasks to queue
[2022-11-06T03:44:09.938+0200] {logging_mixin.py:120} INFO - [2022-11-06T03:44:09.937+0200] {dagbag.py:537} INFO - Filling up the DagBag from /Users/mnagy99/opt/anaconda3/envs/airflow-env/lib/python3.8/site-packages/airflow/example_dags/example_short_circuit_decorator.py
[2022-11-06T03:44:09.986+0200] {processor.py:766} INFO - DAG(s) dict_keys(['example_short_circuit_decorator']) retrieved from /Users/mnagy99/opt/anaconda3/envs/airflow-env/lib/python3.8/site-packages/airflow/example_dags/example_short_circuit_decorator.py
[2022-11-06T03:44:10.513+0200] {logging_mixin.py:120} INFO - [2022-11-06T03:44:10.513+0200] {dag.py:2585} INFO - Sync 1 DAGs
[2022-11-06T03:44:10.532+0200] {logging_mixin.py:120} INFO - [2022-11-06T03:44:10.531+0200] {dag.py:3336} INFO - Setting next_dagrun for example_short_circuit_decorator to 2022-11-05T01:44:10.531789+00:00, run_after=2022-11-06T01:44:10.531789+00:00
[2022-11-06T03:44:10.549+0200] {processor.py:176} INFO - Processing /Users/mnagy99/opt/anaconda3/envs/airflow-env/lib/python3.8/site-packages/airflow/example_dags/example_short_circuit_decorator.py took 0.614 seconds
[2022-11-06T03:46:11.195+0200] {processor.py:154} INFO - Started process (PID=8580) to work on /Users/mnagy99/opt/anaconda3/envs/airflow-env/lib/python3.8/site-packages/airflow/example_dags/example_short_circuit_decorator.py
[2022-11-06T03:46:11.198+0200] {processor.py:756} INFO - Processing file /Users/mnagy99/opt/anaconda3/envs/airflow-env/lib/python3.8/site-packages/airflow/example_dags/example_short_circuit_decorator.py for tasks to queue
[2022-11-06T03:46:11.198+0200] {logging_mixin.py:120} INFO - [2022-11-06T03:46:11.198+0200] {dagbag.py:537} INFO - Filling up the DagBag from /Users/mnagy99/opt/anaconda3/envs/airflow-env/lib/python3.8/site-packages/airflow/example_dags/example_short_circuit_decorator.py
[2022-11-06T03:46:11.245+0200] {processor.py:766} INFO - DAG(s) dict_keys(['example_short_circuit_decorator']) retrieved from /Users/mnagy99/opt/anaconda3/envs/airflow-env/lib/python3.8/site-packages/airflow/example_dags/example_short_circuit_decorator.py
[2022-11-06T03:46:11.677+0200] {logging_mixin.py:120} INFO - [2022-11-06T03:46:11.677+0200] {dag.py:2585} INFO - Sync 1 DAGs
[2022-11-06T03:46:11.691+0200] {logging_mixin.py:120} INFO - [2022-11-06T03:46:11.690+0200] {dag.py:3336} INFO - Setting next_dagrun for example_short_circuit_decorator to 2022-11-05T01:46:11.690780+00:00, run_after=2022-11-06T01:46:11.690780+00:00
[2022-11-06T03:46:11.709+0200] {processor.py:176} INFO - Processing /Users/mnagy99/opt/anaconda3/envs/airflow-env/lib/python3.8/site-packages/airflow/example_dags/example_short_circuit_decorator.py took 0.514 seconds
[2022-11-06T03:48:16.053+0200] {processor.py:154} INFO - Started process (PID=8701) to work on /Users/mnagy99/opt/anaconda3/envs/airflow-env/lib/python3.8/site-packages/airflow/example_dags/example_short_circuit_decorator.py
[2022-11-06T03:48:16.059+0200] {processor.py:756} INFO - Processing file /Users/mnagy99/opt/anaconda3/envs/airflow-env/lib/python3.8/site-packages/airflow/example_dags/example_short_circuit_decorator.py for tasks to queue
[2022-11-06T03:48:16.060+0200] {logging_mixin.py:120} INFO - [2022-11-06T03:48:16.060+0200] {dagbag.py:537} INFO - Filling up the DagBag from /Users/mnagy99/opt/anaconda3/envs/airflow-env/lib/python3.8/site-packages/airflow/example_dags/example_short_circuit_decorator.py
[2022-11-06T03:48:16.121+0200] {processor.py:766} INFO - DAG(s) dict_keys(['example_short_circuit_decorator']) retrieved from /Users/mnagy99/opt/anaconda3/envs/airflow-env/lib/python3.8/site-packages/airflow/example_dags/example_short_circuit_decorator.py
[2022-11-06T03:48:16.853+0200] {logging_mixin.py:120} INFO - [2022-11-06T03:48:16.853+0200] {dag.py:2585} INFO - Sync 1 DAGs
[2022-11-06T03:48:16.871+0200] {logging_mixin.py:120} INFO - [2022-11-06T03:48:16.871+0200] {dag.py:3336} INFO - Setting next_dagrun for example_short_circuit_decorator to 2022-11-05T01:48:16.871167+00:00, run_after=2022-11-06T01:48:16.871167+00:00
[2022-11-06T03:48:16.894+0200] {processor.py:176} INFO - Processing /Users/mnagy99/opt/anaconda3/envs/airflow-env/lib/python3.8/site-packages/airflow/example_dags/example_short_circuit_decorator.py took 0.843 seconds
[2022-11-06T03:50:21.781+0200] {processor.py:154} INFO - Started process (PID=8826) to work on /Users/mnagy99/opt/anaconda3/envs/airflow-env/lib/python3.8/site-packages/airflow/example_dags/example_short_circuit_decorator.py
[2022-11-06T03:50:21.784+0200] {processor.py:756} INFO - Processing file /Users/mnagy99/opt/anaconda3/envs/airflow-env/lib/python3.8/site-packages/airflow/example_dags/example_short_circuit_decorator.py for tasks to queue
[2022-11-06T03:50:21.785+0200] {logging_mixin.py:120} INFO - [2022-11-06T03:50:21.785+0200] {dagbag.py:537} INFO - Filling up the DagBag from /Users/mnagy99/opt/anaconda3/envs/airflow-env/lib/python3.8/site-packages/airflow/example_dags/example_short_circuit_decorator.py
[2022-11-06T03:50:21.828+0200] {processor.py:766} INFO - DAG(s) dict_keys(['example_short_circuit_decorator']) retrieved from /Users/mnagy99/opt/anaconda3/envs/airflow-env/lib/python3.8/site-packages/airflow/example_dags/example_short_circuit_decorator.py
[2022-11-06T03:50:22.255+0200] {logging_mixin.py:120} INFO - [2022-11-06T03:50:22.255+0200] {dag.py:2585} INFO - Sync 1 DAGs
[2022-11-06T03:50:22.268+0200] {logging_mixin.py:120} INFO - [2022-11-06T03:50:22.268+0200] {dag.py:3336} INFO - Setting next_dagrun for example_short_circuit_decorator to 2022-11-05T01:50:22.268010+00:00, run_after=2022-11-06T01:50:22.268010+00:00
[2022-11-06T03:50:22.285+0200] {processor.py:176} INFO - Processing /Users/mnagy99/opt/anaconda3/envs/airflow-env/lib/python3.8/site-packages/airflow/example_dags/example_short_circuit_decorator.py took 0.504 seconds
[2022-11-06T03:52:27.070+0200] {processor.py:154} INFO - Started process (PID=8955) to work on /Users/mnagy99/opt/anaconda3/envs/airflow-env/lib/python3.8/site-packages/airflow/example_dags/example_short_circuit_decorator.py
[2022-11-06T03:52:27.073+0200] {processor.py:756} INFO - Processing file /Users/mnagy99/opt/anaconda3/envs/airflow-env/lib/python3.8/site-packages/airflow/example_dags/example_short_circuit_decorator.py for tasks to queue
[2022-11-06T03:52:27.074+0200] {logging_mixin.py:120} INFO - [2022-11-06T03:52:27.074+0200] {dagbag.py:537} INFO - Filling up the DagBag from /Users/mnagy99/opt/anaconda3/envs/airflow-env/lib/python3.8/site-packages/airflow/example_dags/example_short_circuit_decorator.py
[2022-11-06T03:52:27.119+0200] {processor.py:766} INFO - DAG(s) dict_keys(['example_short_circuit_decorator']) retrieved from /Users/mnagy99/opt/anaconda3/envs/airflow-env/lib/python3.8/site-packages/airflow/example_dags/example_short_circuit_decorator.py
[2022-11-06T03:52:27.543+0200] {logging_mixin.py:120} INFO - [2022-11-06T03:52:27.543+0200] {dag.py:2585} INFO - Sync 1 DAGs
[2022-11-06T03:52:27.557+0200] {logging_mixin.py:120} INFO - [2022-11-06T03:52:27.557+0200] {dag.py:3336} INFO - Setting next_dagrun for example_short_circuit_decorator to 2022-11-05T01:52:27.556960+00:00, run_after=2022-11-06T01:52:27.556960+00:00
[2022-11-06T03:52:27.573+0200] {processor.py:176} INFO - Processing /Users/mnagy99/opt/anaconda3/envs/airflow-env/lib/python3.8/site-packages/airflow/example_dags/example_short_circuit_decorator.py took 0.504 seconds
[2022-11-06T03:54:39.811+0200] {processor.py:154} INFO - Started process (PID=9088) to work on /Users/mnagy99/opt/anaconda3/envs/airflow-env/lib/python3.8/site-packages/airflow/example_dags/example_short_circuit_decorator.py
[2022-11-06T03:54:39.813+0200] {processor.py:756} INFO - Processing file /Users/mnagy99/opt/anaconda3/envs/airflow-env/lib/python3.8/site-packages/airflow/example_dags/example_short_circuit_decorator.py for tasks to queue
[2022-11-06T03:54:39.814+0200] {logging_mixin.py:120} INFO - [2022-11-06T03:54:39.814+0200] {dagbag.py:537} INFO - Filling up the DagBag from /Users/mnagy99/opt/anaconda3/envs/airflow-env/lib/python3.8/site-packages/airflow/example_dags/example_short_circuit_decorator.py
[2022-11-06T03:54:39.858+0200] {processor.py:766} INFO - DAG(s) dict_keys(['example_short_circuit_decorator']) retrieved from /Users/mnagy99/opt/anaconda3/envs/airflow-env/lib/python3.8/site-packages/airflow/example_dags/example_short_circuit_decorator.py
[2022-11-06T03:54:40.309+0200] {logging_mixin.py:120} INFO - [2022-11-06T03:54:40.309+0200] {dag.py:2585} INFO - Sync 1 DAGs
[2022-11-06T03:54:40.323+0200] {logging_mixin.py:120} INFO - [2022-11-06T03:54:40.323+0200] {dag.py:3336} INFO - Setting next_dagrun for example_short_circuit_decorator to 2022-11-05T01:54:40.323279+00:00, run_after=2022-11-06T01:54:40.323279+00:00
[2022-11-06T03:54:40.347+0200] {processor.py:176} INFO - Processing /Users/mnagy99/opt/anaconda3/envs/airflow-env/lib/python3.8/site-packages/airflow/example_dags/example_short_circuit_decorator.py took 0.537 seconds
[2022-11-06T03:57:02.450+0200] {processor.py:154} INFO - Started process (PID=9233) to work on /Users/mnagy99/opt/anaconda3/envs/airflow-env/lib/python3.8/site-packages/airflow/example_dags/example_short_circuit_decorator.py
[2022-11-06T03:57:02.453+0200] {processor.py:756} INFO - Processing file /Users/mnagy99/opt/anaconda3/envs/airflow-env/lib/python3.8/site-packages/airflow/example_dags/example_short_circuit_decorator.py for tasks to queue
[2022-11-06T03:57:02.453+0200] {logging_mixin.py:120} INFO - [2022-11-06T03:57:02.453+0200] {dagbag.py:537} INFO - Filling up the DagBag from /Users/mnagy99/opt/anaconda3/envs/airflow-env/lib/python3.8/site-packages/airflow/example_dags/example_short_circuit_decorator.py
[2022-11-06T03:57:02.494+0200] {processor.py:766} INFO - DAG(s) dict_keys(['example_short_circuit_decorator']) retrieved from /Users/mnagy99/opt/anaconda3/envs/airflow-env/lib/python3.8/site-packages/airflow/example_dags/example_short_circuit_decorator.py
[2022-11-06T03:57:02.925+0200] {logging_mixin.py:120} INFO - [2022-11-06T03:57:02.925+0200] {dag.py:2585} INFO - Sync 1 DAGs
[2022-11-06T03:57:02.939+0200] {logging_mixin.py:120} INFO - [2022-11-06T03:57:02.938+0200] {dag.py:3336} INFO - Setting next_dagrun for example_short_circuit_decorator to 2022-11-05T01:57:02.938797+00:00, run_after=2022-11-06T01:57:02.938797+00:00
[2022-11-06T03:57:02.956+0200] {processor.py:176} INFO - Processing /Users/mnagy99/opt/anaconda3/envs/airflow-env/lib/python3.8/site-packages/airflow/example_dags/example_short_circuit_decorator.py took 0.507 seconds
[2022-11-06T03:59:14.963+0200] {processor.py:154} INFO - Started process (PID=9359) to work on /Users/mnagy99/opt/anaconda3/envs/airflow-env/lib/python3.8/site-packages/airflow/example_dags/example_short_circuit_decorator.py
[2022-11-06T03:59:14.964+0200] {processor.py:756} INFO - Processing file /Users/mnagy99/opt/anaconda3/envs/airflow-env/lib/python3.8/site-packages/airflow/example_dags/example_short_circuit_decorator.py for tasks to queue
[2022-11-06T03:59:14.964+0200] {logging_mixin.py:120} INFO - [2022-11-06T03:59:14.964+0200] {dagbag.py:537} INFO - Filling up the DagBag from /Users/mnagy99/opt/anaconda3/envs/airflow-env/lib/python3.8/site-packages/airflow/example_dags/example_short_circuit_decorator.py
[2022-11-06T03:59:15.029+0200] {processor.py:766} INFO - DAG(s) dict_keys(['example_short_circuit_decorator']) retrieved from /Users/mnagy99/opt/anaconda3/envs/airflow-env/lib/python3.8/site-packages/airflow/example_dags/example_short_circuit_decorator.py
[2022-11-06T03:59:15.731+0200] {logging_mixin.py:120} INFO - [2022-11-06T03:59:15.731+0200] {dag.py:2585} INFO - Sync 1 DAGs
[2022-11-06T03:59:15.749+0200] {logging_mixin.py:120} INFO - [2022-11-06T03:59:15.749+0200] {dag.py:3336} INFO - Setting next_dagrun for example_short_circuit_decorator to 2022-11-05T01:59:15.749190+00:00, run_after=2022-11-06T01:59:15.749190+00:00
[2022-11-06T03:59:15.769+0200] {processor.py:176} INFO - Processing /Users/mnagy99/opt/anaconda3/envs/airflow-env/lib/python3.8/site-packages/airflow/example_dags/example_short_circuit_decorator.py took 0.807 seconds
[2022-11-06T04:01:42.728+0200] {processor.py:154} INFO - Started process (PID=9518) to work on /Users/mnagy99/opt/anaconda3/envs/airflow-env/lib/python3.8/site-packages/airflow/example_dags/example_short_circuit_decorator.py
[2022-11-06T04:01:42.731+0200] {processor.py:756} INFO - Processing file /Users/mnagy99/opt/anaconda3/envs/airflow-env/lib/python3.8/site-packages/airflow/example_dags/example_short_circuit_decorator.py for tasks to queue
[2022-11-06T04:01:42.732+0200] {logging_mixin.py:120} INFO - [2022-11-06T04:01:42.731+0200] {dagbag.py:537} INFO - Filling up the DagBag from /Users/mnagy99/opt/anaconda3/envs/airflow-env/lib/python3.8/site-packages/airflow/example_dags/example_short_circuit_decorator.py
[2022-11-06T04:01:42.775+0200] {processor.py:766} INFO - DAG(s) dict_keys(['example_short_circuit_decorator']) retrieved from /Users/mnagy99/opt/anaconda3/envs/airflow-env/lib/python3.8/site-packages/airflow/example_dags/example_short_circuit_decorator.py
[2022-11-06T04:01:43.193+0200] {logging_mixin.py:120} INFO - [2022-11-06T04:01:43.193+0200] {dag.py:2585} INFO - Sync 1 DAGs
[2022-11-06T04:01:43.207+0200] {logging_mixin.py:120} INFO - [2022-11-06T04:01:43.207+0200] {dag.py:3336} INFO - Setting next_dagrun for example_short_circuit_decorator to 2022-11-05T02:01:43.206990+00:00, run_after=2022-11-06T02:01:43.206990+00:00
[2022-11-06T04:01:43.227+0200] {processor.py:176} INFO - Processing /Users/mnagy99/opt/anaconda3/envs/airflow-env/lib/python3.8/site-packages/airflow/example_dags/example_short_circuit_decorator.py took 0.499 seconds
[2022-11-06T04:04:00.500+0200] {processor.py:154} INFO - Started process (PID=9657) to work on /Users/mnagy99/opt/anaconda3/envs/airflow-env/lib/python3.8/site-packages/airflow/example_dags/example_short_circuit_decorator.py
[2022-11-06T04:04:00.502+0200] {processor.py:756} INFO - Processing file /Users/mnagy99/opt/anaconda3/envs/airflow-env/lib/python3.8/site-packages/airflow/example_dags/example_short_circuit_decorator.py for tasks to queue
[2022-11-06T04:04:00.503+0200] {logging_mixin.py:120} INFO - [2022-11-06T04:04:00.503+0200] {dagbag.py:537} INFO - Filling up the DagBag from /Users/mnagy99/opt/anaconda3/envs/airflow-env/lib/python3.8/site-packages/airflow/example_dags/example_short_circuit_decorator.py
[2022-11-06T04:04:00.545+0200] {processor.py:766} INFO - DAG(s) dict_keys(['example_short_circuit_decorator']) retrieved from /Users/mnagy99/opt/anaconda3/envs/airflow-env/lib/python3.8/site-packages/airflow/example_dags/example_short_circuit_decorator.py
[2022-11-06T04:04:00.966+0200] {logging_mixin.py:120} INFO - [2022-11-06T04:04:00.966+0200] {dag.py:2585} INFO - Sync 1 DAGs
[2022-11-06T04:04:00.979+0200] {logging_mixin.py:120} INFO - [2022-11-06T04:04:00.979+0200] {dag.py:3336} INFO - Setting next_dagrun for example_short_circuit_decorator to 2022-11-05T02:04:00.979682+00:00, run_after=2022-11-06T02:04:00.979682+00:00
[2022-11-06T04:04:01.000+0200] {processor.py:176} INFO - Processing /Users/mnagy99/opt/anaconda3/envs/airflow-env/lib/python3.8/site-packages/airflow/example_dags/example_short_circuit_decorator.py took 0.501 seconds
[2022-11-06T04:06:36.531+0200] {processor.py:154} INFO - Started process (PID=9823) to work on /Users/mnagy99/opt/anaconda3/envs/airflow-env/lib/python3.8/site-packages/airflow/example_dags/example_short_circuit_decorator.py
[2022-11-06T04:06:36.534+0200] {processor.py:756} INFO - Processing file /Users/mnagy99/opt/anaconda3/envs/airflow-env/lib/python3.8/site-packages/airflow/example_dags/example_short_circuit_decorator.py for tasks to queue
[2022-11-06T04:06:36.534+0200] {logging_mixin.py:120} INFO - [2022-11-06T04:06:36.534+0200] {dagbag.py:537} INFO - Filling up the DagBag from /Users/mnagy99/opt/anaconda3/envs/airflow-env/lib/python3.8/site-packages/airflow/example_dags/example_short_circuit_decorator.py
[2022-11-06T04:06:36.577+0200] {processor.py:766} INFO - DAG(s) dict_keys(['example_short_circuit_decorator']) retrieved from /Users/mnagy99/opt/anaconda3/envs/airflow-env/lib/python3.8/site-packages/airflow/example_dags/example_short_circuit_decorator.py
[2022-11-06T04:06:37.048+0200] {logging_mixin.py:120} INFO - [2022-11-06T04:06:37.048+0200] {dag.py:2585} INFO - Sync 1 DAGs
[2022-11-06T04:06:37.062+0200] {logging_mixin.py:120} INFO - [2022-11-06T04:06:37.062+0200] {dag.py:3336} INFO - Setting next_dagrun for example_short_circuit_decorator to 2022-11-05T02:06:37.062174+00:00, run_after=2022-11-06T02:06:37.062174+00:00
[2022-11-06T04:06:37.079+0200] {processor.py:176} INFO - Processing /Users/mnagy99/opt/anaconda3/envs/airflow-env/lib/python3.8/site-packages/airflow/example_dags/example_short_circuit_decorator.py took 0.549 seconds
[2022-11-06T04:08:42.719+0200] {processor.py:154} INFO - Started process (PID=9954) to work on /Users/mnagy99/opt/anaconda3/envs/airflow-env/lib/python3.8/site-packages/airflow/example_dags/example_short_circuit_decorator.py
[2022-11-06T04:08:42.721+0200] {processor.py:756} INFO - Processing file /Users/mnagy99/opt/anaconda3/envs/airflow-env/lib/python3.8/site-packages/airflow/example_dags/example_short_circuit_decorator.py for tasks to queue
[2022-11-06T04:08:42.722+0200] {logging_mixin.py:120} INFO - [2022-11-06T04:08:42.722+0200] {dagbag.py:537} INFO - Filling up the DagBag from /Users/mnagy99/opt/anaconda3/envs/airflow-env/lib/python3.8/site-packages/airflow/example_dags/example_short_circuit_decorator.py
[2022-11-06T04:08:42.765+0200] {processor.py:766} INFO - DAG(s) dict_keys(['example_short_circuit_decorator']) retrieved from /Users/mnagy99/opt/anaconda3/envs/airflow-env/lib/python3.8/site-packages/airflow/example_dags/example_short_circuit_decorator.py
[2022-11-06T04:08:43.192+0200] {logging_mixin.py:120} INFO - [2022-11-06T04:08:43.192+0200] {dag.py:2585} INFO - Sync 1 DAGs
[2022-11-06T04:08:43.206+0200] {logging_mixin.py:120} INFO - [2022-11-06T04:08:43.205+0200] {dag.py:3336} INFO - Setting next_dagrun for example_short_circuit_decorator to 2022-11-05T02:08:43.205847+00:00, run_after=2022-11-06T02:08:43.205847+00:00
[2022-11-06T04:08:43.221+0200] {processor.py:176} INFO - Processing /Users/mnagy99/opt/anaconda3/envs/airflow-env/lib/python3.8/site-packages/airflow/example_dags/example_short_circuit_decorator.py took 0.503 seconds
[2022-11-06T04:10:46.827+0200] {processor.py:154} INFO - Started process (PID=10088) to work on /Users/mnagy99/opt/anaconda3/envs/airflow-env/lib/python3.8/site-packages/airflow/example_dags/example_short_circuit_decorator.py
[2022-11-06T04:10:46.829+0200] {processor.py:756} INFO - Processing file /Users/mnagy99/opt/anaconda3/envs/airflow-env/lib/python3.8/site-packages/airflow/example_dags/example_short_circuit_decorator.py for tasks to queue
[2022-11-06T04:10:46.830+0200] {logging_mixin.py:120} INFO - [2022-11-06T04:10:46.830+0200] {dagbag.py:537} INFO - Filling up the DagBag from /Users/mnagy99/opt/anaconda3/envs/airflow-env/lib/python3.8/site-packages/airflow/example_dags/example_short_circuit_decorator.py
[2022-11-06T04:10:46.875+0200] {processor.py:766} INFO - DAG(s) dict_keys(['example_short_circuit_decorator']) retrieved from /Users/mnagy99/opt/anaconda3/envs/airflow-env/lib/python3.8/site-packages/airflow/example_dags/example_short_circuit_decorator.py
[2022-11-06T04:10:47.328+0200] {logging_mixin.py:120} INFO - [2022-11-06T04:10:47.328+0200] {dag.py:2585} INFO - Sync 1 DAGs
[2022-11-06T04:10:47.343+0200] {logging_mixin.py:120} INFO - [2022-11-06T04:10:47.343+0200] {dag.py:3336} INFO - Setting next_dagrun for example_short_circuit_decorator to 2022-11-05T02:10:47.343388+00:00, run_after=2022-11-06T02:10:47.343388+00:00
[2022-11-06T04:10:47.359+0200] {processor.py:176} INFO - Processing /Users/mnagy99/opt/anaconda3/envs/airflow-env/lib/python3.8/site-packages/airflow/example_dags/example_short_circuit_decorator.py took 0.533 seconds
[2022-11-06T04:13:10.117+0200] {processor.py:154} INFO - Started process (PID=10238) to work on /Users/mnagy99/opt/anaconda3/envs/airflow-env/lib/python3.8/site-packages/airflow/example_dags/example_short_circuit_decorator.py
[2022-11-06T04:13:10.119+0200] {processor.py:756} INFO - Processing file /Users/mnagy99/opt/anaconda3/envs/airflow-env/lib/python3.8/site-packages/airflow/example_dags/example_short_circuit_decorator.py for tasks to queue
[2022-11-06T04:13:10.120+0200] {logging_mixin.py:120} INFO - [2022-11-06T04:13:10.120+0200] {dagbag.py:537} INFO - Filling up the DagBag from /Users/mnagy99/opt/anaconda3/envs/airflow-env/lib/python3.8/site-packages/airflow/example_dags/example_short_circuit_decorator.py
[2022-11-06T04:13:10.164+0200] {processor.py:766} INFO - DAG(s) dict_keys(['example_short_circuit_decorator']) retrieved from /Users/mnagy99/opt/anaconda3/envs/airflow-env/lib/python3.8/site-packages/airflow/example_dags/example_short_circuit_decorator.py
[2022-11-06T04:13:10.606+0200] {logging_mixin.py:120} INFO - [2022-11-06T04:13:10.606+0200] {dag.py:2585} INFO - Sync 1 DAGs
[2022-11-06T04:13:10.621+0200] {logging_mixin.py:120} INFO - [2022-11-06T04:13:10.620+0200] {dag.py:3336} INFO - Setting next_dagrun for example_short_circuit_decorator to 2022-11-05T02:13:10.620776+00:00, run_after=2022-11-06T02:13:10.620776+00:00
[2022-11-06T04:13:10.638+0200] {processor.py:176} INFO - Processing /Users/mnagy99/opt/anaconda3/envs/airflow-env/lib/python3.8/site-packages/airflow/example_dags/example_short_circuit_decorator.py took 0.522 seconds
[2022-11-06T04:15:10.280+0200] {processor.py:154} INFO - Started process (PID=10371) to work on /Users/mnagy99/opt/anaconda3/envs/airflow-env/lib/python3.8/site-packages/airflow/example_dags/example_short_circuit_decorator.py
[2022-11-06T04:15:10.282+0200] {processor.py:756} INFO - Processing file /Users/mnagy99/opt/anaconda3/envs/airflow-env/lib/python3.8/site-packages/airflow/example_dags/example_short_circuit_decorator.py for tasks to queue
[2022-11-06T04:15:10.282+0200] {logging_mixin.py:120} INFO - [2022-11-06T04:15:10.282+0200] {dagbag.py:537} INFO - Filling up the DagBag from /Users/mnagy99/opt/anaconda3/envs/airflow-env/lib/python3.8/site-packages/airflow/example_dags/example_short_circuit_decorator.py
[2022-11-06T04:15:10.334+0200] {processor.py:766} INFO - DAG(s) dict_keys(['example_short_circuit_decorator']) retrieved from /Users/mnagy99/opt/anaconda3/envs/airflow-env/lib/python3.8/site-packages/airflow/example_dags/example_short_circuit_decorator.py
[2022-11-06T04:15:10.816+0200] {logging_mixin.py:120} INFO - [2022-11-06T04:15:10.816+0200] {dag.py:2585} INFO - Sync 1 DAGs
[2022-11-06T04:15:10.832+0200] {logging_mixin.py:120} INFO - [2022-11-06T04:15:10.832+0200] {dag.py:3336} INFO - Setting next_dagrun for example_short_circuit_decorator to 2022-11-05T02:15:10.832183+00:00, run_after=2022-11-06T02:15:10.832183+00:00
[2022-11-06T04:15:10.849+0200] {processor.py:176} INFO - Processing /Users/mnagy99/opt/anaconda3/envs/airflow-env/lib/python3.8/site-packages/airflow/example_dags/example_short_circuit_decorator.py took 0.570 seconds
[2022-11-06T04:17:30.056+0200] {processor.py:154} INFO - Started process (PID=10504) to work on /Users/mnagy99/opt/anaconda3/envs/airflow-env/lib/python3.8/site-packages/airflow/example_dags/example_short_circuit_decorator.py
[2022-11-06T04:17:30.059+0200] {processor.py:756} INFO - Processing file /Users/mnagy99/opt/anaconda3/envs/airflow-env/lib/python3.8/site-packages/airflow/example_dags/example_short_circuit_decorator.py for tasks to queue
[2022-11-06T04:17:30.060+0200] {logging_mixin.py:120} INFO - [2022-11-06T04:17:30.060+0200] {dagbag.py:537} INFO - Filling up the DagBag from /Users/mnagy99/opt/anaconda3/envs/airflow-env/lib/python3.8/site-packages/airflow/example_dags/example_short_circuit_decorator.py
[2022-11-06T04:17:30.111+0200] {processor.py:766} INFO - DAG(s) dict_keys(['example_short_circuit_decorator']) retrieved from /Users/mnagy99/opt/anaconda3/envs/airflow-env/lib/python3.8/site-packages/airflow/example_dags/example_short_circuit_decorator.py
[2022-11-06T04:17:30.595+0200] {logging_mixin.py:120} INFO - [2022-11-06T04:17:30.594+0200] {dag.py:2585} INFO - Sync 1 DAGs
[2022-11-06T04:17:30.609+0200] {logging_mixin.py:120} INFO - [2022-11-06T04:17:30.609+0200] {dag.py:3336} INFO - Setting next_dagrun for example_short_circuit_decorator to 2022-11-05T02:17:30.609417+00:00, run_after=2022-11-06T02:17:30.609417+00:00
[2022-11-06T04:17:30.627+0200] {processor.py:176} INFO - Processing /Users/mnagy99/opt/anaconda3/envs/airflow-env/lib/python3.8/site-packages/airflow/example_dags/example_short_circuit_decorator.py took 0.571 seconds
