[2022-11-06T02:02:05.444+0200] {processor.py:154} INFO - Started process (PID=1932) to work on /Users/mnagy99/opt/anaconda3/envs/airflow-env/lib/python3.8/site-packages/airflow/example_dags/example_sla_dag.py
[2022-11-06T02:02:05.444+0200] {processor.py:756} INFO - Processing file /Users/mnagy99/opt/anaconda3/envs/airflow-env/lib/python3.8/site-packages/airflow/example_dags/example_sla_dag.py for tasks to queue
[2022-11-06T02:02:05.445+0200] {logging_mixin.py:120} INFO - [2022-11-06T02:02:05.445+0200] {dagbag.py:537} INFO - Filling up the DagBag from /Users/mnagy99/opt/anaconda3/envs/airflow-env/lib/python3.8/site-packages/airflow/example_dags/example_sla_dag.py
[2022-11-06T02:02:05.492+0200] {processor.py:766} INFO - DAG(s) dict_keys(['example_sla_dag']) retrieved from /Users/mnagy99/opt/anaconda3/envs/airflow-env/lib/python3.8/site-packages/airflow/example_dags/example_sla_dag.py
[2022-11-06T02:02:05.960+0200] {logging_mixin.py:120} INFO - [2022-11-06T02:02:05.960+0200] {dag.py:2585} INFO - Sync 1 DAGs
[2022-11-06T02:02:05.981+0200] {logging_mixin.py:120} INFO - [2022-11-06T02:02:05.980+0200] {dag.py:3336} INFO - Setting next_dagrun for example_sla_dag to 2022-11-06T00:00:00+00:00, run_after=2022-11-06T00:02:00+00:00
[2022-11-06T02:02:05.998+0200] {processor.py:176} INFO - Processing /Users/mnagy99/opt/anaconda3/envs/airflow-env/lib/python3.8/site-packages/airflow/example_dags/example_sla_dag.py took 0.555 seconds
[2022-11-06T02:04:24.147+0200] {processor.py:154} INFO - Started process (PID=2165) to work on /Users/mnagy99/opt/anaconda3/envs/airflow-env/lib/python3.8/site-packages/airflow/example_dags/example_sla_dag.py
[2022-11-06T02:04:24.150+0200] {processor.py:756} INFO - Processing file /Users/mnagy99/opt/anaconda3/envs/airflow-env/lib/python3.8/site-packages/airflow/example_dags/example_sla_dag.py for tasks to queue
[2022-11-06T02:04:24.150+0200] {logging_mixin.py:120} INFO - [2022-11-06T02:04:24.150+0200] {dagbag.py:537} INFO - Filling up the DagBag from /Users/mnagy99/opt/anaconda3/envs/airflow-env/lib/python3.8/site-packages/airflow/example_dags/example_sla_dag.py
[2022-11-06T02:04:24.203+0200] {processor.py:766} INFO - DAG(s) dict_keys(['example_sla_dag']) retrieved from /Users/mnagy99/opt/anaconda3/envs/airflow-env/lib/python3.8/site-packages/airflow/example_dags/example_sla_dag.py
[2022-11-06T02:04:24.712+0200] {logging_mixin.py:120} INFO - [2022-11-06T02:04:24.712+0200] {dag.py:2585} INFO - Sync 1 DAGs
[2022-11-06T02:04:24.738+0200] {logging_mixin.py:120} INFO - [2022-11-06T02:04:24.738+0200] {dag.py:3336} INFO - Setting next_dagrun for example_sla_dag to 2022-11-06T00:02:00+00:00, run_after=2022-11-06T00:04:00+00:00
[2022-11-06T02:04:24.754+0200] {processor.py:176} INFO - Processing /Users/mnagy99/opt/anaconda3/envs/airflow-env/lib/python3.8/site-packages/airflow/example_dags/example_sla_dag.py took 0.608 seconds
[2022-11-06T02:06:44.983+0200] {processor.py:154} INFO - Started process (PID=2298) to work on /Users/mnagy99/opt/anaconda3/envs/airflow-env/lib/python3.8/site-packages/airflow/example_dags/example_sla_dag.py
[2022-11-06T02:06:44.984+0200] {processor.py:756} INFO - Processing file /Users/mnagy99/opt/anaconda3/envs/airflow-env/lib/python3.8/site-packages/airflow/example_dags/example_sla_dag.py for tasks to queue
[2022-11-06T02:06:44.985+0200] {logging_mixin.py:120} INFO - [2022-11-06T02:06:44.985+0200] {dagbag.py:537} INFO - Filling up the DagBag from /Users/mnagy99/opt/anaconda3/envs/airflow-env/lib/python3.8/site-packages/airflow/example_dags/example_sla_dag.py
[2022-11-06T02:06:45.038+0200] {processor.py:766} INFO - DAG(s) dict_keys(['example_sla_dag']) retrieved from /Users/mnagy99/opt/anaconda3/envs/airflow-env/lib/python3.8/site-packages/airflow/example_dags/example_sla_dag.py
[2022-11-06T02:06:45.851+0200] {logging_mixin.py:120} INFO - [2022-11-06T02:06:45.851+0200] {dag.py:2585} INFO - Sync 1 DAGs
[2022-11-06T02:06:45.874+0200] {logging_mixin.py:120} INFO - [2022-11-06T02:06:45.874+0200] {dag.py:3336} INFO - Setting next_dagrun for example_sla_dag to 2022-11-06T00:04:00+00:00, run_after=2022-11-06T00:06:00+00:00
[2022-11-06T02:06:45.900+0200] {processor.py:176} INFO - Processing /Users/mnagy99/opt/anaconda3/envs/airflow-env/lib/python3.8/site-packages/airflow/example_dags/example_sla_dag.py took 0.918 seconds
[2022-11-06T02:09:04.418+0200] {processor.py:154} INFO - Started process (PID=2425) to work on /Users/mnagy99/opt/anaconda3/envs/airflow-env/lib/python3.8/site-packages/airflow/example_dags/example_sla_dag.py
[2022-11-06T02:09:04.420+0200] {processor.py:756} INFO - Processing file /Users/mnagy99/opt/anaconda3/envs/airflow-env/lib/python3.8/site-packages/airflow/example_dags/example_sla_dag.py for tasks to queue
[2022-11-06T02:09:04.420+0200] {logging_mixin.py:120} INFO - [2022-11-06T02:09:04.420+0200] {dagbag.py:537} INFO - Filling up the DagBag from /Users/mnagy99/opt/anaconda3/envs/airflow-env/lib/python3.8/site-packages/airflow/example_dags/example_sla_dag.py
[2022-11-06T02:09:04.470+0200] {processor.py:766} INFO - DAG(s) dict_keys(['example_sla_dag']) retrieved from /Users/mnagy99/opt/anaconda3/envs/airflow-env/lib/python3.8/site-packages/airflow/example_dags/example_sla_dag.py
[2022-11-06T02:09:04.972+0200] {logging_mixin.py:120} INFO - [2022-11-06T02:09:04.972+0200] {dag.py:2585} INFO - Sync 1 DAGs
[2022-11-06T02:09:04.994+0200] {logging_mixin.py:120} INFO - [2022-11-06T02:09:04.994+0200] {dag.py:3336} INFO - Setting next_dagrun for example_sla_dag to 2022-11-06T00:06:00+00:00, run_after=2022-11-06T00:08:00+00:00
[2022-11-06T02:09:05.011+0200] {processor.py:176} INFO - Processing /Users/mnagy99/opt/anaconda3/envs/airflow-env/lib/python3.8/site-packages/airflow/example_dags/example_sla_dag.py took 0.594 seconds
[2022-11-06T02:11:19.390+0200] {processor.py:154} INFO - Started process (PID=2555) to work on /Users/mnagy99/opt/anaconda3/envs/airflow-env/lib/python3.8/site-packages/airflow/example_dags/example_sla_dag.py
[2022-11-06T02:11:19.391+0200] {processor.py:756} INFO - Processing file /Users/mnagy99/opt/anaconda3/envs/airflow-env/lib/python3.8/site-packages/airflow/example_dags/example_sla_dag.py for tasks to queue
[2022-11-06T02:11:19.392+0200] {logging_mixin.py:120} INFO - [2022-11-06T02:11:19.391+0200] {dagbag.py:537} INFO - Filling up the DagBag from /Users/mnagy99/opt/anaconda3/envs/airflow-env/lib/python3.8/site-packages/airflow/example_dags/example_sla_dag.py
[2022-11-06T02:11:19.437+0200] {processor.py:766} INFO - DAG(s) dict_keys(['example_sla_dag']) retrieved from /Users/mnagy99/opt/anaconda3/envs/airflow-env/lib/python3.8/site-packages/airflow/example_dags/example_sla_dag.py
[2022-11-06T02:11:19.870+0200] {logging_mixin.py:120} INFO - [2022-11-06T02:11:19.870+0200] {dag.py:2585} INFO - Sync 1 DAGs
[2022-11-06T02:11:19.891+0200] {logging_mixin.py:120} INFO - [2022-11-06T02:11:19.891+0200] {dag.py:3336} INFO - Setting next_dagrun for example_sla_dag to 2022-11-06T00:08:00+00:00, run_after=2022-11-06T00:10:00+00:00
[2022-11-06T02:11:19.912+0200] {processor.py:176} INFO - Processing /Users/mnagy99/opt/anaconda3/envs/airflow-env/lib/python3.8/site-packages/airflow/example_dags/example_sla_dag.py took 0.523 seconds
[2022-11-06T02:13:27.680+0200] {processor.py:154} INFO - Started process (PID=2681) to work on /Users/mnagy99/opt/anaconda3/envs/airflow-env/lib/python3.8/site-packages/airflow/example_dags/example_sla_dag.py
[2022-11-06T02:13:27.683+0200] {processor.py:756} INFO - Processing file /Users/mnagy99/opt/anaconda3/envs/airflow-env/lib/python3.8/site-packages/airflow/example_dags/example_sla_dag.py for tasks to queue
[2022-11-06T02:13:27.683+0200] {logging_mixin.py:120} INFO - [2022-11-06T02:13:27.683+0200] {dagbag.py:537} INFO - Filling up the DagBag from /Users/mnagy99/opt/anaconda3/envs/airflow-env/lib/python3.8/site-packages/airflow/example_dags/example_sla_dag.py
[2022-11-06T02:13:27.726+0200] {processor.py:766} INFO - DAG(s) dict_keys(['example_sla_dag']) retrieved from /Users/mnagy99/opt/anaconda3/envs/airflow-env/lib/python3.8/site-packages/airflow/example_dags/example_sla_dag.py
[2022-11-06T02:13:28.186+0200] {logging_mixin.py:120} INFO - [2022-11-06T02:13:28.186+0200] {dag.py:2585} INFO - Sync 1 DAGs
[2022-11-06T02:13:28.205+0200] {logging_mixin.py:120} INFO - [2022-11-06T02:13:28.205+0200] {dag.py:3336} INFO - Setting next_dagrun for example_sla_dag to 2022-11-06T00:10:00+00:00, run_after=2022-11-06T00:12:00+00:00
[2022-11-06T02:13:28.226+0200] {processor.py:176} INFO - Processing /Users/mnagy99/opt/anaconda3/envs/airflow-env/lib/python3.8/site-packages/airflow/example_dags/example_sla_dag.py took 0.546 seconds
[2022-11-06T02:15:54.007+0200] {processor.py:154} INFO - Started process (PID=2882) to work on /Users/mnagy99/opt/anaconda3/envs/airflow-env/lib/python3.8/site-packages/airflow/example_dags/example_sla_dag.py
[2022-11-06T02:15:54.010+0200] {processor.py:756} INFO - Processing file /Users/mnagy99/opt/anaconda3/envs/airflow-env/lib/python3.8/site-packages/airflow/example_dags/example_sla_dag.py for tasks to queue
[2022-11-06T02:15:54.011+0200] {logging_mixin.py:120} INFO - [2022-11-06T02:15:54.011+0200] {dagbag.py:537} INFO - Filling up the DagBag from /Users/mnagy99/opt/anaconda3/envs/airflow-env/lib/python3.8/site-packages/airflow/example_dags/example_sla_dag.py
[2022-11-06T02:15:54.053+0200] {processor.py:766} INFO - DAG(s) dict_keys(['example_sla_dag']) retrieved from /Users/mnagy99/opt/anaconda3/envs/airflow-env/lib/python3.8/site-packages/airflow/example_dags/example_sla_dag.py
[2022-11-06T02:15:54.515+0200] {logging_mixin.py:120} INFO - [2022-11-06T02:15:54.515+0200] {dag.py:2585} INFO - Sync 1 DAGs
[2022-11-06T02:15:54.532+0200] {logging_mixin.py:120} INFO - [2022-11-06T02:15:54.531+0200] {dag.py:3336} INFO - Setting next_dagrun for example_sla_dag to 2022-11-06T00:12:00+00:00, run_after=2022-11-06T00:14:00+00:00
[2022-11-06T02:15:54.547+0200] {processor.py:176} INFO - Processing /Users/mnagy99/opt/anaconda3/envs/airflow-env/lib/python3.8/site-packages/airflow/example_dags/example_sla_dag.py took 0.541 seconds
[2022-11-06T02:18:04.524+0200] {processor.py:154} INFO - Started process (PID=3028) to work on /Users/mnagy99/opt/anaconda3/envs/airflow-env/lib/python3.8/site-packages/airflow/example_dags/example_sla_dag.py
[2022-11-06T02:18:04.526+0200] {processor.py:756} INFO - Processing file /Users/mnagy99/opt/anaconda3/envs/airflow-env/lib/python3.8/site-packages/airflow/example_dags/example_sla_dag.py for tasks to queue
[2022-11-06T02:18:04.527+0200] {logging_mixin.py:120} INFO - [2022-11-06T02:18:04.527+0200] {dagbag.py:537} INFO - Filling up the DagBag from /Users/mnagy99/opt/anaconda3/envs/airflow-env/lib/python3.8/site-packages/airflow/example_dags/example_sla_dag.py
[2022-11-06T02:18:04.569+0200] {processor.py:766} INFO - DAG(s) dict_keys(['example_sla_dag']) retrieved from /Users/mnagy99/opt/anaconda3/envs/airflow-env/lib/python3.8/site-packages/airflow/example_dags/example_sla_dag.py
[2022-11-06T02:18:04.987+0200] {logging_mixin.py:120} INFO - [2022-11-06T02:18:04.987+0200] {dag.py:2585} INFO - Sync 1 DAGs
[2022-11-06T02:18:05.004+0200] {logging_mixin.py:120} INFO - [2022-11-06T02:18:05.003+0200] {dag.py:3336} INFO - Setting next_dagrun for example_sla_dag to 2022-11-06T00:16:00+00:00, run_after=2022-11-06T00:18:00+00:00
[2022-11-06T02:18:05.021+0200] {processor.py:176} INFO - Processing /Users/mnagy99/opt/anaconda3/envs/airflow-env/lib/python3.8/site-packages/airflow/example_dags/example_sla_dag.py took 0.498 seconds
[2022-11-06T02:20:17.346+0200] {processor.py:154} INFO - Started process (PID=3170) to work on /Users/mnagy99/opt/anaconda3/envs/airflow-env/lib/python3.8/site-packages/airflow/example_dags/example_sla_dag.py
[2022-11-06T02:20:17.349+0200] {processor.py:756} INFO - Processing file /Users/mnagy99/opt/anaconda3/envs/airflow-env/lib/python3.8/site-packages/airflow/example_dags/example_sla_dag.py for tasks to queue
[2022-11-06T02:20:17.350+0200] {logging_mixin.py:120} INFO - [2022-11-06T02:20:17.349+0200] {dagbag.py:537} INFO - Filling up the DagBag from /Users/mnagy99/opt/anaconda3/envs/airflow-env/lib/python3.8/site-packages/airflow/example_dags/example_sla_dag.py
[2022-11-06T02:20:17.392+0200] {processor.py:766} INFO - DAG(s) dict_keys(['example_sla_dag']) retrieved from /Users/mnagy99/opt/anaconda3/envs/airflow-env/lib/python3.8/site-packages/airflow/example_dags/example_sla_dag.py
[2022-11-06T02:20:17.923+0200] {logging_mixin.py:120} INFO - [2022-11-06T02:20:17.923+0200] {dag.py:2585} INFO - Sync 1 DAGs
[2022-11-06T02:20:17.939+0200] {logging_mixin.py:120} INFO - [2022-11-06T02:20:17.939+0200] {dag.py:3336} INFO - Setting next_dagrun for example_sla_dag to 2022-11-06T00:18:00+00:00, run_after=2022-11-06T00:20:00+00:00
[2022-11-06T02:20:17.956+0200] {processor.py:176} INFO - Processing /Users/mnagy99/opt/anaconda3/envs/airflow-env/lib/python3.8/site-packages/airflow/example_dags/example_sla_dag.py took 0.610 seconds
[2022-11-06T02:22:24.272+0200] {processor.py:154} INFO - Started process (PID=3294) to work on /Users/mnagy99/opt/anaconda3/envs/airflow-env/lib/python3.8/site-packages/airflow/example_dags/example_sla_dag.py
[2022-11-06T02:22:24.275+0200] {processor.py:756} INFO - Processing file /Users/mnagy99/opt/anaconda3/envs/airflow-env/lib/python3.8/site-packages/airflow/example_dags/example_sla_dag.py for tasks to queue
[2022-11-06T02:22:24.275+0200] {logging_mixin.py:120} INFO - [2022-11-06T02:22:24.275+0200] {dagbag.py:537} INFO - Filling up the DagBag from /Users/mnagy99/opt/anaconda3/envs/airflow-env/lib/python3.8/site-packages/airflow/example_dags/example_sla_dag.py
[2022-11-06T02:22:24.321+0200] {processor.py:766} INFO - DAG(s) dict_keys(['example_sla_dag']) retrieved from /Users/mnagy99/opt/anaconda3/envs/airflow-env/lib/python3.8/site-packages/airflow/example_dags/example_sla_dag.py
[2022-11-06T02:22:24.831+0200] {logging_mixin.py:120} INFO - [2022-11-06T02:22:24.831+0200] {dag.py:2585} INFO - Sync 1 DAGs
[2022-11-06T02:22:24.847+0200] {logging_mixin.py:120} INFO - [2022-11-06T02:22:24.846+0200] {dag.py:3336} INFO - Setting next_dagrun for example_sla_dag to 2022-11-06T00:20:00+00:00, run_after=2022-11-06T00:22:00+00:00
[2022-11-06T02:22:24.864+0200] {processor.py:176} INFO - Processing /Users/mnagy99/opt/anaconda3/envs/airflow-env/lib/python3.8/site-packages/airflow/example_dags/example_sla_dag.py took 0.593 seconds
[2022-11-06T02:24:37.358+0200] {processor.py:154} INFO - Started process (PID=3437) to work on /Users/mnagy99/opt/anaconda3/envs/airflow-env/lib/python3.8/site-packages/airflow/example_dags/example_sla_dag.py
[2022-11-06T02:24:37.362+0200] {processor.py:756} INFO - Processing file /Users/mnagy99/opt/anaconda3/envs/airflow-env/lib/python3.8/site-packages/airflow/example_dags/example_sla_dag.py for tasks to queue
[2022-11-06T02:24:37.363+0200] {logging_mixin.py:120} INFO - [2022-11-06T02:24:37.363+0200] {dagbag.py:537} INFO - Filling up the DagBag from /Users/mnagy99/opt/anaconda3/envs/airflow-env/lib/python3.8/site-packages/airflow/example_dags/example_sla_dag.py
[2022-11-06T02:24:37.439+0200] {processor.py:766} INFO - DAG(s) dict_keys(['example_sla_dag']) retrieved from /Users/mnagy99/opt/anaconda3/envs/airflow-env/lib/python3.8/site-packages/airflow/example_dags/example_sla_dag.py
[2022-11-06T02:24:38.375+0200] {logging_mixin.py:120} INFO - [2022-11-06T02:24:38.375+0200] {dag.py:2585} INFO - Sync 1 DAGs
[2022-11-06T02:24:38.398+0200] {logging_mixin.py:120} INFO - [2022-11-06T02:24:38.397+0200] {dag.py:3336} INFO - Setting next_dagrun for example_sla_dag to 2022-11-06T00:22:00+00:00, run_after=2022-11-06T00:24:00+00:00
[2022-11-06T02:24:38.418+0200] {processor.py:176} INFO - Processing /Users/mnagy99/opt/anaconda3/envs/airflow-env/lib/python3.8/site-packages/airflow/example_dags/example_sla_dag.py took 1.061 seconds
[2022-11-06T02:26:51.329+0200] {processor.py:154} INFO - Started process (PID=3576) to work on /Users/mnagy99/opt/anaconda3/envs/airflow-env/lib/python3.8/site-packages/airflow/example_dags/example_sla_dag.py
[2022-11-06T02:26:51.330+0200] {processor.py:756} INFO - Processing file /Users/mnagy99/opt/anaconda3/envs/airflow-env/lib/python3.8/site-packages/airflow/example_dags/example_sla_dag.py for tasks to queue
[2022-11-06T02:26:51.331+0200] {logging_mixin.py:120} INFO - [2022-11-06T02:26:51.331+0200] {dagbag.py:537} INFO - Filling up the DagBag from /Users/mnagy99/opt/anaconda3/envs/airflow-env/lib/python3.8/site-packages/airflow/example_dags/example_sla_dag.py
[2022-11-06T02:26:51.371+0200] {processor.py:766} INFO - DAG(s) dict_keys(['example_sla_dag']) retrieved from /Users/mnagy99/opt/anaconda3/envs/airflow-env/lib/python3.8/site-packages/airflow/example_dags/example_sla_dag.py
[2022-11-06T02:26:51.798+0200] {logging_mixin.py:120} INFO - [2022-11-06T02:26:51.797+0200] {dag.py:2585} INFO - Sync 1 DAGs
[2022-11-06T02:26:51.814+0200] {logging_mixin.py:120} INFO - [2022-11-06T02:26:51.814+0200] {dag.py:3336} INFO - Setting next_dagrun for example_sla_dag to 2022-11-06T00:24:00+00:00, run_after=2022-11-06T00:26:00+00:00
[2022-11-06T02:26:51.829+0200] {processor.py:176} INFO - Processing /Users/mnagy99/opt/anaconda3/envs/airflow-env/lib/python3.8/site-packages/airflow/example_dags/example_sla_dag.py took 0.501 seconds
[2022-11-06T02:29:01.377+0200] {processor.py:154} INFO - Started process (PID=3714) to work on /Users/mnagy99/opt/anaconda3/envs/airflow-env/lib/python3.8/site-packages/airflow/example_dags/example_sla_dag.py
[2022-11-06T02:29:01.378+0200] {processor.py:756} INFO - Processing file /Users/mnagy99/opt/anaconda3/envs/airflow-env/lib/python3.8/site-packages/airflow/example_dags/example_sla_dag.py for tasks to queue
[2022-11-06T02:29:01.378+0200] {logging_mixin.py:120} INFO - [2022-11-06T02:29:01.378+0200] {dagbag.py:537} INFO - Filling up the DagBag from /Users/mnagy99/opt/anaconda3/envs/airflow-env/lib/python3.8/site-packages/airflow/example_dags/example_sla_dag.py
[2022-11-06T02:29:01.415+0200] {processor.py:766} INFO - DAG(s) dict_keys(['example_sla_dag']) retrieved from /Users/mnagy99/opt/anaconda3/envs/airflow-env/lib/python3.8/site-packages/airflow/example_dags/example_sla_dag.py
[2022-11-06T02:29:01.862+0200] {logging_mixin.py:120} INFO - [2022-11-06T02:29:01.862+0200] {dag.py:2585} INFO - Sync 1 DAGs
[2022-11-06T02:29:01.880+0200] {logging_mixin.py:120} INFO - [2022-11-06T02:29:01.880+0200] {dag.py:3336} INFO - Setting next_dagrun for example_sla_dag to 2022-11-06T00:26:00+00:00, run_after=2022-11-06T00:28:00+00:00
[2022-11-06T02:29:01.901+0200] {processor.py:176} INFO - Processing /Users/mnagy99/opt/anaconda3/envs/airflow-env/lib/python3.8/site-packages/airflow/example_dags/example_sla_dag.py took 0.524 seconds
[2022-11-06T02:31:13.874+0200] {processor.py:154} INFO - Started process (PID=3864) to work on /Users/mnagy99/opt/anaconda3/envs/airflow-env/lib/python3.8/site-packages/airflow/example_dags/example_sla_dag.py
[2022-11-06T02:31:13.876+0200] {processor.py:756} INFO - Processing file /Users/mnagy99/opt/anaconda3/envs/airflow-env/lib/python3.8/site-packages/airflow/example_dags/example_sla_dag.py for tasks to queue
[2022-11-06T02:31:13.877+0200] {logging_mixin.py:120} INFO - [2022-11-06T02:31:13.877+0200] {dagbag.py:537} INFO - Filling up the DagBag from /Users/mnagy99/opt/anaconda3/envs/airflow-env/lib/python3.8/site-packages/airflow/example_dags/example_sla_dag.py
[2022-11-06T02:31:13.924+0200] {processor.py:766} INFO - DAG(s) dict_keys(['example_sla_dag']) retrieved from /Users/mnagy99/opt/anaconda3/envs/airflow-env/lib/python3.8/site-packages/airflow/example_dags/example_sla_dag.py
[2022-11-06T02:31:14.368+0200] {logging_mixin.py:120} INFO - [2022-11-06T02:31:14.368+0200] {dag.py:2585} INFO - Sync 1 DAGs
[2022-11-06T02:31:14.386+0200] {logging_mixin.py:120} INFO - [2022-11-06T02:31:14.386+0200] {dag.py:3336} INFO - Setting next_dagrun for example_sla_dag to 2022-11-06T00:28:00+00:00, run_after=2022-11-06T00:30:00+00:00
[2022-11-06T02:31:14.402+0200] {processor.py:176} INFO - Processing /Users/mnagy99/opt/anaconda3/envs/airflow-env/lib/python3.8/site-packages/airflow/example_dags/example_sla_dag.py took 0.529 seconds
[2022-11-06T02:33:25.955+0200] {processor.py:154} INFO - Started process (PID=4020) to work on /Users/mnagy99/opt/anaconda3/envs/airflow-env/lib/python3.8/site-packages/airflow/example_dags/example_sla_dag.py
[2022-11-06T02:33:25.957+0200] {processor.py:756} INFO - Processing file /Users/mnagy99/opt/anaconda3/envs/airflow-env/lib/python3.8/site-packages/airflow/example_dags/example_sla_dag.py for tasks to queue
[2022-11-06T02:33:25.958+0200] {logging_mixin.py:120} INFO - [2022-11-06T02:33:25.958+0200] {dagbag.py:537} INFO - Filling up the DagBag from /Users/mnagy99/opt/anaconda3/envs/airflow-env/lib/python3.8/site-packages/airflow/example_dags/example_sla_dag.py
[2022-11-06T02:33:26.000+0200] {processor.py:766} INFO - DAG(s) dict_keys(['example_sla_dag']) retrieved from /Users/mnagy99/opt/anaconda3/envs/airflow-env/lib/python3.8/site-packages/airflow/example_dags/example_sla_dag.py
[2022-11-06T02:33:26.444+0200] {logging_mixin.py:120} INFO - [2022-11-06T02:33:26.443+0200] {dag.py:2585} INFO - Sync 1 DAGs
[2022-11-06T02:33:26.463+0200] {logging_mixin.py:120} INFO - [2022-11-06T02:33:26.463+0200] {dag.py:3336} INFO - Setting next_dagrun for example_sla_dag to 2022-11-06T00:30:00+00:00, run_after=2022-11-06T00:32:00+00:00
[2022-11-06T02:33:26.481+0200] {processor.py:176} INFO - Processing /Users/mnagy99/opt/anaconda3/envs/airflow-env/lib/python3.8/site-packages/airflow/example_dags/example_sla_dag.py took 0.527 seconds
[2022-11-06T02:35:35.535+0200] {processor.py:154} INFO - Started process (PID=4167) to work on /Users/mnagy99/opt/anaconda3/envs/airflow-env/lib/python3.8/site-packages/airflow/example_dags/example_sla_dag.py
[2022-11-06T02:35:35.537+0200] {processor.py:756} INFO - Processing file /Users/mnagy99/opt/anaconda3/envs/airflow-env/lib/python3.8/site-packages/airflow/example_dags/example_sla_dag.py for tasks to queue
[2022-11-06T02:35:35.538+0200] {logging_mixin.py:120} INFO - [2022-11-06T02:35:35.538+0200] {dagbag.py:537} INFO - Filling up the DagBag from /Users/mnagy99/opt/anaconda3/envs/airflow-env/lib/python3.8/site-packages/airflow/example_dags/example_sla_dag.py
[2022-11-06T02:35:35.579+0200] {processor.py:766} INFO - DAG(s) dict_keys(['example_sla_dag']) retrieved from /Users/mnagy99/opt/anaconda3/envs/airflow-env/lib/python3.8/site-packages/airflow/example_dags/example_sla_dag.py
[2022-11-06T02:35:36.073+0200] {logging_mixin.py:120} INFO - [2022-11-06T02:35:36.073+0200] {dag.py:2585} INFO - Sync 1 DAGs
[2022-11-06T02:35:36.092+0200] {logging_mixin.py:120} INFO - [2022-11-06T02:35:36.092+0200] {dag.py:3336} INFO - Setting next_dagrun for example_sla_dag to 2022-11-06T00:32:00+00:00, run_after=2022-11-06T00:34:00+00:00
[2022-11-06T02:35:36.112+0200] {processor.py:176} INFO - Processing /Users/mnagy99/opt/anaconda3/envs/airflow-env/lib/python3.8/site-packages/airflow/example_dags/example_sla_dag.py took 0.578 seconds
[2022-11-06T02:37:47.501+0200] {processor.py:154} INFO - Started process (PID=4303) to work on /Users/mnagy99/opt/anaconda3/envs/airflow-env/lib/python3.8/site-packages/airflow/example_dags/example_sla_dag.py
[2022-11-06T02:37:47.504+0200] {processor.py:756} INFO - Processing file /Users/mnagy99/opt/anaconda3/envs/airflow-env/lib/python3.8/site-packages/airflow/example_dags/example_sla_dag.py for tasks to queue
[2022-11-06T02:37:47.505+0200] {logging_mixin.py:120} INFO - [2022-11-06T02:37:47.504+0200] {dagbag.py:537} INFO - Filling up the DagBag from /Users/mnagy99/opt/anaconda3/envs/airflow-env/lib/python3.8/site-packages/airflow/example_dags/example_sla_dag.py
[2022-11-06T02:37:47.554+0200] {processor.py:766} INFO - DAG(s) dict_keys(['example_sla_dag']) retrieved from /Users/mnagy99/opt/anaconda3/envs/airflow-env/lib/python3.8/site-packages/airflow/example_dags/example_sla_dag.py
[2022-11-06T02:37:48.031+0200] {logging_mixin.py:120} INFO - [2022-11-06T02:37:48.030+0200] {dag.py:2585} INFO - Sync 1 DAGs
[2022-11-06T02:37:48.048+0200] {logging_mixin.py:120} INFO - [2022-11-06T02:37:48.048+0200] {dag.py:3336} INFO - Setting next_dagrun for example_sla_dag to 2022-11-06T00:34:00+00:00, run_after=2022-11-06T00:36:00+00:00
[2022-11-06T02:37:48.067+0200] {processor.py:176} INFO - Processing /Users/mnagy99/opt/anaconda3/envs/airflow-env/lib/python3.8/site-packages/airflow/example_dags/example_sla_dag.py took 0.567 seconds
[2022-11-06T02:40:00.642+0200] {processor.py:154} INFO - Started process (PID=4434) to work on /Users/mnagy99/opt/anaconda3/envs/airflow-env/lib/python3.8/site-packages/airflow/example_dags/example_sla_dag.py
[2022-11-06T02:40:00.643+0200] {processor.py:756} INFO - Processing file /Users/mnagy99/opt/anaconda3/envs/airflow-env/lib/python3.8/site-packages/airflow/example_dags/example_sla_dag.py for tasks to queue
[2022-11-06T02:40:00.644+0200] {logging_mixin.py:120} INFO - [2022-11-06T02:40:00.644+0200] {dagbag.py:537} INFO - Filling up the DagBag from /Users/mnagy99/opt/anaconda3/envs/airflow-env/lib/python3.8/site-packages/airflow/example_dags/example_sla_dag.py
[2022-11-06T02:40:00.725+0200] {processor.py:766} INFO - DAG(s) dict_keys(['example_sla_dag']) retrieved from /Users/mnagy99/opt/anaconda3/envs/airflow-env/lib/python3.8/site-packages/airflow/example_dags/example_sla_dag.py
[2022-11-06T02:40:01.321+0200] {logging_mixin.py:120} INFO - [2022-11-06T02:40:01.321+0200] {dag.py:2585} INFO - Sync 1 DAGs
[2022-11-06T02:40:01.340+0200] {logging_mixin.py:120} INFO - [2022-11-06T02:40:01.340+0200] {dag.py:3336} INFO - Setting next_dagrun for example_sla_dag to 2022-11-06T00:38:00+00:00, run_after=2022-11-06T00:40:00+00:00
[2022-11-06T02:40:01.367+0200] {processor.py:176} INFO - Processing /Users/mnagy99/opt/anaconda3/envs/airflow-env/lib/python3.8/site-packages/airflow/example_dags/example_sla_dag.py took 0.726 seconds
[2022-11-06T02:42:26.233+0200] {processor.py:154} INFO - Started process (PID=4607) to work on /Users/mnagy99/opt/anaconda3/envs/airflow-env/lib/python3.8/site-packages/airflow/example_dags/example_sla_dag.py
[2022-11-06T02:42:26.236+0200] {processor.py:756} INFO - Processing file /Users/mnagy99/opt/anaconda3/envs/airflow-env/lib/python3.8/site-packages/airflow/example_dags/example_sla_dag.py for tasks to queue
[2022-11-06T02:42:26.236+0200] {logging_mixin.py:120} INFO - [2022-11-06T02:42:26.236+0200] {dagbag.py:537} INFO - Filling up the DagBag from /Users/mnagy99/opt/anaconda3/envs/airflow-env/lib/python3.8/site-packages/airflow/example_dags/example_sla_dag.py
[2022-11-06T02:42:26.286+0200] {processor.py:766} INFO - DAG(s) dict_keys(['example_sla_dag']) retrieved from /Users/mnagy99/opt/anaconda3/envs/airflow-env/lib/python3.8/site-packages/airflow/example_dags/example_sla_dag.py
[2022-11-06T02:42:26.810+0200] {logging_mixin.py:120} INFO - [2022-11-06T02:42:26.809+0200] {dag.py:2585} INFO - Sync 1 DAGs
[2022-11-06T02:42:26.830+0200] {logging_mixin.py:120} INFO - [2022-11-06T02:42:26.830+0200] {dag.py:3336} INFO - Setting next_dagrun for example_sla_dag to 2022-11-06T00:40:00+00:00, run_after=2022-11-06T00:42:00+00:00
[2022-11-06T02:42:26.850+0200] {processor.py:176} INFO - Processing /Users/mnagy99/opt/anaconda3/envs/airflow-env/lib/python3.8/site-packages/airflow/example_dags/example_sla_dag.py took 0.618 seconds
[2022-11-06T02:44:50.782+0200] {processor.py:154} INFO - Started process (PID=4742) to work on /Users/mnagy99/opt/anaconda3/envs/airflow-env/lib/python3.8/site-packages/airflow/example_dags/example_sla_dag.py
[2022-11-06T02:44:50.785+0200] {processor.py:756} INFO - Processing file /Users/mnagy99/opt/anaconda3/envs/airflow-env/lib/python3.8/site-packages/airflow/example_dags/example_sla_dag.py for tasks to queue
[2022-11-06T02:44:50.786+0200] {logging_mixin.py:120} INFO - [2022-11-06T02:44:50.786+0200] {dagbag.py:537} INFO - Filling up the DagBag from /Users/mnagy99/opt/anaconda3/envs/airflow-env/lib/python3.8/site-packages/airflow/example_dags/example_sla_dag.py
[2022-11-06T02:44:50.834+0200] {processor.py:766} INFO - DAG(s) dict_keys(['example_sla_dag']) retrieved from /Users/mnagy99/opt/anaconda3/envs/airflow-env/lib/python3.8/site-packages/airflow/example_dags/example_sla_dag.py
[2022-11-06T02:44:51.286+0200] {logging_mixin.py:120} INFO - [2022-11-06T02:44:51.286+0200] {dag.py:2585} INFO - Sync 1 DAGs
[2022-11-06T02:44:51.303+0200] {logging_mixin.py:120} INFO - [2022-11-06T02:44:51.303+0200] {dag.py:3336} INFO - Setting next_dagrun for example_sla_dag to 2022-11-06T00:42:00+00:00, run_after=2022-11-06T00:44:00+00:00
[2022-11-06T02:44:51.324+0200] {processor.py:176} INFO - Processing /Users/mnagy99/opt/anaconda3/envs/airflow-env/lib/python3.8/site-packages/airflow/example_dags/example_sla_dag.py took 0.542 seconds
[2022-11-06T02:47:03.959+0200] {processor.py:154} INFO - Started process (PID=4882) to work on /Users/mnagy99/opt/anaconda3/envs/airflow-env/lib/python3.8/site-packages/airflow/example_dags/example_sla_dag.py
[2022-11-06T02:47:03.960+0200] {processor.py:756} INFO - Processing file /Users/mnagy99/opt/anaconda3/envs/airflow-env/lib/python3.8/site-packages/airflow/example_dags/example_sla_dag.py for tasks to queue
[2022-11-06T02:47:03.961+0200] {logging_mixin.py:120} INFO - [2022-11-06T02:47:03.961+0200] {dagbag.py:537} INFO - Filling up the DagBag from /Users/mnagy99/opt/anaconda3/envs/airflow-env/lib/python3.8/site-packages/airflow/example_dags/example_sla_dag.py
[2022-11-06T02:47:04.002+0200] {processor.py:766} INFO - DAG(s) dict_keys(['example_sla_dag']) retrieved from /Users/mnagy99/opt/anaconda3/envs/airflow-env/lib/python3.8/site-packages/airflow/example_dags/example_sla_dag.py
[2022-11-06T02:47:04.469+0200] {logging_mixin.py:120} INFO - [2022-11-06T02:47:04.468+0200] {dag.py:2585} INFO - Sync 1 DAGs
[2022-11-06T02:47:04.486+0200] {logging_mixin.py:120} INFO - [2022-11-06T02:47:04.486+0200] {dag.py:3336} INFO - Setting next_dagrun for example_sla_dag to 2022-11-06T00:44:00+00:00, run_after=2022-11-06T00:46:00+00:00
[2022-11-06T02:47:04.501+0200] {processor.py:176} INFO - Processing /Users/mnagy99/opt/anaconda3/envs/airflow-env/lib/python3.8/site-packages/airflow/example_dags/example_sla_dag.py took 0.544 seconds
[2022-11-06T02:49:13.121+0200] {processor.py:154} INFO - Started process (PID=5006) to work on /Users/mnagy99/opt/anaconda3/envs/airflow-env/lib/python3.8/site-packages/airflow/example_dags/example_sla_dag.py
[2022-11-06T02:49:13.123+0200] {processor.py:756} INFO - Processing file /Users/mnagy99/opt/anaconda3/envs/airflow-env/lib/python3.8/site-packages/airflow/example_dags/example_sla_dag.py for tasks to queue
[2022-11-06T02:49:13.123+0200] {logging_mixin.py:120} INFO - [2022-11-06T02:49:13.123+0200] {dagbag.py:537} INFO - Filling up the DagBag from /Users/mnagy99/opt/anaconda3/envs/airflow-env/lib/python3.8/site-packages/airflow/example_dags/example_sla_dag.py
[2022-11-06T02:49:13.166+0200] {processor.py:766} INFO - DAG(s) dict_keys(['example_sla_dag']) retrieved from /Users/mnagy99/opt/anaconda3/envs/airflow-env/lib/python3.8/site-packages/airflow/example_dags/example_sla_dag.py
[2022-11-06T02:49:13.609+0200] {logging_mixin.py:120} INFO - [2022-11-06T02:49:13.608+0200] {dag.py:2585} INFO - Sync 1 DAGs
[2022-11-06T02:49:13.625+0200] {logging_mixin.py:120} INFO - [2022-11-06T02:49:13.625+0200] {dag.py:3336} INFO - Setting next_dagrun for example_sla_dag to 2022-11-06T00:46:00+00:00, run_after=2022-11-06T00:48:00+00:00
[2022-11-06T02:49:13.642+0200] {processor.py:176} INFO - Processing /Users/mnagy99/opt/anaconda3/envs/airflow-env/lib/python3.8/site-packages/airflow/example_dags/example_sla_dag.py took 0.522 seconds
[2022-11-06T02:51:15.733+0200] {processor.py:154} INFO - Started process (PID=5128) to work on /Users/mnagy99/opt/anaconda3/envs/airflow-env/lib/python3.8/site-packages/airflow/example_dags/example_sla_dag.py
[2022-11-06T02:51:15.735+0200] {processor.py:756} INFO - Processing file /Users/mnagy99/opt/anaconda3/envs/airflow-env/lib/python3.8/site-packages/airflow/example_dags/example_sla_dag.py for tasks to queue
[2022-11-06T02:51:15.736+0200] {logging_mixin.py:120} INFO - [2022-11-06T02:51:15.736+0200] {dagbag.py:537} INFO - Filling up the DagBag from /Users/mnagy99/opt/anaconda3/envs/airflow-env/lib/python3.8/site-packages/airflow/example_dags/example_sla_dag.py
[2022-11-06T02:51:15.781+0200] {processor.py:766} INFO - DAG(s) dict_keys(['example_sla_dag']) retrieved from /Users/mnagy99/opt/anaconda3/envs/airflow-env/lib/python3.8/site-packages/airflow/example_dags/example_sla_dag.py
[2022-11-06T02:51:16.223+0200] {logging_mixin.py:120} INFO - [2022-11-06T02:51:16.223+0200] {dag.py:2585} INFO - Sync 1 DAGs
[2022-11-06T02:51:16.240+0200] {logging_mixin.py:120} INFO - [2022-11-06T02:51:16.240+0200] {dag.py:3336} INFO - Setting next_dagrun for example_sla_dag to 2022-11-06T00:48:00+00:00, run_after=2022-11-06T00:50:00+00:00
[2022-11-06T02:51:16.259+0200] {processor.py:176} INFO - Processing /Users/mnagy99/opt/anaconda3/envs/airflow-env/lib/python3.8/site-packages/airflow/example_dags/example_sla_dag.py took 0.527 seconds
[2022-11-06T02:53:22.985+0200] {processor.py:154} INFO - Started process (PID=5257) to work on /Users/mnagy99/opt/anaconda3/envs/airflow-env/lib/python3.8/site-packages/airflow/example_dags/example_sla_dag.py
[2022-11-06T02:53:22.987+0200] {processor.py:756} INFO - Processing file /Users/mnagy99/opt/anaconda3/envs/airflow-env/lib/python3.8/site-packages/airflow/example_dags/example_sla_dag.py for tasks to queue
[2022-11-06T02:53:22.987+0200] {logging_mixin.py:120} INFO - [2022-11-06T02:53:22.987+0200] {dagbag.py:537} INFO - Filling up the DagBag from /Users/mnagy99/opt/anaconda3/envs/airflow-env/lib/python3.8/site-packages/airflow/example_dags/example_sla_dag.py
[2022-11-06T02:53:23.031+0200] {processor.py:766} INFO - DAG(s) dict_keys(['example_sla_dag']) retrieved from /Users/mnagy99/opt/anaconda3/envs/airflow-env/lib/python3.8/site-packages/airflow/example_dags/example_sla_dag.py
[2022-11-06T02:53:23.458+0200] {logging_mixin.py:120} INFO - [2022-11-06T02:53:23.458+0200] {dag.py:2585} INFO - Sync 1 DAGs
[2022-11-06T02:53:23.474+0200] {logging_mixin.py:120} INFO - [2022-11-06T02:53:23.474+0200] {dag.py:3336} INFO - Setting next_dagrun for example_sla_dag to 2022-11-06T00:50:00+00:00, run_after=2022-11-06T00:52:00+00:00
[2022-11-06T02:53:23.495+0200] {processor.py:176} INFO - Processing /Users/mnagy99/opt/anaconda3/envs/airflow-env/lib/python3.8/site-packages/airflow/example_dags/example_sla_dag.py took 0.511 seconds
[2022-11-06T02:55:32.227+0200] {processor.py:154} INFO - Started process (PID=5382) to work on /Users/mnagy99/opt/anaconda3/envs/airflow-env/lib/python3.8/site-packages/airflow/example_dags/example_sla_dag.py
[2022-11-06T02:55:32.229+0200] {processor.py:756} INFO - Processing file /Users/mnagy99/opt/anaconda3/envs/airflow-env/lib/python3.8/site-packages/airflow/example_dags/example_sla_dag.py for tasks to queue
[2022-11-06T02:55:32.230+0200] {logging_mixin.py:120} INFO - [2022-11-06T02:55:32.230+0200] {dagbag.py:537} INFO - Filling up the DagBag from /Users/mnagy99/opt/anaconda3/envs/airflow-env/lib/python3.8/site-packages/airflow/example_dags/example_sla_dag.py
[2022-11-06T02:55:32.273+0200] {processor.py:766} INFO - DAG(s) dict_keys(['example_sla_dag']) retrieved from /Users/mnagy99/opt/anaconda3/envs/airflow-env/lib/python3.8/site-packages/airflow/example_dags/example_sla_dag.py
[2022-11-06T02:55:32.775+0200] {logging_mixin.py:120} INFO - [2022-11-06T02:55:32.775+0200] {dag.py:2585} INFO - Sync 1 DAGs
[2022-11-06T02:55:32.793+0200] {logging_mixin.py:120} INFO - [2022-11-06T02:55:32.792+0200] {dag.py:3336} INFO - Setting next_dagrun for example_sla_dag to 2022-11-06T00:52:00+00:00, run_after=2022-11-06T00:54:00+00:00
[2022-11-06T02:55:32.812+0200] {processor.py:176} INFO - Processing /Users/mnagy99/opt/anaconda3/envs/airflow-env/lib/python3.8/site-packages/airflow/example_dags/example_sla_dag.py took 0.586 seconds
[2022-11-06T02:57:48.583+0200] {processor.py:154} INFO - Started process (PID=5528) to work on /Users/mnagy99/opt/anaconda3/envs/airflow-env/lib/python3.8/site-packages/airflow/example_dags/example_sla_dag.py
[2022-11-06T02:57:48.586+0200] {processor.py:756} INFO - Processing file /Users/mnagy99/opt/anaconda3/envs/airflow-env/lib/python3.8/site-packages/airflow/example_dags/example_sla_dag.py for tasks to queue
[2022-11-06T02:57:48.586+0200] {logging_mixin.py:120} INFO - [2022-11-06T02:57:48.586+0200] {dagbag.py:537} INFO - Filling up the DagBag from /Users/mnagy99/opt/anaconda3/envs/airflow-env/lib/python3.8/site-packages/airflow/example_dags/example_sla_dag.py
[2022-11-06T02:57:48.629+0200] {processor.py:766} INFO - DAG(s) dict_keys(['example_sla_dag']) retrieved from /Users/mnagy99/opt/anaconda3/envs/airflow-env/lib/python3.8/site-packages/airflow/example_dags/example_sla_dag.py
[2022-11-06T02:57:49.056+0200] {logging_mixin.py:120} INFO - [2022-11-06T02:57:49.056+0200] {dag.py:2585} INFO - Sync 1 DAGs
[2022-11-06T02:57:49.072+0200] {logging_mixin.py:120} INFO - [2022-11-06T02:57:49.072+0200] {dag.py:3336} INFO - Setting next_dagrun for example_sla_dag to 2022-11-06T00:54:00+00:00, run_after=2022-11-06T00:56:00+00:00
[2022-11-06T02:57:49.092+0200] {processor.py:176} INFO - Processing /Users/mnagy99/opt/anaconda3/envs/airflow-env/lib/python3.8/site-packages/airflow/example_dags/example_sla_dag.py took 0.510 seconds
[2022-11-06T03:00:08.154+0200] {processor.py:154} INFO - Started process (PID=5666) to work on /Users/mnagy99/opt/anaconda3/envs/airflow-env/lib/python3.8/site-packages/airflow/example_dags/example_sla_dag.py
[2022-11-06T03:00:08.157+0200] {processor.py:756} INFO - Processing file /Users/mnagy99/opt/anaconda3/envs/airflow-env/lib/python3.8/site-packages/airflow/example_dags/example_sla_dag.py for tasks to queue
[2022-11-06T03:00:08.157+0200] {logging_mixin.py:120} INFO - [2022-11-06T03:00:08.157+0200] {dagbag.py:537} INFO - Filling up the DagBag from /Users/mnagy99/opt/anaconda3/envs/airflow-env/lib/python3.8/site-packages/airflow/example_dags/example_sla_dag.py
[2022-11-06T03:00:08.199+0200] {processor.py:766} INFO - DAG(s) dict_keys(['example_sla_dag']) retrieved from /Users/mnagy99/opt/anaconda3/envs/airflow-env/lib/python3.8/site-packages/airflow/example_dags/example_sla_dag.py
[2022-11-06T03:00:08.683+0200] {logging_mixin.py:120} INFO - [2022-11-06T03:00:08.683+0200] {dag.py:2585} INFO - Sync 1 DAGs
[2022-11-06T03:00:08.700+0200] {logging_mixin.py:120} INFO - [2022-11-06T03:00:08.700+0200] {dag.py:3336} INFO - Setting next_dagrun for example_sla_dag to 2022-11-06T00:58:00+00:00, run_after=2022-11-06T01:00:00+00:00
[2022-11-06T03:00:08.715+0200] {processor.py:176} INFO - Processing /Users/mnagy99/opt/anaconda3/envs/airflow-env/lib/python3.8/site-packages/airflow/example_dags/example_sla_dag.py took 0.562 seconds
[2022-11-06T03:02:52.077+0200] {processor.py:154} INFO - Started process (PID=5811) to work on /Users/mnagy99/opt/anaconda3/envs/airflow-env/lib/python3.8/site-packages/airflow/example_dags/example_sla_dag.py
[2022-11-06T03:02:52.083+0200] {processor.py:756} INFO - Processing file /Users/mnagy99/opt/anaconda3/envs/airflow-env/lib/python3.8/site-packages/airflow/example_dags/example_sla_dag.py for tasks to queue
[2022-11-06T03:02:52.089+0200] {logging_mixin.py:120} INFO - [2022-11-06T03:02:52.089+0200] {dagbag.py:537} INFO - Filling up the DagBag from /Users/mnagy99/opt/anaconda3/envs/airflow-env/lib/python3.8/site-packages/airflow/example_dags/example_sla_dag.py
[2022-11-06T03:02:52.252+0200] {processor.py:766} INFO - DAG(s) dict_keys(['example_sla_dag']) retrieved from /Users/mnagy99/opt/anaconda3/envs/airflow-env/lib/python3.8/site-packages/airflow/example_dags/example_sla_dag.py
[2022-11-06T03:02:53.028+0200] {logging_mixin.py:120} INFO - [2022-11-06T03:02:53.027+0200] {dag.py:2585} INFO - Sync 1 DAGs
[2022-11-06T03:02:53.046+0200] {logging_mixin.py:120} INFO - [2022-11-06T03:02:53.046+0200] {dag.py:3336} INFO - Setting next_dagrun for example_sla_dag to 2022-11-06T01:00:00+00:00, run_after=2022-11-06T01:02:00+00:00
[2022-11-06T03:02:53.067+0200] {processor.py:176} INFO - Processing /Users/mnagy99/opt/anaconda3/envs/airflow-env/lib/python3.8/site-packages/airflow/example_dags/example_sla_dag.py took 0.993 seconds
[2022-11-06T03:05:10.942+0200] {processor.py:154} INFO - Started process (PID=5944) to work on /Users/mnagy99/opt/anaconda3/envs/airflow-env/lib/python3.8/site-packages/airflow/example_dags/example_sla_dag.py
[2022-11-06T03:05:10.944+0200] {processor.py:756} INFO - Processing file /Users/mnagy99/opt/anaconda3/envs/airflow-env/lib/python3.8/site-packages/airflow/example_dags/example_sla_dag.py for tasks to queue
[2022-11-06T03:05:10.945+0200] {logging_mixin.py:120} INFO - [2022-11-06T03:05:10.944+0200] {dagbag.py:537} INFO - Filling up the DagBag from /Users/mnagy99/opt/anaconda3/envs/airflow-env/lib/python3.8/site-packages/airflow/example_dags/example_sla_dag.py
[2022-11-06T03:05:10.989+0200] {processor.py:766} INFO - DAG(s) dict_keys(['example_sla_dag']) retrieved from /Users/mnagy99/opt/anaconda3/envs/airflow-env/lib/python3.8/site-packages/airflow/example_dags/example_sla_dag.py
[2022-11-06T03:05:11.491+0200] {logging_mixin.py:120} INFO - [2022-11-06T03:05:11.491+0200] {dag.py:2585} INFO - Sync 1 DAGs
[2022-11-06T03:05:11.510+0200] {logging_mixin.py:120} INFO - [2022-11-06T03:05:11.510+0200] {dag.py:3336} INFO - Setting next_dagrun for example_sla_dag to 2022-11-06T01:02:00+00:00, run_after=2022-11-06T01:04:00+00:00
[2022-11-06T03:05:11.531+0200] {processor.py:176} INFO - Processing /Users/mnagy99/opt/anaconda3/envs/airflow-env/lib/python3.8/site-packages/airflow/example_dags/example_sla_dag.py took 0.589 seconds
[2022-11-06T03:07:30.503+0200] {processor.py:154} INFO - Started process (PID=6078) to work on /Users/mnagy99/opt/anaconda3/envs/airflow-env/lib/python3.8/site-packages/airflow/example_dags/example_sla_dag.py
[2022-11-06T03:07:30.506+0200] {processor.py:756} INFO - Processing file /Users/mnagy99/opt/anaconda3/envs/airflow-env/lib/python3.8/site-packages/airflow/example_dags/example_sla_dag.py for tasks to queue
[2022-11-06T03:07:30.507+0200] {logging_mixin.py:120} INFO - [2022-11-06T03:07:30.506+0200] {dagbag.py:537} INFO - Filling up the DagBag from /Users/mnagy99/opt/anaconda3/envs/airflow-env/lib/python3.8/site-packages/airflow/example_dags/example_sla_dag.py
[2022-11-06T03:07:30.555+0200] {processor.py:766} INFO - DAG(s) dict_keys(['example_sla_dag']) retrieved from /Users/mnagy99/opt/anaconda3/envs/airflow-env/lib/python3.8/site-packages/airflow/example_dags/example_sla_dag.py
[2022-11-06T03:07:31.005+0200] {logging_mixin.py:120} INFO - [2022-11-06T03:07:31.005+0200] {dag.py:2585} INFO - Sync 1 DAGs
[2022-11-06T03:07:31.023+0200] {logging_mixin.py:120} INFO - [2022-11-06T03:07:31.023+0200] {dag.py:3336} INFO - Setting next_dagrun for example_sla_dag to 2022-11-06T01:04:00+00:00, run_after=2022-11-06T01:06:00+00:00
[2022-11-06T03:07:31.047+0200] {processor.py:176} INFO - Processing /Users/mnagy99/opt/anaconda3/envs/airflow-env/lib/python3.8/site-packages/airflow/example_dags/example_sla_dag.py took 0.544 seconds
[2022-11-06T03:09:37.331+0200] {processor.py:154} INFO - Started process (PID=6210) to work on /Users/mnagy99/opt/anaconda3/envs/airflow-env/lib/python3.8/site-packages/airflow/example_dags/example_sla_dag.py
[2022-11-06T03:09:37.334+0200] {processor.py:756} INFO - Processing file /Users/mnagy99/opt/anaconda3/envs/airflow-env/lib/python3.8/site-packages/airflow/example_dags/example_sla_dag.py for tasks to queue
[2022-11-06T03:09:37.334+0200] {logging_mixin.py:120} INFO - [2022-11-06T03:09:37.334+0200] {dagbag.py:537} INFO - Filling up the DagBag from /Users/mnagy99/opt/anaconda3/envs/airflow-env/lib/python3.8/site-packages/airflow/example_dags/example_sla_dag.py
[2022-11-06T03:09:37.378+0200] {processor.py:766} INFO - DAG(s) dict_keys(['example_sla_dag']) retrieved from /Users/mnagy99/opt/anaconda3/envs/airflow-env/lib/python3.8/site-packages/airflow/example_dags/example_sla_dag.py
[2022-11-06T03:09:37.851+0200] {logging_mixin.py:120} INFO - [2022-11-06T03:09:37.851+0200] {dag.py:2585} INFO - Sync 1 DAGs
[2022-11-06T03:09:37.870+0200] {logging_mixin.py:120} INFO - [2022-11-06T03:09:37.870+0200] {dag.py:3336} INFO - Setting next_dagrun for example_sla_dag to 2022-11-06T01:06:00+00:00, run_after=2022-11-06T01:08:00+00:00
[2022-11-06T03:09:37.889+0200] {processor.py:176} INFO - Processing /Users/mnagy99/opt/anaconda3/envs/airflow-env/lib/python3.8/site-packages/airflow/example_dags/example_sla_dag.py took 0.559 seconds
[2022-11-06T03:11:38.114+0200] {processor.py:154} INFO - Started process (PID=6341) to work on /Users/mnagy99/opt/anaconda3/envs/airflow-env/lib/python3.8/site-packages/airflow/example_dags/example_sla_dag.py
[2022-11-06T03:11:38.116+0200] {processor.py:756} INFO - Processing file /Users/mnagy99/opt/anaconda3/envs/airflow-env/lib/python3.8/site-packages/airflow/example_dags/example_sla_dag.py for tasks to queue
[2022-11-06T03:11:38.117+0200] {logging_mixin.py:120} INFO - [2022-11-06T03:11:38.117+0200] {dagbag.py:537} INFO - Filling up the DagBag from /Users/mnagy99/opt/anaconda3/envs/airflow-env/lib/python3.8/site-packages/airflow/example_dags/example_sla_dag.py
[2022-11-06T03:11:38.162+0200] {processor.py:766} INFO - DAG(s) dict_keys(['example_sla_dag']) retrieved from /Users/mnagy99/opt/anaconda3/envs/airflow-env/lib/python3.8/site-packages/airflow/example_dags/example_sla_dag.py
[2022-11-06T03:11:38.588+0200] {logging_mixin.py:120} INFO - [2022-11-06T03:11:38.588+0200] {dag.py:2585} INFO - Sync 1 DAGs
[2022-11-06T03:11:38.604+0200] {logging_mixin.py:120} INFO - [2022-11-06T03:11:38.604+0200] {dag.py:3336} INFO - Setting next_dagrun for example_sla_dag to 2022-11-06T01:08:00+00:00, run_after=2022-11-06T01:10:00+00:00
[2022-11-06T03:11:38.622+0200] {processor.py:176} INFO - Processing /Users/mnagy99/opt/anaconda3/envs/airflow-env/lib/python3.8/site-packages/airflow/example_dags/example_sla_dag.py took 0.509 seconds
[2022-11-06T03:13:48.382+0200] {processor.py:154} INFO - Started process (PID=6469) to work on /Users/mnagy99/opt/anaconda3/envs/airflow-env/lib/python3.8/site-packages/airflow/example_dags/example_sla_dag.py
[2022-11-06T03:13:48.384+0200] {processor.py:756} INFO - Processing file /Users/mnagy99/opt/anaconda3/envs/airflow-env/lib/python3.8/site-packages/airflow/example_dags/example_sla_dag.py for tasks to queue
[2022-11-06T03:13:48.385+0200] {logging_mixin.py:120} INFO - [2022-11-06T03:13:48.385+0200] {dagbag.py:537} INFO - Filling up the DagBag from /Users/mnagy99/opt/anaconda3/envs/airflow-env/lib/python3.8/site-packages/airflow/example_dags/example_sla_dag.py
[2022-11-06T03:13:48.429+0200] {processor.py:766} INFO - DAG(s) dict_keys(['example_sla_dag']) retrieved from /Users/mnagy99/opt/anaconda3/envs/airflow-env/lib/python3.8/site-packages/airflow/example_dags/example_sla_dag.py
[2022-11-06T03:13:48.981+0200] {logging_mixin.py:120} INFO - [2022-11-06T03:13:48.981+0200] {dag.py:2585} INFO - Sync 1 DAGs
[2022-11-06T03:13:49.003+0200] {logging_mixin.py:120} INFO - [2022-11-06T03:13:49.002+0200] {dag.py:3336} INFO - Setting next_dagrun for example_sla_dag to 2022-11-06T01:10:00+00:00, run_after=2022-11-06T01:12:00+00:00
[2022-11-06T03:13:49.022+0200] {processor.py:176} INFO - Processing /Users/mnagy99/opt/anaconda3/envs/airflow-env/lib/python3.8/site-packages/airflow/example_dags/example_sla_dag.py took 0.641 seconds
[2022-11-06T03:15:47.528+0200] {processor.py:154} INFO - Started process (PID=6597) to work on /Users/mnagy99/opt/anaconda3/envs/airflow-env/lib/python3.8/site-packages/airflow/example_dags/example_sla_dag.py
[2022-11-06T03:15:47.529+0200] {processor.py:756} INFO - Processing file /Users/mnagy99/opt/anaconda3/envs/airflow-env/lib/python3.8/site-packages/airflow/example_dags/example_sla_dag.py for tasks to queue
[2022-11-06T03:15:47.530+0200] {logging_mixin.py:120} INFO - [2022-11-06T03:15:47.529+0200] {dagbag.py:537} INFO - Filling up the DagBag from /Users/mnagy99/opt/anaconda3/envs/airflow-env/lib/python3.8/site-packages/airflow/example_dags/example_sla_dag.py
[2022-11-06T03:15:47.569+0200] {processor.py:766} INFO - DAG(s) dict_keys(['example_sla_dag']) retrieved from /Users/mnagy99/opt/anaconda3/envs/airflow-env/lib/python3.8/site-packages/airflow/example_dags/example_sla_dag.py
[2022-11-06T03:15:48.019+0200] {logging_mixin.py:120} INFO - [2022-11-06T03:15:48.019+0200] {dag.py:2585} INFO - Sync 1 DAGs
[2022-11-06T03:15:48.035+0200] {logging_mixin.py:120} INFO - [2022-11-06T03:15:48.035+0200] {dag.py:3336} INFO - Setting next_dagrun for example_sla_dag to 2022-11-06T01:12:00+00:00, run_after=2022-11-06T01:14:00+00:00
[2022-11-06T03:15:48.054+0200] {processor.py:176} INFO - Processing /Users/mnagy99/opt/anaconda3/envs/airflow-env/lib/python3.8/site-packages/airflow/example_dags/example_sla_dag.py took 0.526 seconds
[2022-11-06T03:17:44.491+0200] {processor.py:154} INFO - Started process (PID=6729) to work on /Users/mnagy99/opt/anaconda3/envs/airflow-env/lib/python3.8/site-packages/airflow/example_dags/example_sla_dag.py
[2022-11-06T03:17:44.493+0200] {processor.py:756} INFO - Processing file /Users/mnagy99/opt/anaconda3/envs/airflow-env/lib/python3.8/site-packages/airflow/example_dags/example_sla_dag.py for tasks to queue
[2022-11-06T03:17:44.493+0200] {logging_mixin.py:120} INFO - [2022-11-06T03:17:44.493+0200] {dagbag.py:537} INFO - Filling up the DagBag from /Users/mnagy99/opt/anaconda3/envs/airflow-env/lib/python3.8/site-packages/airflow/example_dags/example_sla_dag.py
[2022-11-06T03:17:44.532+0200] {processor.py:766} INFO - DAG(s) dict_keys(['example_sla_dag']) retrieved from /Users/mnagy99/opt/anaconda3/envs/airflow-env/lib/python3.8/site-packages/airflow/example_dags/example_sla_dag.py
[2022-11-06T03:17:44.976+0200] {logging_mixin.py:120} INFO - [2022-11-06T03:17:44.976+0200] {dag.py:2585} INFO - Sync 1 DAGs
[2022-11-06T03:17:44.994+0200] {logging_mixin.py:120} INFO - [2022-11-06T03:17:44.993+0200] {dag.py:3336} INFO - Setting next_dagrun for example_sla_dag to 2022-11-06T01:14:00+00:00, run_after=2022-11-06T01:16:00+00:00
[2022-11-06T03:17:45.016+0200] {processor.py:176} INFO - Processing /Users/mnagy99/opt/anaconda3/envs/airflow-env/lib/python3.8/site-packages/airflow/example_dags/example_sla_dag.py took 0.526 seconds
[2022-11-06T03:19:42.462+0200] {processor.py:154} INFO - Started process (PID=6854) to work on /Users/mnagy99/opt/anaconda3/envs/airflow-env/lib/python3.8/site-packages/airflow/example_dags/example_sla_dag.py
[2022-11-06T03:19:42.463+0200] {processor.py:756} INFO - Processing file /Users/mnagy99/opt/anaconda3/envs/airflow-env/lib/python3.8/site-packages/airflow/example_dags/example_sla_dag.py for tasks to queue
[2022-11-06T03:19:42.464+0200] {logging_mixin.py:120} INFO - [2022-11-06T03:19:42.463+0200] {dagbag.py:537} INFO - Filling up the DagBag from /Users/mnagy99/opt/anaconda3/envs/airflow-env/lib/python3.8/site-packages/airflow/example_dags/example_sla_dag.py
[2022-11-06T03:19:42.504+0200] {processor.py:766} INFO - DAG(s) dict_keys(['example_sla_dag']) retrieved from /Users/mnagy99/opt/anaconda3/envs/airflow-env/lib/python3.8/site-packages/airflow/example_dags/example_sla_dag.py
[2022-11-06T03:19:42.935+0200] {logging_mixin.py:120} INFO - [2022-11-06T03:19:42.934+0200] {dag.py:2585} INFO - Sync 1 DAGs
[2022-11-06T03:19:42.951+0200] {logging_mixin.py:120} INFO - [2022-11-06T03:19:42.951+0200] {dag.py:3336} INFO - Setting next_dagrun for example_sla_dag to 2022-11-06T01:16:00+00:00, run_after=2022-11-06T01:18:00+00:00
[2022-11-06T03:19:42.973+0200] {processor.py:176} INFO - Processing /Users/mnagy99/opt/anaconda3/envs/airflow-env/lib/python3.8/site-packages/airflow/example_dags/example_sla_dag.py took 0.512 seconds
[2022-11-06T03:21:43.091+0200] {processor.py:154} INFO - Started process (PID=6978) to work on /Users/mnagy99/opt/anaconda3/envs/airflow-env/lib/python3.8/site-packages/airflow/example_dags/example_sla_dag.py
[2022-11-06T03:21:43.092+0200] {processor.py:756} INFO - Processing file /Users/mnagy99/opt/anaconda3/envs/airflow-env/lib/python3.8/site-packages/airflow/example_dags/example_sla_dag.py for tasks to queue
[2022-11-06T03:21:43.092+0200] {logging_mixin.py:120} INFO - [2022-11-06T03:21:43.092+0200] {dagbag.py:537} INFO - Filling up the DagBag from /Users/mnagy99/opt/anaconda3/envs/airflow-env/lib/python3.8/site-packages/airflow/example_dags/example_sla_dag.py
[2022-11-06T03:21:43.135+0200] {processor.py:766} INFO - DAG(s) dict_keys(['example_sla_dag']) retrieved from /Users/mnagy99/opt/anaconda3/envs/airflow-env/lib/python3.8/site-packages/airflow/example_dags/example_sla_dag.py
[2022-11-06T03:21:43.561+0200] {logging_mixin.py:120} INFO - [2022-11-06T03:21:43.561+0200] {dag.py:2585} INFO - Sync 1 DAGs
[2022-11-06T03:21:43.577+0200] {logging_mixin.py:120} INFO - [2022-11-06T03:21:43.577+0200] {dag.py:3336} INFO - Setting next_dagrun for example_sla_dag to 2022-11-06T01:18:00+00:00, run_after=2022-11-06T01:20:00+00:00
[2022-11-06T03:21:43.597+0200] {processor.py:176} INFO - Processing /Users/mnagy99/opt/anaconda3/envs/airflow-env/lib/python3.8/site-packages/airflow/example_dags/example_sla_dag.py took 0.508 seconds
[2022-11-06T03:23:46.067+0200] {processor.py:154} INFO - Started process (PID=7107) to work on /Users/mnagy99/opt/anaconda3/envs/airflow-env/lib/python3.8/site-packages/airflow/example_dags/example_sla_dag.py
[2022-11-06T03:23:46.069+0200] {processor.py:756} INFO - Processing file /Users/mnagy99/opt/anaconda3/envs/airflow-env/lib/python3.8/site-packages/airflow/example_dags/example_sla_dag.py for tasks to queue
[2022-11-06T03:23:46.070+0200] {logging_mixin.py:120} INFO - [2022-11-06T03:23:46.070+0200] {dagbag.py:537} INFO - Filling up the DagBag from /Users/mnagy99/opt/anaconda3/envs/airflow-env/lib/python3.8/site-packages/airflow/example_dags/example_sla_dag.py
[2022-11-06T03:23:46.115+0200] {processor.py:766} INFO - DAG(s) dict_keys(['example_sla_dag']) retrieved from /Users/mnagy99/opt/anaconda3/envs/airflow-env/lib/python3.8/site-packages/airflow/example_dags/example_sla_dag.py
[2022-11-06T03:23:46.588+0200] {logging_mixin.py:120} INFO - [2022-11-06T03:23:46.587+0200] {dag.py:2585} INFO - Sync 1 DAGs
[2022-11-06T03:23:46.604+0200] {logging_mixin.py:120} INFO - [2022-11-06T03:23:46.604+0200] {dag.py:3336} INFO - Setting next_dagrun for example_sla_dag to 2022-11-06T01:20:00+00:00, run_after=2022-11-06T01:22:00+00:00
[2022-11-06T03:23:46.622+0200] {processor.py:176} INFO - Processing /Users/mnagy99/opt/anaconda3/envs/airflow-env/lib/python3.8/site-packages/airflow/example_dags/example_sla_dag.py took 0.556 seconds
[2022-11-06T03:25:40.663+0200] {processor.py:154} INFO - Started process (PID=7233) to work on /Users/mnagy99/opt/anaconda3/envs/airflow-env/lib/python3.8/site-packages/airflow/example_dags/example_sla_dag.py
[2022-11-06T03:25:40.663+0200] {processor.py:756} INFO - Processing file /Users/mnagy99/opt/anaconda3/envs/airflow-env/lib/python3.8/site-packages/airflow/example_dags/example_sla_dag.py for tasks to queue
[2022-11-06T03:25:40.664+0200] {logging_mixin.py:120} INFO - [2022-11-06T03:25:40.664+0200] {dagbag.py:537} INFO - Filling up the DagBag from /Users/mnagy99/opt/anaconda3/envs/airflow-env/lib/python3.8/site-packages/airflow/example_dags/example_sla_dag.py
[2022-11-06T03:25:40.703+0200] {processor.py:766} INFO - DAG(s) dict_keys(['example_sla_dag']) retrieved from /Users/mnagy99/opt/anaconda3/envs/airflow-env/lib/python3.8/site-packages/airflow/example_dags/example_sla_dag.py
[2022-11-06T03:25:41.213+0200] {logging_mixin.py:120} INFO - [2022-11-06T03:25:41.213+0200] {dag.py:2585} INFO - Sync 1 DAGs
[2022-11-06T03:25:41.229+0200] {logging_mixin.py:120} INFO - [2022-11-06T03:25:41.229+0200] {dag.py:3336} INFO - Setting next_dagrun for example_sla_dag to 2022-11-06T01:22:00+00:00, run_after=2022-11-06T01:24:00+00:00
[2022-11-06T03:25:41.243+0200] {processor.py:176} INFO - Processing /Users/mnagy99/opt/anaconda3/envs/airflow-env/lib/python3.8/site-packages/airflow/example_dags/example_sla_dag.py took 0.582 seconds
[2022-11-06T03:27:41.857+0200] {processor.py:154} INFO - Started process (PID=7377) to work on /Users/mnagy99/opt/anaconda3/envs/airflow-env/lib/python3.8/site-packages/airflow/example_dags/example_sla_dag.py
[2022-11-06T03:27:41.860+0200] {processor.py:756} INFO - Processing file /Users/mnagy99/opt/anaconda3/envs/airflow-env/lib/python3.8/site-packages/airflow/example_dags/example_sla_dag.py for tasks to queue
[2022-11-06T03:27:41.861+0200] {logging_mixin.py:120} INFO - [2022-11-06T03:27:41.860+0200] {dagbag.py:537} INFO - Filling up the DagBag from /Users/mnagy99/opt/anaconda3/envs/airflow-env/lib/python3.8/site-packages/airflow/example_dags/example_sla_dag.py
[2022-11-06T03:27:41.907+0200] {processor.py:766} INFO - DAG(s) dict_keys(['example_sla_dag']) retrieved from /Users/mnagy99/opt/anaconda3/envs/airflow-env/lib/python3.8/site-packages/airflow/example_dags/example_sla_dag.py
[2022-11-06T03:27:42.339+0200] {logging_mixin.py:120} INFO - [2022-11-06T03:27:42.339+0200] {dag.py:2585} INFO - Sync 1 DAGs
[2022-11-06T03:27:42.357+0200] {logging_mixin.py:120} INFO - [2022-11-06T03:27:42.356+0200] {dag.py:3336} INFO - Setting next_dagrun for example_sla_dag to 2022-11-06T01:24:00+00:00, run_after=2022-11-06T01:26:00+00:00
[2022-11-06T03:27:42.376+0200] {processor.py:176} INFO - Processing /Users/mnagy99/opt/anaconda3/envs/airflow-env/lib/python3.8/site-packages/airflow/example_dags/example_sla_dag.py took 0.519 seconds
[2022-11-06T03:29:45.396+0200] {processor.py:154} INFO - Started process (PID=7502) to work on /Users/mnagy99/opt/anaconda3/envs/airflow-env/lib/python3.8/site-packages/airflow/example_dags/example_sla_dag.py
[2022-11-06T03:29:45.398+0200] {processor.py:756} INFO - Processing file /Users/mnagy99/opt/anaconda3/envs/airflow-env/lib/python3.8/site-packages/airflow/example_dags/example_sla_dag.py for tasks to queue
[2022-11-06T03:29:45.399+0200] {logging_mixin.py:120} INFO - [2022-11-06T03:29:45.399+0200] {dagbag.py:537} INFO - Filling up the DagBag from /Users/mnagy99/opt/anaconda3/envs/airflow-env/lib/python3.8/site-packages/airflow/example_dags/example_sla_dag.py
[2022-11-06T03:29:45.444+0200] {processor.py:766} INFO - DAG(s) dict_keys(['example_sla_dag']) retrieved from /Users/mnagy99/opt/anaconda3/envs/airflow-env/lib/python3.8/site-packages/airflow/example_dags/example_sla_dag.py
[2022-11-06T03:29:45.863+0200] {logging_mixin.py:120} INFO - [2022-11-06T03:29:45.863+0200] {dag.py:2585} INFO - Sync 1 DAGs
[2022-11-06T03:29:45.879+0200] {logging_mixin.py:120} INFO - [2022-11-06T03:29:45.879+0200] {dag.py:3336} INFO - Setting next_dagrun for example_sla_dag to 2022-11-06T01:26:00+00:00, run_after=2022-11-06T01:28:00+00:00
[2022-11-06T03:29:45.897+0200] {processor.py:176} INFO - Processing /Users/mnagy99/opt/anaconda3/envs/airflow-env/lib/python3.8/site-packages/airflow/example_dags/example_sla_dag.py took 0.502 seconds
[2022-11-06T03:31:45.298+0200] {processor.py:154} INFO - Started process (PID=7630) to work on /Users/mnagy99/opt/anaconda3/envs/airflow-env/lib/python3.8/site-packages/airflow/example_dags/example_sla_dag.py
[2022-11-06T03:31:45.299+0200] {processor.py:756} INFO - Processing file /Users/mnagy99/opt/anaconda3/envs/airflow-env/lib/python3.8/site-packages/airflow/example_dags/example_sla_dag.py for tasks to queue
[2022-11-06T03:31:45.300+0200] {logging_mixin.py:120} INFO - [2022-11-06T03:31:45.300+0200] {dagbag.py:537} INFO - Filling up the DagBag from /Users/mnagy99/opt/anaconda3/envs/airflow-env/lib/python3.8/site-packages/airflow/example_dags/example_sla_dag.py
[2022-11-06T03:31:45.340+0200] {processor.py:766} INFO - DAG(s) dict_keys(['example_sla_dag']) retrieved from /Users/mnagy99/opt/anaconda3/envs/airflow-env/lib/python3.8/site-packages/airflow/example_dags/example_sla_dag.py
[2022-11-06T03:31:45.784+0200] {logging_mixin.py:120} INFO - [2022-11-06T03:31:45.784+0200] {dag.py:2585} INFO - Sync 1 DAGs
[2022-11-06T03:31:45.802+0200] {logging_mixin.py:120} INFO - [2022-11-06T03:31:45.802+0200] {dag.py:3336} INFO - Setting next_dagrun for example_sla_dag to 2022-11-06T01:28:00+00:00, run_after=2022-11-06T01:30:00+00:00
[2022-11-06T03:31:45.825+0200] {processor.py:176} INFO - Processing /Users/mnagy99/opt/anaconda3/envs/airflow-env/lib/python3.8/site-packages/airflow/example_dags/example_sla_dag.py took 0.528 seconds
[2022-11-06T03:33:56.780+0200] {processor.py:154} INFO - Started process (PID=7767) to work on /Users/mnagy99/opt/anaconda3/envs/airflow-env/lib/python3.8/site-packages/airflow/example_dags/example_sla_dag.py
[2022-11-06T03:33:56.781+0200] {processor.py:756} INFO - Processing file /Users/mnagy99/opt/anaconda3/envs/airflow-env/lib/python3.8/site-packages/airflow/example_dags/example_sla_dag.py for tasks to queue
[2022-11-06T03:33:56.782+0200] {logging_mixin.py:120} INFO - [2022-11-06T03:33:56.782+0200] {dagbag.py:537} INFO - Filling up the DagBag from /Users/mnagy99/opt/anaconda3/envs/airflow-env/lib/python3.8/site-packages/airflow/example_dags/example_sla_dag.py
[2022-11-06T03:33:56.826+0200] {processor.py:766} INFO - DAG(s) dict_keys(['example_sla_dag']) retrieved from /Users/mnagy99/opt/anaconda3/envs/airflow-env/lib/python3.8/site-packages/airflow/example_dags/example_sla_dag.py
[2022-11-06T03:33:57.271+0200] {logging_mixin.py:120} INFO - [2022-11-06T03:33:57.271+0200] {dag.py:2585} INFO - Sync 1 DAGs
[2022-11-06T03:33:57.287+0200] {logging_mixin.py:120} INFO - [2022-11-06T03:33:57.286+0200] {dag.py:3336} INFO - Setting next_dagrun for example_sla_dag to 2022-11-06T01:30:00+00:00, run_after=2022-11-06T01:32:00+00:00
[2022-11-06T03:33:57.302+0200] {processor.py:176} INFO - Processing /Users/mnagy99/opt/anaconda3/envs/airflow-env/lib/python3.8/site-packages/airflow/example_dags/example_sla_dag.py took 0.522 seconds
[2022-11-06T03:36:03.271+0200] {processor.py:154} INFO - Started process (PID=7941) to work on /Users/mnagy99/opt/anaconda3/envs/airflow-env/lib/python3.8/site-packages/airflow/example_dags/example_sla_dag.py
[2022-11-06T03:36:03.274+0200] {processor.py:756} INFO - Processing file /Users/mnagy99/opt/anaconda3/envs/airflow-env/lib/python3.8/site-packages/airflow/example_dags/example_sla_dag.py for tasks to queue
[2022-11-06T03:36:03.274+0200] {logging_mixin.py:120} INFO - [2022-11-06T03:36:03.274+0200] {dagbag.py:537} INFO - Filling up the DagBag from /Users/mnagy99/opt/anaconda3/envs/airflow-env/lib/python3.8/site-packages/airflow/example_dags/example_sla_dag.py
[2022-11-06T03:36:03.318+0200] {processor.py:766} INFO - DAG(s) dict_keys(['example_sla_dag']) retrieved from /Users/mnagy99/opt/anaconda3/envs/airflow-env/lib/python3.8/site-packages/airflow/example_dags/example_sla_dag.py
[2022-11-06T03:36:03.733+0200] {logging_mixin.py:120} INFO - [2022-11-06T03:36:03.733+0200] {dag.py:2585} INFO - Sync 1 DAGs
[2022-11-06T03:36:03.749+0200] {logging_mixin.py:120} INFO - [2022-11-06T03:36:03.749+0200] {dag.py:3336} INFO - Setting next_dagrun for example_sla_dag to 2022-11-06T01:34:00+00:00, run_after=2022-11-06T01:36:00+00:00
[2022-11-06T03:36:03.767+0200] {processor.py:176} INFO - Processing /Users/mnagy99/opt/anaconda3/envs/airflow-env/lib/python3.8/site-packages/airflow/example_dags/example_sla_dag.py took 0.497 seconds
[2022-11-06T03:38:05.205+0200] {processor.py:154} INFO - Started process (PID=8064) to work on /Users/mnagy99/opt/anaconda3/envs/airflow-env/lib/python3.8/site-packages/airflow/example_dags/example_sla_dag.py
[2022-11-06T03:38:05.207+0200] {processor.py:756} INFO - Processing file /Users/mnagy99/opt/anaconda3/envs/airflow-env/lib/python3.8/site-packages/airflow/example_dags/example_sla_dag.py for tasks to queue
[2022-11-06T03:38:05.208+0200] {logging_mixin.py:120} INFO - [2022-11-06T03:38:05.208+0200] {dagbag.py:537} INFO - Filling up the DagBag from /Users/mnagy99/opt/anaconda3/envs/airflow-env/lib/python3.8/site-packages/airflow/example_dags/example_sla_dag.py
[2022-11-06T03:38:05.253+0200] {processor.py:766} INFO - DAG(s) dict_keys(['example_sla_dag']) retrieved from /Users/mnagy99/opt/anaconda3/envs/airflow-env/lib/python3.8/site-packages/airflow/example_dags/example_sla_dag.py
[2022-11-06T03:38:05.671+0200] {logging_mixin.py:120} INFO - [2022-11-06T03:38:05.671+0200] {dag.py:2585} INFO - Sync 1 DAGs
[2022-11-06T03:38:05.688+0200] {logging_mixin.py:120} INFO - [2022-11-06T03:38:05.688+0200] {dag.py:3336} INFO - Setting next_dagrun for example_sla_dag to 2022-11-06T01:36:00+00:00, run_after=2022-11-06T01:38:00+00:00
[2022-11-06T03:38:05.705+0200] {processor.py:176} INFO - Processing /Users/mnagy99/opt/anaconda3/envs/airflow-env/lib/python3.8/site-packages/airflow/example_dags/example_sla_dag.py took 0.501 seconds
[2022-11-06T03:40:04.194+0200] {processor.py:154} INFO - Started process (PID=8185) to work on /Users/mnagy99/opt/anaconda3/envs/airflow-env/lib/python3.8/site-packages/airflow/example_dags/example_sla_dag.py
[2022-11-06T03:40:04.195+0200] {processor.py:756} INFO - Processing file /Users/mnagy99/opt/anaconda3/envs/airflow-env/lib/python3.8/site-packages/airflow/example_dags/example_sla_dag.py for tasks to queue
[2022-11-06T03:40:04.196+0200] {logging_mixin.py:120} INFO - [2022-11-06T03:40:04.196+0200] {dagbag.py:537} INFO - Filling up the DagBag from /Users/mnagy99/opt/anaconda3/envs/airflow-env/lib/python3.8/site-packages/airflow/example_dags/example_sla_dag.py
[2022-11-06T03:40:04.262+0200] {processor.py:766} INFO - DAG(s) dict_keys(['example_sla_dag']) retrieved from /Users/mnagy99/opt/anaconda3/envs/airflow-env/lib/python3.8/site-packages/airflow/example_dags/example_sla_dag.py
[2022-11-06T03:40:04.703+0200] {logging_mixin.py:120} INFO - [2022-11-06T03:40:04.703+0200] {dag.py:2585} INFO - Sync 1 DAGs
[2022-11-06T03:40:04.719+0200] {logging_mixin.py:120} INFO - [2022-11-06T03:40:04.719+0200] {dag.py:3336} INFO - Setting next_dagrun for example_sla_dag to 2022-11-06T01:38:00+00:00, run_after=2022-11-06T01:40:00+00:00
[2022-11-06T03:40:04.736+0200] {processor.py:176} INFO - Processing /Users/mnagy99/opt/anaconda3/envs/airflow-env/lib/python3.8/site-packages/airflow/example_dags/example_sla_dag.py took 0.544 seconds
[2022-11-06T03:42:03.720+0200] {processor.py:154} INFO - Started process (PID=8307) to work on /Users/mnagy99/opt/anaconda3/envs/airflow-env/lib/python3.8/site-packages/airflow/example_dags/example_sla_dag.py
[2022-11-06T03:42:03.722+0200] {processor.py:756} INFO - Processing file /Users/mnagy99/opt/anaconda3/envs/airflow-env/lib/python3.8/site-packages/airflow/example_dags/example_sla_dag.py for tasks to queue
[2022-11-06T03:42:03.723+0200] {logging_mixin.py:120} INFO - [2022-11-06T03:42:03.723+0200] {dagbag.py:537} INFO - Filling up the DagBag from /Users/mnagy99/opt/anaconda3/envs/airflow-env/lib/python3.8/site-packages/airflow/example_dags/example_sla_dag.py
[2022-11-06T03:42:03.771+0200] {processor.py:766} INFO - DAG(s) dict_keys(['example_sla_dag']) retrieved from /Users/mnagy99/opt/anaconda3/envs/airflow-env/lib/python3.8/site-packages/airflow/example_dags/example_sla_dag.py
[2022-11-06T03:42:04.237+0200] {logging_mixin.py:120} INFO - [2022-11-06T03:42:04.237+0200] {dag.py:2585} INFO - Sync 1 DAGs
[2022-11-06T03:42:04.257+0200] {logging_mixin.py:120} INFO - [2022-11-06T03:42:04.257+0200] {dag.py:3336} INFO - Setting next_dagrun for example_sla_dag to 2022-11-06T01:40:00+00:00, run_after=2022-11-06T01:42:00+00:00
[2022-11-06T03:42:04.280+0200] {processor.py:176} INFO - Processing /Users/mnagy99/opt/anaconda3/envs/airflow-env/lib/python3.8/site-packages/airflow/example_dags/example_sla_dag.py took 0.561 seconds
[2022-11-06T03:44:02.003+0200] {processor.py:154} INFO - Started process (PID=8432) to work on /Users/mnagy99/opt/anaconda3/envs/airflow-env/lib/python3.8/site-packages/airflow/example_dags/example_sla_dag.py
[2022-11-06T03:44:02.004+0200] {processor.py:756} INFO - Processing file /Users/mnagy99/opt/anaconda3/envs/airflow-env/lib/python3.8/site-packages/airflow/example_dags/example_sla_dag.py for tasks to queue
[2022-11-06T03:44:02.005+0200] {logging_mixin.py:120} INFO - [2022-11-06T03:44:02.005+0200] {dagbag.py:537} INFO - Filling up the DagBag from /Users/mnagy99/opt/anaconda3/envs/airflow-env/lib/python3.8/site-packages/airflow/example_dags/example_sla_dag.py
[2022-11-06T03:44:02.068+0200] {processor.py:766} INFO - DAG(s) dict_keys(['example_sla_dag']) retrieved from /Users/mnagy99/opt/anaconda3/envs/airflow-env/lib/python3.8/site-packages/airflow/example_dags/example_sla_dag.py
[2022-11-06T03:44:02.614+0200] {logging_mixin.py:120} INFO - [2022-11-06T03:44:02.614+0200] {dag.py:2585} INFO - Sync 1 DAGs
[2022-11-06T03:44:02.631+0200] {logging_mixin.py:120} INFO - [2022-11-06T03:44:02.631+0200] {dag.py:3336} INFO - Setting next_dagrun for example_sla_dag to 2022-11-06T01:42:00+00:00, run_after=2022-11-06T01:44:00+00:00
[2022-11-06T03:44:02.646+0200] {processor.py:176} INFO - Processing /Users/mnagy99/opt/anaconda3/envs/airflow-env/lib/python3.8/site-packages/airflow/example_dags/example_sla_dag.py took 0.644 seconds
[2022-11-06T03:46:05.394+0200] {processor.py:154} INFO - Started process (PID=8573) to work on /Users/mnagy99/opt/anaconda3/envs/airflow-env/lib/python3.8/site-packages/airflow/example_dags/example_sla_dag.py
[2022-11-06T03:46:05.396+0200] {processor.py:756} INFO - Processing file /Users/mnagy99/opt/anaconda3/envs/airflow-env/lib/python3.8/site-packages/airflow/example_dags/example_sla_dag.py for tasks to queue
[2022-11-06T03:46:05.397+0200] {logging_mixin.py:120} INFO - [2022-11-06T03:46:05.397+0200] {dagbag.py:537} INFO - Filling up the DagBag from /Users/mnagy99/opt/anaconda3/envs/airflow-env/lib/python3.8/site-packages/airflow/example_dags/example_sla_dag.py
[2022-11-06T03:46:05.445+0200] {processor.py:766} INFO - DAG(s) dict_keys(['example_sla_dag']) retrieved from /Users/mnagy99/opt/anaconda3/envs/airflow-env/lib/python3.8/site-packages/airflow/example_dags/example_sla_dag.py
[2022-11-06T03:46:05.910+0200] {logging_mixin.py:120} INFO - [2022-11-06T03:46:05.910+0200] {dag.py:2585} INFO - Sync 1 DAGs
[2022-11-06T03:46:05.927+0200] {logging_mixin.py:120} INFO - [2022-11-06T03:46:05.927+0200] {dag.py:3336} INFO - Setting next_dagrun for example_sla_dag to 2022-11-06T01:44:00+00:00, run_after=2022-11-06T01:46:00+00:00
[2022-11-06T03:46:05.951+0200] {processor.py:176} INFO - Processing /Users/mnagy99/opt/anaconda3/envs/airflow-env/lib/python3.8/site-packages/airflow/example_dags/example_sla_dag.py took 0.558 seconds
[2022-11-06T03:48:09.549+0200] {processor.py:154} INFO - Started process (PID=8695) to work on /Users/mnagy99/opt/anaconda3/envs/airflow-env/lib/python3.8/site-packages/airflow/example_dags/example_sla_dag.py
[2022-11-06T03:48:09.551+0200] {processor.py:756} INFO - Processing file /Users/mnagy99/opt/anaconda3/envs/airflow-env/lib/python3.8/site-packages/airflow/example_dags/example_sla_dag.py for tasks to queue
[2022-11-06T03:48:09.551+0200] {logging_mixin.py:120} INFO - [2022-11-06T03:48:09.551+0200] {dagbag.py:537} INFO - Filling up the DagBag from /Users/mnagy99/opt/anaconda3/envs/airflow-env/lib/python3.8/site-packages/airflow/example_dags/example_sla_dag.py
[2022-11-06T03:48:09.599+0200] {processor.py:766} INFO - DAG(s) dict_keys(['example_sla_dag']) retrieved from /Users/mnagy99/opt/anaconda3/envs/airflow-env/lib/python3.8/site-packages/airflow/example_dags/example_sla_dag.py
[2022-11-06T03:48:10.102+0200] {logging_mixin.py:120} INFO - [2022-11-06T03:48:10.102+0200] {dag.py:2585} INFO - Sync 1 DAGs
[2022-11-06T03:48:10.119+0200] {logging_mixin.py:120} INFO - [2022-11-06T03:48:10.119+0200] {dag.py:3336} INFO - Setting next_dagrun for example_sla_dag to 2022-11-06T01:46:00+00:00, run_after=2022-11-06T01:48:00+00:00
[2022-11-06T03:48:10.135+0200] {processor.py:176} INFO - Processing /Users/mnagy99/opt/anaconda3/envs/airflow-env/lib/python3.8/site-packages/airflow/example_dags/example_sla_dag.py took 0.587 seconds
[2022-11-06T03:50:15.009+0200] {processor.py:154} INFO - Started process (PID=8818) to work on /Users/mnagy99/opt/anaconda3/envs/airflow-env/lib/python3.8/site-packages/airflow/example_dags/example_sla_dag.py
[2022-11-06T03:50:15.011+0200] {processor.py:756} INFO - Processing file /Users/mnagy99/opt/anaconda3/envs/airflow-env/lib/python3.8/site-packages/airflow/example_dags/example_sla_dag.py for tasks to queue
[2022-11-06T03:50:15.012+0200] {logging_mixin.py:120} INFO - [2022-11-06T03:50:15.012+0200] {dagbag.py:537} INFO - Filling up the DagBag from /Users/mnagy99/opt/anaconda3/envs/airflow-env/lib/python3.8/site-packages/airflow/example_dags/example_sla_dag.py
[2022-11-06T03:50:15.056+0200] {processor.py:766} INFO - DAG(s) dict_keys(['example_sla_dag']) retrieved from /Users/mnagy99/opt/anaconda3/envs/airflow-env/lib/python3.8/site-packages/airflow/example_dags/example_sla_dag.py
[2022-11-06T03:50:15.494+0200] {logging_mixin.py:120} INFO - [2022-11-06T03:50:15.494+0200] {dag.py:2585} INFO - Sync 1 DAGs
[2022-11-06T03:50:15.510+0200] {logging_mixin.py:120} INFO - [2022-11-06T03:50:15.510+0200] {dag.py:3336} INFO - Setting next_dagrun for example_sla_dag to 2022-11-06T01:48:00+00:00, run_after=2022-11-06T01:50:00+00:00
[2022-11-06T03:50:15.526+0200] {processor.py:176} INFO - Processing /Users/mnagy99/opt/anaconda3/envs/airflow-env/lib/python3.8/site-packages/airflow/example_dags/example_sla_dag.py took 0.518 seconds
[2022-11-06T03:52:19.851+0200] {processor.py:154} INFO - Started process (PID=8949) to work on /Users/mnagy99/opt/anaconda3/envs/airflow-env/lib/python3.8/site-packages/airflow/example_dags/example_sla_dag.py
[2022-11-06T03:52:19.853+0200] {processor.py:756} INFO - Processing file /Users/mnagy99/opt/anaconda3/envs/airflow-env/lib/python3.8/site-packages/airflow/example_dags/example_sla_dag.py for tasks to queue
[2022-11-06T03:52:19.854+0200] {logging_mixin.py:120} INFO - [2022-11-06T03:52:19.854+0200] {dagbag.py:537} INFO - Filling up the DagBag from /Users/mnagy99/opt/anaconda3/envs/airflow-env/lib/python3.8/site-packages/airflow/example_dags/example_sla_dag.py
[2022-11-06T03:52:19.897+0200] {processor.py:766} INFO - DAG(s) dict_keys(['example_sla_dag']) retrieved from /Users/mnagy99/opt/anaconda3/envs/airflow-env/lib/python3.8/site-packages/airflow/example_dags/example_sla_dag.py
[2022-11-06T03:52:20.372+0200] {logging_mixin.py:120} INFO - [2022-11-06T03:52:20.372+0200] {dag.py:2585} INFO - Sync 1 DAGs
[2022-11-06T03:52:20.402+0200] {logging_mixin.py:120} INFO - [2022-11-06T03:52:20.402+0200] {dag.py:3336} INFO - Setting next_dagrun for example_sla_dag to 2022-11-06T01:50:00+00:00, run_after=2022-11-06T01:52:00+00:00
[2022-11-06T03:52:20.425+0200] {processor.py:176} INFO - Processing /Users/mnagy99/opt/anaconda3/envs/airflow-env/lib/python3.8/site-packages/airflow/example_dags/example_sla_dag.py took 0.575 seconds
[2022-11-06T03:54:33.558+0200] {processor.py:154} INFO - Started process (PID=9081) to work on /Users/mnagy99/opt/anaconda3/envs/airflow-env/lib/python3.8/site-packages/airflow/example_dags/example_sla_dag.py
[2022-11-06T03:54:33.561+0200] {processor.py:756} INFO - Processing file /Users/mnagy99/opt/anaconda3/envs/airflow-env/lib/python3.8/site-packages/airflow/example_dags/example_sla_dag.py for tasks to queue
[2022-11-06T03:54:33.562+0200] {logging_mixin.py:120} INFO - [2022-11-06T03:54:33.562+0200] {dagbag.py:537} INFO - Filling up the DagBag from /Users/mnagy99/opt/anaconda3/envs/airflow-env/lib/python3.8/site-packages/airflow/example_dags/example_sla_dag.py
[2022-11-06T03:54:33.609+0200] {processor.py:766} INFO - DAG(s) dict_keys(['example_sla_dag']) retrieved from /Users/mnagy99/opt/anaconda3/envs/airflow-env/lib/python3.8/site-packages/airflow/example_dags/example_sla_dag.py
[2022-11-06T03:54:34.056+0200] {logging_mixin.py:120} INFO - [2022-11-06T03:54:34.055+0200] {dag.py:2585} INFO - Sync 1 DAGs
[2022-11-06T03:54:34.072+0200] {logging_mixin.py:120} INFO - [2022-11-06T03:54:34.072+0200] {dag.py:3336} INFO - Setting next_dagrun for example_sla_dag to 2022-11-06T01:52:00+00:00, run_after=2022-11-06T01:54:00+00:00
[2022-11-06T03:54:34.090+0200] {processor.py:176} INFO - Processing /Users/mnagy99/opt/anaconda3/envs/airflow-env/lib/python3.8/site-packages/airflow/example_dags/example_sla_dag.py took 0.533 seconds
[2022-11-06T03:56:56.175+0200] {processor.py:154} INFO - Started process (PID=9225) to work on /Users/mnagy99/opt/anaconda3/envs/airflow-env/lib/python3.8/site-packages/airflow/example_dags/example_sla_dag.py
[2022-11-06T03:56:56.176+0200] {processor.py:756} INFO - Processing file /Users/mnagy99/opt/anaconda3/envs/airflow-env/lib/python3.8/site-packages/airflow/example_dags/example_sla_dag.py for tasks to queue
[2022-11-06T03:56:56.177+0200] {logging_mixin.py:120} INFO - [2022-11-06T03:56:56.176+0200] {dagbag.py:537} INFO - Filling up the DagBag from /Users/mnagy99/opt/anaconda3/envs/airflow-env/lib/python3.8/site-packages/airflow/example_dags/example_sla_dag.py
[2022-11-06T03:56:56.218+0200] {processor.py:766} INFO - DAG(s) dict_keys(['example_sla_dag']) retrieved from /Users/mnagy99/opt/anaconda3/envs/airflow-env/lib/python3.8/site-packages/airflow/example_dags/example_sla_dag.py
[2022-11-06T03:56:56.682+0200] {logging_mixin.py:120} INFO - [2022-11-06T03:56:56.682+0200] {dag.py:2585} INFO - Sync 1 DAGs
[2022-11-06T03:56:56.700+0200] {logging_mixin.py:120} INFO - [2022-11-06T03:56:56.700+0200] {dag.py:3336} INFO - Setting next_dagrun for example_sla_dag to 2022-11-06T01:54:00+00:00, run_after=2022-11-06T01:56:00+00:00
[2022-11-06T03:56:56.718+0200] {processor.py:176} INFO - Processing /Users/mnagy99/opt/anaconda3/envs/airflow-env/lib/python3.8/site-packages/airflow/example_dags/example_sla_dag.py took 0.544 seconds
[2022-11-06T03:59:07.332+0200] {processor.py:154} INFO - Started process (PID=9350) to work on /Users/mnagy99/opt/anaconda3/envs/airflow-env/lib/python3.8/site-packages/airflow/example_dags/example_sla_dag.py
[2022-11-06T03:59:07.333+0200] {processor.py:756} INFO - Processing file /Users/mnagy99/opt/anaconda3/envs/airflow-env/lib/python3.8/site-packages/airflow/example_dags/example_sla_dag.py for tasks to queue
[2022-11-06T03:59:07.335+0200] {logging_mixin.py:120} INFO - [2022-11-06T03:59:07.334+0200] {dagbag.py:537} INFO - Filling up the DagBag from /Users/mnagy99/opt/anaconda3/envs/airflow-env/lib/python3.8/site-packages/airflow/example_dags/example_sla_dag.py
[2022-11-06T03:59:07.384+0200] {processor.py:766} INFO - DAG(s) dict_keys(['example_sla_dag']) retrieved from /Users/mnagy99/opt/anaconda3/envs/airflow-env/lib/python3.8/site-packages/airflow/example_dags/example_sla_dag.py
[2022-11-06T03:59:07.887+0200] {logging_mixin.py:120} INFO - [2022-11-06T03:59:07.887+0200] {dag.py:2585} INFO - Sync 1 DAGs
[2022-11-06T03:59:07.903+0200] {logging_mixin.py:120} INFO - [2022-11-06T03:59:07.903+0200] {dag.py:3336} INFO - Setting next_dagrun for example_sla_dag to 2022-11-06T01:56:00+00:00, run_after=2022-11-06T01:58:00+00:00
[2022-11-06T03:59:07.921+0200] {processor.py:176} INFO - Processing /Users/mnagy99/opt/anaconda3/envs/airflow-env/lib/python3.8/site-packages/airflow/example_dags/example_sla_dag.py took 0.590 seconds
[2022-11-06T04:01:36.512+0200] {processor.py:154} INFO - Started process (PID=9511) to work on /Users/mnagy99/opt/anaconda3/envs/airflow-env/lib/python3.8/site-packages/airflow/example_dags/example_sla_dag.py
[2022-11-06T04:01:36.515+0200] {processor.py:756} INFO - Processing file /Users/mnagy99/opt/anaconda3/envs/airflow-env/lib/python3.8/site-packages/airflow/example_dags/example_sla_dag.py for tasks to queue
[2022-11-06T04:01:36.515+0200] {logging_mixin.py:120} INFO - [2022-11-06T04:01:36.515+0200] {dagbag.py:537} INFO - Filling up the DagBag from /Users/mnagy99/opt/anaconda3/envs/airflow-env/lib/python3.8/site-packages/airflow/example_dags/example_sla_dag.py
[2022-11-06T04:01:36.558+0200] {processor.py:766} INFO - DAG(s) dict_keys(['example_sla_dag']) retrieved from /Users/mnagy99/opt/anaconda3/envs/airflow-env/lib/python3.8/site-packages/airflow/example_dags/example_sla_dag.py
[2022-11-06T04:01:37.049+0200] {logging_mixin.py:120} INFO - [2022-11-06T04:01:37.049+0200] {dag.py:2585} INFO - Sync 1 DAGs
[2022-11-06T04:01:37.068+0200] {logging_mixin.py:120} INFO - [2022-11-06T04:01:37.068+0200] {dag.py:3336} INFO - Setting next_dagrun for example_sla_dag to 2022-11-06T01:58:00+00:00, run_after=2022-11-06T02:00:00+00:00
[2022-11-06T04:01:37.088+0200] {processor.py:176} INFO - Processing /Users/mnagy99/opt/anaconda3/envs/airflow-env/lib/python3.8/site-packages/airflow/example_dags/example_sla_dag.py took 0.577 seconds
[2022-11-06T04:03:54.229+0200] {processor.py:154} INFO - Started process (PID=9650) to work on /Users/mnagy99/opt/anaconda3/envs/airflow-env/lib/python3.8/site-packages/airflow/example_dags/example_sla_dag.py
[2022-11-06T04:03:54.231+0200] {processor.py:756} INFO - Processing file /Users/mnagy99/opt/anaconda3/envs/airflow-env/lib/python3.8/site-packages/airflow/example_dags/example_sla_dag.py for tasks to queue
[2022-11-06T04:03:54.232+0200] {logging_mixin.py:120} INFO - [2022-11-06T04:03:54.232+0200] {dagbag.py:537} INFO - Filling up the DagBag from /Users/mnagy99/opt/anaconda3/envs/airflow-env/lib/python3.8/site-packages/airflow/example_dags/example_sla_dag.py
[2022-11-06T04:03:54.276+0200] {processor.py:766} INFO - DAG(s) dict_keys(['example_sla_dag']) retrieved from /Users/mnagy99/opt/anaconda3/envs/airflow-env/lib/python3.8/site-packages/airflow/example_dags/example_sla_dag.py
[2022-11-06T04:03:54.739+0200] {logging_mixin.py:120} INFO - [2022-11-06T04:03:54.739+0200] {dag.py:2585} INFO - Sync 1 DAGs
[2022-11-06T04:03:54.755+0200] {logging_mixin.py:120} INFO - [2022-11-06T04:03:54.755+0200] {dag.py:3336} INFO - Setting next_dagrun for example_sla_dag to 2022-11-06T02:00:00+00:00, run_after=2022-11-06T02:02:00+00:00
[2022-11-06T04:03:54.772+0200] {processor.py:176} INFO - Processing /Users/mnagy99/opt/anaconda3/envs/airflow-env/lib/python3.8/site-packages/airflow/example_dags/example_sla_dag.py took 0.544 seconds
[2022-11-06T04:06:29.007+0200] {processor.py:154} INFO - Started process (PID=9817) to work on /Users/mnagy99/opt/anaconda3/envs/airflow-env/lib/python3.8/site-packages/airflow/example_dags/example_sla_dag.py
[2022-11-06T04:06:29.009+0200] {processor.py:756} INFO - Processing file /Users/mnagy99/opt/anaconda3/envs/airflow-env/lib/python3.8/site-packages/airflow/example_dags/example_sla_dag.py for tasks to queue
[2022-11-06T04:06:29.009+0200] {logging_mixin.py:120} INFO - [2022-11-06T04:06:29.009+0200] {dagbag.py:537} INFO - Filling up the DagBag from /Users/mnagy99/opt/anaconda3/envs/airflow-env/lib/python3.8/site-packages/airflow/example_dags/example_sla_dag.py
[2022-11-06T04:06:29.062+0200] {processor.py:766} INFO - DAG(s) dict_keys(['example_sla_dag']) retrieved from /Users/mnagy99/opt/anaconda3/envs/airflow-env/lib/python3.8/site-packages/airflow/example_dags/example_sla_dag.py
[2022-11-06T04:06:29.516+0200] {logging_mixin.py:120} INFO - [2022-11-06T04:06:29.515+0200] {dag.py:2585} INFO - Sync 1 DAGs
[2022-11-06T04:06:29.533+0200] {logging_mixin.py:120} INFO - [2022-11-06T04:06:29.533+0200] {dag.py:3336} INFO - Setting next_dagrun for example_sla_dag to 2022-11-06T02:04:00+00:00, run_after=2022-11-06T02:06:00+00:00
[2022-11-06T04:06:29.552+0200] {processor.py:176} INFO - Processing /Users/mnagy99/opt/anaconda3/envs/airflow-env/lib/python3.8/site-packages/airflow/example_dags/example_sla_dag.py took 0.546 seconds
[2022-11-06T04:08:35.846+0200] {processor.py:154} INFO - Started process (PID=9947) to work on /Users/mnagy99/opt/anaconda3/envs/airflow-env/lib/python3.8/site-packages/airflow/example_dags/example_sla_dag.py
[2022-11-06T04:08:35.849+0200] {processor.py:756} INFO - Processing file /Users/mnagy99/opt/anaconda3/envs/airflow-env/lib/python3.8/site-packages/airflow/example_dags/example_sla_dag.py for tasks to queue
[2022-11-06T04:08:35.849+0200] {logging_mixin.py:120} INFO - [2022-11-06T04:08:35.849+0200] {dagbag.py:537} INFO - Filling up the DagBag from /Users/mnagy99/opt/anaconda3/envs/airflow-env/lib/python3.8/site-packages/airflow/example_dags/example_sla_dag.py
[2022-11-06T04:08:35.897+0200] {processor.py:766} INFO - DAG(s) dict_keys(['example_sla_dag']) retrieved from /Users/mnagy99/opt/anaconda3/envs/airflow-env/lib/python3.8/site-packages/airflow/example_dags/example_sla_dag.py
[2022-11-06T04:08:36.347+0200] {logging_mixin.py:120} INFO - [2022-11-06T04:08:36.347+0200] {dag.py:2585} INFO - Sync 1 DAGs
[2022-11-06T04:08:36.362+0200] {logging_mixin.py:120} INFO - [2022-11-06T04:08:36.362+0200] {dag.py:3336} INFO - Setting next_dagrun for example_sla_dag to 2022-11-06T02:06:00+00:00, run_after=2022-11-06T02:08:00+00:00
[2022-11-06T04:08:36.393+0200] {processor.py:176} INFO - Processing /Users/mnagy99/opt/anaconda3/envs/airflow-env/lib/python3.8/site-packages/airflow/example_dags/example_sla_dag.py took 0.547 seconds
[2022-11-06T04:10:40.513+0200] {processor.py:154} INFO - Started process (PID=10081) to work on /Users/mnagy99/opt/anaconda3/envs/airflow-env/lib/python3.8/site-packages/airflow/example_dags/example_sla_dag.py
[2022-11-06T04:10:40.515+0200] {processor.py:756} INFO - Processing file /Users/mnagy99/opt/anaconda3/envs/airflow-env/lib/python3.8/site-packages/airflow/example_dags/example_sla_dag.py for tasks to queue
[2022-11-06T04:10:40.516+0200] {logging_mixin.py:120} INFO - [2022-11-06T04:10:40.516+0200] {dagbag.py:537} INFO - Filling up the DagBag from /Users/mnagy99/opt/anaconda3/envs/airflow-env/lib/python3.8/site-packages/airflow/example_dags/example_sla_dag.py
[2022-11-06T04:10:40.559+0200] {processor.py:766} INFO - DAG(s) dict_keys(['example_sla_dag']) retrieved from /Users/mnagy99/opt/anaconda3/envs/airflow-env/lib/python3.8/site-packages/airflow/example_dags/example_sla_dag.py
[2022-11-06T04:10:41.023+0200] {logging_mixin.py:120} INFO - [2022-11-06T04:10:41.023+0200] {dag.py:2585} INFO - Sync 1 DAGs
[2022-11-06T04:10:41.040+0200] {logging_mixin.py:120} INFO - [2022-11-06T04:10:41.040+0200] {dag.py:3336} INFO - Setting next_dagrun for example_sla_dag to 2022-11-06T02:08:00+00:00, run_after=2022-11-06T02:10:00+00:00
[2022-11-06T04:10:41.055+0200] {processor.py:176} INFO - Processing /Users/mnagy99/opt/anaconda3/envs/airflow-env/lib/python3.8/site-packages/airflow/example_dags/example_sla_dag.py took 0.543 seconds
[2022-11-06T04:13:03.823+0200] {processor.py:154} INFO - Started process (PID=10230) to work on /Users/mnagy99/opt/anaconda3/envs/airflow-env/lib/python3.8/site-packages/airflow/example_dags/example_sla_dag.py
[2022-11-06T04:13:03.825+0200] {processor.py:756} INFO - Processing file /Users/mnagy99/opt/anaconda3/envs/airflow-env/lib/python3.8/site-packages/airflow/example_dags/example_sla_dag.py for tasks to queue
[2022-11-06T04:13:03.826+0200] {logging_mixin.py:120} INFO - [2022-11-06T04:13:03.826+0200] {dagbag.py:537} INFO - Filling up the DagBag from /Users/mnagy99/opt/anaconda3/envs/airflow-env/lib/python3.8/site-packages/airflow/example_dags/example_sla_dag.py
[2022-11-06T04:13:03.870+0200] {processor.py:766} INFO - DAG(s) dict_keys(['example_sla_dag']) retrieved from /Users/mnagy99/opt/anaconda3/envs/airflow-env/lib/python3.8/site-packages/airflow/example_dags/example_sla_dag.py
[2022-11-06T04:13:04.323+0200] {logging_mixin.py:120} INFO - [2022-11-06T04:13:04.323+0200] {dag.py:2585} INFO - Sync 1 DAGs
[2022-11-06T04:13:04.340+0200] {logging_mixin.py:120} INFO - [2022-11-06T04:13:04.340+0200] {dag.py:3336} INFO - Setting next_dagrun for example_sla_dag to 2022-11-06T02:10:00+00:00, run_after=2022-11-06T02:12:00+00:00
[2022-11-06T04:13:04.360+0200] {processor.py:176} INFO - Processing /Users/mnagy99/opt/anaconda3/envs/airflow-env/lib/python3.8/site-packages/airflow/example_dags/example_sla_dag.py took 0.538 seconds
[2022-11-06T04:15:04.014+0200] {processor.py:154} INFO - Started process (PID=10360) to work on /Users/mnagy99/opt/anaconda3/envs/airflow-env/lib/python3.8/site-packages/airflow/example_dags/example_sla_dag.py
[2022-11-06T04:15:04.017+0200] {processor.py:756} INFO - Processing file /Users/mnagy99/opt/anaconda3/envs/airflow-env/lib/python3.8/site-packages/airflow/example_dags/example_sla_dag.py for tasks to queue
[2022-11-06T04:15:04.018+0200] {logging_mixin.py:120} INFO - [2022-11-06T04:15:04.018+0200] {dagbag.py:537} INFO - Filling up the DagBag from /Users/mnagy99/opt/anaconda3/envs/airflow-env/lib/python3.8/site-packages/airflow/example_dags/example_sla_dag.py
[2022-11-06T04:15:04.063+0200] {processor.py:766} INFO - DAG(s) dict_keys(['example_sla_dag']) retrieved from /Users/mnagy99/opt/anaconda3/envs/airflow-env/lib/python3.8/site-packages/airflow/example_dags/example_sla_dag.py
[2022-11-06T04:15:04.485+0200] {logging_mixin.py:120} INFO - [2022-11-06T04:15:04.485+0200] {dag.py:2585} INFO - Sync 1 DAGs
[2022-11-06T04:15:04.501+0200] {logging_mixin.py:120} INFO - [2022-11-06T04:15:04.501+0200] {dag.py:3336} INFO - Setting next_dagrun for example_sla_dag to 2022-11-06T02:12:00+00:00, run_after=2022-11-06T02:14:00+00:00
[2022-11-06T04:15:04.516+0200] {processor.py:176} INFO - Processing /Users/mnagy99/opt/anaconda3/envs/airflow-env/lib/python3.8/site-packages/airflow/example_dags/example_sla_dag.py took 0.503 seconds
[2022-11-06T04:17:23.390+0200] {processor.py:154} INFO - Started process (PID=10496) to work on /Users/mnagy99/opt/anaconda3/envs/airflow-env/lib/python3.8/site-packages/airflow/example_dags/example_sla_dag.py
[2022-11-06T04:17:23.391+0200] {processor.py:756} INFO - Processing file /Users/mnagy99/opt/anaconda3/envs/airflow-env/lib/python3.8/site-packages/airflow/example_dags/example_sla_dag.py for tasks to queue
[2022-11-06T04:17:23.392+0200] {logging_mixin.py:120} INFO - [2022-11-06T04:17:23.392+0200] {dagbag.py:537} INFO - Filling up the DagBag from /Users/mnagy99/opt/anaconda3/envs/airflow-env/lib/python3.8/site-packages/airflow/example_dags/example_sla_dag.py
[2022-11-06T04:17:23.437+0200] {processor.py:766} INFO - DAG(s) dict_keys(['example_sla_dag']) retrieved from /Users/mnagy99/opt/anaconda3/envs/airflow-env/lib/python3.8/site-packages/airflow/example_dags/example_sla_dag.py
[2022-11-06T04:17:23.908+0200] {logging_mixin.py:120} INFO - [2022-11-06T04:17:23.908+0200] {dag.py:2585} INFO - Sync 1 DAGs
[2022-11-06T04:17:23.925+0200] {logging_mixin.py:120} INFO - [2022-11-06T04:17:23.924+0200] {dag.py:3336} INFO - Setting next_dagrun for example_sla_dag to 2022-11-06T02:14:00+00:00, run_after=2022-11-06T02:16:00+00:00
[2022-11-06T04:17:23.941+0200] {processor.py:176} INFO - Processing /Users/mnagy99/opt/anaconda3/envs/airflow-env/lib/python3.8/site-packages/airflow/example_dags/example_sla_dag.py took 0.552 seconds
