[2022-11-06T02:00:02.468+0200] {processor.py:154} INFO - Started process (PID=1460) to work on /Users/mnagy99/opt/anaconda3/envs/airflow-env/lib/python3.8/site-packages/airflow/example_dags/example_local_kubernetes_executor.py
[2022-11-06T02:00:02.469+0200] {processor.py:756} INFO - Processing file /Users/mnagy99/opt/anaconda3/envs/airflow-env/lib/python3.8/site-packages/airflow/example_dags/example_local_kubernetes_executor.py for tasks to queue
[2022-11-06T02:00:02.470+0200] {logging_mixin.py:120} INFO - [2022-11-06T02:00:02.470+0200] {dagbag.py:537} INFO - Filling up the DagBag from /Users/mnagy99/opt/anaconda3/envs/airflow-env/lib/python3.8/site-packages/airflow/example_dags/example_local_kubernetes_executor.py
[2022-11-06T02:00:02.880+0200] {processor.py:766} INFO - DAG(s) dict_keys(['example_local_kubernetes_executor']) retrieved from /Users/mnagy99/opt/anaconda3/envs/airflow-env/lib/python3.8/site-packages/airflow/example_dags/example_local_kubernetes_executor.py
[2022-11-06T02:00:03.054+0200] {logging_mixin.py:120} INFO - [2022-11-06T02:00:03.054+0200] {dag.py:2585} INFO - Sync 1 DAGs
[2022-11-06T02:00:03.072+0200] {logging_mixin.py:120} INFO - [2022-11-06T02:00:03.072+0200] {dag.py:3336} INFO - Setting next_dagrun for example_local_kubernetes_executor to None, run_after=None
[2022-11-06T02:00:03.092+0200] {processor.py:176} INFO - Processing /Users/mnagy99/opt/anaconda3/envs/airflow-env/lib/python3.8/site-packages/airflow/example_dags/example_local_kubernetes_executor.py took 0.625 seconds
[2022-11-06T02:02:21.766+0200] {processor.py:154} INFO - Started process (PID=1998) to work on /Users/mnagy99/opt/anaconda3/envs/airflow-env/lib/python3.8/site-packages/airflow/example_dags/example_local_kubernetes_executor.py
[2022-11-06T02:02:21.767+0200] {processor.py:756} INFO - Processing file /Users/mnagy99/opt/anaconda3/envs/airflow-env/lib/python3.8/site-packages/airflow/example_dags/example_local_kubernetes_executor.py for tasks to queue
[2022-11-06T02:02:21.768+0200] {logging_mixin.py:120} INFO - [2022-11-06T02:02:21.767+0200] {dagbag.py:537} INFO - Filling up the DagBag from /Users/mnagy99/opt/anaconda3/envs/airflow-env/lib/python3.8/site-packages/airflow/example_dags/example_local_kubernetes_executor.py
[2022-11-06T02:02:22.148+0200] {processor.py:766} INFO - DAG(s) dict_keys(['example_local_kubernetes_executor']) retrieved from /Users/mnagy99/opt/anaconda3/envs/airflow-env/lib/python3.8/site-packages/airflow/example_dags/example_local_kubernetes_executor.py
[2022-11-06T02:02:22.311+0200] {logging_mixin.py:120} INFO - [2022-11-06T02:02:22.310+0200] {dag.py:2585} INFO - Sync 1 DAGs
[2022-11-06T02:02:22.328+0200] {logging_mixin.py:120} INFO - [2022-11-06T02:02:22.328+0200] {dag.py:3336} INFO - Setting next_dagrun for example_local_kubernetes_executor to None, run_after=None
[2022-11-06T02:02:22.347+0200] {processor.py:176} INFO - Processing /Users/mnagy99/opt/anaconda3/envs/airflow-env/lib/python3.8/site-packages/airflow/example_dags/example_local_kubernetes_executor.py took 0.582 seconds
[2022-11-06T02:04:40.162+0200] {processor.py:154} INFO - Started process (PID=2183) to work on /Users/mnagy99/opt/anaconda3/envs/airflow-env/lib/python3.8/site-packages/airflow/example_dags/example_local_kubernetes_executor.py
[2022-11-06T02:04:40.164+0200] {processor.py:756} INFO - Processing file /Users/mnagy99/opt/anaconda3/envs/airflow-env/lib/python3.8/site-packages/airflow/example_dags/example_local_kubernetes_executor.py for tasks to queue
[2022-11-06T02:04:40.165+0200] {logging_mixin.py:120} INFO - [2022-11-06T02:04:40.164+0200] {dagbag.py:537} INFO - Filling up the DagBag from /Users/mnagy99/opt/anaconda3/envs/airflow-env/lib/python3.8/site-packages/airflow/example_dags/example_local_kubernetes_executor.py
[2022-11-06T02:04:40.553+0200] {processor.py:766} INFO - DAG(s) dict_keys(['example_local_kubernetes_executor']) retrieved from /Users/mnagy99/opt/anaconda3/envs/airflow-env/lib/python3.8/site-packages/airflow/example_dags/example_local_kubernetes_executor.py
[2022-11-06T02:04:40.733+0200] {logging_mixin.py:120} INFO - [2022-11-06T02:04:40.733+0200] {dag.py:2585} INFO - Sync 1 DAGs
[2022-11-06T02:04:40.749+0200] {logging_mixin.py:120} INFO - [2022-11-06T02:04:40.749+0200] {dag.py:3336} INFO - Setting next_dagrun for example_local_kubernetes_executor to None, run_after=None
[2022-11-06T02:04:40.766+0200] {processor.py:176} INFO - Processing /Users/mnagy99/opt/anaconda3/envs/airflow-env/lib/python3.8/site-packages/airflow/example_dags/example_local_kubernetes_executor.py took 0.604 seconds
[2022-11-06T02:07:00.829+0200] {processor.py:154} INFO - Started process (PID=2315) to work on /Users/mnagy99/opt/anaconda3/envs/airflow-env/lib/python3.8/site-packages/airflow/example_dags/example_local_kubernetes_executor.py
[2022-11-06T02:07:00.832+0200] {processor.py:756} INFO - Processing file /Users/mnagy99/opt/anaconda3/envs/airflow-env/lib/python3.8/site-packages/airflow/example_dags/example_local_kubernetes_executor.py for tasks to queue
[2022-11-06T02:07:00.833+0200] {logging_mixin.py:120} INFO - [2022-11-06T02:07:00.832+0200] {dagbag.py:537} INFO - Filling up the DagBag from /Users/mnagy99/opt/anaconda3/envs/airflow-env/lib/python3.8/site-packages/airflow/example_dags/example_local_kubernetes_executor.py
[2022-11-06T02:07:01.214+0200] {processor.py:766} INFO - DAG(s) dict_keys(['example_local_kubernetes_executor']) retrieved from /Users/mnagy99/opt/anaconda3/envs/airflow-env/lib/python3.8/site-packages/airflow/example_dags/example_local_kubernetes_executor.py
[2022-11-06T02:07:01.374+0200] {logging_mixin.py:120} INFO - [2022-11-06T02:07:01.373+0200] {dag.py:2585} INFO - Sync 1 DAGs
[2022-11-06T02:07:01.393+0200] {logging_mixin.py:120} INFO - [2022-11-06T02:07:01.393+0200] {dag.py:3336} INFO - Setting next_dagrun for example_local_kubernetes_executor to None, run_after=None
[2022-11-06T02:07:01.411+0200] {processor.py:176} INFO - Processing /Users/mnagy99/opt/anaconda3/envs/airflow-env/lib/python3.8/site-packages/airflow/example_dags/example_local_kubernetes_executor.py took 0.583 seconds
[2022-11-06T02:09:20.966+0200] {processor.py:154} INFO - Started process (PID=2442) to work on /Users/mnagy99/opt/anaconda3/envs/airflow-env/lib/python3.8/site-packages/airflow/example_dags/example_local_kubernetes_executor.py
[2022-11-06T02:09:20.968+0200] {processor.py:756} INFO - Processing file /Users/mnagy99/opt/anaconda3/envs/airflow-env/lib/python3.8/site-packages/airflow/example_dags/example_local_kubernetes_executor.py for tasks to queue
[2022-11-06T02:09:20.969+0200] {logging_mixin.py:120} INFO - [2022-11-06T02:09:20.969+0200] {dagbag.py:537} INFO - Filling up the DagBag from /Users/mnagy99/opt/anaconda3/envs/airflow-env/lib/python3.8/site-packages/airflow/example_dags/example_local_kubernetes_executor.py
[2022-11-06T02:09:21.343+0200] {processor.py:766} INFO - DAG(s) dict_keys(['example_local_kubernetes_executor']) retrieved from /Users/mnagy99/opt/anaconda3/envs/airflow-env/lib/python3.8/site-packages/airflow/example_dags/example_local_kubernetes_executor.py
[2022-11-06T02:09:21.496+0200] {logging_mixin.py:120} INFO - [2022-11-06T02:09:21.496+0200] {dag.py:2585} INFO - Sync 1 DAGs
[2022-11-06T02:09:21.509+0200] {logging_mixin.py:120} INFO - [2022-11-06T02:09:21.509+0200] {dag.py:3336} INFO - Setting next_dagrun for example_local_kubernetes_executor to None, run_after=None
[2022-11-06T02:09:21.531+0200] {processor.py:176} INFO - Processing /Users/mnagy99/opt/anaconda3/envs/airflow-env/lib/python3.8/site-packages/airflow/example_dags/example_local_kubernetes_executor.py took 0.566 seconds
[2022-11-06T02:11:34.772+0200] {processor.py:154} INFO - Started process (PID=2573) to work on /Users/mnagy99/opt/anaconda3/envs/airflow-env/lib/python3.8/site-packages/airflow/example_dags/example_local_kubernetes_executor.py
[2022-11-06T02:11:34.773+0200] {processor.py:756} INFO - Processing file /Users/mnagy99/opt/anaconda3/envs/airflow-env/lib/python3.8/site-packages/airflow/example_dags/example_local_kubernetes_executor.py for tasks to queue
[2022-11-06T02:11:34.773+0200] {logging_mixin.py:120} INFO - [2022-11-06T02:11:34.773+0200] {dagbag.py:537} INFO - Filling up the DagBag from /Users/mnagy99/opt/anaconda3/envs/airflow-env/lib/python3.8/site-packages/airflow/example_dags/example_local_kubernetes_executor.py
[2022-11-06T02:11:35.243+0200] {processor.py:766} INFO - DAG(s) dict_keys(['example_local_kubernetes_executor']) retrieved from /Users/mnagy99/opt/anaconda3/envs/airflow-env/lib/python3.8/site-packages/airflow/example_dags/example_local_kubernetes_executor.py
[2022-11-06T02:11:35.453+0200] {logging_mixin.py:120} INFO - [2022-11-06T02:11:35.452+0200] {dag.py:2585} INFO - Sync 1 DAGs
[2022-11-06T02:11:35.473+0200] {logging_mixin.py:120} INFO - [2022-11-06T02:11:35.473+0200] {dag.py:3336} INFO - Setting next_dagrun for example_local_kubernetes_executor to None, run_after=None
[2022-11-06T02:11:35.502+0200] {processor.py:176} INFO - Processing /Users/mnagy99/opt/anaconda3/envs/airflow-env/lib/python3.8/site-packages/airflow/example_dags/example_local_kubernetes_executor.py took 0.731 seconds
[2022-11-06T02:13:42.622+0200] {processor.py:154} INFO - Started process (PID=2696) to work on /Users/mnagy99/opt/anaconda3/envs/airflow-env/lib/python3.8/site-packages/airflow/example_dags/example_local_kubernetes_executor.py
[2022-11-06T02:13:42.624+0200] {processor.py:756} INFO - Processing file /Users/mnagy99/opt/anaconda3/envs/airflow-env/lib/python3.8/site-packages/airflow/example_dags/example_local_kubernetes_executor.py for tasks to queue
[2022-11-06T02:13:42.625+0200] {logging_mixin.py:120} INFO - [2022-11-06T02:13:42.625+0200] {dagbag.py:537} INFO - Filling up the DagBag from /Users/mnagy99/opt/anaconda3/envs/airflow-env/lib/python3.8/site-packages/airflow/example_dags/example_local_kubernetes_executor.py
[2022-11-06T02:13:42.965+0200] {processor.py:766} INFO - DAG(s) dict_keys(['example_local_kubernetes_executor']) retrieved from /Users/mnagy99/opt/anaconda3/envs/airflow-env/lib/python3.8/site-packages/airflow/example_dags/example_local_kubernetes_executor.py
[2022-11-06T02:13:43.099+0200] {logging_mixin.py:120} INFO - [2022-11-06T02:13:43.099+0200] {dag.py:2585} INFO - Sync 1 DAGs
[2022-11-06T02:13:43.113+0200] {logging_mixin.py:120} INFO - [2022-11-06T02:13:43.113+0200] {dag.py:3336} INFO - Setting next_dagrun for example_local_kubernetes_executor to None, run_after=None
[2022-11-06T02:13:43.132+0200] {processor.py:176} INFO - Processing /Users/mnagy99/opt/anaconda3/envs/airflow-env/lib/python3.8/site-packages/airflow/example_dags/example_local_kubernetes_executor.py took 0.511 seconds
[2022-11-06T02:16:08.141+0200] {processor.py:154} INFO - Started process (PID=2906) to work on /Users/mnagy99/opt/anaconda3/envs/airflow-env/lib/python3.8/site-packages/airflow/example_dags/example_local_kubernetes_executor.py
[2022-11-06T02:16:08.143+0200] {processor.py:756} INFO - Processing file /Users/mnagy99/opt/anaconda3/envs/airflow-env/lib/python3.8/site-packages/airflow/example_dags/example_local_kubernetes_executor.py for tasks to queue
[2022-11-06T02:16:08.144+0200] {logging_mixin.py:120} INFO - [2022-11-06T02:16:08.144+0200] {dagbag.py:537} INFO - Filling up the DagBag from /Users/mnagy99/opt/anaconda3/envs/airflow-env/lib/python3.8/site-packages/airflow/example_dags/example_local_kubernetes_executor.py
[2022-11-06T02:16:08.485+0200] {processor.py:766} INFO - DAG(s) dict_keys(['example_local_kubernetes_executor']) retrieved from /Users/mnagy99/opt/anaconda3/envs/airflow-env/lib/python3.8/site-packages/airflow/example_dags/example_local_kubernetes_executor.py
[2022-11-06T02:16:08.627+0200] {logging_mixin.py:120} INFO - [2022-11-06T02:16:08.626+0200] {dag.py:2585} INFO - Sync 1 DAGs
[2022-11-06T02:16:08.644+0200] {logging_mixin.py:120} INFO - [2022-11-06T02:16:08.643+0200] {dag.py:3336} INFO - Setting next_dagrun for example_local_kubernetes_executor to None, run_after=None
[2022-11-06T02:16:08.663+0200] {processor.py:176} INFO - Processing /Users/mnagy99/opt/anaconda3/envs/airflow-env/lib/python3.8/site-packages/airflow/example_dags/example_local_kubernetes_executor.py took 0.523 seconds
[2022-11-06T02:18:18.887+0200] {processor.py:154} INFO - Started process (PID=3045) to work on /Users/mnagy99/opt/anaconda3/envs/airflow-env/lib/python3.8/site-packages/airflow/example_dags/example_local_kubernetes_executor.py
[2022-11-06T02:18:18.890+0200] {processor.py:756} INFO - Processing file /Users/mnagy99/opt/anaconda3/envs/airflow-env/lib/python3.8/site-packages/airflow/example_dags/example_local_kubernetes_executor.py for tasks to queue
[2022-11-06T02:18:18.891+0200] {logging_mixin.py:120} INFO - [2022-11-06T02:18:18.890+0200] {dagbag.py:537} INFO - Filling up the DagBag from /Users/mnagy99/opt/anaconda3/envs/airflow-env/lib/python3.8/site-packages/airflow/example_dags/example_local_kubernetes_executor.py
[2022-11-06T02:18:19.244+0200] {processor.py:766} INFO - DAG(s) dict_keys(['example_local_kubernetes_executor']) retrieved from /Users/mnagy99/opt/anaconda3/envs/airflow-env/lib/python3.8/site-packages/airflow/example_dags/example_local_kubernetes_executor.py
[2022-11-06T02:18:19.375+0200] {logging_mixin.py:120} INFO - [2022-11-06T02:18:19.375+0200] {dag.py:2585} INFO - Sync 1 DAGs
[2022-11-06T02:18:19.389+0200] {logging_mixin.py:120} INFO - [2022-11-06T02:18:19.388+0200] {dag.py:3336} INFO - Setting next_dagrun for example_local_kubernetes_executor to None, run_after=None
[2022-11-06T02:18:19.406+0200] {processor.py:176} INFO - Processing /Users/mnagy99/opt/anaconda3/envs/airflow-env/lib/python3.8/site-packages/airflow/example_dags/example_local_kubernetes_executor.py took 0.519 seconds
[2022-11-06T02:20:34.445+0200] {processor.py:154} INFO - Started process (PID=3185) to work on /Users/mnagy99/opt/anaconda3/envs/airflow-env/lib/python3.8/site-packages/airflow/example_dags/example_local_kubernetes_executor.py
[2022-11-06T02:20:34.447+0200] {processor.py:756} INFO - Processing file /Users/mnagy99/opt/anaconda3/envs/airflow-env/lib/python3.8/site-packages/airflow/example_dags/example_local_kubernetes_executor.py for tasks to queue
[2022-11-06T02:20:34.447+0200] {logging_mixin.py:120} INFO - [2022-11-06T02:20:34.447+0200] {dagbag.py:537} INFO - Filling up the DagBag from /Users/mnagy99/opt/anaconda3/envs/airflow-env/lib/python3.8/site-packages/airflow/example_dags/example_local_kubernetes_executor.py
[2022-11-06T02:20:34.881+0200] {processor.py:766} INFO - DAG(s) dict_keys(['example_local_kubernetes_executor']) retrieved from /Users/mnagy99/opt/anaconda3/envs/airflow-env/lib/python3.8/site-packages/airflow/example_dags/example_local_kubernetes_executor.py
[2022-11-06T02:20:35.106+0200] {logging_mixin.py:120} INFO - [2022-11-06T02:20:35.105+0200] {dag.py:2585} INFO - Sync 1 DAGs
[2022-11-06T02:20:35.127+0200] {logging_mixin.py:120} INFO - [2022-11-06T02:20:35.127+0200] {dag.py:3336} INFO - Setting next_dagrun for example_local_kubernetes_executor to None, run_after=None
[2022-11-06T02:20:35.150+0200] {processor.py:176} INFO - Processing /Users/mnagy99/opt/anaconda3/envs/airflow-env/lib/python3.8/site-packages/airflow/example_dags/example_local_kubernetes_executor.py took 0.705 seconds
[2022-11-06T02:22:37.909+0200] {processor.py:154} INFO - Started process (PID=3310) to work on /Users/mnagy99/opt/anaconda3/envs/airflow-env/lib/python3.8/site-packages/airflow/example_dags/example_local_kubernetes_executor.py
[2022-11-06T02:22:37.911+0200] {processor.py:756} INFO - Processing file /Users/mnagy99/opt/anaconda3/envs/airflow-env/lib/python3.8/site-packages/airflow/example_dags/example_local_kubernetes_executor.py for tasks to queue
[2022-11-06T02:22:37.912+0200] {logging_mixin.py:120} INFO - [2022-11-06T02:22:37.912+0200] {dagbag.py:537} INFO - Filling up the DagBag from /Users/mnagy99/opt/anaconda3/envs/airflow-env/lib/python3.8/site-packages/airflow/example_dags/example_local_kubernetes_executor.py
[2022-11-06T02:22:38.241+0200] {processor.py:766} INFO - DAG(s) dict_keys(['example_local_kubernetes_executor']) retrieved from /Users/mnagy99/opt/anaconda3/envs/airflow-env/lib/python3.8/site-packages/airflow/example_dags/example_local_kubernetes_executor.py
[2022-11-06T02:22:38.372+0200] {logging_mixin.py:120} INFO - [2022-11-06T02:22:38.372+0200] {dag.py:2585} INFO - Sync 1 DAGs
[2022-11-06T02:22:38.386+0200] {logging_mixin.py:120} INFO - [2022-11-06T02:22:38.386+0200] {dag.py:3336} INFO - Setting next_dagrun for example_local_kubernetes_executor to None, run_after=None
[2022-11-06T02:22:38.404+0200] {processor.py:176} INFO - Processing /Users/mnagy99/opt/anaconda3/envs/airflow-env/lib/python3.8/site-packages/airflow/example_dags/example_local_kubernetes_executor.py took 0.496 seconds
[2022-11-06T02:24:52.997+0200] {processor.py:154} INFO - Started process (PID=3454) to work on /Users/mnagy99/opt/anaconda3/envs/airflow-env/lib/python3.8/site-packages/airflow/example_dags/example_local_kubernetes_executor.py
[2022-11-06T02:24:53.000+0200] {processor.py:756} INFO - Processing file /Users/mnagy99/opt/anaconda3/envs/airflow-env/lib/python3.8/site-packages/airflow/example_dags/example_local_kubernetes_executor.py for tasks to queue
[2022-11-06T02:24:53.000+0200] {logging_mixin.py:120} INFO - [2022-11-06T02:24:53.000+0200] {dagbag.py:537} INFO - Filling up the DagBag from /Users/mnagy99/opt/anaconda3/envs/airflow-env/lib/python3.8/site-packages/airflow/example_dags/example_local_kubernetes_executor.py
[2022-11-06T02:24:53.328+0200] {processor.py:766} INFO - DAG(s) dict_keys(['example_local_kubernetes_executor']) retrieved from /Users/mnagy99/opt/anaconda3/envs/airflow-env/lib/python3.8/site-packages/airflow/example_dags/example_local_kubernetes_executor.py
[2022-11-06T02:24:53.469+0200] {logging_mixin.py:120} INFO - [2022-11-06T02:24:53.469+0200] {dag.py:2585} INFO - Sync 1 DAGs
[2022-11-06T02:24:53.483+0200] {logging_mixin.py:120} INFO - [2022-11-06T02:24:53.483+0200] {dag.py:3336} INFO - Setting next_dagrun for example_local_kubernetes_executor to None, run_after=None
[2022-11-06T02:24:53.501+0200] {processor.py:176} INFO - Processing /Users/mnagy99/opt/anaconda3/envs/airflow-env/lib/python3.8/site-packages/airflow/example_dags/example_local_kubernetes_executor.py took 0.505 seconds
[2022-11-06T02:27:05.400+0200] {processor.py:154} INFO - Started process (PID=3591) to work on /Users/mnagy99/opt/anaconda3/envs/airflow-env/lib/python3.8/site-packages/airflow/example_dags/example_local_kubernetes_executor.py
[2022-11-06T02:27:05.403+0200] {processor.py:756} INFO - Processing file /Users/mnagy99/opt/anaconda3/envs/airflow-env/lib/python3.8/site-packages/airflow/example_dags/example_local_kubernetes_executor.py for tasks to queue
[2022-11-06T02:27:05.404+0200] {logging_mixin.py:120} INFO - [2022-11-06T02:27:05.404+0200] {dagbag.py:537} INFO - Filling up the DagBag from /Users/mnagy99/opt/anaconda3/envs/airflow-env/lib/python3.8/site-packages/airflow/example_dags/example_local_kubernetes_executor.py
[2022-11-06T02:27:05.748+0200] {processor.py:766} INFO - DAG(s) dict_keys(['example_local_kubernetes_executor']) retrieved from /Users/mnagy99/opt/anaconda3/envs/airflow-env/lib/python3.8/site-packages/airflow/example_dags/example_local_kubernetes_executor.py
[2022-11-06T02:27:05.882+0200] {logging_mixin.py:120} INFO - [2022-11-06T02:27:05.881+0200] {dag.py:2585} INFO - Sync 1 DAGs
[2022-11-06T02:27:05.895+0200] {logging_mixin.py:120} INFO - [2022-11-06T02:27:05.895+0200] {dag.py:3336} INFO - Setting next_dagrun for example_local_kubernetes_executor to None, run_after=None
[2022-11-06T02:27:05.911+0200] {processor.py:176} INFO - Processing /Users/mnagy99/opt/anaconda3/envs/airflow-env/lib/python3.8/site-packages/airflow/example_dags/example_local_kubernetes_executor.py took 0.511 seconds
[2022-11-06T02:29:17.291+0200] {processor.py:154} INFO - Started process (PID=3737) to work on /Users/mnagy99/opt/anaconda3/envs/airflow-env/lib/python3.8/site-packages/airflow/example_dags/example_local_kubernetes_executor.py
[2022-11-06T02:29:17.293+0200] {processor.py:756} INFO - Processing file /Users/mnagy99/opt/anaconda3/envs/airflow-env/lib/python3.8/site-packages/airflow/example_dags/example_local_kubernetes_executor.py for tasks to queue
[2022-11-06T02:29:17.294+0200] {logging_mixin.py:120} INFO - [2022-11-06T02:29:17.293+0200] {dagbag.py:537} INFO - Filling up the DagBag from /Users/mnagy99/opt/anaconda3/envs/airflow-env/lib/python3.8/site-packages/airflow/example_dags/example_local_kubernetes_executor.py
[2022-11-06T02:29:17.671+0200] {processor.py:766} INFO - DAG(s) dict_keys(['example_local_kubernetes_executor']) retrieved from /Users/mnagy99/opt/anaconda3/envs/airflow-env/lib/python3.8/site-packages/airflow/example_dags/example_local_kubernetes_executor.py
[2022-11-06T02:29:17.828+0200] {logging_mixin.py:120} INFO - [2022-11-06T02:29:17.827+0200] {dag.py:2585} INFO - Sync 1 DAGs
[2022-11-06T02:29:17.857+0200] {logging_mixin.py:120} INFO - [2022-11-06T02:29:17.857+0200] {dag.py:3336} INFO - Setting next_dagrun for example_local_kubernetes_executor to None, run_after=None
[2022-11-06T02:29:17.889+0200] {processor.py:176} INFO - Processing /Users/mnagy99/opt/anaconda3/envs/airflow-env/lib/python3.8/site-packages/airflow/example_dags/example_local_kubernetes_executor.py took 0.599 seconds
[2022-11-06T02:31:30.120+0200] {processor.py:154} INFO - Started process (PID=3889) to work on /Users/mnagy99/opt/anaconda3/envs/airflow-env/lib/python3.8/site-packages/airflow/example_dags/example_local_kubernetes_executor.py
[2022-11-06T02:31:30.121+0200] {processor.py:756} INFO - Processing file /Users/mnagy99/opt/anaconda3/envs/airflow-env/lib/python3.8/site-packages/airflow/example_dags/example_local_kubernetes_executor.py for tasks to queue
[2022-11-06T02:31:30.121+0200] {logging_mixin.py:120} INFO - [2022-11-06T02:31:30.121+0200] {dagbag.py:537} INFO - Filling up the DagBag from /Users/mnagy99/opt/anaconda3/envs/airflow-env/lib/python3.8/site-packages/airflow/example_dags/example_local_kubernetes_executor.py
[2022-11-06T02:31:30.461+0200] {processor.py:766} INFO - DAG(s) dict_keys(['example_local_kubernetes_executor']) retrieved from /Users/mnagy99/opt/anaconda3/envs/airflow-env/lib/python3.8/site-packages/airflow/example_dags/example_local_kubernetes_executor.py
[2022-11-06T02:31:30.603+0200] {logging_mixin.py:120} INFO - [2022-11-06T02:31:30.602+0200] {dag.py:2585} INFO - Sync 1 DAGs
[2022-11-06T02:31:30.616+0200] {logging_mixin.py:120} INFO - [2022-11-06T02:31:30.616+0200] {dag.py:3336} INFO - Setting next_dagrun for example_local_kubernetes_executor to None, run_after=None
[2022-11-06T02:31:30.631+0200] {processor.py:176} INFO - Processing /Users/mnagy99/opt/anaconda3/envs/airflow-env/lib/python3.8/site-packages/airflow/example_dags/example_local_kubernetes_executor.py took 0.512 seconds
[2022-11-06T02:33:42.219+0200] {processor.py:154} INFO - Started process (PID=4041) to work on /Users/mnagy99/opt/anaconda3/envs/airflow-env/lib/python3.8/site-packages/airflow/example_dags/example_local_kubernetes_executor.py
[2022-11-06T02:33:42.222+0200] {processor.py:756} INFO - Processing file /Users/mnagy99/opt/anaconda3/envs/airflow-env/lib/python3.8/site-packages/airflow/example_dags/example_local_kubernetes_executor.py for tasks to queue
[2022-11-06T02:33:42.222+0200] {logging_mixin.py:120} INFO - [2022-11-06T02:33:42.222+0200] {dagbag.py:537} INFO - Filling up the DagBag from /Users/mnagy99/opt/anaconda3/envs/airflow-env/lib/python3.8/site-packages/airflow/example_dags/example_local_kubernetes_executor.py
[2022-11-06T02:33:42.581+0200] {processor.py:766} INFO - DAG(s) dict_keys(['example_local_kubernetes_executor']) retrieved from /Users/mnagy99/opt/anaconda3/envs/airflow-env/lib/python3.8/site-packages/airflow/example_dags/example_local_kubernetes_executor.py
[2022-11-06T02:33:42.718+0200] {logging_mixin.py:120} INFO - [2022-11-06T02:33:42.718+0200] {dag.py:2585} INFO - Sync 1 DAGs
[2022-11-06T02:33:42.732+0200] {logging_mixin.py:120} INFO - [2022-11-06T02:33:42.732+0200] {dag.py:3336} INFO - Setting next_dagrun for example_local_kubernetes_executor to None, run_after=None
[2022-11-06T02:33:42.750+0200] {processor.py:176} INFO - Processing /Users/mnagy99/opt/anaconda3/envs/airflow-env/lib/python3.8/site-packages/airflow/example_dags/example_local_kubernetes_executor.py took 0.531 seconds
[2022-11-06T02:35:50.704+0200] {processor.py:154} INFO - Started process (PID=4185) to work on /Users/mnagy99/opt/anaconda3/envs/airflow-env/lib/python3.8/site-packages/airflow/example_dags/example_local_kubernetes_executor.py
[2022-11-06T02:35:50.706+0200] {processor.py:756} INFO - Processing file /Users/mnagy99/opt/anaconda3/envs/airflow-env/lib/python3.8/site-packages/airflow/example_dags/example_local_kubernetes_executor.py for tasks to queue
[2022-11-06T02:35:50.707+0200] {logging_mixin.py:120} INFO - [2022-11-06T02:35:50.707+0200] {dagbag.py:537} INFO - Filling up the DagBag from /Users/mnagy99/opt/anaconda3/envs/airflow-env/lib/python3.8/site-packages/airflow/example_dags/example_local_kubernetes_executor.py
[2022-11-06T02:35:51.055+0200] {processor.py:766} INFO - DAG(s) dict_keys(['example_local_kubernetes_executor']) retrieved from /Users/mnagy99/opt/anaconda3/envs/airflow-env/lib/python3.8/site-packages/airflow/example_dags/example_local_kubernetes_executor.py
[2022-11-06T02:35:51.187+0200] {logging_mixin.py:120} INFO - [2022-11-06T02:35:51.187+0200] {dag.py:2585} INFO - Sync 1 DAGs
[2022-11-06T02:35:51.200+0200] {logging_mixin.py:120} INFO - [2022-11-06T02:35:51.200+0200] {dag.py:3336} INFO - Setting next_dagrun for example_local_kubernetes_executor to None, run_after=None
[2022-11-06T02:35:51.221+0200] {processor.py:176} INFO - Processing /Users/mnagy99/opt/anaconda3/envs/airflow-env/lib/python3.8/site-packages/airflow/example_dags/example_local_kubernetes_executor.py took 0.518 seconds
[2022-11-06T02:38:01.215+0200] {processor.py:154} INFO - Started process (PID=4320) to work on /Users/mnagy99/opt/anaconda3/envs/airflow-env/lib/python3.8/site-packages/airflow/example_dags/example_local_kubernetes_executor.py
[2022-11-06T02:38:01.218+0200] {processor.py:756} INFO - Processing file /Users/mnagy99/opt/anaconda3/envs/airflow-env/lib/python3.8/site-packages/airflow/example_dags/example_local_kubernetes_executor.py for tasks to queue
[2022-11-06T02:38:01.219+0200] {logging_mixin.py:120} INFO - [2022-11-06T02:38:01.219+0200] {dagbag.py:537} INFO - Filling up the DagBag from /Users/mnagy99/opt/anaconda3/envs/airflow-env/lib/python3.8/site-packages/airflow/example_dags/example_local_kubernetes_executor.py
[2022-11-06T02:38:01.544+0200] {processor.py:766} INFO - DAG(s) dict_keys(['example_local_kubernetes_executor']) retrieved from /Users/mnagy99/opt/anaconda3/envs/airflow-env/lib/python3.8/site-packages/airflow/example_dags/example_local_kubernetes_executor.py
[2022-11-06T02:38:01.674+0200] {logging_mixin.py:120} INFO - [2022-11-06T02:38:01.674+0200] {dag.py:2585} INFO - Sync 1 DAGs
[2022-11-06T02:38:01.688+0200] {logging_mixin.py:120} INFO - [2022-11-06T02:38:01.687+0200] {dag.py:3336} INFO - Setting next_dagrun for example_local_kubernetes_executor to None, run_after=None
[2022-11-06T02:38:01.707+0200] {processor.py:176} INFO - Processing /Users/mnagy99/opt/anaconda3/envs/airflow-env/lib/python3.8/site-packages/airflow/example_dags/example_local_kubernetes_executor.py took 0.493 seconds
[2022-11-06T02:40:16.792+0200] {processor.py:154} INFO - Started process (PID=4455) to work on /Users/mnagy99/opt/anaconda3/envs/airflow-env/lib/python3.8/site-packages/airflow/example_dags/example_local_kubernetes_executor.py
[2022-11-06T02:40:16.795+0200] {processor.py:756} INFO - Processing file /Users/mnagy99/opt/anaconda3/envs/airflow-env/lib/python3.8/site-packages/airflow/example_dags/example_local_kubernetes_executor.py for tasks to queue
[2022-11-06T02:40:16.795+0200] {logging_mixin.py:120} INFO - [2022-11-06T02:40:16.795+0200] {dagbag.py:537} INFO - Filling up the DagBag from /Users/mnagy99/opt/anaconda3/envs/airflow-env/lib/python3.8/site-packages/airflow/example_dags/example_local_kubernetes_executor.py
[2022-11-06T02:40:17.143+0200] {processor.py:766} INFO - DAG(s) dict_keys(['example_local_kubernetes_executor']) retrieved from /Users/mnagy99/opt/anaconda3/envs/airflow-env/lib/python3.8/site-packages/airflow/example_dags/example_local_kubernetes_executor.py
[2022-11-06T02:40:17.283+0200] {logging_mixin.py:120} INFO - [2022-11-06T02:40:17.283+0200] {dag.py:2585} INFO - Sync 1 DAGs
[2022-11-06T02:40:17.301+0200] {logging_mixin.py:120} INFO - [2022-11-06T02:40:17.301+0200] {dag.py:3336} INFO - Setting next_dagrun for example_local_kubernetes_executor to None, run_after=None
[2022-11-06T02:40:17.322+0200] {processor.py:176} INFO - Processing /Users/mnagy99/opt/anaconda3/envs/airflow-env/lib/python3.8/site-packages/airflow/example_dags/example_local_kubernetes_executor.py took 0.531 seconds
[2022-11-06T02:42:41.483+0200] {processor.py:154} INFO - Started process (PID=4623) to work on /Users/mnagy99/opt/anaconda3/envs/airflow-env/lib/python3.8/site-packages/airflow/example_dags/example_local_kubernetes_executor.py
[2022-11-06T02:42:41.486+0200] {processor.py:756} INFO - Processing file /Users/mnagy99/opt/anaconda3/envs/airflow-env/lib/python3.8/site-packages/airflow/example_dags/example_local_kubernetes_executor.py for tasks to queue
[2022-11-06T02:42:41.486+0200] {logging_mixin.py:120} INFO - [2022-11-06T02:42:41.486+0200] {dagbag.py:537} INFO - Filling up the DagBag from /Users/mnagy99/opt/anaconda3/envs/airflow-env/lib/python3.8/site-packages/airflow/example_dags/example_local_kubernetes_executor.py
[2022-11-06T02:42:41.854+0200] {processor.py:766} INFO - DAG(s) dict_keys(['example_local_kubernetes_executor']) retrieved from /Users/mnagy99/opt/anaconda3/envs/airflow-env/lib/python3.8/site-packages/airflow/example_dags/example_local_kubernetes_executor.py
[2022-11-06T02:42:41.999+0200] {logging_mixin.py:120} INFO - [2022-11-06T02:42:41.999+0200] {dag.py:2585} INFO - Sync 1 DAGs
[2022-11-06T02:42:42.014+0200] {logging_mixin.py:120} INFO - [2022-11-06T02:42:42.014+0200] {dag.py:3336} INFO - Setting next_dagrun for example_local_kubernetes_executor to None, run_after=None
[2022-11-06T02:42:42.030+0200] {processor.py:176} INFO - Processing /Users/mnagy99/opt/anaconda3/envs/airflow-env/lib/python3.8/site-packages/airflow/example_dags/example_local_kubernetes_executor.py took 0.548 seconds
[2022-11-06T02:45:05.952+0200] {processor.py:154} INFO - Started process (PID=4757) to work on /Users/mnagy99/opt/anaconda3/envs/airflow-env/lib/python3.8/site-packages/airflow/example_dags/example_local_kubernetes_executor.py
[2022-11-06T02:45:05.954+0200] {processor.py:756} INFO - Processing file /Users/mnagy99/opt/anaconda3/envs/airflow-env/lib/python3.8/site-packages/airflow/example_dags/example_local_kubernetes_executor.py for tasks to queue
[2022-11-06T02:45:05.954+0200] {logging_mixin.py:120} INFO - [2022-11-06T02:45:05.954+0200] {dagbag.py:537} INFO - Filling up the DagBag from /Users/mnagy99/opt/anaconda3/envs/airflow-env/lib/python3.8/site-packages/airflow/example_dags/example_local_kubernetes_executor.py
[2022-11-06T02:45:06.326+0200] {processor.py:766} INFO - DAG(s) dict_keys(['example_local_kubernetes_executor']) retrieved from /Users/mnagy99/opt/anaconda3/envs/airflow-env/lib/python3.8/site-packages/airflow/example_dags/example_local_kubernetes_executor.py
[2022-11-06T02:45:06.459+0200] {logging_mixin.py:120} INFO - [2022-11-06T02:45:06.459+0200] {dag.py:2585} INFO - Sync 1 DAGs
[2022-11-06T02:45:06.473+0200] {logging_mixin.py:120} INFO - [2022-11-06T02:45:06.473+0200] {dag.py:3336} INFO - Setting next_dagrun for example_local_kubernetes_executor to None, run_after=None
[2022-11-06T02:45:06.490+0200] {processor.py:176} INFO - Processing /Users/mnagy99/opt/anaconda3/envs/airflow-env/lib/python3.8/site-packages/airflow/example_dags/example_local_kubernetes_executor.py took 0.539 seconds
[2022-11-06T02:47:20.182+0200] {processor.py:154} INFO - Started process (PID=4900) to work on /Users/mnagy99/opt/anaconda3/envs/airflow-env/lib/python3.8/site-packages/airflow/example_dags/example_local_kubernetes_executor.py
[2022-11-06T02:47:20.184+0200] {processor.py:756} INFO - Processing file /Users/mnagy99/opt/anaconda3/envs/airflow-env/lib/python3.8/site-packages/airflow/example_dags/example_local_kubernetes_executor.py for tasks to queue
[2022-11-06T02:47:20.184+0200] {logging_mixin.py:120} INFO - [2022-11-06T02:47:20.184+0200] {dagbag.py:537} INFO - Filling up the DagBag from /Users/mnagy99/opt/anaconda3/envs/airflow-env/lib/python3.8/site-packages/airflow/example_dags/example_local_kubernetes_executor.py
[2022-11-06T02:47:20.596+0200] {processor.py:766} INFO - DAG(s) dict_keys(['example_local_kubernetes_executor']) retrieved from /Users/mnagy99/opt/anaconda3/envs/airflow-env/lib/python3.8/site-packages/airflow/example_dags/example_local_kubernetes_executor.py
[2022-11-06T02:47:20.745+0200] {logging_mixin.py:120} INFO - [2022-11-06T02:47:20.744+0200] {dag.py:2585} INFO - Sync 1 DAGs
[2022-11-06T02:47:20.758+0200] {logging_mixin.py:120} INFO - [2022-11-06T02:47:20.758+0200] {dag.py:3336} INFO - Setting next_dagrun for example_local_kubernetes_executor to None, run_after=None
[2022-11-06T02:47:20.775+0200] {processor.py:176} INFO - Processing /Users/mnagy99/opt/anaconda3/envs/airflow-env/lib/python3.8/site-packages/airflow/example_dags/example_local_kubernetes_executor.py took 0.593 seconds
[2022-11-06T02:49:28.054+0200] {processor.py:154} INFO - Started process (PID=5023) to work on /Users/mnagy99/opt/anaconda3/envs/airflow-env/lib/python3.8/site-packages/airflow/example_dags/example_local_kubernetes_executor.py
[2022-11-06T02:49:28.056+0200] {processor.py:756} INFO - Processing file /Users/mnagy99/opt/anaconda3/envs/airflow-env/lib/python3.8/site-packages/airflow/example_dags/example_local_kubernetes_executor.py for tasks to queue
[2022-11-06T02:49:28.057+0200] {logging_mixin.py:120} INFO - [2022-11-06T02:49:28.057+0200] {dagbag.py:537} INFO - Filling up the DagBag from /Users/mnagy99/opt/anaconda3/envs/airflow-env/lib/python3.8/site-packages/airflow/example_dags/example_local_kubernetes_executor.py
[2022-11-06T02:49:28.418+0200] {processor.py:766} INFO - DAG(s) dict_keys(['example_local_kubernetes_executor']) retrieved from /Users/mnagy99/opt/anaconda3/envs/airflow-env/lib/python3.8/site-packages/airflow/example_dags/example_local_kubernetes_executor.py
[2022-11-06T02:49:28.554+0200] {logging_mixin.py:120} INFO - [2022-11-06T02:49:28.554+0200] {dag.py:2585} INFO - Sync 1 DAGs
[2022-11-06T02:49:28.568+0200] {logging_mixin.py:120} INFO - [2022-11-06T02:49:28.568+0200] {dag.py:3336} INFO - Setting next_dagrun for example_local_kubernetes_executor to None, run_after=None
[2022-11-06T02:49:28.586+0200] {processor.py:176} INFO - Processing /Users/mnagy99/opt/anaconda3/envs/airflow-env/lib/python3.8/site-packages/airflow/example_dags/example_local_kubernetes_executor.py took 0.533 seconds
[2022-11-06T02:51:32.398+0200] {processor.py:154} INFO - Started process (PID=5151) to work on /Users/mnagy99/opt/anaconda3/envs/airflow-env/lib/python3.8/site-packages/airflow/example_dags/example_local_kubernetes_executor.py
[2022-11-06T02:51:32.399+0200] {processor.py:756} INFO - Processing file /Users/mnagy99/opt/anaconda3/envs/airflow-env/lib/python3.8/site-packages/airflow/example_dags/example_local_kubernetes_executor.py for tasks to queue
[2022-11-06T02:51:32.400+0200] {logging_mixin.py:120} INFO - [2022-11-06T02:51:32.400+0200] {dagbag.py:537} INFO - Filling up the DagBag from /Users/mnagy99/opt/anaconda3/envs/airflow-env/lib/python3.8/site-packages/airflow/example_dags/example_local_kubernetes_executor.py
[2022-11-06T02:51:32.739+0200] {processor.py:766} INFO - DAG(s) dict_keys(['example_local_kubernetes_executor']) retrieved from /Users/mnagy99/opt/anaconda3/envs/airflow-env/lib/python3.8/site-packages/airflow/example_dags/example_local_kubernetes_executor.py
[2022-11-06T02:51:32.873+0200] {logging_mixin.py:120} INFO - [2022-11-06T02:51:32.873+0200] {dag.py:2585} INFO - Sync 1 DAGs
[2022-11-06T02:51:32.887+0200] {logging_mixin.py:120} INFO - [2022-11-06T02:51:32.887+0200] {dag.py:3336} INFO - Setting next_dagrun for example_local_kubernetes_executor to None, run_after=None
[2022-11-06T02:51:32.905+0200] {processor.py:176} INFO - Processing /Users/mnagy99/opt/anaconda3/envs/airflow-env/lib/python3.8/site-packages/airflow/example_dags/example_local_kubernetes_executor.py took 0.508 seconds
[2022-11-06T02:53:37.148+0200] {processor.py:154} INFO - Started process (PID=5273) to work on /Users/mnagy99/opt/anaconda3/envs/airflow-env/lib/python3.8/site-packages/airflow/example_dags/example_local_kubernetes_executor.py
[2022-11-06T02:53:37.150+0200] {processor.py:756} INFO - Processing file /Users/mnagy99/opt/anaconda3/envs/airflow-env/lib/python3.8/site-packages/airflow/example_dags/example_local_kubernetes_executor.py for tasks to queue
[2022-11-06T02:53:37.151+0200] {logging_mixin.py:120} INFO - [2022-11-06T02:53:37.151+0200] {dagbag.py:537} INFO - Filling up the DagBag from /Users/mnagy99/opt/anaconda3/envs/airflow-env/lib/python3.8/site-packages/airflow/example_dags/example_local_kubernetes_executor.py
[2022-11-06T02:53:37.528+0200] {processor.py:766} INFO - DAG(s) dict_keys(['example_local_kubernetes_executor']) retrieved from /Users/mnagy99/opt/anaconda3/envs/airflow-env/lib/python3.8/site-packages/airflow/example_dags/example_local_kubernetes_executor.py
[2022-11-06T02:53:37.676+0200] {logging_mixin.py:120} INFO - [2022-11-06T02:53:37.675+0200] {dag.py:2585} INFO - Sync 1 DAGs
[2022-11-06T02:53:37.688+0200] {logging_mixin.py:120} INFO - [2022-11-06T02:53:37.688+0200] {dag.py:3336} INFO - Setting next_dagrun for example_local_kubernetes_executor to None, run_after=None
[2022-11-06T02:53:37.707+0200] {processor.py:176} INFO - Processing /Users/mnagy99/opt/anaconda3/envs/airflow-env/lib/python3.8/site-packages/airflow/example_dags/example_local_kubernetes_executor.py took 0.560 seconds
[2022-11-06T02:55:47.158+0200] {processor.py:154} INFO - Started process (PID=5398) to work on /Users/mnagy99/opt/anaconda3/envs/airflow-env/lib/python3.8/site-packages/airflow/example_dags/example_local_kubernetes_executor.py
[2022-11-06T02:55:47.161+0200] {processor.py:756} INFO - Processing file /Users/mnagy99/opt/anaconda3/envs/airflow-env/lib/python3.8/site-packages/airflow/example_dags/example_local_kubernetes_executor.py for tasks to queue
[2022-11-06T02:55:47.164+0200] {logging_mixin.py:120} INFO - [2022-11-06T02:55:47.164+0200] {dagbag.py:537} INFO - Filling up the DagBag from /Users/mnagy99/opt/anaconda3/envs/airflow-env/lib/python3.8/site-packages/airflow/example_dags/example_local_kubernetes_executor.py
[2022-11-06T02:55:47.519+0200] {processor.py:766} INFO - DAG(s) dict_keys(['example_local_kubernetes_executor']) retrieved from /Users/mnagy99/opt/anaconda3/envs/airflow-env/lib/python3.8/site-packages/airflow/example_dags/example_local_kubernetes_executor.py
[2022-11-06T02:55:47.656+0200] {logging_mixin.py:120} INFO - [2022-11-06T02:55:47.655+0200] {dag.py:2585} INFO - Sync 1 DAGs
[2022-11-06T02:55:47.669+0200] {logging_mixin.py:120} INFO - [2022-11-06T02:55:47.668+0200] {dag.py:3336} INFO - Setting next_dagrun for example_local_kubernetes_executor to None, run_after=None
[2022-11-06T02:55:47.686+0200] {processor.py:176} INFO - Processing /Users/mnagy99/opt/anaconda3/envs/airflow-env/lib/python3.8/site-packages/airflow/example_dags/example_local_kubernetes_executor.py took 0.529 seconds
[2022-11-06T02:58:04.277+0200] {processor.py:154} INFO - Started process (PID=5545) to work on /Users/mnagy99/opt/anaconda3/envs/airflow-env/lib/python3.8/site-packages/airflow/example_dags/example_local_kubernetes_executor.py
[2022-11-06T02:58:04.280+0200] {processor.py:756} INFO - Processing file /Users/mnagy99/opt/anaconda3/envs/airflow-env/lib/python3.8/site-packages/airflow/example_dags/example_local_kubernetes_executor.py for tasks to queue
[2022-11-06T02:58:04.281+0200] {logging_mixin.py:120} INFO - [2022-11-06T02:58:04.281+0200] {dagbag.py:537} INFO - Filling up the DagBag from /Users/mnagy99/opt/anaconda3/envs/airflow-env/lib/python3.8/site-packages/airflow/example_dags/example_local_kubernetes_executor.py
[2022-11-06T02:58:04.700+0200] {processor.py:766} INFO - DAG(s) dict_keys(['example_local_kubernetes_executor']) retrieved from /Users/mnagy99/opt/anaconda3/envs/airflow-env/lib/python3.8/site-packages/airflow/example_dags/example_local_kubernetes_executor.py
[2022-11-06T02:58:04.867+0200] {logging_mixin.py:120} INFO - [2022-11-06T02:58:04.867+0200] {dag.py:2585} INFO - Sync 1 DAGs
[2022-11-06T02:58:04.885+0200] {logging_mixin.py:120} INFO - [2022-11-06T02:58:04.884+0200] {dag.py:3336} INFO - Setting next_dagrun for example_local_kubernetes_executor to None, run_after=None
[2022-11-06T02:58:04.901+0200] {processor.py:176} INFO - Processing /Users/mnagy99/opt/anaconda3/envs/airflow-env/lib/python3.8/site-packages/airflow/example_dags/example_local_kubernetes_executor.py took 0.625 seconds
[2022-11-06T03:00:23.801+0200] {processor.py:154} INFO - Started process (PID=5682) to work on /Users/mnagy99/opt/anaconda3/envs/airflow-env/lib/python3.8/site-packages/airflow/example_dags/example_local_kubernetes_executor.py
[2022-11-06T03:00:23.803+0200] {processor.py:756} INFO - Processing file /Users/mnagy99/opt/anaconda3/envs/airflow-env/lib/python3.8/site-packages/airflow/example_dags/example_local_kubernetes_executor.py for tasks to queue
[2022-11-06T03:00:23.803+0200] {logging_mixin.py:120} INFO - [2022-11-06T03:00:23.803+0200] {dagbag.py:537} INFO - Filling up the DagBag from /Users/mnagy99/opt/anaconda3/envs/airflow-env/lib/python3.8/site-packages/airflow/example_dags/example_local_kubernetes_executor.py
[2022-11-06T03:00:24.313+0200] {processor.py:766} INFO - DAG(s) dict_keys(['example_local_kubernetes_executor']) retrieved from /Users/mnagy99/opt/anaconda3/envs/airflow-env/lib/python3.8/site-packages/airflow/example_dags/example_local_kubernetes_executor.py
[2022-11-06T03:00:24.475+0200] {logging_mixin.py:120} INFO - [2022-11-06T03:00:24.475+0200] {dag.py:2585} INFO - Sync 1 DAGs
[2022-11-06T03:00:24.488+0200] {logging_mixin.py:120} INFO - [2022-11-06T03:00:24.488+0200] {dag.py:3336} INFO - Setting next_dagrun for example_local_kubernetes_executor to None, run_after=None
[2022-11-06T03:00:24.504+0200] {processor.py:176} INFO - Processing /Users/mnagy99/opt/anaconda3/envs/airflow-env/lib/python3.8/site-packages/airflow/example_dags/example_local_kubernetes_executor.py took 0.704 seconds
[2022-11-06T03:03:07.758+0200] {processor.py:154} INFO - Started process (PID=5827) to work on /Users/mnagy99/opt/anaconda3/envs/airflow-env/lib/python3.8/site-packages/airflow/example_dags/example_local_kubernetes_executor.py
[2022-11-06T03:03:07.760+0200] {processor.py:756} INFO - Processing file /Users/mnagy99/opt/anaconda3/envs/airflow-env/lib/python3.8/site-packages/airflow/example_dags/example_local_kubernetes_executor.py for tasks to queue
[2022-11-06T03:03:07.761+0200] {logging_mixin.py:120} INFO - [2022-11-06T03:03:07.761+0200] {dagbag.py:537} INFO - Filling up the DagBag from /Users/mnagy99/opt/anaconda3/envs/airflow-env/lib/python3.8/site-packages/airflow/example_dags/example_local_kubernetes_executor.py
[2022-11-06T03:03:08.106+0200] {processor.py:766} INFO - DAG(s) dict_keys(['example_local_kubernetes_executor']) retrieved from /Users/mnagy99/opt/anaconda3/envs/airflow-env/lib/python3.8/site-packages/airflow/example_dags/example_local_kubernetes_executor.py
[2022-11-06T03:03:08.241+0200] {logging_mixin.py:120} INFO - [2022-11-06T03:03:08.241+0200] {dag.py:2585} INFO - Sync 1 DAGs
[2022-11-06T03:03:08.255+0200] {logging_mixin.py:120} INFO - [2022-11-06T03:03:08.255+0200] {dag.py:3336} INFO - Setting next_dagrun for example_local_kubernetes_executor to None, run_after=None
[2022-11-06T03:03:08.274+0200] {processor.py:176} INFO - Processing /Users/mnagy99/opt/anaconda3/envs/airflow-env/lib/python3.8/site-packages/airflow/example_dags/example_local_kubernetes_executor.py took 0.517 seconds
[2022-11-06T03:05:25.768+0200] {processor.py:154} INFO - Started process (PID=5960) to work on /Users/mnagy99/opt/anaconda3/envs/airflow-env/lib/python3.8/site-packages/airflow/example_dags/example_local_kubernetes_executor.py
[2022-11-06T03:05:25.770+0200] {processor.py:756} INFO - Processing file /Users/mnagy99/opt/anaconda3/envs/airflow-env/lib/python3.8/site-packages/airflow/example_dags/example_local_kubernetes_executor.py for tasks to queue
[2022-11-06T03:05:25.771+0200] {logging_mixin.py:120} INFO - [2022-11-06T03:05:25.771+0200] {dagbag.py:537} INFO - Filling up the DagBag from /Users/mnagy99/opt/anaconda3/envs/airflow-env/lib/python3.8/site-packages/airflow/example_dags/example_local_kubernetes_executor.py
[2022-11-06T03:05:26.111+0200] {processor.py:766} INFO - DAG(s) dict_keys(['example_local_kubernetes_executor']) retrieved from /Users/mnagy99/opt/anaconda3/envs/airflow-env/lib/python3.8/site-packages/airflow/example_dags/example_local_kubernetes_executor.py
[2022-11-06T03:05:26.248+0200] {logging_mixin.py:120} INFO - [2022-11-06T03:05:26.247+0200] {dag.py:2585} INFO - Sync 1 DAGs
[2022-11-06T03:05:26.261+0200] {logging_mixin.py:120} INFO - [2022-11-06T03:05:26.261+0200] {dag.py:3336} INFO - Setting next_dagrun for example_local_kubernetes_executor to None, run_after=None
[2022-11-06T03:05:26.276+0200] {processor.py:176} INFO - Processing /Users/mnagy99/opt/anaconda3/envs/airflow-env/lib/python3.8/site-packages/airflow/example_dags/example_local_kubernetes_executor.py took 0.509 seconds
[2022-11-06T03:07:43.397+0200] {processor.py:154} INFO - Started process (PID=6093) to work on /Users/mnagy99/opt/anaconda3/envs/airflow-env/lib/python3.8/site-packages/airflow/example_dags/example_local_kubernetes_executor.py
[2022-11-06T03:07:43.400+0200] {processor.py:756} INFO - Processing file /Users/mnagy99/opt/anaconda3/envs/airflow-env/lib/python3.8/site-packages/airflow/example_dags/example_local_kubernetes_executor.py for tasks to queue
[2022-11-06T03:07:43.401+0200] {logging_mixin.py:120} INFO - [2022-11-06T03:07:43.400+0200] {dagbag.py:537} INFO - Filling up the DagBag from /Users/mnagy99/opt/anaconda3/envs/airflow-env/lib/python3.8/site-packages/airflow/example_dags/example_local_kubernetes_executor.py
[2022-11-06T03:07:43.722+0200] {processor.py:766} INFO - DAG(s) dict_keys(['example_local_kubernetes_executor']) retrieved from /Users/mnagy99/opt/anaconda3/envs/airflow-env/lib/python3.8/site-packages/airflow/example_dags/example_local_kubernetes_executor.py
[2022-11-06T03:07:43.856+0200] {logging_mixin.py:120} INFO - [2022-11-06T03:07:43.856+0200] {dag.py:2585} INFO - Sync 1 DAGs
[2022-11-06T03:07:43.871+0200] {logging_mixin.py:120} INFO - [2022-11-06T03:07:43.870+0200] {dag.py:3336} INFO - Setting next_dagrun for example_local_kubernetes_executor to None, run_after=None
[2022-11-06T03:07:43.890+0200] {processor.py:176} INFO - Processing /Users/mnagy99/opt/anaconda3/envs/airflow-env/lib/python3.8/site-packages/airflow/example_dags/example_local_kubernetes_executor.py took 0.493 seconds
[2022-11-06T03:09:52.082+0200] {processor.py:154} INFO - Started process (PID=6231) to work on /Users/mnagy99/opt/anaconda3/envs/airflow-env/lib/python3.8/site-packages/airflow/example_dags/example_local_kubernetes_executor.py
[2022-11-06T03:09:52.084+0200] {processor.py:756} INFO - Processing file /Users/mnagy99/opt/anaconda3/envs/airflow-env/lib/python3.8/site-packages/airflow/example_dags/example_local_kubernetes_executor.py for tasks to queue
[2022-11-06T03:09:52.084+0200] {logging_mixin.py:120} INFO - [2022-11-06T03:09:52.084+0200] {dagbag.py:537} INFO - Filling up the DagBag from /Users/mnagy99/opt/anaconda3/envs/airflow-env/lib/python3.8/site-packages/airflow/example_dags/example_local_kubernetes_executor.py
[2022-11-06T03:09:52.418+0200] {processor.py:766} INFO - DAG(s) dict_keys(['example_local_kubernetes_executor']) retrieved from /Users/mnagy99/opt/anaconda3/envs/airflow-env/lib/python3.8/site-packages/airflow/example_dags/example_local_kubernetes_executor.py
[2022-11-06T03:09:52.550+0200] {logging_mixin.py:120} INFO - [2022-11-06T03:09:52.550+0200] {dag.py:2585} INFO - Sync 1 DAGs
[2022-11-06T03:09:52.563+0200] {logging_mixin.py:120} INFO - [2022-11-06T03:09:52.563+0200] {dag.py:3336} INFO - Setting next_dagrun for example_local_kubernetes_executor to None, run_after=None
[2022-11-06T03:09:52.583+0200] {processor.py:176} INFO - Processing /Users/mnagy99/opt/anaconda3/envs/airflow-env/lib/python3.8/site-packages/airflow/example_dags/example_local_kubernetes_executor.py took 0.502 seconds
[2022-11-06T03:11:53.136+0200] {processor.py:154} INFO - Started process (PID=6357) to work on /Users/mnagy99/opt/anaconda3/envs/airflow-env/lib/python3.8/site-packages/airflow/example_dags/example_local_kubernetes_executor.py
[2022-11-06T03:11:53.138+0200] {processor.py:756} INFO - Processing file /Users/mnagy99/opt/anaconda3/envs/airflow-env/lib/python3.8/site-packages/airflow/example_dags/example_local_kubernetes_executor.py for tasks to queue
[2022-11-06T03:11:53.139+0200] {logging_mixin.py:120} INFO - [2022-11-06T03:11:53.139+0200] {dagbag.py:537} INFO - Filling up the DagBag from /Users/mnagy99/opt/anaconda3/envs/airflow-env/lib/python3.8/site-packages/airflow/example_dags/example_local_kubernetes_executor.py
[2022-11-06T03:11:53.469+0200] {processor.py:766} INFO - DAG(s) dict_keys(['example_local_kubernetes_executor']) retrieved from /Users/mnagy99/opt/anaconda3/envs/airflow-env/lib/python3.8/site-packages/airflow/example_dags/example_local_kubernetes_executor.py
[2022-11-06T03:11:53.602+0200] {logging_mixin.py:120} INFO - [2022-11-06T03:11:53.601+0200] {dag.py:2585} INFO - Sync 1 DAGs
[2022-11-06T03:11:53.615+0200] {logging_mixin.py:120} INFO - [2022-11-06T03:11:53.615+0200] {dag.py:3336} INFO - Setting next_dagrun for example_local_kubernetes_executor to None, run_after=None
[2022-11-06T03:11:53.634+0200] {processor.py:176} INFO - Processing /Users/mnagy99/opt/anaconda3/envs/airflow-env/lib/python3.8/site-packages/airflow/example_dags/example_local_kubernetes_executor.py took 0.500 seconds
[2022-11-06T03:14:03.324+0200] {processor.py:154} INFO - Started process (PID=6485) to work on /Users/mnagy99/opt/anaconda3/envs/airflow-env/lib/python3.8/site-packages/airflow/example_dags/example_local_kubernetes_executor.py
[2022-11-06T03:14:03.327+0200] {processor.py:756} INFO - Processing file /Users/mnagy99/opt/anaconda3/envs/airflow-env/lib/python3.8/site-packages/airflow/example_dags/example_local_kubernetes_executor.py for tasks to queue
[2022-11-06T03:14:03.328+0200] {logging_mixin.py:120} INFO - [2022-11-06T03:14:03.327+0200] {dagbag.py:537} INFO - Filling up the DagBag from /Users/mnagy99/opt/anaconda3/envs/airflow-env/lib/python3.8/site-packages/airflow/example_dags/example_local_kubernetes_executor.py
[2022-11-06T03:14:03.678+0200] {processor.py:766} INFO - DAG(s) dict_keys(['example_local_kubernetes_executor']) retrieved from /Users/mnagy99/opt/anaconda3/envs/airflow-env/lib/python3.8/site-packages/airflow/example_dags/example_local_kubernetes_executor.py
[2022-11-06T03:14:03.816+0200] {logging_mixin.py:120} INFO - [2022-11-06T03:14:03.815+0200] {dag.py:2585} INFO - Sync 1 DAGs
[2022-11-06T03:14:03.829+0200] {logging_mixin.py:120} INFO - [2022-11-06T03:14:03.829+0200] {dag.py:3336} INFO - Setting next_dagrun for example_local_kubernetes_executor to None, run_after=None
[2022-11-06T03:14:03.848+0200] {processor.py:176} INFO - Processing /Users/mnagy99/opt/anaconda3/envs/airflow-env/lib/python3.8/site-packages/airflow/example_dags/example_local_kubernetes_executor.py took 0.524 seconds
[2022-11-06T03:16:01.003+0200] {processor.py:154} INFO - Started process (PID=6613) to work on /Users/mnagy99/opt/anaconda3/envs/airflow-env/lib/python3.8/site-packages/airflow/example_dags/example_local_kubernetes_executor.py
[2022-11-06T03:16:01.003+0200] {processor.py:756} INFO - Processing file /Users/mnagy99/opt/anaconda3/envs/airflow-env/lib/python3.8/site-packages/airflow/example_dags/example_local_kubernetes_executor.py for tasks to queue
[2022-11-06T03:16:01.004+0200] {logging_mixin.py:120} INFO - [2022-11-06T03:16:01.004+0200] {dagbag.py:537} INFO - Filling up the DagBag from /Users/mnagy99/opt/anaconda3/envs/airflow-env/lib/python3.8/site-packages/airflow/example_dags/example_local_kubernetes_executor.py
[2022-11-06T03:16:01.332+0200] {processor.py:766} INFO - DAG(s) dict_keys(['example_local_kubernetes_executor']) retrieved from /Users/mnagy99/opt/anaconda3/envs/airflow-env/lib/python3.8/site-packages/airflow/example_dags/example_local_kubernetes_executor.py
[2022-11-06T03:16:01.465+0200] {logging_mixin.py:120} INFO - [2022-11-06T03:16:01.465+0200] {dag.py:2585} INFO - Sync 1 DAGs
[2022-11-06T03:16:01.479+0200] {logging_mixin.py:120} INFO - [2022-11-06T03:16:01.479+0200] {dag.py:3336} INFO - Setting next_dagrun for example_local_kubernetes_executor to None, run_after=None
[2022-11-06T03:16:01.499+0200] {processor.py:176} INFO - Processing /Users/mnagy99/opt/anaconda3/envs/airflow-env/lib/python3.8/site-packages/airflow/example_dags/example_local_kubernetes_executor.py took 0.497 seconds
[2022-11-06T03:17:58.456+0200] {processor.py:154} INFO - Started process (PID=6749) to work on /Users/mnagy99/opt/anaconda3/envs/airflow-env/lib/python3.8/site-packages/airflow/example_dags/example_local_kubernetes_executor.py
[2022-11-06T03:17:58.458+0200] {processor.py:756} INFO - Processing file /Users/mnagy99/opt/anaconda3/envs/airflow-env/lib/python3.8/site-packages/airflow/example_dags/example_local_kubernetes_executor.py for tasks to queue
[2022-11-06T03:17:58.459+0200] {logging_mixin.py:120} INFO - [2022-11-06T03:17:58.459+0200] {dagbag.py:537} INFO - Filling up the DagBag from /Users/mnagy99/opt/anaconda3/envs/airflow-env/lib/python3.8/site-packages/airflow/example_dags/example_local_kubernetes_executor.py
[2022-11-06T03:17:58.799+0200] {processor.py:766} INFO - DAG(s) dict_keys(['example_local_kubernetes_executor']) retrieved from /Users/mnagy99/opt/anaconda3/envs/airflow-env/lib/python3.8/site-packages/airflow/example_dags/example_local_kubernetes_executor.py
[2022-11-06T03:17:58.936+0200] {logging_mixin.py:120} INFO - [2022-11-06T03:17:58.936+0200] {dag.py:2585} INFO - Sync 1 DAGs
[2022-11-06T03:17:58.950+0200] {logging_mixin.py:120} INFO - [2022-11-06T03:17:58.949+0200] {dag.py:3336} INFO - Setting next_dagrun for example_local_kubernetes_executor to None, run_after=None
[2022-11-06T03:17:58.967+0200] {processor.py:176} INFO - Processing /Users/mnagy99/opt/anaconda3/envs/airflow-env/lib/python3.8/site-packages/airflow/example_dags/example_local_kubernetes_executor.py took 0.512 seconds
[2022-11-06T03:19:57.211+0200] {processor.py:154} INFO - Started process (PID=6871) to work on /Users/mnagy99/opt/anaconda3/envs/airflow-env/lib/python3.8/site-packages/airflow/example_dags/example_local_kubernetes_executor.py
[2022-11-06T03:19:57.211+0200] {processor.py:756} INFO - Processing file /Users/mnagy99/opt/anaconda3/envs/airflow-env/lib/python3.8/site-packages/airflow/example_dags/example_local_kubernetes_executor.py for tasks to queue
[2022-11-06T03:19:57.212+0200] {logging_mixin.py:120} INFO - [2022-11-06T03:19:57.212+0200] {dagbag.py:537} INFO - Filling up the DagBag from /Users/mnagy99/opt/anaconda3/envs/airflow-env/lib/python3.8/site-packages/airflow/example_dags/example_local_kubernetes_executor.py
[2022-11-06T03:19:57.538+0200] {processor.py:766} INFO - DAG(s) dict_keys(['example_local_kubernetes_executor']) retrieved from /Users/mnagy99/opt/anaconda3/envs/airflow-env/lib/python3.8/site-packages/airflow/example_dags/example_local_kubernetes_executor.py
[2022-11-06T03:19:57.670+0200] {logging_mixin.py:120} INFO - [2022-11-06T03:19:57.669+0200] {dag.py:2585} INFO - Sync 1 DAGs
[2022-11-06T03:19:57.683+0200] {logging_mixin.py:120} INFO - [2022-11-06T03:19:57.683+0200] {dag.py:3336} INFO - Setting next_dagrun for example_local_kubernetes_executor to None, run_after=None
[2022-11-06T03:19:57.702+0200] {processor.py:176} INFO - Processing /Users/mnagy99/opt/anaconda3/envs/airflow-env/lib/python3.8/site-packages/airflow/example_dags/example_local_kubernetes_executor.py took 0.492 seconds
[2022-11-06T03:21:57.970+0200] {processor.py:154} INFO - Started process (PID=6995) to work on /Users/mnagy99/opt/anaconda3/envs/airflow-env/lib/python3.8/site-packages/airflow/example_dags/example_local_kubernetes_executor.py
[2022-11-06T03:21:57.971+0200] {processor.py:756} INFO - Processing file /Users/mnagy99/opt/anaconda3/envs/airflow-env/lib/python3.8/site-packages/airflow/example_dags/example_local_kubernetes_executor.py for tasks to queue
[2022-11-06T03:21:57.971+0200] {logging_mixin.py:120} INFO - [2022-11-06T03:21:57.971+0200] {dagbag.py:537} INFO - Filling up the DagBag from /Users/mnagy99/opt/anaconda3/envs/airflow-env/lib/python3.8/site-packages/airflow/example_dags/example_local_kubernetes_executor.py
[2022-11-06T03:21:58.316+0200] {processor.py:766} INFO - DAG(s) dict_keys(['example_local_kubernetes_executor']) retrieved from /Users/mnagy99/opt/anaconda3/envs/airflow-env/lib/python3.8/site-packages/airflow/example_dags/example_local_kubernetes_executor.py
[2022-11-06T03:21:58.446+0200] {logging_mixin.py:120} INFO - [2022-11-06T03:21:58.446+0200] {dag.py:2585} INFO - Sync 1 DAGs
[2022-11-06T03:21:58.459+0200] {logging_mixin.py:120} INFO - [2022-11-06T03:21:58.459+0200] {dag.py:3336} INFO - Setting next_dagrun for example_local_kubernetes_executor to None, run_after=None
[2022-11-06T03:21:58.476+0200] {processor.py:176} INFO - Processing /Users/mnagy99/opt/anaconda3/envs/airflow-env/lib/python3.8/site-packages/airflow/example_dags/example_local_kubernetes_executor.py took 0.506 seconds
[2022-11-06T03:24:00.757+0200] {processor.py:154} INFO - Started process (PID=7124) to work on /Users/mnagy99/opt/anaconda3/envs/airflow-env/lib/python3.8/site-packages/airflow/example_dags/example_local_kubernetes_executor.py
[2022-11-06T03:24:00.760+0200] {processor.py:756} INFO - Processing file /Users/mnagy99/opt/anaconda3/envs/airflow-env/lib/python3.8/site-packages/airflow/example_dags/example_local_kubernetes_executor.py for tasks to queue
[2022-11-06T03:24:00.761+0200] {logging_mixin.py:120} INFO - [2022-11-06T03:24:00.761+0200] {dagbag.py:537} INFO - Filling up the DagBag from /Users/mnagy99/opt/anaconda3/envs/airflow-env/lib/python3.8/site-packages/airflow/example_dags/example_local_kubernetes_executor.py
[2022-11-06T03:24:01.092+0200] {processor.py:766} INFO - DAG(s) dict_keys(['example_local_kubernetes_executor']) retrieved from /Users/mnagy99/opt/anaconda3/envs/airflow-env/lib/python3.8/site-packages/airflow/example_dags/example_local_kubernetes_executor.py
[2022-11-06T03:24:01.229+0200] {logging_mixin.py:120} INFO - [2022-11-06T03:24:01.228+0200] {dag.py:2585} INFO - Sync 1 DAGs
[2022-11-06T03:24:01.242+0200] {logging_mixin.py:120} INFO - [2022-11-06T03:24:01.242+0200] {dag.py:3336} INFO - Setting next_dagrun for example_local_kubernetes_executor to None, run_after=None
[2022-11-06T03:24:01.260+0200] {processor.py:176} INFO - Processing /Users/mnagy99/opt/anaconda3/envs/airflow-env/lib/python3.8/site-packages/airflow/example_dags/example_local_kubernetes_executor.py took 0.503 seconds
[2022-11-06T03:25:55.198+0200] {processor.py:154} INFO - Started process (PID=7255) to work on /Users/mnagy99/opt/anaconda3/envs/airflow-env/lib/python3.8/site-packages/airflow/example_dags/example_local_kubernetes_executor.py
[2022-11-06T03:25:55.201+0200] {processor.py:756} INFO - Processing file /Users/mnagy99/opt/anaconda3/envs/airflow-env/lib/python3.8/site-packages/airflow/example_dags/example_local_kubernetes_executor.py for tasks to queue
[2022-11-06T03:25:55.201+0200] {logging_mixin.py:120} INFO - [2022-11-06T03:25:55.201+0200] {dagbag.py:537} INFO - Filling up the DagBag from /Users/mnagy99/opt/anaconda3/envs/airflow-env/lib/python3.8/site-packages/airflow/example_dags/example_local_kubernetes_executor.py
[2022-11-06T03:25:55.546+0200] {processor.py:766} INFO - DAG(s) dict_keys(['example_local_kubernetes_executor']) retrieved from /Users/mnagy99/opt/anaconda3/envs/airflow-env/lib/python3.8/site-packages/airflow/example_dags/example_local_kubernetes_executor.py
[2022-11-06T03:25:55.680+0200] {logging_mixin.py:120} INFO - [2022-11-06T03:25:55.679+0200] {dag.py:2585} INFO - Sync 1 DAGs
[2022-11-06T03:25:55.694+0200] {logging_mixin.py:120} INFO - [2022-11-06T03:25:55.693+0200] {dag.py:3336} INFO - Setting next_dagrun for example_local_kubernetes_executor to None, run_after=None
[2022-11-06T03:25:55.712+0200] {processor.py:176} INFO - Processing /Users/mnagy99/opt/anaconda3/envs/airflow-env/lib/python3.8/site-packages/airflow/example_dags/example_local_kubernetes_executor.py took 0.514 seconds
[2022-11-06T03:27:57.021+0200] {processor.py:154} INFO - Started process (PID=7394) to work on /Users/mnagy99/opt/anaconda3/envs/airflow-env/lib/python3.8/site-packages/airflow/example_dags/example_local_kubernetes_executor.py
[2022-11-06T03:27:57.022+0200] {processor.py:756} INFO - Processing file /Users/mnagy99/opt/anaconda3/envs/airflow-env/lib/python3.8/site-packages/airflow/example_dags/example_local_kubernetes_executor.py for tasks to queue
[2022-11-06T03:27:57.023+0200] {logging_mixin.py:120} INFO - [2022-11-06T03:27:57.022+0200] {dagbag.py:537} INFO - Filling up the DagBag from /Users/mnagy99/opt/anaconda3/envs/airflow-env/lib/python3.8/site-packages/airflow/example_dags/example_local_kubernetes_executor.py
[2022-11-06T03:27:57.411+0200] {processor.py:766} INFO - DAG(s) dict_keys(['example_local_kubernetes_executor']) retrieved from /Users/mnagy99/opt/anaconda3/envs/airflow-env/lib/python3.8/site-packages/airflow/example_dags/example_local_kubernetes_executor.py
[2022-11-06T03:27:57.542+0200] {logging_mixin.py:120} INFO - [2022-11-06T03:27:57.542+0200] {dag.py:2585} INFO - Sync 1 DAGs
[2022-11-06T03:27:57.557+0200] {logging_mixin.py:120} INFO - [2022-11-06T03:27:57.556+0200] {dag.py:3336} INFO - Setting next_dagrun for example_local_kubernetes_executor to None, run_after=None
[2022-11-06T03:27:57.574+0200] {processor.py:176} INFO - Processing /Users/mnagy99/opt/anaconda3/envs/airflow-env/lib/python3.8/site-packages/airflow/example_dags/example_local_kubernetes_executor.py took 0.553 seconds
[2022-11-06T03:29:59.261+0200] {processor.py:154} INFO - Started process (PID=7519) to work on /Users/mnagy99/opt/anaconda3/envs/airflow-env/lib/python3.8/site-packages/airflow/example_dags/example_local_kubernetes_executor.py
[2022-11-06T03:29:59.262+0200] {processor.py:756} INFO - Processing file /Users/mnagy99/opt/anaconda3/envs/airflow-env/lib/python3.8/site-packages/airflow/example_dags/example_local_kubernetes_executor.py for tasks to queue
[2022-11-06T03:29:59.263+0200] {logging_mixin.py:120} INFO - [2022-11-06T03:29:59.263+0200] {dagbag.py:537} INFO - Filling up the DagBag from /Users/mnagy99/opt/anaconda3/envs/airflow-env/lib/python3.8/site-packages/airflow/example_dags/example_local_kubernetes_executor.py
[2022-11-06T03:29:59.682+0200] {processor.py:766} INFO - DAG(s) dict_keys(['example_local_kubernetes_executor']) retrieved from /Users/mnagy99/opt/anaconda3/envs/airflow-env/lib/python3.8/site-packages/airflow/example_dags/example_local_kubernetes_executor.py
[2022-11-06T03:29:59.853+0200] {logging_mixin.py:120} INFO - [2022-11-06T03:29:59.853+0200] {dag.py:2585} INFO - Sync 1 DAGs
[2022-11-06T03:29:59.870+0200] {logging_mixin.py:120} INFO - [2022-11-06T03:29:59.870+0200] {dag.py:3336} INFO - Setting next_dagrun for example_local_kubernetes_executor to None, run_after=None
[2022-11-06T03:29:59.891+0200] {processor.py:176} INFO - Processing /Users/mnagy99/opt/anaconda3/envs/airflow-env/lib/python3.8/site-packages/airflow/example_dags/example_local_kubernetes_executor.py took 0.631 seconds
[2022-11-06T03:31:59.852+0200] {processor.py:154} INFO - Started process (PID=7647) to work on /Users/mnagy99/opt/anaconda3/envs/airflow-env/lib/python3.8/site-packages/airflow/example_dags/example_local_kubernetes_executor.py
[2022-11-06T03:31:59.854+0200] {processor.py:756} INFO - Processing file /Users/mnagy99/opt/anaconda3/envs/airflow-env/lib/python3.8/site-packages/airflow/example_dags/example_local_kubernetes_executor.py for tasks to queue
[2022-11-06T03:31:59.854+0200] {logging_mixin.py:120} INFO - [2022-11-06T03:31:59.854+0200] {dagbag.py:537} INFO - Filling up the DagBag from /Users/mnagy99/opt/anaconda3/envs/airflow-env/lib/python3.8/site-packages/airflow/example_dags/example_local_kubernetes_executor.py
[2022-11-06T03:32:00.181+0200] {processor.py:766} INFO - DAG(s) dict_keys(['example_local_kubernetes_executor']) retrieved from /Users/mnagy99/opt/anaconda3/envs/airflow-env/lib/python3.8/site-packages/airflow/example_dags/example_local_kubernetes_executor.py
[2022-11-06T03:32:00.313+0200] {logging_mixin.py:120} INFO - [2022-11-06T03:32:00.313+0200] {dag.py:2585} INFO - Sync 1 DAGs
[2022-11-06T03:32:00.327+0200] {logging_mixin.py:120} INFO - [2022-11-06T03:32:00.327+0200] {dag.py:3336} INFO - Setting next_dagrun for example_local_kubernetes_executor to None, run_after=None
[2022-11-06T03:32:00.342+0200] {processor.py:176} INFO - Processing /Users/mnagy99/opt/anaconda3/envs/airflow-env/lib/python3.8/site-packages/airflow/example_dags/example_local_kubernetes_executor.py took 0.491 seconds
[2022-11-06T03:34:11.845+0200] {processor.py:154} INFO - Started process (PID=7783) to work on /Users/mnagy99/opt/anaconda3/envs/airflow-env/lib/python3.8/site-packages/airflow/example_dags/example_local_kubernetes_executor.py
[2022-11-06T03:34:11.846+0200] {processor.py:756} INFO - Processing file /Users/mnagy99/opt/anaconda3/envs/airflow-env/lib/python3.8/site-packages/airflow/example_dags/example_local_kubernetes_executor.py for tasks to queue
[2022-11-06T03:34:11.846+0200] {logging_mixin.py:120} INFO - [2022-11-06T03:34:11.846+0200] {dagbag.py:537} INFO - Filling up the DagBag from /Users/mnagy99/opt/anaconda3/envs/airflow-env/lib/python3.8/site-packages/airflow/example_dags/example_local_kubernetes_executor.py
[2022-11-06T03:34:12.170+0200] {processor.py:766} INFO - DAG(s) dict_keys(['example_local_kubernetes_executor']) retrieved from /Users/mnagy99/opt/anaconda3/envs/airflow-env/lib/python3.8/site-packages/airflow/example_dags/example_local_kubernetes_executor.py
[2022-11-06T03:34:12.309+0200] {logging_mixin.py:120} INFO - [2022-11-06T03:34:12.309+0200] {dag.py:2585} INFO - Sync 1 DAGs
[2022-11-06T03:34:12.326+0200] {logging_mixin.py:120} INFO - [2022-11-06T03:34:12.326+0200] {dag.py:3336} INFO - Setting next_dagrun for example_local_kubernetes_executor to None, run_after=None
[2022-11-06T03:34:12.347+0200] {processor.py:176} INFO - Processing /Users/mnagy99/opt/anaconda3/envs/airflow-env/lib/python3.8/site-packages/airflow/example_dags/example_local_kubernetes_executor.py took 0.503 seconds
[2022-11-06T03:36:17.660+0200] {processor.py:154} INFO - Started process (PID=7957) to work on /Users/mnagy99/opt/anaconda3/envs/airflow-env/lib/python3.8/site-packages/airflow/example_dags/example_local_kubernetes_executor.py
[2022-11-06T03:36:17.663+0200] {processor.py:756} INFO - Processing file /Users/mnagy99/opt/anaconda3/envs/airflow-env/lib/python3.8/site-packages/airflow/example_dags/example_local_kubernetes_executor.py for tasks to queue
[2022-11-06T03:36:17.664+0200] {logging_mixin.py:120} INFO - [2022-11-06T03:36:17.664+0200] {dagbag.py:537} INFO - Filling up the DagBag from /Users/mnagy99/opt/anaconda3/envs/airflow-env/lib/python3.8/site-packages/airflow/example_dags/example_local_kubernetes_executor.py
[2022-11-06T03:36:17.998+0200] {processor.py:766} INFO - DAG(s) dict_keys(['example_local_kubernetes_executor']) retrieved from /Users/mnagy99/opt/anaconda3/envs/airflow-env/lib/python3.8/site-packages/airflow/example_dags/example_local_kubernetes_executor.py
[2022-11-06T03:36:18.130+0200] {logging_mixin.py:120} INFO - [2022-11-06T03:36:18.130+0200] {dag.py:2585} INFO - Sync 1 DAGs
[2022-11-06T03:36:18.144+0200] {logging_mixin.py:120} INFO - [2022-11-06T03:36:18.144+0200] {dag.py:3336} INFO - Setting next_dagrun for example_local_kubernetes_executor to None, run_after=None
[2022-11-06T03:36:18.162+0200] {processor.py:176} INFO - Processing /Users/mnagy99/opt/anaconda3/envs/airflow-env/lib/python3.8/site-packages/airflow/example_dags/example_local_kubernetes_executor.py took 0.502 seconds
[2022-11-06T03:38:19.524+0200] {processor.py:154} INFO - Started process (PID=8081) to work on /Users/mnagy99/opt/anaconda3/envs/airflow-env/lib/python3.8/site-packages/airflow/example_dags/example_local_kubernetes_executor.py
[2022-11-06T03:38:19.526+0200] {processor.py:756} INFO - Processing file /Users/mnagy99/opt/anaconda3/envs/airflow-env/lib/python3.8/site-packages/airflow/example_dags/example_local_kubernetes_executor.py for tasks to queue
[2022-11-06T03:38:19.527+0200] {logging_mixin.py:120} INFO - [2022-11-06T03:38:19.527+0200] {dagbag.py:537} INFO - Filling up the DagBag from /Users/mnagy99/opt/anaconda3/envs/airflow-env/lib/python3.8/site-packages/airflow/example_dags/example_local_kubernetes_executor.py
[2022-11-06T03:38:19.859+0200] {processor.py:766} INFO - DAG(s) dict_keys(['example_local_kubernetes_executor']) retrieved from /Users/mnagy99/opt/anaconda3/envs/airflow-env/lib/python3.8/site-packages/airflow/example_dags/example_local_kubernetes_executor.py
[2022-11-06T03:38:19.996+0200] {logging_mixin.py:120} INFO - [2022-11-06T03:38:19.996+0200] {dag.py:2585} INFO - Sync 1 DAGs
[2022-11-06T03:38:20.009+0200] {logging_mixin.py:120} INFO - [2022-11-06T03:38:20.009+0200] {dag.py:3336} INFO - Setting next_dagrun for example_local_kubernetes_executor to None, run_after=None
[2022-11-06T03:38:20.028+0200] {processor.py:176} INFO - Processing /Users/mnagy99/opt/anaconda3/envs/airflow-env/lib/python3.8/site-packages/airflow/example_dags/example_local_kubernetes_executor.py took 0.504 seconds
[2022-11-06T03:40:18.582+0200] {processor.py:154} INFO - Started process (PID=8204) to work on /Users/mnagy99/opt/anaconda3/envs/airflow-env/lib/python3.8/site-packages/airflow/example_dags/example_local_kubernetes_executor.py
[2022-11-06T03:40:18.584+0200] {processor.py:756} INFO - Processing file /Users/mnagy99/opt/anaconda3/envs/airflow-env/lib/python3.8/site-packages/airflow/example_dags/example_local_kubernetes_executor.py for tasks to queue
[2022-11-06T03:40:18.585+0200] {logging_mixin.py:120} INFO - [2022-11-06T03:40:18.585+0200] {dagbag.py:537} INFO - Filling up the DagBag from /Users/mnagy99/opt/anaconda3/envs/airflow-env/lib/python3.8/site-packages/airflow/example_dags/example_local_kubernetes_executor.py
[2022-11-06T03:40:18.948+0200] {processor.py:766} INFO - DAG(s) dict_keys(['example_local_kubernetes_executor']) retrieved from /Users/mnagy99/opt/anaconda3/envs/airflow-env/lib/python3.8/site-packages/airflow/example_dags/example_local_kubernetes_executor.py
[2022-11-06T03:40:19.101+0200] {logging_mixin.py:120} INFO - [2022-11-06T03:40:19.101+0200] {dag.py:2585} INFO - Sync 1 DAGs
[2022-11-06T03:40:19.115+0200] {logging_mixin.py:120} INFO - [2022-11-06T03:40:19.115+0200] {dag.py:3336} INFO - Setting next_dagrun for example_local_kubernetes_executor to None, run_after=None
[2022-11-06T03:40:19.133+0200] {processor.py:176} INFO - Processing /Users/mnagy99/opt/anaconda3/envs/airflow-env/lib/python3.8/site-packages/airflow/example_dags/example_local_kubernetes_executor.py took 0.554 seconds
[2022-11-06T03:42:18.097+0200] {processor.py:154} INFO - Started process (PID=8324) to work on /Users/mnagy99/opt/anaconda3/envs/airflow-env/lib/python3.8/site-packages/airflow/example_dags/example_local_kubernetes_executor.py
[2022-11-06T03:42:18.100+0200] {processor.py:756} INFO - Processing file /Users/mnagy99/opt/anaconda3/envs/airflow-env/lib/python3.8/site-packages/airflow/example_dags/example_local_kubernetes_executor.py for tasks to queue
[2022-11-06T03:42:18.100+0200] {logging_mixin.py:120} INFO - [2022-11-06T03:42:18.100+0200] {dagbag.py:537} INFO - Filling up the DagBag from /Users/mnagy99/opt/anaconda3/envs/airflow-env/lib/python3.8/site-packages/airflow/example_dags/example_local_kubernetes_executor.py
[2022-11-06T03:42:18.421+0200] {processor.py:766} INFO - DAG(s) dict_keys(['example_local_kubernetes_executor']) retrieved from /Users/mnagy99/opt/anaconda3/envs/airflow-env/lib/python3.8/site-packages/airflow/example_dags/example_local_kubernetes_executor.py
[2022-11-06T03:42:18.555+0200] {logging_mixin.py:120} INFO - [2022-11-06T03:42:18.554+0200] {dag.py:2585} INFO - Sync 1 DAGs
[2022-11-06T03:42:18.568+0200] {logging_mixin.py:120} INFO - [2022-11-06T03:42:18.568+0200] {dag.py:3336} INFO - Setting next_dagrun for example_local_kubernetes_executor to None, run_after=None
[2022-11-06T03:42:18.585+0200] {processor.py:176} INFO - Processing /Users/mnagy99/opt/anaconda3/envs/airflow-env/lib/python3.8/site-packages/airflow/example_dags/example_local_kubernetes_executor.py took 0.489 seconds
[2022-11-06T03:44:18.453+0200] {processor.py:154} INFO - Started process (PID=8455) to work on /Users/mnagy99/opt/anaconda3/envs/airflow-env/lib/python3.8/site-packages/airflow/example_dags/example_local_kubernetes_executor.py
[2022-11-06T03:44:18.455+0200] {processor.py:756} INFO - Processing file /Users/mnagy99/opt/anaconda3/envs/airflow-env/lib/python3.8/site-packages/airflow/example_dags/example_local_kubernetes_executor.py for tasks to queue
[2022-11-06T03:44:18.456+0200] {logging_mixin.py:120} INFO - [2022-11-06T03:44:18.456+0200] {dagbag.py:537} INFO - Filling up the DagBag from /Users/mnagy99/opt/anaconda3/envs/airflow-env/lib/python3.8/site-packages/airflow/example_dags/example_local_kubernetes_executor.py
[2022-11-06T03:44:18.848+0200] {processor.py:766} INFO - DAG(s) dict_keys(['example_local_kubernetes_executor']) retrieved from /Users/mnagy99/opt/anaconda3/envs/airflow-env/lib/python3.8/site-packages/airflow/example_dags/example_local_kubernetes_executor.py
[2022-11-06T03:44:18.993+0200] {logging_mixin.py:120} INFO - [2022-11-06T03:44:18.993+0200] {dag.py:2585} INFO - Sync 1 DAGs
[2022-11-06T03:44:19.009+0200] {logging_mixin.py:120} INFO - [2022-11-06T03:44:19.009+0200] {dag.py:3336} INFO - Setting next_dagrun for example_local_kubernetes_executor to None, run_after=None
[2022-11-06T03:44:19.028+0200] {processor.py:176} INFO - Processing /Users/mnagy99/opt/anaconda3/envs/airflow-env/lib/python3.8/site-packages/airflow/example_dags/example_local_kubernetes_executor.py took 0.577 seconds
[2022-11-06T03:46:19.861+0200] {processor.py:154} INFO - Started process (PID=8591) to work on /Users/mnagy99/opt/anaconda3/envs/airflow-env/lib/python3.8/site-packages/airflow/example_dags/example_local_kubernetes_executor.py
[2022-11-06T03:46:19.863+0200] {processor.py:756} INFO - Processing file /Users/mnagy99/opt/anaconda3/envs/airflow-env/lib/python3.8/site-packages/airflow/example_dags/example_local_kubernetes_executor.py for tasks to queue
[2022-11-06T03:46:19.864+0200] {logging_mixin.py:120} INFO - [2022-11-06T03:46:19.864+0200] {dagbag.py:537} INFO - Filling up the DagBag from /Users/mnagy99/opt/anaconda3/envs/airflow-env/lib/python3.8/site-packages/airflow/example_dags/example_local_kubernetes_executor.py
[2022-11-06T03:46:20.218+0200] {processor.py:766} INFO - DAG(s) dict_keys(['example_local_kubernetes_executor']) retrieved from /Users/mnagy99/opt/anaconda3/envs/airflow-env/lib/python3.8/site-packages/airflow/example_dags/example_local_kubernetes_executor.py
[2022-11-06T03:46:20.355+0200] {logging_mixin.py:120} INFO - [2022-11-06T03:46:20.355+0200] {dag.py:2585} INFO - Sync 1 DAGs
[2022-11-06T03:46:20.370+0200] {logging_mixin.py:120} INFO - [2022-11-06T03:46:20.370+0200] {dag.py:3336} INFO - Setting next_dagrun for example_local_kubernetes_executor to None, run_after=None
[2022-11-06T03:46:20.388+0200] {processor.py:176} INFO - Processing /Users/mnagy99/opt/anaconda3/envs/airflow-env/lib/python3.8/site-packages/airflow/example_dags/example_local_kubernetes_executor.py took 0.528 seconds
[2022-11-06T03:48:25.314+0200] {processor.py:154} INFO - Started process (PID=8711) to work on /Users/mnagy99/opt/anaconda3/envs/airflow-env/lib/python3.8/site-packages/airflow/example_dags/example_local_kubernetes_executor.py
[2022-11-06T03:48:25.316+0200] {processor.py:756} INFO - Processing file /Users/mnagy99/opt/anaconda3/envs/airflow-env/lib/python3.8/site-packages/airflow/example_dags/example_local_kubernetes_executor.py for tasks to queue
[2022-11-06T03:48:25.316+0200] {logging_mixin.py:120} INFO - [2022-11-06T03:48:25.316+0200] {dagbag.py:537} INFO - Filling up the DagBag from /Users/mnagy99/opt/anaconda3/envs/airflow-env/lib/python3.8/site-packages/airflow/example_dags/example_local_kubernetes_executor.py
[2022-11-06T03:48:25.678+0200] {processor.py:766} INFO - DAG(s) dict_keys(['example_local_kubernetes_executor']) retrieved from /Users/mnagy99/opt/anaconda3/envs/airflow-env/lib/python3.8/site-packages/airflow/example_dags/example_local_kubernetes_executor.py
[2022-11-06T03:48:25.815+0200] {logging_mixin.py:120} INFO - [2022-11-06T03:48:25.815+0200] {dag.py:2585} INFO - Sync 1 DAGs
[2022-11-06T03:48:25.833+0200] {logging_mixin.py:120} INFO - [2022-11-06T03:48:25.833+0200] {dag.py:3336} INFO - Setting next_dagrun for example_local_kubernetes_executor to None, run_after=None
[2022-11-06T03:48:25.849+0200] {processor.py:176} INFO - Processing /Users/mnagy99/opt/anaconda3/envs/airflow-env/lib/python3.8/site-packages/airflow/example_dags/example_local_kubernetes_executor.py took 0.535 seconds
[2022-11-06T03:50:30.246+0200] {processor.py:154} INFO - Started process (PID=8835) to work on /Users/mnagy99/opt/anaconda3/envs/airflow-env/lib/python3.8/site-packages/airflow/example_dags/example_local_kubernetes_executor.py
[2022-11-06T03:50:30.249+0200] {processor.py:756} INFO - Processing file /Users/mnagy99/opt/anaconda3/envs/airflow-env/lib/python3.8/site-packages/airflow/example_dags/example_local_kubernetes_executor.py for tasks to queue
[2022-11-06T03:50:30.249+0200] {logging_mixin.py:120} INFO - [2022-11-06T03:50:30.249+0200] {dagbag.py:537} INFO - Filling up the DagBag from /Users/mnagy99/opt/anaconda3/envs/airflow-env/lib/python3.8/site-packages/airflow/example_dags/example_local_kubernetes_executor.py
[2022-11-06T03:50:30.590+0200] {processor.py:766} INFO - DAG(s) dict_keys(['example_local_kubernetes_executor']) retrieved from /Users/mnagy99/opt/anaconda3/envs/airflow-env/lib/python3.8/site-packages/airflow/example_dags/example_local_kubernetes_executor.py
[2022-11-06T03:50:30.719+0200] {logging_mixin.py:120} INFO - [2022-11-06T03:50:30.718+0200] {dag.py:2585} INFO - Sync 1 DAGs
[2022-11-06T03:50:30.732+0200] {logging_mixin.py:120} INFO - [2022-11-06T03:50:30.731+0200] {dag.py:3336} INFO - Setting next_dagrun for example_local_kubernetes_executor to None, run_after=None
[2022-11-06T03:50:30.748+0200] {processor.py:176} INFO - Processing /Users/mnagy99/opt/anaconda3/envs/airflow-env/lib/python3.8/site-packages/airflow/example_dags/example_local_kubernetes_executor.py took 0.503 seconds
[2022-11-06T03:52:35.257+0200] {processor.py:154} INFO - Started process (PID=8964) to work on /Users/mnagy99/opt/anaconda3/envs/airflow-env/lib/python3.8/site-packages/airflow/example_dags/example_local_kubernetes_executor.py
[2022-11-06T03:52:35.260+0200] {processor.py:756} INFO - Processing file /Users/mnagy99/opt/anaconda3/envs/airflow-env/lib/python3.8/site-packages/airflow/example_dags/example_local_kubernetes_executor.py for tasks to queue
[2022-11-06T03:52:35.260+0200] {logging_mixin.py:120} INFO - [2022-11-06T03:52:35.260+0200] {dagbag.py:537} INFO - Filling up the DagBag from /Users/mnagy99/opt/anaconda3/envs/airflow-env/lib/python3.8/site-packages/airflow/example_dags/example_local_kubernetes_executor.py
[2022-11-06T03:52:35.686+0200] {processor.py:766} INFO - DAG(s) dict_keys(['example_local_kubernetes_executor']) retrieved from /Users/mnagy99/opt/anaconda3/envs/airflow-env/lib/python3.8/site-packages/airflow/example_dags/example_local_kubernetes_executor.py
[2022-11-06T03:52:35.931+0200] {logging_mixin.py:120} INFO - [2022-11-06T03:52:35.931+0200] {dag.py:2585} INFO - Sync 1 DAGs
[2022-11-06T03:52:35.966+0200] {logging_mixin.py:120} INFO - [2022-11-06T03:52:35.966+0200] {dag.py:3336} INFO - Setting next_dagrun for example_local_kubernetes_executor to None, run_after=None
[2022-11-06T03:52:35.993+0200] {processor.py:176} INFO - Processing /Users/mnagy99/opt/anaconda3/envs/airflow-env/lib/python3.8/site-packages/airflow/example_dags/example_local_kubernetes_executor.py took 0.737 seconds
[2022-11-06T03:54:48.546+0200] {processor.py:154} INFO - Started process (PID=9097) to work on /Users/mnagy99/opt/anaconda3/envs/airflow-env/lib/python3.8/site-packages/airflow/example_dags/example_local_kubernetes_executor.py
[2022-11-06T03:54:48.547+0200] {processor.py:756} INFO - Processing file /Users/mnagy99/opt/anaconda3/envs/airflow-env/lib/python3.8/site-packages/airflow/example_dags/example_local_kubernetes_executor.py for tasks to queue
[2022-11-06T03:54:48.548+0200] {logging_mixin.py:120} INFO - [2022-11-06T03:54:48.548+0200] {dagbag.py:537} INFO - Filling up the DagBag from /Users/mnagy99/opt/anaconda3/envs/airflow-env/lib/python3.8/site-packages/airflow/example_dags/example_local_kubernetes_executor.py
[2022-11-06T03:54:48.895+0200] {processor.py:766} INFO - DAG(s) dict_keys(['example_local_kubernetes_executor']) retrieved from /Users/mnagy99/opt/anaconda3/envs/airflow-env/lib/python3.8/site-packages/airflow/example_dags/example_local_kubernetes_executor.py
[2022-11-06T03:54:49.035+0200] {logging_mixin.py:120} INFO - [2022-11-06T03:54:49.035+0200] {dag.py:2585} INFO - Sync 1 DAGs
[2022-11-06T03:54:49.050+0200] {logging_mixin.py:120} INFO - [2022-11-06T03:54:49.049+0200] {dag.py:3336} INFO - Setting next_dagrun for example_local_kubernetes_executor to None, run_after=None
[2022-11-06T03:54:49.070+0200] {processor.py:176} INFO - Processing /Users/mnagy99/opt/anaconda3/envs/airflow-env/lib/python3.8/site-packages/airflow/example_dags/example_local_kubernetes_executor.py took 0.524 seconds
[2022-11-06T03:57:10.927+0200] {processor.py:154} INFO - Started process (PID=9242) to work on /Users/mnagy99/opt/anaconda3/envs/airflow-env/lib/python3.8/site-packages/airflow/example_dags/example_local_kubernetes_executor.py
[2022-11-06T03:57:10.930+0200] {processor.py:756} INFO - Processing file /Users/mnagy99/opt/anaconda3/envs/airflow-env/lib/python3.8/site-packages/airflow/example_dags/example_local_kubernetes_executor.py for tasks to queue
[2022-11-06T03:57:10.931+0200] {logging_mixin.py:120} INFO - [2022-11-06T03:57:10.930+0200] {dagbag.py:537} INFO - Filling up the DagBag from /Users/mnagy99/opt/anaconda3/envs/airflow-env/lib/python3.8/site-packages/airflow/example_dags/example_local_kubernetes_executor.py
[2022-11-06T03:57:11.273+0200] {processor.py:766} INFO - DAG(s) dict_keys(['example_local_kubernetes_executor']) retrieved from /Users/mnagy99/opt/anaconda3/envs/airflow-env/lib/python3.8/site-packages/airflow/example_dags/example_local_kubernetes_executor.py
[2022-11-06T03:57:11.408+0200] {logging_mixin.py:120} INFO - [2022-11-06T03:57:11.408+0200] {dag.py:2585} INFO - Sync 1 DAGs
[2022-11-06T03:57:11.421+0200] {logging_mixin.py:120} INFO - [2022-11-06T03:57:11.421+0200] {dag.py:3336} INFO - Setting next_dagrun for example_local_kubernetes_executor to None, run_after=None
[2022-11-06T03:57:11.439+0200] {processor.py:176} INFO - Processing /Users/mnagy99/opt/anaconda3/envs/airflow-env/lib/python3.8/site-packages/airflow/example_dags/example_local_kubernetes_executor.py took 0.512 seconds
[2022-11-06T03:59:24.171+0200] {processor.py:154} INFO - Started process (PID=9372) to work on /Users/mnagy99/opt/anaconda3/envs/airflow-env/lib/python3.8/site-packages/airflow/example_dags/example_local_kubernetes_executor.py
[2022-11-06T03:59:24.174+0200] {processor.py:756} INFO - Processing file /Users/mnagy99/opt/anaconda3/envs/airflow-env/lib/python3.8/site-packages/airflow/example_dags/example_local_kubernetes_executor.py for tasks to queue
[2022-11-06T03:59:24.174+0200] {logging_mixin.py:120} INFO - [2022-11-06T03:59:24.174+0200] {dagbag.py:537} INFO - Filling up the DagBag from /Users/mnagy99/opt/anaconda3/envs/airflow-env/lib/python3.8/site-packages/airflow/example_dags/example_local_kubernetes_executor.py
[2022-11-06T03:59:24.508+0200] {processor.py:766} INFO - DAG(s) dict_keys(['example_local_kubernetes_executor']) retrieved from /Users/mnagy99/opt/anaconda3/envs/airflow-env/lib/python3.8/site-packages/airflow/example_dags/example_local_kubernetes_executor.py
[2022-11-06T03:59:24.640+0200] {logging_mixin.py:120} INFO - [2022-11-06T03:59:24.640+0200] {dag.py:2585} INFO - Sync 1 DAGs
[2022-11-06T03:59:24.653+0200] {logging_mixin.py:120} INFO - [2022-11-06T03:59:24.653+0200] {dag.py:3336} INFO - Setting next_dagrun for example_local_kubernetes_executor to None, run_after=None
[2022-11-06T03:59:24.672+0200] {processor.py:176} INFO - Processing /Users/mnagy99/opt/anaconda3/envs/airflow-env/lib/python3.8/site-packages/airflow/example_dags/example_local_kubernetes_executor.py took 0.501 seconds
[2022-11-06T04:01:50.019+0200] {processor.py:154} INFO - Started process (PID=9527) to work on /Users/mnagy99/opt/anaconda3/envs/airflow-env/lib/python3.8/site-packages/airflow/example_dags/example_local_kubernetes_executor.py
[2022-11-06T04:01:50.021+0200] {processor.py:756} INFO - Processing file /Users/mnagy99/opt/anaconda3/envs/airflow-env/lib/python3.8/site-packages/airflow/example_dags/example_local_kubernetes_executor.py for tasks to queue
[2022-11-06T04:01:50.022+0200] {logging_mixin.py:120} INFO - [2022-11-06T04:01:50.022+0200] {dagbag.py:537} INFO - Filling up the DagBag from /Users/mnagy99/opt/anaconda3/envs/airflow-env/lib/python3.8/site-packages/airflow/example_dags/example_local_kubernetes_executor.py
[2022-11-06T04:01:50.360+0200] {processor.py:766} INFO - DAG(s) dict_keys(['example_local_kubernetes_executor']) retrieved from /Users/mnagy99/opt/anaconda3/envs/airflow-env/lib/python3.8/site-packages/airflow/example_dags/example_local_kubernetes_executor.py
[2022-11-06T04:01:50.495+0200] {logging_mixin.py:120} INFO - [2022-11-06T04:01:50.495+0200] {dag.py:2585} INFO - Sync 1 DAGs
[2022-11-06T04:01:50.508+0200] {logging_mixin.py:120} INFO - [2022-11-06T04:01:50.508+0200] {dag.py:3336} INFO - Setting next_dagrun for example_local_kubernetes_executor to None, run_after=None
[2022-11-06T04:01:50.524+0200] {processor.py:176} INFO - Processing /Users/mnagy99/opt/anaconda3/envs/airflow-env/lib/python3.8/site-packages/airflow/example_dags/example_local_kubernetes_executor.py took 0.506 seconds
[2022-11-06T04:04:07.725+0200] {processor.py:154} INFO - Started process (PID=9665) to work on /Users/mnagy99/opt/anaconda3/envs/airflow-env/lib/python3.8/site-packages/airflow/example_dags/example_local_kubernetes_executor.py
[2022-11-06T04:04:07.727+0200] {processor.py:756} INFO - Processing file /Users/mnagy99/opt/anaconda3/envs/airflow-env/lib/python3.8/site-packages/airflow/example_dags/example_local_kubernetes_executor.py for tasks to queue
[2022-11-06T04:04:07.728+0200] {logging_mixin.py:120} INFO - [2022-11-06T04:04:07.728+0200] {dagbag.py:537} INFO - Filling up the DagBag from /Users/mnagy99/opt/anaconda3/envs/airflow-env/lib/python3.8/site-packages/airflow/example_dags/example_local_kubernetes_executor.py
[2022-11-06T04:04:08.064+0200] {processor.py:766} INFO - DAG(s) dict_keys(['example_local_kubernetes_executor']) retrieved from /Users/mnagy99/opt/anaconda3/envs/airflow-env/lib/python3.8/site-packages/airflow/example_dags/example_local_kubernetes_executor.py
[2022-11-06T04:04:08.199+0200] {logging_mixin.py:120} INFO - [2022-11-06T04:04:08.199+0200] {dag.py:2585} INFO - Sync 1 DAGs
[2022-11-06T04:04:08.212+0200] {logging_mixin.py:120} INFO - [2022-11-06T04:04:08.212+0200] {dag.py:3336} INFO - Setting next_dagrun for example_local_kubernetes_executor to None, run_after=None
[2022-11-06T04:04:08.229+0200] {processor.py:176} INFO - Processing /Users/mnagy99/opt/anaconda3/envs/airflow-env/lib/python3.8/site-packages/airflow/example_dags/example_local_kubernetes_executor.py took 0.505 seconds
[2022-11-06T04:06:44.120+0200] {processor.py:154} INFO - Started process (PID=9832) to work on /Users/mnagy99/opt/anaconda3/envs/airflow-env/lib/python3.8/site-packages/airflow/example_dags/example_local_kubernetes_executor.py
[2022-11-06T04:06:44.122+0200] {processor.py:756} INFO - Processing file /Users/mnagy99/opt/anaconda3/envs/airflow-env/lib/python3.8/site-packages/airflow/example_dags/example_local_kubernetes_executor.py for tasks to queue
[2022-11-06T04:06:44.122+0200] {logging_mixin.py:120} INFO - [2022-11-06T04:06:44.122+0200] {dagbag.py:537} INFO - Filling up the DagBag from /Users/mnagy99/opt/anaconda3/envs/airflow-env/lib/python3.8/site-packages/airflow/example_dags/example_local_kubernetes_executor.py
[2022-11-06T04:06:44.476+0200] {processor.py:766} INFO - DAG(s) dict_keys(['example_local_kubernetes_executor']) retrieved from /Users/mnagy99/opt/anaconda3/envs/airflow-env/lib/python3.8/site-packages/airflow/example_dags/example_local_kubernetes_executor.py
[2022-11-06T04:06:44.628+0200] {logging_mixin.py:120} INFO - [2022-11-06T04:06:44.628+0200] {dag.py:2585} INFO - Sync 1 DAGs
[2022-11-06T04:06:44.644+0200] {logging_mixin.py:120} INFO - [2022-11-06T04:06:44.644+0200] {dag.py:3336} INFO - Setting next_dagrun for example_local_kubernetes_executor to None, run_after=None
[2022-11-06T04:06:44.661+0200] {processor.py:176} INFO - Processing /Users/mnagy99/opt/anaconda3/envs/airflow-env/lib/python3.8/site-packages/airflow/example_dags/example_local_kubernetes_executor.py took 0.542 seconds
[2022-11-06T04:08:50.601+0200] {processor.py:154} INFO - Started process (PID=9963) to work on /Users/mnagy99/opt/anaconda3/envs/airflow-env/lib/python3.8/site-packages/airflow/example_dags/example_local_kubernetes_executor.py
[2022-11-06T04:08:50.603+0200] {processor.py:756} INFO - Processing file /Users/mnagy99/opt/anaconda3/envs/airflow-env/lib/python3.8/site-packages/airflow/example_dags/example_local_kubernetes_executor.py for tasks to queue
[2022-11-06T04:08:50.604+0200] {logging_mixin.py:120} INFO - [2022-11-06T04:08:50.603+0200] {dagbag.py:537} INFO - Filling up the DagBag from /Users/mnagy99/opt/anaconda3/envs/airflow-env/lib/python3.8/site-packages/airflow/example_dags/example_local_kubernetes_executor.py
[2022-11-06T04:08:50.935+0200] {processor.py:766} INFO - DAG(s) dict_keys(['example_local_kubernetes_executor']) retrieved from /Users/mnagy99/opt/anaconda3/envs/airflow-env/lib/python3.8/site-packages/airflow/example_dags/example_local_kubernetes_executor.py
[2022-11-06T04:08:51.065+0200] {logging_mixin.py:120} INFO - [2022-11-06T04:08:51.065+0200] {dag.py:2585} INFO - Sync 1 DAGs
[2022-11-06T04:08:51.078+0200] {logging_mixin.py:120} INFO - [2022-11-06T04:08:51.078+0200] {dag.py:3336} INFO - Setting next_dagrun for example_local_kubernetes_executor to None, run_after=None
[2022-11-06T04:08:51.096+0200] {processor.py:176} INFO - Processing /Users/mnagy99/opt/anaconda3/envs/airflow-env/lib/python3.8/site-packages/airflow/example_dags/example_local_kubernetes_executor.py took 0.496 seconds
[2022-11-06T04:10:55.442+0200] {processor.py:154} INFO - Started process (PID=10098) to work on /Users/mnagy99/opt/anaconda3/envs/airflow-env/lib/python3.8/site-packages/airflow/example_dags/example_local_kubernetes_executor.py
[2022-11-06T04:10:55.444+0200] {processor.py:756} INFO - Processing file /Users/mnagy99/opt/anaconda3/envs/airflow-env/lib/python3.8/site-packages/airflow/example_dags/example_local_kubernetes_executor.py for tasks to queue
[2022-11-06T04:10:55.445+0200] {logging_mixin.py:120} INFO - [2022-11-06T04:10:55.445+0200] {dagbag.py:537} INFO - Filling up the DagBag from /Users/mnagy99/opt/anaconda3/envs/airflow-env/lib/python3.8/site-packages/airflow/example_dags/example_local_kubernetes_executor.py
[2022-11-06T04:10:55.803+0200] {processor.py:766} INFO - DAG(s) dict_keys(['example_local_kubernetes_executor']) retrieved from /Users/mnagy99/opt/anaconda3/envs/airflow-env/lib/python3.8/site-packages/airflow/example_dags/example_local_kubernetes_executor.py
[2022-11-06T04:10:55.938+0200] {logging_mixin.py:120} INFO - [2022-11-06T04:10:55.938+0200] {dag.py:2585} INFO - Sync 1 DAGs
[2022-11-06T04:10:55.953+0200] {logging_mixin.py:120} INFO - [2022-11-06T04:10:55.952+0200] {dag.py:3336} INFO - Setting next_dagrun for example_local_kubernetes_executor to None, run_after=None
[2022-11-06T04:10:55.972+0200] {processor.py:176} INFO - Processing /Users/mnagy99/opt/anaconda3/envs/airflow-env/lib/python3.8/site-packages/airflow/example_dags/example_local_kubernetes_executor.py took 0.531 seconds
[2022-11-06T04:13:18.469+0200] {processor.py:154} INFO - Started process (PID=10248) to work on /Users/mnagy99/opt/anaconda3/envs/airflow-env/lib/python3.8/site-packages/airflow/example_dags/example_local_kubernetes_executor.py
[2022-11-06T04:13:18.471+0200] {processor.py:756} INFO - Processing file /Users/mnagy99/opt/anaconda3/envs/airflow-env/lib/python3.8/site-packages/airflow/example_dags/example_local_kubernetes_executor.py for tasks to queue
[2022-11-06T04:13:18.472+0200] {logging_mixin.py:120} INFO - [2022-11-06T04:13:18.472+0200] {dagbag.py:537} INFO - Filling up the DagBag from /Users/mnagy99/opt/anaconda3/envs/airflow-env/lib/python3.8/site-packages/airflow/example_dags/example_local_kubernetes_executor.py
[2022-11-06T04:13:18.829+0200] {processor.py:766} INFO - DAG(s) dict_keys(['example_local_kubernetes_executor']) retrieved from /Users/mnagy99/opt/anaconda3/envs/airflow-env/lib/python3.8/site-packages/airflow/example_dags/example_local_kubernetes_executor.py
[2022-11-06T04:13:18.979+0200] {logging_mixin.py:120} INFO - [2022-11-06T04:13:18.978+0200] {dag.py:2585} INFO - Sync 1 DAGs
[2022-11-06T04:13:18.993+0200] {logging_mixin.py:120} INFO - [2022-11-06T04:13:18.993+0200] {dag.py:3336} INFO - Setting next_dagrun for example_local_kubernetes_executor to None, run_after=None
[2022-11-06T04:13:19.012+0200] {processor.py:176} INFO - Processing /Users/mnagy99/opt/anaconda3/envs/airflow-env/lib/python3.8/site-packages/airflow/example_dags/example_local_kubernetes_executor.py took 0.544 seconds
[2022-11-06T04:15:18.274+0200] {processor.py:154} INFO - Started process (PID=10381) to work on /Users/mnagy99/opt/anaconda3/envs/airflow-env/lib/python3.8/site-packages/airflow/example_dags/example_local_kubernetes_executor.py
[2022-11-06T04:15:18.276+0200] {processor.py:756} INFO - Processing file /Users/mnagy99/opt/anaconda3/envs/airflow-env/lib/python3.8/site-packages/airflow/example_dags/example_local_kubernetes_executor.py for tasks to queue
[2022-11-06T04:15:18.277+0200] {logging_mixin.py:120} INFO - [2022-11-06T04:15:18.277+0200] {dagbag.py:537} INFO - Filling up the DagBag from /Users/mnagy99/opt/anaconda3/envs/airflow-env/lib/python3.8/site-packages/airflow/example_dags/example_local_kubernetes_executor.py
[2022-11-06T04:15:18.617+0200] {processor.py:766} INFO - DAG(s) dict_keys(['example_local_kubernetes_executor']) retrieved from /Users/mnagy99/opt/anaconda3/envs/airflow-env/lib/python3.8/site-packages/airflow/example_dags/example_local_kubernetes_executor.py
[2022-11-06T04:15:18.758+0200] {logging_mixin.py:120} INFO - [2022-11-06T04:15:18.758+0200] {dag.py:2585} INFO - Sync 1 DAGs
[2022-11-06T04:15:18.773+0200] {logging_mixin.py:120} INFO - [2022-11-06T04:15:18.773+0200] {dag.py:3336} INFO - Setting next_dagrun for example_local_kubernetes_executor to None, run_after=None
[2022-11-06T04:15:18.791+0200] {processor.py:176} INFO - Processing /Users/mnagy99/opt/anaconda3/envs/airflow-env/lib/python3.8/site-packages/airflow/example_dags/example_local_kubernetes_executor.py took 0.518 seconds
[2022-11-06T04:17:39.706+0200] {processor.py:154} INFO - Started process (PID=10513) to work on /Users/mnagy99/opt/anaconda3/envs/airflow-env/lib/python3.8/site-packages/airflow/example_dags/example_local_kubernetes_executor.py
[2022-11-06T04:17:39.708+0200] {processor.py:756} INFO - Processing file /Users/mnagy99/opt/anaconda3/envs/airflow-env/lib/python3.8/site-packages/airflow/example_dags/example_local_kubernetes_executor.py for tasks to queue
[2022-11-06T04:17:39.709+0200] {logging_mixin.py:120} INFO - [2022-11-06T04:17:39.709+0200] {dagbag.py:537} INFO - Filling up the DagBag from /Users/mnagy99/opt/anaconda3/envs/airflow-env/lib/python3.8/site-packages/airflow/example_dags/example_local_kubernetes_executor.py
[2022-11-06T04:17:40.072+0200] {processor.py:766} INFO - DAG(s) dict_keys(['example_local_kubernetes_executor']) retrieved from /Users/mnagy99/opt/anaconda3/envs/airflow-env/lib/python3.8/site-packages/airflow/example_dags/example_local_kubernetes_executor.py
[2022-11-06T04:17:40.200+0200] {logging_mixin.py:120} INFO - [2022-11-06T04:17:40.200+0200] {dag.py:2585} INFO - Sync 1 DAGs
[2022-11-06T04:17:40.214+0200] {logging_mixin.py:120} INFO - [2022-11-06T04:17:40.214+0200] {dag.py:3336} INFO - Setting next_dagrun for example_local_kubernetes_executor to None, run_after=None
[2022-11-06T04:17:40.231+0200] {processor.py:176} INFO - Processing /Users/mnagy99/opt/anaconda3/envs/airflow-env/lib/python3.8/site-packages/airflow/example_dags/example_local_kubernetes_executor.py took 0.526 seconds
