[2022-11-06T02:01:53.923+0200] {processor.py:154} INFO - Started process (PID=1836) to work on /Users/mnagy99/opt/anaconda3/envs/airflow-env/lib/python3.8/site-packages/airflow/example_dags/example_trigger_controller_dag.py
[2022-11-06T02:01:53.925+0200] {processor.py:756} INFO - Processing file /Users/mnagy99/opt/anaconda3/envs/airflow-env/lib/python3.8/site-packages/airflow/example_dags/example_trigger_controller_dag.py for tasks to queue
[2022-11-06T02:01:53.925+0200] {logging_mixin.py:120} INFO - [2022-11-06T02:01:53.925+0200] {dagbag.py:537} INFO - Filling up the DagBag from /Users/mnagy99/opt/anaconda3/envs/airflow-env/lib/python3.8/site-packages/airflow/example_dags/example_trigger_controller_dag.py
[2022-11-06T02:01:53.953+0200] {processor.py:766} INFO - DAG(s) dict_keys(['example_trigger_controller_dag']) retrieved from /Users/mnagy99/opt/anaconda3/envs/airflow-env/lib/python3.8/site-packages/airflow/example_dags/example_trigger_controller_dag.py
[2022-11-06T02:01:54.510+0200] {logging_mixin.py:120} INFO - [2022-11-06T02:01:54.510+0200] {dag.py:2585} INFO - Sync 1 DAGs
[2022-11-06T02:01:54.532+0200] {logging_mixin.py:120} INFO - [2022-11-06T02:01:54.532+0200] {dag.py:3336} INFO - Setting next_dagrun for example_trigger_controller_dag to 2021-01-01T00:00:00+00:00, run_after=2021-01-01T00:00:00+00:00
[2022-11-06T02:01:54.549+0200] {processor.py:176} INFO - Processing /Users/mnagy99/opt/anaconda3/envs/airflow-env/lib/python3.8/site-packages/airflow/example_dags/example_trigger_controller_dag.py took 0.627 seconds
[2022-11-06T02:04:11.149+0200] {processor.py:154} INFO - Started process (PID=2153) to work on /Users/mnagy99/opt/anaconda3/envs/airflow-env/lib/python3.8/site-packages/airflow/example_dags/example_trigger_controller_dag.py
[2022-11-06T02:04:11.152+0200] {processor.py:756} INFO - Processing file /Users/mnagy99/opt/anaconda3/envs/airflow-env/lib/python3.8/site-packages/airflow/example_dags/example_trigger_controller_dag.py for tasks to queue
[2022-11-06T02:04:11.152+0200] {logging_mixin.py:120} INFO - [2022-11-06T02:04:11.152+0200] {dagbag.py:537} INFO - Filling up the DagBag from /Users/mnagy99/opt/anaconda3/envs/airflow-env/lib/python3.8/site-packages/airflow/example_dags/example_trigger_controller_dag.py
[2022-11-06T02:04:11.179+0200] {processor.py:766} INFO - DAG(s) dict_keys(['example_trigger_controller_dag']) retrieved from /Users/mnagy99/opt/anaconda3/envs/airflow-env/lib/python3.8/site-packages/airflow/example_dags/example_trigger_controller_dag.py
[2022-11-06T02:04:11.690+0200] {logging_mixin.py:120} INFO - [2022-11-06T02:04:11.690+0200] {dag.py:2585} INFO - Sync 1 DAGs
[2022-11-06T02:04:11.704+0200] {logging_mixin.py:120} INFO - [2022-11-06T02:04:11.704+0200] {dag.py:3336} INFO - Setting next_dagrun for example_trigger_controller_dag to 2021-01-01T00:00:00+00:00, run_after=2021-01-01T00:00:00+00:00
[2022-11-06T02:04:11.718+0200] {processor.py:176} INFO - Processing /Users/mnagy99/opt/anaconda3/envs/airflow-env/lib/python3.8/site-packages/airflow/example_dags/example_trigger_controller_dag.py took 0.570 seconds
[2022-11-06T02:06:31.554+0200] {processor.py:154} INFO - Started process (PID=2287) to work on /Users/mnagy99/opt/anaconda3/envs/airflow-env/lib/python3.8/site-packages/airflow/example_dags/example_trigger_controller_dag.py
[2022-11-06T02:06:31.556+0200] {processor.py:756} INFO - Processing file /Users/mnagy99/opt/anaconda3/envs/airflow-env/lib/python3.8/site-packages/airflow/example_dags/example_trigger_controller_dag.py for tasks to queue
[2022-11-06T02:06:31.557+0200] {logging_mixin.py:120} INFO - [2022-11-06T02:06:31.557+0200] {dagbag.py:537} INFO - Filling up the DagBag from /Users/mnagy99/opt/anaconda3/envs/airflow-env/lib/python3.8/site-packages/airflow/example_dags/example_trigger_controller_dag.py
[2022-11-06T02:06:31.585+0200] {processor.py:766} INFO - DAG(s) dict_keys(['example_trigger_controller_dag']) retrieved from /Users/mnagy99/opt/anaconda3/envs/airflow-env/lib/python3.8/site-packages/airflow/example_dags/example_trigger_controller_dag.py
[2022-11-06T02:06:32.102+0200] {logging_mixin.py:120} INFO - [2022-11-06T02:06:32.102+0200] {dag.py:2585} INFO - Sync 1 DAGs
[2022-11-06T02:06:32.115+0200] {logging_mixin.py:120} INFO - [2022-11-06T02:06:32.115+0200] {dag.py:3336} INFO - Setting next_dagrun for example_trigger_controller_dag to 2021-01-01T00:00:00+00:00, run_after=2021-01-01T00:00:00+00:00
[2022-11-06T02:06:32.137+0200] {processor.py:176} INFO - Processing /Users/mnagy99/opt/anaconda3/envs/airflow-env/lib/python3.8/site-packages/airflow/example_dags/example_trigger_controller_dag.py took 0.583 seconds
[2022-11-06T02:08:52.259+0200] {processor.py:154} INFO - Started process (PID=2414) to work on /Users/mnagy99/opt/anaconda3/envs/airflow-env/lib/python3.8/site-packages/airflow/example_dags/example_trigger_controller_dag.py
[2022-11-06T02:08:52.260+0200] {processor.py:756} INFO - Processing file /Users/mnagy99/opt/anaconda3/envs/airflow-env/lib/python3.8/site-packages/airflow/example_dags/example_trigger_controller_dag.py for tasks to queue
[2022-11-06T02:08:52.261+0200] {logging_mixin.py:120} INFO - [2022-11-06T02:08:52.261+0200] {dagbag.py:537} INFO - Filling up the DagBag from /Users/mnagy99/opt/anaconda3/envs/airflow-env/lib/python3.8/site-packages/airflow/example_dags/example_trigger_controller_dag.py
[2022-11-06T02:08:52.291+0200] {processor.py:766} INFO - DAG(s) dict_keys(['example_trigger_controller_dag']) retrieved from /Users/mnagy99/opt/anaconda3/envs/airflow-env/lib/python3.8/site-packages/airflow/example_dags/example_trigger_controller_dag.py
[2022-11-06T02:08:52.798+0200] {logging_mixin.py:120} INFO - [2022-11-06T02:08:52.798+0200] {dag.py:2585} INFO - Sync 1 DAGs
[2022-11-06T02:08:52.811+0200] {logging_mixin.py:120} INFO - [2022-11-06T02:08:52.811+0200] {dag.py:3336} INFO - Setting next_dagrun for example_trigger_controller_dag to 2021-01-01T00:00:00+00:00, run_after=2021-01-01T00:00:00+00:00
[2022-11-06T02:08:52.831+0200] {processor.py:176} INFO - Processing /Users/mnagy99/opt/anaconda3/envs/airflow-env/lib/python3.8/site-packages/airflow/example_dags/example_trigger_controller_dag.py took 0.573 seconds
[2022-11-06T02:11:07.558+0200] {processor.py:154} INFO - Started process (PID=2543) to work on /Users/mnagy99/opt/anaconda3/envs/airflow-env/lib/python3.8/site-packages/airflow/example_dags/example_trigger_controller_dag.py
[2022-11-06T02:11:07.560+0200] {processor.py:756} INFO - Processing file /Users/mnagy99/opt/anaconda3/envs/airflow-env/lib/python3.8/site-packages/airflow/example_dags/example_trigger_controller_dag.py for tasks to queue
[2022-11-06T02:11:07.561+0200] {logging_mixin.py:120} INFO - [2022-11-06T02:11:07.561+0200] {dagbag.py:537} INFO - Filling up the DagBag from /Users/mnagy99/opt/anaconda3/envs/airflow-env/lib/python3.8/site-packages/airflow/example_dags/example_trigger_controller_dag.py
[2022-11-06T02:11:07.583+0200] {processor.py:766} INFO - DAG(s) dict_keys(['example_trigger_controller_dag']) retrieved from /Users/mnagy99/opt/anaconda3/envs/airflow-env/lib/python3.8/site-packages/airflow/example_dags/example_trigger_controller_dag.py
[2022-11-06T02:11:08.057+0200] {logging_mixin.py:120} INFO - [2022-11-06T02:11:08.057+0200] {dag.py:2585} INFO - Sync 1 DAGs
[2022-11-06T02:11:08.070+0200] {logging_mixin.py:120} INFO - [2022-11-06T02:11:08.070+0200] {dag.py:3336} INFO - Setting next_dagrun for example_trigger_controller_dag to 2021-01-01T00:00:00+00:00, run_after=2021-01-01T00:00:00+00:00
[2022-11-06T02:11:08.087+0200] {processor.py:176} INFO - Processing /Users/mnagy99/opt/anaconda3/envs/airflow-env/lib/python3.8/site-packages/airflow/example_dags/example_trigger_controller_dag.py took 0.530 seconds
[2022-11-06T02:13:17.215+0200] {processor.py:154} INFO - Started process (PID=2670) to work on /Users/mnagy99/opt/anaconda3/envs/airflow-env/lib/python3.8/site-packages/airflow/example_dags/example_trigger_controller_dag.py
[2022-11-06T02:13:17.217+0200] {processor.py:756} INFO - Processing file /Users/mnagy99/opt/anaconda3/envs/airflow-env/lib/python3.8/site-packages/airflow/example_dags/example_trigger_controller_dag.py for tasks to queue
[2022-11-06T02:13:17.218+0200] {logging_mixin.py:120} INFO - [2022-11-06T02:13:17.218+0200] {dagbag.py:537} INFO - Filling up the DagBag from /Users/mnagy99/opt/anaconda3/envs/airflow-env/lib/python3.8/site-packages/airflow/example_dags/example_trigger_controller_dag.py
[2022-11-06T02:13:17.239+0200] {processor.py:766} INFO - DAG(s) dict_keys(['example_trigger_controller_dag']) retrieved from /Users/mnagy99/opt/anaconda3/envs/airflow-env/lib/python3.8/site-packages/airflow/example_dags/example_trigger_controller_dag.py
[2022-11-06T02:13:17.664+0200] {logging_mixin.py:120} INFO - [2022-11-06T02:13:17.664+0200] {dag.py:2585} INFO - Sync 1 DAGs
[2022-11-06T02:13:17.677+0200] {logging_mixin.py:120} INFO - [2022-11-06T02:13:17.677+0200] {dag.py:3336} INFO - Setting next_dagrun for example_trigger_controller_dag to 2021-01-01T00:00:00+00:00, run_after=2021-01-01T00:00:00+00:00
[2022-11-06T02:13:17.694+0200] {processor.py:176} INFO - Processing /Users/mnagy99/opt/anaconda3/envs/airflow-env/lib/python3.8/site-packages/airflow/example_dags/example_trigger_controller_dag.py took 0.480 seconds
[2022-11-06T02:15:40.411+0200] {processor.py:154} INFO - Started process (PID=2869) to work on /Users/mnagy99/opt/anaconda3/envs/airflow-env/lib/python3.8/site-packages/airflow/example_dags/example_trigger_controller_dag.py
[2022-11-06T02:15:40.412+0200] {processor.py:756} INFO - Processing file /Users/mnagy99/opt/anaconda3/envs/airflow-env/lib/python3.8/site-packages/airflow/example_dags/example_trigger_controller_dag.py for tasks to queue
[2022-11-06T02:15:40.412+0200] {logging_mixin.py:120} INFO - [2022-11-06T02:15:40.412+0200] {dagbag.py:537} INFO - Filling up the DagBag from /Users/mnagy99/opt/anaconda3/envs/airflow-env/lib/python3.8/site-packages/airflow/example_dags/example_trigger_controller_dag.py
[2022-11-06T02:15:40.443+0200] {processor.py:766} INFO - DAG(s) dict_keys(['example_trigger_controller_dag']) retrieved from /Users/mnagy99/opt/anaconda3/envs/airflow-env/lib/python3.8/site-packages/airflow/example_dags/example_trigger_controller_dag.py
[2022-11-06T02:15:41.453+0200] {logging_mixin.py:120} INFO - [2022-11-06T02:15:41.452+0200] {dag.py:2585} INFO - Sync 1 DAGs
[2022-11-06T02:15:41.489+0200] {logging_mixin.py:120} INFO - [2022-11-06T02:15:41.489+0200] {dag.py:3336} INFO - Setting next_dagrun for example_trigger_controller_dag to 2021-01-01T00:00:00+00:00, run_after=2021-01-01T00:00:00+00:00
[2022-11-06T02:15:41.530+0200] {processor.py:176} INFO - Processing /Users/mnagy99/opt/anaconda3/envs/airflow-env/lib/python3.8/site-packages/airflow/example_dags/example_trigger_controller_dag.py took 1.121 seconds
[2022-11-06T02:17:54.292+0200] {processor.py:154} INFO - Started process (PID=3017) to work on /Users/mnagy99/opt/anaconda3/envs/airflow-env/lib/python3.8/site-packages/airflow/example_dags/example_trigger_controller_dag.py
[2022-11-06T02:17:54.294+0200] {processor.py:756} INFO - Processing file /Users/mnagy99/opt/anaconda3/envs/airflow-env/lib/python3.8/site-packages/airflow/example_dags/example_trigger_controller_dag.py for tasks to queue
[2022-11-06T02:17:54.295+0200] {logging_mixin.py:120} INFO - [2022-11-06T02:17:54.295+0200] {dagbag.py:537} INFO - Filling up the DagBag from /Users/mnagy99/opt/anaconda3/envs/airflow-env/lib/python3.8/site-packages/airflow/example_dags/example_trigger_controller_dag.py
[2022-11-06T02:17:54.321+0200] {processor.py:766} INFO - DAG(s) dict_keys(['example_trigger_controller_dag']) retrieved from /Users/mnagy99/opt/anaconda3/envs/airflow-env/lib/python3.8/site-packages/airflow/example_dags/example_trigger_controller_dag.py
[2022-11-06T02:17:54.752+0200] {logging_mixin.py:120} INFO - [2022-11-06T02:17:54.752+0200] {dag.py:2585} INFO - Sync 1 DAGs
[2022-11-06T02:17:54.765+0200] {logging_mixin.py:120} INFO - [2022-11-06T02:17:54.765+0200] {dag.py:3336} INFO - Setting next_dagrun for example_trigger_controller_dag to 2021-01-01T00:00:00+00:00, run_after=2021-01-01T00:00:00+00:00
[2022-11-06T02:17:54.782+0200] {processor.py:176} INFO - Processing /Users/mnagy99/opt/anaconda3/envs/airflow-env/lib/python3.8/site-packages/airflow/example_dags/example_trigger_controller_dag.py took 0.491 seconds
[2022-11-06T02:20:03.122+0200] {processor.py:154} INFO - Started process (PID=3148) to work on /Users/mnagy99/opt/anaconda3/envs/airflow-env/lib/python3.8/site-packages/airflow/example_dags/example_trigger_controller_dag.py
[2022-11-06T02:20:03.124+0200] {processor.py:756} INFO - Processing file /Users/mnagy99/opt/anaconda3/envs/airflow-env/lib/python3.8/site-packages/airflow/example_dags/example_trigger_controller_dag.py for tasks to queue
[2022-11-06T02:20:03.125+0200] {logging_mixin.py:120} INFO - [2022-11-06T02:20:03.125+0200] {dagbag.py:537} INFO - Filling up the DagBag from /Users/mnagy99/opt/anaconda3/envs/airflow-env/lib/python3.8/site-packages/airflow/example_dags/example_trigger_controller_dag.py
[2022-11-06T02:20:03.146+0200] {processor.py:766} INFO - DAG(s) dict_keys(['example_trigger_controller_dag']) retrieved from /Users/mnagy99/opt/anaconda3/envs/airflow-env/lib/python3.8/site-packages/airflow/example_dags/example_trigger_controller_dag.py
[2022-11-06T02:20:03.697+0200] {logging_mixin.py:120} INFO - [2022-11-06T02:20:03.697+0200] {dag.py:2585} INFO - Sync 1 DAGs
[2022-11-06T02:20:03.728+0200] {logging_mixin.py:120} INFO - [2022-11-06T02:20:03.728+0200] {dag.py:3336} INFO - Setting next_dagrun for example_trigger_controller_dag to 2021-01-01T00:00:00+00:00, run_after=2021-01-01T00:00:00+00:00
[2022-11-06T02:20:03.760+0200] {processor.py:176} INFO - Processing /Users/mnagy99/opt/anaconda3/envs/airflow-env/lib/python3.8/site-packages/airflow/example_dags/example_trigger_controller_dag.py took 0.639 seconds
[2022-11-06T02:22:12.484+0200] {processor.py:154} INFO - Started process (PID=3280) to work on /Users/mnagy99/opt/anaconda3/envs/airflow-env/lib/python3.8/site-packages/airflow/example_dags/example_trigger_controller_dag.py
[2022-11-06T02:22:12.486+0200] {processor.py:756} INFO - Processing file /Users/mnagy99/opt/anaconda3/envs/airflow-env/lib/python3.8/site-packages/airflow/example_dags/example_trigger_controller_dag.py for tasks to queue
[2022-11-06T02:22:12.486+0200] {logging_mixin.py:120} INFO - [2022-11-06T02:22:12.486+0200] {dagbag.py:537} INFO - Filling up the DagBag from /Users/mnagy99/opt/anaconda3/envs/airflow-env/lib/python3.8/site-packages/airflow/example_dags/example_trigger_controller_dag.py
[2022-11-06T02:22:12.525+0200] {processor.py:766} INFO - DAG(s) dict_keys(['example_trigger_controller_dag']) retrieved from /Users/mnagy99/opt/anaconda3/envs/airflow-env/lib/python3.8/site-packages/airflow/example_dags/example_trigger_controller_dag.py
[2022-11-06T02:22:13.127+0200] {logging_mixin.py:120} INFO - [2022-11-06T02:22:13.127+0200] {dag.py:2585} INFO - Sync 1 DAGs
[2022-11-06T02:22:13.140+0200] {logging_mixin.py:120} INFO - [2022-11-06T02:22:13.140+0200] {dag.py:3336} INFO - Setting next_dagrun for example_trigger_controller_dag to 2021-01-01T00:00:00+00:00, run_after=2021-01-01T00:00:00+00:00
[2022-11-06T02:22:13.157+0200] {processor.py:176} INFO - Processing /Users/mnagy99/opt/anaconda3/envs/airflow-env/lib/python3.8/site-packages/airflow/example_dags/example_trigger_controller_dag.py took 0.680 seconds
[2022-11-06T02:24:24.987+0200] {processor.py:154} INFO - Started process (PID=3423) to work on /Users/mnagy99/opt/anaconda3/envs/airflow-env/lib/python3.8/site-packages/airflow/example_dags/example_trigger_controller_dag.py
[2022-11-06T02:24:24.989+0200] {processor.py:756} INFO - Processing file /Users/mnagy99/opt/anaconda3/envs/airflow-env/lib/python3.8/site-packages/airflow/example_dags/example_trigger_controller_dag.py for tasks to queue
[2022-11-06T02:24:24.990+0200] {logging_mixin.py:120} INFO - [2022-11-06T02:24:24.990+0200] {dagbag.py:537} INFO - Filling up the DagBag from /Users/mnagy99/opt/anaconda3/envs/airflow-env/lib/python3.8/site-packages/airflow/example_dags/example_trigger_controller_dag.py
[2022-11-06T02:24:25.019+0200] {processor.py:766} INFO - DAG(s) dict_keys(['example_trigger_controller_dag']) retrieved from /Users/mnagy99/opt/anaconda3/envs/airflow-env/lib/python3.8/site-packages/airflow/example_dags/example_trigger_controller_dag.py
[2022-11-06T02:24:25.472+0200] {logging_mixin.py:120} INFO - [2022-11-06T02:24:25.472+0200] {dag.py:2585} INFO - Sync 1 DAGs
[2022-11-06T02:24:25.486+0200] {logging_mixin.py:120} INFO - [2022-11-06T02:24:25.486+0200] {dag.py:3336} INFO - Setting next_dagrun for example_trigger_controller_dag to 2021-01-01T00:00:00+00:00, run_after=2021-01-01T00:00:00+00:00
[2022-11-06T02:24:25.504+0200] {processor.py:176} INFO - Processing /Users/mnagy99/opt/anaconda3/envs/airflow-env/lib/python3.8/site-packages/airflow/example_dags/example_trigger_controller_dag.py took 0.518 seconds
[2022-11-06T02:26:40.667+0200] {processor.py:154} INFO - Started process (PID=3564) to work on /Users/mnagy99/opt/anaconda3/envs/airflow-env/lib/python3.8/site-packages/airflow/example_dags/example_trigger_controller_dag.py
[2022-11-06T02:26:40.669+0200] {processor.py:756} INFO - Processing file /Users/mnagy99/opt/anaconda3/envs/airflow-env/lib/python3.8/site-packages/airflow/example_dags/example_trigger_controller_dag.py for tasks to queue
[2022-11-06T02:26:40.670+0200] {logging_mixin.py:120} INFO - [2022-11-06T02:26:40.670+0200] {dagbag.py:537} INFO - Filling up the DagBag from /Users/mnagy99/opt/anaconda3/envs/airflow-env/lib/python3.8/site-packages/airflow/example_dags/example_trigger_controller_dag.py
[2022-11-06T02:26:40.691+0200] {processor.py:766} INFO - DAG(s) dict_keys(['example_trigger_controller_dag']) retrieved from /Users/mnagy99/opt/anaconda3/envs/airflow-env/lib/python3.8/site-packages/airflow/example_dags/example_trigger_controller_dag.py
[2022-11-06T02:26:41.114+0200] {logging_mixin.py:120} INFO - [2022-11-06T02:26:41.113+0200] {dag.py:2585} INFO - Sync 1 DAGs
[2022-11-06T02:26:41.127+0200] {logging_mixin.py:120} INFO - [2022-11-06T02:26:41.127+0200] {dag.py:3336} INFO - Setting next_dagrun for example_trigger_controller_dag to 2021-01-01T00:00:00+00:00, run_after=2021-01-01T00:00:00+00:00
[2022-11-06T02:26:41.144+0200] {processor.py:176} INFO - Processing /Users/mnagy99/opt/anaconda3/envs/airflow-env/lib/python3.8/site-packages/airflow/example_dags/example_trigger_controller_dag.py took 0.478 seconds
[2022-11-06T02:28:51.548+0200] {processor.py:154} INFO - Started process (PID=3703) to work on /Users/mnagy99/opt/anaconda3/envs/airflow-env/lib/python3.8/site-packages/airflow/example_dags/example_trigger_controller_dag.py
[2022-11-06T02:28:51.549+0200] {processor.py:756} INFO - Processing file /Users/mnagy99/opt/anaconda3/envs/airflow-env/lib/python3.8/site-packages/airflow/example_dags/example_trigger_controller_dag.py for tasks to queue
[2022-11-06T02:28:51.550+0200] {logging_mixin.py:120} INFO - [2022-11-06T02:28:51.550+0200] {dagbag.py:537} INFO - Filling up the DagBag from /Users/mnagy99/opt/anaconda3/envs/airflow-env/lib/python3.8/site-packages/airflow/example_dags/example_trigger_controller_dag.py
[2022-11-06T02:28:51.572+0200] {processor.py:766} INFO - DAG(s) dict_keys(['example_trigger_controller_dag']) retrieved from /Users/mnagy99/opt/anaconda3/envs/airflow-env/lib/python3.8/site-packages/airflow/example_dags/example_trigger_controller_dag.py
[2022-11-06T02:28:52.032+0200] {logging_mixin.py:120} INFO - [2022-11-06T02:28:52.032+0200] {dag.py:2585} INFO - Sync 1 DAGs
[2022-11-06T02:28:52.048+0200] {logging_mixin.py:120} INFO - [2022-11-06T02:28:52.048+0200] {dag.py:3336} INFO - Setting next_dagrun for example_trigger_controller_dag to 2021-01-01T00:00:00+00:00, run_after=2021-01-01T00:00:00+00:00
[2022-11-06T02:28:52.067+0200] {processor.py:176} INFO - Processing /Users/mnagy99/opt/anaconda3/envs/airflow-env/lib/python3.8/site-packages/airflow/example_dags/example_trigger_controller_dag.py took 0.520 seconds
[2022-11-06T02:31:02.067+0200] {processor.py:154} INFO - Started process (PID=3853) to work on /Users/mnagy99/opt/anaconda3/envs/airflow-env/lib/python3.8/site-packages/airflow/example_dags/example_trigger_controller_dag.py
[2022-11-06T02:31:02.069+0200] {processor.py:756} INFO - Processing file /Users/mnagy99/opt/anaconda3/envs/airflow-env/lib/python3.8/site-packages/airflow/example_dags/example_trigger_controller_dag.py for tasks to queue
[2022-11-06T02:31:02.070+0200] {logging_mixin.py:120} INFO - [2022-11-06T02:31:02.070+0200] {dagbag.py:537} INFO - Filling up the DagBag from /Users/mnagy99/opt/anaconda3/envs/airflow-env/lib/python3.8/site-packages/airflow/example_dags/example_trigger_controller_dag.py
[2022-11-06T02:31:02.092+0200] {processor.py:766} INFO - DAG(s) dict_keys(['example_trigger_controller_dag']) retrieved from /Users/mnagy99/opt/anaconda3/envs/airflow-env/lib/python3.8/site-packages/airflow/example_dags/example_trigger_controller_dag.py
[2022-11-06T02:31:02.518+0200] {logging_mixin.py:120} INFO - [2022-11-06T02:31:02.518+0200] {dag.py:2585} INFO - Sync 1 DAGs
[2022-11-06T02:31:02.532+0200] {logging_mixin.py:120} INFO - [2022-11-06T02:31:02.532+0200] {dag.py:3336} INFO - Setting next_dagrun for example_trigger_controller_dag to 2021-01-01T00:00:00+00:00, run_after=2021-01-01T00:00:00+00:00
[2022-11-06T02:31:02.548+0200] {processor.py:176} INFO - Processing /Users/mnagy99/opt/anaconda3/envs/airflow-env/lib/python3.8/site-packages/airflow/example_dags/example_trigger_controller_dag.py took 0.482 seconds
[2022-11-06T02:33:14.822+0200] {processor.py:154} INFO - Started process (PID=4007) to work on /Users/mnagy99/opt/anaconda3/envs/airflow-env/lib/python3.8/site-packages/airflow/example_dags/example_trigger_controller_dag.py
[2022-11-06T02:33:14.823+0200] {processor.py:756} INFO - Processing file /Users/mnagy99/opt/anaconda3/envs/airflow-env/lib/python3.8/site-packages/airflow/example_dags/example_trigger_controller_dag.py for tasks to queue
[2022-11-06T02:33:14.824+0200] {logging_mixin.py:120} INFO - [2022-11-06T02:33:14.824+0200] {dagbag.py:537} INFO - Filling up the DagBag from /Users/mnagy99/opt/anaconda3/envs/airflow-env/lib/python3.8/site-packages/airflow/example_dags/example_trigger_controller_dag.py
[2022-11-06T02:33:14.854+0200] {processor.py:766} INFO - DAG(s) dict_keys(['example_trigger_controller_dag']) retrieved from /Users/mnagy99/opt/anaconda3/envs/airflow-env/lib/python3.8/site-packages/airflow/example_dags/example_trigger_controller_dag.py
[2022-11-06T02:33:15.366+0200] {logging_mixin.py:120} INFO - [2022-11-06T02:33:15.366+0200] {dag.py:2585} INFO - Sync 1 DAGs
[2022-11-06T02:33:15.379+0200] {logging_mixin.py:120} INFO - [2022-11-06T02:33:15.378+0200] {dag.py:3336} INFO - Setting next_dagrun for example_trigger_controller_dag to 2021-01-01T00:00:00+00:00, run_after=2021-01-01T00:00:00+00:00
[2022-11-06T02:33:15.393+0200] {processor.py:176} INFO - Processing /Users/mnagy99/opt/anaconda3/envs/airflow-env/lib/python3.8/site-packages/airflow/example_dags/example_trigger_controller_dag.py took 0.572 seconds
[2022-11-06T02:35:24.794+0200] {processor.py:154} INFO - Started process (PID=4156) to work on /Users/mnagy99/opt/anaconda3/envs/airflow-env/lib/python3.8/site-packages/airflow/example_dags/example_trigger_controller_dag.py
[2022-11-06T02:35:24.797+0200] {processor.py:756} INFO - Processing file /Users/mnagy99/opt/anaconda3/envs/airflow-env/lib/python3.8/site-packages/airflow/example_dags/example_trigger_controller_dag.py for tasks to queue
[2022-11-06T02:35:24.798+0200] {logging_mixin.py:120} INFO - [2022-11-06T02:35:24.798+0200] {dagbag.py:537} INFO - Filling up the DagBag from /Users/mnagy99/opt/anaconda3/envs/airflow-env/lib/python3.8/site-packages/airflow/example_dags/example_trigger_controller_dag.py
[2022-11-06T02:35:24.820+0200] {processor.py:766} INFO - DAG(s) dict_keys(['example_trigger_controller_dag']) retrieved from /Users/mnagy99/opt/anaconda3/envs/airflow-env/lib/python3.8/site-packages/airflow/example_dags/example_trigger_controller_dag.py
[2022-11-06T02:35:25.269+0200] {logging_mixin.py:120} INFO - [2022-11-06T02:35:25.269+0200] {dag.py:2585} INFO - Sync 1 DAGs
[2022-11-06T02:35:25.285+0200] {logging_mixin.py:120} INFO - [2022-11-06T02:35:25.285+0200] {dag.py:3336} INFO - Setting next_dagrun for example_trigger_controller_dag to 2021-01-01T00:00:00+00:00, run_after=2021-01-01T00:00:00+00:00
[2022-11-06T02:35:25.304+0200] {processor.py:176} INFO - Processing /Users/mnagy99/opt/anaconda3/envs/airflow-env/lib/python3.8/site-packages/airflow/example_dags/example_trigger_controller_dag.py took 0.510 seconds
[2022-11-06T02:37:36.326+0200] {processor.py:154} INFO - Started process (PID=4292) to work on /Users/mnagy99/opt/anaconda3/envs/airflow-env/lib/python3.8/site-packages/airflow/example_dags/example_trigger_controller_dag.py
[2022-11-06T02:37:36.328+0200] {processor.py:756} INFO - Processing file /Users/mnagy99/opt/anaconda3/envs/airflow-env/lib/python3.8/site-packages/airflow/example_dags/example_trigger_controller_dag.py for tasks to queue
[2022-11-06T02:37:36.329+0200] {logging_mixin.py:120} INFO - [2022-11-06T02:37:36.329+0200] {dagbag.py:537} INFO - Filling up the DagBag from /Users/mnagy99/opt/anaconda3/envs/airflow-env/lib/python3.8/site-packages/airflow/example_dags/example_trigger_controller_dag.py
[2022-11-06T02:37:36.354+0200] {processor.py:766} INFO - DAG(s) dict_keys(['example_trigger_controller_dag']) retrieved from /Users/mnagy99/opt/anaconda3/envs/airflow-env/lib/python3.8/site-packages/airflow/example_dags/example_trigger_controller_dag.py
[2022-11-06T02:37:36.801+0200] {logging_mixin.py:120} INFO - [2022-11-06T02:37:36.801+0200] {dag.py:2585} INFO - Sync 1 DAGs
[2022-11-06T02:37:36.816+0200] {logging_mixin.py:120} INFO - [2022-11-06T02:37:36.815+0200] {dag.py:3336} INFO - Setting next_dagrun for example_trigger_controller_dag to 2021-01-01T00:00:00+00:00, run_after=2021-01-01T00:00:00+00:00
[2022-11-06T02:37:36.833+0200] {processor.py:176} INFO - Processing /Users/mnagy99/opt/anaconda3/envs/airflow-env/lib/python3.8/site-packages/airflow/example_dags/example_trigger_controller_dag.py took 0.508 seconds
[2022-11-06T02:39:46.954+0200] {processor.py:154} INFO - Started process (PID=4421) to work on /Users/mnagy99/opt/anaconda3/envs/airflow-env/lib/python3.8/site-packages/airflow/example_dags/example_trigger_controller_dag.py
[2022-11-06T02:39:46.955+0200] {processor.py:756} INFO - Processing file /Users/mnagy99/opt/anaconda3/envs/airflow-env/lib/python3.8/site-packages/airflow/example_dags/example_trigger_controller_dag.py for tasks to queue
[2022-11-06T02:39:46.956+0200] {logging_mixin.py:120} INFO - [2022-11-06T02:39:46.956+0200] {dagbag.py:537} INFO - Filling up the DagBag from /Users/mnagy99/opt/anaconda3/envs/airflow-env/lib/python3.8/site-packages/airflow/example_dags/example_trigger_controller_dag.py
[2022-11-06T02:39:46.990+0200] {processor.py:766} INFO - DAG(s) dict_keys(['example_trigger_controller_dag']) retrieved from /Users/mnagy99/opt/anaconda3/envs/airflow-env/lib/python3.8/site-packages/airflow/example_dags/example_trigger_controller_dag.py
[2022-11-06T02:39:47.511+0200] {logging_mixin.py:120} INFO - [2022-11-06T02:39:47.511+0200] {dag.py:2585} INFO - Sync 1 DAGs
[2022-11-06T02:39:47.533+0200] {logging_mixin.py:120} INFO - [2022-11-06T02:39:47.533+0200] {dag.py:3336} INFO - Setting next_dagrun for example_trigger_controller_dag to 2021-01-01T00:00:00+00:00, run_after=2021-01-01T00:00:00+00:00
[2022-11-06T02:39:47.551+0200] {processor.py:176} INFO - Processing /Users/mnagy99/opt/anaconda3/envs/airflow-env/lib/python3.8/site-packages/airflow/example_dags/example_trigger_controller_dag.py took 0.599 seconds
[2022-11-06T02:42:12.804+0200] {processor.py:154} INFO - Started process (PID=4594) to work on /Users/mnagy99/opt/anaconda3/envs/airflow-env/lib/python3.8/site-packages/airflow/example_dags/example_trigger_controller_dag.py
[2022-11-06T02:42:12.807+0200] {processor.py:756} INFO - Processing file /Users/mnagy99/opt/anaconda3/envs/airflow-env/lib/python3.8/site-packages/airflow/example_dags/example_trigger_controller_dag.py for tasks to queue
[2022-11-06T02:42:12.808+0200] {logging_mixin.py:120} INFO - [2022-11-06T02:42:12.807+0200] {dagbag.py:537} INFO - Filling up the DagBag from /Users/mnagy99/opt/anaconda3/envs/airflow-env/lib/python3.8/site-packages/airflow/example_dags/example_trigger_controller_dag.py
[2022-11-06T02:42:12.843+0200] {processor.py:766} INFO - DAG(s) dict_keys(['example_trigger_controller_dag']) retrieved from /Users/mnagy99/opt/anaconda3/envs/airflow-env/lib/python3.8/site-packages/airflow/example_dags/example_trigger_controller_dag.py
[2022-11-06T02:42:13.464+0200] {logging_mixin.py:120} INFO - [2022-11-06T02:42:13.464+0200] {dag.py:2585} INFO - Sync 1 DAGs
[2022-11-06T02:42:13.480+0200] {logging_mixin.py:120} INFO - [2022-11-06T02:42:13.480+0200] {dag.py:3336} INFO - Setting next_dagrun for example_trigger_controller_dag to 2021-01-01T00:00:00+00:00, run_after=2021-01-01T00:00:00+00:00
[2022-11-06T02:42:13.498+0200] {processor.py:176} INFO - Processing /Users/mnagy99/opt/anaconda3/envs/airflow-env/lib/python3.8/site-packages/airflow/example_dags/example_trigger_controller_dag.py took 0.695 seconds
[2022-11-06T02:44:39.009+0200] {processor.py:154} INFO - Started process (PID=4729) to work on /Users/mnagy99/opt/anaconda3/envs/airflow-env/lib/python3.8/site-packages/airflow/example_dags/example_trigger_controller_dag.py
[2022-11-06T02:44:39.011+0200] {processor.py:756} INFO - Processing file /Users/mnagy99/opt/anaconda3/envs/airflow-env/lib/python3.8/site-packages/airflow/example_dags/example_trigger_controller_dag.py for tasks to queue
[2022-11-06T02:44:39.012+0200] {logging_mixin.py:120} INFO - [2022-11-06T02:44:39.012+0200] {dagbag.py:537} INFO - Filling up the DagBag from /Users/mnagy99/opt/anaconda3/envs/airflow-env/lib/python3.8/site-packages/airflow/example_dags/example_trigger_controller_dag.py
[2022-11-06T02:44:39.046+0200] {processor.py:766} INFO - DAG(s) dict_keys(['example_trigger_controller_dag']) retrieved from /Users/mnagy99/opt/anaconda3/envs/airflow-env/lib/python3.8/site-packages/airflow/example_dags/example_trigger_controller_dag.py
[2022-11-06T02:44:39.561+0200] {logging_mixin.py:120} INFO - [2022-11-06T02:44:39.561+0200] {dag.py:2585} INFO - Sync 1 DAGs
[2022-11-06T02:44:39.576+0200] {logging_mixin.py:120} INFO - [2022-11-06T02:44:39.576+0200] {dag.py:3336} INFO - Setting next_dagrun for example_trigger_controller_dag to 2021-01-01T00:00:00+00:00, run_after=2021-01-01T00:00:00+00:00
[2022-11-06T02:44:39.595+0200] {processor.py:176} INFO - Processing /Users/mnagy99/opt/anaconda3/envs/airflow-env/lib/python3.8/site-packages/airflow/example_dags/example_trigger_controller_dag.py took 0.587 seconds
[2022-11-06T02:46:52.987+0200] {processor.py:154} INFO - Started process (PID=4870) to work on /Users/mnagy99/opt/anaconda3/envs/airflow-env/lib/python3.8/site-packages/airflow/example_dags/example_trigger_controller_dag.py
[2022-11-06T02:46:52.989+0200] {processor.py:756} INFO - Processing file /Users/mnagy99/opt/anaconda3/envs/airflow-env/lib/python3.8/site-packages/airflow/example_dags/example_trigger_controller_dag.py for tasks to queue
[2022-11-06T02:46:52.990+0200] {logging_mixin.py:120} INFO - [2022-11-06T02:46:52.990+0200] {dagbag.py:537} INFO - Filling up the DagBag from /Users/mnagy99/opt/anaconda3/envs/airflow-env/lib/python3.8/site-packages/airflow/example_dags/example_trigger_controller_dag.py
[2022-11-06T02:46:53.008+0200] {processor.py:766} INFO - DAG(s) dict_keys(['example_trigger_controller_dag']) retrieved from /Users/mnagy99/opt/anaconda3/envs/airflow-env/lib/python3.8/site-packages/airflow/example_dags/example_trigger_controller_dag.py
[2022-11-06T02:46:53.476+0200] {logging_mixin.py:120} INFO - [2022-11-06T02:46:53.476+0200] {dag.py:2585} INFO - Sync 1 DAGs
[2022-11-06T02:46:53.492+0200] {logging_mixin.py:120} INFO - [2022-11-06T02:46:53.491+0200] {dag.py:3336} INFO - Setting next_dagrun for example_trigger_controller_dag to 2021-01-01T00:00:00+00:00, run_after=2021-01-01T00:00:00+00:00
[2022-11-06T02:46:53.510+0200] {processor.py:176} INFO - Processing /Users/mnagy99/opt/anaconda3/envs/airflow-env/lib/python3.8/site-packages/airflow/example_dags/example_trigger_controller_dag.py took 0.524 seconds
[2022-11-06T02:49:00.978+0200] {processor.py:154} INFO - Started process (PID=4995) to work on /Users/mnagy99/opt/anaconda3/envs/airflow-env/lib/python3.8/site-packages/airflow/example_dags/example_trigger_controller_dag.py
[2022-11-06T02:49:00.979+0200] {processor.py:756} INFO - Processing file /Users/mnagy99/opt/anaconda3/envs/airflow-env/lib/python3.8/site-packages/airflow/example_dags/example_trigger_controller_dag.py for tasks to queue
[2022-11-06T02:49:00.979+0200] {logging_mixin.py:120} INFO - [2022-11-06T02:49:00.979+0200] {dagbag.py:537} INFO - Filling up the DagBag from /Users/mnagy99/opt/anaconda3/envs/airflow-env/lib/python3.8/site-packages/airflow/example_dags/example_trigger_controller_dag.py
[2022-11-06T02:49:01.003+0200] {processor.py:766} INFO - DAG(s) dict_keys(['example_trigger_controller_dag']) retrieved from /Users/mnagy99/opt/anaconda3/envs/airflow-env/lib/python3.8/site-packages/airflow/example_dags/example_trigger_controller_dag.py
[2022-11-06T02:49:01.710+0200] {logging_mixin.py:120} INFO - [2022-11-06T02:49:01.710+0200] {dag.py:2585} INFO - Sync 1 DAGs
[2022-11-06T02:49:01.743+0200] {logging_mixin.py:120} INFO - [2022-11-06T02:49:01.743+0200] {dag.py:3336} INFO - Setting next_dagrun for example_trigger_controller_dag to 2021-01-01T00:00:00+00:00, run_after=2021-01-01T00:00:00+00:00
[2022-11-06T02:49:01.763+0200] {processor.py:176} INFO - Processing /Users/mnagy99/opt/anaconda3/envs/airflow-env/lib/python3.8/site-packages/airflow/example_dags/example_trigger_controller_dag.py took 0.786 seconds
[2022-11-06T02:51:05.460+0200] {processor.py:154} INFO - Started process (PID=5117) to work on /Users/mnagy99/opt/anaconda3/envs/airflow-env/lib/python3.8/site-packages/airflow/example_dags/example_trigger_controller_dag.py
[2022-11-06T02:51:05.462+0200] {processor.py:756} INFO - Processing file /Users/mnagy99/opt/anaconda3/envs/airflow-env/lib/python3.8/site-packages/airflow/example_dags/example_trigger_controller_dag.py for tasks to queue
[2022-11-06T02:51:05.463+0200] {logging_mixin.py:120} INFO - [2022-11-06T02:51:05.463+0200] {dagbag.py:537} INFO - Filling up the DagBag from /Users/mnagy99/opt/anaconda3/envs/airflow-env/lib/python3.8/site-packages/airflow/example_dags/example_trigger_controller_dag.py
[2022-11-06T02:51:05.487+0200] {processor.py:766} INFO - DAG(s) dict_keys(['example_trigger_controller_dag']) retrieved from /Users/mnagy99/opt/anaconda3/envs/airflow-env/lib/python3.8/site-packages/airflow/example_dags/example_trigger_controller_dag.py
[2022-11-06T02:51:05.965+0200] {logging_mixin.py:120} INFO - [2022-11-06T02:51:05.965+0200] {dag.py:2585} INFO - Sync 1 DAGs
[2022-11-06T02:51:05.978+0200] {logging_mixin.py:120} INFO - [2022-11-06T02:51:05.978+0200] {dag.py:3336} INFO - Setting next_dagrun for example_trigger_controller_dag to 2021-01-01T00:00:00+00:00, run_after=2021-01-01T00:00:00+00:00
[2022-11-06T02:51:05.995+0200] {processor.py:176} INFO - Processing /Users/mnagy99/opt/anaconda3/envs/airflow-env/lib/python3.8/site-packages/airflow/example_dags/example_trigger_controller_dag.py took 0.536 seconds
[2022-11-06T02:53:11.768+0200] {processor.py:154} INFO - Started process (PID=5245) to work on /Users/mnagy99/opt/anaconda3/envs/airflow-env/lib/python3.8/site-packages/airflow/example_dags/example_trigger_controller_dag.py
[2022-11-06T02:53:11.771+0200] {processor.py:756} INFO - Processing file /Users/mnagy99/opt/anaconda3/envs/airflow-env/lib/python3.8/site-packages/airflow/example_dags/example_trigger_controller_dag.py for tasks to queue
[2022-11-06T02:53:11.771+0200] {logging_mixin.py:120} INFO - [2022-11-06T02:53:11.771+0200] {dagbag.py:537} INFO - Filling up the DagBag from /Users/mnagy99/opt/anaconda3/envs/airflow-env/lib/python3.8/site-packages/airflow/example_dags/example_trigger_controller_dag.py
[2022-11-06T02:53:11.794+0200] {processor.py:766} INFO - DAG(s) dict_keys(['example_trigger_controller_dag']) retrieved from /Users/mnagy99/opt/anaconda3/envs/airflow-env/lib/python3.8/site-packages/airflow/example_dags/example_trigger_controller_dag.py
[2022-11-06T02:53:12.238+0200] {logging_mixin.py:120} INFO - [2022-11-06T02:53:12.237+0200] {dag.py:2585} INFO - Sync 1 DAGs
[2022-11-06T02:53:12.254+0200] {logging_mixin.py:120} INFO - [2022-11-06T02:53:12.254+0200] {dag.py:3336} INFO - Setting next_dagrun for example_trigger_controller_dag to 2021-01-01T00:00:00+00:00, run_after=2021-01-01T00:00:00+00:00
[2022-11-06T02:53:12.282+0200] {processor.py:176} INFO - Processing /Users/mnagy99/opt/anaconda3/envs/airflow-env/lib/python3.8/site-packages/airflow/example_dags/example_trigger_controller_dag.py took 0.515 seconds
[2022-11-06T02:55:20.451+0200] {processor.py:154} INFO - Started process (PID=5371) to work on /Users/mnagy99/opt/anaconda3/envs/airflow-env/lib/python3.8/site-packages/airflow/example_dags/example_trigger_controller_dag.py
[2022-11-06T02:55:20.452+0200] {processor.py:756} INFO - Processing file /Users/mnagy99/opt/anaconda3/envs/airflow-env/lib/python3.8/site-packages/airflow/example_dags/example_trigger_controller_dag.py for tasks to queue
[2022-11-06T02:55:20.453+0200] {logging_mixin.py:120} INFO - [2022-11-06T02:55:20.453+0200] {dagbag.py:537} INFO - Filling up the DagBag from /Users/mnagy99/opt/anaconda3/envs/airflow-env/lib/python3.8/site-packages/airflow/example_dags/example_trigger_controller_dag.py
[2022-11-06T02:55:20.481+0200] {processor.py:766} INFO - DAG(s) dict_keys(['example_trigger_controller_dag']) retrieved from /Users/mnagy99/opt/anaconda3/envs/airflow-env/lib/python3.8/site-packages/airflow/example_dags/example_trigger_controller_dag.py
[2022-11-06T02:55:20.934+0200] {logging_mixin.py:120} INFO - [2022-11-06T02:55:20.933+0200] {dag.py:2585} INFO - Sync 1 DAGs
[2022-11-06T02:55:20.947+0200] {logging_mixin.py:120} INFO - [2022-11-06T02:55:20.947+0200] {dag.py:3336} INFO - Setting next_dagrun for example_trigger_controller_dag to 2021-01-01T00:00:00+00:00, run_after=2021-01-01T00:00:00+00:00
[2022-11-06T02:55:20.964+0200] {processor.py:176} INFO - Processing /Users/mnagy99/opt/anaconda3/envs/airflow-env/lib/python3.8/site-packages/airflow/example_dags/example_trigger_controller_dag.py took 0.514 seconds
[2022-11-06T02:57:37.047+0200] {processor.py:154} INFO - Started process (PID=5516) to work on /Users/mnagy99/opt/anaconda3/envs/airflow-env/lib/python3.8/site-packages/airflow/example_dags/example_trigger_controller_dag.py
[2022-11-06T02:57:37.050+0200] {processor.py:756} INFO - Processing file /Users/mnagy99/opt/anaconda3/envs/airflow-env/lib/python3.8/site-packages/airflow/example_dags/example_trigger_controller_dag.py for tasks to queue
[2022-11-06T02:57:37.051+0200] {logging_mixin.py:120} INFO - [2022-11-06T02:57:37.051+0200] {dagbag.py:537} INFO - Filling up the DagBag from /Users/mnagy99/opt/anaconda3/envs/airflow-env/lib/python3.8/site-packages/airflow/example_dags/example_trigger_controller_dag.py
[2022-11-06T02:57:37.074+0200] {processor.py:766} INFO - DAG(s) dict_keys(['example_trigger_controller_dag']) retrieved from /Users/mnagy99/opt/anaconda3/envs/airflow-env/lib/python3.8/site-packages/airflow/example_dags/example_trigger_controller_dag.py
[2022-11-06T02:57:37.560+0200] {logging_mixin.py:120} INFO - [2022-11-06T02:57:37.560+0200] {dag.py:2585} INFO - Sync 1 DAGs
[2022-11-06T02:57:37.576+0200] {logging_mixin.py:120} INFO - [2022-11-06T02:57:37.576+0200] {dag.py:3336} INFO - Setting next_dagrun for example_trigger_controller_dag to 2021-01-01T00:00:00+00:00, run_after=2021-01-01T00:00:00+00:00
[2022-11-06T02:57:37.595+0200] {processor.py:176} INFO - Processing /Users/mnagy99/opt/anaconda3/envs/airflow-env/lib/python3.8/site-packages/airflow/example_dags/example_trigger_controller_dag.py took 0.548 seconds
[2022-11-06T02:59:55.327+0200] {processor.py:154} INFO - Started process (PID=5652) to work on /Users/mnagy99/opt/anaconda3/envs/airflow-env/lib/python3.8/site-packages/airflow/example_dags/example_trigger_controller_dag.py
[2022-11-06T02:59:55.330+0200] {processor.py:756} INFO - Processing file /Users/mnagy99/opt/anaconda3/envs/airflow-env/lib/python3.8/site-packages/airflow/example_dags/example_trigger_controller_dag.py for tasks to queue
[2022-11-06T02:59:55.333+0200] {logging_mixin.py:120} INFO - [2022-11-06T02:59:55.333+0200] {dagbag.py:537} INFO - Filling up the DagBag from /Users/mnagy99/opt/anaconda3/envs/airflow-env/lib/python3.8/site-packages/airflow/example_dags/example_trigger_controller_dag.py
[2022-11-06T02:59:55.360+0200] {processor.py:766} INFO - DAG(s) dict_keys(['example_trigger_controller_dag']) retrieved from /Users/mnagy99/opt/anaconda3/envs/airflow-env/lib/python3.8/site-packages/airflow/example_dags/example_trigger_controller_dag.py
[2022-11-06T02:59:55.852+0200] {logging_mixin.py:120} INFO - [2022-11-06T02:59:55.851+0200] {dag.py:2585} INFO - Sync 1 DAGs
[2022-11-06T02:59:55.867+0200] {logging_mixin.py:120} INFO - [2022-11-06T02:59:55.867+0200] {dag.py:3336} INFO - Setting next_dagrun for example_trigger_controller_dag to 2021-01-01T00:00:00+00:00, run_after=2021-01-01T00:00:00+00:00
[2022-11-06T02:59:55.886+0200] {processor.py:176} INFO - Processing /Users/mnagy99/opt/anaconda3/envs/airflow-env/lib/python3.8/site-packages/airflow/example_dags/example_trigger_controller_dag.py took 0.559 seconds
[2022-11-06T03:02:40.085+0200] {processor.py:154} INFO - Started process (PID=5799) to work on /Users/mnagy99/opt/anaconda3/envs/airflow-env/lib/python3.8/site-packages/airflow/example_dags/example_trigger_controller_dag.py
[2022-11-06T03:02:40.087+0200] {processor.py:756} INFO - Processing file /Users/mnagy99/opt/anaconda3/envs/airflow-env/lib/python3.8/site-packages/airflow/example_dags/example_trigger_controller_dag.py for tasks to queue
[2022-11-06T03:02:40.088+0200] {logging_mixin.py:120} INFO - [2022-11-06T03:02:40.087+0200] {dagbag.py:537} INFO - Filling up the DagBag from /Users/mnagy99/opt/anaconda3/envs/airflow-env/lib/python3.8/site-packages/airflow/example_dags/example_trigger_controller_dag.py
[2022-11-06T03:02:40.110+0200] {processor.py:766} INFO - DAG(s) dict_keys(['example_trigger_controller_dag']) retrieved from /Users/mnagy99/opt/anaconda3/envs/airflow-env/lib/python3.8/site-packages/airflow/example_dags/example_trigger_controller_dag.py
[2022-11-06T03:02:40.575+0200] {logging_mixin.py:120} INFO - [2022-11-06T03:02:40.575+0200] {dag.py:2585} INFO - Sync 1 DAGs
[2022-11-06T03:02:40.590+0200] {logging_mixin.py:120} INFO - [2022-11-06T03:02:40.590+0200] {dag.py:3336} INFO - Setting next_dagrun for example_trigger_controller_dag to 2021-01-01T00:00:00+00:00, run_after=2021-01-01T00:00:00+00:00
[2022-11-06T03:02:40.607+0200] {processor.py:176} INFO - Processing /Users/mnagy99/opt/anaconda3/envs/airflow-env/lib/python3.8/site-packages/airflow/example_dags/example_trigger_controller_dag.py took 0.523 seconds
[2022-11-06T03:05:00.227+0200] {processor.py:154} INFO - Started process (PID=5930) to work on /Users/mnagy99/opt/anaconda3/envs/airflow-env/lib/python3.8/site-packages/airflow/example_dags/example_trigger_controller_dag.py
[2022-11-06T03:05:00.229+0200] {processor.py:756} INFO - Processing file /Users/mnagy99/opt/anaconda3/envs/airflow-env/lib/python3.8/site-packages/airflow/example_dags/example_trigger_controller_dag.py for tasks to queue
[2022-11-06T03:05:00.230+0200] {logging_mixin.py:120} INFO - [2022-11-06T03:05:00.229+0200] {dagbag.py:537} INFO - Filling up the DagBag from /Users/mnagy99/opt/anaconda3/envs/airflow-env/lib/python3.8/site-packages/airflow/example_dags/example_trigger_controller_dag.py
[2022-11-06T03:05:00.250+0200] {processor.py:766} INFO - DAG(s) dict_keys(['example_trigger_controller_dag']) retrieved from /Users/mnagy99/opt/anaconda3/envs/airflow-env/lib/python3.8/site-packages/airflow/example_dags/example_trigger_controller_dag.py
[2022-11-06T03:05:00.677+0200] {logging_mixin.py:120} INFO - [2022-11-06T03:05:00.677+0200] {dag.py:2585} INFO - Sync 1 DAGs
[2022-11-06T03:05:00.692+0200] {logging_mixin.py:120} INFO - [2022-11-06T03:05:00.692+0200] {dag.py:3336} INFO - Setting next_dagrun for example_trigger_controller_dag to 2021-01-01T00:00:00+00:00, run_after=2021-01-01T00:00:00+00:00
[2022-11-06T03:05:00.710+0200] {processor.py:176} INFO - Processing /Users/mnagy99/opt/anaconda3/envs/airflow-env/lib/python3.8/site-packages/airflow/example_dags/example_trigger_controller_dag.py took 0.485 seconds
[2022-11-06T03:07:19.514+0200] {processor.py:154} INFO - Started process (PID=6066) to work on /Users/mnagy99/opt/anaconda3/envs/airflow-env/lib/python3.8/site-packages/airflow/example_dags/example_trigger_controller_dag.py
[2022-11-06T03:07:19.517+0200] {processor.py:756} INFO - Processing file /Users/mnagy99/opt/anaconda3/envs/airflow-env/lib/python3.8/site-packages/airflow/example_dags/example_trigger_controller_dag.py for tasks to queue
[2022-11-06T03:07:19.518+0200] {logging_mixin.py:120} INFO - [2022-11-06T03:07:19.518+0200] {dagbag.py:537} INFO - Filling up the DagBag from /Users/mnagy99/opt/anaconda3/envs/airflow-env/lib/python3.8/site-packages/airflow/example_dags/example_trigger_controller_dag.py
[2022-11-06T03:07:19.541+0200] {processor.py:766} INFO - DAG(s) dict_keys(['example_trigger_controller_dag']) retrieved from /Users/mnagy99/opt/anaconda3/envs/airflow-env/lib/python3.8/site-packages/airflow/example_dags/example_trigger_controller_dag.py
[2022-11-06T03:07:20.028+0200] {logging_mixin.py:120} INFO - [2022-11-06T03:07:20.028+0200] {dag.py:2585} INFO - Sync 1 DAGs
[2022-11-06T03:07:20.042+0200] {logging_mixin.py:120} INFO - [2022-11-06T03:07:20.042+0200] {dag.py:3336} INFO - Setting next_dagrun for example_trigger_controller_dag to 2021-01-01T00:00:00+00:00, run_after=2021-01-01T00:00:00+00:00
[2022-11-06T03:07:20.059+0200] {processor.py:176} INFO - Processing /Users/mnagy99/opt/anaconda3/envs/airflow-env/lib/python3.8/site-packages/airflow/example_dags/example_trigger_controller_dag.py took 0.545 seconds
[2022-11-06T03:09:24.368+0200] {processor.py:154} INFO - Started process (PID=6191) to work on /Users/mnagy99/opt/anaconda3/envs/airflow-env/lib/python3.8/site-packages/airflow/example_dags/example_trigger_controller_dag.py
[2022-11-06T03:09:24.370+0200] {processor.py:756} INFO - Processing file /Users/mnagy99/opt/anaconda3/envs/airflow-env/lib/python3.8/site-packages/airflow/example_dags/example_trigger_controller_dag.py for tasks to queue
[2022-11-06T03:09:24.370+0200] {logging_mixin.py:120} INFO - [2022-11-06T03:09:24.370+0200] {dagbag.py:537} INFO - Filling up the DagBag from /Users/mnagy99/opt/anaconda3/envs/airflow-env/lib/python3.8/site-packages/airflow/example_dags/example_trigger_controller_dag.py
[2022-11-06T03:09:24.402+0200] {processor.py:766} INFO - DAG(s) dict_keys(['example_trigger_controller_dag']) retrieved from /Users/mnagy99/opt/anaconda3/envs/airflow-env/lib/python3.8/site-packages/airflow/example_dags/example_trigger_controller_dag.py
[2022-11-06T03:09:24.902+0200] {logging_mixin.py:120} INFO - [2022-11-06T03:09:24.902+0200] {dag.py:2585} INFO - Sync 1 DAGs
[2022-11-06T03:09:24.916+0200] {logging_mixin.py:120} INFO - [2022-11-06T03:09:24.916+0200] {dag.py:3336} INFO - Setting next_dagrun for example_trigger_controller_dag to 2021-01-01T00:00:00+00:00, run_after=2021-01-01T00:00:00+00:00
[2022-11-06T03:09:24.932+0200] {processor.py:176} INFO - Processing /Users/mnagy99/opt/anaconda3/envs/airflow-env/lib/python3.8/site-packages/airflow/example_dags/example_trigger_controller_dag.py took 0.565 seconds
[2022-11-06T03:11:27.954+0200] {processor.py:154} INFO - Started process (PID=6327) to work on /Users/mnagy99/opt/anaconda3/envs/airflow-env/lib/python3.8/site-packages/airflow/example_dags/example_trigger_controller_dag.py
[2022-11-06T03:11:27.956+0200] {processor.py:756} INFO - Processing file /Users/mnagy99/opt/anaconda3/envs/airflow-env/lib/python3.8/site-packages/airflow/example_dags/example_trigger_controller_dag.py for tasks to queue
[2022-11-06T03:11:27.957+0200] {logging_mixin.py:120} INFO - [2022-11-06T03:11:27.957+0200] {dagbag.py:537} INFO - Filling up the DagBag from /Users/mnagy99/opt/anaconda3/envs/airflow-env/lib/python3.8/site-packages/airflow/example_dags/example_trigger_controller_dag.py
[2022-11-06T03:11:27.981+0200] {processor.py:766} INFO - DAG(s) dict_keys(['example_trigger_controller_dag']) retrieved from /Users/mnagy99/opt/anaconda3/envs/airflow-env/lib/python3.8/site-packages/airflow/example_dags/example_trigger_controller_dag.py
[2022-11-06T03:11:28.461+0200] {logging_mixin.py:120} INFO - [2022-11-06T03:11:28.461+0200] {dag.py:2585} INFO - Sync 1 DAGs
[2022-11-06T03:11:28.477+0200] {logging_mixin.py:120} INFO - [2022-11-06T03:11:28.477+0200] {dag.py:3336} INFO - Setting next_dagrun for example_trigger_controller_dag to 2021-01-01T00:00:00+00:00, run_after=2021-01-01T00:00:00+00:00
[2022-11-06T03:11:28.496+0200] {processor.py:176} INFO - Processing /Users/mnagy99/opt/anaconda3/envs/airflow-env/lib/python3.8/site-packages/airflow/example_dags/example_trigger_controller_dag.py took 0.543 seconds
[2022-11-06T03:13:37.320+0200] {processor.py:154} INFO - Started process (PID=6458) to work on /Users/mnagy99/opt/anaconda3/envs/airflow-env/lib/python3.8/site-packages/airflow/example_dags/example_trigger_controller_dag.py
[2022-11-06T03:13:37.322+0200] {processor.py:756} INFO - Processing file /Users/mnagy99/opt/anaconda3/envs/airflow-env/lib/python3.8/site-packages/airflow/example_dags/example_trigger_controller_dag.py for tasks to queue
[2022-11-06T03:13:37.323+0200] {logging_mixin.py:120} INFO - [2022-11-06T03:13:37.323+0200] {dagbag.py:537} INFO - Filling up the DagBag from /Users/mnagy99/opt/anaconda3/envs/airflow-env/lib/python3.8/site-packages/airflow/example_dags/example_trigger_controller_dag.py
[2022-11-06T03:13:37.348+0200] {processor.py:766} INFO - DAG(s) dict_keys(['example_trigger_controller_dag']) retrieved from /Users/mnagy99/opt/anaconda3/envs/airflow-env/lib/python3.8/site-packages/airflow/example_dags/example_trigger_controller_dag.py
[2022-11-06T03:13:37.794+0200] {logging_mixin.py:120} INFO - [2022-11-06T03:13:37.794+0200] {dag.py:2585} INFO - Sync 1 DAGs
[2022-11-06T03:13:37.807+0200] {logging_mixin.py:120} INFO - [2022-11-06T03:13:37.807+0200] {dag.py:3336} INFO - Setting next_dagrun for example_trigger_controller_dag to 2021-01-01T00:00:00+00:00, run_after=2021-01-01T00:00:00+00:00
[2022-11-06T03:13:37.821+0200] {processor.py:176} INFO - Processing /Users/mnagy99/opt/anaconda3/envs/airflow-env/lib/python3.8/site-packages/airflow/example_dags/example_trigger_controller_dag.py took 0.503 seconds
[2022-11-06T03:15:36.434+0200] {processor.py:154} INFO - Started process (PID=6584) to work on /Users/mnagy99/opt/anaconda3/envs/airflow-env/lib/python3.8/site-packages/airflow/example_dags/example_trigger_controller_dag.py
[2022-11-06T03:15:36.435+0200] {processor.py:756} INFO - Processing file /Users/mnagy99/opt/anaconda3/envs/airflow-env/lib/python3.8/site-packages/airflow/example_dags/example_trigger_controller_dag.py for tasks to queue
[2022-11-06T03:15:36.436+0200] {logging_mixin.py:120} INFO - [2022-11-06T03:15:36.435+0200] {dagbag.py:537} INFO - Filling up the DagBag from /Users/mnagy99/opt/anaconda3/envs/airflow-env/lib/python3.8/site-packages/airflow/example_dags/example_trigger_controller_dag.py
[2022-11-06T03:15:36.459+0200] {processor.py:766} INFO - DAG(s) dict_keys(['example_trigger_controller_dag']) retrieved from /Users/mnagy99/opt/anaconda3/envs/airflow-env/lib/python3.8/site-packages/airflow/example_dags/example_trigger_controller_dag.py
[2022-11-06T03:15:36.949+0200] {logging_mixin.py:120} INFO - [2022-11-06T03:15:36.949+0200] {dag.py:2585} INFO - Sync 1 DAGs
[2022-11-06T03:15:36.963+0200] {logging_mixin.py:120} INFO - [2022-11-06T03:15:36.963+0200] {dag.py:3336} INFO - Setting next_dagrun for example_trigger_controller_dag to 2021-01-01T00:00:00+00:00, run_after=2021-01-01T00:00:00+00:00
[2022-11-06T03:15:36.984+0200] {processor.py:176} INFO - Processing /Users/mnagy99/opt/anaconda3/envs/airflow-env/lib/python3.8/site-packages/airflow/example_dags/example_trigger_controller_dag.py took 0.550 seconds
[2022-11-06T03:17:33.868+0200] {processor.py:154} INFO - Started process (PID=6718) to work on /Users/mnagy99/opt/anaconda3/envs/airflow-env/lib/python3.8/site-packages/airflow/example_dags/example_trigger_controller_dag.py
[2022-11-06T03:17:33.870+0200] {processor.py:756} INFO - Processing file /Users/mnagy99/opt/anaconda3/envs/airflow-env/lib/python3.8/site-packages/airflow/example_dags/example_trigger_controller_dag.py for tasks to queue
[2022-11-06T03:17:33.871+0200] {logging_mixin.py:120} INFO - [2022-11-06T03:17:33.871+0200] {dagbag.py:537} INFO - Filling up the DagBag from /Users/mnagy99/opt/anaconda3/envs/airflow-env/lib/python3.8/site-packages/airflow/example_dags/example_trigger_controller_dag.py
[2022-11-06T03:17:33.890+0200] {processor.py:766} INFO - DAG(s) dict_keys(['example_trigger_controller_dag']) retrieved from /Users/mnagy99/opt/anaconda3/envs/airflow-env/lib/python3.8/site-packages/airflow/example_dags/example_trigger_controller_dag.py
[2022-11-06T03:17:34.318+0200] {logging_mixin.py:120} INFO - [2022-11-06T03:17:34.318+0200] {dag.py:2585} INFO - Sync 1 DAGs
[2022-11-06T03:17:34.332+0200] {logging_mixin.py:120} INFO - [2022-11-06T03:17:34.332+0200] {dag.py:3336} INFO - Setting next_dagrun for example_trigger_controller_dag to 2021-01-01T00:00:00+00:00, run_after=2021-01-01T00:00:00+00:00
[2022-11-06T03:17:34.349+0200] {processor.py:176} INFO - Processing /Users/mnagy99/opt/anaconda3/envs/airflow-env/lib/python3.8/site-packages/airflow/example_dags/example_trigger_controller_dag.py took 0.482 seconds
[2022-11-06T03:19:31.937+0200] {processor.py:154} INFO - Started process (PID=6843) to work on /Users/mnagy99/opt/anaconda3/envs/airflow-env/lib/python3.8/site-packages/airflow/example_dags/example_trigger_controller_dag.py
[2022-11-06T03:19:31.937+0200] {processor.py:756} INFO - Processing file /Users/mnagy99/opt/anaconda3/envs/airflow-env/lib/python3.8/site-packages/airflow/example_dags/example_trigger_controller_dag.py for tasks to queue
[2022-11-06T03:19:31.938+0200] {logging_mixin.py:120} INFO - [2022-11-06T03:19:31.938+0200] {dagbag.py:537} INFO - Filling up the DagBag from /Users/mnagy99/opt/anaconda3/envs/airflow-env/lib/python3.8/site-packages/airflow/example_dags/example_trigger_controller_dag.py
[2022-11-06T03:19:31.957+0200] {processor.py:766} INFO - DAG(s) dict_keys(['example_trigger_controller_dag']) retrieved from /Users/mnagy99/opt/anaconda3/envs/airflow-env/lib/python3.8/site-packages/airflow/example_dags/example_trigger_controller_dag.py
[2022-11-06T03:19:32.444+0200] {logging_mixin.py:120} INFO - [2022-11-06T03:19:32.444+0200] {dag.py:2585} INFO - Sync 1 DAGs
[2022-11-06T03:19:32.458+0200] {logging_mixin.py:120} INFO - [2022-11-06T03:19:32.458+0200] {dag.py:3336} INFO - Setting next_dagrun for example_trigger_controller_dag to 2021-01-01T00:00:00+00:00, run_after=2021-01-01T00:00:00+00:00
[2022-11-06T03:19:32.477+0200] {processor.py:176} INFO - Processing /Users/mnagy99/opt/anaconda3/envs/airflow-env/lib/python3.8/site-packages/airflow/example_dags/example_trigger_controller_dag.py took 0.541 seconds
[2022-11-06T03:21:33.010+0200] {processor.py:154} INFO - Started process (PID=6967) to work on /Users/mnagy99/opt/anaconda3/envs/airflow-env/lib/python3.8/site-packages/airflow/example_dags/example_trigger_controller_dag.py
[2022-11-06T03:21:33.011+0200] {processor.py:756} INFO - Processing file /Users/mnagy99/opt/anaconda3/envs/airflow-env/lib/python3.8/site-packages/airflow/example_dags/example_trigger_controller_dag.py for tasks to queue
[2022-11-06T03:21:33.011+0200] {logging_mixin.py:120} INFO - [2022-11-06T03:21:33.011+0200] {dagbag.py:537} INFO - Filling up the DagBag from /Users/mnagy99/opt/anaconda3/envs/airflow-env/lib/python3.8/site-packages/airflow/example_dags/example_trigger_controller_dag.py
[2022-11-06T03:21:33.030+0200] {processor.py:766} INFO - DAG(s) dict_keys(['example_trigger_controller_dag']) retrieved from /Users/mnagy99/opt/anaconda3/envs/airflow-env/lib/python3.8/site-packages/airflow/example_dags/example_trigger_controller_dag.py
[2022-11-06T03:21:33.466+0200] {logging_mixin.py:120} INFO - [2022-11-06T03:21:33.466+0200] {dag.py:2585} INFO - Sync 1 DAGs
[2022-11-06T03:21:33.479+0200] {logging_mixin.py:120} INFO - [2022-11-06T03:21:33.479+0200] {dag.py:3336} INFO - Setting next_dagrun for example_trigger_controller_dag to 2021-01-01T00:00:00+00:00, run_after=2021-01-01T00:00:00+00:00
[2022-11-06T03:21:33.496+0200] {processor.py:176} INFO - Processing /Users/mnagy99/opt/anaconda3/envs/airflow-env/lib/python3.8/site-packages/airflow/example_dags/example_trigger_controller_dag.py took 0.487 seconds
[2022-11-06T03:23:33.750+0200] {processor.py:154} INFO - Started process (PID=7096) to work on /Users/mnagy99/opt/anaconda3/envs/airflow-env/lib/python3.8/site-packages/airflow/example_dags/example_trigger_controller_dag.py
[2022-11-06T03:23:33.752+0200] {processor.py:756} INFO - Processing file /Users/mnagy99/opt/anaconda3/envs/airflow-env/lib/python3.8/site-packages/airflow/example_dags/example_trigger_controller_dag.py for tasks to queue
[2022-11-06T03:23:33.753+0200] {logging_mixin.py:120} INFO - [2022-11-06T03:23:33.753+0200] {dagbag.py:537} INFO - Filling up the DagBag from /Users/mnagy99/opt/anaconda3/envs/airflow-env/lib/python3.8/site-packages/airflow/example_dags/example_trigger_controller_dag.py
[2022-11-06T03:23:33.775+0200] {processor.py:766} INFO - DAG(s) dict_keys(['example_trigger_controller_dag']) retrieved from /Users/mnagy99/opt/anaconda3/envs/airflow-env/lib/python3.8/site-packages/airflow/example_dags/example_trigger_controller_dag.py
[2022-11-06T03:23:34.209+0200] {logging_mixin.py:120} INFO - [2022-11-06T03:23:34.209+0200] {dag.py:2585} INFO - Sync 1 DAGs
[2022-11-06T03:23:34.223+0200] {logging_mixin.py:120} INFO - [2022-11-06T03:23:34.223+0200] {dag.py:3336} INFO - Setting next_dagrun for example_trigger_controller_dag to 2021-01-01T00:00:00+00:00, run_after=2021-01-01T00:00:00+00:00
[2022-11-06T03:23:34.238+0200] {processor.py:176} INFO - Processing /Users/mnagy99/opt/anaconda3/envs/airflow-env/lib/python3.8/site-packages/airflow/example_dags/example_trigger_controller_dag.py took 0.489 seconds
[2022-11-06T03:25:29.953+0200] {processor.py:154} INFO - Started process (PID=7219) to work on /Users/mnagy99/opt/anaconda3/envs/airflow-env/lib/python3.8/site-packages/airflow/example_dags/example_trigger_controller_dag.py
[2022-11-06T03:25:29.953+0200] {processor.py:756} INFO - Processing file /Users/mnagy99/opt/anaconda3/envs/airflow-env/lib/python3.8/site-packages/airflow/example_dags/example_trigger_controller_dag.py for tasks to queue
[2022-11-06T03:25:29.954+0200] {logging_mixin.py:120} INFO - [2022-11-06T03:25:29.954+0200] {dagbag.py:537} INFO - Filling up the DagBag from /Users/mnagy99/opt/anaconda3/envs/airflow-env/lib/python3.8/site-packages/airflow/example_dags/example_trigger_controller_dag.py
[2022-11-06T03:25:29.973+0200] {processor.py:766} INFO - DAG(s) dict_keys(['example_trigger_controller_dag']) retrieved from /Users/mnagy99/opt/anaconda3/envs/airflow-env/lib/python3.8/site-packages/airflow/example_dags/example_trigger_controller_dag.py
[2022-11-06T03:25:30.402+0200] {logging_mixin.py:120} INFO - [2022-11-06T03:25:30.402+0200] {dag.py:2585} INFO - Sync 1 DAGs
[2022-11-06T03:25:30.415+0200] {logging_mixin.py:120} INFO - [2022-11-06T03:25:30.415+0200] {dag.py:3336} INFO - Setting next_dagrun for example_trigger_controller_dag to 2021-01-01T00:00:00+00:00, run_after=2021-01-01T00:00:00+00:00
[2022-11-06T03:25:30.433+0200] {processor.py:176} INFO - Processing /Users/mnagy99/opt/anaconda3/envs/airflow-env/lib/python3.8/site-packages/airflow/example_dags/example_trigger_controller_dag.py took 0.481 seconds
[2022-11-06T03:27:30.281+0200] {processor.py:154} INFO - Started process (PID=7366) to work on /Users/mnagy99/opt/anaconda3/envs/airflow-env/lib/python3.8/site-packages/airflow/example_dags/example_trigger_controller_dag.py
[2022-11-06T03:27:30.284+0200] {processor.py:756} INFO - Processing file /Users/mnagy99/opt/anaconda3/envs/airflow-env/lib/python3.8/site-packages/airflow/example_dags/example_trigger_controller_dag.py for tasks to queue
[2022-11-06T03:27:30.285+0200] {logging_mixin.py:120} INFO - [2022-11-06T03:27:30.284+0200] {dagbag.py:537} INFO - Filling up the DagBag from /Users/mnagy99/opt/anaconda3/envs/airflow-env/lib/python3.8/site-packages/airflow/example_dags/example_trigger_controller_dag.py
[2022-11-06T03:27:30.313+0200] {processor.py:766} INFO - DAG(s) dict_keys(['example_trigger_controller_dag']) retrieved from /Users/mnagy99/opt/anaconda3/envs/airflow-env/lib/python3.8/site-packages/airflow/example_dags/example_trigger_controller_dag.py
[2022-11-06T03:27:30.745+0200] {logging_mixin.py:120} INFO - [2022-11-06T03:27:30.745+0200] {dag.py:2585} INFO - Sync 1 DAGs
[2022-11-06T03:27:30.758+0200] {logging_mixin.py:120} INFO - [2022-11-06T03:27:30.758+0200] {dag.py:3336} INFO - Setting next_dagrun for example_trigger_controller_dag to 2021-01-01T00:00:00+00:00, run_after=2021-01-01T00:00:00+00:00
[2022-11-06T03:27:30.778+0200] {processor.py:176} INFO - Processing /Users/mnagy99/opt/anaconda3/envs/airflow-env/lib/python3.8/site-packages/airflow/example_dags/example_trigger_controller_dag.py took 0.498 seconds
[2022-11-06T03:29:34.489+0200] {processor.py:154} INFO - Started process (PID=7491) to work on /Users/mnagy99/opt/anaconda3/envs/airflow-env/lib/python3.8/site-packages/airflow/example_dags/example_trigger_controller_dag.py
[2022-11-06T03:29:34.491+0200] {processor.py:756} INFO - Processing file /Users/mnagy99/opt/anaconda3/envs/airflow-env/lib/python3.8/site-packages/airflow/example_dags/example_trigger_controller_dag.py for tasks to queue
[2022-11-06T03:29:34.492+0200] {logging_mixin.py:120} INFO - [2022-11-06T03:29:34.492+0200] {dagbag.py:537} INFO - Filling up the DagBag from /Users/mnagy99/opt/anaconda3/envs/airflow-env/lib/python3.8/site-packages/airflow/example_dags/example_trigger_controller_dag.py
[2022-11-06T03:29:34.514+0200] {processor.py:766} INFO - DAG(s) dict_keys(['example_trigger_controller_dag']) retrieved from /Users/mnagy99/opt/anaconda3/envs/airflow-env/lib/python3.8/site-packages/airflow/example_dags/example_trigger_controller_dag.py
[2022-11-06T03:29:34.958+0200] {logging_mixin.py:120} INFO - [2022-11-06T03:29:34.957+0200] {dag.py:2585} INFO - Sync 1 DAGs
[2022-11-06T03:29:34.971+0200] {logging_mixin.py:120} INFO - [2022-11-06T03:29:34.971+0200] {dag.py:3336} INFO - Setting next_dagrun for example_trigger_controller_dag to 2021-01-01T00:00:00+00:00, run_after=2021-01-01T00:00:00+00:00
[2022-11-06T03:29:34.989+0200] {processor.py:176} INFO - Processing /Users/mnagy99/opt/anaconda3/envs/airflow-env/lib/python3.8/site-packages/airflow/example_dags/example_trigger_controller_dag.py took 0.501 seconds
[2022-11-06T03:31:32.796+0200] {processor.py:154} INFO - Started process (PID=7617) to work on /Users/mnagy99/opt/anaconda3/envs/airflow-env/lib/python3.8/site-packages/airflow/example_dags/example_trigger_controller_dag.py
[2022-11-06T03:31:32.799+0200] {processor.py:756} INFO - Processing file /Users/mnagy99/opt/anaconda3/envs/airflow-env/lib/python3.8/site-packages/airflow/example_dags/example_trigger_controller_dag.py for tasks to queue
[2022-11-06T03:31:32.799+0200] {logging_mixin.py:120} INFO - [2022-11-06T03:31:32.799+0200] {dagbag.py:537} INFO - Filling up the DagBag from /Users/mnagy99/opt/anaconda3/envs/airflow-env/lib/python3.8/site-packages/airflow/example_dags/example_trigger_controller_dag.py
[2022-11-06T03:31:32.822+0200] {processor.py:766} INFO - DAG(s) dict_keys(['example_trigger_controller_dag']) retrieved from /Users/mnagy99/opt/anaconda3/envs/airflow-env/lib/python3.8/site-packages/airflow/example_dags/example_trigger_controller_dag.py
[2022-11-06T03:31:33.679+0200] {logging_mixin.py:120} INFO - [2022-11-06T03:31:33.679+0200] {dag.py:2585} INFO - Sync 1 DAGs
[2022-11-06T03:31:33.709+0200] {logging_mixin.py:120} INFO - [2022-11-06T03:31:33.708+0200] {dag.py:3336} INFO - Setting next_dagrun for example_trigger_controller_dag to 2021-01-01T00:00:00+00:00, run_after=2021-01-01T00:00:00+00:00
[2022-11-06T03:31:33.743+0200] {processor.py:176} INFO - Processing /Users/mnagy99/opt/anaconda3/envs/airflow-env/lib/python3.8/site-packages/airflow/example_dags/example_trigger_controller_dag.py took 0.948 seconds
[2022-11-06T03:33:46.151+0200] {processor.py:154} INFO - Started process (PID=7755) to work on /Users/mnagy99/opt/anaconda3/envs/airflow-env/lib/python3.8/site-packages/airflow/example_dags/example_trigger_controller_dag.py
[2022-11-06T03:33:46.152+0200] {processor.py:756} INFO - Processing file /Users/mnagy99/opt/anaconda3/envs/airflow-env/lib/python3.8/site-packages/airflow/example_dags/example_trigger_controller_dag.py for tasks to queue
[2022-11-06T03:33:46.152+0200] {logging_mixin.py:120} INFO - [2022-11-06T03:33:46.152+0200] {dagbag.py:537} INFO - Filling up the DagBag from /Users/mnagy99/opt/anaconda3/envs/airflow-env/lib/python3.8/site-packages/airflow/example_dags/example_trigger_controller_dag.py
[2022-11-06T03:33:46.171+0200] {processor.py:766} INFO - DAG(s) dict_keys(['example_trigger_controller_dag']) retrieved from /Users/mnagy99/opt/anaconda3/envs/airflow-env/lib/python3.8/site-packages/airflow/example_dags/example_trigger_controller_dag.py
[2022-11-06T03:33:46.616+0200] {logging_mixin.py:120} INFO - [2022-11-06T03:33:46.616+0200] {dag.py:2585} INFO - Sync 1 DAGs
[2022-11-06T03:33:46.629+0200] {logging_mixin.py:120} INFO - [2022-11-06T03:33:46.629+0200] {dag.py:3336} INFO - Setting next_dagrun for example_trigger_controller_dag to 2021-01-01T00:00:00+00:00, run_after=2021-01-01T00:00:00+00:00
[2022-11-06T03:33:46.645+0200] {processor.py:176} INFO - Processing /Users/mnagy99/opt/anaconda3/envs/airflow-env/lib/python3.8/site-packages/airflow/example_dags/example_trigger_controller_dag.py took 0.495 seconds
[2022-11-06T03:35:52.463+0200] {processor.py:154} INFO - Started process (PID=7930) to work on /Users/mnagy99/opt/anaconda3/envs/airflow-env/lib/python3.8/site-packages/airflow/example_dags/example_trigger_controller_dag.py
[2022-11-06T03:35:52.466+0200] {processor.py:756} INFO - Processing file /Users/mnagy99/opt/anaconda3/envs/airflow-env/lib/python3.8/site-packages/airflow/example_dags/example_trigger_controller_dag.py for tasks to queue
[2022-11-06T03:35:52.466+0200] {logging_mixin.py:120} INFO - [2022-11-06T03:35:52.466+0200] {dagbag.py:537} INFO - Filling up the DagBag from /Users/mnagy99/opt/anaconda3/envs/airflow-env/lib/python3.8/site-packages/airflow/example_dags/example_trigger_controller_dag.py
[2022-11-06T03:35:52.491+0200] {processor.py:766} INFO - DAG(s) dict_keys(['example_trigger_controller_dag']) retrieved from /Users/mnagy99/opt/anaconda3/envs/airflow-env/lib/python3.8/site-packages/airflow/example_dags/example_trigger_controller_dag.py
[2022-11-06T03:35:52.986+0200] {logging_mixin.py:120} INFO - [2022-11-06T03:35:52.986+0200] {dag.py:2585} INFO - Sync 1 DAGs
[2022-11-06T03:35:53.002+0200] {logging_mixin.py:120} INFO - [2022-11-06T03:35:53.002+0200] {dag.py:3336} INFO - Setting next_dagrun for example_trigger_controller_dag to 2021-01-01T00:00:00+00:00, run_after=2021-01-01T00:00:00+00:00
[2022-11-06T03:35:53.017+0200] {processor.py:176} INFO - Processing /Users/mnagy99/opt/anaconda3/envs/airflow-env/lib/python3.8/site-packages/airflow/example_dags/example_trigger_controller_dag.py took 0.555 seconds
[2022-11-06T03:37:54.825+0200] {processor.py:154} INFO - Started process (PID=8053) to work on /Users/mnagy99/opt/anaconda3/envs/airflow-env/lib/python3.8/site-packages/airflow/example_dags/example_trigger_controller_dag.py
[2022-11-06T03:37:54.827+0200] {processor.py:756} INFO - Processing file /Users/mnagy99/opt/anaconda3/envs/airflow-env/lib/python3.8/site-packages/airflow/example_dags/example_trigger_controller_dag.py for tasks to queue
[2022-11-06T03:37:54.828+0200] {logging_mixin.py:120} INFO - [2022-11-06T03:37:54.827+0200] {dagbag.py:537} INFO - Filling up the DagBag from /Users/mnagy99/opt/anaconda3/envs/airflow-env/lib/python3.8/site-packages/airflow/example_dags/example_trigger_controller_dag.py
[2022-11-06T03:37:54.849+0200] {processor.py:766} INFO - DAG(s) dict_keys(['example_trigger_controller_dag']) retrieved from /Users/mnagy99/opt/anaconda3/envs/airflow-env/lib/python3.8/site-packages/airflow/example_dags/example_trigger_controller_dag.py
[2022-11-06T03:37:55.288+0200] {logging_mixin.py:120} INFO - [2022-11-06T03:37:55.288+0200] {dag.py:2585} INFO - Sync 1 DAGs
[2022-11-06T03:37:55.301+0200] {logging_mixin.py:120} INFO - [2022-11-06T03:37:55.301+0200] {dag.py:3336} INFO - Setting next_dagrun for example_trigger_controller_dag to 2021-01-01T00:00:00+00:00, run_after=2021-01-01T00:00:00+00:00
[2022-11-06T03:37:55.317+0200] {processor.py:176} INFO - Processing /Users/mnagy99/opt/anaconda3/envs/airflow-env/lib/python3.8/site-packages/airflow/example_dags/example_trigger_controller_dag.py took 0.493 seconds
[2022-11-06T03:39:53.201+0200] {processor.py:154} INFO - Started process (PID=8174) to work on /Users/mnagy99/opt/anaconda3/envs/airflow-env/lib/python3.8/site-packages/airflow/example_dags/example_trigger_controller_dag.py
[2022-11-06T03:39:53.202+0200] {processor.py:756} INFO - Processing file /Users/mnagy99/opt/anaconda3/envs/airflow-env/lib/python3.8/site-packages/airflow/example_dags/example_trigger_controller_dag.py for tasks to queue
[2022-11-06T03:39:53.202+0200] {logging_mixin.py:120} INFO - [2022-11-06T03:39:53.202+0200] {dagbag.py:537} INFO - Filling up the DagBag from /Users/mnagy99/opt/anaconda3/envs/airflow-env/lib/python3.8/site-packages/airflow/example_dags/example_trigger_controller_dag.py
[2022-11-06T03:39:53.221+0200] {processor.py:766} INFO - DAG(s) dict_keys(['example_trigger_controller_dag']) retrieved from /Users/mnagy99/opt/anaconda3/envs/airflow-env/lib/python3.8/site-packages/airflow/example_dags/example_trigger_controller_dag.py
[2022-11-06T03:39:53.657+0200] {logging_mixin.py:120} INFO - [2022-11-06T03:39:53.657+0200] {dag.py:2585} INFO - Sync 1 DAGs
[2022-11-06T03:39:53.671+0200] {logging_mixin.py:120} INFO - [2022-11-06T03:39:53.670+0200] {dag.py:3336} INFO - Setting next_dagrun for example_trigger_controller_dag to 2021-01-01T00:00:00+00:00, run_after=2021-01-01T00:00:00+00:00
[2022-11-06T03:39:53.687+0200] {processor.py:176} INFO - Processing /Users/mnagy99/opt/anaconda3/envs/airflow-env/lib/python3.8/site-packages/airflow/example_dags/example_trigger_controller_dag.py took 0.487 seconds
[2022-11-06T03:41:53.079+0200] {processor.py:154} INFO - Started process (PID=8296) to work on /Users/mnagy99/opt/anaconda3/envs/airflow-env/lib/python3.8/site-packages/airflow/example_dags/example_trigger_controller_dag.py
[2022-11-06T03:41:53.081+0200] {processor.py:756} INFO - Processing file /Users/mnagy99/opt/anaconda3/envs/airflow-env/lib/python3.8/site-packages/airflow/example_dags/example_trigger_controller_dag.py for tasks to queue
[2022-11-06T03:41:53.082+0200] {logging_mixin.py:120} INFO - [2022-11-06T03:41:53.082+0200] {dagbag.py:537} INFO - Filling up the DagBag from /Users/mnagy99/opt/anaconda3/envs/airflow-env/lib/python3.8/site-packages/airflow/example_dags/example_trigger_controller_dag.py
[2022-11-06T03:41:53.102+0200] {processor.py:766} INFO - DAG(s) dict_keys(['example_trigger_controller_dag']) retrieved from /Users/mnagy99/opt/anaconda3/envs/airflow-env/lib/python3.8/site-packages/airflow/example_dags/example_trigger_controller_dag.py
[2022-11-06T03:41:53.557+0200] {logging_mixin.py:120} INFO - [2022-11-06T03:41:53.557+0200] {dag.py:2585} INFO - Sync 1 DAGs
[2022-11-06T03:41:53.571+0200] {logging_mixin.py:120} INFO - [2022-11-06T03:41:53.571+0200] {dag.py:3336} INFO - Setting next_dagrun for example_trigger_controller_dag to 2021-01-01T00:00:00+00:00, run_after=2021-01-01T00:00:00+00:00
[2022-11-06T03:41:53.587+0200] {processor.py:176} INFO - Processing /Users/mnagy99/opt/anaconda3/envs/airflow-env/lib/python3.8/site-packages/airflow/example_dags/example_trigger_controller_dag.py took 0.509 seconds
[2022-11-06T03:43:51.860+0200] {processor.py:154} INFO - Started process (PID=8418) to work on /Users/mnagy99/opt/anaconda3/envs/airflow-env/lib/python3.8/site-packages/airflow/example_dags/example_trigger_controller_dag.py
[2022-11-06T03:43:51.863+0200] {processor.py:756} INFO - Processing file /Users/mnagy99/opt/anaconda3/envs/airflow-env/lib/python3.8/site-packages/airflow/example_dags/example_trigger_controller_dag.py for tasks to queue
[2022-11-06T03:43:51.863+0200] {logging_mixin.py:120} INFO - [2022-11-06T03:43:51.863+0200] {dagbag.py:537} INFO - Filling up the DagBag from /Users/mnagy99/opt/anaconda3/envs/airflow-env/lib/python3.8/site-packages/airflow/example_dags/example_trigger_controller_dag.py
[2022-11-06T03:43:51.885+0200] {processor.py:766} INFO - DAG(s) dict_keys(['example_trigger_controller_dag']) retrieved from /Users/mnagy99/opt/anaconda3/envs/airflow-env/lib/python3.8/site-packages/airflow/example_dags/example_trigger_controller_dag.py
[2022-11-06T03:43:52.325+0200] {logging_mixin.py:120} INFO - [2022-11-06T03:43:52.324+0200] {dag.py:2585} INFO - Sync 1 DAGs
[2022-11-06T03:43:52.339+0200] {logging_mixin.py:120} INFO - [2022-11-06T03:43:52.339+0200] {dag.py:3336} INFO - Setting next_dagrun for example_trigger_controller_dag to 2021-01-01T00:00:00+00:00, run_after=2021-01-01T00:00:00+00:00
[2022-11-06T03:43:52.355+0200] {processor.py:176} INFO - Processing /Users/mnagy99/opt/anaconda3/envs/airflow-env/lib/python3.8/site-packages/airflow/example_dags/example_trigger_controller_dag.py took 0.495 seconds
[2022-11-06T03:45:55.084+0200] {processor.py:154} INFO - Started process (PID=8562) to work on /Users/mnagy99/opt/anaconda3/envs/airflow-env/lib/python3.8/site-packages/airflow/example_dags/example_trigger_controller_dag.py
[2022-11-06T03:45:55.087+0200] {processor.py:756} INFO - Processing file /Users/mnagy99/opt/anaconda3/envs/airflow-env/lib/python3.8/site-packages/airflow/example_dags/example_trigger_controller_dag.py for tasks to queue
[2022-11-06T03:45:55.087+0200] {logging_mixin.py:120} INFO - [2022-11-06T03:45:55.087+0200] {dagbag.py:537} INFO - Filling up the DagBag from /Users/mnagy99/opt/anaconda3/envs/airflow-env/lib/python3.8/site-packages/airflow/example_dags/example_trigger_controller_dag.py
[2022-11-06T03:45:55.108+0200] {processor.py:766} INFO - DAG(s) dict_keys(['example_trigger_controller_dag']) retrieved from /Users/mnagy99/opt/anaconda3/envs/airflow-env/lib/python3.8/site-packages/airflow/example_dags/example_trigger_controller_dag.py
[2022-11-06T03:45:55.565+0200] {logging_mixin.py:120} INFO - [2022-11-06T03:45:55.565+0200] {dag.py:2585} INFO - Sync 1 DAGs
[2022-11-06T03:45:55.580+0200] {logging_mixin.py:120} INFO - [2022-11-06T03:45:55.580+0200] {dag.py:3336} INFO - Setting next_dagrun for example_trigger_controller_dag to 2021-01-01T00:00:00+00:00, run_after=2021-01-01T00:00:00+00:00
[2022-11-06T03:45:55.596+0200] {processor.py:176} INFO - Processing /Users/mnagy99/opt/anaconda3/envs/airflow-env/lib/python3.8/site-packages/airflow/example_dags/example_trigger_controller_dag.py took 0.512 seconds
[2022-11-06T03:47:57.159+0200] {processor.py:154} INFO - Started process (PID=8683) to work on /Users/mnagy99/opt/anaconda3/envs/airflow-env/lib/python3.8/site-packages/airflow/example_dags/example_trigger_controller_dag.py
[2022-11-06T03:47:57.162+0200] {processor.py:756} INFO - Processing file /Users/mnagy99/opt/anaconda3/envs/airflow-env/lib/python3.8/site-packages/airflow/example_dags/example_trigger_controller_dag.py for tasks to queue
[2022-11-06T03:47:57.162+0200] {logging_mixin.py:120} INFO - [2022-11-06T03:47:57.162+0200] {dagbag.py:537} INFO - Filling up the DagBag from /Users/mnagy99/opt/anaconda3/envs/airflow-env/lib/python3.8/site-packages/airflow/example_dags/example_trigger_controller_dag.py
[2022-11-06T03:47:57.185+0200] {processor.py:766} INFO - DAG(s) dict_keys(['example_trigger_controller_dag']) retrieved from /Users/mnagy99/opt/anaconda3/envs/airflow-env/lib/python3.8/site-packages/airflow/example_dags/example_trigger_controller_dag.py
[2022-11-06T03:47:57.627+0200] {logging_mixin.py:120} INFO - [2022-11-06T03:47:57.627+0200] {dag.py:2585} INFO - Sync 1 DAGs
[2022-11-06T03:47:57.642+0200] {logging_mixin.py:120} INFO - [2022-11-06T03:47:57.642+0200] {dag.py:3336} INFO - Setting next_dagrun for example_trigger_controller_dag to 2021-01-01T00:00:00+00:00, run_after=2021-01-01T00:00:00+00:00
[2022-11-06T03:47:57.658+0200] {processor.py:176} INFO - Processing /Users/mnagy99/opt/anaconda3/envs/airflow-env/lib/python3.8/site-packages/airflow/example_dags/example_trigger_controller_dag.py took 0.499 seconds
[2022-11-06T03:50:03.790+0200] {processor.py:154} INFO - Started process (PID=8805) to work on /Users/mnagy99/opt/anaconda3/envs/airflow-env/lib/python3.8/site-packages/airflow/example_dags/example_trigger_controller_dag.py
[2022-11-06T03:50:03.792+0200] {processor.py:756} INFO - Processing file /Users/mnagy99/opt/anaconda3/envs/airflow-env/lib/python3.8/site-packages/airflow/example_dags/example_trigger_controller_dag.py for tasks to queue
[2022-11-06T03:50:03.792+0200] {logging_mixin.py:120} INFO - [2022-11-06T03:50:03.792+0200] {dagbag.py:537} INFO - Filling up the DagBag from /Users/mnagy99/opt/anaconda3/envs/airflow-env/lib/python3.8/site-packages/airflow/example_dags/example_trigger_controller_dag.py
[2022-11-06T03:50:03.813+0200] {processor.py:766} INFO - DAG(s) dict_keys(['example_trigger_controller_dag']) retrieved from /Users/mnagy99/opt/anaconda3/envs/airflow-env/lib/python3.8/site-packages/airflow/example_dags/example_trigger_controller_dag.py
[2022-11-06T03:50:04.242+0200] {logging_mixin.py:120} INFO - [2022-11-06T03:50:04.242+0200] {dag.py:2585} INFO - Sync 1 DAGs
[2022-11-06T03:50:04.256+0200] {logging_mixin.py:120} INFO - [2022-11-06T03:50:04.256+0200] {dag.py:3336} INFO - Setting next_dagrun for example_trigger_controller_dag to 2021-01-01T00:00:00+00:00, run_after=2021-01-01T00:00:00+00:00
[2022-11-06T03:50:04.279+0200] {processor.py:176} INFO - Processing /Users/mnagy99/opt/anaconda3/envs/airflow-env/lib/python3.8/site-packages/airflow/example_dags/example_trigger_controller_dag.py took 0.489 seconds
[2022-11-06T03:52:08.752+0200] {processor.py:154} INFO - Started process (PID=8937) to work on /Users/mnagy99/opt/anaconda3/envs/airflow-env/lib/python3.8/site-packages/airflow/example_dags/example_trigger_controller_dag.py
[2022-11-06T03:52:08.755+0200] {processor.py:756} INFO - Processing file /Users/mnagy99/opt/anaconda3/envs/airflow-env/lib/python3.8/site-packages/airflow/example_dags/example_trigger_controller_dag.py for tasks to queue
[2022-11-06T03:52:08.755+0200] {logging_mixin.py:120} INFO - [2022-11-06T03:52:08.755+0200] {dagbag.py:537} INFO - Filling up the DagBag from /Users/mnagy99/opt/anaconda3/envs/airflow-env/lib/python3.8/site-packages/airflow/example_dags/example_trigger_controller_dag.py
[2022-11-06T03:52:08.776+0200] {processor.py:766} INFO - DAG(s) dict_keys(['example_trigger_controller_dag']) retrieved from /Users/mnagy99/opt/anaconda3/envs/airflow-env/lib/python3.8/site-packages/airflow/example_dags/example_trigger_controller_dag.py
[2022-11-06T03:52:09.206+0200] {logging_mixin.py:120} INFO - [2022-11-06T03:52:09.206+0200] {dag.py:2585} INFO - Sync 1 DAGs
[2022-11-06T03:52:09.220+0200] {logging_mixin.py:120} INFO - [2022-11-06T03:52:09.220+0200] {dag.py:3336} INFO - Setting next_dagrun for example_trigger_controller_dag to 2021-01-01T00:00:00+00:00, run_after=2021-01-01T00:00:00+00:00
[2022-11-06T03:52:09.238+0200] {processor.py:176} INFO - Processing /Users/mnagy99/opt/anaconda3/envs/airflow-env/lib/python3.8/site-packages/airflow/example_dags/example_trigger_controller_dag.py took 0.487 seconds
[2022-11-06T03:54:23.031+0200] {processor.py:154} INFO - Started process (PID=9070) to work on /Users/mnagy99/opt/anaconda3/envs/airflow-env/lib/python3.8/site-packages/airflow/example_dags/example_trigger_controller_dag.py
[2022-11-06T03:54:23.032+0200] {processor.py:756} INFO - Processing file /Users/mnagy99/opt/anaconda3/envs/airflow-env/lib/python3.8/site-packages/airflow/example_dags/example_trigger_controller_dag.py for tasks to queue
[2022-11-06T03:54:23.032+0200] {logging_mixin.py:120} INFO - [2022-11-06T03:54:23.032+0200] {dagbag.py:537} INFO - Filling up the DagBag from /Users/mnagy99/opt/anaconda3/envs/airflow-env/lib/python3.8/site-packages/airflow/example_dags/example_trigger_controller_dag.py
[2022-11-06T03:54:23.053+0200] {processor.py:766} INFO - DAG(s) dict_keys(['example_trigger_controller_dag']) retrieved from /Users/mnagy99/opt/anaconda3/envs/airflow-env/lib/python3.8/site-packages/airflow/example_dags/example_trigger_controller_dag.py
[2022-11-06T03:54:23.504+0200] {logging_mixin.py:120} INFO - [2022-11-06T03:54:23.503+0200] {dag.py:2585} INFO - Sync 1 DAGs
[2022-11-06T03:54:23.518+0200] {logging_mixin.py:120} INFO - [2022-11-06T03:54:23.518+0200] {dag.py:3336} INFO - Setting next_dagrun for example_trigger_controller_dag to 2021-01-01T00:00:00+00:00, run_after=2021-01-01T00:00:00+00:00
[2022-11-06T03:54:23.533+0200] {processor.py:176} INFO - Processing /Users/mnagy99/opt/anaconda3/envs/airflow-env/lib/python3.8/site-packages/airflow/example_dags/example_trigger_controller_dag.py took 0.503 seconds
[2022-11-06T03:56:43.421+0200] {processor.py:154} INFO - Started process (PID=9211) to work on /Users/mnagy99/opt/anaconda3/envs/airflow-env/lib/python3.8/site-packages/airflow/example_dags/example_trigger_controller_dag.py
[2022-11-06T03:56:43.424+0200] {processor.py:756} INFO - Processing file /Users/mnagy99/opt/anaconda3/envs/airflow-env/lib/python3.8/site-packages/airflow/example_dags/example_trigger_controller_dag.py for tasks to queue
[2022-11-06T03:56:43.424+0200] {logging_mixin.py:120} INFO - [2022-11-06T03:56:43.424+0200] {dagbag.py:537} INFO - Filling up the DagBag from /Users/mnagy99/opt/anaconda3/envs/airflow-env/lib/python3.8/site-packages/airflow/example_dags/example_trigger_controller_dag.py
[2022-11-06T03:56:43.447+0200] {processor.py:766} INFO - DAG(s) dict_keys(['example_trigger_controller_dag']) retrieved from /Users/mnagy99/opt/anaconda3/envs/airflow-env/lib/python3.8/site-packages/airflow/example_dags/example_trigger_controller_dag.py
[2022-11-06T03:56:43.927+0200] {logging_mixin.py:120} INFO - [2022-11-06T03:56:43.926+0200] {dag.py:2585} INFO - Sync 1 DAGs
[2022-11-06T03:56:43.945+0200] {logging_mixin.py:120} INFO - [2022-11-06T03:56:43.945+0200] {dag.py:3336} INFO - Setting next_dagrun for example_trigger_controller_dag to 2021-01-01T00:00:00+00:00, run_after=2021-01-01T00:00:00+00:00
[2022-11-06T03:56:43.969+0200] {processor.py:176} INFO - Processing /Users/mnagy99/opt/anaconda3/envs/airflow-env/lib/python3.8/site-packages/airflow/example_dags/example_trigger_controller_dag.py took 0.548 seconds
[2022-11-06T03:58:55.939+0200] {processor.py:154} INFO - Started process (PID=9339) to work on /Users/mnagy99/opt/anaconda3/envs/airflow-env/lib/python3.8/site-packages/airflow/example_dags/example_trigger_controller_dag.py
[2022-11-06T03:58:55.941+0200] {processor.py:756} INFO - Processing file /Users/mnagy99/opt/anaconda3/envs/airflow-env/lib/python3.8/site-packages/airflow/example_dags/example_trigger_controller_dag.py for tasks to queue
[2022-11-06T03:58:55.942+0200] {logging_mixin.py:120} INFO - [2022-11-06T03:58:55.942+0200] {dagbag.py:537} INFO - Filling up the DagBag from /Users/mnagy99/opt/anaconda3/envs/airflow-env/lib/python3.8/site-packages/airflow/example_dags/example_trigger_controller_dag.py
[2022-11-06T03:58:55.964+0200] {processor.py:766} INFO - DAG(s) dict_keys(['example_trigger_controller_dag']) retrieved from /Users/mnagy99/opt/anaconda3/envs/airflow-env/lib/python3.8/site-packages/airflow/example_dags/example_trigger_controller_dag.py
[2022-11-06T03:58:56.425+0200] {logging_mixin.py:120} INFO - [2022-11-06T03:58:56.425+0200] {dag.py:2585} INFO - Sync 1 DAGs
[2022-11-06T03:58:56.438+0200] {logging_mixin.py:120} INFO - [2022-11-06T03:58:56.438+0200] {dag.py:3336} INFO - Setting next_dagrun for example_trigger_controller_dag to 2021-01-01T00:00:00+00:00, run_after=2021-01-01T00:00:00+00:00
[2022-11-06T03:58:56.454+0200] {processor.py:176} INFO - Processing /Users/mnagy99/opt/anaconda3/envs/airflow-env/lib/python3.8/site-packages/airflow/example_dags/example_trigger_controller_dag.py took 0.516 seconds
[2022-11-06T04:01:24.993+0200] {processor.py:154} INFO - Started process (PID=9500) to work on /Users/mnagy99/opt/anaconda3/envs/airflow-env/lib/python3.8/site-packages/airflow/example_dags/example_trigger_controller_dag.py
[2022-11-06T04:01:24.996+0200] {processor.py:756} INFO - Processing file /Users/mnagy99/opt/anaconda3/envs/airflow-env/lib/python3.8/site-packages/airflow/example_dags/example_trigger_controller_dag.py for tasks to queue
[2022-11-06T04:01:24.997+0200] {logging_mixin.py:120} INFO - [2022-11-06T04:01:24.996+0200] {dagbag.py:537} INFO - Filling up the DagBag from /Users/mnagy99/opt/anaconda3/envs/airflow-env/lib/python3.8/site-packages/airflow/example_dags/example_trigger_controller_dag.py
[2022-11-06T04:01:25.020+0200] {processor.py:766} INFO - DAG(s) dict_keys(['example_trigger_controller_dag']) retrieved from /Users/mnagy99/opt/anaconda3/envs/airflow-env/lib/python3.8/site-packages/airflow/example_dags/example_trigger_controller_dag.py
[2022-11-06T04:01:25.480+0200] {logging_mixin.py:120} INFO - [2022-11-06T04:01:25.480+0200] {dag.py:2585} INFO - Sync 1 DAGs
[2022-11-06T04:01:25.495+0200] {logging_mixin.py:120} INFO - [2022-11-06T04:01:25.495+0200] {dag.py:3336} INFO - Setting next_dagrun for example_trigger_controller_dag to 2021-01-01T00:00:00+00:00, run_after=2021-01-01T00:00:00+00:00
[2022-11-06T04:01:25.511+0200] {processor.py:176} INFO - Processing /Users/mnagy99/opt/anaconda3/envs/airflow-env/lib/python3.8/site-packages/airflow/example_dags/example_trigger_controller_dag.py took 0.518 seconds
[2022-11-06T04:03:42.780+0200] {processor.py:154} INFO - Started process (PID=9638) to work on /Users/mnagy99/opt/anaconda3/envs/airflow-env/lib/python3.8/site-packages/airflow/example_dags/example_trigger_controller_dag.py
[2022-11-06T04:03:42.781+0200] {processor.py:756} INFO - Processing file /Users/mnagy99/opt/anaconda3/envs/airflow-env/lib/python3.8/site-packages/airflow/example_dags/example_trigger_controller_dag.py for tasks to queue
[2022-11-06T04:03:42.781+0200] {logging_mixin.py:120} INFO - [2022-11-06T04:03:42.781+0200] {dagbag.py:537} INFO - Filling up the DagBag from /Users/mnagy99/opt/anaconda3/envs/airflow-env/lib/python3.8/site-packages/airflow/example_dags/example_trigger_controller_dag.py
[2022-11-06T04:03:42.800+0200] {processor.py:766} INFO - DAG(s) dict_keys(['example_trigger_controller_dag']) retrieved from /Users/mnagy99/opt/anaconda3/envs/airflow-env/lib/python3.8/site-packages/airflow/example_dags/example_trigger_controller_dag.py
[2022-11-06T04:03:43.265+0200] {logging_mixin.py:120} INFO - [2022-11-06T04:03:43.264+0200] {dag.py:2585} INFO - Sync 1 DAGs
[2022-11-06T04:03:43.278+0200] {logging_mixin.py:120} INFO - [2022-11-06T04:03:43.278+0200] {dag.py:3336} INFO - Setting next_dagrun for example_trigger_controller_dag to 2021-01-01T00:00:00+00:00, run_after=2021-01-01T00:00:00+00:00
[2022-11-06T04:03:43.294+0200] {processor.py:176} INFO - Processing /Users/mnagy99/opt/anaconda3/envs/airflow-env/lib/python3.8/site-packages/airflow/example_dags/example_trigger_controller_dag.py took 0.514 seconds
[2022-11-06T04:06:03.992+0200] {processor.py:154} INFO - Started process (PID=9793) to work on /Users/mnagy99/opt/anaconda3/envs/airflow-env/lib/python3.8/site-packages/airflow/example_dags/example_trigger_controller_dag.py
[2022-11-06T04:06:03.995+0200] {processor.py:756} INFO - Processing file /Users/mnagy99/opt/anaconda3/envs/airflow-env/lib/python3.8/site-packages/airflow/example_dags/example_trigger_controller_dag.py for tasks to queue
[2022-11-06T04:06:03.996+0200] {logging_mixin.py:120} INFO - [2022-11-06T04:06:03.996+0200] {dagbag.py:537} INFO - Filling up the DagBag from /Users/mnagy99/opt/anaconda3/envs/airflow-env/lib/python3.8/site-packages/airflow/example_dags/example_trigger_controller_dag.py
[2022-11-06T04:06:04.020+0200] {processor.py:766} INFO - DAG(s) dict_keys(['example_trigger_controller_dag']) retrieved from /Users/mnagy99/opt/anaconda3/envs/airflow-env/lib/python3.8/site-packages/airflow/example_dags/example_trigger_controller_dag.py
[2022-11-06T04:06:04.548+0200] {logging_mixin.py:120} INFO - [2022-11-06T04:06:04.547+0200] {dag.py:2585} INFO - Sync 1 DAGs
[2022-11-06T04:06:04.565+0200] {logging_mixin.py:120} INFO - [2022-11-06T04:06:04.565+0200] {dag.py:3336} INFO - Setting next_dagrun for example_trigger_controller_dag to 2021-01-01T00:00:00+00:00, run_after=2021-01-01T00:00:00+00:00
[2022-11-06T04:06:04.582+0200] {processor.py:176} INFO - Processing /Users/mnagy99/opt/anaconda3/envs/airflow-env/lib/python3.8/site-packages/airflow/example_dags/example_trigger_controller_dag.py took 0.591 seconds
[2022-11-06T04:08:23.687+0200] {processor.py:154} INFO - Started process (PID=9932) to work on /Users/mnagy99/opt/anaconda3/envs/airflow-env/lib/python3.8/site-packages/airflow/example_dags/example_trigger_controller_dag.py
[2022-11-06T04:08:23.689+0200] {processor.py:756} INFO - Processing file /Users/mnagy99/opt/anaconda3/envs/airflow-env/lib/python3.8/site-packages/airflow/example_dags/example_trigger_controller_dag.py for tasks to queue
[2022-11-06T04:08:23.690+0200] {logging_mixin.py:120} INFO - [2022-11-06T04:08:23.690+0200] {dagbag.py:537} INFO - Filling up the DagBag from /Users/mnagy99/opt/anaconda3/envs/airflow-env/lib/python3.8/site-packages/airflow/example_dags/example_trigger_controller_dag.py
[2022-11-06T04:08:23.715+0200] {processor.py:766} INFO - DAG(s) dict_keys(['example_trigger_controller_dag']) retrieved from /Users/mnagy99/opt/anaconda3/envs/airflow-env/lib/python3.8/site-packages/airflow/example_dags/example_trigger_controller_dag.py
[2022-11-06T04:08:24.162+0200] {logging_mixin.py:120} INFO - [2022-11-06T04:08:24.161+0200] {dag.py:2585} INFO - Sync 1 DAGs
[2022-11-06T04:08:24.175+0200] {logging_mixin.py:120} INFO - [2022-11-06T04:08:24.175+0200] {dag.py:3336} INFO - Setting next_dagrun for example_trigger_controller_dag to 2021-01-01T00:00:00+00:00, run_after=2021-01-01T00:00:00+00:00
[2022-11-06T04:08:24.190+0200] {processor.py:176} INFO - Processing /Users/mnagy99/opt/anaconda3/envs/airflow-env/lib/python3.8/site-packages/airflow/example_dags/example_trigger_controller_dag.py took 0.504 seconds
[2022-11-06T04:10:28.709+0200] {processor.py:154} INFO - Started process (PID=10068) to work on /Users/mnagy99/opt/anaconda3/envs/airflow-env/lib/python3.8/site-packages/airflow/example_dags/example_trigger_controller_dag.py
[2022-11-06T04:10:28.711+0200] {processor.py:756} INFO - Processing file /Users/mnagy99/opt/anaconda3/envs/airflow-env/lib/python3.8/site-packages/airflow/example_dags/example_trigger_controller_dag.py for tasks to queue
[2022-11-06T04:10:28.712+0200] {logging_mixin.py:120} INFO - [2022-11-06T04:10:28.711+0200] {dagbag.py:537} INFO - Filling up the DagBag from /Users/mnagy99/opt/anaconda3/envs/airflow-env/lib/python3.8/site-packages/airflow/example_dags/example_trigger_controller_dag.py
[2022-11-06T04:10:28.735+0200] {processor.py:766} INFO - DAG(s) dict_keys(['example_trigger_controller_dag']) retrieved from /Users/mnagy99/opt/anaconda3/envs/airflow-env/lib/python3.8/site-packages/airflow/example_dags/example_trigger_controller_dag.py
[2022-11-06T04:10:29.161+0200] {logging_mixin.py:120} INFO - [2022-11-06T04:10:29.161+0200] {dag.py:2585} INFO - Sync 1 DAGs
[2022-11-06T04:10:29.175+0200] {logging_mixin.py:120} INFO - [2022-11-06T04:10:29.175+0200] {dag.py:3336} INFO - Setting next_dagrun for example_trigger_controller_dag to 2021-01-01T00:00:00+00:00, run_after=2021-01-01T00:00:00+00:00
[2022-11-06T04:10:29.192+0200] {processor.py:176} INFO - Processing /Users/mnagy99/opt/anaconda3/envs/airflow-env/lib/python3.8/site-packages/airflow/example_dags/example_trigger_controller_dag.py took 0.484 seconds
[2022-11-06T04:12:53.870+0200] {processor.py:154} INFO - Started process (PID=10219) to work on /Users/mnagy99/opt/anaconda3/envs/airflow-env/lib/python3.8/site-packages/airflow/example_dags/example_trigger_controller_dag.py
[2022-11-06T04:12:53.873+0200] {processor.py:756} INFO - Processing file /Users/mnagy99/opt/anaconda3/envs/airflow-env/lib/python3.8/site-packages/airflow/example_dags/example_trigger_controller_dag.py for tasks to queue
[2022-11-06T04:12:53.873+0200] {logging_mixin.py:120} INFO - [2022-11-06T04:12:53.873+0200] {dagbag.py:537} INFO - Filling up the DagBag from /Users/mnagy99/opt/anaconda3/envs/airflow-env/lib/python3.8/site-packages/airflow/example_dags/example_trigger_controller_dag.py
[2022-11-06T04:12:53.895+0200] {processor.py:766} INFO - DAG(s) dict_keys(['example_trigger_controller_dag']) retrieved from /Users/mnagy99/opt/anaconda3/envs/airflow-env/lib/python3.8/site-packages/airflow/example_dags/example_trigger_controller_dag.py
[2022-11-06T04:12:54.340+0200] {logging_mixin.py:120} INFO - [2022-11-06T04:12:54.339+0200] {dag.py:2585} INFO - Sync 1 DAGs
[2022-11-06T04:12:54.353+0200] {logging_mixin.py:120} INFO - [2022-11-06T04:12:54.352+0200] {dag.py:3336} INFO - Setting next_dagrun for example_trigger_controller_dag to 2021-01-01T00:00:00+00:00, run_after=2021-01-01T00:00:00+00:00
[2022-11-06T04:12:54.367+0200] {processor.py:176} INFO - Processing /Users/mnagy99/opt/anaconda3/envs/airflow-env/lib/python3.8/site-packages/airflow/example_dags/example_trigger_controller_dag.py took 0.498 seconds
[2022-11-06T04:14:52.879+0200] {processor.py:154} INFO - Started process (PID=10349) to work on /Users/mnagy99/opt/anaconda3/envs/airflow-env/lib/python3.8/site-packages/airflow/example_dags/example_trigger_controller_dag.py
[2022-11-06T04:14:52.881+0200] {processor.py:756} INFO - Processing file /Users/mnagy99/opt/anaconda3/envs/airflow-env/lib/python3.8/site-packages/airflow/example_dags/example_trigger_controller_dag.py for tasks to queue
[2022-11-06T04:14:52.882+0200] {logging_mixin.py:120} INFO - [2022-11-06T04:14:52.882+0200] {dagbag.py:537} INFO - Filling up the DagBag from /Users/mnagy99/opt/anaconda3/envs/airflow-env/lib/python3.8/site-packages/airflow/example_dags/example_trigger_controller_dag.py
[2022-11-06T04:14:52.905+0200] {processor.py:766} INFO - DAG(s) dict_keys(['example_trigger_controller_dag']) retrieved from /Users/mnagy99/opt/anaconda3/envs/airflow-env/lib/python3.8/site-packages/airflow/example_dags/example_trigger_controller_dag.py
[2022-11-06T04:14:53.363+0200] {logging_mixin.py:120} INFO - [2022-11-06T04:14:53.363+0200] {dag.py:2585} INFO - Sync 1 DAGs
[2022-11-06T04:14:53.377+0200] {logging_mixin.py:120} INFO - [2022-11-06T04:14:53.377+0200] {dag.py:3336} INFO - Setting next_dagrun for example_trigger_controller_dag to 2021-01-01T00:00:00+00:00, run_after=2021-01-01T00:00:00+00:00
[2022-11-06T04:14:53.395+0200] {processor.py:176} INFO - Processing /Users/mnagy99/opt/anaconda3/envs/airflow-env/lib/python3.8/site-packages/airflow/example_dags/example_trigger_controller_dag.py took 0.517 seconds
[2022-11-06T04:17:12.624+0200] {processor.py:154} INFO - Started process (PID=10484) to work on /Users/mnagy99/opt/anaconda3/envs/airflow-env/lib/python3.8/site-packages/airflow/example_dags/example_trigger_controller_dag.py
[2022-11-06T04:17:12.627+0200] {processor.py:756} INFO - Processing file /Users/mnagy99/opt/anaconda3/envs/airflow-env/lib/python3.8/site-packages/airflow/example_dags/example_trigger_controller_dag.py for tasks to queue
[2022-11-06T04:17:12.628+0200] {logging_mixin.py:120} INFO - [2022-11-06T04:17:12.627+0200] {dagbag.py:537} INFO - Filling up the DagBag from /Users/mnagy99/opt/anaconda3/envs/airflow-env/lib/python3.8/site-packages/airflow/example_dags/example_trigger_controller_dag.py
[2022-11-06T04:17:12.648+0200] {processor.py:766} INFO - DAG(s) dict_keys(['example_trigger_controller_dag']) retrieved from /Users/mnagy99/opt/anaconda3/envs/airflow-env/lib/python3.8/site-packages/airflow/example_dags/example_trigger_controller_dag.py
[2022-11-06T04:17:13.074+0200] {logging_mixin.py:120} INFO - [2022-11-06T04:17:13.074+0200] {dag.py:2585} INFO - Sync 1 DAGs
[2022-11-06T04:17:13.087+0200] {logging_mixin.py:120} INFO - [2022-11-06T04:17:13.087+0200] {dag.py:3336} INFO - Setting next_dagrun for example_trigger_controller_dag to 2021-01-01T00:00:00+00:00, run_after=2021-01-01T00:00:00+00:00
[2022-11-06T04:17:13.103+0200] {processor.py:176} INFO - Processing /Users/mnagy99/opt/anaconda3/envs/airflow-env/lib/python3.8/site-packages/airflow/example_dags/example_trigger_controller_dag.py took 0.480 seconds
