[2022-11-06T02:00:40.282+0200] {processor.py:154} INFO - Started process (PID=1686) to work on /Users/mnagy99/opt/anaconda3/envs/airflow-env/lib/python3.8/site-packages/airflow/example_dags/example_bash_operator.py
[2022-11-06T02:00:40.283+0200] {processor.py:756} INFO - Processing file /Users/mnagy99/opt/anaconda3/envs/airflow-env/lib/python3.8/site-packages/airflow/example_dags/example_bash_operator.py for tasks to queue
[2022-11-06T02:00:40.284+0200] {logging_mixin.py:120} INFO - [2022-11-06T02:00:40.284+0200] {dagbag.py:537} INFO - Filling up the DagBag from /Users/mnagy99/opt/anaconda3/envs/airflow-env/lib/python3.8/site-packages/airflow/example_dags/example_bash_operator.py
[2022-11-06T02:00:40.350+0200] {processor.py:766} INFO - DAG(s) dict_keys(['example_bash_operator']) retrieved from /Users/mnagy99/opt/anaconda3/envs/airflow-env/lib/python3.8/site-packages/airflow/example_dags/example_bash_operator.py
[2022-11-06T02:00:40.819+0200] {logging_mixin.py:120} INFO - [2022-11-06T02:00:40.818+0200] {dag.py:2585} INFO - Sync 1 DAGs
[2022-11-06T02:00:40.840+0200] {logging_mixin.py:120} INFO - [2022-11-06T02:00:40.840+0200] {dag.py:3336} INFO - Setting next_dagrun for example_bash_operator to 2022-11-05T00:00:00+00:00, run_after=2022-11-06T00:00:00+00:00
[2022-11-06T02:00:40.855+0200] {processor.py:176} INFO - Processing /Users/mnagy99/opt/anaconda3/envs/airflow-env/lib/python3.8/site-packages/airflow/example_dags/example_bash_operator.py took 0.574 seconds
[2022-11-06T02:02:56.524+0200] {processor.py:154} INFO - Started process (PID=2088) to work on /Users/mnagy99/opt/anaconda3/envs/airflow-env/lib/python3.8/site-packages/airflow/example_dags/example_bash_operator.py
[2022-11-06T02:02:56.525+0200] {processor.py:756} INFO - Processing file /Users/mnagy99/opt/anaconda3/envs/airflow-env/lib/python3.8/site-packages/airflow/example_dags/example_bash_operator.py for tasks to queue
[2022-11-06T02:02:56.526+0200] {logging_mixin.py:120} INFO - [2022-11-06T02:02:56.526+0200] {dagbag.py:537} INFO - Filling up the DagBag from /Users/mnagy99/opt/anaconda3/envs/airflow-env/lib/python3.8/site-packages/airflow/example_dags/example_bash_operator.py
[2022-11-06T02:02:56.596+0200] {processor.py:766} INFO - DAG(s) dict_keys(['example_bash_operator']) retrieved from /Users/mnagy99/opt/anaconda3/envs/airflow-env/lib/python3.8/site-packages/airflow/example_dags/example_bash_operator.py
[2022-11-06T02:02:57.141+0200] {logging_mixin.py:120} INFO - [2022-11-06T02:02:57.141+0200] {dag.py:2585} INFO - Sync 1 DAGs
[2022-11-06T02:02:57.157+0200] {logging_mixin.py:120} INFO - [2022-11-06T02:02:57.157+0200] {dag.py:3336} INFO - Setting next_dagrun for example_bash_operator to 2022-11-05T00:00:00+00:00, run_after=2022-11-06T00:00:00+00:00
[2022-11-06T02:02:57.179+0200] {processor.py:176} INFO - Processing /Users/mnagy99/opt/anaconda3/envs/airflow-env/lib/python3.8/site-packages/airflow/example_dags/example_bash_operator.py took 0.656 seconds
[2022-11-06T02:05:17.079+0200] {processor.py:154} INFO - Started process (PID=2222) to work on /Users/mnagy99/opt/anaconda3/envs/airflow-env/lib/python3.8/site-packages/airflow/example_dags/example_bash_operator.py
[2022-11-06T02:05:17.080+0200] {processor.py:756} INFO - Processing file /Users/mnagy99/opt/anaconda3/envs/airflow-env/lib/python3.8/site-packages/airflow/example_dags/example_bash_operator.py for tasks to queue
[2022-11-06T02:05:17.081+0200] {logging_mixin.py:120} INFO - [2022-11-06T02:05:17.081+0200] {dagbag.py:537} INFO - Filling up the DagBag from /Users/mnagy99/opt/anaconda3/envs/airflow-env/lib/python3.8/site-packages/airflow/example_dags/example_bash_operator.py
[2022-11-06T02:05:17.147+0200] {processor.py:766} INFO - DAG(s) dict_keys(['example_bash_operator']) retrieved from /Users/mnagy99/opt/anaconda3/envs/airflow-env/lib/python3.8/site-packages/airflow/example_dags/example_bash_operator.py
[2022-11-06T02:05:17.609+0200] {logging_mixin.py:120} INFO - [2022-11-06T02:05:17.609+0200] {dag.py:2585} INFO - Sync 1 DAGs
[2022-11-06T02:05:17.626+0200] {logging_mixin.py:120} INFO - [2022-11-06T02:05:17.626+0200] {dag.py:3336} INFO - Setting next_dagrun for example_bash_operator to 2022-11-05T00:00:00+00:00, run_after=2022-11-06T00:00:00+00:00
[2022-11-06T02:05:17.643+0200] {processor.py:176} INFO - Processing /Users/mnagy99/opt/anaconda3/envs/airflow-env/lib/python3.8/site-packages/airflow/example_dags/example_bash_operator.py took 0.565 seconds
[2022-11-06T02:07:35.527+0200] {processor.py:154} INFO - Started process (PID=2347) to work on /Users/mnagy99/opt/anaconda3/envs/airflow-env/lib/python3.8/site-packages/airflow/example_dags/example_bash_operator.py
[2022-11-06T02:07:35.530+0200] {processor.py:756} INFO - Processing file /Users/mnagy99/opt/anaconda3/envs/airflow-env/lib/python3.8/site-packages/airflow/example_dags/example_bash_operator.py for tasks to queue
[2022-11-06T02:07:35.530+0200] {logging_mixin.py:120} INFO - [2022-11-06T02:07:35.530+0200] {dagbag.py:537} INFO - Filling up the DagBag from /Users/mnagy99/opt/anaconda3/envs/airflow-env/lib/python3.8/site-packages/airflow/example_dags/example_bash_operator.py
[2022-11-06T02:07:35.601+0200] {processor.py:766} INFO - DAG(s) dict_keys(['example_bash_operator']) retrieved from /Users/mnagy99/opt/anaconda3/envs/airflow-env/lib/python3.8/site-packages/airflow/example_dags/example_bash_operator.py
[2022-11-06T02:07:36.107+0200] {logging_mixin.py:120} INFO - [2022-11-06T02:07:36.107+0200] {dag.py:2585} INFO - Sync 1 DAGs
[2022-11-06T02:07:36.125+0200] {logging_mixin.py:120} INFO - [2022-11-06T02:07:36.125+0200] {dag.py:3336} INFO - Setting next_dagrun for example_bash_operator to 2022-11-05T00:00:00+00:00, run_after=2022-11-06T00:00:00+00:00
[2022-11-06T02:07:36.147+0200] {processor.py:176} INFO - Processing /Users/mnagy99/opt/anaconda3/envs/airflow-env/lib/python3.8/site-packages/airflow/example_dags/example_bash_operator.py took 0.621 seconds
[2022-11-06T02:09:55.060+0200] {processor.py:154} INFO - Started process (PID=2474) to work on /Users/mnagy99/opt/anaconda3/envs/airflow-env/lib/python3.8/site-packages/airflow/example_dags/example_bash_operator.py
[2022-11-06T02:09:55.061+0200] {processor.py:756} INFO - Processing file /Users/mnagy99/opt/anaconda3/envs/airflow-env/lib/python3.8/site-packages/airflow/example_dags/example_bash_operator.py for tasks to queue
[2022-11-06T02:09:55.061+0200] {logging_mixin.py:120} INFO - [2022-11-06T02:09:55.061+0200] {dagbag.py:537} INFO - Filling up the DagBag from /Users/mnagy99/opt/anaconda3/envs/airflow-env/lib/python3.8/site-packages/airflow/example_dags/example_bash_operator.py
[2022-11-06T02:09:55.127+0200] {processor.py:766} INFO - DAG(s) dict_keys(['example_bash_operator']) retrieved from /Users/mnagy99/opt/anaconda3/envs/airflow-env/lib/python3.8/site-packages/airflow/example_dags/example_bash_operator.py
[2022-11-06T02:09:55.627+0200] {logging_mixin.py:120} INFO - [2022-11-06T02:09:55.627+0200] {dag.py:2585} INFO - Sync 1 DAGs
[2022-11-06T02:09:55.643+0200] {logging_mixin.py:120} INFO - [2022-11-06T02:09:55.643+0200] {dag.py:3336} INFO - Setting next_dagrun for example_bash_operator to 2022-11-05T00:00:00+00:00, run_after=2022-11-06T00:00:00+00:00
[2022-11-06T02:09:55.657+0200] {processor.py:176} INFO - Processing /Users/mnagy99/opt/anaconda3/envs/airflow-env/lib/python3.8/site-packages/airflow/example_dags/example_bash_operator.py took 0.598 seconds
[2022-11-06T02:12:09.340+0200] {processor.py:154} INFO - Started process (PID=2606) to work on /Users/mnagy99/opt/anaconda3/envs/airflow-env/lib/python3.8/site-packages/airflow/example_dags/example_bash_operator.py
[2022-11-06T02:12:09.341+0200] {processor.py:756} INFO - Processing file /Users/mnagy99/opt/anaconda3/envs/airflow-env/lib/python3.8/site-packages/airflow/example_dags/example_bash_operator.py for tasks to queue
[2022-11-06T02:12:09.342+0200] {logging_mixin.py:120} INFO - [2022-11-06T02:12:09.341+0200] {dagbag.py:537} INFO - Filling up the DagBag from /Users/mnagy99/opt/anaconda3/envs/airflow-env/lib/python3.8/site-packages/airflow/example_dags/example_bash_operator.py
[2022-11-06T02:12:09.398+0200] {processor.py:766} INFO - DAG(s) dict_keys(['example_bash_operator']) retrieved from /Users/mnagy99/opt/anaconda3/envs/airflow-env/lib/python3.8/site-packages/airflow/example_dags/example_bash_operator.py
[2022-11-06T02:12:09.839+0200] {logging_mixin.py:120} INFO - [2022-11-06T02:12:09.839+0200] {dag.py:2585} INFO - Sync 1 DAGs
[2022-11-06T02:12:09.854+0200] {logging_mixin.py:120} INFO - [2022-11-06T02:12:09.854+0200] {dag.py:3336} INFO - Setting next_dagrun for example_bash_operator to 2022-11-05T00:00:00+00:00, run_after=2022-11-06T00:00:00+00:00
[2022-11-06T02:12:09.873+0200] {processor.py:176} INFO - Processing /Users/mnagy99/opt/anaconda3/envs/airflow-env/lib/python3.8/site-packages/airflow/example_dags/example_bash_operator.py took 0.534 seconds
[2022-11-06T02:14:23.834+0200] {processor.py:154} INFO - Started process (PID=2787) to work on /Users/mnagy99/opt/anaconda3/envs/airflow-env/lib/python3.8/site-packages/airflow/example_dags/example_bash_operator.py
[2022-11-06T02:14:23.836+0200] {processor.py:756} INFO - Processing file /Users/mnagy99/opt/anaconda3/envs/airflow-env/lib/python3.8/site-packages/airflow/example_dags/example_bash_operator.py for tasks to queue
[2022-11-06T02:14:23.837+0200] {logging_mixin.py:120} INFO - [2022-11-06T02:14:23.837+0200] {dagbag.py:537} INFO - Filling up the DagBag from /Users/mnagy99/opt/anaconda3/envs/airflow-env/lib/python3.8/site-packages/airflow/example_dags/example_bash_operator.py
[2022-11-06T02:14:23.900+0200] {processor.py:766} INFO - DAG(s) dict_keys(['example_bash_operator']) retrieved from /Users/mnagy99/opt/anaconda3/envs/airflow-env/lib/python3.8/site-packages/airflow/example_dags/example_bash_operator.py
[2022-11-06T02:14:24.403+0200] {logging_mixin.py:120} INFO - [2022-11-06T02:14:24.403+0200] {dag.py:2585} INFO - Sync 1 DAGs
[2022-11-06T02:14:24.419+0200] {logging_mixin.py:120} INFO - [2022-11-06T02:14:24.419+0200] {dag.py:3336} INFO - Setting next_dagrun for example_bash_operator to 2022-11-05T00:00:00+00:00, run_after=2022-11-06T00:00:00+00:00
[2022-11-06T02:14:24.439+0200] {processor.py:176} INFO - Processing /Users/mnagy99/opt/anaconda3/envs/airflow-env/lib/python3.8/site-packages/airflow/example_dags/example_bash_operator.py took 0.606 seconds
[2022-11-06T02:16:39.929+0200] {processor.py:154} INFO - Started process (PID=2939) to work on /Users/mnagy99/opt/anaconda3/envs/airflow-env/lib/python3.8/site-packages/airflow/example_dags/example_bash_operator.py
[2022-11-06T02:16:39.932+0200] {processor.py:756} INFO - Processing file /Users/mnagy99/opt/anaconda3/envs/airflow-env/lib/python3.8/site-packages/airflow/example_dags/example_bash_operator.py for tasks to queue
[2022-11-06T02:16:39.933+0200] {logging_mixin.py:120} INFO - [2022-11-06T02:16:39.933+0200] {dagbag.py:537} INFO - Filling up the DagBag from /Users/mnagy99/opt/anaconda3/envs/airflow-env/lib/python3.8/site-packages/airflow/example_dags/example_bash_operator.py
[2022-11-06T02:16:39.987+0200] {processor.py:766} INFO - DAG(s) dict_keys(['example_bash_operator']) retrieved from /Users/mnagy99/opt/anaconda3/envs/airflow-env/lib/python3.8/site-packages/airflow/example_dags/example_bash_operator.py
[2022-11-06T02:16:40.402+0200] {logging_mixin.py:120} INFO - [2022-11-06T02:16:40.402+0200] {dag.py:2585} INFO - Sync 1 DAGs
[2022-11-06T02:16:40.421+0200] {logging_mixin.py:120} INFO - [2022-11-06T02:16:40.421+0200] {dag.py:3336} INFO - Setting next_dagrun for example_bash_operator to 2022-11-05T00:00:00+00:00, run_after=2022-11-06T00:00:00+00:00
[2022-11-06T02:16:40.442+0200] {processor.py:176} INFO - Processing /Users/mnagy99/opt/anaconda3/envs/airflow-env/lib/python3.8/site-packages/airflow/example_dags/example_bash_operator.py took 0.513 seconds
[2022-11-06T02:18:52.593+0200] {processor.py:154} INFO - Started process (PID=3085) to work on /Users/mnagy99/opt/anaconda3/envs/airflow-env/lib/python3.8/site-packages/airflow/example_dags/example_bash_operator.py
[2022-11-06T02:18:52.596+0200] {processor.py:756} INFO - Processing file /Users/mnagy99/opt/anaconda3/envs/airflow-env/lib/python3.8/site-packages/airflow/example_dags/example_bash_operator.py for tasks to queue
[2022-11-06T02:18:52.596+0200] {logging_mixin.py:120} INFO - [2022-11-06T02:18:52.596+0200] {dagbag.py:537} INFO - Filling up the DagBag from /Users/mnagy99/opt/anaconda3/envs/airflow-env/lib/python3.8/site-packages/airflow/example_dags/example_bash_operator.py
[2022-11-06T02:18:52.657+0200] {processor.py:766} INFO - DAG(s) dict_keys(['example_bash_operator']) retrieved from /Users/mnagy99/opt/anaconda3/envs/airflow-env/lib/python3.8/site-packages/airflow/example_dags/example_bash_operator.py
[2022-11-06T02:18:53.078+0200] {logging_mixin.py:120} INFO - [2022-11-06T02:18:53.078+0200] {dag.py:2585} INFO - Sync 1 DAGs
[2022-11-06T02:18:53.093+0200] {logging_mixin.py:120} INFO - [2022-11-06T02:18:53.093+0200] {dag.py:3336} INFO - Setting next_dagrun for example_bash_operator to 2022-11-05T00:00:00+00:00, run_after=2022-11-06T00:00:00+00:00
[2022-11-06T02:18:53.111+0200] {processor.py:176} INFO - Processing /Users/mnagy99/opt/anaconda3/envs/airflow-env/lib/python3.8/site-packages/airflow/example_dags/example_bash_operator.py took 0.518 seconds
[2022-11-06T02:21:06.843+0200] {processor.py:154} INFO - Started process (PID=3219) to work on /Users/mnagy99/opt/anaconda3/envs/airflow-env/lib/python3.8/site-packages/airflow/example_dags/example_bash_operator.py
[2022-11-06T02:21:06.846+0200] {processor.py:756} INFO - Processing file /Users/mnagy99/opt/anaconda3/envs/airflow-env/lib/python3.8/site-packages/airflow/example_dags/example_bash_operator.py for tasks to queue
[2022-11-06T02:21:06.847+0200] {logging_mixin.py:120} INFO - [2022-11-06T02:21:06.846+0200] {dagbag.py:537} INFO - Filling up the DagBag from /Users/mnagy99/opt/anaconda3/envs/airflow-env/lib/python3.8/site-packages/airflow/example_dags/example_bash_operator.py
[2022-11-06T02:21:06.909+0200] {processor.py:766} INFO - DAG(s) dict_keys(['example_bash_operator']) retrieved from /Users/mnagy99/opt/anaconda3/envs/airflow-env/lib/python3.8/site-packages/airflow/example_dags/example_bash_operator.py
[2022-11-06T02:21:07.335+0200] {logging_mixin.py:120} INFO - [2022-11-06T02:21:07.334+0200] {dag.py:2585} INFO - Sync 1 DAGs
[2022-11-06T02:21:07.350+0200] {logging_mixin.py:120} INFO - [2022-11-06T02:21:07.350+0200] {dag.py:3336} INFO - Setting next_dagrun for example_bash_operator to 2022-11-05T00:00:00+00:00, run_after=2022-11-06T00:00:00+00:00
[2022-11-06T02:21:07.368+0200] {processor.py:176} INFO - Processing /Users/mnagy99/opt/anaconda3/envs/airflow-env/lib/python3.8/site-packages/airflow/example_dags/example_bash_operator.py took 0.526 seconds
[2022-11-06T02:23:12.268+0200] {processor.py:154} INFO - Started process (PID=3354) to work on /Users/mnagy99/opt/anaconda3/envs/airflow-env/lib/python3.8/site-packages/airflow/example_dags/example_bash_operator.py
[2022-11-06T02:23:12.271+0200] {processor.py:756} INFO - Processing file /Users/mnagy99/opt/anaconda3/envs/airflow-env/lib/python3.8/site-packages/airflow/example_dags/example_bash_operator.py for tasks to queue
[2022-11-06T02:23:12.272+0200] {logging_mixin.py:120} INFO - [2022-11-06T02:23:12.272+0200] {dagbag.py:537} INFO - Filling up the DagBag from /Users/mnagy99/opt/anaconda3/envs/airflow-env/lib/python3.8/site-packages/airflow/example_dags/example_bash_operator.py
[2022-11-06T02:23:12.332+0200] {processor.py:766} INFO - DAG(s) dict_keys(['example_bash_operator']) retrieved from /Users/mnagy99/opt/anaconda3/envs/airflow-env/lib/python3.8/site-packages/airflow/example_dags/example_bash_operator.py
[2022-11-06T02:23:12.738+0200] {logging_mixin.py:120} INFO - [2022-11-06T02:23:12.738+0200] {dag.py:2585} INFO - Sync 1 DAGs
[2022-11-06T02:23:12.754+0200] {logging_mixin.py:120} INFO - [2022-11-06T02:23:12.754+0200] {dag.py:3336} INFO - Setting next_dagrun for example_bash_operator to 2022-11-05T00:00:00+00:00, run_after=2022-11-06T00:00:00+00:00
[2022-11-06T02:23:12.771+0200] {processor.py:176} INFO - Processing /Users/mnagy99/opt/anaconda3/envs/airflow-env/lib/python3.8/site-packages/airflow/example_dags/example_bash_operator.py took 0.504 seconds
[2022-11-06T02:25:28.054+0200] {processor.py:154} INFO - Started process (PID=3497) to work on /Users/mnagy99/opt/anaconda3/envs/airflow-env/lib/python3.8/site-packages/airflow/example_dags/example_bash_operator.py
[2022-11-06T02:25:28.056+0200] {processor.py:756} INFO - Processing file /Users/mnagy99/opt/anaconda3/envs/airflow-env/lib/python3.8/site-packages/airflow/example_dags/example_bash_operator.py for tasks to queue
[2022-11-06T02:25:28.057+0200] {logging_mixin.py:120} INFO - [2022-11-06T02:25:28.057+0200] {dagbag.py:537} INFO - Filling up the DagBag from /Users/mnagy99/opt/anaconda3/envs/airflow-env/lib/python3.8/site-packages/airflow/example_dags/example_bash_operator.py
[2022-11-06T02:25:28.111+0200] {processor.py:766} INFO - DAG(s) dict_keys(['example_bash_operator']) retrieved from /Users/mnagy99/opt/anaconda3/envs/airflow-env/lib/python3.8/site-packages/airflow/example_dags/example_bash_operator.py
[2022-11-06T02:25:28.513+0200] {logging_mixin.py:120} INFO - [2022-11-06T02:25:28.513+0200] {dag.py:2585} INFO - Sync 1 DAGs
[2022-11-06T02:25:28.529+0200] {logging_mixin.py:120} INFO - [2022-11-06T02:25:28.529+0200] {dag.py:3336} INFO - Setting next_dagrun for example_bash_operator to 2022-11-05T00:00:00+00:00, run_after=2022-11-06T00:00:00+00:00
[2022-11-06T02:25:28.548+0200] {processor.py:176} INFO - Processing /Users/mnagy99/opt/anaconda3/envs/airflow-env/lib/python3.8/site-packages/airflow/example_dags/example_bash_operator.py took 0.494 seconds
[2022-11-06T02:27:41.685+0200] {processor.py:154} INFO - Started process (PID=3637) to work on /Users/mnagy99/opt/anaconda3/envs/airflow-env/lib/python3.8/site-packages/airflow/example_dags/example_bash_operator.py
[2022-11-06T02:27:41.688+0200] {processor.py:756} INFO - Processing file /Users/mnagy99/opt/anaconda3/envs/airflow-env/lib/python3.8/site-packages/airflow/example_dags/example_bash_operator.py for tasks to queue
[2022-11-06T02:27:41.689+0200] {logging_mixin.py:120} INFO - [2022-11-06T02:27:41.689+0200] {dagbag.py:537} INFO - Filling up the DagBag from /Users/mnagy99/opt/anaconda3/envs/airflow-env/lib/python3.8/site-packages/airflow/example_dags/example_bash_operator.py
[2022-11-06T02:27:41.740+0200] {processor.py:766} INFO - DAG(s) dict_keys(['example_bash_operator']) retrieved from /Users/mnagy99/opt/anaconda3/envs/airflow-env/lib/python3.8/site-packages/airflow/example_dags/example_bash_operator.py
[2022-11-06T02:27:42.142+0200] {logging_mixin.py:120} INFO - [2022-11-06T02:27:42.141+0200] {dag.py:2585} INFO - Sync 1 DAGs
[2022-11-06T02:27:42.156+0200] {logging_mixin.py:120} INFO - [2022-11-06T02:27:42.156+0200] {dag.py:3336} INFO - Setting next_dagrun for example_bash_operator to 2022-11-05T00:00:00+00:00, run_after=2022-11-06T00:00:00+00:00
[2022-11-06T02:27:42.175+0200] {processor.py:176} INFO - Processing /Users/mnagy99/opt/anaconda3/envs/airflow-env/lib/python3.8/site-packages/airflow/example_dags/example_bash_operator.py took 0.490 seconds
[2022-11-06T02:29:54.748+0200] {processor.py:154} INFO - Started process (PID=3784) to work on /Users/mnagy99/opt/anaconda3/envs/airflow-env/lib/python3.8/site-packages/airflow/example_dags/example_bash_operator.py
[2022-11-06T02:29:54.751+0200] {processor.py:756} INFO - Processing file /Users/mnagy99/opt/anaconda3/envs/airflow-env/lib/python3.8/site-packages/airflow/example_dags/example_bash_operator.py for tasks to queue
[2022-11-06T02:29:54.751+0200] {logging_mixin.py:120} INFO - [2022-11-06T02:29:54.751+0200] {dagbag.py:537} INFO - Filling up the DagBag from /Users/mnagy99/opt/anaconda3/envs/airflow-env/lib/python3.8/site-packages/airflow/example_dags/example_bash_operator.py
[2022-11-06T02:29:54.808+0200] {processor.py:766} INFO - DAG(s) dict_keys(['example_bash_operator']) retrieved from /Users/mnagy99/opt/anaconda3/envs/airflow-env/lib/python3.8/site-packages/airflow/example_dags/example_bash_operator.py
[2022-11-06T02:29:55.218+0200] {logging_mixin.py:120} INFO - [2022-11-06T02:29:55.217+0200] {dag.py:2585} INFO - Sync 1 DAGs
[2022-11-06T02:29:55.232+0200] {logging_mixin.py:120} INFO - [2022-11-06T02:29:55.232+0200] {dag.py:3336} INFO - Setting next_dagrun for example_bash_operator to 2022-11-05T00:00:00+00:00, run_after=2022-11-06T00:00:00+00:00
[2022-11-06T02:29:55.251+0200] {processor.py:176} INFO - Processing /Users/mnagy99/opt/anaconda3/envs/airflow-env/lib/python3.8/site-packages/airflow/example_dags/example_bash_operator.py took 0.503 seconds
[2022-11-06T02:32:08.241+0200] {processor.py:154} INFO - Started process (PID=3937) to work on /Users/mnagy99/opt/anaconda3/envs/airflow-env/lib/python3.8/site-packages/airflow/example_dags/example_bash_operator.py
[2022-11-06T02:32:08.243+0200] {processor.py:756} INFO - Processing file /Users/mnagy99/opt/anaconda3/envs/airflow-env/lib/python3.8/site-packages/airflow/example_dags/example_bash_operator.py for tasks to queue
[2022-11-06T02:32:08.244+0200] {logging_mixin.py:120} INFO - [2022-11-06T02:32:08.244+0200] {dagbag.py:537} INFO - Filling up the DagBag from /Users/mnagy99/opt/anaconda3/envs/airflow-env/lib/python3.8/site-packages/airflow/example_dags/example_bash_operator.py
[2022-11-06T02:32:08.306+0200] {processor.py:766} INFO - DAG(s) dict_keys(['example_bash_operator']) retrieved from /Users/mnagy99/opt/anaconda3/envs/airflow-env/lib/python3.8/site-packages/airflow/example_dags/example_bash_operator.py
[2022-11-06T02:32:08.852+0200] {logging_mixin.py:120} INFO - [2022-11-06T02:32:08.852+0200] {dag.py:2585} INFO - Sync 1 DAGs
[2022-11-06T02:32:08.870+0200] {logging_mixin.py:120} INFO - [2022-11-06T02:32:08.870+0200] {dag.py:3336} INFO - Setting next_dagrun for example_bash_operator to 2022-11-05T00:00:00+00:00, run_after=2022-11-06T00:00:00+00:00
[2022-11-06T02:32:08.888+0200] {processor.py:176} INFO - Processing /Users/mnagy99/opt/anaconda3/envs/airflow-env/lib/python3.8/site-packages/airflow/example_dags/example_bash_operator.py took 0.648 seconds
[2022-11-06T02:34:17.982+0200] {processor.py:154} INFO - Started process (PID=4083) to work on /Users/mnagy99/opt/anaconda3/envs/airflow-env/lib/python3.8/site-packages/airflow/example_dags/example_bash_operator.py
[2022-11-06T02:34:17.984+0200] {processor.py:756} INFO - Processing file /Users/mnagy99/opt/anaconda3/envs/airflow-env/lib/python3.8/site-packages/airflow/example_dags/example_bash_operator.py for tasks to queue
[2022-11-06T02:34:17.986+0200] {logging_mixin.py:120} INFO - [2022-11-06T02:34:17.985+0200] {dagbag.py:537} INFO - Filling up the DagBag from /Users/mnagy99/opt/anaconda3/envs/airflow-env/lib/python3.8/site-packages/airflow/example_dags/example_bash_operator.py
[2022-11-06T02:34:18.046+0200] {processor.py:766} INFO - DAG(s) dict_keys(['example_bash_operator']) retrieved from /Users/mnagy99/opt/anaconda3/envs/airflow-env/lib/python3.8/site-packages/airflow/example_dags/example_bash_operator.py
[2022-11-06T02:34:18.629+0200] {logging_mixin.py:120} INFO - [2022-11-06T02:34:18.629+0200] {dag.py:2585} INFO - Sync 1 DAGs
[2022-11-06T02:34:18.646+0200] {logging_mixin.py:120} INFO - [2022-11-06T02:34:18.646+0200] {dag.py:3336} INFO - Setting next_dagrun for example_bash_operator to 2022-11-05T00:00:00+00:00, run_after=2022-11-06T00:00:00+00:00
[2022-11-06T02:34:18.664+0200] {processor.py:176} INFO - Processing /Users/mnagy99/opt/anaconda3/envs/airflow-env/lib/python3.8/site-packages/airflow/example_dags/example_bash_operator.py took 0.683 seconds
[2022-11-06T02:36:25.133+0200] {processor.py:154} INFO - Started process (PID=4226) to work on /Users/mnagy99/opt/anaconda3/envs/airflow-env/lib/python3.8/site-packages/airflow/example_dags/example_bash_operator.py
[2022-11-06T02:36:25.134+0200] {processor.py:756} INFO - Processing file /Users/mnagy99/opt/anaconda3/envs/airflow-env/lib/python3.8/site-packages/airflow/example_dags/example_bash_operator.py for tasks to queue
[2022-11-06T02:36:25.134+0200] {logging_mixin.py:120} INFO - [2022-11-06T02:36:25.134+0200] {dagbag.py:537} INFO - Filling up the DagBag from /Users/mnagy99/opt/anaconda3/envs/airflow-env/lib/python3.8/site-packages/airflow/example_dags/example_bash_operator.py
[2022-11-06T02:36:25.184+0200] {processor.py:766} INFO - DAG(s) dict_keys(['example_bash_operator']) retrieved from /Users/mnagy99/opt/anaconda3/envs/airflow-env/lib/python3.8/site-packages/airflow/example_dags/example_bash_operator.py
[2022-11-06T02:36:25.635+0200] {logging_mixin.py:120} INFO - [2022-11-06T02:36:25.635+0200] {dag.py:2585} INFO - Sync 1 DAGs
[2022-11-06T02:36:25.651+0200] {logging_mixin.py:120} INFO - [2022-11-06T02:36:25.651+0200] {dag.py:3336} INFO - Setting next_dagrun for example_bash_operator to 2022-11-05T00:00:00+00:00, run_after=2022-11-06T00:00:00+00:00
[2022-11-06T02:36:25.668+0200] {processor.py:176} INFO - Processing /Users/mnagy99/opt/anaconda3/envs/airflow-env/lib/python3.8/site-packages/airflow/example_dags/example_bash_operator.py took 0.536 seconds
[2022-11-06T02:38:34.610+0200] {processor.py:154} INFO - Started process (PID=4352) to work on /Users/mnagy99/opt/anaconda3/envs/airflow-env/lib/python3.8/site-packages/airflow/example_dags/example_bash_operator.py
[2022-11-06T02:38:34.613+0200] {processor.py:756} INFO - Processing file /Users/mnagy99/opt/anaconda3/envs/airflow-env/lib/python3.8/site-packages/airflow/example_dags/example_bash_operator.py for tasks to queue
[2022-11-06T02:38:34.613+0200] {logging_mixin.py:120} INFO - [2022-11-06T02:38:34.613+0200] {dagbag.py:537} INFO - Filling up the DagBag from /Users/mnagy99/opt/anaconda3/envs/airflow-env/lib/python3.8/site-packages/airflow/example_dags/example_bash_operator.py
[2022-11-06T02:38:34.681+0200] {processor.py:766} INFO - DAG(s) dict_keys(['example_bash_operator']) retrieved from /Users/mnagy99/opt/anaconda3/envs/airflow-env/lib/python3.8/site-packages/airflow/example_dags/example_bash_operator.py
[2022-11-06T02:38:35.114+0200] {logging_mixin.py:120} INFO - [2022-11-06T02:38:35.114+0200] {dag.py:2585} INFO - Sync 1 DAGs
[2022-11-06T02:38:35.151+0200] {logging_mixin.py:120} INFO - [2022-11-06T02:38:35.151+0200] {dag.py:3336} INFO - Setting next_dagrun for example_bash_operator to 2022-11-05T00:00:00+00:00, run_after=2022-11-06T00:00:00+00:00
[2022-11-06T02:38:35.166+0200] {processor.py:176} INFO - Processing /Users/mnagy99/opt/anaconda3/envs/airflow-env/lib/python3.8/site-packages/airflow/example_dags/example_bash_operator.py took 0.557 seconds
[2022-11-06T02:40:50.023+0200] {processor.py:154} INFO - Started process (PID=4489) to work on /Users/mnagy99/opt/anaconda3/envs/airflow-env/lib/python3.8/site-packages/airflow/example_dags/example_bash_operator.py
[2022-11-06T02:40:50.025+0200] {processor.py:756} INFO - Processing file /Users/mnagy99/opt/anaconda3/envs/airflow-env/lib/python3.8/site-packages/airflow/example_dags/example_bash_operator.py for tasks to queue
[2022-11-06T02:40:50.025+0200] {logging_mixin.py:120} INFO - [2022-11-06T02:40:50.025+0200] {dagbag.py:537} INFO - Filling up the DagBag from /Users/mnagy99/opt/anaconda3/envs/airflow-env/lib/python3.8/site-packages/airflow/example_dags/example_bash_operator.py
[2022-11-06T02:40:50.120+0200] {processor.py:766} INFO - DAG(s) dict_keys(['example_bash_operator']) retrieved from /Users/mnagy99/opt/anaconda3/envs/airflow-env/lib/python3.8/site-packages/airflow/example_dags/example_bash_operator.py
[2022-11-06T02:40:50.736+0200] {logging_mixin.py:120} INFO - [2022-11-06T02:40:50.735+0200] {dag.py:2585} INFO - Sync 1 DAGs
[2022-11-06T02:40:50.769+0200] {logging_mixin.py:120} INFO - [2022-11-06T02:40:50.769+0200] {dag.py:3336} INFO - Setting next_dagrun for example_bash_operator to 2022-11-05T00:00:00+00:00, run_after=2022-11-06T00:00:00+00:00
[2022-11-06T02:40:50.795+0200] {processor.py:176} INFO - Processing /Users/mnagy99/opt/anaconda3/envs/airflow-env/lib/python3.8/site-packages/airflow/example_dags/example_bash_operator.py took 0.773 seconds
[2022-11-06T02:43:16.834+0200] {processor.py:154} INFO - Started process (PID=4657) to work on /Users/mnagy99/opt/anaconda3/envs/airflow-env/lib/python3.8/site-packages/airflow/example_dags/example_bash_operator.py
[2022-11-06T02:43:16.836+0200] {processor.py:756} INFO - Processing file /Users/mnagy99/opt/anaconda3/envs/airflow-env/lib/python3.8/site-packages/airflow/example_dags/example_bash_operator.py for tasks to queue
[2022-11-06T02:43:16.837+0200] {logging_mixin.py:120} INFO - [2022-11-06T02:43:16.837+0200] {dagbag.py:537} INFO - Filling up the DagBag from /Users/mnagy99/opt/anaconda3/envs/airflow-env/lib/python3.8/site-packages/airflow/example_dags/example_bash_operator.py
[2022-11-06T02:43:16.925+0200] {processor.py:766} INFO - DAG(s) dict_keys(['example_bash_operator']) retrieved from /Users/mnagy99/opt/anaconda3/envs/airflow-env/lib/python3.8/site-packages/airflow/example_dags/example_bash_operator.py
[2022-11-06T02:43:17.460+0200] {logging_mixin.py:120} INFO - [2022-11-06T02:43:17.460+0200] {dag.py:2585} INFO - Sync 1 DAGs
[2022-11-06T02:43:17.477+0200] {logging_mixin.py:120} INFO - [2022-11-06T02:43:17.477+0200] {dag.py:3336} INFO - Setting next_dagrun for example_bash_operator to 2022-11-05T00:00:00+00:00, run_after=2022-11-06T00:00:00+00:00
[2022-11-06T02:43:17.496+0200] {processor.py:176} INFO - Processing /Users/mnagy99/opt/anaconda3/envs/airflow-env/lib/python3.8/site-packages/airflow/example_dags/example_bash_operator.py took 0.663 seconds
[2022-11-06T02:45:39.925+0200] {processor.py:154} INFO - Started process (PID=4792) to work on /Users/mnagy99/opt/anaconda3/envs/airflow-env/lib/python3.8/site-packages/airflow/example_dags/example_bash_operator.py
[2022-11-06T02:45:39.928+0200] {processor.py:756} INFO - Processing file /Users/mnagy99/opt/anaconda3/envs/airflow-env/lib/python3.8/site-packages/airflow/example_dags/example_bash_operator.py for tasks to queue
[2022-11-06T02:45:39.929+0200] {logging_mixin.py:120} INFO - [2022-11-06T02:45:39.928+0200] {dagbag.py:537} INFO - Filling up the DagBag from /Users/mnagy99/opt/anaconda3/envs/airflow-env/lib/python3.8/site-packages/airflow/example_dags/example_bash_operator.py
[2022-11-06T02:45:39.987+0200] {processor.py:766} INFO - DAG(s) dict_keys(['example_bash_operator']) retrieved from /Users/mnagy99/opt/anaconda3/envs/airflow-env/lib/python3.8/site-packages/airflow/example_dags/example_bash_operator.py
[2022-11-06T02:45:40.403+0200] {logging_mixin.py:120} INFO - [2022-11-06T02:45:40.403+0200] {dag.py:2585} INFO - Sync 1 DAGs
[2022-11-06T02:45:40.418+0200] {logging_mixin.py:120} INFO - [2022-11-06T02:45:40.418+0200] {dag.py:3336} INFO - Setting next_dagrun for example_bash_operator to 2022-11-05T00:00:00+00:00, run_after=2022-11-06T00:00:00+00:00
[2022-11-06T02:45:40.437+0200] {processor.py:176} INFO - Processing /Users/mnagy99/opt/anaconda3/envs/airflow-env/lib/python3.8/site-packages/airflow/example_dags/example_bash_operator.py took 0.513 seconds
[2022-11-06T02:47:53.653+0200] {processor.py:154} INFO - Started process (PID=4933) to work on /Users/mnagy99/opt/anaconda3/envs/airflow-env/lib/python3.8/site-packages/airflow/example_dags/example_bash_operator.py
[2022-11-06T02:47:53.656+0200] {processor.py:756} INFO - Processing file /Users/mnagy99/opt/anaconda3/envs/airflow-env/lib/python3.8/site-packages/airflow/example_dags/example_bash_operator.py for tasks to queue
[2022-11-06T02:47:53.657+0200] {logging_mixin.py:120} INFO - [2022-11-06T02:47:53.657+0200] {dagbag.py:537} INFO - Filling up the DagBag from /Users/mnagy99/opt/anaconda3/envs/airflow-env/lib/python3.8/site-packages/airflow/example_dags/example_bash_operator.py
[2022-11-06T02:47:53.714+0200] {processor.py:766} INFO - DAG(s) dict_keys(['example_bash_operator']) retrieved from /Users/mnagy99/opt/anaconda3/envs/airflow-env/lib/python3.8/site-packages/airflow/example_dags/example_bash_operator.py
[2022-11-06T02:47:54.124+0200] {logging_mixin.py:120} INFO - [2022-11-06T02:47:54.123+0200] {dag.py:2585} INFO - Sync 1 DAGs
[2022-11-06T02:47:54.139+0200] {logging_mixin.py:120} INFO - [2022-11-06T02:47:54.138+0200] {dag.py:3336} INFO - Setting next_dagrun for example_bash_operator to 2022-11-05T00:00:00+00:00, run_after=2022-11-06T00:00:00+00:00
[2022-11-06T02:47:54.157+0200] {processor.py:176} INFO - Processing /Users/mnagy99/opt/anaconda3/envs/airflow-env/lib/python3.8/site-packages/airflow/example_dags/example_bash_operator.py took 0.505 seconds
[2022-11-06T02:50:00.337+0200] {processor.py:154} INFO - Started process (PID=5055) to work on /Users/mnagy99/opt/anaconda3/envs/airflow-env/lib/python3.8/site-packages/airflow/example_dags/example_bash_operator.py
[2022-11-06T02:50:00.340+0200] {processor.py:756} INFO - Processing file /Users/mnagy99/opt/anaconda3/envs/airflow-env/lib/python3.8/site-packages/airflow/example_dags/example_bash_operator.py for tasks to queue
[2022-11-06T02:50:00.340+0200] {logging_mixin.py:120} INFO - [2022-11-06T02:50:00.340+0200] {dagbag.py:537} INFO - Filling up the DagBag from /Users/mnagy99/opt/anaconda3/envs/airflow-env/lib/python3.8/site-packages/airflow/example_dags/example_bash_operator.py
[2022-11-06T02:50:00.398+0200] {processor.py:766} INFO - DAG(s) dict_keys(['example_bash_operator']) retrieved from /Users/mnagy99/opt/anaconda3/envs/airflow-env/lib/python3.8/site-packages/airflow/example_dags/example_bash_operator.py
[2022-11-06T02:50:00.821+0200] {logging_mixin.py:120} INFO - [2022-11-06T02:50:00.821+0200] {dag.py:2585} INFO - Sync 1 DAGs
[2022-11-06T02:50:00.837+0200] {logging_mixin.py:120} INFO - [2022-11-06T02:50:00.837+0200] {dag.py:3336} INFO - Setting next_dagrun for example_bash_operator to 2022-11-05T00:00:00+00:00, run_after=2022-11-06T00:00:00+00:00
[2022-11-06T02:50:00.855+0200] {processor.py:176} INFO - Processing /Users/mnagy99/opt/anaconda3/envs/airflow-env/lib/python3.8/site-packages/airflow/example_dags/example_bash_operator.py took 0.518 seconds
[2022-11-06T02:52:04.029+0200] {processor.py:154} INFO - Started process (PID=5183) to work on /Users/mnagy99/opt/anaconda3/envs/airflow-env/lib/python3.8/site-packages/airflow/example_dags/example_bash_operator.py
[2022-11-06T02:52:04.031+0200] {processor.py:756} INFO - Processing file /Users/mnagy99/opt/anaconda3/envs/airflow-env/lib/python3.8/site-packages/airflow/example_dags/example_bash_operator.py for tasks to queue
[2022-11-06T02:52:04.032+0200] {logging_mixin.py:120} INFO - [2022-11-06T02:52:04.032+0200] {dagbag.py:537} INFO - Filling up the DagBag from /Users/mnagy99/opt/anaconda3/envs/airflow-env/lib/python3.8/site-packages/airflow/example_dags/example_bash_operator.py
[2022-11-06T02:52:04.086+0200] {processor.py:766} INFO - DAG(s) dict_keys(['example_bash_operator']) retrieved from /Users/mnagy99/opt/anaconda3/envs/airflow-env/lib/python3.8/site-packages/airflow/example_dags/example_bash_operator.py
[2022-11-06T02:52:04.497+0200] {logging_mixin.py:120} INFO - [2022-11-06T02:52:04.497+0200] {dag.py:2585} INFO - Sync 1 DAGs
[2022-11-06T02:52:04.513+0200] {logging_mixin.py:120} INFO - [2022-11-06T02:52:04.512+0200] {dag.py:3336} INFO - Setting next_dagrun for example_bash_operator to 2022-11-05T00:00:00+00:00, run_after=2022-11-06T00:00:00+00:00
[2022-11-06T02:52:04.531+0200] {processor.py:176} INFO - Processing /Users/mnagy99/opt/anaconda3/envs/airflow-env/lib/python3.8/site-packages/airflow/example_dags/example_bash_operator.py took 0.503 seconds
[2022-11-06T02:54:08.412+0200] {processor.py:154} INFO - Started process (PID=5305) to work on /Users/mnagy99/opt/anaconda3/envs/airflow-env/lib/python3.8/site-packages/airflow/example_dags/example_bash_operator.py
[2022-11-06T02:54:08.413+0200] {processor.py:756} INFO - Processing file /Users/mnagy99/opt/anaconda3/envs/airflow-env/lib/python3.8/site-packages/airflow/example_dags/example_bash_operator.py for tasks to queue
[2022-11-06T02:54:08.414+0200] {logging_mixin.py:120} INFO - [2022-11-06T02:54:08.414+0200] {dagbag.py:537} INFO - Filling up the DagBag from /Users/mnagy99/opt/anaconda3/envs/airflow-env/lib/python3.8/site-packages/airflow/example_dags/example_bash_operator.py
[2022-11-06T02:54:08.469+0200] {processor.py:766} INFO - DAG(s) dict_keys(['example_bash_operator']) retrieved from /Users/mnagy99/opt/anaconda3/envs/airflow-env/lib/python3.8/site-packages/airflow/example_dags/example_bash_operator.py
[2022-11-06T02:54:09.040+0200] {logging_mixin.py:120} INFO - [2022-11-06T02:54:09.040+0200] {dag.py:2585} INFO - Sync 1 DAGs
[2022-11-06T02:54:09.064+0200] {logging_mixin.py:120} INFO - [2022-11-06T02:54:09.064+0200] {dag.py:3336} INFO - Setting next_dagrun for example_bash_operator to 2022-11-05T00:00:00+00:00, run_after=2022-11-06T00:00:00+00:00
[2022-11-06T02:54:09.081+0200] {processor.py:176} INFO - Processing /Users/mnagy99/opt/anaconda3/envs/airflow-env/lib/python3.8/site-packages/airflow/example_dags/example_bash_operator.py took 0.670 seconds
[2022-11-06T02:56:22.577+0200] {processor.py:154} INFO - Started process (PID=5437) to work on /Users/mnagy99/opt/anaconda3/envs/airflow-env/lib/python3.8/site-packages/airflow/example_dags/example_bash_operator.py
[2022-11-06T02:56:22.580+0200] {processor.py:756} INFO - Processing file /Users/mnagy99/opt/anaconda3/envs/airflow-env/lib/python3.8/site-packages/airflow/example_dags/example_bash_operator.py for tasks to queue
[2022-11-06T02:56:22.581+0200] {logging_mixin.py:120} INFO - [2022-11-06T02:56:22.581+0200] {dagbag.py:537} INFO - Filling up the DagBag from /Users/mnagy99/opt/anaconda3/envs/airflow-env/lib/python3.8/site-packages/airflow/example_dags/example_bash_operator.py
[2022-11-06T02:56:22.640+0200] {processor.py:766} INFO - DAG(s) dict_keys(['example_bash_operator']) retrieved from /Users/mnagy99/opt/anaconda3/envs/airflow-env/lib/python3.8/site-packages/airflow/example_dags/example_bash_operator.py
[2022-11-06T02:56:23.086+0200] {logging_mixin.py:120} INFO - [2022-11-06T02:56:23.085+0200] {dag.py:2585} INFO - Sync 1 DAGs
[2022-11-06T02:56:23.101+0200] {logging_mixin.py:120} INFO - [2022-11-06T02:56:23.101+0200] {dag.py:3336} INFO - Setting next_dagrun for example_bash_operator to 2022-11-05T00:00:00+00:00, run_after=2022-11-06T00:00:00+00:00
[2022-11-06T02:56:23.120+0200] {processor.py:176} INFO - Processing /Users/mnagy99/opt/anaconda3/envs/airflow-env/lib/python3.8/site-packages/airflow/example_dags/example_bash_operator.py took 0.544 seconds
[2022-11-06T02:58:36.761+0200] {processor.py:154} INFO - Started process (PID=5578) to work on /Users/mnagy99/opt/anaconda3/envs/airflow-env/lib/python3.8/site-packages/airflow/example_dags/example_bash_operator.py
[2022-11-06T02:58:36.764+0200] {processor.py:756} INFO - Processing file /Users/mnagy99/opt/anaconda3/envs/airflow-env/lib/python3.8/site-packages/airflow/example_dags/example_bash_operator.py for tasks to queue
[2022-11-06T02:58:36.765+0200] {logging_mixin.py:120} INFO - [2022-11-06T02:58:36.765+0200] {dagbag.py:537} INFO - Filling up the DagBag from /Users/mnagy99/opt/anaconda3/envs/airflow-env/lib/python3.8/site-packages/airflow/example_dags/example_bash_operator.py
[2022-11-06T02:58:36.821+0200] {processor.py:766} INFO - DAG(s) dict_keys(['example_bash_operator']) retrieved from /Users/mnagy99/opt/anaconda3/envs/airflow-env/lib/python3.8/site-packages/airflow/example_dags/example_bash_operator.py
[2022-11-06T02:58:37.253+0200] {logging_mixin.py:120} INFO - [2022-11-06T02:58:37.253+0200] {dag.py:2585} INFO - Sync 1 DAGs
[2022-11-06T02:58:37.268+0200] {logging_mixin.py:120} INFO - [2022-11-06T02:58:37.268+0200] {dag.py:3336} INFO - Setting next_dagrun for example_bash_operator to 2022-11-05T00:00:00+00:00, run_after=2022-11-06T00:00:00+00:00
[2022-11-06T02:58:37.291+0200] {processor.py:176} INFO - Processing /Users/mnagy99/opt/anaconda3/envs/airflow-env/lib/python3.8/site-packages/airflow/example_dags/example_bash_operator.py took 0.530 seconds
[2022-11-06T03:00:57.646+0200] {processor.py:154} INFO - Started process (PID=5718) to work on /Users/mnagy99/opt/anaconda3/envs/airflow-env/lib/python3.8/site-packages/airflow/example_dags/example_bash_operator.py
[2022-11-06T03:00:57.649+0200] {processor.py:756} INFO - Processing file /Users/mnagy99/opt/anaconda3/envs/airflow-env/lib/python3.8/site-packages/airflow/example_dags/example_bash_operator.py for tasks to queue
[2022-11-06T03:00:57.649+0200] {logging_mixin.py:120} INFO - [2022-11-06T03:00:57.649+0200] {dagbag.py:537} INFO - Filling up the DagBag from /Users/mnagy99/opt/anaconda3/envs/airflow-env/lib/python3.8/site-packages/airflow/example_dags/example_bash_operator.py
[2022-11-06T03:00:57.706+0200] {processor.py:766} INFO - DAG(s) dict_keys(['example_bash_operator']) retrieved from /Users/mnagy99/opt/anaconda3/envs/airflow-env/lib/python3.8/site-packages/airflow/example_dags/example_bash_operator.py
[2022-11-06T03:00:58.120+0200] {logging_mixin.py:120} INFO - [2022-11-06T03:00:58.120+0200] {dag.py:2585} INFO - Sync 1 DAGs
[2022-11-06T03:00:58.137+0200] {logging_mixin.py:120} INFO - [2022-11-06T03:00:58.137+0200] {dag.py:3336} INFO - Setting next_dagrun for example_bash_operator to 2022-11-05T00:00:00+00:00, run_after=2022-11-06T00:00:00+00:00
[2022-11-06T03:00:58.156+0200] {processor.py:176} INFO - Processing /Users/mnagy99/opt/anaconda3/envs/airflow-env/lib/python3.8/site-packages/airflow/example_dags/example_bash_operator.py took 0.511 seconds
[2022-11-06T03:03:40.955+0200] {processor.py:154} INFO - Started process (PID=5859) to work on /Users/mnagy99/opt/anaconda3/envs/airflow-env/lib/python3.8/site-packages/airflow/example_dags/example_bash_operator.py
[2022-11-06T03:03:40.957+0200] {processor.py:756} INFO - Processing file /Users/mnagy99/opt/anaconda3/envs/airflow-env/lib/python3.8/site-packages/airflow/example_dags/example_bash_operator.py for tasks to queue
[2022-11-06T03:03:40.958+0200] {logging_mixin.py:120} INFO - [2022-11-06T03:03:40.957+0200] {dagbag.py:537} INFO - Filling up the DagBag from /Users/mnagy99/opt/anaconda3/envs/airflow-env/lib/python3.8/site-packages/airflow/example_dags/example_bash_operator.py
[2022-11-06T03:03:41.021+0200] {processor.py:766} INFO - DAG(s) dict_keys(['example_bash_operator']) retrieved from /Users/mnagy99/opt/anaconda3/envs/airflow-env/lib/python3.8/site-packages/airflow/example_dags/example_bash_operator.py
[2022-11-06T03:03:41.451+0200] {logging_mixin.py:120} INFO - [2022-11-06T03:03:41.451+0200] {dag.py:2585} INFO - Sync 1 DAGs
[2022-11-06T03:03:41.466+0200] {logging_mixin.py:120} INFO - [2022-11-06T03:03:41.466+0200] {dag.py:3336} INFO - Setting next_dagrun for example_bash_operator to 2022-11-05T00:00:00+00:00, run_after=2022-11-06T00:00:00+00:00
[2022-11-06T03:03:41.490+0200] {processor.py:176} INFO - Processing /Users/mnagy99/opt/anaconda3/envs/airflow-env/lib/python3.8/site-packages/airflow/example_dags/example_bash_operator.py took 0.535 seconds
[2022-11-06T03:05:58.135+0200] {processor.py:154} INFO - Started process (PID=5994) to work on /Users/mnagy99/opt/anaconda3/envs/airflow-env/lib/python3.8/site-packages/airflow/example_dags/example_bash_operator.py
[2022-11-06T03:05:58.136+0200] {processor.py:756} INFO - Processing file /Users/mnagy99/opt/anaconda3/envs/airflow-env/lib/python3.8/site-packages/airflow/example_dags/example_bash_operator.py for tasks to queue
[2022-11-06T03:05:58.137+0200] {logging_mixin.py:120} INFO - [2022-11-06T03:05:58.137+0200] {dagbag.py:537} INFO - Filling up the DagBag from /Users/mnagy99/opt/anaconda3/envs/airflow-env/lib/python3.8/site-packages/airflow/example_dags/example_bash_operator.py
[2022-11-06T03:05:58.220+0200] {processor.py:766} INFO - DAG(s) dict_keys(['example_bash_operator']) retrieved from /Users/mnagy99/opt/anaconda3/envs/airflow-env/lib/python3.8/site-packages/airflow/example_dags/example_bash_operator.py
[2022-11-06T03:05:58.676+0200] {logging_mixin.py:120} INFO - [2022-11-06T03:05:58.675+0200] {dag.py:2585} INFO - Sync 1 DAGs
[2022-11-06T03:05:58.694+0200] {logging_mixin.py:120} INFO - [2022-11-06T03:05:58.694+0200] {dag.py:3336} INFO - Setting next_dagrun for example_bash_operator to 2022-11-05T00:00:00+00:00, run_after=2022-11-06T00:00:00+00:00
[2022-11-06T03:05:58.712+0200] {processor.py:176} INFO - Processing /Users/mnagy99/opt/anaconda3/envs/airflow-env/lib/python3.8/site-packages/airflow/example_dags/example_bash_operator.py took 0.578 seconds
[2022-11-06T03:08:15.330+0200] {processor.py:154} INFO - Started process (PID=6126) to work on /Users/mnagy99/opt/anaconda3/envs/airflow-env/lib/python3.8/site-packages/airflow/example_dags/example_bash_operator.py
[2022-11-06T03:08:15.332+0200] {processor.py:756} INFO - Processing file /Users/mnagy99/opt/anaconda3/envs/airflow-env/lib/python3.8/site-packages/airflow/example_dags/example_bash_operator.py for tasks to queue
[2022-11-06T03:08:15.333+0200] {logging_mixin.py:120} INFO - [2022-11-06T03:08:15.333+0200] {dagbag.py:537} INFO - Filling up the DagBag from /Users/mnagy99/opt/anaconda3/envs/airflow-env/lib/python3.8/site-packages/airflow/example_dags/example_bash_operator.py
[2022-11-06T03:08:15.393+0200] {processor.py:766} INFO - DAG(s) dict_keys(['example_bash_operator']) retrieved from /Users/mnagy99/opt/anaconda3/envs/airflow-env/lib/python3.8/site-packages/airflow/example_dags/example_bash_operator.py
[2022-11-06T03:08:15.952+0200] {logging_mixin.py:120} INFO - [2022-11-06T03:08:15.951+0200] {dag.py:2585} INFO - Sync 1 DAGs
[2022-11-06T03:08:15.974+0200] {logging_mixin.py:120} INFO - [2022-11-06T03:08:15.974+0200] {dag.py:3336} INFO - Setting next_dagrun for example_bash_operator to 2022-11-05T00:00:00+00:00, run_after=2022-11-06T00:00:00+00:00
[2022-11-06T03:08:15.997+0200] {processor.py:176} INFO - Processing /Users/mnagy99/opt/anaconda3/envs/airflow-env/lib/python3.8/site-packages/airflow/example_dags/example_bash_operator.py took 0.668 seconds
[2022-11-06T03:10:25.189+0200] {processor.py:154} INFO - Started process (PID=6266) to work on /Users/mnagy99/opt/anaconda3/envs/airflow-env/lib/python3.8/site-packages/airflow/example_dags/example_bash_operator.py
[2022-11-06T03:10:25.191+0200] {processor.py:756} INFO - Processing file /Users/mnagy99/opt/anaconda3/envs/airflow-env/lib/python3.8/site-packages/airflow/example_dags/example_bash_operator.py for tasks to queue
[2022-11-06T03:10:25.192+0200] {logging_mixin.py:120} INFO - [2022-11-06T03:10:25.192+0200] {dagbag.py:537} INFO - Filling up the DagBag from /Users/mnagy99/opt/anaconda3/envs/airflow-env/lib/python3.8/site-packages/airflow/example_dags/example_bash_operator.py
[2022-11-06T03:10:25.252+0200] {processor.py:766} INFO - DAG(s) dict_keys(['example_bash_operator']) retrieved from /Users/mnagy99/opt/anaconda3/envs/airflow-env/lib/python3.8/site-packages/airflow/example_dags/example_bash_operator.py
[2022-11-06T03:10:25.714+0200] {logging_mixin.py:120} INFO - [2022-11-06T03:10:25.714+0200] {dag.py:2585} INFO - Sync 1 DAGs
[2022-11-06T03:10:25.732+0200] {logging_mixin.py:120} INFO - [2022-11-06T03:10:25.732+0200] {dag.py:3336} INFO - Setting next_dagrun for example_bash_operator to 2022-11-05T00:00:00+00:00, run_after=2022-11-06T00:00:00+00:00
[2022-11-06T03:10:25.753+0200] {processor.py:176} INFO - Processing /Users/mnagy99/opt/anaconda3/envs/airflow-env/lib/python3.8/site-packages/airflow/example_dags/example_bash_operator.py took 0.565 seconds
[2022-11-06T03:12:31.498+0200] {processor.py:154} INFO - Started process (PID=6397) to work on /Users/mnagy99/opt/anaconda3/envs/airflow-env/lib/python3.8/site-packages/airflow/example_dags/example_bash_operator.py
[2022-11-06T03:12:31.499+0200] {processor.py:756} INFO - Processing file /Users/mnagy99/opt/anaconda3/envs/airflow-env/lib/python3.8/site-packages/airflow/example_dags/example_bash_operator.py for tasks to queue
[2022-11-06T03:12:31.500+0200] {logging_mixin.py:120} INFO - [2022-11-06T03:12:31.500+0200] {dagbag.py:537} INFO - Filling up the DagBag from /Users/mnagy99/opt/anaconda3/envs/airflow-env/lib/python3.8/site-packages/airflow/example_dags/example_bash_operator.py
[2022-11-06T03:12:31.568+0200] {processor.py:766} INFO - DAG(s) dict_keys(['example_bash_operator']) retrieved from /Users/mnagy99/opt/anaconda3/envs/airflow-env/lib/python3.8/site-packages/airflow/example_dags/example_bash_operator.py
[2022-11-06T03:12:31.987+0200] {logging_mixin.py:120} INFO - [2022-11-06T03:12:31.987+0200] {dag.py:2585} INFO - Sync 1 DAGs
[2022-11-06T03:12:32.002+0200] {logging_mixin.py:120} INFO - [2022-11-06T03:12:32.002+0200] {dag.py:3336} INFO - Setting next_dagrun for example_bash_operator to 2022-11-05T00:00:00+00:00, run_after=2022-11-06T00:00:00+00:00
[2022-11-06T03:12:32.022+0200] {processor.py:176} INFO - Processing /Users/mnagy99/opt/anaconda3/envs/airflow-env/lib/python3.8/site-packages/airflow/example_dags/example_bash_operator.py took 0.525 seconds
[2022-11-06T03:14:33.911+0200] {processor.py:154} INFO - Started process (PID=6517) to work on /Users/mnagy99/opt/anaconda3/envs/airflow-env/lib/python3.8/site-packages/airflow/example_dags/example_bash_operator.py
[2022-11-06T03:14:33.913+0200] {processor.py:756} INFO - Processing file /Users/mnagy99/opt/anaconda3/envs/airflow-env/lib/python3.8/site-packages/airflow/example_dags/example_bash_operator.py for tasks to queue
[2022-11-06T03:14:33.914+0200] {logging_mixin.py:120} INFO - [2022-11-06T03:14:33.914+0200] {dagbag.py:537} INFO - Filling up the DagBag from /Users/mnagy99/opt/anaconda3/envs/airflow-env/lib/python3.8/site-packages/airflow/example_dags/example_bash_operator.py
[2022-11-06T03:14:33.972+0200] {processor.py:766} INFO - DAG(s) dict_keys(['example_bash_operator']) retrieved from /Users/mnagy99/opt/anaconda3/envs/airflow-env/lib/python3.8/site-packages/airflow/example_dags/example_bash_operator.py
[2022-11-06T03:14:34.401+0200] {logging_mixin.py:120} INFO - [2022-11-06T03:14:34.401+0200] {dag.py:2585} INFO - Sync 1 DAGs
[2022-11-06T03:14:34.415+0200] {logging_mixin.py:120} INFO - [2022-11-06T03:14:34.415+0200] {dag.py:3336} INFO - Setting next_dagrun for example_bash_operator to 2022-11-05T00:00:00+00:00, run_after=2022-11-06T00:00:00+00:00
[2022-11-06T03:14:34.434+0200] {processor.py:176} INFO - Processing /Users/mnagy99/opt/anaconda3/envs/airflow-env/lib/python3.8/site-packages/airflow/example_dags/example_bash_operator.py took 0.524 seconds
[2022-11-06T03:16:33.325+0200] {processor.py:154} INFO - Started process (PID=6646) to work on /Users/mnagy99/opt/anaconda3/envs/airflow-env/lib/python3.8/site-packages/airflow/example_dags/example_bash_operator.py
[2022-11-06T03:16:33.327+0200] {processor.py:756} INFO - Processing file /Users/mnagy99/opt/anaconda3/envs/airflow-env/lib/python3.8/site-packages/airflow/example_dags/example_bash_operator.py for tasks to queue
[2022-11-06T03:16:33.328+0200] {logging_mixin.py:120} INFO - [2022-11-06T03:16:33.328+0200] {dagbag.py:537} INFO - Filling up the DagBag from /Users/mnagy99/opt/anaconda3/envs/airflow-env/lib/python3.8/site-packages/airflow/example_dags/example_bash_operator.py
[2022-11-06T03:16:33.399+0200] {processor.py:766} INFO - DAG(s) dict_keys(['example_bash_operator']) retrieved from /Users/mnagy99/opt/anaconda3/envs/airflow-env/lib/python3.8/site-packages/airflow/example_dags/example_bash_operator.py
[2022-11-06T03:16:33.857+0200] {logging_mixin.py:120} INFO - [2022-11-06T03:16:33.857+0200] {dag.py:2585} INFO - Sync 1 DAGs
[2022-11-06T03:16:33.872+0200] {logging_mixin.py:120} INFO - [2022-11-06T03:16:33.872+0200] {dag.py:3336} INFO - Setting next_dagrun for example_bash_operator to 2022-11-05T00:00:00+00:00, run_after=2022-11-06T00:00:00+00:00
[2022-11-06T03:16:33.891+0200] {processor.py:176} INFO - Processing /Users/mnagy99/opt/anaconda3/envs/airflow-env/lib/python3.8/site-packages/airflow/example_dags/example_bash_operator.py took 0.567 seconds
[2022-11-06T03:18:29.991+0200] {processor.py:154} INFO - Started process (PID=6782) to work on /Users/mnagy99/opt/anaconda3/envs/airflow-env/lib/python3.8/site-packages/airflow/example_dags/example_bash_operator.py
[2022-11-06T03:18:29.991+0200] {processor.py:756} INFO - Processing file /Users/mnagy99/opt/anaconda3/envs/airflow-env/lib/python3.8/site-packages/airflow/example_dags/example_bash_operator.py for tasks to queue
[2022-11-06T03:18:29.992+0200] {logging_mixin.py:120} INFO - [2022-11-06T03:18:29.992+0200] {dagbag.py:537} INFO - Filling up the DagBag from /Users/mnagy99/opt/anaconda3/envs/airflow-env/lib/python3.8/site-packages/airflow/example_dags/example_bash_operator.py
[2022-11-06T03:18:30.044+0200] {processor.py:766} INFO - DAG(s) dict_keys(['example_bash_operator']) retrieved from /Users/mnagy99/opt/anaconda3/envs/airflow-env/lib/python3.8/site-packages/airflow/example_dags/example_bash_operator.py
[2022-11-06T03:18:30.448+0200] {logging_mixin.py:120} INFO - [2022-11-06T03:18:30.448+0200] {dag.py:2585} INFO - Sync 1 DAGs
[2022-11-06T03:18:30.463+0200] {logging_mixin.py:120} INFO - [2022-11-06T03:18:30.462+0200] {dag.py:3336} INFO - Setting next_dagrun for example_bash_operator to 2022-11-05T00:00:00+00:00, run_after=2022-11-06T00:00:00+00:00
[2022-11-06T03:18:30.481+0200] {processor.py:176} INFO - Processing /Users/mnagy99/opt/anaconda3/envs/airflow-env/lib/python3.8/site-packages/airflow/example_dags/example_bash_operator.py took 0.491 seconds
[2022-11-06T03:20:28.738+0200] {processor.py:154} INFO - Started process (PID=6905) to work on /Users/mnagy99/opt/anaconda3/envs/airflow-env/lib/python3.8/site-packages/airflow/example_dags/example_bash_operator.py
[2022-11-06T03:20:28.739+0200] {processor.py:756} INFO - Processing file /Users/mnagy99/opt/anaconda3/envs/airflow-env/lib/python3.8/site-packages/airflow/example_dags/example_bash_operator.py for tasks to queue
[2022-11-06T03:20:28.739+0200] {logging_mixin.py:120} INFO - [2022-11-06T03:20:28.739+0200] {dagbag.py:537} INFO - Filling up the DagBag from /Users/mnagy99/opt/anaconda3/envs/airflow-env/lib/python3.8/site-packages/airflow/example_dags/example_bash_operator.py
[2022-11-06T03:20:28.797+0200] {processor.py:766} INFO - DAG(s) dict_keys(['example_bash_operator']) retrieved from /Users/mnagy99/opt/anaconda3/envs/airflow-env/lib/python3.8/site-packages/airflow/example_dags/example_bash_operator.py
[2022-11-06T03:20:29.284+0200] {logging_mixin.py:120} INFO - [2022-11-06T03:20:29.284+0200] {dag.py:2585} INFO - Sync 1 DAGs
[2022-11-06T03:20:29.300+0200] {logging_mixin.py:120} INFO - [2022-11-06T03:20:29.300+0200] {dag.py:3336} INFO - Setting next_dagrun for example_bash_operator to 2022-11-05T00:00:00+00:00, run_after=2022-11-06T00:00:00+00:00
[2022-11-06T03:20:29.319+0200] {processor.py:176} INFO - Processing /Users/mnagy99/opt/anaconda3/envs/airflow-env/lib/python3.8/site-packages/airflow/example_dags/example_bash_operator.py took 0.582 seconds
[2022-11-06T03:22:28.659+0200] {processor.py:154} INFO - Started process (PID=7032) to work on /Users/mnagy99/opt/anaconda3/envs/airflow-env/lib/python3.8/site-packages/airflow/example_dags/example_bash_operator.py
[2022-11-06T03:22:28.660+0200] {processor.py:756} INFO - Processing file /Users/mnagy99/opt/anaconda3/envs/airflow-env/lib/python3.8/site-packages/airflow/example_dags/example_bash_operator.py for tasks to queue
[2022-11-06T03:22:28.660+0200] {logging_mixin.py:120} INFO - [2022-11-06T03:22:28.660+0200] {dagbag.py:537} INFO - Filling up the DagBag from /Users/mnagy99/opt/anaconda3/envs/airflow-env/lib/python3.8/site-packages/airflow/example_dags/example_bash_operator.py
[2022-11-06T03:22:28.712+0200] {processor.py:766} INFO - DAG(s) dict_keys(['example_bash_operator']) retrieved from /Users/mnagy99/opt/anaconda3/envs/airflow-env/lib/python3.8/site-packages/airflow/example_dags/example_bash_operator.py
[2022-11-06T03:22:29.148+0200] {logging_mixin.py:120} INFO - [2022-11-06T03:22:29.148+0200] {dag.py:2585} INFO - Sync 1 DAGs
[2022-11-06T03:22:29.164+0200] {logging_mixin.py:120} INFO - [2022-11-06T03:22:29.163+0200] {dag.py:3336} INFO - Setting next_dagrun for example_bash_operator to 2022-11-05T00:00:00+00:00, run_after=2022-11-06T00:00:00+00:00
[2022-11-06T03:22:29.181+0200] {processor.py:176} INFO - Processing /Users/mnagy99/opt/anaconda3/envs/airflow-env/lib/python3.8/site-packages/airflow/example_dags/example_bash_operator.py took 0.523 seconds
[2022-11-06T03:24:32.082+0200] {processor.py:154} INFO - Started process (PID=7158) to work on /Users/mnagy99/opt/anaconda3/envs/airflow-env/lib/python3.8/site-packages/airflow/example_dags/example_bash_operator.py
[2022-11-06T03:24:32.085+0200] {processor.py:756} INFO - Processing file /Users/mnagy99/opt/anaconda3/envs/airflow-env/lib/python3.8/site-packages/airflow/example_dags/example_bash_operator.py for tasks to queue
[2022-11-06T03:24:32.085+0200] {logging_mixin.py:120} INFO - [2022-11-06T03:24:32.085+0200] {dagbag.py:537} INFO - Filling up the DagBag from /Users/mnagy99/opt/anaconda3/envs/airflow-env/lib/python3.8/site-packages/airflow/example_dags/example_bash_operator.py
[2022-11-06T03:24:32.138+0200] {processor.py:766} INFO - DAG(s) dict_keys(['example_bash_operator']) retrieved from /Users/mnagy99/opt/anaconda3/envs/airflow-env/lib/python3.8/site-packages/airflow/example_dags/example_bash_operator.py
[2022-11-06T03:24:32.552+0200] {logging_mixin.py:120} INFO - [2022-11-06T03:24:32.552+0200] {dag.py:2585} INFO - Sync 1 DAGs
[2022-11-06T03:24:32.568+0200] {logging_mixin.py:120} INFO - [2022-11-06T03:24:32.568+0200] {dag.py:3336} INFO - Setting next_dagrun for example_bash_operator to 2022-11-05T00:00:00+00:00, run_after=2022-11-06T00:00:00+00:00
[2022-11-06T03:24:32.587+0200] {processor.py:176} INFO - Processing /Users/mnagy99/opt/anaconda3/envs/airflow-env/lib/python3.8/site-packages/airflow/example_dags/example_bash_operator.py took 0.506 seconds
[2022-11-06T03:26:30.043+0200] {processor.py:154} INFO - Started process (PID=7307) to work on /Users/mnagy99/opt/anaconda3/envs/airflow-env/lib/python3.8/site-packages/airflow/example_dags/example_bash_operator.py
[2022-11-06T03:26:30.046+0200] {processor.py:756} INFO - Processing file /Users/mnagy99/opt/anaconda3/envs/airflow-env/lib/python3.8/site-packages/airflow/example_dags/example_bash_operator.py for tasks to queue
[2022-11-06T03:26:30.047+0200] {logging_mixin.py:120} INFO - [2022-11-06T03:26:30.046+0200] {dagbag.py:537} INFO - Filling up the DagBag from /Users/mnagy99/opt/anaconda3/envs/airflow-env/lib/python3.8/site-packages/airflow/example_dags/example_bash_operator.py
[2022-11-06T03:26:30.130+0200] {processor.py:766} INFO - DAG(s) dict_keys(['example_bash_operator']) retrieved from /Users/mnagy99/opt/anaconda3/envs/airflow-env/lib/python3.8/site-packages/airflow/example_dags/example_bash_operator.py
[2022-11-06T03:26:30.574+0200] {logging_mixin.py:120} INFO - [2022-11-06T03:26:30.574+0200] {dag.py:2585} INFO - Sync 1 DAGs
[2022-11-06T03:26:30.592+0200] {logging_mixin.py:120} INFO - [2022-11-06T03:26:30.591+0200] {dag.py:3336} INFO - Setting next_dagrun for example_bash_operator to 2022-11-05T00:00:00+00:00, run_after=2022-11-06T00:00:00+00:00
[2022-11-06T03:26:30.608+0200] {processor.py:176} INFO - Processing /Users/mnagy99/opt/anaconda3/envs/airflow-env/lib/python3.8/site-packages/airflow/example_dags/example_bash_operator.py took 0.566 seconds
[2022-11-06T03:28:31.330+0200] {processor.py:154} INFO - Started process (PID=7428) to work on /Users/mnagy99/opt/anaconda3/envs/airflow-env/lib/python3.8/site-packages/airflow/example_dags/example_bash_operator.py
[2022-11-06T03:28:31.333+0200] {processor.py:756} INFO - Processing file /Users/mnagy99/opt/anaconda3/envs/airflow-env/lib/python3.8/site-packages/airflow/example_dags/example_bash_operator.py for tasks to queue
[2022-11-06T03:28:31.333+0200] {logging_mixin.py:120} INFO - [2022-11-06T03:28:31.333+0200] {dagbag.py:537} INFO - Filling up the DagBag from /Users/mnagy99/opt/anaconda3/envs/airflow-env/lib/python3.8/site-packages/airflow/example_dags/example_bash_operator.py
[2022-11-06T03:28:31.398+0200] {processor.py:766} INFO - DAG(s) dict_keys(['example_bash_operator']) retrieved from /Users/mnagy99/opt/anaconda3/envs/airflow-env/lib/python3.8/site-packages/airflow/example_dags/example_bash_operator.py
[2022-11-06T03:28:31.835+0200] {logging_mixin.py:120} INFO - [2022-11-06T03:28:31.834+0200] {dag.py:2585} INFO - Sync 1 DAGs
[2022-11-06T03:28:31.853+0200] {logging_mixin.py:120} INFO - [2022-11-06T03:28:31.853+0200] {dag.py:3336} INFO - Setting next_dagrun for example_bash_operator to 2022-11-05T00:00:00+00:00, run_after=2022-11-06T00:00:00+00:00
[2022-11-06T03:28:31.888+0200] {processor.py:176} INFO - Processing /Users/mnagy99/opt/anaconda3/envs/airflow-env/lib/python3.8/site-packages/airflow/example_dags/example_bash_operator.py took 0.558 seconds
[2022-11-06T03:30:30.031+0200] {processor.py:154} INFO - Started process (PID=7554) to work on /Users/mnagy99/opt/anaconda3/envs/airflow-env/lib/python3.8/site-packages/airflow/example_dags/example_bash_operator.py
[2022-11-06T03:30:30.033+0200] {processor.py:756} INFO - Processing file /Users/mnagy99/opt/anaconda3/envs/airflow-env/lib/python3.8/site-packages/airflow/example_dags/example_bash_operator.py for tasks to queue
[2022-11-06T03:30:30.033+0200] {logging_mixin.py:120} INFO - [2022-11-06T03:30:30.033+0200] {dagbag.py:537} INFO - Filling up the DagBag from /Users/mnagy99/opt/anaconda3/envs/airflow-env/lib/python3.8/site-packages/airflow/example_dags/example_bash_operator.py
[2022-11-06T03:30:30.090+0200] {processor.py:766} INFO - DAG(s) dict_keys(['example_bash_operator']) retrieved from /Users/mnagy99/opt/anaconda3/envs/airflow-env/lib/python3.8/site-packages/airflow/example_dags/example_bash_operator.py
[2022-11-06T03:30:30.499+0200] {logging_mixin.py:120} INFO - [2022-11-06T03:30:30.499+0200] {dag.py:2585} INFO - Sync 1 DAGs
[2022-11-06T03:30:30.514+0200] {logging_mixin.py:120} INFO - [2022-11-06T03:30:30.514+0200] {dag.py:3336} INFO - Setting next_dagrun for example_bash_operator to 2022-11-05T00:00:00+00:00, run_after=2022-11-06T00:00:00+00:00
[2022-11-06T03:30:30.530+0200] {processor.py:176} INFO - Processing /Users/mnagy99/opt/anaconda3/envs/airflow-env/lib/python3.8/site-packages/airflow/example_dags/example_bash_operator.py took 0.500 seconds
[2022-11-06T03:32:32.030+0200] {processor.py:154} INFO - Started process (PID=7679) to work on /Users/mnagy99/opt/anaconda3/envs/airflow-env/lib/python3.8/site-packages/airflow/example_dags/example_bash_operator.py
[2022-11-06T03:32:32.033+0200] {processor.py:756} INFO - Processing file /Users/mnagy99/opt/anaconda3/envs/airflow-env/lib/python3.8/site-packages/airflow/example_dags/example_bash_operator.py for tasks to queue
[2022-11-06T03:32:32.033+0200] {logging_mixin.py:120} INFO - [2022-11-06T03:32:32.033+0200] {dagbag.py:537} INFO - Filling up the DagBag from /Users/mnagy99/opt/anaconda3/envs/airflow-env/lib/python3.8/site-packages/airflow/example_dags/example_bash_operator.py
[2022-11-06T03:32:32.119+0200] {processor.py:766} INFO - DAG(s) dict_keys(['example_bash_operator']) retrieved from /Users/mnagy99/opt/anaconda3/envs/airflow-env/lib/python3.8/site-packages/airflow/example_dags/example_bash_operator.py
[2022-11-06T03:32:32.613+0200] {logging_mixin.py:120} INFO - [2022-11-06T03:32:32.613+0200] {dag.py:2585} INFO - Sync 1 DAGs
[2022-11-06T03:32:32.627+0200] {logging_mixin.py:120} INFO - [2022-11-06T03:32:32.627+0200] {dag.py:3336} INFO - Setting next_dagrun for example_bash_operator to 2022-11-05T00:00:00+00:00, run_after=2022-11-06T00:00:00+00:00
[2022-11-06T03:32:32.645+0200] {processor.py:176} INFO - Processing /Users/mnagy99/opt/anaconda3/envs/airflow-env/lib/python3.8/site-packages/airflow/example_dags/example_bash_operator.py took 0.616 seconds
[2022-11-06T03:34:44.330+0200] {processor.py:154} INFO - Started process (PID=7820) to work on /Users/mnagy99/opt/anaconda3/envs/airflow-env/lib/python3.8/site-packages/airflow/example_dags/example_bash_operator.py
[2022-11-06T03:34:44.331+0200] {processor.py:756} INFO - Processing file /Users/mnagy99/opt/anaconda3/envs/airflow-env/lib/python3.8/site-packages/airflow/example_dags/example_bash_operator.py for tasks to queue
[2022-11-06T03:34:44.331+0200] {logging_mixin.py:120} INFO - [2022-11-06T03:34:44.331+0200] {dagbag.py:537} INFO - Filling up the DagBag from /Users/mnagy99/opt/anaconda3/envs/airflow-env/lib/python3.8/site-packages/airflow/example_dags/example_bash_operator.py
[2022-11-06T03:34:44.405+0200] {processor.py:766} INFO - DAG(s) dict_keys(['example_bash_operator']) retrieved from /Users/mnagy99/opt/anaconda3/envs/airflow-env/lib/python3.8/site-packages/airflow/example_dags/example_bash_operator.py
[2022-11-06T03:34:44.927+0200] {logging_mixin.py:120} INFO - [2022-11-06T03:34:44.927+0200] {dag.py:2585} INFO - Sync 1 DAGs
[2022-11-06T03:34:44.943+0200] {logging_mixin.py:120} INFO - [2022-11-06T03:34:44.943+0200] {dag.py:3336} INFO - Setting next_dagrun for example_bash_operator to 2022-11-05T00:00:00+00:00, run_after=2022-11-06T00:00:00+00:00
[2022-11-06T03:34:44.962+0200] {processor.py:176} INFO - Processing /Users/mnagy99/opt/anaconda3/envs/airflow-env/lib/python3.8/site-packages/airflow/example_dags/example_bash_operator.py took 0.633 seconds
[2022-11-06T03:36:49.441+0200] {processor.py:154} INFO - Started process (PID=7991) to work on /Users/mnagy99/opt/anaconda3/envs/airflow-env/lib/python3.8/site-packages/airflow/example_dags/example_bash_operator.py
[2022-11-06T03:36:49.444+0200] {processor.py:756} INFO - Processing file /Users/mnagy99/opt/anaconda3/envs/airflow-env/lib/python3.8/site-packages/airflow/example_dags/example_bash_operator.py for tasks to queue
[2022-11-06T03:36:49.445+0200] {logging_mixin.py:120} INFO - [2022-11-06T03:36:49.445+0200] {dagbag.py:537} INFO - Filling up the DagBag from /Users/mnagy99/opt/anaconda3/envs/airflow-env/lib/python3.8/site-packages/airflow/example_dags/example_bash_operator.py
[2022-11-06T03:36:49.497+0200] {processor.py:766} INFO - DAG(s) dict_keys(['example_bash_operator']) retrieved from /Users/mnagy99/opt/anaconda3/envs/airflow-env/lib/python3.8/site-packages/airflow/example_dags/example_bash_operator.py
[2022-11-06T03:36:49.901+0200] {logging_mixin.py:120} INFO - [2022-11-06T03:36:49.900+0200] {dag.py:2585} INFO - Sync 1 DAGs
[2022-11-06T03:36:49.915+0200] {logging_mixin.py:120} INFO - [2022-11-06T03:36:49.915+0200] {dag.py:3336} INFO - Setting next_dagrun for example_bash_operator to 2022-11-05T00:00:00+00:00, run_after=2022-11-06T00:00:00+00:00
[2022-11-06T03:36:49.934+0200] {processor.py:176} INFO - Processing /Users/mnagy99/opt/anaconda3/envs/airflow-env/lib/python3.8/site-packages/airflow/example_dags/example_bash_operator.py took 0.494 seconds
[2022-11-06T03:38:48.678+0200] {processor.py:154} INFO - Started process (PID=8112) to work on /Users/mnagy99/opt/anaconda3/envs/airflow-env/lib/python3.8/site-packages/airflow/example_dags/example_bash_operator.py
[2022-11-06T03:38:48.680+0200] {processor.py:756} INFO - Processing file /Users/mnagy99/opt/anaconda3/envs/airflow-env/lib/python3.8/site-packages/airflow/example_dags/example_bash_operator.py for tasks to queue
[2022-11-06T03:38:48.681+0200] {logging_mixin.py:120} INFO - [2022-11-06T03:38:48.680+0200] {dagbag.py:537} INFO - Filling up the DagBag from /Users/mnagy99/opt/anaconda3/envs/airflow-env/lib/python3.8/site-packages/airflow/example_dags/example_bash_operator.py
[2022-11-06T03:38:48.749+0200] {processor.py:766} INFO - DAG(s) dict_keys(['example_bash_operator']) retrieved from /Users/mnagy99/opt/anaconda3/envs/airflow-env/lib/python3.8/site-packages/airflow/example_dags/example_bash_operator.py
[2022-11-06T03:38:49.219+0200] {logging_mixin.py:120} INFO - [2022-11-06T03:38:49.219+0200] {dag.py:2585} INFO - Sync 1 DAGs
[2022-11-06T03:38:49.238+0200] {logging_mixin.py:120} INFO - [2022-11-06T03:38:49.238+0200] {dag.py:3336} INFO - Setting next_dagrun for example_bash_operator to 2022-11-05T00:00:00+00:00, run_after=2022-11-06T00:00:00+00:00
[2022-11-06T03:38:49.261+0200] {processor.py:176} INFO - Processing /Users/mnagy99/opt/anaconda3/envs/airflow-env/lib/python3.8/site-packages/airflow/example_dags/example_bash_operator.py took 0.583 seconds
[2022-11-06T03:40:51.209+0200] {processor.py:154} INFO - Started process (PID=8238) to work on /Users/mnagy99/opt/anaconda3/envs/airflow-env/lib/python3.8/site-packages/airflow/example_dags/example_bash_operator.py
[2022-11-06T03:40:51.211+0200] {processor.py:756} INFO - Processing file /Users/mnagy99/opt/anaconda3/envs/airflow-env/lib/python3.8/site-packages/airflow/example_dags/example_bash_operator.py for tasks to queue
[2022-11-06T03:40:51.211+0200] {logging_mixin.py:120} INFO - [2022-11-06T03:40:51.211+0200] {dagbag.py:537} INFO - Filling up the DagBag from /Users/mnagy99/opt/anaconda3/envs/airflow-env/lib/python3.8/site-packages/airflow/example_dags/example_bash_operator.py
[2022-11-06T03:40:51.269+0200] {processor.py:766} INFO - DAG(s) dict_keys(['example_bash_operator']) retrieved from /Users/mnagy99/opt/anaconda3/envs/airflow-env/lib/python3.8/site-packages/airflow/example_dags/example_bash_operator.py
[2022-11-06T03:40:51.734+0200] {logging_mixin.py:120} INFO - [2022-11-06T03:40:51.734+0200] {dag.py:2585} INFO - Sync 1 DAGs
[2022-11-06T03:40:51.750+0200] {logging_mixin.py:120} INFO - [2022-11-06T03:40:51.750+0200] {dag.py:3336} INFO - Setting next_dagrun for example_bash_operator to 2022-11-05T00:00:00+00:00, run_after=2022-11-06T00:00:00+00:00
[2022-11-06T03:40:51.769+0200] {processor.py:176} INFO - Processing /Users/mnagy99/opt/anaconda3/envs/airflow-env/lib/python3.8/site-packages/airflow/example_dags/example_bash_operator.py took 0.560 seconds
[2022-11-06T03:42:47.427+0200] {processor.py:154} INFO - Started process (PID=8355) to work on /Users/mnagy99/opt/anaconda3/envs/airflow-env/lib/python3.8/site-packages/airflow/example_dags/example_bash_operator.py
[2022-11-06T03:42:47.428+0200] {processor.py:756} INFO - Processing file /Users/mnagy99/opt/anaconda3/envs/airflow-env/lib/python3.8/site-packages/airflow/example_dags/example_bash_operator.py for tasks to queue
[2022-11-06T03:42:47.428+0200] {logging_mixin.py:120} INFO - [2022-11-06T03:42:47.428+0200] {dagbag.py:537} INFO - Filling up the DagBag from /Users/mnagy99/opt/anaconda3/envs/airflow-env/lib/python3.8/site-packages/airflow/example_dags/example_bash_operator.py
[2022-11-06T03:42:47.485+0200] {processor.py:766} INFO - DAG(s) dict_keys(['example_bash_operator']) retrieved from /Users/mnagy99/opt/anaconda3/envs/airflow-env/lib/python3.8/site-packages/airflow/example_dags/example_bash_operator.py
[2022-11-06T03:42:47.890+0200] {logging_mixin.py:120} INFO - [2022-11-06T03:42:47.890+0200] {dag.py:2585} INFO - Sync 1 DAGs
[2022-11-06T03:42:47.906+0200] {logging_mixin.py:120} INFO - [2022-11-06T03:42:47.906+0200] {dag.py:3336} INFO - Setting next_dagrun for example_bash_operator to 2022-11-05T00:00:00+00:00, run_after=2022-11-06T00:00:00+00:00
[2022-11-06T03:42:47.925+0200] {processor.py:176} INFO - Processing /Users/mnagy99/opt/anaconda3/envs/airflow-env/lib/python3.8/site-packages/airflow/example_dags/example_bash_operator.py took 0.499 seconds
[2022-11-06T03:44:51.524+0200] {processor.py:154} INFO - Started process (PID=8491) to work on /Users/mnagy99/opt/anaconda3/envs/airflow-env/lib/python3.8/site-packages/airflow/example_dags/example_bash_operator.py
[2022-11-06T03:44:51.527+0200] {processor.py:756} INFO - Processing file /Users/mnagy99/opt/anaconda3/envs/airflow-env/lib/python3.8/site-packages/airflow/example_dags/example_bash_operator.py for tasks to queue
[2022-11-06T03:44:51.528+0200] {logging_mixin.py:120} INFO - [2022-11-06T03:44:51.527+0200] {dagbag.py:537} INFO - Filling up the DagBag from /Users/mnagy99/opt/anaconda3/envs/airflow-env/lib/python3.8/site-packages/airflow/example_dags/example_bash_operator.py
[2022-11-06T03:44:51.586+0200] {processor.py:766} INFO - DAG(s) dict_keys(['example_bash_operator']) retrieved from /Users/mnagy99/opt/anaconda3/envs/airflow-env/lib/python3.8/site-packages/airflow/example_dags/example_bash_operator.py
[2022-11-06T03:44:51.992+0200] {logging_mixin.py:120} INFO - [2022-11-06T03:44:51.992+0200] {dag.py:2585} INFO - Sync 1 DAGs
[2022-11-06T03:44:52.006+0200] {logging_mixin.py:120} INFO - [2022-11-06T03:44:52.006+0200] {dag.py:3336} INFO - Setting next_dagrun for example_bash_operator to 2022-11-05T00:00:00+00:00, run_after=2022-11-06T00:00:00+00:00
[2022-11-06T03:44:52.025+0200] {processor.py:176} INFO - Processing /Users/mnagy99/opt/anaconda3/envs/airflow-env/lib/python3.8/site-packages/airflow/example_dags/example_bash_operator.py took 0.502 seconds
[2022-11-06T03:46:51.339+0200] {processor.py:154} INFO - Started process (PID=8624) to work on /Users/mnagy99/opt/anaconda3/envs/airflow-env/lib/python3.8/site-packages/airflow/example_dags/example_bash_operator.py
[2022-11-06T03:46:51.341+0200] {processor.py:756} INFO - Processing file /Users/mnagy99/opt/anaconda3/envs/airflow-env/lib/python3.8/site-packages/airflow/example_dags/example_bash_operator.py for tasks to queue
[2022-11-06T03:46:51.342+0200] {logging_mixin.py:120} INFO - [2022-11-06T03:46:51.342+0200] {dagbag.py:537} INFO - Filling up the DagBag from /Users/mnagy99/opt/anaconda3/envs/airflow-env/lib/python3.8/site-packages/airflow/example_dags/example_bash_operator.py
[2022-11-06T03:46:51.401+0200] {processor.py:766} INFO - DAG(s) dict_keys(['example_bash_operator']) retrieved from /Users/mnagy99/opt/anaconda3/envs/airflow-env/lib/python3.8/site-packages/airflow/example_dags/example_bash_operator.py
[2022-11-06T03:46:51.937+0200] {logging_mixin.py:120} INFO - [2022-11-06T03:46:51.937+0200] {dag.py:2585} INFO - Sync 1 DAGs
[2022-11-06T03:46:51.953+0200] {logging_mixin.py:120} INFO - [2022-11-06T03:46:51.952+0200] {dag.py:3336} INFO - Setting next_dagrun for example_bash_operator to 2022-11-05T00:00:00+00:00, run_after=2022-11-06T00:00:00+00:00
[2022-11-06T03:46:51.968+0200] {processor.py:176} INFO - Processing /Users/mnagy99/opt/anaconda3/envs/airflow-env/lib/python3.8/site-packages/airflow/example_dags/example_bash_operator.py took 0.630 seconds
[2022-11-06T03:48:58.967+0200] {processor.py:154} INFO - Started process (PID=8744) to work on /Users/mnagy99/opt/anaconda3/envs/airflow-env/lib/python3.8/site-packages/airflow/example_dags/example_bash_operator.py
[2022-11-06T03:48:58.969+0200] {processor.py:756} INFO - Processing file /Users/mnagy99/opt/anaconda3/envs/airflow-env/lib/python3.8/site-packages/airflow/example_dags/example_bash_operator.py for tasks to queue
[2022-11-06T03:48:58.970+0200] {logging_mixin.py:120} INFO - [2022-11-06T03:48:58.970+0200] {dagbag.py:537} INFO - Filling up the DagBag from /Users/mnagy99/opt/anaconda3/envs/airflow-env/lib/python3.8/site-packages/airflow/example_dags/example_bash_operator.py
[2022-11-06T03:48:59.023+0200] {processor.py:766} INFO - DAG(s) dict_keys(['example_bash_operator']) retrieved from /Users/mnagy99/opt/anaconda3/envs/airflow-env/lib/python3.8/site-packages/airflow/example_dags/example_bash_operator.py
[2022-11-06T03:48:59.469+0200] {logging_mixin.py:120} INFO - [2022-11-06T03:48:59.468+0200] {dag.py:2585} INFO - Sync 1 DAGs
[2022-11-06T03:48:59.488+0200] {logging_mixin.py:120} INFO - [2022-11-06T03:48:59.487+0200] {dag.py:3336} INFO - Setting next_dagrun for example_bash_operator to 2022-11-05T00:00:00+00:00, run_after=2022-11-06T00:00:00+00:00
[2022-11-06T03:48:59.507+0200] {processor.py:176} INFO - Processing /Users/mnagy99/opt/anaconda3/envs/airflow-env/lib/python3.8/site-packages/airflow/example_dags/example_bash_operator.py took 0.541 seconds
[2022-11-06T03:51:04.506+0200] {processor.py:154} INFO - Started process (PID=8870) to work on /Users/mnagy99/opt/anaconda3/envs/airflow-env/lib/python3.8/site-packages/airflow/example_dags/example_bash_operator.py
[2022-11-06T03:51:04.508+0200] {processor.py:756} INFO - Processing file /Users/mnagy99/opt/anaconda3/envs/airflow-env/lib/python3.8/site-packages/airflow/example_dags/example_bash_operator.py for tasks to queue
[2022-11-06T03:51:04.509+0200] {logging_mixin.py:120} INFO - [2022-11-06T03:51:04.509+0200] {dagbag.py:537} INFO - Filling up the DagBag from /Users/mnagy99/opt/anaconda3/envs/airflow-env/lib/python3.8/site-packages/airflow/example_dags/example_bash_operator.py
[2022-11-06T03:51:04.566+0200] {processor.py:766} INFO - DAG(s) dict_keys(['example_bash_operator']) retrieved from /Users/mnagy99/opt/anaconda3/envs/airflow-env/lib/python3.8/site-packages/airflow/example_dags/example_bash_operator.py
[2022-11-06T03:51:04.981+0200] {logging_mixin.py:120} INFO - [2022-11-06T03:51:04.981+0200] {dag.py:2585} INFO - Sync 1 DAGs
[2022-11-06T03:51:04.997+0200] {logging_mixin.py:120} INFO - [2022-11-06T03:51:04.997+0200] {dag.py:3336} INFO - Setting next_dagrun for example_bash_operator to 2022-11-05T00:00:00+00:00, run_after=2022-11-06T00:00:00+00:00
[2022-11-06T03:51:05.015+0200] {processor.py:176} INFO - Processing /Users/mnagy99/opt/anaconda3/envs/airflow-env/lib/python3.8/site-packages/airflow/example_dags/example_bash_operator.py took 0.510 seconds
[2022-11-06T03:53:10.766+0200] {processor.py:154} INFO - Started process (PID=8999) to work on /Users/mnagy99/opt/anaconda3/envs/airflow-env/lib/python3.8/site-packages/airflow/example_dags/example_bash_operator.py
[2022-11-06T03:53:10.768+0200] {processor.py:756} INFO - Processing file /Users/mnagy99/opt/anaconda3/envs/airflow-env/lib/python3.8/site-packages/airflow/example_dags/example_bash_operator.py for tasks to queue
[2022-11-06T03:53:10.769+0200] {logging_mixin.py:120} INFO - [2022-11-06T03:53:10.768+0200] {dagbag.py:537} INFO - Filling up the DagBag from /Users/mnagy99/opt/anaconda3/envs/airflow-env/lib/python3.8/site-packages/airflow/example_dags/example_bash_operator.py
[2022-11-06T03:53:10.831+0200] {processor.py:766} INFO - DAG(s) dict_keys(['example_bash_operator']) retrieved from /Users/mnagy99/opt/anaconda3/envs/airflow-env/lib/python3.8/site-packages/airflow/example_dags/example_bash_operator.py
[2022-11-06T03:53:11.308+0200] {logging_mixin.py:120} INFO - [2022-11-06T03:53:11.307+0200] {dag.py:2585} INFO - Sync 1 DAGs
[2022-11-06T03:53:11.325+0200] {logging_mixin.py:120} INFO - [2022-11-06T03:53:11.325+0200] {dag.py:3336} INFO - Setting next_dagrun for example_bash_operator to 2022-11-05T00:00:00+00:00, run_after=2022-11-06T00:00:00+00:00
[2022-11-06T03:53:11.348+0200] {processor.py:176} INFO - Processing /Users/mnagy99/opt/anaconda3/envs/airflow-env/lib/python3.8/site-packages/airflow/example_dags/example_bash_operator.py took 0.583 seconds
[2022-11-06T03:55:22.376+0200] {processor.py:154} INFO - Started process (PID=9136) to work on /Users/mnagy99/opt/anaconda3/envs/airflow-env/lib/python3.8/site-packages/airflow/example_dags/example_bash_operator.py
[2022-11-06T03:55:22.378+0200] {processor.py:756} INFO - Processing file /Users/mnagy99/opt/anaconda3/envs/airflow-env/lib/python3.8/site-packages/airflow/example_dags/example_bash_operator.py for tasks to queue
[2022-11-06T03:55:22.378+0200] {logging_mixin.py:120} INFO - [2022-11-06T03:55:22.378+0200] {dagbag.py:537} INFO - Filling up the DagBag from /Users/mnagy99/opt/anaconda3/envs/airflow-env/lib/python3.8/site-packages/airflow/example_dags/example_bash_operator.py
[2022-11-06T03:55:22.437+0200] {processor.py:766} INFO - DAG(s) dict_keys(['example_bash_operator']) retrieved from /Users/mnagy99/opt/anaconda3/envs/airflow-env/lib/python3.8/site-packages/airflow/example_dags/example_bash_operator.py
[2022-11-06T03:55:22.928+0200] {logging_mixin.py:120} INFO - [2022-11-06T03:55:22.927+0200] {dag.py:2585} INFO - Sync 1 DAGs
[2022-11-06T03:55:22.946+0200] {logging_mixin.py:120} INFO - [2022-11-06T03:55:22.946+0200] {dag.py:3336} INFO - Setting next_dagrun for example_bash_operator to 2022-11-05T00:00:00+00:00, run_after=2022-11-06T00:00:00+00:00
[2022-11-06T03:55:22.967+0200] {processor.py:176} INFO - Processing /Users/mnagy99/opt/anaconda3/envs/airflow-env/lib/python3.8/site-packages/airflow/example_dags/example_bash_operator.py took 0.591 seconds
[2022-11-06T03:57:44.561+0200] {processor.py:154} INFO - Started process (PID=9275) to work on /Users/mnagy99/opt/anaconda3/envs/airflow-env/lib/python3.8/site-packages/airflow/example_dags/example_bash_operator.py
[2022-11-06T03:57:44.565+0200] {processor.py:756} INFO - Processing file /Users/mnagy99/opt/anaconda3/envs/airflow-env/lib/python3.8/site-packages/airflow/example_dags/example_bash_operator.py for tasks to queue
[2022-11-06T03:57:44.565+0200] {logging_mixin.py:120} INFO - [2022-11-06T03:57:44.565+0200] {dagbag.py:537} INFO - Filling up the DagBag from /Users/mnagy99/opt/anaconda3/envs/airflow-env/lib/python3.8/site-packages/airflow/example_dags/example_bash_operator.py
[2022-11-06T03:57:44.642+0200] {processor.py:766} INFO - DAG(s) dict_keys(['example_bash_operator']) retrieved from /Users/mnagy99/opt/anaconda3/envs/airflow-env/lib/python3.8/site-packages/airflow/example_dags/example_bash_operator.py
[2022-11-06T03:57:45.105+0200] {logging_mixin.py:120} INFO - [2022-11-06T03:57:45.104+0200] {dag.py:2585} INFO - Sync 1 DAGs
[2022-11-06T03:57:45.122+0200] {logging_mixin.py:120} INFO - [2022-11-06T03:57:45.122+0200] {dag.py:3336} INFO - Setting next_dagrun for example_bash_operator to 2022-11-05T00:00:00+00:00, run_after=2022-11-06T00:00:00+00:00
[2022-11-06T03:57:45.141+0200] {processor.py:176} INFO - Processing /Users/mnagy99/opt/anaconda3/envs/airflow-env/lib/python3.8/site-packages/airflow/example_dags/example_bash_operator.py took 0.581 seconds
[2022-11-06T03:59:57.721+0200] {processor.py:154} INFO - Started process (PID=9409) to work on /Users/mnagy99/opt/anaconda3/envs/airflow-env/lib/python3.8/site-packages/airflow/example_dags/example_bash_operator.py
[2022-11-06T03:59:57.724+0200] {processor.py:756} INFO - Processing file /Users/mnagy99/opt/anaconda3/envs/airflow-env/lib/python3.8/site-packages/airflow/example_dags/example_bash_operator.py for tasks to queue
[2022-11-06T03:59:57.724+0200] {logging_mixin.py:120} INFO - [2022-11-06T03:59:57.724+0200] {dagbag.py:537} INFO - Filling up the DagBag from /Users/mnagy99/opt/anaconda3/envs/airflow-env/lib/python3.8/site-packages/airflow/example_dags/example_bash_operator.py
[2022-11-06T03:59:57.785+0200] {processor.py:766} INFO - DAG(s) dict_keys(['example_bash_operator']) retrieved from /Users/mnagy99/opt/anaconda3/envs/airflow-env/lib/python3.8/site-packages/airflow/example_dags/example_bash_operator.py
[2022-11-06T03:59:58.582+0200] {logging_mixin.py:120} INFO - [2022-11-06T03:59:58.582+0200] {dag.py:2585} INFO - Sync 1 DAGs
[2022-11-06T03:59:58.599+0200] {logging_mixin.py:120} INFO - [2022-11-06T03:59:58.599+0200] {dag.py:3336} INFO - Setting next_dagrun for example_bash_operator to 2022-11-05T00:00:00+00:00, run_after=2022-11-06T00:00:00+00:00
[2022-11-06T03:59:58.625+0200] {processor.py:176} INFO - Processing /Users/mnagy99/opt/anaconda3/envs/airflow-env/lib/python3.8/site-packages/airflow/example_dags/example_bash_operator.py took 0.905 seconds
[2022-11-06T04:02:21.367+0200] {processor.py:154} INFO - Started process (PID=9560) to work on /Users/mnagy99/opt/anaconda3/envs/airflow-env/lib/python3.8/site-packages/airflow/example_dags/example_bash_operator.py
[2022-11-06T04:02:21.370+0200] {processor.py:756} INFO - Processing file /Users/mnagy99/opt/anaconda3/envs/airflow-env/lib/python3.8/site-packages/airflow/example_dags/example_bash_operator.py for tasks to queue
[2022-11-06T04:02:21.371+0200] {logging_mixin.py:120} INFO - [2022-11-06T04:02:21.371+0200] {dagbag.py:537} INFO - Filling up the DagBag from /Users/mnagy99/opt/anaconda3/envs/airflow-env/lib/python3.8/site-packages/airflow/example_dags/example_bash_operator.py
[2022-11-06T04:02:21.428+0200] {processor.py:766} INFO - DAG(s) dict_keys(['example_bash_operator']) retrieved from /Users/mnagy99/opt/anaconda3/envs/airflow-env/lib/python3.8/site-packages/airflow/example_dags/example_bash_operator.py
[2022-11-06T04:02:21.835+0200] {logging_mixin.py:120} INFO - [2022-11-06T04:02:21.834+0200] {dag.py:2585} INFO - Sync 1 DAGs
[2022-11-06T04:02:21.849+0200] {logging_mixin.py:120} INFO - [2022-11-06T04:02:21.849+0200] {dag.py:3336} INFO - Setting next_dagrun for example_bash_operator to 2022-11-05T00:00:00+00:00, run_after=2022-11-06T00:00:00+00:00
[2022-11-06T04:02:21.868+0200] {processor.py:176} INFO - Processing /Users/mnagy99/opt/anaconda3/envs/airflow-env/lib/python3.8/site-packages/airflow/example_dags/example_bash_operator.py took 0.502 seconds
[2022-11-06T04:04:39.691+0200] {processor.py:154} INFO - Started process (PID=9699) to work on /Users/mnagy99/opt/anaconda3/envs/airflow-env/lib/python3.8/site-packages/airflow/example_dags/example_bash_operator.py
[2022-11-06T04:04:39.694+0200] {processor.py:756} INFO - Processing file /Users/mnagy99/opt/anaconda3/envs/airflow-env/lib/python3.8/site-packages/airflow/example_dags/example_bash_operator.py for tasks to queue
[2022-11-06T04:04:39.694+0200] {logging_mixin.py:120} INFO - [2022-11-06T04:04:39.694+0200] {dagbag.py:537} INFO - Filling up the DagBag from /Users/mnagy99/opt/anaconda3/envs/airflow-env/lib/python3.8/site-packages/airflow/example_dags/example_bash_operator.py
[2022-11-06T04:04:39.754+0200] {processor.py:766} INFO - DAG(s) dict_keys(['example_bash_operator']) retrieved from /Users/mnagy99/opt/anaconda3/envs/airflow-env/lib/python3.8/site-packages/airflow/example_dags/example_bash_operator.py
[2022-11-06T04:04:40.213+0200] {logging_mixin.py:120} INFO - [2022-11-06T04:04:40.213+0200] {dag.py:2585} INFO - Sync 1 DAGs
[2022-11-06T04:04:40.230+0200] {logging_mixin.py:120} INFO - [2022-11-06T04:04:40.229+0200] {dag.py:3336} INFO - Setting next_dagrun for example_bash_operator to 2022-11-05T00:00:00+00:00, run_after=2022-11-06T00:00:00+00:00
[2022-11-06T04:04:40.249+0200] {processor.py:176} INFO - Processing /Users/mnagy99/opt/anaconda3/envs/airflow-env/lib/python3.8/site-packages/airflow/example_dags/example_bash_operator.py took 0.559 seconds
[2022-11-06T04:07:17.419+0200] {processor.py:154} INFO - Started process (PID=9865) to work on /Users/mnagy99/opt/anaconda3/envs/airflow-env/lib/python3.8/site-packages/airflow/example_dags/example_bash_operator.py
[2022-11-06T04:07:17.421+0200] {processor.py:756} INFO - Processing file /Users/mnagy99/opt/anaconda3/envs/airflow-env/lib/python3.8/site-packages/airflow/example_dags/example_bash_operator.py for tasks to queue
[2022-11-06T04:07:17.422+0200] {logging_mixin.py:120} INFO - [2022-11-06T04:07:17.421+0200] {dagbag.py:537} INFO - Filling up the DagBag from /Users/mnagy99/opt/anaconda3/envs/airflow-env/lib/python3.8/site-packages/airflow/example_dags/example_bash_operator.py
[2022-11-06T04:07:17.519+0200] {processor.py:766} INFO - DAG(s) dict_keys(['example_bash_operator']) retrieved from /Users/mnagy99/opt/anaconda3/envs/airflow-env/lib/python3.8/site-packages/airflow/example_dags/example_bash_operator.py
[2022-11-06T04:07:18.178+0200] {logging_mixin.py:120} INFO - [2022-11-06T04:07:18.178+0200] {dag.py:2585} INFO - Sync 1 DAGs
[2022-11-06T04:07:18.195+0200] {logging_mixin.py:120} INFO - [2022-11-06T04:07:18.195+0200] {dag.py:3336} INFO - Setting next_dagrun for example_bash_operator to 2022-11-05T00:00:00+00:00, run_after=2022-11-06T00:00:00+00:00
[2022-11-06T04:07:18.212+0200] {processor.py:176} INFO - Processing /Users/mnagy99/opt/anaconda3/envs/airflow-env/lib/python3.8/site-packages/airflow/example_dags/example_bash_operator.py took 0.794 seconds
[2022-11-06T04:09:23.644+0200] {processor.py:154} INFO - Started process (PID=9998) to work on /Users/mnagy99/opt/anaconda3/envs/airflow-env/lib/python3.8/site-packages/airflow/example_dags/example_bash_operator.py
[2022-11-06T04:09:23.646+0200] {processor.py:756} INFO - Processing file /Users/mnagy99/opt/anaconda3/envs/airflow-env/lib/python3.8/site-packages/airflow/example_dags/example_bash_operator.py for tasks to queue
[2022-11-06T04:09:23.647+0200] {logging_mixin.py:120} INFO - [2022-11-06T04:09:23.647+0200] {dagbag.py:537} INFO - Filling up the DagBag from /Users/mnagy99/opt/anaconda3/envs/airflow-env/lib/python3.8/site-packages/airflow/example_dags/example_bash_operator.py
[2022-11-06T04:09:23.702+0200] {processor.py:766} INFO - DAG(s) dict_keys(['example_bash_operator']) retrieved from /Users/mnagy99/opt/anaconda3/envs/airflow-env/lib/python3.8/site-packages/airflow/example_dags/example_bash_operator.py
[2022-11-06T04:09:24.110+0200] {logging_mixin.py:120} INFO - [2022-11-06T04:09:24.109+0200] {dag.py:2585} INFO - Sync 1 DAGs
[2022-11-06T04:09:24.124+0200] {logging_mixin.py:120} INFO - [2022-11-06T04:09:24.124+0200] {dag.py:3336} INFO - Setting next_dagrun for example_bash_operator to 2022-11-05T00:00:00+00:00, run_after=2022-11-06T00:00:00+00:00
[2022-11-06T04:09:24.144+0200] {processor.py:176} INFO - Processing /Users/mnagy99/opt/anaconda3/envs/airflow-env/lib/python3.8/site-packages/airflow/example_dags/example_bash_operator.py took 0.501 seconds
[2022-11-06T04:11:46.155+0200] {processor.py:154} INFO - Started process (PID=10152) to work on /Users/mnagy99/opt/anaconda3/envs/airflow-env/lib/python3.8/site-packages/airflow/example_dags/example_bash_operator.py
[2022-11-06T04:11:46.158+0200] {processor.py:756} INFO - Processing file /Users/mnagy99/opt/anaconda3/envs/airflow-env/lib/python3.8/site-packages/airflow/example_dags/example_bash_operator.py for tasks to queue
[2022-11-06T04:11:46.158+0200] {logging_mixin.py:120} INFO - [2022-11-06T04:11:46.158+0200] {dagbag.py:537} INFO - Filling up the DagBag from /Users/mnagy99/opt/anaconda3/envs/airflow-env/lib/python3.8/site-packages/airflow/example_dags/example_bash_operator.py
[2022-11-06T04:11:46.221+0200] {processor.py:766} INFO - DAG(s) dict_keys(['example_bash_operator']) retrieved from /Users/mnagy99/opt/anaconda3/envs/airflow-env/lib/python3.8/site-packages/airflow/example_dags/example_bash_operator.py
[2022-11-06T04:11:46.662+0200] {logging_mixin.py:120} INFO - [2022-11-06T04:11:46.662+0200] {dag.py:2585} INFO - Sync 1 DAGs
[2022-11-06T04:11:46.678+0200] {logging_mixin.py:120} INFO - [2022-11-06T04:11:46.678+0200] {dag.py:3336} INFO - Setting next_dagrun for example_bash_operator to 2022-11-05T00:00:00+00:00, run_after=2022-11-06T00:00:00+00:00
[2022-11-06T04:11:46.697+0200] {processor.py:176} INFO - Processing /Users/mnagy99/opt/anaconda3/envs/airflow-env/lib/python3.8/site-packages/airflow/example_dags/example_bash_operator.py took 0.543 seconds
[2022-11-06T04:13:51.714+0200] {processor.py:154} INFO - Started process (PID=10289) to work on /Users/mnagy99/opt/anaconda3/envs/airflow-env/lib/python3.8/site-packages/airflow/example_dags/example_bash_operator.py
[2022-11-06T04:13:51.717+0200] {processor.py:756} INFO - Processing file /Users/mnagy99/opt/anaconda3/envs/airflow-env/lib/python3.8/site-packages/airflow/example_dags/example_bash_operator.py for tasks to queue
[2022-11-06T04:13:51.717+0200] {logging_mixin.py:120} INFO - [2022-11-06T04:13:51.717+0200] {dagbag.py:537} INFO - Filling up the DagBag from /Users/mnagy99/opt/anaconda3/envs/airflow-env/lib/python3.8/site-packages/airflow/example_dags/example_bash_operator.py
[2022-11-06T04:13:51.769+0200] {processor.py:766} INFO - DAG(s) dict_keys(['example_bash_operator']) retrieved from /Users/mnagy99/opt/anaconda3/envs/airflow-env/lib/python3.8/site-packages/airflow/example_dags/example_bash_operator.py
[2022-11-06T04:13:52.221+0200] {logging_mixin.py:120} INFO - [2022-11-06T04:13:52.221+0200] {dag.py:2585} INFO - Sync 1 DAGs
[2022-11-06T04:13:52.238+0200] {logging_mixin.py:120} INFO - [2022-11-06T04:13:52.238+0200] {dag.py:3336} INFO - Setting next_dagrun for example_bash_operator to 2022-11-05T00:00:00+00:00, run_after=2022-11-06T00:00:00+00:00
[2022-11-06T04:13:52.259+0200] {processor.py:176} INFO - Processing /Users/mnagy99/opt/anaconda3/envs/airflow-env/lib/python3.8/site-packages/airflow/example_dags/example_bash_operator.py took 0.545 seconds
[2022-11-06T04:15:51.744+0200] {processor.py:154} INFO - Started process (PID=10415) to work on /Users/mnagy99/opt/anaconda3/envs/airflow-env/lib/python3.8/site-packages/airflow/example_dags/example_bash_operator.py
[2022-11-06T04:15:51.747+0200] {processor.py:756} INFO - Processing file /Users/mnagy99/opt/anaconda3/envs/airflow-env/lib/python3.8/site-packages/airflow/example_dags/example_bash_operator.py for tasks to queue
[2022-11-06T04:15:51.748+0200] {logging_mixin.py:120} INFO - [2022-11-06T04:15:51.747+0200] {dagbag.py:537} INFO - Filling up the DagBag from /Users/mnagy99/opt/anaconda3/envs/airflow-env/lib/python3.8/site-packages/airflow/example_dags/example_bash_operator.py
[2022-11-06T04:15:51.804+0200] {processor.py:766} INFO - DAG(s) dict_keys(['example_bash_operator']) retrieved from /Users/mnagy99/opt/anaconda3/envs/airflow-env/lib/python3.8/site-packages/airflow/example_dags/example_bash_operator.py
[2022-11-06T04:15:52.232+0200] {logging_mixin.py:120} INFO - [2022-11-06T04:15:52.232+0200] {dag.py:2585} INFO - Sync 1 DAGs
[2022-11-06T04:15:52.247+0200] {logging_mixin.py:120} INFO - [2022-11-06T04:15:52.247+0200] {dag.py:3336} INFO - Setting next_dagrun for example_bash_operator to 2022-11-05T00:00:00+00:00, run_after=2022-11-06T00:00:00+00:00
[2022-11-06T04:15:52.267+0200] {processor.py:176} INFO - Processing /Users/mnagy99/opt/anaconda3/envs/airflow-env/lib/python3.8/site-packages/airflow/example_dags/example_bash_operator.py took 0.523 seconds
[2022-11-06T04:18:12.140+0200] {processor.py:154} INFO - Started process (PID=10546) to work on /Users/mnagy99/opt/anaconda3/envs/airflow-env/lib/python3.8/site-packages/airflow/example_dags/example_bash_operator.py
[2022-11-06T04:18:12.143+0200] {processor.py:756} INFO - Processing file /Users/mnagy99/opt/anaconda3/envs/airflow-env/lib/python3.8/site-packages/airflow/example_dags/example_bash_operator.py for tasks to queue
[2022-11-06T04:18:12.143+0200] {logging_mixin.py:120} INFO - [2022-11-06T04:18:12.143+0200] {dagbag.py:537} INFO - Filling up the DagBag from /Users/mnagy99/opt/anaconda3/envs/airflow-env/lib/python3.8/site-packages/airflow/example_dags/example_bash_operator.py
[2022-11-06T04:18:12.204+0200] {processor.py:766} INFO - DAG(s) dict_keys(['example_bash_operator']) retrieved from /Users/mnagy99/opt/anaconda3/envs/airflow-env/lib/python3.8/site-packages/airflow/example_dags/example_bash_operator.py
[2022-11-06T04:18:12.633+0200] {logging_mixin.py:120} INFO - [2022-11-06T04:18:12.633+0200] {dag.py:2585} INFO - Sync 1 DAGs
[2022-11-06T04:18:12.651+0200] {logging_mixin.py:120} INFO - [2022-11-06T04:18:12.651+0200] {dag.py:3336} INFO - Setting next_dagrun for example_bash_operator to 2022-11-05T00:00:00+00:00, run_after=2022-11-06T00:00:00+00:00
[2022-11-06T04:18:12.670+0200] {processor.py:176} INFO - Processing /Users/mnagy99/opt/anaconda3/envs/airflow-env/lib/python3.8/site-packages/airflow/example_dags/example_bash_operator.py took 0.531 seconds
