[2022-11-06T02:00:04.133+0200] {processor.py:154} INFO - Started process (PID=1464) to work on /Users/mnagy99/opt/anaconda3/envs/airflow-env/lib/python3.8/site-packages/airflow/example_dags/example_latest_only_with_trigger.py
[2022-11-06T02:00:04.134+0200] {processor.py:756} INFO - Processing file /Users/mnagy99/opt/anaconda3/envs/airflow-env/lib/python3.8/site-packages/airflow/example_dags/example_latest_only_with_trigger.py for tasks to queue
[2022-11-06T02:00:04.135+0200] {logging_mixin.py:120} INFO - [2022-11-06T02:00:04.135+0200] {dagbag.py:537} INFO - Filling up the DagBag from /Users/mnagy99/opt/anaconda3/envs/airflow-env/lib/python3.8/site-packages/airflow/example_dags/example_latest_only_with_trigger.py
[2022-11-06T02:00:04.160+0200] {processor.py:766} INFO - DAG(s) dict_keys(['latest_only_with_trigger']) retrieved from /Users/mnagy99/opt/anaconda3/envs/airflow-env/lib/python3.8/site-packages/airflow/example_dags/example_latest_only_with_trigger.py
[2022-11-06T02:00:04.743+0200] {logging_mixin.py:120} INFO - [2022-11-06T02:00:04.742+0200] {dag.py:2585} INFO - Sync 1 DAGs
[2022-11-06T02:00:04.758+0200] {logging_mixin.py:120} INFO - [2022-11-06T02:00:04.758+0200] {dag.py:3336} INFO - Setting next_dagrun for latest_only_with_trigger to 2022-11-05T20:00:04.757998+00:00, run_after=2022-11-06T00:00:04.757998+00:00
[2022-11-06T02:00:04.777+0200] {processor.py:176} INFO - Processing /Users/mnagy99/opt/anaconda3/envs/airflow-env/lib/python3.8/site-packages/airflow/example_dags/example_latest_only_with_trigger.py took 0.644 seconds
[2022-11-06T02:02:24.155+0200] {processor.py:154} INFO - Started process (PID=2004) to work on /Users/mnagy99/opt/anaconda3/envs/airflow-env/lib/python3.8/site-packages/airflow/example_dags/example_latest_only_with_trigger.py
[2022-11-06T02:02:24.156+0200] {processor.py:756} INFO - Processing file /Users/mnagy99/opt/anaconda3/envs/airflow-env/lib/python3.8/site-packages/airflow/example_dags/example_latest_only_with_trigger.py for tasks to queue
[2022-11-06T02:02:24.157+0200] {logging_mixin.py:120} INFO - [2022-11-06T02:02:24.157+0200] {dagbag.py:537} INFO - Filling up the DagBag from /Users/mnagy99/opt/anaconda3/envs/airflow-env/lib/python3.8/site-packages/airflow/example_dags/example_latest_only_with_trigger.py
[2022-11-06T02:02:24.184+0200] {processor.py:766} INFO - DAG(s) dict_keys(['latest_only_with_trigger']) retrieved from /Users/mnagy99/opt/anaconda3/envs/airflow-env/lib/python3.8/site-packages/airflow/example_dags/example_latest_only_with_trigger.py
[2022-11-06T02:02:24.708+0200] {logging_mixin.py:120} INFO - [2022-11-06T02:02:24.707+0200] {dag.py:2585} INFO - Sync 1 DAGs
[2022-11-06T02:02:24.724+0200] {logging_mixin.py:120} INFO - [2022-11-06T02:02:24.724+0200] {dag.py:3336} INFO - Setting next_dagrun for latest_only_with_trigger to 2022-11-05T20:02:24.724055+00:00, run_after=2022-11-06T00:02:24.724055+00:00
[2022-11-06T02:02:24.743+0200] {processor.py:176} INFO - Processing /Users/mnagy99/opt/anaconda3/envs/airflow-env/lib/python3.8/site-packages/airflow/example_dags/example_latest_only_with_trigger.py took 0.588 seconds
[2022-11-06T02:04:41.997+0200] {processor.py:154} INFO - Started process (PID=2185) to work on /Users/mnagy99/opt/anaconda3/envs/airflow-env/lib/python3.8/site-packages/airflow/example_dags/example_latest_only_with_trigger.py
[2022-11-06T02:04:41.998+0200] {processor.py:756} INFO - Processing file /Users/mnagy99/opt/anaconda3/envs/airflow-env/lib/python3.8/site-packages/airflow/example_dags/example_latest_only_with_trigger.py for tasks to queue
[2022-11-06T02:04:41.999+0200] {logging_mixin.py:120} INFO - [2022-11-06T02:04:41.999+0200] {dagbag.py:537} INFO - Filling up the DagBag from /Users/mnagy99/opt/anaconda3/envs/airflow-env/lib/python3.8/site-packages/airflow/example_dags/example_latest_only_with_trigger.py
[2022-11-06T02:04:42.027+0200] {processor.py:766} INFO - DAG(s) dict_keys(['latest_only_with_trigger']) retrieved from /Users/mnagy99/opt/anaconda3/envs/airflow-env/lib/python3.8/site-packages/airflow/example_dags/example_latest_only_with_trigger.py
[2022-11-06T02:04:42.565+0200] {logging_mixin.py:120} INFO - [2022-11-06T02:04:42.565+0200] {dag.py:2585} INFO - Sync 1 DAGs
[2022-11-06T02:04:42.588+0200] {logging_mixin.py:120} INFO - [2022-11-06T02:04:42.587+0200] {dag.py:3336} INFO - Setting next_dagrun for latest_only_with_trigger to 2022-11-05T20:04:42.587780+00:00, run_after=2022-11-06T00:04:42.587780+00:00
[2022-11-06T02:04:42.605+0200] {processor.py:176} INFO - Processing /Users/mnagy99/opt/anaconda3/envs/airflow-env/lib/python3.8/site-packages/airflow/example_dags/example_latest_only_with_trigger.py took 0.609 seconds
[2022-11-06T02:07:03.243+0200] {processor.py:154} INFO - Started process (PID=2317) to work on /Users/mnagy99/opt/anaconda3/envs/airflow-env/lib/python3.8/site-packages/airflow/example_dags/example_latest_only_with_trigger.py
[2022-11-06T02:07:03.245+0200] {processor.py:756} INFO - Processing file /Users/mnagy99/opt/anaconda3/envs/airflow-env/lib/python3.8/site-packages/airflow/example_dags/example_latest_only_with_trigger.py for tasks to queue
[2022-11-06T02:07:03.245+0200] {logging_mixin.py:120} INFO - [2022-11-06T02:07:03.245+0200] {dagbag.py:537} INFO - Filling up the DagBag from /Users/mnagy99/opt/anaconda3/envs/airflow-env/lib/python3.8/site-packages/airflow/example_dags/example_latest_only_with_trigger.py
[2022-11-06T02:07:03.276+0200] {processor.py:766} INFO - DAG(s) dict_keys(['latest_only_with_trigger']) retrieved from /Users/mnagy99/opt/anaconda3/envs/airflow-env/lib/python3.8/site-packages/airflow/example_dags/example_latest_only_with_trigger.py
[2022-11-06T02:07:03.790+0200] {logging_mixin.py:120} INFO - [2022-11-06T02:07:03.790+0200] {dag.py:2585} INFO - Sync 1 DAGs
[2022-11-06T02:07:03.803+0200] {logging_mixin.py:120} INFO - [2022-11-06T02:07:03.803+0200] {dag.py:3336} INFO - Setting next_dagrun for latest_only_with_trigger to 2022-11-05T20:07:03.803435+00:00, run_after=2022-11-06T00:07:03.803435+00:00
[2022-11-06T02:07:03.826+0200] {processor.py:176} INFO - Processing /Users/mnagy99/opt/anaconda3/envs/airflow-env/lib/python3.8/site-packages/airflow/example_dags/example_latest_only_with_trigger.py took 0.584 seconds
[2022-11-06T02:09:22.630+0200] {processor.py:154} INFO - Started process (PID=2444) to work on /Users/mnagy99/opt/anaconda3/envs/airflow-env/lib/python3.8/site-packages/airflow/example_dags/example_latest_only_with_trigger.py
[2022-11-06T02:09:22.633+0200] {processor.py:756} INFO - Processing file /Users/mnagy99/opt/anaconda3/envs/airflow-env/lib/python3.8/site-packages/airflow/example_dags/example_latest_only_with_trigger.py for tasks to queue
[2022-11-06T02:09:22.634+0200] {logging_mixin.py:120} INFO - [2022-11-06T02:09:22.634+0200] {dagbag.py:537} INFO - Filling up the DagBag from /Users/mnagy99/opt/anaconda3/envs/airflow-env/lib/python3.8/site-packages/airflow/example_dags/example_latest_only_with_trigger.py
[2022-11-06T02:09:22.660+0200] {processor.py:766} INFO - DAG(s) dict_keys(['latest_only_with_trigger']) retrieved from /Users/mnagy99/opt/anaconda3/envs/airflow-env/lib/python3.8/site-packages/airflow/example_dags/example_latest_only_with_trigger.py
[2022-11-06T02:09:23.152+0200] {logging_mixin.py:120} INFO - [2022-11-06T02:09:23.152+0200] {dag.py:2585} INFO - Sync 1 DAGs
[2022-11-06T02:09:23.165+0200] {logging_mixin.py:120} INFO - [2022-11-06T02:09:23.165+0200] {dag.py:3336} INFO - Setting next_dagrun for latest_only_with_trigger to 2022-11-05T20:09:23.164912+00:00, run_after=2022-11-06T00:09:23.164912+00:00
[2022-11-06T02:09:23.183+0200] {processor.py:176} INFO - Processing /Users/mnagy99/opt/anaconda3/envs/airflow-env/lib/python3.8/site-packages/airflow/example_dags/example_latest_only_with_trigger.py took 0.554 seconds
[2022-11-06T02:11:37.329+0200] {processor.py:154} INFO - Started process (PID=2576) to work on /Users/mnagy99/opt/anaconda3/envs/airflow-env/lib/python3.8/site-packages/airflow/example_dags/example_latest_only_with_trigger.py
[2022-11-06T02:11:37.331+0200] {processor.py:756} INFO - Processing file /Users/mnagy99/opt/anaconda3/envs/airflow-env/lib/python3.8/site-packages/airflow/example_dags/example_latest_only_with_trigger.py for tasks to queue
[2022-11-06T02:11:37.332+0200] {logging_mixin.py:120} INFO - [2022-11-06T02:11:37.332+0200] {dagbag.py:537} INFO - Filling up the DagBag from /Users/mnagy99/opt/anaconda3/envs/airflow-env/lib/python3.8/site-packages/airflow/example_dags/example_latest_only_with_trigger.py
[2022-11-06T02:11:37.356+0200] {processor.py:766} INFO - DAG(s) dict_keys(['latest_only_with_trigger']) retrieved from /Users/mnagy99/opt/anaconda3/envs/airflow-env/lib/python3.8/site-packages/airflow/example_dags/example_latest_only_with_trigger.py
[2022-11-06T02:11:37.812+0200] {logging_mixin.py:120} INFO - [2022-11-06T02:11:37.812+0200] {dag.py:2585} INFO - Sync 1 DAGs
[2022-11-06T02:11:37.826+0200] {logging_mixin.py:120} INFO - [2022-11-06T02:11:37.826+0200] {dag.py:3336} INFO - Setting next_dagrun for latest_only_with_trigger to 2022-11-05T20:11:37.826404+00:00, run_after=2022-11-06T00:11:37.826404+00:00
[2022-11-06T02:11:37.842+0200] {processor.py:176} INFO - Processing /Users/mnagy99/opt/anaconda3/envs/airflow-env/lib/python3.8/site-packages/airflow/example_dags/example_latest_only_with_trigger.py took 0.514 seconds
[2022-11-06T02:13:44.948+0200] {processor.py:154} INFO - Started process (PID=2698) to work on /Users/mnagy99/opt/anaconda3/envs/airflow-env/lib/python3.8/site-packages/airflow/example_dags/example_latest_only_with_trigger.py
[2022-11-06T02:13:44.951+0200] {processor.py:756} INFO - Processing file /Users/mnagy99/opt/anaconda3/envs/airflow-env/lib/python3.8/site-packages/airflow/example_dags/example_latest_only_with_trigger.py for tasks to queue
[2022-11-06T02:13:44.951+0200] {logging_mixin.py:120} INFO - [2022-11-06T02:13:44.951+0200] {dagbag.py:537} INFO - Filling up the DagBag from /Users/mnagy99/opt/anaconda3/envs/airflow-env/lib/python3.8/site-packages/airflow/example_dags/example_latest_only_with_trigger.py
[2022-11-06T02:13:44.979+0200] {processor.py:766} INFO - DAG(s) dict_keys(['latest_only_with_trigger']) retrieved from /Users/mnagy99/opt/anaconda3/envs/airflow-env/lib/python3.8/site-packages/airflow/example_dags/example_latest_only_with_trigger.py
[2022-11-06T02:13:45.430+0200] {logging_mixin.py:120} INFO - [2022-11-06T02:13:45.430+0200] {dag.py:2585} INFO - Sync 1 DAGs
[2022-11-06T02:13:45.444+0200] {logging_mixin.py:120} INFO - [2022-11-06T02:13:45.444+0200] {dag.py:3336} INFO - Setting next_dagrun for latest_only_with_trigger to 2022-11-05T20:13:45.444089+00:00, run_after=2022-11-06T00:13:45.444089+00:00
[2022-11-06T02:13:45.461+0200] {processor.py:176} INFO - Processing /Users/mnagy99/opt/anaconda3/envs/airflow-env/lib/python3.8/site-packages/airflow/example_dags/example_latest_only_with_trigger.py took 0.514 seconds
[2022-11-06T02:16:10.441+0200] {processor.py:154} INFO - Started process (PID=2909) to work on /Users/mnagy99/opt/anaconda3/envs/airflow-env/lib/python3.8/site-packages/airflow/example_dags/example_latest_only_with_trigger.py
[2022-11-06T02:16:10.444+0200] {processor.py:756} INFO - Processing file /Users/mnagy99/opt/anaconda3/envs/airflow-env/lib/python3.8/site-packages/airflow/example_dags/example_latest_only_with_trigger.py for tasks to queue
[2022-11-06T02:16:10.444+0200] {logging_mixin.py:120} INFO - [2022-11-06T02:16:10.444+0200] {dagbag.py:537} INFO - Filling up the DagBag from /Users/mnagy99/opt/anaconda3/envs/airflow-env/lib/python3.8/site-packages/airflow/example_dags/example_latest_only_with_trigger.py
[2022-11-06T02:16:10.472+0200] {processor.py:766} INFO - DAG(s) dict_keys(['latest_only_with_trigger']) retrieved from /Users/mnagy99/opt/anaconda3/envs/airflow-env/lib/python3.8/site-packages/airflow/example_dags/example_latest_only_with_trigger.py
[2022-11-06T02:16:10.929+0200] {logging_mixin.py:120} INFO - [2022-11-06T02:16:10.929+0200] {dag.py:2585} INFO - Sync 1 DAGs
[2022-11-06T02:16:10.943+0200] {logging_mixin.py:120} INFO - [2022-11-06T02:16:10.943+0200] {dag.py:3336} INFO - Setting next_dagrun for latest_only_with_trigger to 2022-11-05T20:16:10.942918+00:00, run_after=2022-11-06T00:16:10.942918+00:00
[2022-11-06T02:16:10.960+0200] {processor.py:176} INFO - Processing /Users/mnagy99/opt/anaconda3/envs/airflow-env/lib/python3.8/site-packages/airflow/example_dags/example_latest_only_with_trigger.py took 0.519 seconds
[2022-11-06T02:18:21.182+0200] {processor.py:154} INFO - Started process (PID=3047) to work on /Users/mnagy99/opt/anaconda3/envs/airflow-env/lib/python3.8/site-packages/airflow/example_dags/example_latest_only_with_trigger.py
[2022-11-06T02:18:21.185+0200] {processor.py:756} INFO - Processing file /Users/mnagy99/opt/anaconda3/envs/airflow-env/lib/python3.8/site-packages/airflow/example_dags/example_latest_only_with_trigger.py for tasks to queue
[2022-11-06T02:18:21.185+0200] {logging_mixin.py:120} INFO - [2022-11-06T02:18:21.185+0200] {dagbag.py:537} INFO - Filling up the DagBag from /Users/mnagy99/opt/anaconda3/envs/airflow-env/lib/python3.8/site-packages/airflow/example_dags/example_latest_only_with_trigger.py
[2022-11-06T02:18:21.209+0200] {processor.py:766} INFO - DAG(s) dict_keys(['latest_only_with_trigger']) retrieved from /Users/mnagy99/opt/anaconda3/envs/airflow-env/lib/python3.8/site-packages/airflow/example_dags/example_latest_only_with_trigger.py
[2022-11-06T02:18:21.657+0200] {logging_mixin.py:120} INFO - [2022-11-06T02:18:21.657+0200] {dag.py:2585} INFO - Sync 1 DAGs
[2022-11-06T02:18:21.670+0200] {logging_mixin.py:120} INFO - [2022-11-06T02:18:21.670+0200] {dag.py:3336} INFO - Setting next_dagrun for latest_only_with_trigger to 2022-11-05T20:18:21.670755+00:00, run_after=2022-11-06T00:18:21.670755+00:00
[2022-11-06T02:18:21.688+0200] {processor.py:176} INFO - Processing /Users/mnagy99/opt/anaconda3/envs/airflow-env/lib/python3.8/site-packages/airflow/example_dags/example_latest_only_with_trigger.py took 0.506 seconds
[2022-11-06T02:20:37.049+0200] {processor.py:154} INFO - Started process (PID=3189) to work on /Users/mnagy99/opt/anaconda3/envs/airflow-env/lib/python3.8/site-packages/airflow/example_dags/example_latest_only_with_trigger.py
[2022-11-06T02:20:37.053+0200] {processor.py:756} INFO - Processing file /Users/mnagy99/opt/anaconda3/envs/airflow-env/lib/python3.8/site-packages/airflow/example_dags/example_latest_only_with_trigger.py for tasks to queue
[2022-11-06T02:20:37.053+0200] {logging_mixin.py:120} INFO - [2022-11-06T02:20:37.053+0200] {dagbag.py:537} INFO - Filling up the DagBag from /Users/mnagy99/opt/anaconda3/envs/airflow-env/lib/python3.8/site-packages/airflow/example_dags/example_latest_only_with_trigger.py
[2022-11-06T02:20:37.083+0200] {processor.py:766} INFO - DAG(s) dict_keys(['latest_only_with_trigger']) retrieved from /Users/mnagy99/opt/anaconda3/envs/airflow-env/lib/python3.8/site-packages/airflow/example_dags/example_latest_only_with_trigger.py
[2022-11-06T02:20:37.536+0200] {logging_mixin.py:120} INFO - [2022-11-06T02:20:37.535+0200] {dag.py:2585} INFO - Sync 1 DAGs
[2022-11-06T02:20:37.552+0200] {logging_mixin.py:120} INFO - [2022-11-06T02:20:37.552+0200] {dag.py:3336} INFO - Setting next_dagrun for latest_only_with_trigger to 2022-11-05T20:20:37.552306+00:00, run_after=2022-11-06T00:20:37.552306+00:00
[2022-11-06T02:20:37.571+0200] {processor.py:176} INFO - Processing /Users/mnagy99/opt/anaconda3/envs/airflow-env/lib/python3.8/site-packages/airflow/example_dags/example_latest_only_with_trigger.py took 0.523 seconds
[2022-11-06T02:22:40.133+0200] {processor.py:154} INFO - Started process (PID=3312) to work on /Users/mnagy99/opt/anaconda3/envs/airflow-env/lib/python3.8/site-packages/airflow/example_dags/example_latest_only_with_trigger.py
[2022-11-06T02:22:40.136+0200] {processor.py:756} INFO - Processing file /Users/mnagy99/opt/anaconda3/envs/airflow-env/lib/python3.8/site-packages/airflow/example_dags/example_latest_only_with_trigger.py for tasks to queue
[2022-11-06T02:22:40.137+0200] {logging_mixin.py:120} INFO - [2022-11-06T02:22:40.137+0200] {dagbag.py:537} INFO - Filling up the DagBag from /Users/mnagy99/opt/anaconda3/envs/airflow-env/lib/python3.8/site-packages/airflow/example_dags/example_latest_only_with_trigger.py
[2022-11-06T02:22:40.163+0200] {processor.py:766} INFO - DAG(s) dict_keys(['latest_only_with_trigger']) retrieved from /Users/mnagy99/opt/anaconda3/envs/airflow-env/lib/python3.8/site-packages/airflow/example_dags/example_latest_only_with_trigger.py
[2022-11-06T02:22:40.608+0200] {logging_mixin.py:120} INFO - [2022-11-06T02:22:40.608+0200] {dag.py:2585} INFO - Sync 1 DAGs
[2022-11-06T02:22:40.622+0200] {logging_mixin.py:120} INFO - [2022-11-06T02:22:40.622+0200] {dag.py:3336} INFO - Setting next_dagrun for latest_only_with_trigger to 2022-11-05T20:22:40.621949+00:00, run_after=2022-11-06T00:22:40.621949+00:00
[2022-11-06T02:22:40.637+0200] {processor.py:176} INFO - Processing /Users/mnagy99/opt/anaconda3/envs/airflow-env/lib/python3.8/site-packages/airflow/example_dags/example_latest_only_with_trigger.py took 0.504 seconds
[2022-11-06T02:24:55.250+0200] {processor.py:154} INFO - Started process (PID=3456) to work on /Users/mnagy99/opt/anaconda3/envs/airflow-env/lib/python3.8/site-packages/airflow/example_dags/example_latest_only_with_trigger.py
[2022-11-06T02:24:55.253+0200] {processor.py:756} INFO - Processing file /Users/mnagy99/opt/anaconda3/envs/airflow-env/lib/python3.8/site-packages/airflow/example_dags/example_latest_only_with_trigger.py for tasks to queue
[2022-11-06T02:24:55.254+0200] {logging_mixin.py:120} INFO - [2022-11-06T02:24:55.254+0200] {dagbag.py:537} INFO - Filling up the DagBag from /Users/mnagy99/opt/anaconda3/envs/airflow-env/lib/python3.8/site-packages/airflow/example_dags/example_latest_only_with_trigger.py
[2022-11-06T02:24:55.279+0200] {processor.py:766} INFO - DAG(s) dict_keys(['latest_only_with_trigger']) retrieved from /Users/mnagy99/opt/anaconda3/envs/airflow-env/lib/python3.8/site-packages/airflow/example_dags/example_latest_only_with_trigger.py
[2022-11-06T02:24:55.842+0200] {logging_mixin.py:120} INFO - [2022-11-06T02:24:55.842+0200] {dag.py:2585} INFO - Sync 1 DAGs
[2022-11-06T02:24:55.855+0200] {logging_mixin.py:120} INFO - [2022-11-06T02:24:55.855+0200] {dag.py:3336} INFO - Setting next_dagrun for latest_only_with_trigger to 2022-11-05T20:24:55.855396+00:00, run_after=2022-11-06T00:24:55.855396+00:00
[2022-11-06T02:24:55.868+0200] {processor.py:176} INFO - Processing /Users/mnagy99/opt/anaconda3/envs/airflow-env/lib/python3.8/site-packages/airflow/example_dags/example_latest_only_with_trigger.py took 0.619 seconds
[2022-11-06T02:27:07.641+0200] {processor.py:154} INFO - Started process (PID=3594) to work on /Users/mnagy99/opt/anaconda3/envs/airflow-env/lib/python3.8/site-packages/airflow/example_dags/example_latest_only_with_trigger.py
[2022-11-06T02:27:07.642+0200] {processor.py:756} INFO - Processing file /Users/mnagy99/opt/anaconda3/envs/airflow-env/lib/python3.8/site-packages/airflow/example_dags/example_latest_only_with_trigger.py for tasks to queue
[2022-11-06T02:27:07.643+0200] {logging_mixin.py:120} INFO - [2022-11-06T02:27:07.643+0200] {dagbag.py:537} INFO - Filling up the DagBag from /Users/mnagy99/opt/anaconda3/envs/airflow-env/lib/python3.8/site-packages/airflow/example_dags/example_latest_only_with_trigger.py
[2022-11-06T02:27:07.669+0200] {processor.py:766} INFO - DAG(s) dict_keys(['latest_only_with_trigger']) retrieved from /Users/mnagy99/opt/anaconda3/envs/airflow-env/lib/python3.8/site-packages/airflow/example_dags/example_latest_only_with_trigger.py
[2022-11-06T02:27:08.126+0200] {logging_mixin.py:120} INFO - [2022-11-06T02:27:08.126+0200] {dag.py:2585} INFO - Sync 1 DAGs
[2022-11-06T02:27:08.139+0200] {logging_mixin.py:120} INFO - [2022-11-06T02:27:08.139+0200] {dag.py:3336} INFO - Setting next_dagrun for latest_only_with_trigger to 2022-11-05T20:27:08.139207+00:00, run_after=2022-11-06T00:27:08.139207+00:00
[2022-11-06T02:27:08.158+0200] {processor.py:176} INFO - Processing /Users/mnagy99/opt/anaconda3/envs/airflow-env/lib/python3.8/site-packages/airflow/example_dags/example_latest_only_with_trigger.py took 0.518 seconds
[2022-11-06T02:29:19.686+0200] {processor.py:154} INFO - Started process (PID=3740) to work on /Users/mnagy99/opt/anaconda3/envs/airflow-env/lib/python3.8/site-packages/airflow/example_dags/example_latest_only_with_trigger.py
[2022-11-06T02:29:19.689+0200] {processor.py:756} INFO - Processing file /Users/mnagy99/opt/anaconda3/envs/airflow-env/lib/python3.8/site-packages/airflow/example_dags/example_latest_only_with_trigger.py for tasks to queue
[2022-11-06T02:29:19.690+0200] {logging_mixin.py:120} INFO - [2022-11-06T02:29:19.690+0200] {dagbag.py:537} INFO - Filling up the DagBag from /Users/mnagy99/opt/anaconda3/envs/airflow-env/lib/python3.8/site-packages/airflow/example_dags/example_latest_only_with_trigger.py
[2022-11-06T02:29:19.717+0200] {processor.py:766} INFO - DAG(s) dict_keys(['latest_only_with_trigger']) retrieved from /Users/mnagy99/opt/anaconda3/envs/airflow-env/lib/python3.8/site-packages/airflow/example_dags/example_latest_only_with_trigger.py
[2022-11-06T02:29:20.197+0200] {logging_mixin.py:120} INFO - [2022-11-06T02:29:20.197+0200] {dag.py:2585} INFO - Sync 1 DAGs
[2022-11-06T02:29:20.213+0200] {logging_mixin.py:120} INFO - [2022-11-06T02:29:20.213+0200] {dag.py:3336} INFO - Setting next_dagrun for latest_only_with_trigger to 2022-11-05T20:29:20.213727+00:00, run_after=2022-11-06T00:29:20.213727+00:00
[2022-11-06T02:29:20.232+0200] {processor.py:176} INFO - Processing /Users/mnagy99/opt/anaconda3/envs/airflow-env/lib/python3.8/site-packages/airflow/example_dags/example_latest_only_with_trigger.py took 0.546 seconds
[2022-11-06T02:31:32.518+0200] {processor.py:154} INFO - Started process (PID=3891) to work on /Users/mnagy99/opt/anaconda3/envs/airflow-env/lib/python3.8/site-packages/airflow/example_dags/example_latest_only_with_trigger.py
[2022-11-06T02:31:32.520+0200] {processor.py:756} INFO - Processing file /Users/mnagy99/opt/anaconda3/envs/airflow-env/lib/python3.8/site-packages/airflow/example_dags/example_latest_only_with_trigger.py for tasks to queue
[2022-11-06T02:31:32.520+0200] {logging_mixin.py:120} INFO - [2022-11-06T02:31:32.520+0200] {dagbag.py:537} INFO - Filling up the DagBag from /Users/mnagy99/opt/anaconda3/envs/airflow-env/lib/python3.8/site-packages/airflow/example_dags/example_latest_only_with_trigger.py
[2022-11-06T02:31:32.550+0200] {processor.py:766} INFO - DAG(s) dict_keys(['latest_only_with_trigger']) retrieved from /Users/mnagy99/opt/anaconda3/envs/airflow-env/lib/python3.8/site-packages/airflow/example_dags/example_latest_only_with_trigger.py
[2022-11-06T02:31:33.049+0200] {logging_mixin.py:120} INFO - [2022-11-06T02:31:33.049+0200] {dag.py:2585} INFO - Sync 1 DAGs
[2022-11-06T02:31:33.063+0200] {logging_mixin.py:120} INFO - [2022-11-06T02:31:33.063+0200] {dag.py:3336} INFO - Setting next_dagrun for latest_only_with_trigger to 2022-11-05T20:31:33.063636+00:00, run_after=2022-11-06T00:31:33.063636+00:00
[2022-11-06T02:31:33.086+0200] {processor.py:176} INFO - Processing /Users/mnagy99/opt/anaconda3/envs/airflow-env/lib/python3.8/site-packages/airflow/example_dags/example_latest_only_with_trigger.py took 0.568 seconds
[2022-11-06T02:33:44.476+0200] {processor.py:154} INFO - Started process (PID=4043) to work on /Users/mnagy99/opt/anaconda3/envs/airflow-env/lib/python3.8/site-packages/airflow/example_dags/example_latest_only_with_trigger.py
[2022-11-06T02:33:44.479+0200] {processor.py:756} INFO - Processing file /Users/mnagy99/opt/anaconda3/envs/airflow-env/lib/python3.8/site-packages/airflow/example_dags/example_latest_only_with_trigger.py for tasks to queue
[2022-11-06T02:33:44.480+0200] {logging_mixin.py:120} INFO - [2022-11-06T02:33:44.480+0200] {dagbag.py:537} INFO - Filling up the DagBag from /Users/mnagy99/opt/anaconda3/envs/airflow-env/lib/python3.8/site-packages/airflow/example_dags/example_latest_only_with_trigger.py
[2022-11-06T02:33:44.506+0200] {processor.py:766} INFO - DAG(s) dict_keys(['latest_only_with_trigger']) retrieved from /Users/mnagy99/opt/anaconda3/envs/airflow-env/lib/python3.8/site-packages/airflow/example_dags/example_latest_only_with_trigger.py
[2022-11-06T02:33:44.942+0200] {logging_mixin.py:120} INFO - [2022-11-06T02:33:44.942+0200] {dag.py:2585} INFO - Sync 1 DAGs
[2022-11-06T02:33:44.956+0200] {logging_mixin.py:120} INFO - [2022-11-06T02:33:44.956+0200] {dag.py:3336} INFO - Setting next_dagrun for latest_only_with_trigger to 2022-11-05T20:33:44.955984+00:00, run_after=2022-11-06T00:33:44.955984+00:00
[2022-11-06T02:33:44.972+0200] {processor.py:176} INFO - Processing /Users/mnagy99/opt/anaconda3/envs/airflow-env/lib/python3.8/site-packages/airflow/example_dags/example_latest_only_with_trigger.py took 0.497 seconds
[2022-11-06T02:35:53.770+0200] {processor.py:154} INFO - Started process (PID=4190) to work on /Users/mnagy99/opt/anaconda3/envs/airflow-env/lib/python3.8/site-packages/airflow/example_dags/example_latest_only_with_trigger.py
[2022-11-06T02:35:53.772+0200] {processor.py:756} INFO - Processing file /Users/mnagy99/opt/anaconda3/envs/airflow-env/lib/python3.8/site-packages/airflow/example_dags/example_latest_only_with_trigger.py for tasks to queue
[2022-11-06T02:35:53.773+0200] {logging_mixin.py:120} INFO - [2022-11-06T02:35:53.773+0200] {dagbag.py:537} INFO - Filling up the DagBag from /Users/mnagy99/opt/anaconda3/envs/airflow-env/lib/python3.8/site-packages/airflow/example_dags/example_latest_only_with_trigger.py
[2022-11-06T02:35:53.799+0200] {processor.py:766} INFO - DAG(s) dict_keys(['latest_only_with_trigger']) retrieved from /Users/mnagy99/opt/anaconda3/envs/airflow-env/lib/python3.8/site-packages/airflow/example_dags/example_latest_only_with_trigger.py
[2022-11-06T02:35:54.223+0200] {logging_mixin.py:120} INFO - [2022-11-06T02:35:54.223+0200] {dag.py:2585} INFO - Sync 1 DAGs
[2022-11-06T02:35:54.237+0200] {logging_mixin.py:120} INFO - [2022-11-06T02:35:54.237+0200] {dag.py:3336} INFO - Setting next_dagrun for latest_only_with_trigger to 2022-11-05T20:35:54.237203+00:00, run_after=2022-11-06T00:35:54.237203+00:00
[2022-11-06T02:35:54.255+0200] {processor.py:176} INFO - Processing /Users/mnagy99/opt/anaconda3/envs/airflow-env/lib/python3.8/site-packages/airflow/example_dags/example_latest_only_with_trigger.py took 0.485 seconds
[2022-11-06T02:38:03.430+0200] {processor.py:154} INFO - Started process (PID=4322) to work on /Users/mnagy99/opt/anaconda3/envs/airflow-env/lib/python3.8/site-packages/airflow/example_dags/example_latest_only_with_trigger.py
[2022-11-06T02:38:03.432+0200] {processor.py:756} INFO - Processing file /Users/mnagy99/opt/anaconda3/envs/airflow-env/lib/python3.8/site-packages/airflow/example_dags/example_latest_only_with_trigger.py for tasks to queue
[2022-11-06T02:38:03.433+0200] {logging_mixin.py:120} INFO - [2022-11-06T02:38:03.433+0200] {dagbag.py:537} INFO - Filling up the DagBag from /Users/mnagy99/opt/anaconda3/envs/airflow-env/lib/python3.8/site-packages/airflow/example_dags/example_latest_only_with_trigger.py
[2022-11-06T02:38:03.457+0200] {processor.py:766} INFO - DAG(s) dict_keys(['latest_only_with_trigger']) retrieved from /Users/mnagy99/opt/anaconda3/envs/airflow-env/lib/python3.8/site-packages/airflow/example_dags/example_latest_only_with_trigger.py
[2022-11-06T02:38:03.883+0200] {logging_mixin.py:120} INFO - [2022-11-06T02:38:03.882+0200] {dag.py:2585} INFO - Sync 1 DAGs
[2022-11-06T02:38:03.896+0200] {logging_mixin.py:120} INFO - [2022-11-06T02:38:03.896+0200] {dag.py:3336} INFO - Setting next_dagrun for latest_only_with_trigger to 2022-11-05T20:38:03.896324+00:00, run_after=2022-11-06T00:38:03.896324+00:00
[2022-11-06T02:38:03.913+0200] {processor.py:176} INFO - Processing /Users/mnagy99/opt/anaconda3/envs/airflow-env/lib/python3.8/site-packages/airflow/example_dags/example_latest_only_with_trigger.py took 0.484 seconds
[2022-11-06T02:40:18.354+0200] {processor.py:154} INFO - Started process (PID=4457) to work on /Users/mnagy99/opt/anaconda3/envs/airflow-env/lib/python3.8/site-packages/airflow/example_dags/example_latest_only_with_trigger.py
[2022-11-06T02:40:18.356+0200] {processor.py:756} INFO - Processing file /Users/mnagy99/opt/anaconda3/envs/airflow-env/lib/python3.8/site-packages/airflow/example_dags/example_latest_only_with_trigger.py for tasks to queue
[2022-11-06T02:40:18.357+0200] {logging_mixin.py:120} INFO - [2022-11-06T02:40:18.357+0200] {dagbag.py:537} INFO - Filling up the DagBag from /Users/mnagy99/opt/anaconda3/envs/airflow-env/lib/python3.8/site-packages/airflow/example_dags/example_latest_only_with_trigger.py
[2022-11-06T02:40:18.384+0200] {processor.py:766} INFO - DAG(s) dict_keys(['latest_only_with_trigger']) retrieved from /Users/mnagy99/opt/anaconda3/envs/airflow-env/lib/python3.8/site-packages/airflow/example_dags/example_latest_only_with_trigger.py
[2022-11-06T02:40:18.835+0200] {logging_mixin.py:120} INFO - [2022-11-06T02:40:18.835+0200] {dag.py:2585} INFO - Sync 1 DAGs
[2022-11-06T02:40:18.849+0200] {logging_mixin.py:120} INFO - [2022-11-06T02:40:18.848+0200] {dag.py:3336} INFO - Setting next_dagrun for latest_only_with_trigger to 2022-11-05T20:40:18.848792+00:00, run_after=2022-11-06T00:40:18.848792+00:00
[2022-11-06T02:40:18.871+0200] {processor.py:176} INFO - Processing /Users/mnagy99/opt/anaconda3/envs/airflow-env/lib/python3.8/site-packages/airflow/example_dags/example_latest_only_with_trigger.py took 0.518 seconds
[2022-11-06T02:42:43.813+0200] {processor.py:154} INFO - Started process (PID=4625) to work on /Users/mnagy99/opt/anaconda3/envs/airflow-env/lib/python3.8/site-packages/airflow/example_dags/example_latest_only_with_trigger.py
[2022-11-06T02:42:43.815+0200] {processor.py:756} INFO - Processing file /Users/mnagy99/opt/anaconda3/envs/airflow-env/lib/python3.8/site-packages/airflow/example_dags/example_latest_only_with_trigger.py for tasks to queue
[2022-11-06T02:42:43.816+0200] {logging_mixin.py:120} INFO - [2022-11-06T02:42:43.816+0200] {dagbag.py:537} INFO - Filling up the DagBag from /Users/mnagy99/opt/anaconda3/envs/airflow-env/lib/python3.8/site-packages/airflow/example_dags/example_latest_only_with_trigger.py
[2022-11-06T02:42:43.841+0200] {processor.py:766} INFO - DAG(s) dict_keys(['latest_only_with_trigger']) retrieved from /Users/mnagy99/opt/anaconda3/envs/airflow-env/lib/python3.8/site-packages/airflow/example_dags/example_latest_only_with_trigger.py
[2022-11-06T02:42:44.351+0200] {logging_mixin.py:120} INFO - [2022-11-06T02:42:44.351+0200] {dag.py:2585} INFO - Sync 1 DAGs
[2022-11-06T02:42:44.368+0200] {logging_mixin.py:120} INFO - [2022-11-06T02:42:44.368+0200] {dag.py:3336} INFO - Setting next_dagrun for latest_only_with_trigger to 2022-11-05T20:42:44.368711+00:00, run_after=2022-11-06T00:42:44.368711+00:00
[2022-11-06T02:42:44.386+0200] {processor.py:176} INFO - Processing /Users/mnagy99/opt/anaconda3/envs/airflow-env/lib/python3.8/site-packages/airflow/example_dags/example_latest_only_with_trigger.py took 0.574 seconds
[2022-11-06T02:45:08.239+0200] {processor.py:154} INFO - Started process (PID=4762) to work on /Users/mnagy99/opt/anaconda3/envs/airflow-env/lib/python3.8/site-packages/airflow/example_dags/example_latest_only_with_trigger.py
[2022-11-06T02:45:08.240+0200] {processor.py:756} INFO - Processing file /Users/mnagy99/opt/anaconda3/envs/airflow-env/lib/python3.8/site-packages/airflow/example_dags/example_latest_only_with_trigger.py for tasks to queue
[2022-11-06T02:45:08.241+0200] {logging_mixin.py:120} INFO - [2022-11-06T02:45:08.241+0200] {dagbag.py:537} INFO - Filling up the DagBag from /Users/mnagy99/opt/anaconda3/envs/airflow-env/lib/python3.8/site-packages/airflow/example_dags/example_latest_only_with_trigger.py
[2022-11-06T02:45:08.266+0200] {processor.py:766} INFO - DAG(s) dict_keys(['latest_only_with_trigger']) retrieved from /Users/mnagy99/opt/anaconda3/envs/airflow-env/lib/python3.8/site-packages/airflow/example_dags/example_latest_only_with_trigger.py
[2022-11-06T02:45:08.706+0200] {logging_mixin.py:120} INFO - [2022-11-06T02:45:08.706+0200] {dag.py:2585} INFO - Sync 1 DAGs
[2022-11-06T02:45:08.720+0200] {logging_mixin.py:120} INFO - [2022-11-06T02:45:08.719+0200] {dag.py:3336} INFO - Setting next_dagrun for latest_only_with_trigger to 2022-11-05T20:45:08.719822+00:00, run_after=2022-11-06T00:45:08.719822+00:00
[2022-11-06T02:45:08.738+0200] {processor.py:176} INFO - Processing /Users/mnagy99/opt/anaconda3/envs/airflow-env/lib/python3.8/site-packages/airflow/example_dags/example_latest_only_with_trigger.py took 0.500 seconds
[2022-11-06T02:47:22.589+0200] {processor.py:154} INFO - Started process (PID=4902) to work on /Users/mnagy99/opt/anaconda3/envs/airflow-env/lib/python3.8/site-packages/airflow/example_dags/example_latest_only_with_trigger.py
[2022-11-06T02:47:22.590+0200] {processor.py:756} INFO - Processing file /Users/mnagy99/opt/anaconda3/envs/airflow-env/lib/python3.8/site-packages/airflow/example_dags/example_latest_only_with_trigger.py for tasks to queue
[2022-11-06T02:47:22.591+0200] {logging_mixin.py:120} INFO - [2022-11-06T02:47:22.591+0200] {dagbag.py:537} INFO - Filling up the DagBag from /Users/mnagy99/opt/anaconda3/envs/airflow-env/lib/python3.8/site-packages/airflow/example_dags/example_latest_only_with_trigger.py
[2022-11-06T02:47:22.627+0200] {processor.py:766} INFO - DAG(s) dict_keys(['latest_only_with_trigger']) retrieved from /Users/mnagy99/opt/anaconda3/envs/airflow-env/lib/python3.8/site-packages/airflow/example_dags/example_latest_only_with_trigger.py
[2022-11-06T02:47:23.147+0200] {logging_mixin.py:120} INFO - [2022-11-06T02:47:23.146+0200] {dag.py:2585} INFO - Sync 1 DAGs
[2022-11-06T02:47:23.164+0200] {logging_mixin.py:120} INFO - [2022-11-06T02:47:23.164+0200] {dag.py:3336} INFO - Setting next_dagrun for latest_only_with_trigger to 2022-11-05T20:47:23.164625+00:00, run_after=2022-11-06T00:47:23.164625+00:00
[2022-11-06T02:47:23.182+0200] {processor.py:176} INFO - Processing /Users/mnagy99/opt/anaconda3/envs/airflow-env/lib/python3.8/site-packages/airflow/example_dags/example_latest_only_with_trigger.py took 0.594 seconds
[2022-11-06T02:49:30.330+0200] {processor.py:154} INFO - Started process (PID=5025) to work on /Users/mnagy99/opt/anaconda3/envs/airflow-env/lib/python3.8/site-packages/airflow/example_dags/example_latest_only_with_trigger.py
[2022-11-06T02:49:30.333+0200] {processor.py:756} INFO - Processing file /Users/mnagy99/opt/anaconda3/envs/airflow-env/lib/python3.8/site-packages/airflow/example_dags/example_latest_only_with_trigger.py for tasks to queue
[2022-11-06T02:49:30.333+0200] {logging_mixin.py:120} INFO - [2022-11-06T02:49:30.333+0200] {dagbag.py:537} INFO - Filling up the DagBag from /Users/mnagy99/opt/anaconda3/envs/airflow-env/lib/python3.8/site-packages/airflow/example_dags/example_latest_only_with_trigger.py
[2022-11-06T02:49:30.356+0200] {processor.py:766} INFO - DAG(s) dict_keys(['latest_only_with_trigger']) retrieved from /Users/mnagy99/opt/anaconda3/envs/airflow-env/lib/python3.8/site-packages/airflow/example_dags/example_latest_only_with_trigger.py
[2022-11-06T02:49:30.792+0200] {logging_mixin.py:120} INFO - [2022-11-06T02:49:30.791+0200] {dag.py:2585} INFO - Sync 1 DAGs
[2022-11-06T02:49:30.805+0200] {logging_mixin.py:120} INFO - [2022-11-06T02:49:30.805+0200] {dag.py:3336} INFO - Setting next_dagrun for latest_only_with_trigger to 2022-11-05T20:49:30.805491+00:00, run_after=2022-11-06T00:49:30.805491+00:00
[2022-11-06T02:49:30.823+0200] {processor.py:176} INFO - Processing /Users/mnagy99/opt/anaconda3/envs/airflow-env/lib/python3.8/site-packages/airflow/example_dags/example_latest_only_with_trigger.py took 0.493 seconds
[2022-11-06T02:51:33.982+0200] {processor.py:154} INFO - Started process (PID=5153) to work on /Users/mnagy99/opt/anaconda3/envs/airflow-env/lib/python3.8/site-packages/airflow/example_dags/example_latest_only_with_trigger.py
[2022-11-06T02:51:33.985+0200] {processor.py:756} INFO - Processing file /Users/mnagy99/opt/anaconda3/envs/airflow-env/lib/python3.8/site-packages/airflow/example_dags/example_latest_only_with_trigger.py for tasks to queue
[2022-11-06T02:51:33.986+0200] {logging_mixin.py:120} INFO - [2022-11-06T02:51:33.985+0200] {dagbag.py:537} INFO - Filling up the DagBag from /Users/mnagy99/opt/anaconda3/envs/airflow-env/lib/python3.8/site-packages/airflow/example_dags/example_latest_only_with_trigger.py
[2022-11-06T02:51:34.009+0200] {processor.py:766} INFO - DAG(s) dict_keys(['latest_only_with_trigger']) retrieved from /Users/mnagy99/opt/anaconda3/envs/airflow-env/lib/python3.8/site-packages/airflow/example_dags/example_latest_only_with_trigger.py
[2022-11-06T02:51:34.455+0200] {logging_mixin.py:120} INFO - [2022-11-06T02:51:34.455+0200] {dag.py:2585} INFO - Sync 1 DAGs
[2022-11-06T02:51:34.468+0200] {logging_mixin.py:120} INFO - [2022-11-06T02:51:34.468+0200] {dag.py:3336} INFO - Setting next_dagrun for latest_only_with_trigger to 2022-11-05T20:51:34.468628+00:00, run_after=2022-11-06T00:51:34.468628+00:00
[2022-11-06T02:51:34.487+0200] {processor.py:176} INFO - Processing /Users/mnagy99/opt/anaconda3/envs/airflow-env/lib/python3.8/site-packages/airflow/example_dags/example_latest_only_with_trigger.py took 0.505 seconds
[2022-11-06T02:53:38.966+0200] {processor.py:154} INFO - Started process (PID=5275) to work on /Users/mnagy99/opt/anaconda3/envs/airflow-env/lib/python3.8/site-packages/airflow/example_dags/example_latest_only_with_trigger.py
[2022-11-06T02:53:38.968+0200] {processor.py:756} INFO - Processing file /Users/mnagy99/opt/anaconda3/envs/airflow-env/lib/python3.8/site-packages/airflow/example_dags/example_latest_only_with_trigger.py for tasks to queue
[2022-11-06T02:53:38.970+0200] {logging_mixin.py:120} INFO - [2022-11-06T02:53:38.969+0200] {dagbag.py:537} INFO - Filling up the DagBag from /Users/mnagy99/opt/anaconda3/envs/airflow-env/lib/python3.8/site-packages/airflow/example_dags/example_latest_only_with_trigger.py
[2022-11-06T02:53:38.994+0200] {processor.py:766} INFO - DAG(s) dict_keys(['latest_only_with_trigger']) retrieved from /Users/mnagy99/opt/anaconda3/envs/airflow-env/lib/python3.8/site-packages/airflow/example_dags/example_latest_only_with_trigger.py
[2022-11-06T02:53:39.424+0200] {logging_mixin.py:120} INFO - [2022-11-06T02:53:39.424+0200] {dag.py:2585} INFO - Sync 1 DAGs
[2022-11-06T02:53:39.437+0200] {logging_mixin.py:120} INFO - [2022-11-06T02:53:39.437+0200] {dag.py:3336} INFO - Setting next_dagrun for latest_only_with_trigger to 2022-11-05T20:53:39.437301+00:00, run_after=2022-11-06T00:53:39.437301+00:00
[2022-11-06T02:53:39.457+0200] {processor.py:176} INFO - Processing /Users/mnagy99/opt/anaconda3/envs/airflow-env/lib/python3.8/site-packages/airflow/example_dags/example_latest_only_with_trigger.py took 0.492 seconds
[2022-11-06T02:55:49.441+0200] {processor.py:154} INFO - Started process (PID=5400) to work on /Users/mnagy99/opt/anaconda3/envs/airflow-env/lib/python3.8/site-packages/airflow/example_dags/example_latest_only_with_trigger.py
[2022-11-06T02:55:49.443+0200] {processor.py:756} INFO - Processing file /Users/mnagy99/opt/anaconda3/envs/airflow-env/lib/python3.8/site-packages/airflow/example_dags/example_latest_only_with_trigger.py for tasks to queue
[2022-11-06T02:55:49.444+0200] {logging_mixin.py:120} INFO - [2022-11-06T02:55:49.444+0200] {dagbag.py:537} INFO - Filling up the DagBag from /Users/mnagy99/opt/anaconda3/envs/airflow-env/lib/python3.8/site-packages/airflow/example_dags/example_latest_only_with_trigger.py
[2022-11-06T02:55:49.469+0200] {processor.py:766} INFO - DAG(s) dict_keys(['latest_only_with_trigger']) retrieved from /Users/mnagy99/opt/anaconda3/envs/airflow-env/lib/python3.8/site-packages/airflow/example_dags/example_latest_only_with_trigger.py
[2022-11-06T02:55:49.987+0200] {logging_mixin.py:120} INFO - [2022-11-06T02:55:49.987+0200] {dag.py:2585} INFO - Sync 1 DAGs
[2022-11-06T02:55:50.003+0200] {logging_mixin.py:120} INFO - [2022-11-06T02:55:50.003+0200] {dag.py:3336} INFO - Setting next_dagrun for latest_only_with_trigger to 2022-11-05T20:55:50.003408+00:00, run_after=2022-11-06T00:55:50.003408+00:00
[2022-11-06T02:55:50.022+0200] {processor.py:176} INFO - Processing /Users/mnagy99/opt/anaconda3/envs/airflow-env/lib/python3.8/site-packages/airflow/example_dags/example_latest_only_with_trigger.py took 0.582 seconds
[2022-11-06T02:58:06.801+0200] {processor.py:154} INFO - Started process (PID=5549) to work on /Users/mnagy99/opt/anaconda3/envs/airflow-env/lib/python3.8/site-packages/airflow/example_dags/example_latest_only_with_trigger.py
[2022-11-06T02:58:06.802+0200] {processor.py:756} INFO - Processing file /Users/mnagy99/opt/anaconda3/envs/airflow-env/lib/python3.8/site-packages/airflow/example_dags/example_latest_only_with_trigger.py for tasks to queue
[2022-11-06T02:58:06.803+0200] {logging_mixin.py:120} INFO - [2022-11-06T02:58:06.803+0200] {dagbag.py:537} INFO - Filling up the DagBag from /Users/mnagy99/opt/anaconda3/envs/airflow-env/lib/python3.8/site-packages/airflow/example_dags/example_latest_only_with_trigger.py
[2022-11-06T02:58:06.831+0200] {processor.py:766} INFO - DAG(s) dict_keys(['latest_only_with_trigger']) retrieved from /Users/mnagy99/opt/anaconda3/envs/airflow-env/lib/python3.8/site-packages/airflow/example_dags/example_latest_only_with_trigger.py
[2022-11-06T02:58:07.413+0200] {logging_mixin.py:120} INFO - [2022-11-06T02:58:07.412+0200] {dag.py:2585} INFO - Sync 1 DAGs
[2022-11-06T02:58:07.440+0200] {logging_mixin.py:120} INFO - [2022-11-06T02:58:07.439+0200] {dag.py:3336} INFO - Setting next_dagrun for latest_only_with_trigger to 2022-11-05T20:58:07.439818+00:00, run_after=2022-11-06T00:58:07.439818+00:00
[2022-11-06T02:58:07.454+0200] {processor.py:176} INFO - Processing /Users/mnagy99/opt/anaconda3/envs/airflow-env/lib/python3.8/site-packages/airflow/example_dags/example_latest_only_with_trigger.py took 0.653 seconds
[2022-11-06T03:00:25.699+0200] {processor.py:154} INFO - Started process (PID=5686) to work on /Users/mnagy99/opt/anaconda3/envs/airflow-env/lib/python3.8/site-packages/airflow/example_dags/example_latest_only_with_trigger.py
[2022-11-06T03:00:25.701+0200] {processor.py:756} INFO - Processing file /Users/mnagy99/opt/anaconda3/envs/airflow-env/lib/python3.8/site-packages/airflow/example_dags/example_latest_only_with_trigger.py for tasks to queue
[2022-11-06T03:00:25.701+0200] {logging_mixin.py:120} INFO - [2022-11-06T03:00:25.701+0200] {dagbag.py:537} INFO - Filling up the DagBag from /Users/mnagy99/opt/anaconda3/envs/airflow-env/lib/python3.8/site-packages/airflow/example_dags/example_latest_only_with_trigger.py
[2022-11-06T03:00:25.727+0200] {processor.py:766} INFO - DAG(s) dict_keys(['latest_only_with_trigger']) retrieved from /Users/mnagy99/opt/anaconda3/envs/airflow-env/lib/python3.8/site-packages/airflow/example_dags/example_latest_only_with_trigger.py
[2022-11-06T03:00:26.190+0200] {logging_mixin.py:120} INFO - [2022-11-06T03:00:26.190+0200] {dag.py:2585} INFO - Sync 1 DAGs
[2022-11-06T03:00:26.204+0200] {logging_mixin.py:120} INFO - [2022-11-06T03:00:26.204+0200] {dag.py:3336} INFO - Setting next_dagrun for latest_only_with_trigger to 2022-11-05T21:00:26.204177+00:00, run_after=2022-11-06T01:00:26.204177+00:00
[2022-11-06T03:00:26.221+0200] {processor.py:176} INFO - Processing /Users/mnagy99/opt/anaconda3/envs/airflow-env/lib/python3.8/site-packages/airflow/example_dags/example_latest_only_with_trigger.py took 0.523 seconds
[2022-11-06T03:03:10.035+0200] {processor.py:154} INFO - Started process (PID=5829) to work on /Users/mnagy99/opt/anaconda3/envs/airflow-env/lib/python3.8/site-packages/airflow/example_dags/example_latest_only_with_trigger.py
[2022-11-06T03:03:10.037+0200] {processor.py:756} INFO - Processing file /Users/mnagy99/opt/anaconda3/envs/airflow-env/lib/python3.8/site-packages/airflow/example_dags/example_latest_only_with_trigger.py for tasks to queue
[2022-11-06T03:03:10.038+0200] {logging_mixin.py:120} INFO - [2022-11-06T03:03:10.037+0200] {dagbag.py:537} INFO - Filling up the DagBag from /Users/mnagy99/opt/anaconda3/envs/airflow-env/lib/python3.8/site-packages/airflow/example_dags/example_latest_only_with_trigger.py
[2022-11-06T03:03:10.064+0200] {processor.py:766} INFO - DAG(s) dict_keys(['latest_only_with_trigger']) retrieved from /Users/mnagy99/opt/anaconda3/envs/airflow-env/lib/python3.8/site-packages/airflow/example_dags/example_latest_only_with_trigger.py
[2022-11-06T03:03:10.519+0200] {logging_mixin.py:120} INFO - [2022-11-06T03:03:10.519+0200] {dag.py:2585} INFO - Sync 1 DAGs
[2022-11-06T03:03:10.534+0200] {logging_mixin.py:120} INFO - [2022-11-06T03:03:10.534+0200] {dag.py:3336} INFO - Setting next_dagrun for latest_only_with_trigger to 2022-11-05T21:03:10.534361+00:00, run_after=2022-11-06T01:03:10.534361+00:00
[2022-11-06T03:03:10.553+0200] {processor.py:176} INFO - Processing /Users/mnagy99/opt/anaconda3/envs/airflow-env/lib/python3.8/site-packages/airflow/example_dags/example_latest_only_with_trigger.py took 0.518 seconds
[2022-11-06T03:05:27.440+0200] {processor.py:154} INFO - Started process (PID=5963) to work on /Users/mnagy99/opt/anaconda3/envs/airflow-env/lib/python3.8/site-packages/airflow/example_dags/example_latest_only_with_trigger.py
[2022-11-06T03:05:27.442+0200] {processor.py:756} INFO - Processing file /Users/mnagy99/opt/anaconda3/envs/airflow-env/lib/python3.8/site-packages/airflow/example_dags/example_latest_only_with_trigger.py for tasks to queue
[2022-11-06T03:05:27.443+0200] {logging_mixin.py:120} INFO - [2022-11-06T03:05:27.443+0200] {dagbag.py:537} INFO - Filling up the DagBag from /Users/mnagy99/opt/anaconda3/envs/airflow-env/lib/python3.8/site-packages/airflow/example_dags/example_latest_only_with_trigger.py
[2022-11-06T03:05:27.468+0200] {processor.py:766} INFO - DAG(s) dict_keys(['latest_only_with_trigger']) retrieved from /Users/mnagy99/opt/anaconda3/envs/airflow-env/lib/python3.8/site-packages/airflow/example_dags/example_latest_only_with_trigger.py
[2022-11-06T03:05:27.913+0200] {logging_mixin.py:120} INFO - [2022-11-06T03:05:27.913+0200] {dag.py:2585} INFO - Sync 1 DAGs
[2022-11-06T03:05:27.927+0200] {logging_mixin.py:120} INFO - [2022-11-06T03:05:27.927+0200] {dag.py:3336} INFO - Setting next_dagrun for latest_only_with_trigger to 2022-11-05T21:05:27.927377+00:00, run_after=2022-11-06T01:05:27.927377+00:00
[2022-11-06T03:05:27.945+0200] {processor.py:176} INFO - Processing /Users/mnagy99/opt/anaconda3/envs/airflow-env/lib/python3.8/site-packages/airflow/example_dags/example_latest_only_with_trigger.py took 0.505 seconds
[2022-11-06T03:07:45.713+0200] {processor.py:154} INFO - Started process (PID=6095) to work on /Users/mnagy99/opt/anaconda3/envs/airflow-env/lib/python3.8/site-packages/airflow/example_dags/example_latest_only_with_trigger.py
[2022-11-06T03:07:45.714+0200] {processor.py:756} INFO - Processing file /Users/mnagy99/opt/anaconda3/envs/airflow-env/lib/python3.8/site-packages/airflow/example_dags/example_latest_only_with_trigger.py for tasks to queue
[2022-11-06T03:07:45.714+0200] {logging_mixin.py:120} INFO - [2022-11-06T03:07:45.714+0200] {dagbag.py:537} INFO - Filling up the DagBag from /Users/mnagy99/opt/anaconda3/envs/airflow-env/lib/python3.8/site-packages/airflow/example_dags/example_latest_only_with_trigger.py
[2022-11-06T03:07:45.740+0200] {processor.py:766} INFO - DAG(s) dict_keys(['latest_only_with_trigger']) retrieved from /Users/mnagy99/opt/anaconda3/envs/airflow-env/lib/python3.8/site-packages/airflow/example_dags/example_latest_only_with_trigger.py
[2022-11-06T03:07:46.359+0200] {logging_mixin.py:120} INFO - [2022-11-06T03:07:46.359+0200] {dag.py:2585} INFO - Sync 1 DAGs
[2022-11-06T03:07:46.379+0200] {logging_mixin.py:120} INFO - [2022-11-06T03:07:46.378+0200] {dag.py:3336} INFO - Setting next_dagrun for latest_only_with_trigger to 2022-11-05T21:07:46.378779+00:00, run_after=2022-11-06T01:07:46.378779+00:00
[2022-11-06T03:07:46.397+0200] {processor.py:176} INFO - Processing /Users/mnagy99/opt/anaconda3/envs/airflow-env/lib/python3.8/site-packages/airflow/example_dags/example_latest_only_with_trigger.py took 0.685 seconds
[2022-11-06T03:09:53.886+0200] {processor.py:154} INFO - Started process (PID=6233) to work on /Users/mnagy99/opt/anaconda3/envs/airflow-env/lib/python3.8/site-packages/airflow/example_dags/example_latest_only_with_trigger.py
[2022-11-06T03:09:53.888+0200] {processor.py:756} INFO - Processing file /Users/mnagy99/opt/anaconda3/envs/airflow-env/lib/python3.8/site-packages/airflow/example_dags/example_latest_only_with_trigger.py for tasks to queue
[2022-11-06T03:09:53.889+0200] {logging_mixin.py:120} INFO - [2022-11-06T03:09:53.889+0200] {dagbag.py:537} INFO - Filling up the DagBag from /Users/mnagy99/opt/anaconda3/envs/airflow-env/lib/python3.8/site-packages/airflow/example_dags/example_latest_only_with_trigger.py
[2022-11-06T03:09:53.916+0200] {processor.py:766} INFO - DAG(s) dict_keys(['latest_only_with_trigger']) retrieved from /Users/mnagy99/opt/anaconda3/envs/airflow-env/lib/python3.8/site-packages/airflow/example_dags/example_latest_only_with_trigger.py
[2022-11-06T03:09:54.376+0200] {logging_mixin.py:120} INFO - [2022-11-06T03:09:54.376+0200] {dag.py:2585} INFO - Sync 1 DAGs
[2022-11-06T03:09:54.389+0200] {logging_mixin.py:120} INFO - [2022-11-06T03:09:54.389+0200] {dag.py:3336} INFO - Setting next_dagrun for latest_only_with_trigger to 2022-11-05T21:09:54.389712+00:00, run_after=2022-11-06T01:09:54.389712+00:00
[2022-11-06T03:09:54.406+0200] {processor.py:176} INFO - Processing /Users/mnagy99/opt/anaconda3/envs/airflow-env/lib/python3.8/site-packages/airflow/example_dags/example_latest_only_with_trigger.py took 0.521 seconds
[2022-11-06T03:11:55.378+0200] {processor.py:154} INFO - Started process (PID=6359) to work on /Users/mnagy99/opt/anaconda3/envs/airflow-env/lib/python3.8/site-packages/airflow/example_dags/example_latest_only_with_trigger.py
[2022-11-06T03:11:55.380+0200] {processor.py:756} INFO - Processing file /Users/mnagy99/opt/anaconda3/envs/airflow-env/lib/python3.8/site-packages/airflow/example_dags/example_latest_only_with_trigger.py for tasks to queue
[2022-11-06T03:11:55.381+0200] {logging_mixin.py:120} INFO - [2022-11-06T03:11:55.381+0200] {dagbag.py:537} INFO - Filling up the DagBag from /Users/mnagy99/opt/anaconda3/envs/airflow-env/lib/python3.8/site-packages/airflow/example_dags/example_latest_only_with_trigger.py
[2022-11-06T03:11:55.404+0200] {processor.py:766} INFO - DAG(s) dict_keys(['latest_only_with_trigger']) retrieved from /Users/mnagy99/opt/anaconda3/envs/airflow-env/lib/python3.8/site-packages/airflow/example_dags/example_latest_only_with_trigger.py
[2022-11-06T03:11:55.860+0200] {logging_mixin.py:120} INFO - [2022-11-06T03:11:55.860+0200] {dag.py:2585} INFO - Sync 1 DAGs
[2022-11-06T03:11:55.874+0200] {logging_mixin.py:120} INFO - [2022-11-06T03:11:55.874+0200] {dag.py:3336} INFO - Setting next_dagrun for latest_only_with_trigger to 2022-11-05T21:11:55.873941+00:00, run_after=2022-11-06T01:11:55.873941+00:00
[2022-11-06T03:11:55.898+0200] {processor.py:176} INFO - Processing /Users/mnagy99/opt/anaconda3/envs/airflow-env/lib/python3.8/site-packages/airflow/example_dags/example_latest_only_with_trigger.py took 0.521 seconds
[2022-11-06T03:14:04.865+0200] {processor.py:154} INFO - Started process (PID=6487) to work on /Users/mnagy99/opt/anaconda3/envs/airflow-env/lib/python3.8/site-packages/airflow/example_dags/example_latest_only_with_trigger.py
[2022-11-06T03:14:04.866+0200] {processor.py:756} INFO - Processing file /Users/mnagy99/opt/anaconda3/envs/airflow-env/lib/python3.8/site-packages/airflow/example_dags/example_latest_only_with_trigger.py for tasks to queue
[2022-11-06T03:14:04.867+0200] {logging_mixin.py:120} INFO - [2022-11-06T03:14:04.867+0200] {dagbag.py:537} INFO - Filling up the DagBag from /Users/mnagy99/opt/anaconda3/envs/airflow-env/lib/python3.8/site-packages/airflow/example_dags/example_latest_only_with_trigger.py
[2022-11-06T03:14:04.894+0200] {processor.py:766} INFO - DAG(s) dict_keys(['latest_only_with_trigger']) retrieved from /Users/mnagy99/opt/anaconda3/envs/airflow-env/lib/python3.8/site-packages/airflow/example_dags/example_latest_only_with_trigger.py
[2022-11-06T03:14:05.335+0200] {logging_mixin.py:120} INFO - [2022-11-06T03:14:05.334+0200] {dag.py:2585} INFO - Sync 1 DAGs
[2022-11-06T03:14:05.348+0200] {logging_mixin.py:120} INFO - [2022-11-06T03:14:05.348+0200] {dag.py:3336} INFO - Setting next_dagrun for latest_only_with_trigger to 2022-11-05T21:14:05.348343+00:00, run_after=2022-11-06T01:14:05.348343+00:00
[2022-11-06T03:14:05.365+0200] {processor.py:176} INFO - Processing /Users/mnagy99/opt/anaconda3/envs/airflow-env/lib/python3.8/site-packages/airflow/example_dags/example_latest_only_with_trigger.py took 0.501 seconds
[2022-11-06T03:16:03.234+0200] {processor.py:154} INFO - Started process (PID=6615) to work on /Users/mnagy99/opt/anaconda3/envs/airflow-env/lib/python3.8/site-packages/airflow/example_dags/example_latest_only_with_trigger.py
[2022-11-06T03:16:03.235+0200] {processor.py:756} INFO - Processing file /Users/mnagy99/opt/anaconda3/envs/airflow-env/lib/python3.8/site-packages/airflow/example_dags/example_latest_only_with_trigger.py for tasks to queue
[2022-11-06T03:16:03.235+0200] {logging_mixin.py:120} INFO - [2022-11-06T03:16:03.235+0200] {dagbag.py:537} INFO - Filling up the DagBag from /Users/mnagy99/opt/anaconda3/envs/airflow-env/lib/python3.8/site-packages/airflow/example_dags/example_latest_only_with_trigger.py
[2022-11-06T03:16:03.255+0200] {processor.py:766} INFO - DAG(s) dict_keys(['latest_only_with_trigger']) retrieved from /Users/mnagy99/opt/anaconda3/envs/airflow-env/lib/python3.8/site-packages/airflow/example_dags/example_latest_only_with_trigger.py
[2022-11-06T03:16:03.680+0200] {logging_mixin.py:120} INFO - [2022-11-06T03:16:03.680+0200] {dag.py:2585} INFO - Sync 1 DAGs
[2022-11-06T03:16:03.694+0200] {logging_mixin.py:120} INFO - [2022-11-06T03:16:03.694+0200] {dag.py:3336} INFO - Setting next_dagrun for latest_only_with_trigger to 2022-11-05T21:16:03.694243+00:00, run_after=2022-11-06T01:16:03.694243+00:00
[2022-11-06T03:16:03.715+0200] {processor.py:176} INFO - Processing /Users/mnagy99/opt/anaconda3/envs/airflow-env/lib/python3.8/site-packages/airflow/example_dags/example_latest_only_with_trigger.py took 0.482 seconds
[2022-11-06T03:18:00.690+0200] {processor.py:154} INFO - Started process (PID=6751) to work on /Users/mnagy99/opt/anaconda3/envs/airflow-env/lib/python3.8/site-packages/airflow/example_dags/example_latest_only_with_trigger.py
[2022-11-06T03:18:00.692+0200] {processor.py:756} INFO - Processing file /Users/mnagy99/opt/anaconda3/envs/airflow-env/lib/python3.8/site-packages/airflow/example_dags/example_latest_only_with_trigger.py for tasks to queue
[2022-11-06T03:18:00.693+0200] {logging_mixin.py:120} INFO - [2022-11-06T03:18:00.693+0200] {dagbag.py:537} INFO - Filling up the DagBag from /Users/mnagy99/opt/anaconda3/envs/airflow-env/lib/python3.8/site-packages/airflow/example_dags/example_latest_only_with_trigger.py
[2022-11-06T03:18:00.718+0200] {processor.py:766} INFO - DAG(s) dict_keys(['latest_only_with_trigger']) retrieved from /Users/mnagy99/opt/anaconda3/envs/airflow-env/lib/python3.8/site-packages/airflow/example_dags/example_latest_only_with_trigger.py
[2022-11-06T03:18:01.147+0200] {logging_mixin.py:120} INFO - [2022-11-06T03:18:01.147+0200] {dag.py:2585} INFO - Sync 1 DAGs
[2022-11-06T03:18:01.161+0200] {logging_mixin.py:120} INFO - [2022-11-06T03:18:01.161+0200] {dag.py:3336} INFO - Setting next_dagrun for latest_only_with_trigger to 2022-11-05T21:18:01.161028+00:00, run_after=2022-11-06T01:18:01.161028+00:00
[2022-11-06T03:18:01.182+0200] {processor.py:176} INFO - Processing /Users/mnagy99/opt/anaconda3/envs/airflow-env/lib/python3.8/site-packages/airflow/example_dags/example_latest_only_with_trigger.py took 0.493 seconds
[2022-11-06T03:19:58.711+0200] {processor.py:154} INFO - Started process (PID=6873) to work on /Users/mnagy99/opt/anaconda3/envs/airflow-env/lib/python3.8/site-packages/airflow/example_dags/example_latest_only_with_trigger.py
[2022-11-06T03:19:58.711+0200] {processor.py:756} INFO - Processing file /Users/mnagy99/opt/anaconda3/envs/airflow-env/lib/python3.8/site-packages/airflow/example_dags/example_latest_only_with_trigger.py for tasks to queue
[2022-11-06T03:19:58.712+0200] {logging_mixin.py:120} INFO - [2022-11-06T03:19:58.712+0200] {dagbag.py:537} INFO - Filling up the DagBag from /Users/mnagy99/opt/anaconda3/envs/airflow-env/lib/python3.8/site-packages/airflow/example_dags/example_latest_only_with_trigger.py
[2022-11-06T03:19:58.732+0200] {processor.py:766} INFO - DAG(s) dict_keys(['latest_only_with_trigger']) retrieved from /Users/mnagy99/opt/anaconda3/envs/airflow-env/lib/python3.8/site-packages/airflow/example_dags/example_latest_only_with_trigger.py
[2022-11-06T03:19:59.197+0200] {logging_mixin.py:120} INFO - [2022-11-06T03:19:59.197+0200] {dag.py:2585} INFO - Sync 1 DAGs
[2022-11-06T03:19:59.211+0200] {logging_mixin.py:120} INFO - [2022-11-06T03:19:59.211+0200] {dag.py:3336} INFO - Setting next_dagrun for latest_only_with_trigger to 2022-11-05T21:19:59.211143+00:00, run_after=2022-11-06T01:19:59.211143+00:00
[2022-11-06T03:19:59.229+0200] {processor.py:176} INFO - Processing /Users/mnagy99/opt/anaconda3/envs/airflow-env/lib/python3.8/site-packages/airflow/example_dags/example_latest_only_with_trigger.py took 0.519 seconds
[2022-11-06T03:21:59.359+0200] {processor.py:154} INFO - Started process (PID=6997) to work on /Users/mnagy99/opt/anaconda3/envs/airflow-env/lib/python3.8/site-packages/airflow/example_dags/example_latest_only_with_trigger.py
[2022-11-06T03:21:59.360+0200] {processor.py:756} INFO - Processing file /Users/mnagy99/opt/anaconda3/envs/airflow-env/lib/python3.8/site-packages/airflow/example_dags/example_latest_only_with_trigger.py for tasks to queue
[2022-11-06T03:21:59.360+0200] {logging_mixin.py:120} INFO - [2022-11-06T03:21:59.360+0200] {dagbag.py:537} INFO - Filling up the DagBag from /Users/mnagy99/opt/anaconda3/envs/airflow-env/lib/python3.8/site-packages/airflow/example_dags/example_latest_only_with_trigger.py
[2022-11-06T03:21:59.381+0200] {processor.py:766} INFO - DAG(s) dict_keys(['latest_only_with_trigger']) retrieved from /Users/mnagy99/opt/anaconda3/envs/airflow-env/lib/python3.8/site-packages/airflow/example_dags/example_latest_only_with_trigger.py
[2022-11-06T03:21:59.812+0200] {logging_mixin.py:120} INFO - [2022-11-06T03:21:59.812+0200] {dag.py:2585} INFO - Sync 1 DAGs
[2022-11-06T03:21:59.826+0200] {logging_mixin.py:120} INFO - [2022-11-06T03:21:59.826+0200] {dag.py:3336} INFO - Setting next_dagrun for latest_only_with_trigger to 2022-11-05T21:21:59.825940+00:00, run_after=2022-11-06T01:21:59.825940+00:00
[2022-11-06T03:21:59.843+0200] {processor.py:176} INFO - Processing /Users/mnagy99/opt/anaconda3/envs/airflow-env/lib/python3.8/site-packages/airflow/example_dags/example_latest_only_with_trigger.py took 0.485 seconds
[2022-11-06T03:24:02.528+0200] {processor.py:154} INFO - Started process (PID=7126) to work on /Users/mnagy99/opt/anaconda3/envs/airflow-env/lib/python3.8/site-packages/airflow/example_dags/example_latest_only_with_trigger.py
[2022-11-06T03:24:02.531+0200] {processor.py:756} INFO - Processing file /Users/mnagy99/opt/anaconda3/envs/airflow-env/lib/python3.8/site-packages/airflow/example_dags/example_latest_only_with_trigger.py for tasks to queue
[2022-11-06T03:24:02.531+0200] {logging_mixin.py:120} INFO - [2022-11-06T03:24:02.531+0200] {dagbag.py:537} INFO - Filling up the DagBag from /Users/mnagy99/opt/anaconda3/envs/airflow-env/lib/python3.8/site-packages/airflow/example_dags/example_latest_only_with_trigger.py
[2022-11-06T03:24:02.563+0200] {processor.py:766} INFO - DAG(s) dict_keys(['latest_only_with_trigger']) retrieved from /Users/mnagy99/opt/anaconda3/envs/airflow-env/lib/python3.8/site-packages/airflow/example_dags/example_latest_only_with_trigger.py
[2022-11-06T03:24:02.995+0200] {logging_mixin.py:120} INFO - [2022-11-06T03:24:02.994+0200] {dag.py:2585} INFO - Sync 1 DAGs
[2022-11-06T03:24:03.008+0200] {logging_mixin.py:120} INFO - [2022-11-06T03:24:03.008+0200] {dag.py:3336} INFO - Setting next_dagrun for latest_only_with_trigger to 2022-11-05T21:24:03.008172+00:00, run_after=2022-11-06T01:24:03.008172+00:00
[2022-11-06T03:24:03.024+0200] {processor.py:176} INFO - Processing /Users/mnagy99/opt/anaconda3/envs/airflow-env/lib/python3.8/site-packages/airflow/example_dags/example_latest_only_with_trigger.py took 0.497 seconds
[2022-11-06T03:25:57.523+0200] {processor.py:154} INFO - Started process (PID=7260) to work on /Users/mnagy99/opt/anaconda3/envs/airflow-env/lib/python3.8/site-packages/airflow/example_dags/example_latest_only_with_trigger.py
[2022-11-06T03:25:57.526+0200] {processor.py:756} INFO - Processing file /Users/mnagy99/opt/anaconda3/envs/airflow-env/lib/python3.8/site-packages/airflow/example_dags/example_latest_only_with_trigger.py for tasks to queue
[2022-11-06T03:25:57.527+0200] {logging_mixin.py:120} INFO - [2022-11-06T03:25:57.527+0200] {dagbag.py:537} INFO - Filling up the DagBag from /Users/mnagy99/opt/anaconda3/envs/airflow-env/lib/python3.8/site-packages/airflow/example_dags/example_latest_only_with_trigger.py
[2022-11-06T03:25:57.551+0200] {processor.py:766} INFO - DAG(s) dict_keys(['latest_only_with_trigger']) retrieved from /Users/mnagy99/opt/anaconda3/envs/airflow-env/lib/python3.8/site-packages/airflow/example_dags/example_latest_only_with_trigger.py
[2022-11-06T03:25:57.979+0200] {logging_mixin.py:120} INFO - [2022-11-06T03:25:57.979+0200] {dag.py:2585} INFO - Sync 1 DAGs
[2022-11-06T03:25:57.993+0200] {logging_mixin.py:120} INFO - [2022-11-06T03:25:57.992+0200] {dag.py:3336} INFO - Setting next_dagrun for latest_only_with_trigger to 2022-11-05T21:25:57.992810+00:00, run_after=2022-11-06T01:25:57.992810+00:00
[2022-11-06T03:25:58.009+0200] {processor.py:176} INFO - Processing /Users/mnagy99/opt/anaconda3/envs/airflow-env/lib/python3.8/site-packages/airflow/example_dags/example_latest_only_with_trigger.py took 0.486 seconds
[2022-11-06T03:27:58.582+0200] {processor.py:154} INFO - Started process (PID=7397) to work on /Users/mnagy99/opt/anaconda3/envs/airflow-env/lib/python3.8/site-packages/airflow/example_dags/example_latest_only_with_trigger.py
[2022-11-06T03:27:58.584+0200] {processor.py:756} INFO - Processing file /Users/mnagy99/opt/anaconda3/envs/airflow-env/lib/python3.8/site-packages/airflow/example_dags/example_latest_only_with_trigger.py for tasks to queue
[2022-11-06T03:27:58.585+0200] {logging_mixin.py:120} INFO - [2022-11-06T03:27:58.585+0200] {dagbag.py:537} INFO - Filling up the DagBag from /Users/mnagy99/opt/anaconda3/envs/airflow-env/lib/python3.8/site-packages/airflow/example_dags/example_latest_only_with_trigger.py
[2022-11-06T03:27:58.613+0200] {processor.py:766} INFO - DAG(s) dict_keys(['latest_only_with_trigger']) retrieved from /Users/mnagy99/opt/anaconda3/envs/airflow-env/lib/python3.8/site-packages/airflow/example_dags/example_latest_only_with_trigger.py
[2022-11-06T03:27:59.086+0200] {logging_mixin.py:120} INFO - [2022-11-06T03:27:59.085+0200] {dag.py:2585} INFO - Sync 1 DAGs
[2022-11-06T03:27:59.100+0200] {logging_mixin.py:120} INFO - [2022-11-06T03:27:59.100+0200] {dag.py:3336} INFO - Setting next_dagrun for latest_only_with_trigger to 2022-11-05T21:27:59.100187+00:00, run_after=2022-11-06T01:27:59.100187+00:00
[2022-11-06T03:27:59.120+0200] {processor.py:176} INFO - Processing /Users/mnagy99/opt/anaconda3/envs/airflow-env/lib/python3.8/site-packages/airflow/example_dags/example_latest_only_with_trigger.py took 0.538 seconds
[2022-11-06T03:30:01.597+0200] {processor.py:154} INFO - Started process (PID=7522) to work on /Users/mnagy99/opt/anaconda3/envs/airflow-env/lib/python3.8/site-packages/airflow/example_dags/example_latest_only_with_trigger.py
[2022-11-06T03:30:01.600+0200] {processor.py:756} INFO - Processing file /Users/mnagy99/opt/anaconda3/envs/airflow-env/lib/python3.8/site-packages/airflow/example_dags/example_latest_only_with_trigger.py for tasks to queue
[2022-11-06T03:30:01.600+0200] {logging_mixin.py:120} INFO - [2022-11-06T03:30:01.600+0200] {dagbag.py:537} INFO - Filling up the DagBag from /Users/mnagy99/opt/anaconda3/envs/airflow-env/lib/python3.8/site-packages/airflow/example_dags/example_latest_only_with_trigger.py
[2022-11-06T03:30:01.627+0200] {processor.py:766} INFO - DAG(s) dict_keys(['latest_only_with_trigger']) retrieved from /Users/mnagy99/opt/anaconda3/envs/airflow-env/lib/python3.8/site-packages/airflow/example_dags/example_latest_only_with_trigger.py
[2022-11-06T03:30:02.059+0200] {logging_mixin.py:120} INFO - [2022-11-06T03:30:02.059+0200] {dag.py:2585} INFO - Sync 1 DAGs
[2022-11-06T03:30:02.073+0200] {logging_mixin.py:120} INFO - [2022-11-06T03:30:02.073+0200] {dag.py:3336} INFO - Setting next_dagrun for latest_only_with_trigger to 2022-11-05T21:30:02.073018+00:00, run_after=2022-11-06T01:30:02.073018+00:00
[2022-11-06T03:30:02.088+0200] {processor.py:176} INFO - Processing /Users/mnagy99/opt/anaconda3/envs/airflow-env/lib/python3.8/site-packages/airflow/example_dags/example_latest_only_with_trigger.py took 0.491 seconds
[2022-11-06T03:32:02.134+0200] {processor.py:154} INFO - Started process (PID=7649) to work on /Users/mnagy99/opt/anaconda3/envs/airflow-env/lib/python3.8/site-packages/airflow/example_dags/example_latest_only_with_trigger.py
[2022-11-06T03:32:02.136+0200] {processor.py:756} INFO - Processing file /Users/mnagy99/opt/anaconda3/envs/airflow-env/lib/python3.8/site-packages/airflow/example_dags/example_latest_only_with_trigger.py for tasks to queue
[2022-11-06T03:32:02.137+0200] {logging_mixin.py:120} INFO - [2022-11-06T03:32:02.137+0200] {dagbag.py:537} INFO - Filling up the DagBag from /Users/mnagy99/opt/anaconda3/envs/airflow-env/lib/python3.8/site-packages/airflow/example_dags/example_latest_only_with_trigger.py
[2022-11-06T03:32:02.164+0200] {processor.py:766} INFO - DAG(s) dict_keys(['latest_only_with_trigger']) retrieved from /Users/mnagy99/opt/anaconda3/envs/airflow-env/lib/python3.8/site-packages/airflow/example_dags/example_latest_only_with_trigger.py
[2022-11-06T03:32:02.599+0200] {logging_mixin.py:120} INFO - [2022-11-06T03:32:02.598+0200] {dag.py:2585} INFO - Sync 1 DAGs
[2022-11-06T03:32:02.613+0200] {logging_mixin.py:120} INFO - [2022-11-06T03:32:02.613+0200] {dag.py:3336} INFO - Setting next_dagrun for latest_only_with_trigger to 2022-11-05T21:32:02.613575+00:00, run_after=2022-11-06T01:32:02.613575+00:00
[2022-11-06T03:32:02.631+0200] {processor.py:176} INFO - Processing /Users/mnagy99/opt/anaconda3/envs/airflow-env/lib/python3.8/site-packages/airflow/example_dags/example_latest_only_with_trigger.py took 0.498 seconds
[2022-11-06T03:34:13.705+0200] {processor.py:154} INFO - Started process (PID=7786) to work on /Users/mnagy99/opt/anaconda3/envs/airflow-env/lib/python3.8/site-packages/airflow/example_dags/example_latest_only_with_trigger.py
[2022-11-06T03:34:13.706+0200] {processor.py:756} INFO - Processing file /Users/mnagy99/opt/anaconda3/envs/airflow-env/lib/python3.8/site-packages/airflow/example_dags/example_latest_only_with_trigger.py for tasks to queue
[2022-11-06T03:34:13.707+0200] {logging_mixin.py:120} INFO - [2022-11-06T03:34:13.706+0200] {dagbag.py:537} INFO - Filling up the DagBag from /Users/mnagy99/opt/anaconda3/envs/airflow-env/lib/python3.8/site-packages/airflow/example_dags/example_latest_only_with_trigger.py
[2022-11-06T03:34:13.727+0200] {processor.py:766} INFO - DAG(s) dict_keys(['latest_only_with_trigger']) retrieved from /Users/mnagy99/opt/anaconda3/envs/airflow-env/lib/python3.8/site-packages/airflow/example_dags/example_latest_only_with_trigger.py
[2022-11-06T03:34:14.259+0200] {logging_mixin.py:120} INFO - [2022-11-06T03:34:14.259+0200] {dag.py:2585} INFO - Sync 1 DAGs
[2022-11-06T03:34:14.273+0200] {logging_mixin.py:120} INFO - [2022-11-06T03:34:14.273+0200] {dag.py:3336} INFO - Setting next_dagrun for latest_only_with_trigger to 2022-11-05T21:34:14.273278+00:00, run_after=2022-11-06T01:34:14.273278+00:00
[2022-11-06T03:34:14.291+0200] {processor.py:176} INFO - Processing /Users/mnagy99/opt/anaconda3/envs/airflow-env/lib/python3.8/site-packages/airflow/example_dags/example_latest_only_with_trigger.py took 0.586 seconds
[2022-11-06T03:36:19.486+0200] {processor.py:154} INFO - Started process (PID=7960) to work on /Users/mnagy99/opt/anaconda3/envs/airflow-env/lib/python3.8/site-packages/airflow/example_dags/example_latest_only_with_trigger.py
[2022-11-06T03:36:19.488+0200] {processor.py:756} INFO - Processing file /Users/mnagy99/opt/anaconda3/envs/airflow-env/lib/python3.8/site-packages/airflow/example_dags/example_latest_only_with_trigger.py for tasks to queue
[2022-11-06T03:36:19.489+0200] {logging_mixin.py:120} INFO - [2022-11-06T03:36:19.489+0200] {dagbag.py:537} INFO - Filling up the DagBag from /Users/mnagy99/opt/anaconda3/envs/airflow-env/lib/python3.8/site-packages/airflow/example_dags/example_latest_only_with_trigger.py
[2022-11-06T03:36:19.519+0200] {processor.py:766} INFO - DAG(s) dict_keys(['latest_only_with_trigger']) retrieved from /Users/mnagy99/opt/anaconda3/envs/airflow-env/lib/python3.8/site-packages/airflow/example_dags/example_latest_only_with_trigger.py
[2022-11-06T03:36:19.952+0200] {logging_mixin.py:120} INFO - [2022-11-06T03:36:19.952+0200] {dag.py:2585} INFO - Sync 1 DAGs
[2022-11-06T03:36:19.966+0200] {logging_mixin.py:120} INFO - [2022-11-06T03:36:19.966+0200] {dag.py:3336} INFO - Setting next_dagrun for latest_only_with_trigger to 2022-11-05T21:36:19.966075+00:00, run_after=2022-11-06T01:36:19.966075+00:00
[2022-11-06T03:36:19.987+0200] {processor.py:176} INFO - Processing /Users/mnagy99/opt/anaconda3/envs/airflow-env/lib/python3.8/site-packages/airflow/example_dags/example_latest_only_with_trigger.py took 0.502 seconds
[2022-11-06T03:38:20.956+0200] {processor.py:154} INFO - Started process (PID=8083) to work on /Users/mnagy99/opt/anaconda3/envs/airflow-env/lib/python3.8/site-packages/airflow/example_dags/example_latest_only_with_trigger.py
[2022-11-06T03:38:20.959+0200] {processor.py:756} INFO - Processing file /Users/mnagy99/opt/anaconda3/envs/airflow-env/lib/python3.8/site-packages/airflow/example_dags/example_latest_only_with_trigger.py for tasks to queue
[2022-11-06T03:38:20.959+0200] {logging_mixin.py:120} INFO - [2022-11-06T03:38:20.959+0200] {dagbag.py:537} INFO - Filling up the DagBag from /Users/mnagy99/opt/anaconda3/envs/airflow-env/lib/python3.8/site-packages/airflow/example_dags/example_latest_only_with_trigger.py
[2022-11-06T03:38:20.985+0200] {processor.py:766} INFO - DAG(s) dict_keys(['latest_only_with_trigger']) retrieved from /Users/mnagy99/opt/anaconda3/envs/airflow-env/lib/python3.8/site-packages/airflow/example_dags/example_latest_only_with_trigger.py
[2022-11-06T03:38:21.415+0200] {logging_mixin.py:120} INFO - [2022-11-06T03:38:21.415+0200] {dag.py:2585} INFO - Sync 1 DAGs
[2022-11-06T03:38:21.429+0200] {logging_mixin.py:120} INFO - [2022-11-06T03:38:21.429+0200] {dag.py:3336} INFO - Setting next_dagrun for latest_only_with_trigger to 2022-11-05T21:38:21.429527+00:00, run_after=2022-11-06T01:38:21.429527+00:00
[2022-11-06T03:38:21.448+0200] {processor.py:176} INFO - Processing /Users/mnagy99/opt/anaconda3/envs/airflow-env/lib/python3.8/site-packages/airflow/example_dags/example_latest_only_with_trigger.py took 0.492 seconds
[2022-11-06T03:40:20.641+0200] {processor.py:154} INFO - Started process (PID=8206) to work on /Users/mnagy99/opt/anaconda3/envs/airflow-env/lib/python3.8/site-packages/airflow/example_dags/example_latest_only_with_trigger.py
[2022-11-06T03:40:20.642+0200] {processor.py:756} INFO - Processing file /Users/mnagy99/opt/anaconda3/envs/airflow-env/lib/python3.8/site-packages/airflow/example_dags/example_latest_only_with_trigger.py for tasks to queue
[2022-11-06T03:40:20.643+0200] {logging_mixin.py:120} INFO - [2022-11-06T03:40:20.643+0200] {dagbag.py:537} INFO - Filling up the DagBag from /Users/mnagy99/opt/anaconda3/envs/airflow-env/lib/python3.8/site-packages/airflow/example_dags/example_latest_only_with_trigger.py
[2022-11-06T03:40:20.667+0200] {processor.py:766} INFO - DAG(s) dict_keys(['latest_only_with_trigger']) retrieved from /Users/mnagy99/opt/anaconda3/envs/airflow-env/lib/python3.8/site-packages/airflow/example_dags/example_latest_only_with_trigger.py
[2022-11-06T03:40:21.148+0200] {logging_mixin.py:120} INFO - [2022-11-06T03:40:21.148+0200] {dag.py:2585} INFO - Sync 1 DAGs
[2022-11-06T03:40:21.162+0200] {logging_mixin.py:120} INFO - [2022-11-06T03:40:21.162+0200] {dag.py:3336} INFO - Setting next_dagrun for latest_only_with_trigger to 2022-11-05T21:40:21.162136+00:00, run_after=2022-11-06T01:40:21.162136+00:00
[2022-11-06T03:40:21.177+0200] {processor.py:176} INFO - Processing /Users/mnagy99/opt/anaconda3/envs/airflow-env/lib/python3.8/site-packages/airflow/example_dags/example_latest_only_with_trigger.py took 0.537 seconds
[2022-11-06T03:42:20.071+0200] {processor.py:154} INFO - Started process (PID=8326) to work on /Users/mnagy99/opt/anaconda3/envs/airflow-env/lib/python3.8/site-packages/airflow/example_dags/example_latest_only_with_trigger.py
[2022-11-06T03:42:20.071+0200] {processor.py:756} INFO - Processing file /Users/mnagy99/opt/anaconda3/envs/airflow-env/lib/python3.8/site-packages/airflow/example_dags/example_latest_only_with_trigger.py for tasks to queue
[2022-11-06T03:42:20.072+0200] {logging_mixin.py:120} INFO - [2022-11-06T03:42:20.072+0200] {dagbag.py:537} INFO - Filling up the DagBag from /Users/mnagy99/opt/anaconda3/envs/airflow-env/lib/python3.8/site-packages/airflow/example_dags/example_latest_only_with_trigger.py
[2022-11-06T03:42:20.092+0200] {processor.py:766} INFO - DAG(s) dict_keys(['latest_only_with_trigger']) retrieved from /Users/mnagy99/opt/anaconda3/envs/airflow-env/lib/python3.8/site-packages/airflow/example_dags/example_latest_only_with_trigger.py
[2022-11-06T03:42:20.521+0200] {logging_mixin.py:120} INFO - [2022-11-06T03:42:20.521+0200] {dag.py:2585} INFO - Sync 1 DAGs
[2022-11-06T03:42:20.534+0200] {logging_mixin.py:120} INFO - [2022-11-06T03:42:20.534+0200] {dag.py:3336} INFO - Setting next_dagrun for latest_only_with_trigger to 2022-11-05T21:42:20.534643+00:00, run_after=2022-11-06T01:42:20.534643+00:00
[2022-11-06T03:42:20.552+0200] {processor.py:176} INFO - Processing /Users/mnagy99/opt/anaconda3/envs/airflow-env/lib/python3.8/site-packages/airflow/example_dags/example_latest_only_with_trigger.py took 0.482 seconds
[2022-11-06T03:44:20.025+0200] {processor.py:154} INFO - Started process (PID=8457) to work on /Users/mnagy99/opt/anaconda3/envs/airflow-env/lib/python3.8/site-packages/airflow/example_dags/example_latest_only_with_trigger.py
[2022-11-06T03:44:20.026+0200] {processor.py:756} INFO - Processing file /Users/mnagy99/opt/anaconda3/envs/airflow-env/lib/python3.8/site-packages/airflow/example_dags/example_latest_only_with_trigger.py for tasks to queue
[2022-11-06T03:44:20.026+0200] {logging_mixin.py:120} INFO - [2022-11-06T03:44:20.026+0200] {dagbag.py:537} INFO - Filling up the DagBag from /Users/mnagy99/opt/anaconda3/envs/airflow-env/lib/python3.8/site-packages/airflow/example_dags/example_latest_only_with_trigger.py
[2022-11-06T03:44:20.115+0200] {processor.py:766} INFO - DAG(s) dict_keys(['latest_only_with_trigger']) retrieved from /Users/mnagy99/opt/anaconda3/envs/airflow-env/lib/python3.8/site-packages/airflow/example_dags/example_latest_only_with_trigger.py
[2022-11-06T03:44:20.785+0200] {logging_mixin.py:120} INFO - [2022-11-06T03:44:20.785+0200] {dag.py:2585} INFO - Sync 1 DAGs
[2022-11-06T03:44:20.801+0200] {logging_mixin.py:120} INFO - [2022-11-06T03:44:20.801+0200] {dag.py:3336} INFO - Setting next_dagrun for latest_only_with_trigger to 2022-11-05T21:44:20.800931+00:00, run_after=2022-11-06T01:44:20.800931+00:00
[2022-11-06T03:44:20.818+0200] {processor.py:176} INFO - Processing /Users/mnagy99/opt/anaconda3/envs/airflow-env/lib/python3.8/site-packages/airflow/example_dags/example_latest_only_with_trigger.py took 0.794 seconds
[2022-11-06T03:46:22.437+0200] {processor.py:154} INFO - Started process (PID=8594) to work on /Users/mnagy99/opt/anaconda3/envs/airflow-env/lib/python3.8/site-packages/airflow/example_dags/example_latest_only_with_trigger.py
[2022-11-06T03:46:22.440+0200] {processor.py:756} INFO - Processing file /Users/mnagy99/opt/anaconda3/envs/airflow-env/lib/python3.8/site-packages/airflow/example_dags/example_latest_only_with_trigger.py for tasks to queue
[2022-11-06T03:46:22.440+0200] {logging_mixin.py:120} INFO - [2022-11-06T03:46:22.440+0200] {dagbag.py:537} INFO - Filling up the DagBag from /Users/mnagy99/opt/anaconda3/envs/airflow-env/lib/python3.8/site-packages/airflow/example_dags/example_latest_only_with_trigger.py
[2022-11-06T03:46:22.464+0200] {processor.py:766} INFO - DAG(s) dict_keys(['latest_only_with_trigger']) retrieved from /Users/mnagy99/opt/anaconda3/envs/airflow-env/lib/python3.8/site-packages/airflow/example_dags/example_latest_only_with_trigger.py
[2022-11-06T03:46:22.927+0200] {logging_mixin.py:120} INFO - [2022-11-06T03:46:22.927+0200] {dag.py:2585} INFO - Sync 1 DAGs
[2022-11-06T03:46:22.943+0200] {logging_mixin.py:120} INFO - [2022-11-06T03:46:22.943+0200] {dag.py:3336} INFO - Setting next_dagrun for latest_only_with_trigger to 2022-11-05T21:46:22.943712+00:00, run_after=2022-11-06T01:46:22.943712+00:00
[2022-11-06T03:46:22.966+0200] {processor.py:176} INFO - Processing /Users/mnagy99/opt/anaconda3/envs/airflow-env/lib/python3.8/site-packages/airflow/example_dags/example_latest_only_with_trigger.py took 0.530 seconds
[2022-11-06T03:48:27.608+0200] {processor.py:154} INFO - Started process (PID=8713) to work on /Users/mnagy99/opt/anaconda3/envs/airflow-env/lib/python3.8/site-packages/airflow/example_dags/example_latest_only_with_trigger.py
[2022-11-06T03:48:27.609+0200] {processor.py:756} INFO - Processing file /Users/mnagy99/opt/anaconda3/envs/airflow-env/lib/python3.8/site-packages/airflow/example_dags/example_latest_only_with_trigger.py for tasks to queue
[2022-11-06T03:48:27.610+0200] {logging_mixin.py:120} INFO - [2022-11-06T03:48:27.610+0200] {dagbag.py:537} INFO - Filling up the DagBag from /Users/mnagy99/opt/anaconda3/envs/airflow-env/lib/python3.8/site-packages/airflow/example_dags/example_latest_only_with_trigger.py
[2022-11-06T03:48:27.640+0200] {processor.py:766} INFO - DAG(s) dict_keys(['latest_only_with_trigger']) retrieved from /Users/mnagy99/opt/anaconda3/envs/airflow-env/lib/python3.8/site-packages/airflow/example_dags/example_latest_only_with_trigger.py
[2022-11-06T03:48:28.116+0200] {logging_mixin.py:120} INFO - [2022-11-06T03:48:28.116+0200] {dag.py:2585} INFO - Sync 1 DAGs
[2022-11-06T03:48:28.130+0200] {logging_mixin.py:120} INFO - [2022-11-06T03:48:28.130+0200] {dag.py:3336} INFO - Setting next_dagrun for latest_only_with_trigger to 2022-11-05T21:48:28.130284+00:00, run_after=2022-11-06T01:48:28.130284+00:00
[2022-11-06T03:48:28.148+0200] {processor.py:176} INFO - Processing /Users/mnagy99/opt/anaconda3/envs/airflow-env/lib/python3.8/site-packages/airflow/example_dags/example_latest_only_with_trigger.py took 0.541 seconds
[2022-11-06T03:50:32.014+0200] {processor.py:154} INFO - Started process (PID=8837) to work on /Users/mnagy99/opt/anaconda3/envs/airflow-env/lib/python3.8/site-packages/airflow/example_dags/example_latest_only_with_trigger.py
[2022-11-06T03:50:32.017+0200] {processor.py:756} INFO - Processing file /Users/mnagy99/opt/anaconda3/envs/airflow-env/lib/python3.8/site-packages/airflow/example_dags/example_latest_only_with_trigger.py for tasks to queue
[2022-11-06T03:50:32.018+0200] {logging_mixin.py:120} INFO - [2022-11-06T03:50:32.018+0200] {dagbag.py:537} INFO - Filling up the DagBag from /Users/mnagy99/opt/anaconda3/envs/airflow-env/lib/python3.8/site-packages/airflow/example_dags/example_latest_only_with_trigger.py
[2022-11-06T03:50:32.044+0200] {processor.py:766} INFO - DAG(s) dict_keys(['latest_only_with_trigger']) retrieved from /Users/mnagy99/opt/anaconda3/envs/airflow-env/lib/python3.8/site-packages/airflow/example_dags/example_latest_only_with_trigger.py
[2022-11-06T03:50:32.480+0200] {logging_mixin.py:120} INFO - [2022-11-06T03:50:32.479+0200] {dag.py:2585} INFO - Sync 1 DAGs
[2022-11-06T03:50:32.499+0200] {logging_mixin.py:120} INFO - [2022-11-06T03:50:32.499+0200] {dag.py:3336} INFO - Setting next_dagrun for latest_only_with_trigger to 2022-11-05T21:50:32.499425+00:00, run_after=2022-11-06T01:50:32.499425+00:00
[2022-11-06T03:50:32.517+0200] {processor.py:176} INFO - Processing /Users/mnagy99/opt/anaconda3/envs/airflow-env/lib/python3.8/site-packages/airflow/example_dags/example_latest_only_with_trigger.py took 0.503 seconds
[2022-11-06T03:52:37.889+0200] {processor.py:154} INFO - Started process (PID=8966) to work on /Users/mnagy99/opt/anaconda3/envs/airflow-env/lib/python3.8/site-packages/airflow/example_dags/example_latest_only_with_trigger.py
[2022-11-06T03:52:37.892+0200] {processor.py:756} INFO - Processing file /Users/mnagy99/opt/anaconda3/envs/airflow-env/lib/python3.8/site-packages/airflow/example_dags/example_latest_only_with_trigger.py for tasks to queue
[2022-11-06T03:52:37.893+0200] {logging_mixin.py:120} INFO - [2022-11-06T03:52:37.892+0200] {dagbag.py:537} INFO - Filling up the DagBag from /Users/mnagy99/opt/anaconda3/envs/airflow-env/lib/python3.8/site-packages/airflow/example_dags/example_latest_only_with_trigger.py
[2022-11-06T03:52:37.917+0200] {processor.py:766} INFO - DAG(s) dict_keys(['latest_only_with_trigger']) retrieved from /Users/mnagy99/opt/anaconda3/envs/airflow-env/lib/python3.8/site-packages/airflow/example_dags/example_latest_only_with_trigger.py
[2022-11-06T03:52:38.398+0200] {logging_mixin.py:120} INFO - [2022-11-06T03:52:38.398+0200] {dag.py:2585} INFO - Sync 1 DAGs
[2022-11-06T03:52:38.415+0200] {logging_mixin.py:120} INFO - [2022-11-06T03:52:38.415+0200] {dag.py:3336} INFO - Setting next_dagrun for latest_only_with_trigger to 2022-11-05T21:52:38.415244+00:00, run_after=2022-11-06T01:52:38.415244+00:00
[2022-11-06T03:52:38.435+0200] {processor.py:176} INFO - Processing /Users/mnagy99/opt/anaconda3/envs/airflow-env/lib/python3.8/site-packages/airflow/example_dags/example_latest_only_with_trigger.py took 0.546 seconds
[2022-11-06T03:54:50.124+0200] {processor.py:154} INFO - Started process (PID=9099) to work on /Users/mnagy99/opt/anaconda3/envs/airflow-env/lib/python3.8/site-packages/airflow/example_dags/example_latest_only_with_trigger.py
[2022-11-06T03:54:50.126+0200] {processor.py:756} INFO - Processing file /Users/mnagy99/opt/anaconda3/envs/airflow-env/lib/python3.8/site-packages/airflow/example_dags/example_latest_only_with_trigger.py for tasks to queue
[2022-11-06T03:54:50.127+0200] {logging_mixin.py:120} INFO - [2022-11-06T03:54:50.127+0200] {dagbag.py:537} INFO - Filling up the DagBag from /Users/mnagy99/opt/anaconda3/envs/airflow-env/lib/python3.8/site-packages/airflow/example_dags/example_latest_only_with_trigger.py
[2022-11-06T03:54:50.154+0200] {processor.py:766} INFO - DAG(s) dict_keys(['latest_only_with_trigger']) retrieved from /Users/mnagy99/opt/anaconda3/envs/airflow-env/lib/python3.8/site-packages/airflow/example_dags/example_latest_only_with_trigger.py
[2022-11-06T03:54:50.650+0200] {logging_mixin.py:120} INFO - [2022-11-06T03:54:50.650+0200] {dag.py:2585} INFO - Sync 1 DAGs
[2022-11-06T03:54:50.664+0200] {logging_mixin.py:120} INFO - [2022-11-06T03:54:50.664+0200] {dag.py:3336} INFO - Setting next_dagrun for latest_only_with_trigger to 2022-11-05T21:54:50.664537+00:00, run_after=2022-11-06T01:54:50.664537+00:00
[2022-11-06T03:54:50.682+0200] {processor.py:176} INFO - Processing /Users/mnagy99/opt/anaconda3/envs/airflow-env/lib/python3.8/site-packages/airflow/example_dags/example_latest_only_with_trigger.py took 0.559 seconds
[2022-11-06T03:57:13.159+0200] {processor.py:154} INFO - Started process (PID=9244) to work on /Users/mnagy99/opt/anaconda3/envs/airflow-env/lib/python3.8/site-packages/airflow/example_dags/example_latest_only_with_trigger.py
[2022-11-06T03:57:13.161+0200] {processor.py:756} INFO - Processing file /Users/mnagy99/opt/anaconda3/envs/airflow-env/lib/python3.8/site-packages/airflow/example_dags/example_latest_only_with_trigger.py for tasks to queue
[2022-11-06T03:57:13.162+0200] {logging_mixin.py:120} INFO - [2022-11-06T03:57:13.162+0200] {dagbag.py:537} INFO - Filling up the DagBag from /Users/mnagy99/opt/anaconda3/envs/airflow-env/lib/python3.8/site-packages/airflow/example_dags/example_latest_only_with_trigger.py
[2022-11-06T03:57:13.189+0200] {processor.py:766} INFO - DAG(s) dict_keys(['latest_only_with_trigger']) retrieved from /Users/mnagy99/opt/anaconda3/envs/airflow-env/lib/python3.8/site-packages/airflow/example_dags/example_latest_only_with_trigger.py
[2022-11-06T03:57:13.623+0200] {logging_mixin.py:120} INFO - [2022-11-06T03:57:13.623+0200] {dag.py:2585} INFO - Sync 1 DAGs
[2022-11-06T03:57:13.637+0200] {logging_mixin.py:120} INFO - [2022-11-06T03:57:13.636+0200] {dag.py:3336} INFO - Setting next_dagrun for latest_only_with_trigger to 2022-11-05T21:57:13.636812+00:00, run_after=2022-11-06T01:57:13.636812+00:00
[2022-11-06T03:57:13.653+0200] {processor.py:176} INFO - Processing /Users/mnagy99/opt/anaconda3/envs/airflow-env/lib/python3.8/site-packages/airflow/example_dags/example_latest_only_with_trigger.py took 0.495 seconds
[2022-11-06T03:59:25.803+0200] {processor.py:154} INFO - Started process (PID=9374) to work on /Users/mnagy99/opt/anaconda3/envs/airflow-env/lib/python3.8/site-packages/airflow/example_dags/example_latest_only_with_trigger.py
[2022-11-06T03:59:25.805+0200] {processor.py:756} INFO - Processing file /Users/mnagy99/opt/anaconda3/envs/airflow-env/lib/python3.8/site-packages/airflow/example_dags/example_latest_only_with_trigger.py for tasks to queue
[2022-11-06T03:59:25.806+0200] {logging_mixin.py:120} INFO - [2022-11-06T03:59:25.806+0200] {dagbag.py:537} INFO - Filling up the DagBag from /Users/mnagy99/opt/anaconda3/envs/airflow-env/lib/python3.8/site-packages/airflow/example_dags/example_latest_only_with_trigger.py
[2022-11-06T03:59:25.843+0200] {processor.py:766} INFO - DAG(s) dict_keys(['latest_only_with_trigger']) retrieved from /Users/mnagy99/opt/anaconda3/envs/airflow-env/lib/python3.8/site-packages/airflow/example_dags/example_latest_only_with_trigger.py
[2022-11-06T03:59:26.421+0200] {logging_mixin.py:120} INFO - [2022-11-06T03:59:26.421+0200] {dag.py:2585} INFO - Sync 1 DAGs
[2022-11-06T03:59:26.437+0200] {logging_mixin.py:120} INFO - [2022-11-06T03:59:26.437+0200] {dag.py:3336} INFO - Setting next_dagrun for latest_only_with_trigger to 2022-11-05T21:59:26.437124+00:00, run_after=2022-11-06T01:59:26.437124+00:00
[2022-11-06T03:59:26.452+0200] {processor.py:176} INFO - Processing /Users/mnagy99/opt/anaconda3/envs/airflow-env/lib/python3.8/site-packages/airflow/example_dags/example_latest_only_with_trigger.py took 0.652 seconds
[2022-11-06T04:01:52.276+0200] {processor.py:154} INFO - Started process (PID=9530) to work on /Users/mnagy99/opt/anaconda3/envs/airflow-env/lib/python3.8/site-packages/airflow/example_dags/example_latest_only_with_trigger.py
[2022-11-06T04:01:52.279+0200] {processor.py:756} INFO - Processing file /Users/mnagy99/opt/anaconda3/envs/airflow-env/lib/python3.8/site-packages/airflow/example_dags/example_latest_only_with_trigger.py for tasks to queue
[2022-11-06T04:01:52.279+0200] {logging_mixin.py:120} INFO - [2022-11-06T04:01:52.279+0200] {dagbag.py:537} INFO - Filling up the DagBag from /Users/mnagy99/opt/anaconda3/envs/airflow-env/lib/python3.8/site-packages/airflow/example_dags/example_latest_only_with_trigger.py
[2022-11-06T04:01:52.304+0200] {processor.py:766} INFO - DAG(s) dict_keys(['latest_only_with_trigger']) retrieved from /Users/mnagy99/opt/anaconda3/envs/airflow-env/lib/python3.8/site-packages/airflow/example_dags/example_latest_only_with_trigger.py
[2022-11-06T04:01:52.763+0200] {logging_mixin.py:120} INFO - [2022-11-06T04:01:52.763+0200] {dag.py:2585} INFO - Sync 1 DAGs
[2022-11-06T04:01:52.779+0200] {logging_mixin.py:120} INFO - [2022-11-06T04:01:52.778+0200] {dag.py:3336} INFO - Setting next_dagrun for latest_only_with_trigger to 2022-11-05T22:01:52.778856+00:00, run_after=2022-11-06T02:01:52.778856+00:00
[2022-11-06T04:01:52.797+0200] {processor.py:176} INFO - Processing /Users/mnagy99/opt/anaconda3/envs/airflow-env/lib/python3.8/site-packages/airflow/example_dags/example_latest_only_with_trigger.py took 0.521 seconds
[2022-11-06T04:04:10.158+0200] {processor.py:154} INFO - Started process (PID=9668) to work on /Users/mnagy99/opt/anaconda3/envs/airflow-env/lib/python3.8/site-packages/airflow/example_dags/example_latest_only_with_trigger.py
[2022-11-06T04:04:10.160+0200] {processor.py:756} INFO - Processing file /Users/mnagy99/opt/anaconda3/envs/airflow-env/lib/python3.8/site-packages/airflow/example_dags/example_latest_only_with_trigger.py for tasks to queue
[2022-11-06T04:04:10.161+0200] {logging_mixin.py:120} INFO - [2022-11-06T04:04:10.161+0200] {dagbag.py:537} INFO - Filling up the DagBag from /Users/mnagy99/opt/anaconda3/envs/airflow-env/lib/python3.8/site-packages/airflow/example_dags/example_latest_only_with_trigger.py
[2022-11-06T04:04:10.194+0200] {processor.py:766} INFO - DAG(s) dict_keys(['latest_only_with_trigger']) retrieved from /Users/mnagy99/opt/anaconda3/envs/airflow-env/lib/python3.8/site-packages/airflow/example_dags/example_latest_only_with_trigger.py
[2022-11-06T04:04:10.788+0200] {logging_mixin.py:120} INFO - [2022-11-06T04:04:10.788+0200] {dag.py:2585} INFO - Sync 1 DAGs
[2022-11-06T04:04:10.810+0200] {logging_mixin.py:120} INFO - [2022-11-06T04:04:10.810+0200] {dag.py:3336} INFO - Setting next_dagrun for latest_only_with_trigger to 2022-11-05T22:04:10.810262+00:00, run_after=2022-11-06T02:04:10.810262+00:00
[2022-11-06T04:04:10.832+0200] {processor.py:176} INFO - Processing /Users/mnagy99/opt/anaconda3/envs/airflow-env/lib/python3.8/site-packages/airflow/example_dags/example_latest_only_with_trigger.py took 0.676 seconds
[2022-11-06T04:06:46.466+0200] {processor.py:154} INFO - Started process (PID=9834) to work on /Users/mnagy99/opt/anaconda3/envs/airflow-env/lib/python3.8/site-packages/airflow/example_dags/example_latest_only_with_trigger.py
[2022-11-06T04:06:46.468+0200] {processor.py:756} INFO - Processing file /Users/mnagy99/opt/anaconda3/envs/airflow-env/lib/python3.8/site-packages/airflow/example_dags/example_latest_only_with_trigger.py for tasks to queue
[2022-11-06T04:06:46.469+0200] {logging_mixin.py:120} INFO - [2022-11-06T04:06:46.468+0200] {dagbag.py:537} INFO - Filling up the DagBag from /Users/mnagy99/opt/anaconda3/envs/airflow-env/lib/python3.8/site-packages/airflow/example_dags/example_latest_only_with_trigger.py
[2022-11-06T04:06:46.493+0200] {processor.py:766} INFO - DAG(s) dict_keys(['latest_only_with_trigger']) retrieved from /Users/mnagy99/opt/anaconda3/envs/airflow-env/lib/python3.8/site-packages/airflow/example_dags/example_latest_only_with_trigger.py
[2022-11-06T04:06:47.313+0200] {logging_mixin.py:120} INFO - [2022-11-06T04:06:47.312+0200] {dag.py:2585} INFO - Sync 1 DAGs
[2022-11-06T04:06:47.329+0200] {logging_mixin.py:120} INFO - [2022-11-06T04:06:47.329+0200] {dag.py:3336} INFO - Setting next_dagrun for latest_only_with_trigger to 2022-11-05T22:06:47.329372+00:00, run_after=2022-11-06T02:06:47.329372+00:00
[2022-11-06T04:06:47.346+0200] {processor.py:176} INFO - Processing /Users/mnagy99/opt/anaconda3/envs/airflow-env/lib/python3.8/site-packages/airflow/example_dags/example_latest_only_with_trigger.py took 0.881 seconds
[2022-11-06T04:08:52.143+0200] {processor.py:154} INFO - Started process (PID=9966) to work on /Users/mnagy99/opt/anaconda3/envs/airflow-env/lib/python3.8/site-packages/airflow/example_dags/example_latest_only_with_trigger.py
[2022-11-06T04:08:52.145+0200] {processor.py:756} INFO - Processing file /Users/mnagy99/opt/anaconda3/envs/airflow-env/lib/python3.8/site-packages/airflow/example_dags/example_latest_only_with_trigger.py for tasks to queue
[2022-11-06T04:08:52.146+0200] {logging_mixin.py:120} INFO - [2022-11-06T04:08:52.146+0200] {dagbag.py:537} INFO - Filling up the DagBag from /Users/mnagy99/opt/anaconda3/envs/airflow-env/lib/python3.8/site-packages/airflow/example_dags/example_latest_only_with_trigger.py
[2022-11-06T04:08:52.175+0200] {processor.py:766} INFO - DAG(s) dict_keys(['latest_only_with_trigger']) retrieved from /Users/mnagy99/opt/anaconda3/envs/airflow-env/lib/python3.8/site-packages/airflow/example_dags/example_latest_only_with_trigger.py
[2022-11-06T04:08:52.617+0200] {logging_mixin.py:120} INFO - [2022-11-06T04:08:52.617+0200] {dag.py:2585} INFO - Sync 1 DAGs
[2022-11-06T04:08:52.631+0200] {logging_mixin.py:120} INFO - [2022-11-06T04:08:52.631+0200] {dag.py:3336} INFO - Setting next_dagrun for latest_only_with_trigger to 2022-11-05T22:08:52.631606+00:00, run_after=2022-11-06T02:08:52.631606+00:00
[2022-11-06T04:08:52.648+0200] {processor.py:176} INFO - Processing /Users/mnagy99/opt/anaconda3/envs/airflow-env/lib/python3.8/site-packages/airflow/example_dags/example_latest_only_with_trigger.py took 0.506 seconds
[2022-11-06T04:10:58.314+0200] {processor.py:154} INFO - Started process (PID=10100) to work on /Users/mnagy99/opt/anaconda3/envs/airflow-env/lib/python3.8/site-packages/airflow/example_dags/example_latest_only_with_trigger.py
[2022-11-06T04:10:58.315+0200] {processor.py:756} INFO - Processing file /Users/mnagy99/opt/anaconda3/envs/airflow-env/lib/python3.8/site-packages/airflow/example_dags/example_latest_only_with_trigger.py for tasks to queue
[2022-11-06T04:10:58.316+0200] {logging_mixin.py:120} INFO - [2022-11-06T04:10:58.316+0200] {dagbag.py:537} INFO - Filling up the DagBag from /Users/mnagy99/opt/anaconda3/envs/airflow-env/lib/python3.8/site-packages/airflow/example_dags/example_latest_only_with_trigger.py
[2022-11-06T04:10:58.396+0200] {processor.py:766} INFO - DAG(s) dict_keys(['latest_only_with_trigger']) retrieved from /Users/mnagy99/opt/anaconda3/envs/airflow-env/lib/python3.8/site-packages/airflow/example_dags/example_latest_only_with_trigger.py
[2022-11-06T04:10:58.876+0200] {logging_mixin.py:120} INFO - [2022-11-06T04:10:58.876+0200] {dag.py:2585} INFO - Sync 1 DAGs
[2022-11-06T04:10:58.890+0200] {logging_mixin.py:120} INFO - [2022-11-06T04:10:58.889+0200] {dag.py:3336} INFO - Setting next_dagrun for latest_only_with_trigger to 2022-11-05T22:10:58.889881+00:00, run_after=2022-11-06T02:10:58.889881+00:00
[2022-11-06T04:10:58.905+0200] {processor.py:176} INFO - Processing /Users/mnagy99/opt/anaconda3/envs/airflow-env/lib/python3.8/site-packages/airflow/example_dags/example_latest_only_with_trigger.py took 0.592 seconds
[2022-11-06T04:13:20.808+0200] {processor.py:154} INFO - Started process (PID=10252) to work on /Users/mnagy99/opt/anaconda3/envs/airflow-env/lib/python3.8/site-packages/airflow/example_dags/example_latest_only_with_trigger.py
[2022-11-06T04:13:20.809+0200] {processor.py:756} INFO - Processing file /Users/mnagy99/opt/anaconda3/envs/airflow-env/lib/python3.8/site-packages/airflow/example_dags/example_latest_only_with_trigger.py for tasks to queue
[2022-11-06T04:13:20.810+0200] {logging_mixin.py:120} INFO - [2022-11-06T04:13:20.810+0200] {dagbag.py:537} INFO - Filling up the DagBag from /Users/mnagy99/opt/anaconda3/envs/airflow-env/lib/python3.8/site-packages/airflow/example_dags/example_latest_only_with_trigger.py
[2022-11-06T04:13:20.834+0200] {processor.py:766} INFO - DAG(s) dict_keys(['latest_only_with_trigger']) retrieved from /Users/mnagy99/opt/anaconda3/envs/airflow-env/lib/python3.8/site-packages/airflow/example_dags/example_latest_only_with_trigger.py
[2022-11-06T04:13:21.312+0200] {logging_mixin.py:120} INFO - [2022-11-06T04:13:21.312+0200] {dag.py:2585} INFO - Sync 1 DAGs
[2022-11-06T04:13:21.327+0200] {logging_mixin.py:120} INFO - [2022-11-06T04:13:21.327+0200] {dag.py:3336} INFO - Setting next_dagrun for latest_only_with_trigger to 2022-11-05T22:13:21.327074+00:00, run_after=2022-11-06T02:13:21.327074+00:00
[2022-11-06T04:13:21.342+0200] {processor.py:176} INFO - Processing /Users/mnagy99/opt/anaconda3/envs/airflow-env/lib/python3.8/site-packages/airflow/example_dags/example_latest_only_with_trigger.py took 0.535 seconds
[2022-11-06T04:15:20.556+0200] {processor.py:154} INFO - Started process (PID=10383) to work on /Users/mnagy99/opt/anaconda3/envs/airflow-env/lib/python3.8/site-packages/airflow/example_dags/example_latest_only_with_trigger.py
[2022-11-06T04:15:20.557+0200] {processor.py:756} INFO - Processing file /Users/mnagy99/opt/anaconda3/envs/airflow-env/lib/python3.8/site-packages/airflow/example_dags/example_latest_only_with_trigger.py for tasks to queue
[2022-11-06T04:15:20.558+0200] {logging_mixin.py:120} INFO - [2022-11-06T04:15:20.558+0200] {dagbag.py:537} INFO - Filling up the DagBag from /Users/mnagy99/opt/anaconda3/envs/airflow-env/lib/python3.8/site-packages/airflow/example_dags/example_latest_only_with_trigger.py
[2022-11-06T04:15:20.606+0200] {processor.py:766} INFO - DAG(s) dict_keys(['latest_only_with_trigger']) retrieved from /Users/mnagy99/opt/anaconda3/envs/airflow-env/lib/python3.8/site-packages/airflow/example_dags/example_latest_only_with_trigger.py
[2022-11-06T04:15:21.153+0200] {logging_mixin.py:120} INFO - [2022-11-06T04:15:21.153+0200] {dag.py:2585} INFO - Sync 1 DAGs
[2022-11-06T04:15:21.168+0200] {logging_mixin.py:120} INFO - [2022-11-06T04:15:21.168+0200] {dag.py:3336} INFO - Setting next_dagrun for latest_only_with_trigger to 2022-11-05T22:15:21.168095+00:00, run_after=2022-11-06T02:15:21.168095+00:00
[2022-11-06T04:15:21.193+0200] {processor.py:176} INFO - Processing /Users/mnagy99/opt/anaconda3/envs/airflow-env/lib/python3.8/site-packages/airflow/example_dags/example_latest_only_with_trigger.py took 0.638 seconds
[2022-11-06T04:17:41.507+0200] {processor.py:154} INFO - Started process (PID=10515) to work on /Users/mnagy99/opt/anaconda3/envs/airflow-env/lib/python3.8/site-packages/airflow/example_dags/example_latest_only_with_trigger.py
[2022-11-06T04:17:41.509+0200] {processor.py:756} INFO - Processing file /Users/mnagy99/opt/anaconda3/envs/airflow-env/lib/python3.8/site-packages/airflow/example_dags/example_latest_only_with_trigger.py for tasks to queue
[2022-11-06T04:17:41.510+0200] {logging_mixin.py:120} INFO - [2022-11-06T04:17:41.510+0200] {dagbag.py:537} INFO - Filling up the DagBag from /Users/mnagy99/opt/anaconda3/envs/airflow-env/lib/python3.8/site-packages/airflow/example_dags/example_latest_only_with_trigger.py
[2022-11-06T04:17:41.535+0200] {processor.py:766} INFO - DAG(s) dict_keys(['latest_only_with_trigger']) retrieved from /Users/mnagy99/opt/anaconda3/envs/airflow-env/lib/python3.8/site-packages/airflow/example_dags/example_latest_only_with_trigger.py
[2022-11-06T04:17:42.024+0200] {logging_mixin.py:120} INFO - [2022-11-06T04:17:42.024+0200] {dag.py:2585} INFO - Sync 1 DAGs
[2022-11-06T04:17:42.045+0200] {logging_mixin.py:120} INFO - [2022-11-06T04:17:42.045+0200] {dag.py:3336} INFO - Setting next_dagrun for latest_only_with_trigger to 2022-11-05T22:17:42.045668+00:00, run_after=2022-11-06T02:17:42.045668+00:00
[2022-11-06T04:17:42.069+0200] {processor.py:176} INFO - Processing /Users/mnagy99/opt/anaconda3/envs/airflow-env/lib/python3.8/site-packages/airflow/example_dags/example_latest_only_with_trigger.py took 0.563 seconds
