[2022-11-06T02:01:41.043+0200] {processor.py:154} INFO - Started process (PID=1821) to work on /Users/mnagy99/opt/anaconda3/envs/airflow-env/lib/python3.8/site-packages/airflow/example_dags/tutorial_taskflow_api.py
[2022-11-06T02:01:41.044+0200] {processor.py:756} INFO - Processing file /Users/mnagy99/opt/anaconda3/envs/airflow-env/lib/python3.8/site-packages/airflow/example_dags/tutorial_taskflow_api.py for tasks to queue
[2022-11-06T02:01:41.044+0200] {logging_mixin.py:120} INFO - [2022-11-06T02:01:41.044+0200] {dagbag.py:537} INFO - Filling up the DagBag from /Users/mnagy99/opt/anaconda3/envs/airflow-env/lib/python3.8/site-packages/airflow/example_dags/tutorial_taskflow_api.py
[2022-11-06T02:01:41.095+0200] {processor.py:766} INFO - DAG(s) dict_keys(['tutorial_taskflow_api']) retrieved from /Users/mnagy99/opt/anaconda3/envs/airflow-env/lib/python3.8/site-packages/airflow/example_dags/tutorial_taskflow_api.py
[2022-11-06T02:01:41.599+0200] {logging_mixin.py:120} INFO - [2022-11-06T02:01:41.599+0200] {dag.py:2585} INFO - Sync 1 DAGs
[2022-11-06T02:01:41.613+0200] {logging_mixin.py:120} INFO - [2022-11-06T02:01:41.613+0200] {dag.py:3336} INFO - Setting next_dagrun for tutorial_taskflow_api to None, run_after=None
[2022-11-06T02:01:41.636+0200] {processor.py:176} INFO - Processing /Users/mnagy99/opt/anaconda3/envs/airflow-env/lib/python3.8/site-packages/airflow/example_dags/tutorial_taskflow_api.py took 0.593 seconds
[2022-11-06T02:03:58.570+0200] {processor.py:154} INFO - Started process (PID=2140) to work on /Users/mnagy99/opt/anaconda3/envs/airflow-env/lib/python3.8/site-packages/airflow/example_dags/tutorial_taskflow_api.py
[2022-11-06T02:03:58.572+0200] {processor.py:756} INFO - Processing file /Users/mnagy99/opt/anaconda3/envs/airflow-env/lib/python3.8/site-packages/airflow/example_dags/tutorial_taskflow_api.py for tasks to queue
[2022-11-06T02:03:58.573+0200] {logging_mixin.py:120} INFO - [2022-11-06T02:03:58.573+0200] {dagbag.py:537} INFO - Filling up the DagBag from /Users/mnagy99/opt/anaconda3/envs/airflow-env/lib/python3.8/site-packages/airflow/example_dags/tutorial_taskflow_api.py
[2022-11-06T02:03:58.619+0200] {processor.py:766} INFO - DAG(s) dict_keys(['tutorial_taskflow_api']) retrieved from /Users/mnagy99/opt/anaconda3/envs/airflow-env/lib/python3.8/site-packages/airflow/example_dags/tutorial_taskflow_api.py
[2022-11-06T02:03:59.103+0200] {logging_mixin.py:120} INFO - [2022-11-06T02:03:59.102+0200] {dag.py:2585} INFO - Sync 1 DAGs
[2022-11-06T02:03:59.116+0200] {logging_mixin.py:120} INFO - [2022-11-06T02:03:59.116+0200] {dag.py:3336} INFO - Setting next_dagrun for tutorial_taskflow_api to None, run_after=None
[2022-11-06T02:03:59.139+0200] {processor.py:176} INFO - Processing /Users/mnagy99/opt/anaconda3/envs/airflow-env/lib/python3.8/site-packages/airflow/example_dags/tutorial_taskflow_api.py took 0.570 seconds
[2022-11-06T02:06:18.507+0200] {processor.py:154} INFO - Started process (PID=2274) to work on /Users/mnagy99/opt/anaconda3/envs/airflow-env/lib/python3.8/site-packages/airflow/example_dags/tutorial_taskflow_api.py
[2022-11-06T02:06:18.510+0200] {processor.py:756} INFO - Processing file /Users/mnagy99/opt/anaconda3/envs/airflow-env/lib/python3.8/site-packages/airflow/example_dags/tutorial_taskflow_api.py for tasks to queue
[2022-11-06T02:06:18.511+0200] {logging_mixin.py:120} INFO - [2022-11-06T02:06:18.511+0200] {dagbag.py:537} INFO - Filling up the DagBag from /Users/mnagy99/opt/anaconda3/envs/airflow-env/lib/python3.8/site-packages/airflow/example_dags/tutorial_taskflow_api.py
[2022-11-06T02:06:18.559+0200] {processor.py:766} INFO - DAG(s) dict_keys(['tutorial_taskflow_api']) retrieved from /Users/mnagy99/opt/anaconda3/envs/airflow-env/lib/python3.8/site-packages/airflow/example_dags/tutorial_taskflow_api.py
[2022-11-06T02:06:19.084+0200] {logging_mixin.py:120} INFO - [2022-11-06T02:06:19.084+0200] {dag.py:2585} INFO - Sync 1 DAGs
[2022-11-06T02:06:19.098+0200] {logging_mixin.py:120} INFO - [2022-11-06T02:06:19.098+0200] {dag.py:3336} INFO - Setting next_dagrun for tutorial_taskflow_api to None, run_after=None
[2022-11-06T02:06:19.115+0200] {processor.py:176} INFO - Processing /Users/mnagy99/opt/anaconda3/envs/airflow-env/lib/python3.8/site-packages/airflow/example_dags/tutorial_taskflow_api.py took 0.608 seconds
[2022-11-06T02:08:38.202+0200] {processor.py:154} INFO - Started process (PID=2399) to work on /Users/mnagy99/opt/anaconda3/envs/airflow-env/lib/python3.8/site-packages/airflow/example_dags/tutorial_taskflow_api.py
[2022-11-06T02:08:38.205+0200] {processor.py:756} INFO - Processing file /Users/mnagy99/opt/anaconda3/envs/airflow-env/lib/python3.8/site-packages/airflow/example_dags/tutorial_taskflow_api.py for tasks to queue
[2022-11-06T02:08:38.205+0200] {logging_mixin.py:120} INFO - [2022-11-06T02:08:38.205+0200] {dagbag.py:537} INFO - Filling up the DagBag from /Users/mnagy99/opt/anaconda3/envs/airflow-env/lib/python3.8/site-packages/airflow/example_dags/tutorial_taskflow_api.py
[2022-11-06T02:08:38.254+0200] {processor.py:766} INFO - DAG(s) dict_keys(['tutorial_taskflow_api']) retrieved from /Users/mnagy99/opt/anaconda3/envs/airflow-env/lib/python3.8/site-packages/airflow/example_dags/tutorial_taskflow_api.py
[2022-11-06T02:08:38.748+0200] {logging_mixin.py:120} INFO - [2022-11-06T02:08:38.748+0200] {dag.py:2585} INFO - Sync 1 DAGs
[2022-11-06T02:08:38.764+0200] {logging_mixin.py:120} INFO - [2022-11-06T02:08:38.763+0200] {dag.py:3336} INFO - Setting next_dagrun for tutorial_taskflow_api to None, run_after=None
[2022-11-06T02:08:38.785+0200] {processor.py:176} INFO - Processing /Users/mnagy99/opt/anaconda3/envs/airflow-env/lib/python3.8/site-packages/airflow/example_dags/tutorial_taskflow_api.py took 0.583 seconds
[2022-11-06T02:10:55.163+0200] {processor.py:154} INFO - Started process (PID=2529) to work on /Users/mnagy99/opt/anaconda3/envs/airflow-env/lib/python3.8/site-packages/airflow/example_dags/tutorial_taskflow_api.py
[2022-11-06T02:10:55.164+0200] {processor.py:756} INFO - Processing file /Users/mnagy99/opt/anaconda3/envs/airflow-env/lib/python3.8/site-packages/airflow/example_dags/tutorial_taskflow_api.py for tasks to queue
[2022-11-06T02:10:55.165+0200] {logging_mixin.py:120} INFO - [2022-11-06T02:10:55.165+0200] {dagbag.py:537} INFO - Filling up the DagBag from /Users/mnagy99/opt/anaconda3/envs/airflow-env/lib/python3.8/site-packages/airflow/example_dags/tutorial_taskflow_api.py
[2022-11-06T02:10:55.208+0200] {processor.py:766} INFO - DAG(s) dict_keys(['tutorial_taskflow_api']) retrieved from /Users/mnagy99/opt/anaconda3/envs/airflow-env/lib/python3.8/site-packages/airflow/example_dags/tutorial_taskflow_api.py
[2022-11-06T02:10:55.708+0200] {logging_mixin.py:120} INFO - [2022-11-06T02:10:55.708+0200] {dag.py:2585} INFO - Sync 1 DAGs
[2022-11-06T02:10:55.725+0200] {logging_mixin.py:120} INFO - [2022-11-06T02:10:55.725+0200] {dag.py:3336} INFO - Setting next_dagrun for tutorial_taskflow_api to None, run_after=None
[2022-11-06T02:10:55.743+0200] {processor.py:176} INFO - Processing /Users/mnagy99/opt/anaconda3/envs/airflow-env/lib/python3.8/site-packages/airflow/example_dags/tutorial_taskflow_api.py took 0.581 seconds
[2022-11-06T02:13:04.763+0200] {processor.py:154} INFO - Started process (PID=2654) to work on /Users/mnagy99/opt/anaconda3/envs/airflow-env/lib/python3.8/site-packages/airflow/example_dags/tutorial_taskflow_api.py
[2022-11-06T02:13:04.765+0200] {processor.py:756} INFO - Processing file /Users/mnagy99/opt/anaconda3/envs/airflow-env/lib/python3.8/site-packages/airflow/example_dags/tutorial_taskflow_api.py for tasks to queue
[2022-11-06T02:13:04.765+0200] {logging_mixin.py:120} INFO - [2022-11-06T02:13:04.765+0200] {dagbag.py:537} INFO - Filling up the DagBag from /Users/mnagy99/opt/anaconda3/envs/airflow-env/lib/python3.8/site-packages/airflow/example_dags/tutorial_taskflow_api.py
[2022-11-06T02:13:04.808+0200] {processor.py:766} INFO - DAG(s) dict_keys(['tutorial_taskflow_api']) retrieved from /Users/mnagy99/opt/anaconda3/envs/airflow-env/lib/python3.8/site-packages/airflow/example_dags/tutorial_taskflow_api.py
[2022-11-06T02:13:05.259+0200] {logging_mixin.py:120} INFO - [2022-11-06T02:13:05.258+0200] {dag.py:2585} INFO - Sync 1 DAGs
[2022-11-06T02:13:05.275+0200] {logging_mixin.py:120} INFO - [2022-11-06T02:13:05.274+0200] {dag.py:3336} INFO - Setting next_dagrun for tutorial_taskflow_api to None, run_after=None
[2022-11-06T02:13:05.295+0200] {processor.py:176} INFO - Processing /Users/mnagy99/opt/anaconda3/envs/airflow-env/lib/python3.8/site-packages/airflow/example_dags/tutorial_taskflow_api.py took 0.533 seconds
[2022-11-06T02:15:27.850+0200] {processor.py:154} INFO - Started process (PID=2854) to work on /Users/mnagy99/opt/anaconda3/envs/airflow-env/lib/python3.8/site-packages/airflow/example_dags/tutorial_taskflow_api.py
[2022-11-06T02:15:27.852+0200] {processor.py:756} INFO - Processing file /Users/mnagy99/opt/anaconda3/envs/airflow-env/lib/python3.8/site-packages/airflow/example_dags/tutorial_taskflow_api.py for tasks to queue
[2022-11-06T02:15:27.853+0200] {logging_mixin.py:120} INFO - [2022-11-06T02:15:27.853+0200] {dagbag.py:537} INFO - Filling up the DagBag from /Users/mnagy99/opt/anaconda3/envs/airflow-env/lib/python3.8/site-packages/airflow/example_dags/tutorial_taskflow_api.py
[2022-11-06T02:15:27.896+0200] {processor.py:766} INFO - DAG(s) dict_keys(['tutorial_taskflow_api']) retrieved from /Users/mnagy99/opt/anaconda3/envs/airflow-env/lib/python3.8/site-packages/airflow/example_dags/tutorial_taskflow_api.py
[2022-11-06T02:15:28.337+0200] {logging_mixin.py:120} INFO - [2022-11-06T02:15:28.336+0200] {dag.py:2585} INFO - Sync 1 DAGs
[2022-11-06T02:15:28.350+0200] {logging_mixin.py:120} INFO - [2022-11-06T02:15:28.350+0200] {dag.py:3336} INFO - Setting next_dagrun for tutorial_taskflow_api to None, run_after=None
[2022-11-06T02:15:28.366+0200] {processor.py:176} INFO - Processing /Users/mnagy99/opt/anaconda3/envs/airflow-env/lib/python3.8/site-packages/airflow/example_dags/tutorial_taskflow_api.py took 0.517 seconds
[2022-11-06T02:17:41.739+0200] {processor.py:154} INFO - Started process (PID=3003) to work on /Users/mnagy99/opt/anaconda3/envs/airflow-env/lib/python3.8/site-packages/airflow/example_dags/tutorial_taskflow_api.py
[2022-11-06T02:17:41.741+0200] {processor.py:756} INFO - Processing file /Users/mnagy99/opt/anaconda3/envs/airflow-env/lib/python3.8/site-packages/airflow/example_dags/tutorial_taskflow_api.py for tasks to queue
[2022-11-06T02:17:41.741+0200] {logging_mixin.py:120} INFO - [2022-11-06T02:17:41.741+0200] {dagbag.py:537} INFO - Filling up the DagBag from /Users/mnagy99/opt/anaconda3/envs/airflow-env/lib/python3.8/site-packages/airflow/example_dags/tutorial_taskflow_api.py
[2022-11-06T02:17:41.784+0200] {processor.py:766} INFO - DAG(s) dict_keys(['tutorial_taskflow_api']) retrieved from /Users/mnagy99/opt/anaconda3/envs/airflow-env/lib/python3.8/site-packages/airflow/example_dags/tutorial_taskflow_api.py
[2022-11-06T02:17:42.230+0200] {logging_mixin.py:120} INFO - [2022-11-06T02:17:42.230+0200] {dag.py:2585} INFO - Sync 1 DAGs
[2022-11-06T02:17:42.249+0200] {logging_mixin.py:120} INFO - [2022-11-06T02:17:42.249+0200] {dag.py:3336} INFO - Setting next_dagrun for tutorial_taskflow_api to None, run_after=None
[2022-11-06T02:17:42.267+0200] {processor.py:176} INFO - Processing /Users/mnagy99/opt/anaconda3/envs/airflow-env/lib/python3.8/site-packages/airflow/example_dags/tutorial_taskflow_api.py took 0.528 seconds
[2022-11-06T02:19:50.530+0200] {processor.py:154} INFO - Started process (PID=3135) to work on /Users/mnagy99/opt/anaconda3/envs/airflow-env/lib/python3.8/site-packages/airflow/example_dags/tutorial_taskflow_api.py
[2022-11-06T02:19:50.532+0200] {processor.py:756} INFO - Processing file /Users/mnagy99/opt/anaconda3/envs/airflow-env/lib/python3.8/site-packages/airflow/example_dags/tutorial_taskflow_api.py for tasks to queue
[2022-11-06T02:19:50.533+0200] {logging_mixin.py:120} INFO - [2022-11-06T02:19:50.533+0200] {dagbag.py:537} INFO - Filling up the DagBag from /Users/mnagy99/opt/anaconda3/envs/airflow-env/lib/python3.8/site-packages/airflow/example_dags/tutorial_taskflow_api.py
[2022-11-06T02:19:50.574+0200] {processor.py:766} INFO - DAG(s) dict_keys(['tutorial_taskflow_api']) retrieved from /Users/mnagy99/opt/anaconda3/envs/airflow-env/lib/python3.8/site-packages/airflow/example_dags/tutorial_taskflow_api.py
[2022-11-06T02:19:50.998+0200] {logging_mixin.py:120} INFO - [2022-11-06T02:19:50.998+0200] {dag.py:2585} INFO - Sync 1 DAGs
[2022-11-06T02:19:51.012+0200] {logging_mixin.py:120} INFO - [2022-11-06T02:19:51.012+0200] {dag.py:3336} INFO - Setting next_dagrun for tutorial_taskflow_api to None, run_after=None
[2022-11-06T02:19:51.032+0200] {processor.py:176} INFO - Processing /Users/mnagy99/opt/anaconda3/envs/airflow-env/lib/python3.8/site-packages/airflow/example_dags/tutorial_taskflow_api.py took 0.503 seconds
[2022-11-06T02:21:59.800+0200] {processor.py:154} INFO - Started process (PID=3267) to work on /Users/mnagy99/opt/anaconda3/envs/airflow-env/lib/python3.8/site-packages/airflow/example_dags/tutorial_taskflow_api.py
[2022-11-06T02:21:59.802+0200] {processor.py:756} INFO - Processing file /Users/mnagy99/opt/anaconda3/envs/airflow-env/lib/python3.8/site-packages/airflow/example_dags/tutorial_taskflow_api.py for tasks to queue
[2022-11-06T02:21:59.803+0200] {logging_mixin.py:120} INFO - [2022-11-06T02:21:59.803+0200] {dagbag.py:537} INFO - Filling up the DagBag from /Users/mnagy99/opt/anaconda3/envs/airflow-env/lib/python3.8/site-packages/airflow/example_dags/tutorial_taskflow_api.py
[2022-11-06T02:21:59.848+0200] {processor.py:766} INFO - DAG(s) dict_keys(['tutorial_taskflow_api']) retrieved from /Users/mnagy99/opt/anaconda3/envs/airflow-env/lib/python3.8/site-packages/airflow/example_dags/tutorial_taskflow_api.py
[2022-11-06T02:22:00.287+0200] {logging_mixin.py:120} INFO - [2022-11-06T02:22:00.287+0200] {dag.py:2585} INFO - Sync 1 DAGs
[2022-11-06T02:22:00.300+0200] {logging_mixin.py:120} INFO - [2022-11-06T02:22:00.300+0200] {dag.py:3336} INFO - Setting next_dagrun for tutorial_taskflow_api to None, run_after=None
[2022-11-06T02:22:00.317+0200] {processor.py:176} INFO - Processing /Users/mnagy99/opt/anaconda3/envs/airflow-env/lib/python3.8/site-packages/airflow/example_dags/tutorial_taskflow_api.py took 0.518 seconds
[2022-11-06T02:24:12.856+0200] {processor.py:154} INFO - Started process (PID=3409) to work on /Users/mnagy99/opt/anaconda3/envs/airflow-env/lib/python3.8/site-packages/airflow/example_dags/tutorial_taskflow_api.py
[2022-11-06T02:24:12.859+0200] {processor.py:756} INFO - Processing file /Users/mnagy99/opt/anaconda3/envs/airflow-env/lib/python3.8/site-packages/airflow/example_dags/tutorial_taskflow_api.py for tasks to queue
[2022-11-06T02:24:12.860+0200] {logging_mixin.py:120} INFO - [2022-11-06T02:24:12.860+0200] {dagbag.py:537} INFO - Filling up the DagBag from /Users/mnagy99/opt/anaconda3/envs/airflow-env/lib/python3.8/site-packages/airflow/example_dags/tutorial_taskflow_api.py
[2022-11-06T02:24:12.900+0200] {processor.py:766} INFO - DAG(s) dict_keys(['tutorial_taskflow_api']) retrieved from /Users/mnagy99/opt/anaconda3/envs/airflow-env/lib/python3.8/site-packages/airflow/example_dags/tutorial_taskflow_api.py
[2022-11-06T02:24:13.352+0200] {logging_mixin.py:120} INFO - [2022-11-06T02:24:13.351+0200] {dag.py:2585} INFO - Sync 1 DAGs
[2022-11-06T02:24:13.365+0200] {logging_mixin.py:120} INFO - [2022-11-06T02:24:13.365+0200] {dag.py:3336} INFO - Setting next_dagrun for tutorial_taskflow_api to None, run_after=None
[2022-11-06T02:24:13.384+0200] {processor.py:176} INFO - Processing /Users/mnagy99/opt/anaconda3/envs/airflow-env/lib/python3.8/site-packages/airflow/example_dags/tutorial_taskflow_api.py took 0.529 seconds
[2022-11-06T02:26:27.670+0200] {processor.py:154} INFO - Started process (PID=3551) to work on /Users/mnagy99/opt/anaconda3/envs/airflow-env/lib/python3.8/site-packages/airflow/example_dags/tutorial_taskflow_api.py
[2022-11-06T02:26:27.672+0200] {processor.py:756} INFO - Processing file /Users/mnagy99/opt/anaconda3/envs/airflow-env/lib/python3.8/site-packages/airflow/example_dags/tutorial_taskflow_api.py for tasks to queue
[2022-11-06T02:26:27.672+0200] {logging_mixin.py:120} INFO - [2022-11-06T02:26:27.672+0200] {dagbag.py:537} INFO - Filling up the DagBag from /Users/mnagy99/opt/anaconda3/envs/airflow-env/lib/python3.8/site-packages/airflow/example_dags/tutorial_taskflow_api.py
[2022-11-06T02:26:27.713+0200] {processor.py:766} INFO - DAG(s) dict_keys(['tutorial_taskflow_api']) retrieved from /Users/mnagy99/opt/anaconda3/envs/airflow-env/lib/python3.8/site-packages/airflow/example_dags/tutorial_taskflow_api.py
[2022-11-06T02:26:28.132+0200] {logging_mixin.py:120} INFO - [2022-11-06T02:26:28.132+0200] {dag.py:2585} INFO - Sync 1 DAGs
[2022-11-06T02:26:28.145+0200] {logging_mixin.py:120} INFO - [2022-11-06T02:26:28.145+0200] {dag.py:3336} INFO - Setting next_dagrun for tutorial_taskflow_api to None, run_after=None
[2022-11-06T02:26:28.166+0200] {processor.py:176} INFO - Processing /Users/mnagy99/opt/anaconda3/envs/airflow-env/lib/python3.8/site-packages/airflow/example_dags/tutorial_taskflow_api.py took 0.496 seconds
[2022-11-06T02:28:38.311+0200] {processor.py:154} INFO - Started process (PID=3689) to work on /Users/mnagy99/opt/anaconda3/envs/airflow-env/lib/python3.8/site-packages/airflow/example_dags/tutorial_taskflow_api.py
[2022-11-06T02:28:38.311+0200] {processor.py:756} INFO - Processing file /Users/mnagy99/opt/anaconda3/envs/airflow-env/lib/python3.8/site-packages/airflow/example_dags/tutorial_taskflow_api.py for tasks to queue
[2022-11-06T02:28:38.312+0200] {logging_mixin.py:120} INFO - [2022-11-06T02:28:38.312+0200] {dagbag.py:537} INFO - Filling up the DagBag from /Users/mnagy99/opt/anaconda3/envs/airflow-env/lib/python3.8/site-packages/airflow/example_dags/tutorial_taskflow_api.py
[2022-11-06T02:28:38.352+0200] {processor.py:766} INFO - DAG(s) dict_keys(['tutorial_taskflow_api']) retrieved from /Users/mnagy99/opt/anaconda3/envs/airflow-env/lib/python3.8/site-packages/airflow/example_dags/tutorial_taskflow_api.py
[2022-11-06T02:28:38.806+0200] {logging_mixin.py:120} INFO - [2022-11-06T02:28:38.805+0200] {dag.py:2585} INFO - Sync 1 DAGs
[2022-11-06T02:28:38.821+0200] {logging_mixin.py:120} INFO - [2022-11-06T02:28:38.821+0200] {dag.py:3336} INFO - Setting next_dagrun for tutorial_taskflow_api to None, run_after=None
[2022-11-06T02:28:38.842+0200] {processor.py:176} INFO - Processing /Users/mnagy99/opt/anaconda3/envs/airflow-env/lib/python3.8/site-packages/airflow/example_dags/tutorial_taskflow_api.py took 0.532 seconds
[2022-11-06T02:30:49.560+0200] {processor.py:154} INFO - Started process (PID=3840) to work on /Users/mnagy99/opt/anaconda3/envs/airflow-env/lib/python3.8/site-packages/airflow/example_dags/tutorial_taskflow_api.py
[2022-11-06T02:30:49.563+0200] {processor.py:756} INFO - Processing file /Users/mnagy99/opt/anaconda3/envs/airflow-env/lib/python3.8/site-packages/airflow/example_dags/tutorial_taskflow_api.py for tasks to queue
[2022-11-06T02:30:49.563+0200] {logging_mixin.py:120} INFO - [2022-11-06T02:30:49.563+0200] {dagbag.py:537} INFO - Filling up the DagBag from /Users/mnagy99/opt/anaconda3/envs/airflow-env/lib/python3.8/site-packages/airflow/example_dags/tutorial_taskflow_api.py
[2022-11-06T02:30:49.606+0200] {processor.py:766} INFO - DAG(s) dict_keys(['tutorial_taskflow_api']) retrieved from /Users/mnagy99/opt/anaconda3/envs/airflow-env/lib/python3.8/site-packages/airflow/example_dags/tutorial_taskflow_api.py
[2022-11-06T02:30:50.022+0200] {logging_mixin.py:120} INFO - [2022-11-06T02:30:50.022+0200] {dag.py:2585} INFO - Sync 1 DAGs
[2022-11-06T02:30:50.036+0200] {logging_mixin.py:120} INFO - [2022-11-06T02:30:50.036+0200] {dag.py:3336} INFO - Setting next_dagrun for tutorial_taskflow_api to None, run_after=None
[2022-11-06T02:30:50.053+0200] {processor.py:176} INFO - Processing /Users/mnagy99/opt/anaconda3/envs/airflow-env/lib/python3.8/site-packages/airflow/example_dags/tutorial_taskflow_api.py took 0.493 seconds
[2022-11-06T02:33:02.815+0200] {processor.py:154} INFO - Started process (PID=3994) to work on /Users/mnagy99/opt/anaconda3/envs/airflow-env/lib/python3.8/site-packages/airflow/example_dags/tutorial_taskflow_api.py
[2022-11-06T02:33:02.817+0200] {processor.py:756} INFO - Processing file /Users/mnagy99/opt/anaconda3/envs/airflow-env/lib/python3.8/site-packages/airflow/example_dags/tutorial_taskflow_api.py for tasks to queue
[2022-11-06T02:33:02.818+0200] {logging_mixin.py:120} INFO - [2022-11-06T02:33:02.818+0200] {dagbag.py:537} INFO - Filling up the DagBag from /Users/mnagy99/opt/anaconda3/envs/airflow-env/lib/python3.8/site-packages/airflow/example_dags/tutorial_taskflow_api.py
[2022-11-06T02:33:02.859+0200] {processor.py:766} INFO - DAG(s) dict_keys(['tutorial_taskflow_api']) retrieved from /Users/mnagy99/opt/anaconda3/envs/airflow-env/lib/python3.8/site-packages/airflow/example_dags/tutorial_taskflow_api.py
[2022-11-06T02:33:03.317+0200] {logging_mixin.py:120} INFO - [2022-11-06T02:33:03.317+0200] {dag.py:2585} INFO - Sync 1 DAGs
[2022-11-06T02:33:03.331+0200] {logging_mixin.py:120} INFO - [2022-11-06T02:33:03.331+0200] {dag.py:3336} INFO - Setting next_dagrun for tutorial_taskflow_api to None, run_after=None
[2022-11-06T02:33:03.349+0200] {processor.py:176} INFO - Processing /Users/mnagy99/opt/anaconda3/envs/airflow-env/lib/python3.8/site-packages/airflow/example_dags/tutorial_taskflow_api.py took 0.535 seconds
[2022-11-06T02:35:12.412+0200] {processor.py:154} INFO - Started process (PID=4142) to work on /Users/mnagy99/opt/anaconda3/envs/airflow-env/lib/python3.8/site-packages/airflow/example_dags/tutorial_taskflow_api.py
[2022-11-06T02:35:12.414+0200] {processor.py:756} INFO - Processing file /Users/mnagy99/opt/anaconda3/envs/airflow-env/lib/python3.8/site-packages/airflow/example_dags/tutorial_taskflow_api.py for tasks to queue
[2022-11-06T02:35:12.415+0200] {logging_mixin.py:120} INFO - [2022-11-06T02:35:12.415+0200] {dagbag.py:537} INFO - Filling up the DagBag from /Users/mnagy99/opt/anaconda3/envs/airflow-env/lib/python3.8/site-packages/airflow/example_dags/tutorial_taskflow_api.py
[2022-11-06T02:35:12.457+0200] {processor.py:766} INFO - DAG(s) dict_keys(['tutorial_taskflow_api']) retrieved from /Users/mnagy99/opt/anaconda3/envs/airflow-env/lib/python3.8/site-packages/airflow/example_dags/tutorial_taskflow_api.py
[2022-11-06T02:35:12.934+0200] {logging_mixin.py:120} INFO - [2022-11-06T02:35:12.934+0200] {dag.py:2585} INFO - Sync 1 DAGs
[2022-11-06T02:35:12.948+0200] {logging_mixin.py:120} INFO - [2022-11-06T02:35:12.948+0200] {dag.py:3336} INFO - Setting next_dagrun for tutorial_taskflow_api to None, run_after=None
[2022-11-06T02:35:12.964+0200] {processor.py:176} INFO - Processing /Users/mnagy99/opt/anaconda3/envs/airflow-env/lib/python3.8/site-packages/airflow/example_dags/tutorial_taskflow_api.py took 0.553 seconds
[2022-11-06T02:37:23.136+0200] {processor.py:154} INFO - Started process (PID=4278) to work on /Users/mnagy99/opt/anaconda3/envs/airflow-env/lib/python3.8/site-packages/airflow/example_dags/tutorial_taskflow_api.py
[2022-11-06T02:37:23.139+0200] {processor.py:756} INFO - Processing file /Users/mnagy99/opt/anaconda3/envs/airflow-env/lib/python3.8/site-packages/airflow/example_dags/tutorial_taskflow_api.py for tasks to queue
[2022-11-06T02:37:23.140+0200] {logging_mixin.py:120} INFO - [2022-11-06T02:37:23.139+0200] {dagbag.py:537} INFO - Filling up the DagBag from /Users/mnagy99/opt/anaconda3/envs/airflow-env/lib/python3.8/site-packages/airflow/example_dags/tutorial_taskflow_api.py
[2022-11-06T02:37:23.180+0200] {processor.py:766} INFO - DAG(s) dict_keys(['tutorial_taskflow_api']) retrieved from /Users/mnagy99/opt/anaconda3/envs/airflow-env/lib/python3.8/site-packages/airflow/example_dags/tutorial_taskflow_api.py
[2022-11-06T02:37:23.631+0200] {logging_mixin.py:120} INFO - [2022-11-06T02:37:23.631+0200] {dag.py:2585} INFO - Sync 1 DAGs
[2022-11-06T02:37:23.645+0200] {logging_mixin.py:120} INFO - [2022-11-06T02:37:23.645+0200] {dag.py:3336} INFO - Setting next_dagrun for tutorial_taskflow_api to None, run_after=None
[2022-11-06T02:37:23.660+0200] {processor.py:176} INFO - Processing /Users/mnagy99/opt/anaconda3/envs/airflow-env/lib/python3.8/site-packages/airflow/example_dags/tutorial_taskflow_api.py took 0.524 seconds
[2022-11-06T02:39:33.505+0200] {processor.py:154} INFO - Started process (PID=4407) to work on /Users/mnagy99/opt/anaconda3/envs/airflow-env/lib/python3.8/site-packages/airflow/example_dags/tutorial_taskflow_api.py
[2022-11-06T02:39:33.508+0200] {processor.py:756} INFO - Processing file /Users/mnagy99/opt/anaconda3/envs/airflow-env/lib/python3.8/site-packages/airflow/example_dags/tutorial_taskflow_api.py for tasks to queue
[2022-11-06T02:39:33.508+0200] {logging_mixin.py:120} INFO - [2022-11-06T02:39:33.508+0200] {dagbag.py:537} INFO - Filling up the DagBag from /Users/mnagy99/opt/anaconda3/envs/airflow-env/lib/python3.8/site-packages/airflow/example_dags/tutorial_taskflow_api.py
[2022-11-06T02:39:33.551+0200] {processor.py:766} INFO - DAG(s) dict_keys(['tutorial_taskflow_api']) retrieved from /Users/mnagy99/opt/anaconda3/envs/airflow-env/lib/python3.8/site-packages/airflow/example_dags/tutorial_taskflow_api.py
[2022-11-06T02:39:33.980+0200] {logging_mixin.py:120} INFO - [2022-11-06T02:39:33.979+0200] {dag.py:2585} INFO - Sync 1 DAGs
[2022-11-06T02:39:33.993+0200] {logging_mixin.py:120} INFO - [2022-11-06T02:39:33.993+0200] {dag.py:3336} INFO - Setting next_dagrun for tutorial_taskflow_api to None, run_after=None
[2022-11-06T02:39:34.014+0200] {processor.py:176} INFO - Processing /Users/mnagy99/opt/anaconda3/envs/airflow-env/lib/python3.8/site-packages/airflow/example_dags/tutorial_taskflow_api.py took 0.510 seconds
[2022-11-06T02:41:58.681+0200] {processor.py:154} INFO - Started process (PID=4579) to work on /Users/mnagy99/opt/anaconda3/envs/airflow-env/lib/python3.8/site-packages/airflow/example_dags/tutorial_taskflow_api.py
[2022-11-06T02:41:58.683+0200] {processor.py:756} INFO - Processing file /Users/mnagy99/opt/anaconda3/envs/airflow-env/lib/python3.8/site-packages/airflow/example_dags/tutorial_taskflow_api.py for tasks to queue
[2022-11-06T02:41:58.685+0200] {logging_mixin.py:120} INFO - [2022-11-06T02:41:58.684+0200] {dagbag.py:537} INFO - Filling up the DagBag from /Users/mnagy99/opt/anaconda3/envs/airflow-env/lib/python3.8/site-packages/airflow/example_dags/tutorial_taskflow_api.py
[2022-11-06T02:41:58.733+0200] {processor.py:766} INFO - DAG(s) dict_keys(['tutorial_taskflow_api']) retrieved from /Users/mnagy99/opt/anaconda3/envs/airflow-env/lib/python3.8/site-packages/airflow/example_dags/tutorial_taskflow_api.py
[2022-11-06T02:41:59.304+0200] {logging_mixin.py:120} INFO - [2022-11-06T02:41:59.304+0200] {dag.py:2585} INFO - Sync 1 DAGs
[2022-11-06T02:41:59.321+0200] {logging_mixin.py:120} INFO - [2022-11-06T02:41:59.321+0200] {dag.py:3336} INFO - Setting next_dagrun for tutorial_taskflow_api to None, run_after=None
[2022-11-06T02:41:59.345+0200] {processor.py:176} INFO - Processing /Users/mnagy99/opt/anaconda3/envs/airflow-env/lib/python3.8/site-packages/airflow/example_dags/tutorial_taskflow_api.py took 0.664 seconds
[2022-11-06T02:44:24.692+0200] {processor.py:154} INFO - Started process (PID=4713) to work on /Users/mnagy99/opt/anaconda3/envs/airflow-env/lib/python3.8/site-packages/airflow/example_dags/tutorial_taskflow_api.py
[2022-11-06T02:44:24.695+0200] {processor.py:756} INFO - Processing file /Users/mnagy99/opt/anaconda3/envs/airflow-env/lib/python3.8/site-packages/airflow/example_dags/tutorial_taskflow_api.py for tasks to queue
[2022-11-06T02:44:24.695+0200] {logging_mixin.py:120} INFO - [2022-11-06T02:44:24.695+0200] {dagbag.py:537} INFO - Filling up the DagBag from /Users/mnagy99/opt/anaconda3/envs/airflow-env/lib/python3.8/site-packages/airflow/example_dags/tutorial_taskflow_api.py
[2022-11-06T02:44:24.735+0200] {processor.py:766} INFO - DAG(s) dict_keys(['tutorial_taskflow_api']) retrieved from /Users/mnagy99/opt/anaconda3/envs/airflow-env/lib/python3.8/site-packages/airflow/example_dags/tutorial_taskflow_api.py
[2022-11-06T02:44:25.197+0200] {logging_mixin.py:120} INFO - [2022-11-06T02:44:25.197+0200] {dag.py:2585} INFO - Sync 1 DAGs
[2022-11-06T02:44:25.213+0200] {logging_mixin.py:120} INFO - [2022-11-06T02:44:25.213+0200] {dag.py:3336} INFO - Setting next_dagrun for tutorial_taskflow_api to None, run_after=None
[2022-11-06T02:44:25.235+0200] {processor.py:176} INFO - Processing /Users/mnagy99/opt/anaconda3/envs/airflow-env/lib/python3.8/site-packages/airflow/example_dags/tutorial_taskflow_api.py took 0.544 seconds
[2022-11-06T02:46:38.984+0200] {processor.py:154} INFO - Started process (PID=4854) to work on /Users/mnagy99/opt/anaconda3/envs/airflow-env/lib/python3.8/site-packages/airflow/example_dags/tutorial_taskflow_api.py
[2022-11-06T02:46:38.986+0200] {processor.py:756} INFO - Processing file /Users/mnagy99/opt/anaconda3/envs/airflow-env/lib/python3.8/site-packages/airflow/example_dags/tutorial_taskflow_api.py for tasks to queue
[2022-11-06T02:46:38.987+0200] {logging_mixin.py:120} INFO - [2022-11-06T02:46:38.987+0200] {dagbag.py:537} INFO - Filling up the DagBag from /Users/mnagy99/opt/anaconda3/envs/airflow-env/lib/python3.8/site-packages/airflow/example_dags/tutorial_taskflow_api.py
[2022-11-06T02:46:39.025+0200] {processor.py:766} INFO - DAG(s) dict_keys(['tutorial_taskflow_api']) retrieved from /Users/mnagy99/opt/anaconda3/envs/airflow-env/lib/python3.8/site-packages/airflow/example_dags/tutorial_taskflow_api.py
[2022-11-06T02:46:39.659+0200] {logging_mixin.py:120} INFO - [2022-11-06T02:46:39.657+0200] {dag.py:2585} INFO - Sync 1 DAGs
[2022-11-06T02:46:39.683+0200] {logging_mixin.py:120} INFO - [2022-11-06T02:46:39.683+0200] {dag.py:3336} INFO - Setting next_dagrun for tutorial_taskflow_api to None, run_after=None
[2022-11-06T02:46:39.712+0200] {processor.py:176} INFO - Processing /Users/mnagy99/opt/anaconda3/envs/airflow-env/lib/python3.8/site-packages/airflow/example_dags/tutorial_taskflow_api.py took 0.729 seconds
[2022-11-06T02:48:47.108+0200] {processor.py:154} INFO - Started process (PID=4981) to work on /Users/mnagy99/opt/anaconda3/envs/airflow-env/lib/python3.8/site-packages/airflow/example_dags/tutorial_taskflow_api.py
[2022-11-06T02:48:47.111+0200] {processor.py:756} INFO - Processing file /Users/mnagy99/opt/anaconda3/envs/airflow-env/lib/python3.8/site-packages/airflow/example_dags/tutorial_taskflow_api.py for tasks to queue
[2022-11-06T02:48:47.112+0200] {logging_mixin.py:120} INFO - [2022-11-06T02:48:47.112+0200] {dagbag.py:537} INFO - Filling up the DagBag from /Users/mnagy99/opt/anaconda3/envs/airflow-env/lib/python3.8/site-packages/airflow/example_dags/tutorial_taskflow_api.py
[2022-11-06T02:48:47.156+0200] {processor.py:766} INFO - DAG(s) dict_keys(['tutorial_taskflow_api']) retrieved from /Users/mnagy99/opt/anaconda3/envs/airflow-env/lib/python3.8/site-packages/airflow/example_dags/tutorial_taskflow_api.py
[2022-11-06T02:48:47.583+0200] {logging_mixin.py:120} INFO - [2022-11-06T02:48:47.583+0200] {dag.py:2585} INFO - Sync 1 DAGs
[2022-11-06T02:48:47.596+0200] {logging_mixin.py:120} INFO - [2022-11-06T02:48:47.596+0200] {dag.py:3336} INFO - Setting next_dagrun for tutorial_taskflow_api to None, run_after=None
[2022-11-06T02:48:47.615+0200] {processor.py:176} INFO - Processing /Users/mnagy99/opt/anaconda3/envs/airflow-env/lib/python3.8/site-packages/airflow/example_dags/tutorial_taskflow_api.py took 0.507 seconds
[2022-11-06T02:50:52.954+0200] {processor.py:154} INFO - Started process (PID=5104) to work on /Users/mnagy99/opt/anaconda3/envs/airflow-env/lib/python3.8/site-packages/airflow/example_dags/tutorial_taskflow_api.py
[2022-11-06T02:50:52.956+0200] {processor.py:756} INFO - Processing file /Users/mnagy99/opt/anaconda3/envs/airflow-env/lib/python3.8/site-packages/airflow/example_dags/tutorial_taskflow_api.py for tasks to queue
[2022-11-06T02:50:52.957+0200] {logging_mixin.py:120} INFO - [2022-11-06T02:50:52.957+0200] {dagbag.py:537} INFO - Filling up the DagBag from /Users/mnagy99/opt/anaconda3/envs/airflow-env/lib/python3.8/site-packages/airflow/example_dags/tutorial_taskflow_api.py
[2022-11-06T02:50:53.008+0200] {processor.py:766} INFO - DAG(s) dict_keys(['tutorial_taskflow_api']) retrieved from /Users/mnagy99/opt/anaconda3/envs/airflow-env/lib/python3.8/site-packages/airflow/example_dags/tutorial_taskflow_api.py
[2022-11-06T02:50:53.444+0200] {logging_mixin.py:120} INFO - [2022-11-06T02:50:53.444+0200] {dag.py:2585} INFO - Sync 1 DAGs
[2022-11-06T02:50:53.458+0200] {logging_mixin.py:120} INFO - [2022-11-06T02:50:53.457+0200] {dag.py:3336} INFO - Setting next_dagrun for tutorial_taskflow_api to None, run_after=None
[2022-11-06T02:50:53.478+0200] {processor.py:176} INFO - Processing /Users/mnagy99/opt/anaconda3/envs/airflow-env/lib/python3.8/site-packages/airflow/example_dags/tutorial_taskflow_api.py took 0.524 seconds
[2022-11-06T02:52:59.260+0200] {processor.py:154} INFO - Started process (PID=5232) to work on /Users/mnagy99/opt/anaconda3/envs/airflow-env/lib/python3.8/site-packages/airflow/example_dags/tutorial_taskflow_api.py
[2022-11-06T02:52:59.262+0200] {processor.py:756} INFO - Processing file /Users/mnagy99/opt/anaconda3/envs/airflow-env/lib/python3.8/site-packages/airflow/example_dags/tutorial_taskflow_api.py for tasks to queue
[2022-11-06T02:52:59.263+0200] {logging_mixin.py:120} INFO - [2022-11-06T02:52:59.263+0200] {dagbag.py:537} INFO - Filling up the DagBag from /Users/mnagy99/opt/anaconda3/envs/airflow-env/lib/python3.8/site-packages/airflow/example_dags/tutorial_taskflow_api.py
[2022-11-06T02:52:59.317+0200] {processor.py:766} INFO - DAG(s) dict_keys(['tutorial_taskflow_api']) retrieved from /Users/mnagy99/opt/anaconda3/envs/airflow-env/lib/python3.8/site-packages/airflow/example_dags/tutorial_taskflow_api.py
[2022-11-06T02:52:59.739+0200] {logging_mixin.py:120} INFO - [2022-11-06T02:52:59.739+0200] {dag.py:2585} INFO - Sync 1 DAGs
[2022-11-06T02:52:59.752+0200] {logging_mixin.py:120} INFO - [2022-11-06T02:52:59.752+0200] {dag.py:3336} INFO - Setting next_dagrun for tutorial_taskflow_api to None, run_after=None
[2022-11-06T02:52:59.770+0200] {processor.py:176} INFO - Processing /Users/mnagy99/opt/anaconda3/envs/airflow-env/lib/python3.8/site-packages/airflow/example_dags/tutorial_taskflow_api.py took 0.511 seconds
[2022-11-06T02:55:06.449+0200] {processor.py:154} INFO - Started process (PID=5356) to work on /Users/mnagy99/opt/anaconda3/envs/airflow-env/lib/python3.8/site-packages/airflow/example_dags/tutorial_taskflow_api.py
[2022-11-06T02:55:06.451+0200] {processor.py:756} INFO - Processing file /Users/mnagy99/opt/anaconda3/envs/airflow-env/lib/python3.8/site-packages/airflow/example_dags/tutorial_taskflow_api.py for tasks to queue
[2022-11-06T02:55:06.451+0200] {logging_mixin.py:120} INFO - [2022-11-06T02:55:06.451+0200] {dagbag.py:537} INFO - Filling up the DagBag from /Users/mnagy99/opt/anaconda3/envs/airflow-env/lib/python3.8/site-packages/airflow/example_dags/tutorial_taskflow_api.py
[2022-11-06T02:55:06.492+0200] {processor.py:766} INFO - DAG(s) dict_keys(['tutorial_taskflow_api']) retrieved from /Users/mnagy99/opt/anaconda3/envs/airflow-env/lib/python3.8/site-packages/airflow/example_dags/tutorial_taskflow_api.py
[2022-11-06T02:55:07.026+0200] {logging_mixin.py:120} INFO - [2022-11-06T02:55:07.025+0200] {dag.py:2585} INFO - Sync 1 DAGs
[2022-11-06T02:55:07.044+0200] {logging_mixin.py:120} INFO - [2022-11-06T02:55:07.044+0200] {dag.py:3336} INFO - Setting next_dagrun for tutorial_taskflow_api to None, run_after=None
[2022-11-06T02:55:07.063+0200] {processor.py:176} INFO - Processing /Users/mnagy99/opt/anaconda3/envs/airflow-env/lib/python3.8/site-packages/airflow/example_dags/tutorial_taskflow_api.py took 0.614 seconds
[2022-11-06T02:57:24.009+0200] {processor.py:154} INFO - Started process (PID=5500) to work on /Users/mnagy99/opt/anaconda3/envs/airflow-env/lib/python3.8/site-packages/airflow/example_dags/tutorial_taskflow_api.py
[2022-11-06T02:57:24.012+0200] {processor.py:756} INFO - Processing file /Users/mnagy99/opt/anaconda3/envs/airflow-env/lib/python3.8/site-packages/airflow/example_dags/tutorial_taskflow_api.py for tasks to queue
[2022-11-06T02:57:24.012+0200] {logging_mixin.py:120} INFO - [2022-11-06T02:57:24.012+0200] {dagbag.py:537} INFO - Filling up the DagBag from /Users/mnagy99/opt/anaconda3/envs/airflow-env/lib/python3.8/site-packages/airflow/example_dags/tutorial_taskflow_api.py
[2022-11-06T02:57:24.054+0200] {processor.py:766} INFO - DAG(s) dict_keys(['tutorial_taskflow_api']) retrieved from /Users/mnagy99/opt/anaconda3/envs/airflow-env/lib/python3.8/site-packages/airflow/example_dags/tutorial_taskflow_api.py
[2022-11-06T02:57:24.561+0200] {logging_mixin.py:120} INFO - [2022-11-06T02:57:24.561+0200] {dag.py:2585} INFO - Sync 1 DAGs
[2022-11-06T02:57:24.579+0200] {logging_mixin.py:120} INFO - [2022-11-06T02:57:24.579+0200] {dag.py:3336} INFO - Setting next_dagrun for tutorial_taskflow_api to None, run_after=None
[2022-11-06T02:57:24.608+0200] {processor.py:176} INFO - Processing /Users/mnagy99/opt/anaconda3/envs/airflow-env/lib/python3.8/site-packages/airflow/example_dags/tutorial_taskflow_api.py took 0.600 seconds
[2022-11-06T02:59:42.130+0200] {processor.py:154} INFO - Started process (PID=5638) to work on /Users/mnagy99/opt/anaconda3/envs/airflow-env/lib/python3.8/site-packages/airflow/example_dags/tutorial_taskflow_api.py
[2022-11-06T02:59:42.133+0200] {processor.py:756} INFO - Processing file /Users/mnagy99/opt/anaconda3/envs/airflow-env/lib/python3.8/site-packages/airflow/example_dags/tutorial_taskflow_api.py for tasks to queue
[2022-11-06T02:59:42.134+0200] {logging_mixin.py:120} INFO - [2022-11-06T02:59:42.133+0200] {dagbag.py:537} INFO - Filling up the DagBag from /Users/mnagy99/opt/anaconda3/envs/airflow-env/lib/python3.8/site-packages/airflow/example_dags/tutorial_taskflow_api.py
[2022-11-06T02:59:42.180+0200] {processor.py:766} INFO - DAG(s) dict_keys(['tutorial_taskflow_api']) retrieved from /Users/mnagy99/opt/anaconda3/envs/airflow-env/lib/python3.8/site-packages/airflow/example_dags/tutorial_taskflow_api.py
[2022-11-06T02:59:42.702+0200] {logging_mixin.py:120} INFO - [2022-11-06T02:59:42.702+0200] {dag.py:2585} INFO - Sync 1 DAGs
[2022-11-06T02:59:42.715+0200] {logging_mixin.py:120} INFO - [2022-11-06T02:59:42.715+0200] {dag.py:3336} INFO - Setting next_dagrun for tutorial_taskflow_api to None, run_after=None
[2022-11-06T02:59:42.733+0200] {processor.py:176} INFO - Processing /Users/mnagy99/opt/anaconda3/envs/airflow-env/lib/python3.8/site-packages/airflow/example_dags/tutorial_taskflow_api.py took 0.604 seconds
[2022-11-06T03:02:25.488+0200] {processor.py:154} INFO - Started process (PID=5785) to work on /Users/mnagy99/opt/anaconda3/envs/airflow-env/lib/python3.8/site-packages/airflow/example_dags/tutorial_taskflow_api.py
[2022-11-06T03:02:25.490+0200] {processor.py:756} INFO - Processing file /Users/mnagy99/opt/anaconda3/envs/airflow-env/lib/python3.8/site-packages/airflow/example_dags/tutorial_taskflow_api.py for tasks to queue
[2022-11-06T03:02:25.491+0200] {logging_mixin.py:120} INFO - [2022-11-06T03:02:25.491+0200] {dagbag.py:537} INFO - Filling up the DagBag from /Users/mnagy99/opt/anaconda3/envs/airflow-env/lib/python3.8/site-packages/airflow/example_dags/tutorial_taskflow_api.py
[2022-11-06T03:02:25.540+0200] {processor.py:766} INFO - DAG(s) dict_keys(['tutorial_taskflow_api']) retrieved from /Users/mnagy99/opt/anaconda3/envs/airflow-env/lib/python3.8/site-packages/airflow/example_dags/tutorial_taskflow_api.py
[2022-11-06T03:02:26.423+0200] {logging_mixin.py:120} INFO - [2022-11-06T03:02:26.423+0200] {dag.py:2585} INFO - Sync 1 DAGs
[2022-11-06T03:02:26.439+0200] {logging_mixin.py:120} INFO - [2022-11-06T03:02:26.439+0200] {dag.py:3336} INFO - Setting next_dagrun for tutorial_taskflow_api to None, run_after=None
[2022-11-06T03:02:26.459+0200] {processor.py:176} INFO - Processing /Users/mnagy99/opt/anaconda3/envs/airflow-env/lib/python3.8/site-packages/airflow/example_dags/tutorial_taskflow_api.py took 0.972 seconds
[2022-11-06T03:04:48.121+0200] {processor.py:154} INFO - Started process (PID=5916) to work on /Users/mnagy99/opt/anaconda3/envs/airflow-env/lib/python3.8/site-packages/airflow/example_dags/tutorial_taskflow_api.py
[2022-11-06T03:04:48.124+0200] {processor.py:756} INFO - Processing file /Users/mnagy99/opt/anaconda3/envs/airflow-env/lib/python3.8/site-packages/airflow/example_dags/tutorial_taskflow_api.py for tasks to queue
[2022-11-06T03:04:48.125+0200] {logging_mixin.py:120} INFO - [2022-11-06T03:04:48.125+0200] {dagbag.py:537} INFO - Filling up the DagBag from /Users/mnagy99/opt/anaconda3/envs/airflow-env/lib/python3.8/site-packages/airflow/example_dags/tutorial_taskflow_api.py
[2022-11-06T03:04:48.170+0200] {processor.py:766} INFO - DAG(s) dict_keys(['tutorial_taskflow_api']) retrieved from /Users/mnagy99/opt/anaconda3/envs/airflow-env/lib/python3.8/site-packages/airflow/example_dags/tutorial_taskflow_api.py
[2022-11-06T03:04:48.586+0200] {logging_mixin.py:120} INFO - [2022-11-06T03:04:48.586+0200] {dag.py:2585} INFO - Sync 1 DAGs
[2022-11-06T03:04:48.600+0200] {logging_mixin.py:120} INFO - [2022-11-06T03:04:48.599+0200] {dag.py:3336} INFO - Setting next_dagrun for tutorial_taskflow_api to None, run_after=None
[2022-11-06T03:04:48.618+0200] {processor.py:176} INFO - Processing /Users/mnagy99/opt/anaconda3/envs/airflow-env/lib/python3.8/site-packages/airflow/example_dags/tutorial_taskflow_api.py took 0.497 seconds
[2022-11-06T03:06:54.218+0200] {processor.py:154} INFO - Started process (PID=6043) to work on /Users/mnagy99/opt/anaconda3/envs/airflow-env/lib/python3.8/site-packages/airflow/example_dags/tutorial_taskflow_api.py
[2022-11-06T03:06:54.221+0200] {processor.py:756} INFO - Processing file /Users/mnagy99/opt/anaconda3/envs/airflow-env/lib/python3.8/site-packages/airflow/example_dags/tutorial_taskflow_api.py for tasks to queue
[2022-11-06T03:06:54.222+0200] {logging_mixin.py:120} INFO - [2022-11-06T03:06:54.221+0200] {dagbag.py:537} INFO - Filling up the DagBag from /Users/mnagy99/opt/anaconda3/envs/airflow-env/lib/python3.8/site-packages/airflow/example_dags/tutorial_taskflow_api.py
[2022-11-06T03:06:54.264+0200] {processor.py:766} INFO - DAG(s) dict_keys(['tutorial_taskflow_api']) retrieved from /Users/mnagy99/opt/anaconda3/envs/airflow-env/lib/python3.8/site-packages/airflow/example_dags/tutorial_taskflow_api.py
[2022-11-06T03:06:54.709+0200] {logging_mixin.py:120} INFO - [2022-11-06T03:06:54.709+0200] {dag.py:2585} INFO - Sync 1 DAGs
[2022-11-06T03:06:54.726+0200] {logging_mixin.py:120} INFO - [2022-11-06T03:06:54.726+0200] {dag.py:3336} INFO - Setting next_dagrun for tutorial_taskflow_api to None, run_after=None
[2022-11-06T03:06:54.744+0200] {processor.py:176} INFO - Processing /Users/mnagy99/opt/anaconda3/envs/airflow-env/lib/python3.8/site-packages/airflow/example_dags/tutorial_taskflow_api.py took 0.527 seconds
[2022-11-06T03:09:10.948+0200] {processor.py:154} INFO - Started process (PID=6174) to work on /Users/mnagy99/opt/anaconda3/envs/airflow-env/lib/python3.8/site-packages/airflow/example_dags/tutorial_taskflow_api.py
[2022-11-06T03:09:10.950+0200] {processor.py:756} INFO - Processing file /Users/mnagy99/opt/anaconda3/envs/airflow-env/lib/python3.8/site-packages/airflow/example_dags/tutorial_taskflow_api.py for tasks to queue
[2022-11-06T03:09:10.951+0200] {logging_mixin.py:120} INFO - [2022-11-06T03:09:10.951+0200] {dagbag.py:537} INFO - Filling up the DagBag from /Users/mnagy99/opt/anaconda3/envs/airflow-env/lib/python3.8/site-packages/airflow/example_dags/tutorial_taskflow_api.py
[2022-11-06T03:09:10.998+0200] {processor.py:766} INFO - DAG(s) dict_keys(['tutorial_taskflow_api']) retrieved from /Users/mnagy99/opt/anaconda3/envs/airflow-env/lib/python3.8/site-packages/airflow/example_dags/tutorial_taskflow_api.py
[2022-11-06T03:09:11.433+0200] {logging_mixin.py:120} INFO - [2022-11-06T03:09:11.433+0200] {dag.py:2585} INFO - Sync 1 DAGs
[2022-11-06T03:09:11.448+0200] {logging_mixin.py:120} INFO - [2022-11-06T03:09:11.448+0200] {dag.py:3336} INFO - Setting next_dagrun for tutorial_taskflow_api to None, run_after=None
[2022-11-06T03:09:11.469+0200] {processor.py:176} INFO - Processing /Users/mnagy99/opt/anaconda3/envs/airflow-env/lib/python3.8/site-packages/airflow/example_dags/tutorial_taskflow_api.py took 0.522 seconds
[2022-11-06T03:11:15.215+0200] {processor.py:154} INFO - Started process (PID=6312) to work on /Users/mnagy99/opt/anaconda3/envs/airflow-env/lib/python3.8/site-packages/airflow/example_dags/tutorial_taskflow_api.py
[2022-11-06T03:11:15.217+0200] {processor.py:756} INFO - Processing file /Users/mnagy99/opt/anaconda3/envs/airflow-env/lib/python3.8/site-packages/airflow/example_dags/tutorial_taskflow_api.py for tasks to queue
[2022-11-06T03:11:15.218+0200] {logging_mixin.py:120} INFO - [2022-11-06T03:11:15.218+0200] {dagbag.py:537} INFO - Filling up the DagBag from /Users/mnagy99/opt/anaconda3/envs/airflow-env/lib/python3.8/site-packages/airflow/example_dags/tutorial_taskflow_api.py
[2022-11-06T03:11:15.259+0200] {processor.py:766} INFO - DAG(s) dict_keys(['tutorial_taskflow_api']) retrieved from /Users/mnagy99/opt/anaconda3/envs/airflow-env/lib/python3.8/site-packages/airflow/example_dags/tutorial_taskflow_api.py
[2022-11-06T03:11:15.688+0200] {logging_mixin.py:120} INFO - [2022-11-06T03:11:15.687+0200] {dag.py:2585} INFO - Sync 1 DAGs
[2022-11-06T03:11:15.701+0200] {logging_mixin.py:120} INFO - [2022-11-06T03:11:15.701+0200] {dag.py:3336} INFO - Setting next_dagrun for tutorial_taskflow_api to None, run_after=None
[2022-11-06T03:11:15.718+0200] {processor.py:176} INFO - Processing /Users/mnagy99/opt/anaconda3/envs/airflow-env/lib/python3.8/site-packages/airflow/example_dags/tutorial_taskflow_api.py took 0.504 seconds
[2022-11-06T03:13:24.104+0200] {processor.py:154} INFO - Started process (PID=6442) to work on /Users/mnagy99/opt/anaconda3/envs/airflow-env/lib/python3.8/site-packages/airflow/example_dags/tutorial_taskflow_api.py
[2022-11-06T03:13:24.106+0200] {processor.py:756} INFO - Processing file /Users/mnagy99/opt/anaconda3/envs/airflow-env/lib/python3.8/site-packages/airflow/example_dags/tutorial_taskflow_api.py for tasks to queue
[2022-11-06T03:13:24.107+0200] {logging_mixin.py:120} INFO - [2022-11-06T03:13:24.107+0200] {dagbag.py:537} INFO - Filling up the DagBag from /Users/mnagy99/opt/anaconda3/envs/airflow-env/lib/python3.8/site-packages/airflow/example_dags/tutorial_taskflow_api.py
[2022-11-06T03:13:24.147+0200] {processor.py:766} INFO - DAG(s) dict_keys(['tutorial_taskflow_api']) retrieved from /Users/mnagy99/opt/anaconda3/envs/airflow-env/lib/python3.8/site-packages/airflow/example_dags/tutorial_taskflow_api.py
[2022-11-06T03:13:24.622+0200] {logging_mixin.py:120} INFO - [2022-11-06T03:13:24.622+0200] {dag.py:2585} INFO - Sync 1 DAGs
[2022-11-06T03:13:24.635+0200] {logging_mixin.py:120} INFO - [2022-11-06T03:13:24.635+0200] {dag.py:3336} INFO - Setting next_dagrun for tutorial_taskflow_api to None, run_after=None
[2022-11-06T03:13:24.653+0200] {processor.py:176} INFO - Processing /Users/mnagy99/opt/anaconda3/envs/airflow-env/lib/python3.8/site-packages/airflow/example_dags/tutorial_taskflow_api.py took 0.550 seconds
[2022-11-06T03:15:23.721+0200] {processor.py:154} INFO - Started process (PID=6571) to work on /Users/mnagy99/opt/anaconda3/envs/airflow-env/lib/python3.8/site-packages/airflow/example_dags/tutorial_taskflow_api.py
[2022-11-06T03:15:23.722+0200] {processor.py:756} INFO - Processing file /Users/mnagy99/opt/anaconda3/envs/airflow-env/lib/python3.8/site-packages/airflow/example_dags/tutorial_taskflow_api.py for tasks to queue
[2022-11-06T03:15:23.722+0200] {logging_mixin.py:120} INFO - [2022-11-06T03:15:23.722+0200] {dagbag.py:537} INFO - Filling up the DagBag from /Users/mnagy99/opt/anaconda3/envs/airflow-env/lib/python3.8/site-packages/airflow/example_dags/tutorial_taskflow_api.py
[2022-11-06T03:15:23.759+0200] {processor.py:766} INFO - DAG(s) dict_keys(['tutorial_taskflow_api']) retrieved from /Users/mnagy99/opt/anaconda3/envs/airflow-env/lib/python3.8/site-packages/airflow/example_dags/tutorial_taskflow_api.py
[2022-11-06T03:15:24.321+0200] {logging_mixin.py:120} INFO - [2022-11-06T03:15:24.321+0200] {dag.py:2585} INFO - Sync 1 DAGs
[2022-11-06T03:15:24.345+0200] {logging_mixin.py:120} INFO - [2022-11-06T03:15:24.345+0200] {dag.py:3336} INFO - Setting next_dagrun for tutorial_taskflow_api to None, run_after=None
[2022-11-06T03:15:24.368+0200] {processor.py:176} INFO - Processing /Users/mnagy99/opt/anaconda3/envs/airflow-env/lib/python3.8/site-packages/airflow/example_dags/tutorial_taskflow_api.py took 0.647 seconds
[2022-11-06T03:17:22.326+0200] {processor.py:154} INFO - Started process (PID=6705) to work on /Users/mnagy99/opt/anaconda3/envs/airflow-env/lib/python3.8/site-packages/airflow/example_dags/tutorial_taskflow_api.py
[2022-11-06T03:17:22.329+0200] {processor.py:756} INFO - Processing file /Users/mnagy99/opt/anaconda3/envs/airflow-env/lib/python3.8/site-packages/airflow/example_dags/tutorial_taskflow_api.py for tasks to queue
[2022-11-06T03:17:22.329+0200] {logging_mixin.py:120} INFO - [2022-11-06T03:17:22.329+0200] {dagbag.py:537} INFO - Filling up the DagBag from /Users/mnagy99/opt/anaconda3/envs/airflow-env/lib/python3.8/site-packages/airflow/example_dags/tutorial_taskflow_api.py
[2022-11-06T03:17:22.372+0200] {processor.py:766} INFO - DAG(s) dict_keys(['tutorial_taskflow_api']) retrieved from /Users/mnagy99/opt/anaconda3/envs/airflow-env/lib/python3.8/site-packages/airflow/example_dags/tutorial_taskflow_api.py
[2022-11-06T03:17:22.818+0200] {logging_mixin.py:120} INFO - [2022-11-06T03:17:22.818+0200] {dag.py:2585} INFO - Sync 1 DAGs
[2022-11-06T03:17:22.831+0200] {logging_mixin.py:120} INFO - [2022-11-06T03:17:22.831+0200] {dag.py:3336} INFO - Setting next_dagrun for tutorial_taskflow_api to None, run_after=None
[2022-11-06T03:17:22.852+0200] {processor.py:176} INFO - Processing /Users/mnagy99/opt/anaconda3/envs/airflow-env/lib/python3.8/site-packages/airflow/example_dags/tutorial_taskflow_api.py took 0.526 seconds
[2022-11-06T03:19:19.055+0200] {processor.py:154} INFO - Started process (PID=6830) to work on /Users/mnagy99/opt/anaconda3/envs/airflow-env/lib/python3.8/site-packages/airflow/example_dags/tutorial_taskflow_api.py
[2022-11-06T03:19:19.056+0200] {processor.py:756} INFO - Processing file /Users/mnagy99/opt/anaconda3/envs/airflow-env/lib/python3.8/site-packages/airflow/example_dags/tutorial_taskflow_api.py for tasks to queue
[2022-11-06T03:19:19.056+0200] {logging_mixin.py:120} INFO - [2022-11-06T03:19:19.056+0200] {dagbag.py:537} INFO - Filling up the DagBag from /Users/mnagy99/opt/anaconda3/envs/airflow-env/lib/python3.8/site-packages/airflow/example_dags/tutorial_taskflow_api.py
[2022-11-06T03:19:19.120+0200] {processor.py:766} INFO - DAG(s) dict_keys(['tutorial_taskflow_api']) retrieved from /Users/mnagy99/opt/anaconda3/envs/airflow-env/lib/python3.8/site-packages/airflow/example_dags/tutorial_taskflow_api.py
[2022-11-06T03:19:19.599+0200] {logging_mixin.py:120} INFO - [2022-11-06T03:19:19.599+0200] {dag.py:2585} INFO - Sync 1 DAGs
[2022-11-06T03:19:19.619+0200] {logging_mixin.py:120} INFO - [2022-11-06T03:19:19.618+0200] {dag.py:3336} INFO - Setting next_dagrun for tutorial_taskflow_api to None, run_after=None
[2022-11-06T03:19:19.650+0200] {processor.py:176} INFO - Processing /Users/mnagy99/opt/anaconda3/envs/airflow-env/lib/python3.8/site-packages/airflow/example_dags/tutorial_taskflow_api.py took 0.596 seconds
[2022-11-06T03:21:20.581+0200] {processor.py:154} INFO - Started process (PID=6954) to work on /Users/mnagy99/opt/anaconda3/envs/airflow-env/lib/python3.8/site-packages/airflow/example_dags/tutorial_taskflow_api.py
[2022-11-06T03:21:20.582+0200] {processor.py:756} INFO - Processing file /Users/mnagy99/opt/anaconda3/envs/airflow-env/lib/python3.8/site-packages/airflow/example_dags/tutorial_taskflow_api.py for tasks to queue
[2022-11-06T03:21:20.583+0200] {logging_mixin.py:120} INFO - [2022-11-06T03:21:20.582+0200] {dagbag.py:537} INFO - Filling up the DagBag from /Users/mnagy99/opt/anaconda3/envs/airflow-env/lib/python3.8/site-packages/airflow/example_dags/tutorial_taskflow_api.py
[2022-11-06T03:21:20.623+0200] {processor.py:766} INFO - DAG(s) dict_keys(['tutorial_taskflow_api']) retrieved from /Users/mnagy99/opt/anaconda3/envs/airflow-env/lib/python3.8/site-packages/airflow/example_dags/tutorial_taskflow_api.py
[2022-11-06T03:21:21.059+0200] {logging_mixin.py:120} INFO - [2022-11-06T03:21:21.059+0200] {dag.py:2585} INFO - Sync 1 DAGs
[2022-11-06T03:21:21.074+0200] {logging_mixin.py:120} INFO - [2022-11-06T03:21:21.074+0200] {dag.py:3336} INFO - Setting next_dagrun for tutorial_taskflow_api to None, run_after=None
[2022-11-06T03:21:21.094+0200] {processor.py:176} INFO - Processing /Users/mnagy99/opt/anaconda3/envs/airflow-env/lib/python3.8/site-packages/airflow/example_dags/tutorial_taskflow_api.py took 0.513 seconds
[2022-11-06T03:23:21.566+0200] {processor.py:154} INFO - Started process (PID=7083) to work on /Users/mnagy99/opt/anaconda3/envs/airflow-env/lib/python3.8/site-packages/airflow/example_dags/tutorial_taskflow_api.py
[2022-11-06T03:23:21.569+0200] {processor.py:756} INFO - Processing file /Users/mnagy99/opt/anaconda3/envs/airflow-env/lib/python3.8/site-packages/airflow/example_dags/tutorial_taskflow_api.py for tasks to queue
[2022-11-06T03:23:21.570+0200] {logging_mixin.py:120} INFO - [2022-11-06T03:23:21.569+0200] {dagbag.py:537} INFO - Filling up the DagBag from /Users/mnagy99/opt/anaconda3/envs/airflow-env/lib/python3.8/site-packages/airflow/example_dags/tutorial_taskflow_api.py
[2022-11-06T03:23:21.611+0200] {processor.py:766} INFO - DAG(s) dict_keys(['tutorial_taskflow_api']) retrieved from /Users/mnagy99/opt/anaconda3/envs/airflow-env/lib/python3.8/site-packages/airflow/example_dags/tutorial_taskflow_api.py
[2022-11-06T03:23:22.059+0200] {logging_mixin.py:120} INFO - [2022-11-06T03:23:22.059+0200] {dag.py:2585} INFO - Sync 1 DAGs
[2022-11-06T03:23:22.072+0200] {logging_mixin.py:120} INFO - [2022-11-06T03:23:22.072+0200] {dag.py:3336} INFO - Setting next_dagrun for tutorial_taskflow_api to None, run_after=None
[2022-11-06T03:23:22.092+0200] {processor.py:176} INFO - Processing /Users/mnagy99/opt/anaconda3/envs/airflow-env/lib/python3.8/site-packages/airflow/example_dags/tutorial_taskflow_api.py took 0.526 seconds
[2022-11-06T03:25:17.452+0200] {processor.py:154} INFO - Started process (PID=7205) to work on /Users/mnagy99/opt/anaconda3/envs/airflow-env/lib/python3.8/site-packages/airflow/example_dags/tutorial_taskflow_api.py
[2022-11-06T03:25:17.453+0200] {processor.py:756} INFO - Processing file /Users/mnagy99/opt/anaconda3/envs/airflow-env/lib/python3.8/site-packages/airflow/example_dags/tutorial_taskflow_api.py for tasks to queue
[2022-11-06T03:25:17.453+0200] {logging_mixin.py:120} INFO - [2022-11-06T03:25:17.453+0200] {dagbag.py:537} INFO - Filling up the DagBag from /Users/mnagy99/opt/anaconda3/envs/airflow-env/lib/python3.8/site-packages/airflow/example_dags/tutorial_taskflow_api.py
[2022-11-06T03:25:17.496+0200] {processor.py:766} INFO - DAG(s) dict_keys(['tutorial_taskflow_api']) retrieved from /Users/mnagy99/opt/anaconda3/envs/airflow-env/lib/python3.8/site-packages/airflow/example_dags/tutorial_taskflow_api.py
[2022-11-06T03:25:17.954+0200] {logging_mixin.py:120} INFO - [2022-11-06T03:25:17.954+0200] {dag.py:2585} INFO - Sync 1 DAGs
[2022-11-06T03:25:17.969+0200] {logging_mixin.py:120} INFO - [2022-11-06T03:25:17.969+0200] {dag.py:3336} INFO - Setting next_dagrun for tutorial_taskflow_api to None, run_after=None
[2022-11-06T03:25:17.988+0200] {processor.py:176} INFO - Processing /Users/mnagy99/opt/anaconda3/envs/airflow-env/lib/python3.8/site-packages/airflow/example_dags/tutorial_taskflow_api.py took 0.537 seconds
[2022-11-06T03:27:18.308+0200] {processor.py:154} INFO - Started process (PID=7352) to work on /Users/mnagy99/opt/anaconda3/envs/airflow-env/lib/python3.8/site-packages/airflow/example_dags/tutorial_taskflow_api.py
[2022-11-06T03:27:18.331+0200] {processor.py:756} INFO - Processing file /Users/mnagy99/opt/anaconda3/envs/airflow-env/lib/python3.8/site-packages/airflow/example_dags/tutorial_taskflow_api.py for tasks to queue
[2022-11-06T03:27:18.332+0200] {logging_mixin.py:120} INFO - [2022-11-06T03:27:18.332+0200] {dagbag.py:537} INFO - Filling up the DagBag from /Users/mnagy99/opt/anaconda3/envs/airflow-env/lib/python3.8/site-packages/airflow/example_dags/tutorial_taskflow_api.py
[2022-11-06T03:27:18.383+0200] {processor.py:766} INFO - DAG(s) dict_keys(['tutorial_taskflow_api']) retrieved from /Users/mnagy99/opt/anaconda3/envs/airflow-env/lib/python3.8/site-packages/airflow/example_dags/tutorial_taskflow_api.py
[2022-11-06T03:27:18.892+0200] {logging_mixin.py:120} INFO - [2022-11-06T03:27:18.892+0200] {dag.py:2585} INFO - Sync 1 DAGs
[2022-11-06T03:27:18.906+0200] {logging_mixin.py:120} INFO - [2022-11-06T03:27:18.906+0200] {dag.py:3336} INFO - Setting next_dagrun for tutorial_taskflow_api to None, run_after=None
[2022-11-06T03:27:18.927+0200] {processor.py:176} INFO - Processing /Users/mnagy99/opt/anaconda3/envs/airflow-env/lib/python3.8/site-packages/airflow/example_dags/tutorial_taskflow_api.py took 0.619 seconds
[2022-11-06T03:29:22.296+0200] {processor.py:154} INFO - Started process (PID=7478) to work on /Users/mnagy99/opt/anaconda3/envs/airflow-env/lib/python3.8/site-packages/airflow/example_dags/tutorial_taskflow_api.py
[2022-11-06T03:29:22.299+0200] {processor.py:756} INFO - Processing file /Users/mnagy99/opt/anaconda3/envs/airflow-env/lib/python3.8/site-packages/airflow/example_dags/tutorial_taskflow_api.py for tasks to queue
[2022-11-06T03:29:22.300+0200] {logging_mixin.py:120} INFO - [2022-11-06T03:29:22.299+0200] {dagbag.py:537} INFO - Filling up the DagBag from /Users/mnagy99/opt/anaconda3/envs/airflow-env/lib/python3.8/site-packages/airflow/example_dags/tutorial_taskflow_api.py
[2022-11-06T03:29:22.341+0200] {processor.py:766} INFO - DAG(s) dict_keys(['tutorial_taskflow_api']) retrieved from /Users/mnagy99/opt/anaconda3/envs/airflow-env/lib/python3.8/site-packages/airflow/example_dags/tutorial_taskflow_api.py
[2022-11-06T03:29:22.806+0200] {logging_mixin.py:120} INFO - [2022-11-06T03:29:22.806+0200] {dag.py:2585} INFO - Sync 1 DAGs
[2022-11-06T03:29:22.819+0200] {logging_mixin.py:120} INFO - [2022-11-06T03:29:22.819+0200] {dag.py:3336} INFO - Setting next_dagrun for tutorial_taskflow_api to None, run_after=None
[2022-11-06T03:29:22.838+0200] {processor.py:176} INFO - Processing /Users/mnagy99/opt/anaconda3/envs/airflow-env/lib/python3.8/site-packages/airflow/example_dags/tutorial_taskflow_api.py took 0.542 seconds
[2022-11-06T03:31:20.119+0200] {processor.py:154} INFO - Started process (PID=7603) to work on /Users/mnagy99/opt/anaconda3/envs/airflow-env/lib/python3.8/site-packages/airflow/example_dags/tutorial_taskflow_api.py
[2022-11-06T03:31:20.122+0200] {processor.py:756} INFO - Processing file /Users/mnagy99/opt/anaconda3/envs/airflow-env/lib/python3.8/site-packages/airflow/example_dags/tutorial_taskflow_api.py for tasks to queue
[2022-11-06T03:31:20.122+0200] {logging_mixin.py:120} INFO - [2022-11-06T03:31:20.122+0200] {dagbag.py:537} INFO - Filling up the DagBag from /Users/mnagy99/opt/anaconda3/envs/airflow-env/lib/python3.8/site-packages/airflow/example_dags/tutorial_taskflow_api.py
[2022-11-06T03:31:20.164+0200] {processor.py:766} INFO - DAG(s) dict_keys(['tutorial_taskflow_api']) retrieved from /Users/mnagy99/opt/anaconda3/envs/airflow-env/lib/python3.8/site-packages/airflow/example_dags/tutorial_taskflow_api.py
[2022-11-06T03:31:20.585+0200] {logging_mixin.py:120} INFO - [2022-11-06T03:31:20.585+0200] {dag.py:2585} INFO - Sync 1 DAGs
[2022-11-06T03:31:20.599+0200] {logging_mixin.py:120} INFO - [2022-11-06T03:31:20.598+0200] {dag.py:3336} INFO - Setting next_dagrun for tutorial_taskflow_api to None, run_after=None
[2022-11-06T03:31:20.617+0200] {processor.py:176} INFO - Processing /Users/mnagy99/opt/anaconda3/envs/airflow-env/lib/python3.8/site-packages/airflow/example_dags/tutorial_taskflow_api.py took 0.499 seconds
[2022-11-06T03:33:30.519+0200] {processor.py:154} INFO - Started process (PID=7736) to work on /Users/mnagy99/opt/anaconda3/envs/airflow-env/lib/python3.8/site-packages/airflow/example_dags/tutorial_taskflow_api.py
[2022-11-06T03:33:30.520+0200] {processor.py:756} INFO - Processing file /Users/mnagy99/opt/anaconda3/envs/airflow-env/lib/python3.8/site-packages/airflow/example_dags/tutorial_taskflow_api.py for tasks to queue
[2022-11-06T03:33:30.521+0200] {logging_mixin.py:120} INFO - [2022-11-06T03:33:30.520+0200] {dagbag.py:537} INFO - Filling up the DagBag from /Users/mnagy99/opt/anaconda3/envs/airflow-env/lib/python3.8/site-packages/airflow/example_dags/tutorial_taskflow_api.py
[2022-11-06T03:33:30.561+0200] {processor.py:766} INFO - DAG(s) dict_keys(['tutorial_taskflow_api']) retrieved from /Users/mnagy99/opt/anaconda3/envs/airflow-env/lib/python3.8/site-packages/airflow/example_dags/tutorial_taskflow_api.py
[2022-11-06T03:33:31.030+0200] {logging_mixin.py:120} INFO - [2022-11-06T03:33:31.030+0200] {dag.py:2585} INFO - Sync 1 DAGs
[2022-11-06T03:33:31.046+0200] {logging_mixin.py:120} INFO - [2022-11-06T03:33:31.045+0200] {dag.py:3336} INFO - Setting next_dagrun for tutorial_taskflow_api to None, run_after=None
[2022-11-06T03:33:31.065+0200] {processor.py:176} INFO - Processing /Users/mnagy99/opt/anaconda3/envs/airflow-env/lib/python3.8/site-packages/airflow/example_dags/tutorial_taskflow_api.py took 0.546 seconds
[2022-11-06T03:35:38.083+0200] {processor.py:154} INFO - Started process (PID=7912) to work on /Users/mnagy99/opt/anaconda3/envs/airflow-env/lib/python3.8/site-packages/airflow/example_dags/tutorial_taskflow_api.py
[2022-11-06T03:35:38.085+0200] {processor.py:756} INFO - Processing file /Users/mnagy99/opt/anaconda3/envs/airflow-env/lib/python3.8/site-packages/airflow/example_dags/tutorial_taskflow_api.py for tasks to queue
[2022-11-06T03:35:38.086+0200] {logging_mixin.py:120} INFO - [2022-11-06T03:35:38.086+0200] {dagbag.py:537} INFO - Filling up the DagBag from /Users/mnagy99/opt/anaconda3/envs/airflow-env/lib/python3.8/site-packages/airflow/example_dags/tutorial_taskflow_api.py
[2022-11-06T03:35:38.125+0200] {processor.py:766} INFO - DAG(s) dict_keys(['tutorial_taskflow_api']) retrieved from /Users/mnagy99/opt/anaconda3/envs/airflow-env/lib/python3.8/site-packages/airflow/example_dags/tutorial_taskflow_api.py
[2022-11-06T03:35:38.580+0200] {logging_mixin.py:120} INFO - [2022-11-06T03:35:38.579+0200] {dag.py:2585} INFO - Sync 1 DAGs
[2022-11-06T03:35:38.595+0200] {logging_mixin.py:120} INFO - [2022-11-06T03:35:38.595+0200] {dag.py:3336} INFO - Setting next_dagrun for tutorial_taskflow_api to None, run_after=None
[2022-11-06T03:35:38.615+0200] {processor.py:176} INFO - Processing /Users/mnagy99/opt/anaconda3/envs/airflow-env/lib/python3.8/site-packages/airflow/example_dags/tutorial_taskflow_api.py took 0.533 seconds
[2022-11-06T03:37:42.652+0200] {processor.py:154} INFO - Started process (PID=8038) to work on /Users/mnagy99/opt/anaconda3/envs/airflow-env/lib/python3.8/site-packages/airflow/example_dags/tutorial_taskflow_api.py
[2022-11-06T03:37:42.654+0200] {processor.py:756} INFO - Processing file /Users/mnagy99/opt/anaconda3/envs/airflow-env/lib/python3.8/site-packages/airflow/example_dags/tutorial_taskflow_api.py for tasks to queue
[2022-11-06T03:37:42.655+0200] {logging_mixin.py:120} INFO - [2022-11-06T03:37:42.655+0200] {dagbag.py:537} INFO - Filling up the DagBag from /Users/mnagy99/opt/anaconda3/envs/airflow-env/lib/python3.8/site-packages/airflow/example_dags/tutorial_taskflow_api.py
[2022-11-06T03:37:42.702+0200] {processor.py:766} INFO - DAG(s) dict_keys(['tutorial_taskflow_api']) retrieved from /Users/mnagy99/opt/anaconda3/envs/airflow-env/lib/python3.8/site-packages/airflow/example_dags/tutorial_taskflow_api.py
[2022-11-06T03:37:43.142+0200] {logging_mixin.py:120} INFO - [2022-11-06T03:37:43.141+0200] {dag.py:2585} INFO - Sync 1 DAGs
[2022-11-06T03:37:43.155+0200] {logging_mixin.py:120} INFO - [2022-11-06T03:37:43.155+0200] {dag.py:3336} INFO - Setting next_dagrun for tutorial_taskflow_api to None, run_after=None
[2022-11-06T03:37:43.174+0200] {processor.py:176} INFO - Processing /Users/mnagy99/opt/anaconda3/envs/airflow-env/lib/python3.8/site-packages/airflow/example_dags/tutorial_taskflow_api.py took 0.523 seconds
[2022-11-06T03:39:40.781+0200] {processor.py:154} INFO - Started process (PID=8160) to work on /Users/mnagy99/opt/anaconda3/envs/airflow-env/lib/python3.8/site-packages/airflow/example_dags/tutorial_taskflow_api.py
[2022-11-06T03:39:40.782+0200] {processor.py:756} INFO - Processing file /Users/mnagy99/opt/anaconda3/envs/airflow-env/lib/python3.8/site-packages/airflow/example_dags/tutorial_taskflow_api.py for tasks to queue
[2022-11-06T03:39:40.783+0200] {logging_mixin.py:120} INFO - [2022-11-06T03:39:40.783+0200] {dagbag.py:537} INFO - Filling up the DagBag from /Users/mnagy99/opt/anaconda3/envs/airflow-env/lib/python3.8/site-packages/airflow/example_dags/tutorial_taskflow_api.py
[2022-11-06T03:39:40.821+0200] {processor.py:766} INFO - DAG(s) dict_keys(['tutorial_taskflow_api']) retrieved from /Users/mnagy99/opt/anaconda3/envs/airflow-env/lib/python3.8/site-packages/airflow/example_dags/tutorial_taskflow_api.py
[2022-11-06T03:39:41.239+0200] {logging_mixin.py:120} INFO - [2022-11-06T03:39:41.239+0200] {dag.py:2585} INFO - Sync 1 DAGs
[2022-11-06T03:39:41.253+0200] {logging_mixin.py:120} INFO - [2022-11-06T03:39:41.253+0200] {dag.py:3336} INFO - Setting next_dagrun for tutorial_taskflow_api to None, run_after=None
[2022-11-06T03:39:41.271+0200] {processor.py:176} INFO - Processing /Users/mnagy99/opt/anaconda3/envs/airflow-env/lib/python3.8/site-packages/airflow/example_dags/tutorial_taskflow_api.py took 0.490 seconds
[2022-11-06T03:41:40.945+0200] {processor.py:154} INFO - Started process (PID=8282) to work on /Users/mnagy99/opt/anaconda3/envs/airflow-env/lib/python3.8/site-packages/airflow/example_dags/tutorial_taskflow_api.py
[2022-11-06T03:41:40.947+0200] {processor.py:756} INFO - Processing file /Users/mnagy99/opt/anaconda3/envs/airflow-env/lib/python3.8/site-packages/airflow/example_dags/tutorial_taskflow_api.py for tasks to queue
[2022-11-06T03:41:40.948+0200] {logging_mixin.py:120} INFO - [2022-11-06T03:41:40.948+0200] {dagbag.py:537} INFO - Filling up the DagBag from /Users/mnagy99/opt/anaconda3/envs/airflow-env/lib/python3.8/site-packages/airflow/example_dags/tutorial_taskflow_api.py
[2022-11-06T03:41:40.990+0200] {processor.py:766} INFO - DAG(s) dict_keys(['tutorial_taskflow_api']) retrieved from /Users/mnagy99/opt/anaconda3/envs/airflow-env/lib/python3.8/site-packages/airflow/example_dags/tutorial_taskflow_api.py
[2022-11-06T03:41:41.424+0200] {logging_mixin.py:120} INFO - [2022-11-06T03:41:41.423+0200] {dag.py:2585} INFO - Sync 1 DAGs
[2022-11-06T03:41:41.439+0200] {logging_mixin.py:120} INFO - [2022-11-06T03:41:41.439+0200] {dag.py:3336} INFO - Setting next_dagrun for tutorial_taskflow_api to None, run_after=None
[2022-11-06T03:41:41.455+0200] {processor.py:176} INFO - Processing /Users/mnagy99/opt/anaconda3/envs/airflow-env/lib/python3.8/site-packages/airflow/example_dags/tutorial_taskflow_api.py took 0.511 seconds
[2022-11-06T03:43:39.699+0200] {processor.py:154} INFO - Started process (PID=8403) to work on /Users/mnagy99/opt/anaconda3/envs/airflow-env/lib/python3.8/site-packages/airflow/example_dags/tutorial_taskflow_api.py
[2022-11-06T03:43:39.701+0200] {processor.py:756} INFO - Processing file /Users/mnagy99/opt/anaconda3/envs/airflow-env/lib/python3.8/site-packages/airflow/example_dags/tutorial_taskflow_api.py for tasks to queue
[2022-11-06T03:43:39.702+0200] {logging_mixin.py:120} INFO - [2022-11-06T03:43:39.702+0200] {dagbag.py:537} INFO - Filling up the DagBag from /Users/mnagy99/opt/anaconda3/envs/airflow-env/lib/python3.8/site-packages/airflow/example_dags/tutorial_taskflow_api.py
[2022-11-06T03:43:39.745+0200] {processor.py:766} INFO - DAG(s) dict_keys(['tutorial_taskflow_api']) retrieved from /Users/mnagy99/opt/anaconda3/envs/airflow-env/lib/python3.8/site-packages/airflow/example_dags/tutorial_taskflow_api.py
[2022-11-06T03:43:40.168+0200] {logging_mixin.py:120} INFO - [2022-11-06T03:43:40.168+0200] {dag.py:2585} INFO - Sync 1 DAGs
[2022-11-06T03:43:40.182+0200] {logging_mixin.py:120} INFO - [2022-11-06T03:43:40.181+0200] {dag.py:3336} INFO - Setting next_dagrun for tutorial_taskflow_api to None, run_after=None
[2022-11-06T03:43:40.200+0200] {processor.py:176} INFO - Processing /Users/mnagy99/opt/anaconda3/envs/airflow-env/lib/python3.8/site-packages/airflow/example_dags/tutorial_taskflow_api.py took 0.502 seconds
[2022-11-06T03:45:43.107+0200] {processor.py:154} INFO - Started process (PID=8548) to work on /Users/mnagy99/opt/anaconda3/envs/airflow-env/lib/python3.8/site-packages/airflow/example_dags/tutorial_taskflow_api.py
[2022-11-06T03:45:43.110+0200] {processor.py:756} INFO - Processing file /Users/mnagy99/opt/anaconda3/envs/airflow-env/lib/python3.8/site-packages/airflow/example_dags/tutorial_taskflow_api.py for tasks to queue
[2022-11-06T03:45:43.111+0200] {logging_mixin.py:120} INFO - [2022-11-06T03:45:43.111+0200] {dagbag.py:537} INFO - Filling up the DagBag from /Users/mnagy99/opt/anaconda3/envs/airflow-env/lib/python3.8/site-packages/airflow/example_dags/tutorial_taskflow_api.py
[2022-11-06T03:45:43.156+0200] {processor.py:766} INFO - DAG(s) dict_keys(['tutorial_taskflow_api']) retrieved from /Users/mnagy99/opt/anaconda3/envs/airflow-env/lib/python3.8/site-packages/airflow/example_dags/tutorial_taskflow_api.py
[2022-11-06T03:45:43.575+0200] {logging_mixin.py:120} INFO - [2022-11-06T03:45:43.575+0200] {dag.py:2585} INFO - Sync 1 DAGs
[2022-11-06T03:45:43.589+0200] {logging_mixin.py:120} INFO - [2022-11-06T03:45:43.588+0200] {dag.py:3336} INFO - Setting next_dagrun for tutorial_taskflow_api to None, run_after=None
[2022-11-06T03:45:43.611+0200] {processor.py:176} INFO - Processing /Users/mnagy99/opt/anaconda3/envs/airflow-env/lib/python3.8/site-packages/airflow/example_dags/tutorial_taskflow_api.py took 0.505 seconds
[2022-11-06T03:47:43.662+0200] {processor.py:154} INFO - Started process (PID=8668) to work on /Users/mnagy99/opt/anaconda3/envs/airflow-env/lib/python3.8/site-packages/airflow/example_dags/tutorial_taskflow_api.py
[2022-11-06T03:47:43.664+0200] {processor.py:756} INFO - Processing file /Users/mnagy99/opt/anaconda3/envs/airflow-env/lib/python3.8/site-packages/airflow/example_dags/tutorial_taskflow_api.py for tasks to queue
[2022-11-06T03:47:43.665+0200] {logging_mixin.py:120} INFO - [2022-11-06T03:47:43.665+0200] {dagbag.py:537} INFO - Filling up the DagBag from /Users/mnagy99/opt/anaconda3/envs/airflow-env/lib/python3.8/site-packages/airflow/example_dags/tutorial_taskflow_api.py
[2022-11-06T03:47:43.706+0200] {processor.py:766} INFO - DAG(s) dict_keys(['tutorial_taskflow_api']) retrieved from /Users/mnagy99/opt/anaconda3/envs/airflow-env/lib/python3.8/site-packages/airflow/example_dags/tutorial_taskflow_api.py
[2022-11-06T03:47:44.170+0200] {logging_mixin.py:120} INFO - [2022-11-06T03:47:44.170+0200] {dag.py:2585} INFO - Sync 1 DAGs
[2022-11-06T03:47:44.184+0200] {logging_mixin.py:120} INFO - [2022-11-06T03:47:44.184+0200] {dag.py:3336} INFO - Setting next_dagrun for tutorial_taskflow_api to None, run_after=None
[2022-11-06T03:47:44.199+0200] {processor.py:176} INFO - Processing /Users/mnagy99/opt/anaconda3/envs/airflow-env/lib/python3.8/site-packages/airflow/example_dags/tutorial_taskflow_api.py took 0.538 seconds
[2022-11-06T03:49:52.318+0200] {processor.py:154} INFO - Started process (PID=8792) to work on /Users/mnagy99/opt/anaconda3/envs/airflow-env/lib/python3.8/site-packages/airflow/example_dags/tutorial_taskflow_api.py
[2022-11-06T03:49:52.320+0200] {processor.py:756} INFO - Processing file /Users/mnagy99/opt/anaconda3/envs/airflow-env/lib/python3.8/site-packages/airflow/example_dags/tutorial_taskflow_api.py for tasks to queue
[2022-11-06T03:49:52.320+0200] {logging_mixin.py:120} INFO - [2022-11-06T03:49:52.320+0200] {dagbag.py:537} INFO - Filling up the DagBag from /Users/mnagy99/opt/anaconda3/envs/airflow-env/lib/python3.8/site-packages/airflow/example_dags/tutorial_taskflow_api.py
[2022-11-06T03:49:52.359+0200] {processor.py:766} INFO - DAG(s) dict_keys(['tutorial_taskflow_api']) retrieved from /Users/mnagy99/opt/anaconda3/envs/airflow-env/lib/python3.8/site-packages/airflow/example_dags/tutorial_taskflow_api.py
[2022-11-06T03:49:53.040+0200] {logging_mixin.py:120} INFO - [2022-11-06T03:49:53.040+0200] {dag.py:2585} INFO - Sync 1 DAGs
[2022-11-06T03:49:53.055+0200] {logging_mixin.py:120} INFO - [2022-11-06T03:49:53.055+0200] {dag.py:3336} INFO - Setting next_dagrun for tutorial_taskflow_api to None, run_after=None
[2022-11-06T03:49:53.073+0200] {processor.py:176} INFO - Processing /Users/mnagy99/opt/anaconda3/envs/airflow-env/lib/python3.8/site-packages/airflow/example_dags/tutorial_taskflow_api.py took 0.756 seconds
[2022-11-06T03:51:55.726+0200] {processor.py:154} INFO - Started process (PID=8919) to work on /Users/mnagy99/opt/anaconda3/envs/airflow-env/lib/python3.8/site-packages/airflow/example_dags/tutorial_taskflow_api.py
[2022-11-06T03:51:55.728+0200] {processor.py:756} INFO - Processing file /Users/mnagy99/opt/anaconda3/envs/airflow-env/lib/python3.8/site-packages/airflow/example_dags/tutorial_taskflow_api.py for tasks to queue
[2022-11-06T03:51:55.729+0200] {logging_mixin.py:120} INFO - [2022-11-06T03:51:55.729+0200] {dagbag.py:537} INFO - Filling up the DagBag from /Users/mnagy99/opt/anaconda3/envs/airflow-env/lib/python3.8/site-packages/airflow/example_dags/tutorial_taskflow_api.py
[2022-11-06T03:51:55.777+0200] {processor.py:766} INFO - DAG(s) dict_keys(['tutorial_taskflow_api']) retrieved from /Users/mnagy99/opt/anaconda3/envs/airflow-env/lib/python3.8/site-packages/airflow/example_dags/tutorial_taskflow_api.py
[2022-11-06T03:51:56.480+0200] {logging_mixin.py:120} INFO - [2022-11-06T03:51:56.480+0200] {dag.py:2585} INFO - Sync 1 DAGs
[2022-11-06T03:51:56.494+0200] {logging_mixin.py:120} INFO - [2022-11-06T03:51:56.494+0200] {dag.py:3336} INFO - Setting next_dagrun for tutorial_taskflow_api to None, run_after=None
[2022-11-06T03:51:56.514+0200] {processor.py:176} INFO - Processing /Users/mnagy99/opt/anaconda3/envs/airflow-env/lib/python3.8/site-packages/airflow/example_dags/tutorial_taskflow_api.py took 0.789 seconds
[2022-11-06T03:54:08.390+0200] {processor.py:154} INFO - Started process (PID=9056) to work on /Users/mnagy99/opt/anaconda3/envs/airflow-env/lib/python3.8/site-packages/airflow/example_dags/tutorial_taskflow_api.py
[2022-11-06T03:54:08.393+0200] {processor.py:756} INFO - Processing file /Users/mnagy99/opt/anaconda3/envs/airflow-env/lib/python3.8/site-packages/airflow/example_dags/tutorial_taskflow_api.py for tasks to queue
[2022-11-06T03:54:08.393+0200] {logging_mixin.py:120} INFO - [2022-11-06T03:54:08.393+0200] {dagbag.py:537} INFO - Filling up the DagBag from /Users/mnagy99/opt/anaconda3/envs/airflow-env/lib/python3.8/site-packages/airflow/example_dags/tutorial_taskflow_api.py
[2022-11-06T03:54:08.435+0200] {processor.py:766} INFO - DAG(s) dict_keys(['tutorial_taskflow_api']) retrieved from /Users/mnagy99/opt/anaconda3/envs/airflow-env/lib/python3.8/site-packages/airflow/example_dags/tutorial_taskflow_api.py
[2022-11-06T03:54:08.884+0200] {logging_mixin.py:120} INFO - [2022-11-06T03:54:08.884+0200] {dag.py:2585} INFO - Sync 1 DAGs
[2022-11-06T03:54:08.903+0200] {logging_mixin.py:120} INFO - [2022-11-06T03:54:08.902+0200] {dag.py:3336} INFO - Setting next_dagrun for tutorial_taskflow_api to None, run_after=None
[2022-11-06T03:54:08.923+0200] {processor.py:176} INFO - Processing /Users/mnagy99/opt/anaconda3/envs/airflow-env/lib/python3.8/site-packages/airflow/example_dags/tutorial_taskflow_api.py took 0.533 seconds
[2022-11-06T03:56:29.292+0200] {processor.py:154} INFO - Started process (PID=9198) to work on /Users/mnagy99/opt/anaconda3/envs/airflow-env/lib/python3.8/site-packages/airflow/example_dags/tutorial_taskflow_api.py
[2022-11-06T03:56:29.295+0200] {processor.py:756} INFO - Processing file /Users/mnagy99/opt/anaconda3/envs/airflow-env/lib/python3.8/site-packages/airflow/example_dags/tutorial_taskflow_api.py for tasks to queue
[2022-11-06T03:56:29.295+0200] {logging_mixin.py:120} INFO - [2022-11-06T03:56:29.295+0200] {dagbag.py:537} INFO - Filling up the DagBag from /Users/mnagy99/opt/anaconda3/envs/airflow-env/lib/python3.8/site-packages/airflow/example_dags/tutorial_taskflow_api.py
[2022-11-06T03:56:29.338+0200] {processor.py:766} INFO - DAG(s) dict_keys(['tutorial_taskflow_api']) retrieved from /Users/mnagy99/opt/anaconda3/envs/airflow-env/lib/python3.8/site-packages/airflow/example_dags/tutorial_taskflow_api.py
[2022-11-06T03:56:29.778+0200] {logging_mixin.py:120} INFO - [2022-11-06T03:56:29.778+0200] {dag.py:2585} INFO - Sync 1 DAGs
[2022-11-06T03:56:29.792+0200] {logging_mixin.py:120} INFO - [2022-11-06T03:56:29.792+0200] {dag.py:3336} INFO - Setting next_dagrun for tutorial_taskflow_api to None, run_after=None
[2022-11-06T03:56:29.811+0200] {processor.py:176} INFO - Processing /Users/mnagy99/opt/anaconda3/envs/airflow-env/lib/python3.8/site-packages/airflow/example_dags/tutorial_taskflow_api.py took 0.520 seconds
[2022-11-06T03:58:42.758+0200] {processor.py:154} INFO - Started process (PID=9325) to work on /Users/mnagy99/opt/anaconda3/envs/airflow-env/lib/python3.8/site-packages/airflow/example_dags/tutorial_taskflow_api.py
[2022-11-06T03:58:42.760+0200] {processor.py:756} INFO - Processing file /Users/mnagy99/opt/anaconda3/envs/airflow-env/lib/python3.8/site-packages/airflow/example_dags/tutorial_taskflow_api.py for tasks to queue
[2022-11-06T03:58:42.761+0200] {logging_mixin.py:120} INFO - [2022-11-06T03:58:42.760+0200] {dagbag.py:537} INFO - Filling up the DagBag from /Users/mnagy99/opt/anaconda3/envs/airflow-env/lib/python3.8/site-packages/airflow/example_dags/tutorial_taskflow_api.py
[2022-11-06T03:58:42.816+0200] {processor.py:766} INFO - DAG(s) dict_keys(['tutorial_taskflow_api']) retrieved from /Users/mnagy99/opt/anaconda3/envs/airflow-env/lib/python3.8/site-packages/airflow/example_dags/tutorial_taskflow_api.py
[2022-11-06T03:58:43.339+0200] {logging_mixin.py:120} INFO - [2022-11-06T03:58:43.339+0200] {dag.py:2585} INFO - Sync 1 DAGs
[2022-11-06T03:58:43.358+0200] {logging_mixin.py:120} INFO - [2022-11-06T03:58:43.358+0200] {dag.py:3336} INFO - Setting next_dagrun for tutorial_taskflow_api to None, run_after=None
[2022-11-06T03:58:43.377+0200] {processor.py:176} INFO - Processing /Users/mnagy99/opt/anaconda3/envs/airflow-env/lib/python3.8/site-packages/airflow/example_dags/tutorial_taskflow_api.py took 0.620 seconds
[2022-11-06T04:01:12.285+0200] {processor.py:154} INFO - Started process (PID=9486) to work on /Users/mnagy99/opt/anaconda3/envs/airflow-env/lib/python3.8/site-packages/airflow/example_dags/tutorial_taskflow_api.py
[2022-11-06T04:01:12.288+0200] {processor.py:756} INFO - Processing file /Users/mnagy99/opt/anaconda3/envs/airflow-env/lib/python3.8/site-packages/airflow/example_dags/tutorial_taskflow_api.py for tasks to queue
[2022-11-06T04:01:12.288+0200] {logging_mixin.py:120} INFO - [2022-11-06T04:01:12.288+0200] {dagbag.py:537} INFO - Filling up the DagBag from /Users/mnagy99/opt/anaconda3/envs/airflow-env/lib/python3.8/site-packages/airflow/example_dags/tutorial_taskflow_api.py
[2022-11-06T04:01:12.328+0200] {processor.py:766} INFO - DAG(s) dict_keys(['tutorial_taskflow_api']) retrieved from /Users/mnagy99/opt/anaconda3/envs/airflow-env/lib/python3.8/site-packages/airflow/example_dags/tutorial_taskflow_api.py
[2022-11-06T04:01:12.766+0200] {logging_mixin.py:120} INFO - [2022-11-06T04:01:12.766+0200] {dag.py:2585} INFO - Sync 1 DAGs
[2022-11-06T04:01:12.783+0200] {logging_mixin.py:120} INFO - [2022-11-06T04:01:12.783+0200] {dag.py:3336} INFO - Setting next_dagrun for tutorial_taskflow_api to None, run_after=None
[2022-11-06T04:01:12.803+0200] {processor.py:176} INFO - Processing /Users/mnagy99/opt/anaconda3/envs/airflow-env/lib/python3.8/site-packages/airflow/example_dags/tutorial_taskflow_api.py took 0.519 seconds
[2022-11-06T04:03:30.123+0200] {processor.py:154} INFO - Started process (PID=9625) to work on /Users/mnagy99/opt/anaconda3/envs/airflow-env/lib/python3.8/site-packages/airflow/example_dags/tutorial_taskflow_api.py
[2022-11-06T04:03:30.124+0200] {processor.py:756} INFO - Processing file /Users/mnagy99/opt/anaconda3/envs/airflow-env/lib/python3.8/site-packages/airflow/example_dags/tutorial_taskflow_api.py for tasks to queue
[2022-11-06T04:03:30.124+0200] {logging_mixin.py:120} INFO - [2022-11-06T04:03:30.124+0200] {dagbag.py:537} INFO - Filling up the DagBag from /Users/mnagy99/opt/anaconda3/envs/airflow-env/lib/python3.8/site-packages/airflow/example_dags/tutorial_taskflow_api.py
[2022-11-06T04:03:30.162+0200] {processor.py:766} INFO - DAG(s) dict_keys(['tutorial_taskflow_api']) retrieved from /Users/mnagy99/opt/anaconda3/envs/airflow-env/lib/python3.8/site-packages/airflow/example_dags/tutorial_taskflow_api.py
[2022-11-06T04:03:30.581+0200] {logging_mixin.py:120} INFO - [2022-11-06T04:03:30.581+0200] {dag.py:2585} INFO - Sync 1 DAGs
[2022-11-06T04:03:30.594+0200] {logging_mixin.py:120} INFO - [2022-11-06T04:03:30.594+0200] {dag.py:3336} INFO - Setting next_dagrun for tutorial_taskflow_api to None, run_after=None
[2022-11-06T04:03:30.616+0200] {processor.py:176} INFO - Processing /Users/mnagy99/opt/anaconda3/envs/airflow-env/lib/python3.8/site-packages/airflow/example_dags/tutorial_taskflow_api.py took 0.493 seconds
[2022-11-06T04:05:36.642+0200] {processor.py:154} INFO - Started process (PID=9762) to work on /Users/mnagy99/opt/anaconda3/envs/airflow-env/lib/python3.8/site-packages/airflow/example_dags/tutorial_taskflow_api.py
[2022-11-06T04:05:36.643+0200] {processor.py:756} INFO - Processing file /Users/mnagy99/opt/anaconda3/envs/airflow-env/lib/python3.8/site-packages/airflow/example_dags/tutorial_taskflow_api.py for tasks to queue
[2022-11-06T04:05:36.644+0200] {logging_mixin.py:120} INFO - [2022-11-06T04:05:36.644+0200] {dagbag.py:537} INFO - Filling up the DagBag from /Users/mnagy99/opt/anaconda3/envs/airflow-env/lib/python3.8/site-packages/airflow/example_dags/tutorial_taskflow_api.py
[2022-11-06T04:05:36.683+0200] {processor.py:766} INFO - DAG(s) dict_keys(['tutorial_taskflow_api']) retrieved from /Users/mnagy99/opt/anaconda3/envs/airflow-env/lib/python3.8/site-packages/airflow/example_dags/tutorial_taskflow_api.py
[2022-11-06T04:05:37.135+0200] {logging_mixin.py:120} INFO - [2022-11-06T04:05:37.135+0200] {dag.py:2585} INFO - Sync 1 DAGs
[2022-11-06T04:05:37.149+0200] {logging_mixin.py:120} INFO - [2022-11-06T04:05:37.149+0200] {dag.py:3336} INFO - Setting next_dagrun for tutorial_taskflow_api to None, run_after=None
[2022-11-06T04:05:37.167+0200] {processor.py:176} INFO - Processing /Users/mnagy99/opt/anaconda3/envs/airflow-env/lib/python3.8/site-packages/airflow/example_dags/tutorial_taskflow_api.py took 0.526 seconds
[2022-11-06T04:08:11.006+0200] {processor.py:154} INFO - Started process (PID=9918) to work on /Users/mnagy99/opt/anaconda3/envs/airflow-env/lib/python3.8/site-packages/airflow/example_dags/tutorial_taskflow_api.py
[2022-11-06T04:08:11.009+0200] {processor.py:756} INFO - Processing file /Users/mnagy99/opt/anaconda3/envs/airflow-env/lib/python3.8/site-packages/airflow/example_dags/tutorial_taskflow_api.py for tasks to queue
[2022-11-06T04:08:11.010+0200] {logging_mixin.py:120} INFO - [2022-11-06T04:08:11.010+0200] {dagbag.py:537} INFO - Filling up the DagBag from /Users/mnagy99/opt/anaconda3/envs/airflow-env/lib/python3.8/site-packages/airflow/example_dags/tutorial_taskflow_api.py
[2022-11-06T04:08:11.050+0200] {processor.py:766} INFO - DAG(s) dict_keys(['tutorial_taskflow_api']) retrieved from /Users/mnagy99/opt/anaconda3/envs/airflow-env/lib/python3.8/site-packages/airflow/example_dags/tutorial_taskflow_api.py
[2022-11-06T04:08:11.470+0200] {logging_mixin.py:120} INFO - [2022-11-06T04:08:11.470+0200] {dag.py:2585} INFO - Sync 1 DAGs
[2022-11-06T04:08:11.484+0200] {logging_mixin.py:120} INFO - [2022-11-06T04:08:11.483+0200] {dag.py:3336} INFO - Setting next_dagrun for tutorial_taskflow_api to None, run_after=None
[2022-11-06T04:08:11.502+0200] {processor.py:176} INFO - Processing /Users/mnagy99/opt/anaconda3/envs/airflow-env/lib/python3.8/site-packages/airflow/example_dags/tutorial_taskflow_api.py took 0.496 seconds
[2022-11-06T04:10:16.128+0200] {processor.py:154} INFO - Started process (PID=10053) to work on /Users/mnagy99/opt/anaconda3/envs/airflow-env/lib/python3.8/site-packages/airflow/example_dags/tutorial_taskflow_api.py
[2022-11-06T04:10:16.131+0200] {processor.py:756} INFO - Processing file /Users/mnagy99/opt/anaconda3/envs/airflow-env/lib/python3.8/site-packages/airflow/example_dags/tutorial_taskflow_api.py for tasks to queue
[2022-11-06T04:10:16.132+0200] {logging_mixin.py:120} INFO - [2022-11-06T04:10:16.131+0200] {dagbag.py:537} INFO - Filling up the DagBag from /Users/mnagy99/opt/anaconda3/envs/airflow-env/lib/python3.8/site-packages/airflow/example_dags/tutorial_taskflow_api.py
[2022-11-06T04:10:16.173+0200] {processor.py:766} INFO - DAG(s) dict_keys(['tutorial_taskflow_api']) retrieved from /Users/mnagy99/opt/anaconda3/envs/airflow-env/lib/python3.8/site-packages/airflow/example_dags/tutorial_taskflow_api.py
[2022-11-06T04:10:16.597+0200] {logging_mixin.py:120} INFO - [2022-11-06T04:10:16.597+0200] {dag.py:2585} INFO - Sync 1 DAGs
[2022-11-06T04:10:16.611+0200] {logging_mixin.py:120} INFO - [2022-11-06T04:10:16.611+0200] {dag.py:3336} INFO - Setting next_dagrun for tutorial_taskflow_api to None, run_after=None
[2022-11-06T04:10:16.628+0200] {processor.py:176} INFO - Processing /Users/mnagy99/opt/anaconda3/envs/airflow-env/lib/python3.8/site-packages/airflow/example_dags/tutorial_taskflow_api.py took 0.501 seconds
[2022-11-06T04:12:41.345+0200] {processor.py:154} INFO - Started process (PID=10204) to work on /Users/mnagy99/opt/anaconda3/envs/airflow-env/lib/python3.8/site-packages/airflow/example_dags/tutorial_taskflow_api.py
[2022-11-06T04:12:41.347+0200] {processor.py:756} INFO - Processing file /Users/mnagy99/opt/anaconda3/envs/airflow-env/lib/python3.8/site-packages/airflow/example_dags/tutorial_taskflow_api.py for tasks to queue
[2022-11-06T04:12:41.349+0200] {logging_mixin.py:120} INFO - [2022-11-06T04:12:41.348+0200] {dagbag.py:537} INFO - Filling up the DagBag from /Users/mnagy99/opt/anaconda3/envs/airflow-env/lib/python3.8/site-packages/airflow/example_dags/tutorial_taskflow_api.py
[2022-11-06T04:12:41.388+0200] {processor.py:766} INFO - DAG(s) dict_keys(['tutorial_taskflow_api']) retrieved from /Users/mnagy99/opt/anaconda3/envs/airflow-env/lib/python3.8/site-packages/airflow/example_dags/tutorial_taskflow_api.py
[2022-11-06T04:12:41.824+0200] {logging_mixin.py:120} INFO - [2022-11-06T04:12:41.824+0200] {dag.py:2585} INFO - Sync 1 DAGs
[2022-11-06T04:12:41.840+0200] {logging_mixin.py:120} INFO - [2022-11-06T04:12:41.840+0200] {dag.py:3336} INFO - Setting next_dagrun for tutorial_taskflow_api to None, run_after=None
[2022-11-06T04:12:41.859+0200] {processor.py:176} INFO - Processing /Users/mnagy99/opt/anaconda3/envs/airflow-env/lib/python3.8/site-packages/airflow/example_dags/tutorial_taskflow_api.py took 0.515 seconds
[2022-11-06T04:14:41.121+0200] {processor.py:154} INFO - Started process (PID=10335) to work on /Users/mnagy99/opt/anaconda3/envs/airflow-env/lib/python3.8/site-packages/airflow/example_dags/tutorial_taskflow_api.py
[2022-11-06T04:14:41.123+0200] {processor.py:756} INFO - Processing file /Users/mnagy99/opt/anaconda3/envs/airflow-env/lib/python3.8/site-packages/airflow/example_dags/tutorial_taskflow_api.py for tasks to queue
[2022-11-06T04:14:41.124+0200] {logging_mixin.py:120} INFO - [2022-11-06T04:14:41.124+0200] {dagbag.py:537} INFO - Filling up the DagBag from /Users/mnagy99/opt/anaconda3/envs/airflow-env/lib/python3.8/site-packages/airflow/example_dags/tutorial_taskflow_api.py
[2022-11-06T04:14:41.170+0200] {processor.py:766} INFO - DAG(s) dict_keys(['tutorial_taskflow_api']) retrieved from /Users/mnagy99/opt/anaconda3/envs/airflow-env/lib/python3.8/site-packages/airflow/example_dags/tutorial_taskflow_api.py
[2022-11-06T04:14:41.618+0200] {logging_mixin.py:120} INFO - [2022-11-06T04:14:41.618+0200] {dag.py:2585} INFO - Sync 1 DAGs
[2022-11-06T04:14:41.635+0200] {logging_mixin.py:120} INFO - [2022-11-06T04:14:41.635+0200] {dag.py:3336} INFO - Setting next_dagrun for tutorial_taskflow_api to None, run_after=None
[2022-11-06T04:14:41.656+0200] {processor.py:176} INFO - Processing /Users/mnagy99/opt/anaconda3/envs/airflow-env/lib/python3.8/site-packages/airflow/example_dags/tutorial_taskflow_api.py took 0.536 seconds
[2022-11-06T04:16:59.991+0200] {processor.py:154} INFO - Started process (PID=10471) to work on /Users/mnagy99/opt/anaconda3/envs/airflow-env/lib/python3.8/site-packages/airflow/example_dags/tutorial_taskflow_api.py
[2022-11-06T04:16:59.994+0200] {processor.py:756} INFO - Processing file /Users/mnagy99/opt/anaconda3/envs/airflow-env/lib/python3.8/site-packages/airflow/example_dags/tutorial_taskflow_api.py for tasks to queue
[2022-11-06T04:16:59.994+0200] {logging_mixin.py:120} INFO - [2022-11-06T04:16:59.994+0200] {dagbag.py:537} INFO - Filling up the DagBag from /Users/mnagy99/opt/anaconda3/envs/airflow-env/lib/python3.8/site-packages/airflow/example_dags/tutorial_taskflow_api.py
[2022-11-06T04:17:00.036+0200] {processor.py:766} INFO - DAG(s) dict_keys(['tutorial_taskflow_api']) retrieved from /Users/mnagy99/opt/anaconda3/envs/airflow-env/lib/python3.8/site-packages/airflow/example_dags/tutorial_taskflow_api.py
[2022-11-06T04:17:00.502+0200] {logging_mixin.py:120} INFO - [2022-11-06T04:17:00.502+0200] {dag.py:2585} INFO - Sync 1 DAGs
[2022-11-06T04:17:00.515+0200] {logging_mixin.py:120} INFO - [2022-11-06T04:17:00.515+0200] {dag.py:3336} INFO - Setting next_dagrun for tutorial_taskflow_api to None, run_after=None
[2022-11-06T04:17:00.531+0200] {processor.py:176} INFO - Processing /Users/mnagy99/opt/anaconda3/envs/airflow-env/lib/python3.8/site-packages/airflow/example_dags/tutorial_taskflow_api.py took 0.540 seconds
