[2022-11-06T02:01:45.051+0200] {processor.py:154} INFO - Started process (PID=1825) to work on /Users/mnagy99/opt/anaconda3/envs/airflow-env/lib/python3.8/site-packages/airflow/example_dags/tutorial.py
[2022-11-06T02:01:45.052+0200] {processor.py:756} INFO - Processing file /Users/mnagy99/opt/anaconda3/envs/airflow-env/lib/python3.8/site-packages/airflow/example_dags/tutorial.py for tasks to queue
[2022-11-06T02:01:45.052+0200] {logging_mixin.py:120} INFO - [2022-11-06T02:01:45.052+0200] {dagbag.py:537} INFO - Filling up the DagBag from /Users/mnagy99/opt/anaconda3/envs/airflow-env/lib/python3.8/site-packages/airflow/example_dags/tutorial.py
[2022-11-06T02:01:45.079+0200] {processor.py:766} INFO - DAG(s) dict_keys(['tutorial']) retrieved from /Users/mnagy99/opt/anaconda3/envs/airflow-env/lib/python3.8/site-packages/airflow/example_dags/tutorial.py
[2022-11-06T02:01:45.594+0200] {logging_mixin.py:120} INFO - [2022-11-06T02:01:45.594+0200] {dag.py:2585} INFO - Sync 1 DAGs
[2022-11-06T02:01:45.608+0200] {logging_mixin.py:120} INFO - [2022-11-06T02:01:45.608+0200] {dag.py:3336} INFO - Setting next_dagrun for tutorial to 2022-11-05T00:01:45.608203+00:00, run_after=2022-11-06T00:01:45.608203+00:00
[2022-11-06T02:01:45.627+0200] {processor.py:176} INFO - Processing /Users/mnagy99/opt/anaconda3/envs/airflow-env/lib/python3.8/site-packages/airflow/example_dags/tutorial.py took 0.577 seconds
[2022-11-06T02:04:02.336+0200] {processor.py:154} INFO - Started process (PID=2144) to work on /Users/mnagy99/opt/anaconda3/envs/airflow-env/lib/python3.8/site-packages/airflow/example_dags/tutorial.py
[2022-11-06T02:04:02.339+0200] {processor.py:756} INFO - Processing file /Users/mnagy99/opt/anaconda3/envs/airflow-env/lib/python3.8/site-packages/airflow/example_dags/tutorial.py for tasks to queue
[2022-11-06T02:04:02.340+0200] {logging_mixin.py:120} INFO - [2022-11-06T02:04:02.339+0200] {dagbag.py:537} INFO - Filling up the DagBag from /Users/mnagy99/opt/anaconda3/envs/airflow-env/lib/python3.8/site-packages/airflow/example_dags/tutorial.py
[2022-11-06T02:04:02.365+0200] {processor.py:766} INFO - DAG(s) dict_keys(['tutorial']) retrieved from /Users/mnagy99/opt/anaconda3/envs/airflow-env/lib/python3.8/site-packages/airflow/example_dags/tutorial.py
[2022-11-06T02:04:02.899+0200] {logging_mixin.py:120} INFO - [2022-11-06T02:04:02.898+0200] {dag.py:2585} INFO - Sync 1 DAGs
[2022-11-06T02:04:02.912+0200] {logging_mixin.py:120} INFO - [2022-11-06T02:04:02.912+0200] {dag.py:3336} INFO - Setting next_dagrun for tutorial to 2022-11-05T00:04:02.912738+00:00, run_after=2022-11-06T00:04:02.912738+00:00
[2022-11-06T02:04:02.934+0200] {processor.py:176} INFO - Processing /Users/mnagy99/opt/anaconda3/envs/airflow-env/lib/python3.8/site-packages/airflow/example_dags/tutorial.py took 0.599 seconds
[2022-11-06T02:06:23.353+0200] {processor.py:154} INFO - Started process (PID=2278) to work on /Users/mnagy99/opt/anaconda3/envs/airflow-env/lib/python3.8/site-packages/airflow/example_dags/tutorial.py
[2022-11-06T02:06:23.355+0200] {processor.py:756} INFO - Processing file /Users/mnagy99/opt/anaconda3/envs/airflow-env/lib/python3.8/site-packages/airflow/example_dags/tutorial.py for tasks to queue
[2022-11-06T02:06:23.356+0200] {logging_mixin.py:120} INFO - [2022-11-06T02:06:23.355+0200] {dagbag.py:537} INFO - Filling up the DagBag from /Users/mnagy99/opt/anaconda3/envs/airflow-env/lib/python3.8/site-packages/airflow/example_dags/tutorial.py
[2022-11-06T02:06:23.389+0200] {processor.py:766} INFO - DAG(s) dict_keys(['tutorial']) retrieved from /Users/mnagy99/opt/anaconda3/envs/airflow-env/lib/python3.8/site-packages/airflow/example_dags/tutorial.py
[2022-11-06T02:06:23.970+0200] {logging_mixin.py:120} INFO - [2022-11-06T02:06:23.969+0200] {dag.py:2585} INFO - Sync 1 DAGs
[2022-11-06T02:06:23.990+0200] {logging_mixin.py:120} INFO - [2022-11-06T02:06:23.990+0200] {dag.py:3336} INFO - Setting next_dagrun for tutorial to 2022-11-05T00:06:23.990601+00:00, run_after=2022-11-06T00:06:23.990601+00:00
[2022-11-06T02:06:24.007+0200] {processor.py:176} INFO - Processing /Users/mnagy99/opt/anaconda3/envs/airflow-env/lib/python3.8/site-packages/airflow/example_dags/tutorial.py took 0.655 seconds
[2022-11-06T02:08:43.020+0200] {processor.py:154} INFO - Started process (PID=2403) to work on /Users/mnagy99/opt/anaconda3/envs/airflow-env/lib/python3.8/site-packages/airflow/example_dags/tutorial.py
[2022-11-06T02:08:43.025+0200] {processor.py:756} INFO - Processing file /Users/mnagy99/opt/anaconda3/envs/airflow-env/lib/python3.8/site-packages/airflow/example_dags/tutorial.py for tasks to queue
[2022-11-06T02:08:43.025+0200] {logging_mixin.py:120} INFO - [2022-11-06T02:08:43.025+0200] {dagbag.py:537} INFO - Filling up the DagBag from /Users/mnagy99/opt/anaconda3/envs/airflow-env/lib/python3.8/site-packages/airflow/example_dags/tutorial.py
[2022-11-06T02:08:43.088+0200] {processor.py:766} INFO - DAG(s) dict_keys(['tutorial']) retrieved from /Users/mnagy99/opt/anaconda3/envs/airflow-env/lib/python3.8/site-packages/airflow/example_dags/tutorial.py
[2022-11-06T02:08:43.750+0200] {logging_mixin.py:120} INFO - [2022-11-06T02:08:43.750+0200] {dag.py:2585} INFO - Sync 1 DAGs
[2022-11-06T02:08:43.769+0200] {logging_mixin.py:120} INFO - [2022-11-06T02:08:43.769+0200] {dag.py:3336} INFO - Setting next_dagrun for tutorial to 2022-11-05T00:08:43.768997+00:00, run_after=2022-11-06T00:08:43.768997+00:00
[2022-11-06T02:08:43.791+0200] {processor.py:176} INFO - Processing /Users/mnagy99/opt/anaconda3/envs/airflow-env/lib/python3.8/site-packages/airflow/example_dags/tutorial.py took 0.778 seconds
[2022-11-06T02:10:59.064+0200] {processor.py:154} INFO - Started process (PID=2534) to work on /Users/mnagy99/opt/anaconda3/envs/airflow-env/lib/python3.8/site-packages/airflow/example_dags/tutorial.py
[2022-11-06T02:10:59.066+0200] {processor.py:756} INFO - Processing file /Users/mnagy99/opt/anaconda3/envs/airflow-env/lib/python3.8/site-packages/airflow/example_dags/tutorial.py for tasks to queue
[2022-11-06T02:10:59.067+0200] {logging_mixin.py:120} INFO - [2022-11-06T02:10:59.067+0200] {dagbag.py:537} INFO - Filling up the DagBag from /Users/mnagy99/opt/anaconda3/envs/airflow-env/lib/python3.8/site-packages/airflow/example_dags/tutorial.py
[2022-11-06T02:10:59.097+0200] {processor.py:766} INFO - DAG(s) dict_keys(['tutorial']) retrieved from /Users/mnagy99/opt/anaconda3/envs/airflow-env/lib/python3.8/site-packages/airflow/example_dags/tutorial.py
[2022-11-06T02:10:59.540+0200] {logging_mixin.py:120} INFO - [2022-11-06T02:10:59.540+0200] {dag.py:2585} INFO - Sync 1 DAGs
[2022-11-06T02:10:59.554+0200] {logging_mixin.py:120} INFO - [2022-11-06T02:10:59.554+0200] {dag.py:3336} INFO - Setting next_dagrun for tutorial to 2022-11-05T00:10:59.554444+00:00, run_after=2022-11-06T00:10:59.554444+00:00
[2022-11-06T02:10:59.572+0200] {processor.py:176} INFO - Processing /Users/mnagy99/opt/anaconda3/envs/airflow-env/lib/python3.8/site-packages/airflow/example_dags/tutorial.py took 0.509 seconds
[2022-11-06T02:13:08.772+0200] {processor.py:154} INFO - Started process (PID=2659) to work on /Users/mnagy99/opt/anaconda3/envs/airflow-env/lib/python3.8/site-packages/airflow/example_dags/tutorial.py
[2022-11-06T02:13:08.774+0200] {processor.py:756} INFO - Processing file /Users/mnagy99/opt/anaconda3/envs/airflow-env/lib/python3.8/site-packages/airflow/example_dags/tutorial.py for tasks to queue
[2022-11-06T02:13:08.775+0200] {logging_mixin.py:120} INFO - [2022-11-06T02:13:08.774+0200] {dagbag.py:537} INFO - Filling up the DagBag from /Users/mnagy99/opt/anaconda3/envs/airflow-env/lib/python3.8/site-packages/airflow/example_dags/tutorial.py
[2022-11-06T02:13:08.798+0200] {processor.py:766} INFO - DAG(s) dict_keys(['tutorial']) retrieved from /Users/mnagy99/opt/anaconda3/envs/airflow-env/lib/python3.8/site-packages/airflow/example_dags/tutorial.py
[2022-11-06T02:13:09.222+0200] {logging_mixin.py:120} INFO - [2022-11-06T02:13:09.222+0200] {dag.py:2585} INFO - Sync 1 DAGs
[2022-11-06T02:13:09.236+0200] {logging_mixin.py:120} INFO - [2022-11-06T02:13:09.235+0200] {dag.py:3336} INFO - Setting next_dagrun for tutorial to 2022-11-05T00:13:09.235762+00:00, run_after=2022-11-06T00:13:09.235762+00:00
[2022-11-06T02:13:09.257+0200] {processor.py:176} INFO - Processing /Users/mnagy99/opt/anaconda3/envs/airflow-env/lib/python3.8/site-packages/airflow/example_dags/tutorial.py took 0.485 seconds
[2022-11-06T02:15:31.438+0200] {processor.py:154} INFO - Started process (PID=2858) to work on /Users/mnagy99/opt/anaconda3/envs/airflow-env/lib/python3.8/site-packages/airflow/example_dags/tutorial.py
[2022-11-06T02:15:31.440+0200] {processor.py:756} INFO - Processing file /Users/mnagy99/opt/anaconda3/envs/airflow-env/lib/python3.8/site-packages/airflow/example_dags/tutorial.py for tasks to queue
[2022-11-06T02:15:31.441+0200] {logging_mixin.py:120} INFO - [2022-11-06T02:15:31.441+0200] {dagbag.py:537} INFO - Filling up the DagBag from /Users/mnagy99/opt/anaconda3/envs/airflow-env/lib/python3.8/site-packages/airflow/example_dags/tutorial.py
[2022-11-06T02:15:31.466+0200] {processor.py:766} INFO - DAG(s) dict_keys(['tutorial']) retrieved from /Users/mnagy99/opt/anaconda3/envs/airflow-env/lib/python3.8/site-packages/airflow/example_dags/tutorial.py
[2022-11-06T02:15:31.914+0200] {logging_mixin.py:120} INFO - [2022-11-06T02:15:31.913+0200] {dag.py:2585} INFO - Sync 1 DAGs
[2022-11-06T02:15:31.932+0200] {logging_mixin.py:120} INFO - [2022-11-06T02:15:31.932+0200] {dag.py:3336} INFO - Setting next_dagrun for tutorial to 2022-11-05T00:15:31.932044+00:00, run_after=2022-11-06T00:15:31.932044+00:00
[2022-11-06T02:15:31.948+0200] {processor.py:176} INFO - Processing /Users/mnagy99/opt/anaconda3/envs/airflow-env/lib/python3.8/site-packages/airflow/example_dags/tutorial.py took 0.511 seconds
[2022-11-06T02:17:45.828+0200] {processor.py:154} INFO - Started process (PID=3007) to work on /Users/mnagy99/opt/anaconda3/envs/airflow-env/lib/python3.8/site-packages/airflow/example_dags/tutorial.py
[2022-11-06T02:17:45.829+0200] {processor.py:756} INFO - Processing file /Users/mnagy99/opt/anaconda3/envs/airflow-env/lib/python3.8/site-packages/airflow/example_dags/tutorial.py for tasks to queue
[2022-11-06T02:17:45.830+0200] {logging_mixin.py:120} INFO - [2022-11-06T02:17:45.830+0200] {dagbag.py:537} INFO - Filling up the DagBag from /Users/mnagy99/opt/anaconda3/envs/airflow-env/lib/python3.8/site-packages/airflow/example_dags/tutorial.py
[2022-11-06T02:17:45.859+0200] {processor.py:766} INFO - DAG(s) dict_keys(['tutorial']) retrieved from /Users/mnagy99/opt/anaconda3/envs/airflow-env/lib/python3.8/site-packages/airflow/example_dags/tutorial.py
[2022-11-06T02:17:46.287+0200] {logging_mixin.py:120} INFO - [2022-11-06T02:17:46.287+0200] {dag.py:2585} INFO - Sync 1 DAGs
[2022-11-06T02:17:46.301+0200] {logging_mixin.py:120} INFO - [2022-11-06T02:17:46.301+0200] {dag.py:3336} INFO - Setting next_dagrun for tutorial to 2022-11-05T00:17:46.301026+00:00, run_after=2022-11-06T00:17:46.301026+00:00
[2022-11-06T02:17:46.318+0200] {processor.py:176} INFO - Processing /Users/mnagy99/opt/anaconda3/envs/airflow-env/lib/python3.8/site-packages/airflow/example_dags/tutorial.py took 0.490 seconds
[2022-11-06T02:19:54.522+0200] {processor.py:154} INFO - Started process (PID=3139) to work on /Users/mnagy99/opt/anaconda3/envs/airflow-env/lib/python3.8/site-packages/airflow/example_dags/tutorial.py
[2022-11-06T02:19:54.525+0200] {processor.py:756} INFO - Processing file /Users/mnagy99/opt/anaconda3/envs/airflow-env/lib/python3.8/site-packages/airflow/example_dags/tutorial.py for tasks to queue
[2022-11-06T02:19:54.526+0200] {logging_mixin.py:120} INFO - [2022-11-06T02:19:54.526+0200] {dagbag.py:537} INFO - Filling up the DagBag from /Users/mnagy99/opt/anaconda3/envs/airflow-env/lib/python3.8/site-packages/airflow/example_dags/tutorial.py
[2022-11-06T02:19:54.552+0200] {processor.py:766} INFO - DAG(s) dict_keys(['tutorial']) retrieved from /Users/mnagy99/opt/anaconda3/envs/airflow-env/lib/python3.8/site-packages/airflow/example_dags/tutorial.py
[2022-11-06T02:19:55.015+0200] {logging_mixin.py:120} INFO - [2022-11-06T02:19:55.015+0200] {dag.py:2585} INFO - Sync 1 DAGs
[2022-11-06T02:19:55.029+0200] {logging_mixin.py:120} INFO - [2022-11-06T02:19:55.029+0200] {dag.py:3336} INFO - Setting next_dagrun for tutorial to 2022-11-05T00:19:55.029476+00:00, run_after=2022-11-06T00:19:55.029476+00:00
[2022-11-06T02:19:55.047+0200] {processor.py:176} INFO - Processing /Users/mnagy99/opt/anaconda3/envs/airflow-env/lib/python3.8/site-packages/airflow/example_dags/tutorial.py took 0.526 seconds
[2022-11-06T02:22:03.491+0200] {processor.py:154} INFO - Started process (PID=3271) to work on /Users/mnagy99/opt/anaconda3/envs/airflow-env/lib/python3.8/site-packages/airflow/example_dags/tutorial.py
[2022-11-06T02:22:03.494+0200] {processor.py:756} INFO - Processing file /Users/mnagy99/opt/anaconda3/envs/airflow-env/lib/python3.8/site-packages/airflow/example_dags/tutorial.py for tasks to queue
[2022-11-06T02:22:03.494+0200] {logging_mixin.py:120} INFO - [2022-11-06T02:22:03.494+0200] {dagbag.py:537} INFO - Filling up the DagBag from /Users/mnagy99/opt/anaconda3/envs/airflow-env/lib/python3.8/site-packages/airflow/example_dags/tutorial.py
[2022-11-06T02:22:03.519+0200] {processor.py:766} INFO - DAG(s) dict_keys(['tutorial']) retrieved from /Users/mnagy99/opt/anaconda3/envs/airflow-env/lib/python3.8/site-packages/airflow/example_dags/tutorial.py
[2022-11-06T02:22:03.951+0200] {logging_mixin.py:120} INFO - [2022-11-06T02:22:03.951+0200] {dag.py:2585} INFO - Sync 1 DAGs
[2022-11-06T02:22:03.964+0200] {logging_mixin.py:120} INFO - [2022-11-06T02:22:03.964+0200] {dag.py:3336} INFO - Setting next_dagrun for tutorial to 2022-11-05T00:22:03.964648+00:00, run_after=2022-11-06T00:22:03.964648+00:00
[2022-11-06T02:22:03.982+0200] {processor.py:176} INFO - Processing /Users/mnagy99/opt/anaconda3/envs/airflow-env/lib/python3.8/site-packages/airflow/example_dags/tutorial.py took 0.491 seconds
[2022-11-06T02:24:16.863+0200] {processor.py:154} INFO - Started process (PID=3415) to work on /Users/mnagy99/opt/anaconda3/envs/airflow-env/lib/python3.8/site-packages/airflow/example_dags/tutorial.py
[2022-11-06T02:24:16.866+0200] {processor.py:756} INFO - Processing file /Users/mnagy99/opt/anaconda3/envs/airflow-env/lib/python3.8/site-packages/airflow/example_dags/tutorial.py for tasks to queue
[2022-11-06T02:24:16.867+0200] {logging_mixin.py:120} INFO - [2022-11-06T02:24:16.866+0200] {dagbag.py:537} INFO - Filling up the DagBag from /Users/mnagy99/opt/anaconda3/envs/airflow-env/lib/python3.8/site-packages/airflow/example_dags/tutorial.py
[2022-11-06T02:24:16.892+0200] {processor.py:766} INFO - DAG(s) dict_keys(['tutorial']) retrieved from /Users/mnagy99/opt/anaconda3/envs/airflow-env/lib/python3.8/site-packages/airflow/example_dags/tutorial.py
[2022-11-06T02:24:17.322+0200] {logging_mixin.py:120} INFO - [2022-11-06T02:24:17.322+0200] {dag.py:2585} INFO - Sync 1 DAGs
[2022-11-06T02:24:17.335+0200] {logging_mixin.py:120} INFO - [2022-11-06T02:24:17.335+0200] {dag.py:3336} INFO - Setting next_dagrun for tutorial to 2022-11-05T00:24:17.335622+00:00, run_after=2022-11-06T00:24:17.335622+00:00
[2022-11-06T02:24:17.351+0200] {processor.py:176} INFO - Processing /Users/mnagy99/opt/anaconda3/envs/airflow-env/lib/python3.8/site-packages/airflow/example_dags/tutorial.py took 0.488 seconds
[2022-11-06T02:26:32.018+0200] {processor.py:154} INFO - Started process (PID=3555) to work on /Users/mnagy99/opt/anaconda3/envs/airflow-env/lib/python3.8/site-packages/airflow/example_dags/tutorial.py
[2022-11-06T02:26:32.020+0200] {processor.py:756} INFO - Processing file /Users/mnagy99/opt/anaconda3/envs/airflow-env/lib/python3.8/site-packages/airflow/example_dags/tutorial.py for tasks to queue
[2022-11-06T02:26:32.021+0200] {logging_mixin.py:120} INFO - [2022-11-06T02:26:32.021+0200] {dagbag.py:537} INFO - Filling up the DagBag from /Users/mnagy99/opt/anaconda3/envs/airflow-env/lib/python3.8/site-packages/airflow/example_dags/tutorial.py
[2022-11-06T02:26:32.051+0200] {processor.py:766} INFO - DAG(s) dict_keys(['tutorial']) retrieved from /Users/mnagy99/opt/anaconda3/envs/airflow-env/lib/python3.8/site-packages/airflow/example_dags/tutorial.py
[2022-11-06T02:26:32.595+0200] {logging_mixin.py:120} INFO - [2022-11-06T02:26:32.595+0200] {dag.py:2585} INFO - Sync 1 DAGs
[2022-11-06T02:26:32.611+0200] {logging_mixin.py:120} INFO - [2022-11-06T02:26:32.610+0200] {dag.py:3336} INFO - Setting next_dagrun for tutorial to 2022-11-05T00:26:32.610782+00:00, run_after=2022-11-06T00:26:32.610782+00:00
[2022-11-06T02:26:32.630+0200] {processor.py:176} INFO - Processing /Users/mnagy99/opt/anaconda3/envs/airflow-env/lib/python3.8/site-packages/airflow/example_dags/tutorial.py took 0.612 seconds
[2022-11-06T02:28:42.901+0200] {processor.py:154} INFO - Started process (PID=3693) to work on /Users/mnagy99/opt/anaconda3/envs/airflow-env/lib/python3.8/site-packages/airflow/example_dags/tutorial.py
[2022-11-06T02:28:42.902+0200] {processor.py:756} INFO - Processing file /Users/mnagy99/opt/anaconda3/envs/airflow-env/lib/python3.8/site-packages/airflow/example_dags/tutorial.py for tasks to queue
[2022-11-06T02:28:42.902+0200] {logging_mixin.py:120} INFO - [2022-11-06T02:28:42.902+0200] {dagbag.py:537} INFO - Filling up the DagBag from /Users/mnagy99/opt/anaconda3/envs/airflow-env/lib/python3.8/site-packages/airflow/example_dags/tutorial.py
[2022-11-06T02:28:42.925+0200] {processor.py:766} INFO - DAG(s) dict_keys(['tutorial']) retrieved from /Users/mnagy99/opt/anaconda3/envs/airflow-env/lib/python3.8/site-packages/airflow/example_dags/tutorial.py
[2022-11-06T02:28:43.371+0200] {logging_mixin.py:120} INFO - [2022-11-06T02:28:43.370+0200] {dag.py:2585} INFO - Sync 1 DAGs
[2022-11-06T02:28:43.384+0200] {logging_mixin.py:120} INFO - [2022-11-06T02:28:43.384+0200] {dag.py:3336} INFO - Setting next_dagrun for tutorial to 2022-11-05T00:28:43.384167+00:00, run_after=2022-11-06T00:28:43.384167+00:00
[2022-11-06T02:28:43.400+0200] {processor.py:176} INFO - Processing /Users/mnagy99/opt/anaconda3/envs/airflow-env/lib/python3.8/site-packages/airflow/example_dags/tutorial.py took 0.500 seconds
[2022-11-06T02:30:53.562+0200] {processor.py:154} INFO - Started process (PID=3844) to work on /Users/mnagy99/opt/anaconda3/envs/airflow-env/lib/python3.8/site-packages/airflow/example_dags/tutorial.py
[2022-11-06T02:30:53.565+0200] {processor.py:756} INFO - Processing file /Users/mnagy99/opt/anaconda3/envs/airflow-env/lib/python3.8/site-packages/airflow/example_dags/tutorial.py for tasks to queue
[2022-11-06T02:30:53.565+0200] {logging_mixin.py:120} INFO - [2022-11-06T02:30:53.565+0200] {dagbag.py:537} INFO - Filling up the DagBag from /Users/mnagy99/opt/anaconda3/envs/airflow-env/lib/python3.8/site-packages/airflow/example_dags/tutorial.py
[2022-11-06T02:30:53.598+0200] {processor.py:766} INFO - DAG(s) dict_keys(['tutorial']) retrieved from /Users/mnagy99/opt/anaconda3/envs/airflow-env/lib/python3.8/site-packages/airflow/example_dags/tutorial.py
[2022-11-06T02:30:54.094+0200] {logging_mixin.py:120} INFO - [2022-11-06T02:30:54.093+0200] {dag.py:2585} INFO - Sync 1 DAGs
[2022-11-06T02:30:54.107+0200] {logging_mixin.py:120} INFO - [2022-11-06T02:30:54.107+0200] {dag.py:3336} INFO - Setting next_dagrun for tutorial to 2022-11-05T00:30:54.107373+00:00, run_after=2022-11-06T00:30:54.107373+00:00
[2022-11-06T02:30:54.123+0200] {processor.py:176} INFO - Processing /Users/mnagy99/opt/anaconda3/envs/airflow-env/lib/python3.8/site-packages/airflow/example_dags/tutorial.py took 0.562 seconds
[2022-11-06T02:33:06.823+0200] {processor.py:154} INFO - Started process (PID=3999) to work on /Users/mnagy99/opt/anaconda3/envs/airflow-env/lib/python3.8/site-packages/airflow/example_dags/tutorial.py
[2022-11-06T02:33:06.825+0200] {processor.py:756} INFO - Processing file /Users/mnagy99/opt/anaconda3/envs/airflow-env/lib/python3.8/site-packages/airflow/example_dags/tutorial.py for tasks to queue
[2022-11-06T02:33:06.826+0200] {logging_mixin.py:120} INFO - [2022-11-06T02:33:06.826+0200] {dagbag.py:537} INFO - Filling up the DagBag from /Users/mnagy99/opt/anaconda3/envs/airflow-env/lib/python3.8/site-packages/airflow/example_dags/tutorial.py
[2022-11-06T02:33:06.851+0200] {processor.py:766} INFO - DAG(s) dict_keys(['tutorial']) retrieved from /Users/mnagy99/opt/anaconda3/envs/airflow-env/lib/python3.8/site-packages/airflow/example_dags/tutorial.py
[2022-11-06T02:33:07.462+0200] {logging_mixin.py:120} INFO - [2022-11-06T02:33:07.461+0200] {dag.py:2585} INFO - Sync 1 DAGs
[2022-11-06T02:33:07.477+0200] {logging_mixin.py:120} INFO - [2022-11-06T02:33:07.476+0200] {dag.py:3336} INFO - Setting next_dagrun for tutorial to 2022-11-05T00:33:07.476786+00:00, run_after=2022-11-06T00:33:07.476786+00:00
[2022-11-06T02:33:07.496+0200] {processor.py:176} INFO - Processing /Users/mnagy99/opt/anaconda3/envs/airflow-env/lib/python3.8/site-packages/airflow/example_dags/tutorial.py took 0.673 seconds
[2022-11-06T02:35:16.199+0200] {processor.py:154} INFO - Started process (PID=4146) to work on /Users/mnagy99/opt/anaconda3/envs/airflow-env/lib/python3.8/site-packages/airflow/example_dags/tutorial.py
[2022-11-06T02:35:16.202+0200] {processor.py:756} INFO - Processing file /Users/mnagy99/opt/anaconda3/envs/airflow-env/lib/python3.8/site-packages/airflow/example_dags/tutorial.py for tasks to queue
[2022-11-06T02:35:16.202+0200] {logging_mixin.py:120} INFO - [2022-11-06T02:35:16.202+0200] {dagbag.py:537} INFO - Filling up the DagBag from /Users/mnagy99/opt/anaconda3/envs/airflow-env/lib/python3.8/site-packages/airflow/example_dags/tutorial.py
[2022-11-06T02:35:16.228+0200] {processor.py:766} INFO - DAG(s) dict_keys(['tutorial']) retrieved from /Users/mnagy99/opt/anaconda3/envs/airflow-env/lib/python3.8/site-packages/airflow/example_dags/tutorial.py
[2022-11-06T02:35:16.733+0200] {logging_mixin.py:120} INFO - [2022-11-06T02:35:16.732+0200] {dag.py:2585} INFO - Sync 1 DAGs
[2022-11-06T02:35:16.747+0200] {logging_mixin.py:120} INFO - [2022-11-06T02:35:16.747+0200] {dag.py:3336} INFO - Setting next_dagrun for tutorial to 2022-11-05T00:35:16.747135+00:00, run_after=2022-11-06T00:35:16.747135+00:00
[2022-11-06T02:35:16.762+0200] {processor.py:176} INFO - Processing /Users/mnagy99/opt/anaconda3/envs/airflow-env/lib/python3.8/site-packages/airflow/example_dags/tutorial.py took 0.563 seconds
[2022-11-06T02:37:27.428+0200] {processor.py:154} INFO - Started process (PID=4283) to work on /Users/mnagy99/opt/anaconda3/envs/airflow-env/lib/python3.8/site-packages/airflow/example_dags/tutorial.py
[2022-11-06T02:37:27.430+0200] {processor.py:756} INFO - Processing file /Users/mnagy99/opt/anaconda3/envs/airflow-env/lib/python3.8/site-packages/airflow/example_dags/tutorial.py for tasks to queue
[2022-11-06T02:37:27.431+0200] {logging_mixin.py:120} INFO - [2022-11-06T02:37:27.431+0200] {dagbag.py:537} INFO - Filling up the DagBag from /Users/mnagy99/opt/anaconda3/envs/airflow-env/lib/python3.8/site-packages/airflow/example_dags/tutorial.py
[2022-11-06T02:37:27.462+0200] {processor.py:766} INFO - DAG(s) dict_keys(['tutorial']) retrieved from /Users/mnagy99/opt/anaconda3/envs/airflow-env/lib/python3.8/site-packages/airflow/example_dags/tutorial.py
[2022-11-06T02:37:27.918+0200] {logging_mixin.py:120} INFO - [2022-11-06T02:37:27.918+0200] {dag.py:2585} INFO - Sync 1 DAGs
[2022-11-06T02:37:27.932+0200] {logging_mixin.py:120} INFO - [2022-11-06T02:37:27.932+0200] {dag.py:3336} INFO - Setting next_dagrun for tutorial to 2022-11-05T00:37:27.931889+00:00, run_after=2022-11-06T00:37:27.931889+00:00
[2022-11-06T02:37:27.949+0200] {processor.py:176} INFO - Processing /Users/mnagy99/opt/anaconda3/envs/airflow-env/lib/python3.8/site-packages/airflow/example_dags/tutorial.py took 0.521 seconds
[2022-11-06T02:39:37.792+0200] {processor.py:154} INFO - Started process (PID=4412) to work on /Users/mnagy99/opt/anaconda3/envs/airflow-env/lib/python3.8/site-packages/airflow/example_dags/tutorial.py
[2022-11-06T02:39:37.794+0200] {processor.py:756} INFO - Processing file /Users/mnagy99/opt/anaconda3/envs/airflow-env/lib/python3.8/site-packages/airflow/example_dags/tutorial.py for tasks to queue
[2022-11-06T02:39:37.795+0200] {logging_mixin.py:120} INFO - [2022-11-06T02:39:37.795+0200] {dagbag.py:537} INFO - Filling up the DagBag from /Users/mnagy99/opt/anaconda3/envs/airflow-env/lib/python3.8/site-packages/airflow/example_dags/tutorial.py
[2022-11-06T02:39:37.823+0200] {processor.py:766} INFO - DAG(s) dict_keys(['tutorial']) retrieved from /Users/mnagy99/opt/anaconda3/envs/airflow-env/lib/python3.8/site-packages/airflow/example_dags/tutorial.py
[2022-11-06T02:39:38.297+0200] {logging_mixin.py:120} INFO - [2022-11-06T02:39:38.297+0200] {dag.py:2585} INFO - Sync 1 DAGs
[2022-11-06T02:39:38.312+0200] {logging_mixin.py:120} INFO - [2022-11-06T02:39:38.311+0200] {dag.py:3336} INFO - Setting next_dagrun for tutorial to 2022-11-05T00:39:38.311691+00:00, run_after=2022-11-06T00:39:38.311691+00:00
[2022-11-06T02:39:38.326+0200] {processor.py:176} INFO - Processing /Users/mnagy99/opt/anaconda3/envs/airflow-env/lib/python3.8/site-packages/airflow/example_dags/tutorial.py took 0.534 seconds
[2022-11-06T02:42:03.762+0200] {processor.py:154} INFO - Started process (PID=4583) to work on /Users/mnagy99/opt/anaconda3/envs/airflow-env/lib/python3.8/site-packages/airflow/example_dags/tutorial.py
[2022-11-06T02:42:03.763+0200] {processor.py:756} INFO - Processing file /Users/mnagy99/opt/anaconda3/envs/airflow-env/lib/python3.8/site-packages/airflow/example_dags/tutorial.py for tasks to queue
[2022-11-06T02:42:03.764+0200] {logging_mixin.py:120} INFO - [2022-11-06T02:42:03.764+0200] {dagbag.py:537} INFO - Filling up the DagBag from /Users/mnagy99/opt/anaconda3/envs/airflow-env/lib/python3.8/site-packages/airflow/example_dags/tutorial.py
[2022-11-06T02:42:03.792+0200] {processor.py:766} INFO - DAG(s) dict_keys(['tutorial']) retrieved from /Users/mnagy99/opt/anaconda3/envs/airflow-env/lib/python3.8/site-packages/airflow/example_dags/tutorial.py
[2022-11-06T02:42:04.291+0200] {logging_mixin.py:120} INFO - [2022-11-06T02:42:04.291+0200] {dag.py:2585} INFO - Sync 1 DAGs
[2022-11-06T02:42:04.306+0200] {logging_mixin.py:120} INFO - [2022-11-06T02:42:04.305+0200] {dag.py:3336} INFO - Setting next_dagrun for tutorial to 2022-11-05T00:42:04.305817+00:00, run_after=2022-11-06T00:42:04.305817+00:00
[2022-11-06T02:42:04.323+0200] {processor.py:176} INFO - Processing /Users/mnagy99/opt/anaconda3/envs/airflow-env/lib/python3.8/site-packages/airflow/example_dags/tutorial.py took 0.562 seconds
[2022-11-06T02:44:29.280+0200] {processor.py:154} INFO - Started process (PID=4718) to work on /Users/mnagy99/opt/anaconda3/envs/airflow-env/lib/python3.8/site-packages/airflow/example_dags/tutorial.py
[2022-11-06T02:44:29.283+0200] {processor.py:756} INFO - Processing file /Users/mnagy99/opt/anaconda3/envs/airflow-env/lib/python3.8/site-packages/airflow/example_dags/tutorial.py for tasks to queue
[2022-11-06T02:44:29.283+0200] {logging_mixin.py:120} INFO - [2022-11-06T02:44:29.283+0200] {dagbag.py:537} INFO - Filling up the DagBag from /Users/mnagy99/opt/anaconda3/envs/airflow-env/lib/python3.8/site-packages/airflow/example_dags/tutorial.py
[2022-11-06T02:44:29.310+0200] {processor.py:766} INFO - DAG(s) dict_keys(['tutorial']) retrieved from /Users/mnagy99/opt/anaconda3/envs/airflow-env/lib/python3.8/site-packages/airflow/example_dags/tutorial.py
[2022-11-06T02:44:29.818+0200] {logging_mixin.py:120} INFO - [2022-11-06T02:44:29.818+0200] {dag.py:2585} INFO - Sync 1 DAGs
[2022-11-06T02:44:29.834+0200] {logging_mixin.py:120} INFO - [2022-11-06T02:44:29.834+0200] {dag.py:3336} INFO - Setting next_dagrun for tutorial to 2022-11-05T00:44:29.834660+00:00, run_after=2022-11-06T00:44:29.834660+00:00
[2022-11-06T02:44:29.851+0200] {processor.py:176} INFO - Processing /Users/mnagy99/opt/anaconda3/envs/airflow-env/lib/python3.8/site-packages/airflow/example_dags/tutorial.py took 0.572 seconds
[2022-11-06T02:46:44.230+0200] {processor.py:154} INFO - Started process (PID=4858) to work on /Users/mnagy99/opt/anaconda3/envs/airflow-env/lib/python3.8/site-packages/airflow/example_dags/tutorial.py
[2022-11-06T02:46:44.232+0200] {processor.py:756} INFO - Processing file /Users/mnagy99/opt/anaconda3/envs/airflow-env/lib/python3.8/site-packages/airflow/example_dags/tutorial.py for tasks to queue
[2022-11-06T02:46:44.233+0200] {logging_mixin.py:120} INFO - [2022-11-06T02:46:44.233+0200] {dagbag.py:537} INFO - Filling up the DagBag from /Users/mnagy99/opt/anaconda3/envs/airflow-env/lib/python3.8/site-packages/airflow/example_dags/tutorial.py
[2022-11-06T02:46:44.254+0200] {processor.py:766} INFO - DAG(s) dict_keys(['tutorial']) retrieved from /Users/mnagy99/opt/anaconda3/envs/airflow-env/lib/python3.8/site-packages/airflow/example_dags/tutorial.py
[2022-11-06T02:46:44.703+0200] {logging_mixin.py:120} INFO - [2022-11-06T02:46:44.703+0200] {dag.py:2585} INFO - Sync 1 DAGs
[2022-11-06T02:46:44.719+0200] {logging_mixin.py:120} INFO - [2022-11-06T02:46:44.719+0200] {dag.py:3336} INFO - Setting next_dagrun for tutorial to 2022-11-05T00:46:44.719051+00:00, run_after=2022-11-06T00:46:44.719051+00:00
[2022-11-06T02:46:44.736+0200] {processor.py:176} INFO - Processing /Users/mnagy99/opt/anaconda3/envs/airflow-env/lib/python3.8/site-packages/airflow/example_dags/tutorial.py took 0.507 seconds
[2022-11-06T02:48:51.657+0200] {processor.py:154} INFO - Started process (PID=4986) to work on /Users/mnagy99/opt/anaconda3/envs/airflow-env/lib/python3.8/site-packages/airflow/example_dags/tutorial.py
[2022-11-06T02:48:51.660+0200] {processor.py:756} INFO - Processing file /Users/mnagy99/opt/anaconda3/envs/airflow-env/lib/python3.8/site-packages/airflow/example_dags/tutorial.py for tasks to queue
[2022-11-06T02:48:51.660+0200] {logging_mixin.py:120} INFO - [2022-11-06T02:48:51.660+0200] {dagbag.py:537} INFO - Filling up the DagBag from /Users/mnagy99/opt/anaconda3/envs/airflow-env/lib/python3.8/site-packages/airflow/example_dags/tutorial.py
[2022-11-06T02:48:51.691+0200] {processor.py:766} INFO - DAG(s) dict_keys(['tutorial']) retrieved from /Users/mnagy99/opt/anaconda3/envs/airflow-env/lib/python3.8/site-packages/airflow/example_dags/tutorial.py
[2022-11-06T02:48:52.183+0200] {logging_mixin.py:120} INFO - [2022-11-06T02:48:52.183+0200] {dag.py:2585} INFO - Sync 1 DAGs
[2022-11-06T02:48:52.198+0200] {logging_mixin.py:120} INFO - [2022-11-06T02:48:52.198+0200] {dag.py:3336} INFO - Setting next_dagrun for tutorial to 2022-11-05T00:48:52.198351+00:00, run_after=2022-11-06T00:48:52.198351+00:00
[2022-11-06T02:48:52.215+0200] {processor.py:176} INFO - Processing /Users/mnagy99/opt/anaconda3/envs/airflow-env/lib/python3.8/site-packages/airflow/example_dags/tutorial.py took 0.559 seconds
[2022-11-06T02:50:56.904+0200] {processor.py:154} INFO - Started process (PID=5109) to work on /Users/mnagy99/opt/anaconda3/envs/airflow-env/lib/python3.8/site-packages/airflow/example_dags/tutorial.py
[2022-11-06T02:50:56.907+0200] {processor.py:756} INFO - Processing file /Users/mnagy99/opt/anaconda3/envs/airflow-env/lib/python3.8/site-packages/airflow/example_dags/tutorial.py for tasks to queue
[2022-11-06T02:50:56.907+0200] {logging_mixin.py:120} INFO - [2022-11-06T02:50:56.907+0200] {dagbag.py:537} INFO - Filling up the DagBag from /Users/mnagy99/opt/anaconda3/envs/airflow-env/lib/python3.8/site-packages/airflow/example_dags/tutorial.py
[2022-11-06T02:50:56.931+0200] {processor.py:766} INFO - DAG(s) dict_keys(['tutorial']) retrieved from /Users/mnagy99/opt/anaconda3/envs/airflow-env/lib/python3.8/site-packages/airflow/example_dags/tutorial.py
[2022-11-06T02:50:57.367+0200] {logging_mixin.py:120} INFO - [2022-11-06T02:50:57.367+0200] {dag.py:2585} INFO - Sync 1 DAGs
[2022-11-06T02:50:57.381+0200] {logging_mixin.py:120} INFO - [2022-11-06T02:50:57.381+0200] {dag.py:3336} INFO - Setting next_dagrun for tutorial to 2022-11-05T00:50:57.381250+00:00, run_after=2022-11-06T00:50:57.381250+00:00
[2022-11-06T02:50:57.399+0200] {processor.py:176} INFO - Processing /Users/mnagy99/opt/anaconda3/envs/airflow-env/lib/python3.8/site-packages/airflow/example_dags/tutorial.py took 0.496 seconds
[2022-11-06T02:53:03.816+0200] {processor.py:154} INFO - Started process (PID=5236) to work on /Users/mnagy99/opt/anaconda3/envs/airflow-env/lib/python3.8/site-packages/airflow/example_dags/tutorial.py
[2022-11-06T02:53:03.818+0200] {processor.py:756} INFO - Processing file /Users/mnagy99/opt/anaconda3/envs/airflow-env/lib/python3.8/site-packages/airflow/example_dags/tutorial.py for tasks to queue
[2022-11-06T02:53:03.819+0200] {logging_mixin.py:120} INFO - [2022-11-06T02:53:03.819+0200] {dagbag.py:537} INFO - Filling up the DagBag from /Users/mnagy99/opt/anaconda3/envs/airflow-env/lib/python3.8/site-packages/airflow/example_dags/tutorial.py
[2022-11-06T02:53:03.849+0200] {processor.py:766} INFO - DAG(s) dict_keys(['tutorial']) retrieved from /Users/mnagy99/opt/anaconda3/envs/airflow-env/lib/python3.8/site-packages/airflow/example_dags/tutorial.py
[2022-11-06T02:53:04.355+0200] {logging_mixin.py:120} INFO - [2022-11-06T02:53:04.355+0200] {dag.py:2585} INFO - Sync 1 DAGs
[2022-11-06T02:53:04.371+0200] {logging_mixin.py:120} INFO - [2022-11-06T02:53:04.371+0200] {dag.py:3336} INFO - Setting next_dagrun for tutorial to 2022-11-05T00:53:04.371376+00:00, run_after=2022-11-06T00:53:04.371376+00:00
[2022-11-06T02:53:04.389+0200] {processor.py:176} INFO - Processing /Users/mnagy99/opt/anaconda3/envs/airflow-env/lib/python3.8/site-packages/airflow/example_dags/tutorial.py took 0.574 seconds
[2022-11-06T02:55:11.541+0200] {processor.py:154} INFO - Started process (PID=5361) to work on /Users/mnagy99/opt/anaconda3/envs/airflow-env/lib/python3.8/site-packages/airflow/example_dags/tutorial.py
[2022-11-06T02:55:11.542+0200] {processor.py:756} INFO - Processing file /Users/mnagy99/opt/anaconda3/envs/airflow-env/lib/python3.8/site-packages/airflow/example_dags/tutorial.py for tasks to queue
[2022-11-06T02:55:11.542+0200] {logging_mixin.py:120} INFO - [2022-11-06T02:55:11.542+0200] {dagbag.py:537} INFO - Filling up the DagBag from /Users/mnagy99/opt/anaconda3/envs/airflow-env/lib/python3.8/site-packages/airflow/example_dags/tutorial.py
[2022-11-06T02:55:11.567+0200] {processor.py:766} INFO - DAG(s) dict_keys(['tutorial']) retrieved from /Users/mnagy99/opt/anaconda3/envs/airflow-env/lib/python3.8/site-packages/airflow/example_dags/tutorial.py
[2022-11-06T02:55:12.133+0200] {logging_mixin.py:120} INFO - [2022-11-06T02:55:12.133+0200] {dag.py:2585} INFO - Sync 1 DAGs
[2022-11-06T02:55:12.150+0200] {logging_mixin.py:120} INFO - [2022-11-06T02:55:12.150+0200] {dag.py:3336} INFO - Setting next_dagrun for tutorial to 2022-11-05T00:55:12.150562+00:00, run_after=2022-11-06T00:55:12.150562+00:00
[2022-11-06T02:55:12.170+0200] {processor.py:176} INFO - Processing /Users/mnagy99/opt/anaconda3/envs/airflow-env/lib/python3.8/site-packages/airflow/example_dags/tutorial.py took 0.630 seconds
[2022-11-06T02:57:28.242+0200] {processor.py:154} INFO - Started process (PID=5507) to work on /Users/mnagy99/opt/anaconda3/envs/airflow-env/lib/python3.8/site-packages/airflow/example_dags/tutorial.py
[2022-11-06T02:57:28.244+0200] {processor.py:756} INFO - Processing file /Users/mnagy99/opt/anaconda3/envs/airflow-env/lib/python3.8/site-packages/airflow/example_dags/tutorial.py for tasks to queue
[2022-11-06T02:57:28.245+0200] {logging_mixin.py:120} INFO - [2022-11-06T02:57:28.245+0200] {dagbag.py:537} INFO - Filling up the DagBag from /Users/mnagy99/opt/anaconda3/envs/airflow-env/lib/python3.8/site-packages/airflow/example_dags/tutorial.py
[2022-11-06T02:57:28.279+0200] {processor.py:766} INFO - DAG(s) dict_keys(['tutorial']) retrieved from /Users/mnagy99/opt/anaconda3/envs/airflow-env/lib/python3.8/site-packages/airflow/example_dags/tutorial.py
[2022-11-06T02:57:28.917+0200] {logging_mixin.py:120} INFO - [2022-11-06T02:57:28.917+0200] {dag.py:2585} INFO - Sync 1 DAGs
[2022-11-06T02:57:28.930+0200] {logging_mixin.py:120} INFO - [2022-11-06T02:57:28.930+0200] {dag.py:3336} INFO - Setting next_dagrun for tutorial to 2022-11-05T00:57:28.930429+00:00, run_after=2022-11-06T00:57:28.930429+00:00
[2022-11-06T02:57:28.947+0200] {processor.py:176} INFO - Processing /Users/mnagy99/opt/anaconda3/envs/airflow-env/lib/python3.8/site-packages/airflow/example_dags/tutorial.py took 0.705 seconds
[2022-11-06T02:59:46.610+0200] {processor.py:154} INFO - Started process (PID=5643) to work on /Users/mnagy99/opt/anaconda3/envs/airflow-env/lib/python3.8/site-packages/airflow/example_dags/tutorial.py
[2022-11-06T02:59:46.611+0200] {processor.py:756} INFO - Processing file /Users/mnagy99/opt/anaconda3/envs/airflow-env/lib/python3.8/site-packages/airflow/example_dags/tutorial.py for tasks to queue
[2022-11-06T02:59:46.612+0200] {logging_mixin.py:120} INFO - [2022-11-06T02:59:46.612+0200] {dagbag.py:537} INFO - Filling up the DagBag from /Users/mnagy99/opt/anaconda3/envs/airflow-env/lib/python3.8/site-packages/airflow/example_dags/tutorial.py
[2022-11-06T02:59:46.645+0200] {processor.py:766} INFO - DAG(s) dict_keys(['tutorial']) retrieved from /Users/mnagy99/opt/anaconda3/envs/airflow-env/lib/python3.8/site-packages/airflow/example_dags/tutorial.py
[2022-11-06T02:59:47.122+0200] {logging_mixin.py:120} INFO - [2022-11-06T02:59:47.122+0200] {dag.py:2585} INFO - Sync 1 DAGs
[2022-11-06T02:59:47.136+0200] {logging_mixin.py:120} INFO - [2022-11-06T02:59:47.135+0200] {dag.py:3336} INFO - Setting next_dagrun for tutorial to 2022-11-05T00:59:47.135786+00:00, run_after=2022-11-06T00:59:47.135786+00:00
[2022-11-06T02:59:47.152+0200] {processor.py:176} INFO - Processing /Users/mnagy99/opt/anaconda3/envs/airflow-env/lib/python3.8/site-packages/airflow/example_dags/tutorial.py took 0.543 seconds
[2022-11-06T03:02:30.627+0200] {processor.py:154} INFO - Started process (PID=5790) to work on /Users/mnagy99/opt/anaconda3/envs/airflow-env/lib/python3.8/site-packages/airflow/example_dags/tutorial.py
[2022-11-06T03:02:30.629+0200] {processor.py:756} INFO - Processing file /Users/mnagy99/opt/anaconda3/envs/airflow-env/lib/python3.8/site-packages/airflow/example_dags/tutorial.py for tasks to queue
[2022-11-06T03:02:30.629+0200] {logging_mixin.py:120} INFO - [2022-11-06T03:02:30.629+0200] {dagbag.py:537} INFO - Filling up the DagBag from /Users/mnagy99/opt/anaconda3/envs/airflow-env/lib/python3.8/site-packages/airflow/example_dags/tutorial.py
[2022-11-06T03:02:30.659+0200] {processor.py:766} INFO - DAG(s) dict_keys(['tutorial']) retrieved from /Users/mnagy99/opt/anaconda3/envs/airflow-env/lib/python3.8/site-packages/airflow/example_dags/tutorial.py
[2022-11-06T03:02:31.258+0200] {logging_mixin.py:120} INFO - [2022-11-06T03:02:31.258+0200] {dag.py:2585} INFO - Sync 1 DAGs
[2022-11-06T03:02:31.274+0200] {logging_mixin.py:120} INFO - [2022-11-06T03:02:31.274+0200] {dag.py:3336} INFO - Setting next_dagrun for tutorial to 2022-11-05T01:02:31.274631+00:00, run_after=2022-11-06T01:02:31.274631+00:00
[2022-11-06T03:02:31.293+0200] {processor.py:176} INFO - Processing /Users/mnagy99/opt/anaconda3/envs/airflow-env/lib/python3.8/site-packages/airflow/example_dags/tutorial.py took 0.667 seconds
[2022-11-06T03:04:51.669+0200] {processor.py:154} INFO - Started process (PID=5921) to work on /Users/mnagy99/opt/anaconda3/envs/airflow-env/lib/python3.8/site-packages/airflow/example_dags/tutorial.py
[2022-11-06T03:04:51.672+0200] {processor.py:756} INFO - Processing file /Users/mnagy99/opt/anaconda3/envs/airflow-env/lib/python3.8/site-packages/airflow/example_dags/tutorial.py for tasks to queue
[2022-11-06T03:04:51.673+0200] {logging_mixin.py:120} INFO - [2022-11-06T03:04:51.673+0200] {dagbag.py:537} INFO - Filling up the DagBag from /Users/mnagy99/opt/anaconda3/envs/airflow-env/lib/python3.8/site-packages/airflow/example_dags/tutorial.py
[2022-11-06T03:04:51.699+0200] {processor.py:766} INFO - DAG(s) dict_keys(['tutorial']) retrieved from /Users/mnagy99/opt/anaconda3/envs/airflow-env/lib/python3.8/site-packages/airflow/example_dags/tutorial.py
[2022-11-06T03:04:52.147+0200] {logging_mixin.py:120} INFO - [2022-11-06T03:04:52.147+0200] {dag.py:2585} INFO - Sync 1 DAGs
[2022-11-06T03:04:52.161+0200] {logging_mixin.py:120} INFO - [2022-11-06T03:04:52.161+0200] {dag.py:3336} INFO - Setting next_dagrun for tutorial to 2022-11-05T01:04:52.161241+00:00, run_after=2022-11-06T01:04:52.161241+00:00
[2022-11-06T03:04:52.177+0200] {processor.py:176} INFO - Processing /Users/mnagy99/opt/anaconda3/envs/airflow-env/lib/python3.8/site-packages/airflow/example_dags/tutorial.py took 0.508 seconds
[2022-11-06T03:06:58.723+0200] {processor.py:154} INFO - Started process (PID=6048) to work on /Users/mnagy99/opt/anaconda3/envs/airflow-env/lib/python3.8/site-packages/airflow/example_dags/tutorial.py
[2022-11-06T03:06:58.725+0200] {processor.py:756} INFO - Processing file /Users/mnagy99/opt/anaconda3/envs/airflow-env/lib/python3.8/site-packages/airflow/example_dags/tutorial.py for tasks to queue
[2022-11-06T03:06:58.726+0200] {logging_mixin.py:120} INFO - [2022-11-06T03:06:58.726+0200] {dagbag.py:537} INFO - Filling up the DagBag from /Users/mnagy99/opt/anaconda3/envs/airflow-env/lib/python3.8/site-packages/airflow/example_dags/tutorial.py
[2022-11-06T03:06:58.750+0200] {processor.py:766} INFO - DAG(s) dict_keys(['tutorial']) retrieved from /Users/mnagy99/opt/anaconda3/envs/airflow-env/lib/python3.8/site-packages/airflow/example_dags/tutorial.py
[2022-11-06T03:06:59.181+0200] {logging_mixin.py:120} INFO - [2022-11-06T03:06:59.181+0200] {dag.py:2585} INFO - Sync 1 DAGs
[2022-11-06T03:06:59.195+0200] {logging_mixin.py:120} INFO - [2022-11-06T03:06:59.195+0200] {dag.py:3336} INFO - Setting next_dagrun for tutorial to 2022-11-05T01:06:59.195137+00:00, run_after=2022-11-06T01:06:59.195137+00:00
[2022-11-06T03:06:59.211+0200] {processor.py:176} INFO - Processing /Users/mnagy99/opt/anaconda3/envs/airflow-env/lib/python3.8/site-packages/airflow/example_dags/tutorial.py took 0.489 seconds
[2022-11-06T03:09:15.327+0200] {processor.py:154} INFO - Started process (PID=6178) to work on /Users/mnagy99/opt/anaconda3/envs/airflow-env/lib/python3.8/site-packages/airflow/example_dags/tutorial.py
[2022-11-06T03:09:15.329+0200] {processor.py:756} INFO - Processing file /Users/mnagy99/opt/anaconda3/envs/airflow-env/lib/python3.8/site-packages/airflow/example_dags/tutorial.py for tasks to queue
[2022-11-06T03:09:15.329+0200] {logging_mixin.py:120} INFO - [2022-11-06T03:09:15.329+0200] {dagbag.py:537} INFO - Filling up the DagBag from /Users/mnagy99/opt/anaconda3/envs/airflow-env/lib/python3.8/site-packages/airflow/example_dags/tutorial.py
[2022-11-06T03:09:15.354+0200] {processor.py:766} INFO - DAG(s) dict_keys(['tutorial']) retrieved from /Users/mnagy99/opt/anaconda3/envs/airflow-env/lib/python3.8/site-packages/airflow/example_dags/tutorial.py
[2022-11-06T03:09:15.952+0200] {logging_mixin.py:120} INFO - [2022-11-06T03:09:15.952+0200] {dag.py:2585} INFO - Sync 1 DAGs
[2022-11-06T03:09:15.966+0200] {logging_mixin.py:120} INFO - [2022-11-06T03:09:15.966+0200] {dag.py:3336} INFO - Setting next_dagrun for tutorial to 2022-11-05T01:09:15.966710+00:00, run_after=2022-11-06T01:09:15.966710+00:00
[2022-11-06T03:09:15.981+0200] {processor.py:176} INFO - Processing /Users/mnagy99/opt/anaconda3/envs/airflow-env/lib/python3.8/site-packages/airflow/example_dags/tutorial.py took 0.654 seconds
[2022-11-06T03:11:19.283+0200] {processor.py:154} INFO - Started process (PID=6318) to work on /Users/mnagy99/opt/anaconda3/envs/airflow-env/lib/python3.8/site-packages/airflow/example_dags/tutorial.py
[2022-11-06T03:11:19.285+0200] {processor.py:756} INFO - Processing file /Users/mnagy99/opt/anaconda3/envs/airflow-env/lib/python3.8/site-packages/airflow/example_dags/tutorial.py for tasks to queue
[2022-11-06T03:11:19.285+0200] {logging_mixin.py:120} INFO - [2022-11-06T03:11:19.285+0200] {dagbag.py:537} INFO - Filling up the DagBag from /Users/mnagy99/opt/anaconda3/envs/airflow-env/lib/python3.8/site-packages/airflow/example_dags/tutorial.py
[2022-11-06T03:11:19.306+0200] {processor.py:766} INFO - DAG(s) dict_keys(['tutorial']) retrieved from /Users/mnagy99/opt/anaconda3/envs/airflow-env/lib/python3.8/site-packages/airflow/example_dags/tutorial.py
[2022-11-06T03:11:19.773+0200] {logging_mixin.py:120} INFO - [2022-11-06T03:11:19.773+0200] {dag.py:2585} INFO - Sync 1 DAGs
[2022-11-06T03:11:19.795+0200] {logging_mixin.py:120} INFO - [2022-11-06T03:11:19.795+0200] {dag.py:3336} INFO - Setting next_dagrun for tutorial to 2022-11-05T01:11:19.794948+00:00, run_after=2022-11-06T01:11:19.794948+00:00
[2022-11-06T03:11:19.817+0200] {processor.py:176} INFO - Processing /Users/mnagy99/opt/anaconda3/envs/airflow-env/lib/python3.8/site-packages/airflow/example_dags/tutorial.py took 0.535 seconds
[2022-11-06T03:13:28.547+0200] {processor.py:154} INFO - Started process (PID=6448) to work on /Users/mnagy99/opt/anaconda3/envs/airflow-env/lib/python3.8/site-packages/airflow/example_dags/tutorial.py
[2022-11-06T03:13:28.549+0200] {processor.py:756} INFO - Processing file /Users/mnagy99/opt/anaconda3/envs/airflow-env/lib/python3.8/site-packages/airflow/example_dags/tutorial.py for tasks to queue
[2022-11-06T03:13:28.550+0200] {logging_mixin.py:120} INFO - [2022-11-06T03:13:28.550+0200] {dagbag.py:537} INFO - Filling up the DagBag from /Users/mnagy99/opt/anaconda3/envs/airflow-env/lib/python3.8/site-packages/airflow/example_dags/tutorial.py
[2022-11-06T03:13:28.576+0200] {processor.py:766} INFO - DAG(s) dict_keys(['tutorial']) retrieved from /Users/mnagy99/opt/anaconda3/envs/airflow-env/lib/python3.8/site-packages/airflow/example_dags/tutorial.py
[2022-11-06T03:13:29.019+0200] {logging_mixin.py:120} INFO - [2022-11-06T03:13:29.019+0200] {dag.py:2585} INFO - Sync 1 DAGs
[2022-11-06T03:13:29.046+0200] {logging_mixin.py:120} INFO - [2022-11-06T03:13:29.046+0200] {dag.py:3336} INFO - Setting next_dagrun for tutorial to 2022-11-05T01:13:29.045942+00:00, run_after=2022-11-06T01:13:29.045942+00:00
[2022-11-06T03:13:29.067+0200] {processor.py:176} INFO - Processing /Users/mnagy99/opt/anaconda3/envs/airflow-env/lib/python3.8/site-packages/airflow/example_dags/tutorial.py took 0.521 seconds
[2022-11-06T03:15:28.396+0200] {processor.py:154} INFO - Started process (PID=6576) to work on /Users/mnagy99/opt/anaconda3/envs/airflow-env/lib/python3.8/site-packages/airflow/example_dags/tutorial.py
[2022-11-06T03:15:28.397+0200] {processor.py:756} INFO - Processing file /Users/mnagy99/opt/anaconda3/envs/airflow-env/lib/python3.8/site-packages/airflow/example_dags/tutorial.py for tasks to queue
[2022-11-06T03:15:28.397+0200] {logging_mixin.py:120} INFO - [2022-11-06T03:15:28.397+0200] {dagbag.py:537} INFO - Filling up the DagBag from /Users/mnagy99/opt/anaconda3/envs/airflow-env/lib/python3.8/site-packages/airflow/example_dags/tutorial.py
[2022-11-06T03:15:28.417+0200] {processor.py:766} INFO - DAG(s) dict_keys(['tutorial']) retrieved from /Users/mnagy99/opt/anaconda3/envs/airflow-env/lib/python3.8/site-packages/airflow/example_dags/tutorial.py
[2022-11-06T03:15:28.843+0200] {logging_mixin.py:120} INFO - [2022-11-06T03:15:28.843+0200] {dag.py:2585} INFO - Sync 1 DAGs
[2022-11-06T03:15:28.857+0200] {logging_mixin.py:120} INFO - [2022-11-06T03:15:28.856+0200] {dag.py:3336} INFO - Setting next_dagrun for tutorial to 2022-11-05T01:15:28.856792+00:00, run_after=2022-11-06T01:15:28.856792+00:00
[2022-11-06T03:15:28.874+0200] {processor.py:176} INFO - Processing /Users/mnagy99/opt/anaconda3/envs/airflow-env/lib/python3.8/site-packages/airflow/example_dags/tutorial.py took 0.479 seconds
[2022-11-06T03:17:25.744+0200] {processor.py:154} INFO - Started process (PID=6709) to work on /Users/mnagy99/opt/anaconda3/envs/airflow-env/lib/python3.8/site-packages/airflow/example_dags/tutorial.py
[2022-11-06T03:17:25.746+0200] {processor.py:756} INFO - Processing file /Users/mnagy99/opt/anaconda3/envs/airflow-env/lib/python3.8/site-packages/airflow/example_dags/tutorial.py for tasks to queue
[2022-11-06T03:17:25.747+0200] {logging_mixin.py:120} INFO - [2022-11-06T03:17:25.747+0200] {dagbag.py:537} INFO - Filling up the DagBag from /Users/mnagy99/opt/anaconda3/envs/airflow-env/lib/python3.8/site-packages/airflow/example_dags/tutorial.py
[2022-11-06T03:17:25.770+0200] {processor.py:766} INFO - DAG(s) dict_keys(['tutorial']) retrieved from /Users/mnagy99/opt/anaconda3/envs/airflow-env/lib/python3.8/site-packages/airflow/example_dags/tutorial.py
[2022-11-06T03:17:26.205+0200] {logging_mixin.py:120} INFO - [2022-11-06T03:17:26.204+0200] {dag.py:2585} INFO - Sync 1 DAGs
[2022-11-06T03:17:26.218+0200] {logging_mixin.py:120} INFO - [2022-11-06T03:17:26.218+0200] {dag.py:3336} INFO - Setting next_dagrun for tutorial to 2022-11-05T01:17:26.218505+00:00, run_after=2022-11-06T01:17:26.218505+00:00
[2022-11-06T03:17:26.238+0200] {processor.py:176} INFO - Processing /Users/mnagy99/opt/anaconda3/envs/airflow-env/lib/python3.8/site-packages/airflow/example_dags/tutorial.py took 0.495 seconds
[2022-11-06T03:19:23.287+0200] {processor.py:154} INFO - Started process (PID=6834) to work on /Users/mnagy99/opt/anaconda3/envs/airflow-env/lib/python3.8/site-packages/airflow/example_dags/tutorial.py
[2022-11-06T03:19:23.288+0200] {processor.py:756} INFO - Processing file /Users/mnagy99/opt/anaconda3/envs/airflow-env/lib/python3.8/site-packages/airflow/example_dags/tutorial.py for tasks to queue
[2022-11-06T03:19:23.288+0200] {logging_mixin.py:120} INFO - [2022-11-06T03:19:23.288+0200] {dagbag.py:537} INFO - Filling up the DagBag from /Users/mnagy99/opt/anaconda3/envs/airflow-env/lib/python3.8/site-packages/airflow/example_dags/tutorial.py
[2022-11-06T03:19:23.313+0200] {processor.py:766} INFO - DAG(s) dict_keys(['tutorial']) retrieved from /Users/mnagy99/opt/anaconda3/envs/airflow-env/lib/python3.8/site-packages/airflow/example_dags/tutorial.py
[2022-11-06T03:19:23.802+0200] {logging_mixin.py:120} INFO - [2022-11-06T03:19:23.802+0200] {dag.py:2585} INFO - Sync 1 DAGs
[2022-11-06T03:19:23.817+0200] {logging_mixin.py:120} INFO - [2022-11-06T03:19:23.817+0200] {dag.py:3336} INFO - Setting next_dagrun for tutorial to 2022-11-05T01:19:23.817158+00:00, run_after=2022-11-06T01:19:23.817158+00:00
[2022-11-06T03:19:23.836+0200] {processor.py:176} INFO - Processing /Users/mnagy99/opt/anaconda3/envs/airflow-env/lib/python3.8/site-packages/airflow/example_dags/tutorial.py took 0.550 seconds
[2022-11-06T03:21:25.060+0200] {processor.py:154} INFO - Started process (PID=6958) to work on /Users/mnagy99/opt/anaconda3/envs/airflow-env/lib/python3.8/site-packages/airflow/example_dags/tutorial.py
[2022-11-06T03:21:25.061+0200] {processor.py:756} INFO - Processing file /Users/mnagy99/opt/anaconda3/envs/airflow-env/lib/python3.8/site-packages/airflow/example_dags/tutorial.py for tasks to queue
[2022-11-06T03:21:25.061+0200] {logging_mixin.py:120} INFO - [2022-11-06T03:21:25.061+0200] {dagbag.py:537} INFO - Filling up the DagBag from /Users/mnagy99/opt/anaconda3/envs/airflow-env/lib/python3.8/site-packages/airflow/example_dags/tutorial.py
[2022-11-06T03:21:25.081+0200] {processor.py:766} INFO - DAG(s) dict_keys(['tutorial']) retrieved from /Users/mnagy99/opt/anaconda3/envs/airflow-env/lib/python3.8/site-packages/airflow/example_dags/tutorial.py
[2022-11-06T03:21:25.536+0200] {logging_mixin.py:120} INFO - [2022-11-06T03:21:25.536+0200] {dag.py:2585} INFO - Sync 1 DAGs
[2022-11-06T03:21:25.551+0200] {logging_mixin.py:120} INFO - [2022-11-06T03:21:25.550+0200] {dag.py:3336} INFO - Setting next_dagrun for tutorial to 2022-11-05T01:21:25.550833+00:00, run_after=2022-11-06T01:21:25.550833+00:00
[2022-11-06T03:21:25.568+0200] {processor.py:176} INFO - Processing /Users/mnagy99/opt/anaconda3/envs/airflow-env/lib/python3.8/site-packages/airflow/example_dags/tutorial.py took 0.509 seconds
[2022-11-06T03:23:25.110+0200] {processor.py:154} INFO - Started process (PID=7087) to work on /Users/mnagy99/opt/anaconda3/envs/airflow-env/lib/python3.8/site-packages/airflow/example_dags/tutorial.py
[2022-11-06T03:23:25.112+0200] {processor.py:756} INFO - Processing file /Users/mnagy99/opt/anaconda3/envs/airflow-env/lib/python3.8/site-packages/airflow/example_dags/tutorial.py for tasks to queue
[2022-11-06T03:23:25.113+0200] {logging_mixin.py:120} INFO - [2022-11-06T03:23:25.113+0200] {dagbag.py:537} INFO - Filling up the DagBag from /Users/mnagy99/opt/anaconda3/envs/airflow-env/lib/python3.8/site-packages/airflow/example_dags/tutorial.py
[2022-11-06T03:23:25.136+0200] {processor.py:766} INFO - DAG(s) dict_keys(['tutorial']) retrieved from /Users/mnagy99/opt/anaconda3/envs/airflow-env/lib/python3.8/site-packages/airflow/example_dags/tutorial.py
[2022-11-06T03:23:25.569+0200] {logging_mixin.py:120} INFO - [2022-11-06T03:23:25.568+0200] {dag.py:2585} INFO - Sync 1 DAGs
[2022-11-06T03:23:25.584+0200] {logging_mixin.py:120} INFO - [2022-11-06T03:23:25.584+0200] {dag.py:3336} INFO - Setting next_dagrun for tutorial to 2022-11-05T01:23:25.584382+00:00, run_after=2022-11-06T01:23:25.584382+00:00
[2022-11-06T03:23:25.603+0200] {processor.py:176} INFO - Processing /Users/mnagy99/opt/anaconda3/envs/airflow-env/lib/python3.8/site-packages/airflow/example_dags/tutorial.py took 0.494 seconds
[2022-11-06T03:25:22.001+0200] {processor.py:154} INFO - Started process (PID=7210) to work on /Users/mnagy99/opt/anaconda3/envs/airflow-env/lib/python3.8/site-packages/airflow/example_dags/tutorial.py
[2022-11-06T03:25:22.002+0200] {processor.py:756} INFO - Processing file /Users/mnagy99/opt/anaconda3/envs/airflow-env/lib/python3.8/site-packages/airflow/example_dags/tutorial.py for tasks to queue
[2022-11-06T03:25:22.002+0200] {logging_mixin.py:120} INFO - [2022-11-06T03:25:22.002+0200] {dagbag.py:537} INFO - Filling up the DagBag from /Users/mnagy99/opt/anaconda3/envs/airflow-env/lib/python3.8/site-packages/airflow/example_dags/tutorial.py
[2022-11-06T03:25:22.022+0200] {processor.py:766} INFO - DAG(s) dict_keys(['tutorial']) retrieved from /Users/mnagy99/opt/anaconda3/envs/airflow-env/lib/python3.8/site-packages/airflow/example_dags/tutorial.py
[2022-11-06T03:25:22.457+0200] {logging_mixin.py:120} INFO - [2022-11-06T03:25:22.457+0200] {dag.py:2585} INFO - Sync 1 DAGs
[2022-11-06T03:25:22.471+0200] {logging_mixin.py:120} INFO - [2022-11-06T03:25:22.471+0200] {dag.py:3336} INFO - Setting next_dagrun for tutorial to 2022-11-05T01:25:22.471197+00:00, run_after=2022-11-06T01:25:22.471197+00:00
[2022-11-06T03:25:22.486+0200] {processor.py:176} INFO - Processing /Users/mnagy99/opt/anaconda3/envs/airflow-env/lib/python3.8/site-packages/airflow/example_dags/tutorial.py took 0.486 seconds
[2022-11-06T03:27:22.210+0200] {processor.py:154} INFO - Started process (PID=7357) to work on /Users/mnagy99/opt/anaconda3/envs/airflow-env/lib/python3.8/site-packages/airflow/example_dags/tutorial.py
[2022-11-06T03:27:22.212+0200] {processor.py:756} INFO - Processing file /Users/mnagy99/opt/anaconda3/envs/airflow-env/lib/python3.8/site-packages/airflow/example_dags/tutorial.py for tasks to queue
[2022-11-06T03:27:22.213+0200] {logging_mixin.py:120} INFO - [2022-11-06T03:27:22.212+0200] {dagbag.py:537} INFO - Filling up the DagBag from /Users/mnagy99/opt/anaconda3/envs/airflow-env/lib/python3.8/site-packages/airflow/example_dags/tutorial.py
[2022-11-06T03:27:22.241+0200] {processor.py:766} INFO - DAG(s) dict_keys(['tutorial']) retrieved from /Users/mnagy99/opt/anaconda3/envs/airflow-env/lib/python3.8/site-packages/airflow/example_dags/tutorial.py
[2022-11-06T03:27:22.705+0200] {logging_mixin.py:120} INFO - [2022-11-06T03:27:22.704+0200] {dag.py:2585} INFO - Sync 1 DAGs
[2022-11-06T03:27:22.719+0200] {logging_mixin.py:120} INFO - [2022-11-06T03:27:22.719+0200] {dag.py:3336} INFO - Setting next_dagrun for tutorial to 2022-11-05T01:27:22.719009+00:00, run_after=2022-11-06T01:27:22.719009+00:00
[2022-11-06T03:27:22.739+0200] {processor.py:176} INFO - Processing /Users/mnagy99/opt/anaconda3/envs/airflow-env/lib/python3.8/site-packages/airflow/example_dags/tutorial.py took 0.530 seconds
[2022-11-06T03:29:26.910+0200] {processor.py:154} INFO - Started process (PID=7482) to work on /Users/mnagy99/opt/anaconda3/envs/airflow-env/lib/python3.8/site-packages/airflow/example_dags/tutorial.py
[2022-11-06T03:29:26.912+0200] {processor.py:756} INFO - Processing file /Users/mnagy99/opt/anaconda3/envs/airflow-env/lib/python3.8/site-packages/airflow/example_dags/tutorial.py for tasks to queue
[2022-11-06T03:29:26.913+0200] {logging_mixin.py:120} INFO - [2022-11-06T03:29:26.913+0200] {dagbag.py:537} INFO - Filling up the DagBag from /Users/mnagy99/opt/anaconda3/envs/airflow-env/lib/python3.8/site-packages/airflow/example_dags/tutorial.py
[2022-11-06T03:29:26.944+0200] {processor.py:766} INFO - DAG(s) dict_keys(['tutorial']) retrieved from /Users/mnagy99/opt/anaconda3/envs/airflow-env/lib/python3.8/site-packages/airflow/example_dags/tutorial.py
[2022-11-06T03:29:27.377+0200] {logging_mixin.py:120} INFO - [2022-11-06T03:29:27.377+0200] {dag.py:2585} INFO - Sync 1 DAGs
[2022-11-06T03:29:27.391+0200] {logging_mixin.py:120} INFO - [2022-11-06T03:29:27.390+0200] {dag.py:3336} INFO - Setting next_dagrun for tutorial to 2022-11-05T01:29:27.390716+00:00, run_after=2022-11-06T01:29:27.390716+00:00
[2022-11-06T03:29:27.408+0200] {processor.py:176} INFO - Processing /Users/mnagy99/opt/anaconda3/envs/airflow-env/lib/python3.8/site-packages/airflow/example_dags/tutorial.py took 0.499 seconds
[2022-11-06T03:31:24.577+0200] {processor.py:154} INFO - Started process (PID=7607) to work on /Users/mnagy99/opt/anaconda3/envs/airflow-env/lib/python3.8/site-packages/airflow/example_dags/tutorial.py
[2022-11-06T03:31:24.579+0200] {processor.py:756} INFO - Processing file /Users/mnagy99/opt/anaconda3/envs/airflow-env/lib/python3.8/site-packages/airflow/example_dags/tutorial.py for tasks to queue
[2022-11-06T03:31:24.580+0200] {logging_mixin.py:120} INFO - [2022-11-06T03:31:24.580+0200] {dagbag.py:537} INFO - Filling up the DagBag from /Users/mnagy99/opt/anaconda3/envs/airflow-env/lib/python3.8/site-packages/airflow/example_dags/tutorial.py
[2022-11-06T03:31:24.606+0200] {processor.py:766} INFO - DAG(s) dict_keys(['tutorial']) retrieved from /Users/mnagy99/opt/anaconda3/envs/airflow-env/lib/python3.8/site-packages/airflow/example_dags/tutorial.py
[2022-11-06T03:31:25.061+0200] {logging_mixin.py:120} INFO - [2022-11-06T03:31:25.061+0200] {dag.py:2585} INFO - Sync 1 DAGs
[2022-11-06T03:31:25.075+0200] {logging_mixin.py:120} INFO - [2022-11-06T03:31:25.075+0200] {dag.py:3336} INFO - Setting next_dagrun for tutorial to 2022-11-05T01:31:25.074948+00:00, run_after=2022-11-06T01:31:25.074948+00:00
[2022-11-06T03:31:25.091+0200] {processor.py:176} INFO - Processing /Users/mnagy99/opt/anaconda3/envs/airflow-env/lib/python3.8/site-packages/airflow/example_dags/tutorial.py took 0.515 seconds
[2022-11-06T03:33:36.887+0200] {processor.py:154} INFO - Started process (PID=7746) to work on /Users/mnagy99/opt/anaconda3/envs/airflow-env/lib/python3.8/site-packages/airflow/example_dags/tutorial.py
[2022-11-06T03:33:36.888+0200] {processor.py:756} INFO - Processing file /Users/mnagy99/opt/anaconda3/envs/airflow-env/lib/python3.8/site-packages/airflow/example_dags/tutorial.py for tasks to queue
[2022-11-06T03:33:36.888+0200] {logging_mixin.py:120} INFO - [2022-11-06T03:33:36.888+0200] {dagbag.py:537} INFO - Filling up the DagBag from /Users/mnagy99/opt/anaconda3/envs/airflow-env/lib/python3.8/site-packages/airflow/example_dags/tutorial.py
[2022-11-06T03:33:36.912+0200] {processor.py:766} INFO - DAG(s) dict_keys(['tutorial']) retrieved from /Users/mnagy99/opt/anaconda3/envs/airflow-env/lib/python3.8/site-packages/airflow/example_dags/tutorial.py
[2022-11-06T03:33:37.417+0200] {logging_mixin.py:120} INFO - [2022-11-06T03:33:37.417+0200] {dag.py:2585} INFO - Sync 1 DAGs
[2022-11-06T03:33:37.431+0200] {logging_mixin.py:120} INFO - [2022-11-06T03:33:37.431+0200] {dag.py:3336} INFO - Setting next_dagrun for tutorial to 2022-11-05T01:33:37.431455+00:00, run_after=2022-11-06T01:33:37.431455+00:00
[2022-11-06T03:33:37.450+0200] {processor.py:176} INFO - Processing /Users/mnagy99/opt/anaconda3/envs/airflow-env/lib/python3.8/site-packages/airflow/example_dags/tutorial.py took 0.563 seconds
[2022-11-06T03:35:42.063+0200] {processor.py:154} INFO - Started process (PID=7918) to work on /Users/mnagy99/opt/anaconda3/envs/airflow-env/lib/python3.8/site-packages/airflow/example_dags/tutorial.py
[2022-11-06T03:35:42.065+0200] {processor.py:756} INFO - Processing file /Users/mnagy99/opt/anaconda3/envs/airflow-env/lib/python3.8/site-packages/airflow/example_dags/tutorial.py for tasks to queue
[2022-11-06T03:35:42.066+0200] {logging_mixin.py:120} INFO - [2022-11-06T03:35:42.066+0200] {dagbag.py:537} INFO - Filling up the DagBag from /Users/mnagy99/opt/anaconda3/envs/airflow-env/lib/python3.8/site-packages/airflow/example_dags/tutorial.py
[2022-11-06T03:35:42.096+0200] {processor.py:766} INFO - DAG(s) dict_keys(['tutorial']) retrieved from /Users/mnagy99/opt/anaconda3/envs/airflow-env/lib/python3.8/site-packages/airflow/example_dags/tutorial.py
[2022-11-06T03:35:42.572+0200] {logging_mixin.py:120} INFO - [2022-11-06T03:35:42.571+0200] {dag.py:2585} INFO - Sync 1 DAGs
[2022-11-06T03:35:42.585+0200] {logging_mixin.py:120} INFO - [2022-11-06T03:35:42.585+0200] {dag.py:3336} INFO - Setting next_dagrun for tutorial to 2022-11-05T01:35:42.585194+00:00, run_after=2022-11-06T01:35:42.585194+00:00
[2022-11-06T03:35:42.604+0200] {processor.py:176} INFO - Processing /Users/mnagy99/opt/anaconda3/envs/airflow-env/lib/python3.8/site-packages/airflow/example_dags/tutorial.py took 0.542 seconds
[2022-11-06T03:37:46.677+0200] {processor.py:154} INFO - Started process (PID=8042) to work on /Users/mnagy99/opt/anaconda3/envs/airflow-env/lib/python3.8/site-packages/airflow/example_dags/tutorial.py
[2022-11-06T03:37:46.680+0200] {processor.py:756} INFO - Processing file /Users/mnagy99/opt/anaconda3/envs/airflow-env/lib/python3.8/site-packages/airflow/example_dags/tutorial.py for tasks to queue
[2022-11-06T03:37:46.680+0200] {logging_mixin.py:120} INFO - [2022-11-06T03:37:46.680+0200] {dagbag.py:537} INFO - Filling up the DagBag from /Users/mnagy99/opt/anaconda3/envs/airflow-env/lib/python3.8/site-packages/airflow/example_dags/tutorial.py
[2022-11-06T03:37:46.703+0200] {processor.py:766} INFO - DAG(s) dict_keys(['tutorial']) retrieved from /Users/mnagy99/opt/anaconda3/envs/airflow-env/lib/python3.8/site-packages/airflow/example_dags/tutorial.py
[2022-11-06T03:37:47.147+0200] {logging_mixin.py:120} INFO - [2022-11-06T03:37:47.147+0200] {dag.py:2585} INFO - Sync 1 DAGs
[2022-11-06T03:37:47.160+0200] {logging_mixin.py:120} INFO - [2022-11-06T03:37:47.160+0200] {dag.py:3336} INFO - Setting next_dagrun for tutorial to 2022-11-05T01:37:47.160626+00:00, run_after=2022-11-06T01:37:47.160626+00:00
[2022-11-06T03:37:47.176+0200] {processor.py:176} INFO - Processing /Users/mnagy99/opt/anaconda3/envs/airflow-env/lib/python3.8/site-packages/airflow/example_dags/tutorial.py took 0.500 seconds
[2022-11-06T03:39:45.177+0200] {processor.py:154} INFO - Started process (PID=8164) to work on /Users/mnagy99/opt/anaconda3/envs/airflow-env/lib/python3.8/site-packages/airflow/example_dags/tutorial.py
[2022-11-06T03:39:45.178+0200] {processor.py:756} INFO - Processing file /Users/mnagy99/opt/anaconda3/envs/airflow-env/lib/python3.8/site-packages/airflow/example_dags/tutorial.py for tasks to queue
[2022-11-06T03:39:45.178+0200] {logging_mixin.py:120} INFO - [2022-11-06T03:39:45.178+0200] {dagbag.py:537} INFO - Filling up the DagBag from /Users/mnagy99/opt/anaconda3/envs/airflow-env/lib/python3.8/site-packages/airflow/example_dags/tutorial.py
[2022-11-06T03:39:45.199+0200] {processor.py:766} INFO - DAG(s) dict_keys(['tutorial']) retrieved from /Users/mnagy99/opt/anaconda3/envs/airflow-env/lib/python3.8/site-packages/airflow/example_dags/tutorial.py
[2022-11-06T03:39:45.629+0200] {logging_mixin.py:120} INFO - [2022-11-06T03:39:45.628+0200] {dag.py:2585} INFO - Sync 1 DAGs
[2022-11-06T03:39:45.642+0200] {logging_mixin.py:120} INFO - [2022-11-06T03:39:45.642+0200] {dag.py:3336} INFO - Setting next_dagrun for tutorial to 2022-11-05T01:39:45.642154+00:00, run_after=2022-11-06T01:39:45.642154+00:00
[2022-11-06T03:39:45.662+0200] {processor.py:176} INFO - Processing /Users/mnagy99/opt/anaconda3/envs/airflow-env/lib/python3.8/site-packages/airflow/example_dags/tutorial.py took 0.486 seconds
[2022-11-06T03:41:44.104+0200] {processor.py:154} INFO - Started process (PID=8286) to work on /Users/mnagy99/opt/anaconda3/envs/airflow-env/lib/python3.8/site-packages/airflow/example_dags/tutorial.py
[2022-11-06T03:41:44.107+0200] {processor.py:756} INFO - Processing file /Users/mnagy99/opt/anaconda3/envs/airflow-env/lib/python3.8/site-packages/airflow/example_dags/tutorial.py for tasks to queue
[2022-11-06T03:41:44.107+0200] {logging_mixin.py:120} INFO - [2022-11-06T03:41:44.107+0200] {dagbag.py:537} INFO - Filling up the DagBag from /Users/mnagy99/opt/anaconda3/envs/airflow-env/lib/python3.8/site-packages/airflow/example_dags/tutorial.py
[2022-11-06T03:41:44.134+0200] {processor.py:766} INFO - DAG(s) dict_keys(['tutorial']) retrieved from /Users/mnagy99/opt/anaconda3/envs/airflow-env/lib/python3.8/site-packages/airflow/example_dags/tutorial.py
[2022-11-06T03:41:44.581+0200] {logging_mixin.py:120} INFO - [2022-11-06T03:41:44.580+0200] {dag.py:2585} INFO - Sync 1 DAGs
[2022-11-06T03:41:44.594+0200] {logging_mixin.py:120} INFO - [2022-11-06T03:41:44.594+0200] {dag.py:3336} INFO - Setting next_dagrun for tutorial to 2022-11-05T01:41:44.594413+00:00, run_after=2022-11-06T01:41:44.594413+00:00
[2022-11-06T03:41:44.610+0200] {processor.py:176} INFO - Processing /Users/mnagy99/opt/anaconda3/envs/airflow-env/lib/python3.8/site-packages/airflow/example_dags/tutorial.py took 0.507 seconds
[2022-11-06T03:43:43.684+0200] {processor.py:154} INFO - Started process (PID=8408) to work on /Users/mnagy99/opt/anaconda3/envs/airflow-env/lib/python3.8/site-packages/airflow/example_dags/tutorial.py
[2022-11-06T03:43:43.686+0200] {processor.py:756} INFO - Processing file /Users/mnagy99/opt/anaconda3/envs/airflow-env/lib/python3.8/site-packages/airflow/example_dags/tutorial.py for tasks to queue
[2022-11-06T03:43:43.687+0200] {logging_mixin.py:120} INFO - [2022-11-06T03:43:43.687+0200] {dagbag.py:537} INFO - Filling up the DagBag from /Users/mnagy99/opt/anaconda3/envs/airflow-env/lib/python3.8/site-packages/airflow/example_dags/tutorial.py
[2022-11-06T03:43:43.713+0200] {processor.py:766} INFO - DAG(s) dict_keys(['tutorial']) retrieved from /Users/mnagy99/opt/anaconda3/envs/airflow-env/lib/python3.8/site-packages/airflow/example_dags/tutorial.py
[2022-11-06T03:43:44.196+0200] {logging_mixin.py:120} INFO - [2022-11-06T03:43:44.196+0200] {dag.py:2585} INFO - Sync 1 DAGs
[2022-11-06T03:43:44.209+0200] {logging_mixin.py:120} INFO - [2022-11-06T03:43:44.209+0200] {dag.py:3336} INFO - Setting next_dagrun for tutorial to 2022-11-05T01:43:44.209262+00:00, run_after=2022-11-06T01:43:44.209262+00:00
[2022-11-06T03:43:44.229+0200] {processor.py:176} INFO - Processing /Users/mnagy99/opt/anaconda3/envs/airflow-env/lib/python3.8/site-packages/airflow/example_dags/tutorial.py took 0.546 seconds
[2022-11-06T03:45:46.597+0200] {processor.py:154} INFO - Started process (PID=8552) to work on /Users/mnagy99/opt/anaconda3/envs/airflow-env/lib/python3.8/site-packages/airflow/example_dags/tutorial.py
[2022-11-06T03:45:46.600+0200] {processor.py:756} INFO - Processing file /Users/mnagy99/opt/anaconda3/envs/airflow-env/lib/python3.8/site-packages/airflow/example_dags/tutorial.py for tasks to queue
[2022-11-06T03:45:46.601+0200] {logging_mixin.py:120} INFO - [2022-11-06T03:45:46.601+0200] {dagbag.py:537} INFO - Filling up the DagBag from /Users/mnagy99/opt/anaconda3/envs/airflow-env/lib/python3.8/site-packages/airflow/example_dags/tutorial.py
[2022-11-06T03:45:46.629+0200] {processor.py:766} INFO - DAG(s) dict_keys(['tutorial']) retrieved from /Users/mnagy99/opt/anaconda3/envs/airflow-env/lib/python3.8/site-packages/airflow/example_dags/tutorial.py
[2022-11-06T03:45:47.065+0200] {logging_mixin.py:120} INFO - [2022-11-06T03:45:47.065+0200] {dag.py:2585} INFO - Sync 1 DAGs
[2022-11-06T03:45:47.079+0200] {logging_mixin.py:120} INFO - [2022-11-06T03:45:47.079+0200] {dag.py:3336} INFO - Setting next_dagrun for tutorial to 2022-11-05T01:45:47.079028+00:00, run_after=2022-11-06T01:45:47.079028+00:00
[2022-11-06T03:45:47.096+0200] {processor.py:176} INFO - Processing /Users/mnagy99/opt/anaconda3/envs/airflow-env/lib/python3.8/site-packages/airflow/example_dags/tutorial.py took 0.499 seconds
[2022-11-06T03:47:48.646+0200] {processor.py:154} INFO - Started process (PID=8674) to work on /Users/mnagy99/opt/anaconda3/envs/airflow-env/lib/python3.8/site-packages/airflow/example_dags/tutorial.py
[2022-11-06T03:47:48.649+0200] {processor.py:756} INFO - Processing file /Users/mnagy99/opt/anaconda3/envs/airflow-env/lib/python3.8/site-packages/airflow/example_dags/tutorial.py for tasks to queue
[2022-11-06T03:47:48.650+0200] {logging_mixin.py:120} INFO - [2022-11-06T03:47:48.649+0200] {dagbag.py:537} INFO - Filling up the DagBag from /Users/mnagy99/opt/anaconda3/envs/airflow-env/lib/python3.8/site-packages/airflow/example_dags/tutorial.py
[2022-11-06T03:47:48.675+0200] {processor.py:766} INFO - DAG(s) dict_keys(['tutorial']) retrieved from /Users/mnagy99/opt/anaconda3/envs/airflow-env/lib/python3.8/site-packages/airflow/example_dags/tutorial.py
[2022-11-06T03:47:49.323+0200] {logging_mixin.py:120} INFO - [2022-11-06T03:47:49.322+0200] {dag.py:2585} INFO - Sync 1 DAGs
[2022-11-06T03:47:49.341+0200] {logging_mixin.py:120} INFO - [2022-11-06T03:47:49.341+0200] {dag.py:3336} INFO - Setting next_dagrun for tutorial to 2022-11-05T01:47:49.341108+00:00, run_after=2022-11-06T01:47:49.341108+00:00
[2022-11-06T03:47:49.368+0200] {processor.py:176} INFO - Processing /Users/mnagy99/opt/anaconda3/envs/airflow-env/lib/python3.8/site-packages/airflow/example_dags/tutorial.py took 0.723 seconds
[2022-11-06T03:49:56.573+0200] {processor.py:154} INFO - Started process (PID=8796) to work on /Users/mnagy99/opt/anaconda3/envs/airflow-env/lib/python3.8/site-packages/airflow/example_dags/tutorial.py
[2022-11-06T03:49:56.576+0200] {processor.py:756} INFO - Processing file /Users/mnagy99/opt/anaconda3/envs/airflow-env/lib/python3.8/site-packages/airflow/example_dags/tutorial.py for tasks to queue
[2022-11-06T03:49:56.576+0200] {logging_mixin.py:120} INFO - [2022-11-06T03:49:56.576+0200] {dagbag.py:537} INFO - Filling up the DagBag from /Users/mnagy99/opt/anaconda3/envs/airflow-env/lib/python3.8/site-packages/airflow/example_dags/tutorial.py
[2022-11-06T03:49:56.601+0200] {processor.py:766} INFO - DAG(s) dict_keys(['tutorial']) retrieved from /Users/mnagy99/opt/anaconda3/envs/airflow-env/lib/python3.8/site-packages/airflow/example_dags/tutorial.py
[2022-11-06T03:49:57.058+0200] {logging_mixin.py:120} INFO - [2022-11-06T03:49:57.058+0200] {dag.py:2585} INFO - Sync 1 DAGs
[2022-11-06T03:49:57.073+0200] {logging_mixin.py:120} INFO - [2022-11-06T03:49:57.073+0200] {dag.py:3336} INFO - Setting next_dagrun for tutorial to 2022-11-05T01:49:57.073267+00:00, run_after=2022-11-06T01:49:57.073267+00:00
[2022-11-06T03:49:57.092+0200] {processor.py:176} INFO - Processing /Users/mnagy99/opt/anaconda3/envs/airflow-env/lib/python3.8/site-packages/airflow/example_dags/tutorial.py took 0.519 seconds
[2022-11-06T03:52:00.335+0200] {processor.py:154} INFO - Started process (PID=8924) to work on /Users/mnagy99/opt/anaconda3/envs/airflow-env/lib/python3.8/site-packages/airflow/example_dags/tutorial.py
[2022-11-06T03:52:00.337+0200] {processor.py:756} INFO - Processing file /Users/mnagy99/opt/anaconda3/envs/airflow-env/lib/python3.8/site-packages/airflow/example_dags/tutorial.py for tasks to queue
[2022-11-06T03:52:00.338+0200] {logging_mixin.py:120} INFO - [2022-11-06T03:52:00.338+0200] {dagbag.py:537} INFO - Filling up the DagBag from /Users/mnagy99/opt/anaconda3/envs/airflow-env/lib/python3.8/site-packages/airflow/example_dags/tutorial.py
[2022-11-06T03:52:00.359+0200] {processor.py:766} INFO - DAG(s) dict_keys(['tutorial']) retrieved from /Users/mnagy99/opt/anaconda3/envs/airflow-env/lib/python3.8/site-packages/airflow/example_dags/tutorial.py
[2022-11-06T03:52:00.793+0200] {logging_mixin.py:120} INFO - [2022-11-06T03:52:00.793+0200] {dag.py:2585} INFO - Sync 1 DAGs
[2022-11-06T03:52:00.807+0200] {logging_mixin.py:120} INFO - [2022-11-06T03:52:00.807+0200] {dag.py:3336} INFO - Setting next_dagrun for tutorial to 2022-11-05T01:52:00.807049+00:00, run_after=2022-11-06T01:52:00.807049+00:00
[2022-11-06T03:52:00.822+0200] {processor.py:176} INFO - Processing /Users/mnagy99/opt/anaconda3/envs/airflow-env/lib/python3.8/site-packages/airflow/example_dags/tutorial.py took 0.488 seconds
[2022-11-06T03:54:12.510+0200] {processor.py:154} INFO - Started process (PID=9060) to work on /Users/mnagy99/opt/anaconda3/envs/airflow-env/lib/python3.8/site-packages/airflow/example_dags/tutorial.py
[2022-11-06T03:54:12.512+0200] {processor.py:756} INFO - Processing file /Users/mnagy99/opt/anaconda3/envs/airflow-env/lib/python3.8/site-packages/airflow/example_dags/tutorial.py for tasks to queue
[2022-11-06T03:54:12.513+0200] {logging_mixin.py:120} INFO - [2022-11-06T03:54:12.513+0200] {dagbag.py:537} INFO - Filling up the DagBag from /Users/mnagy99/opt/anaconda3/envs/airflow-env/lib/python3.8/site-packages/airflow/example_dags/tutorial.py
[2022-11-06T03:54:12.545+0200] {processor.py:766} INFO - DAG(s) dict_keys(['tutorial']) retrieved from /Users/mnagy99/opt/anaconda3/envs/airflow-env/lib/python3.8/site-packages/airflow/example_dags/tutorial.py
[2022-11-06T03:54:13.228+0200] {logging_mixin.py:120} INFO - [2022-11-06T03:54:13.227+0200] {dag.py:2585} INFO - Sync 1 DAGs
[2022-11-06T03:54:13.243+0200] {logging_mixin.py:120} INFO - [2022-11-06T03:54:13.243+0200] {dag.py:3336} INFO - Setting next_dagrun for tutorial to 2022-11-05T01:54:13.242850+00:00, run_after=2022-11-06T01:54:13.242850+00:00
[2022-11-06T03:54:13.265+0200] {processor.py:176} INFO - Processing /Users/mnagy99/opt/anaconda3/envs/airflow-env/lib/python3.8/site-packages/airflow/example_dags/tutorial.py took 0.756 seconds
[2022-11-06T03:56:33.383+0200] {processor.py:154} INFO - Started process (PID=9202) to work on /Users/mnagy99/opt/anaconda3/envs/airflow-env/lib/python3.8/site-packages/airflow/example_dags/tutorial.py
[2022-11-06T03:56:33.385+0200] {processor.py:756} INFO - Processing file /Users/mnagy99/opt/anaconda3/envs/airflow-env/lib/python3.8/site-packages/airflow/example_dags/tutorial.py for tasks to queue
[2022-11-06T03:56:33.385+0200] {logging_mixin.py:120} INFO - [2022-11-06T03:56:33.385+0200] {dagbag.py:537} INFO - Filling up the DagBag from /Users/mnagy99/opt/anaconda3/envs/airflow-env/lib/python3.8/site-packages/airflow/example_dags/tutorial.py
[2022-11-06T03:56:33.410+0200] {processor.py:766} INFO - DAG(s) dict_keys(['tutorial']) retrieved from /Users/mnagy99/opt/anaconda3/envs/airflow-env/lib/python3.8/site-packages/airflow/example_dags/tutorial.py
[2022-11-06T03:56:33.870+0200] {logging_mixin.py:120} INFO - [2022-11-06T03:56:33.870+0200] {dag.py:2585} INFO - Sync 1 DAGs
[2022-11-06T03:56:33.884+0200] {logging_mixin.py:120} INFO - [2022-11-06T03:56:33.884+0200] {dag.py:3336} INFO - Setting next_dagrun for tutorial to 2022-11-05T01:56:33.884261+00:00, run_after=2022-11-06T01:56:33.884261+00:00
[2022-11-06T03:56:33.906+0200] {processor.py:176} INFO - Processing /Users/mnagy99/opt/anaconda3/envs/airflow-env/lib/python3.8/site-packages/airflow/example_dags/tutorial.py took 0.523 seconds
[2022-11-06T03:58:47.372+0200] {processor.py:154} INFO - Started process (PID=9329) to work on /Users/mnagy99/opt/anaconda3/envs/airflow-env/lib/python3.8/site-packages/airflow/example_dags/tutorial.py
[2022-11-06T03:58:47.374+0200] {processor.py:756} INFO - Processing file /Users/mnagy99/opt/anaconda3/envs/airflow-env/lib/python3.8/site-packages/airflow/example_dags/tutorial.py for tasks to queue
[2022-11-06T03:58:47.375+0200] {logging_mixin.py:120} INFO - [2022-11-06T03:58:47.375+0200] {dagbag.py:537} INFO - Filling up the DagBag from /Users/mnagy99/opt/anaconda3/envs/airflow-env/lib/python3.8/site-packages/airflow/example_dags/tutorial.py
[2022-11-06T03:58:47.410+0200] {processor.py:766} INFO - DAG(s) dict_keys(['tutorial']) retrieved from /Users/mnagy99/opt/anaconda3/envs/airflow-env/lib/python3.8/site-packages/airflow/example_dags/tutorial.py
[2022-11-06T03:58:47.872+0200] {logging_mixin.py:120} INFO - [2022-11-06T03:58:47.872+0200] {dag.py:2585} INFO - Sync 1 DAGs
[2022-11-06T03:58:47.886+0200] {logging_mixin.py:120} INFO - [2022-11-06T03:58:47.886+0200] {dag.py:3336} INFO - Setting next_dagrun for tutorial to 2022-11-05T01:58:47.886295+00:00, run_after=2022-11-06T01:58:47.886295+00:00
[2022-11-06T03:58:47.905+0200] {processor.py:176} INFO - Processing /Users/mnagy99/opt/anaconda3/envs/airflow-env/lib/python3.8/site-packages/airflow/example_dags/tutorial.py took 0.534 seconds
[2022-11-06T04:01:16.329+0200] {processor.py:154} INFO - Started process (PID=9490) to work on /Users/mnagy99/opt/anaconda3/envs/airflow-env/lib/python3.8/site-packages/airflow/example_dags/tutorial.py
[2022-11-06T04:01:16.330+0200] {processor.py:756} INFO - Processing file /Users/mnagy99/opt/anaconda3/envs/airflow-env/lib/python3.8/site-packages/airflow/example_dags/tutorial.py for tasks to queue
[2022-11-06T04:01:16.331+0200] {logging_mixin.py:120} INFO - [2022-11-06T04:01:16.330+0200] {dagbag.py:537} INFO - Filling up the DagBag from /Users/mnagy99/opt/anaconda3/envs/airflow-env/lib/python3.8/site-packages/airflow/example_dags/tutorial.py
[2022-11-06T04:01:16.361+0200] {processor.py:766} INFO - DAG(s) dict_keys(['tutorial']) retrieved from /Users/mnagy99/opt/anaconda3/envs/airflow-env/lib/python3.8/site-packages/airflow/example_dags/tutorial.py
[2022-11-06T04:01:16.904+0200] {logging_mixin.py:120} INFO - [2022-11-06T04:01:16.904+0200] {dag.py:2585} INFO - Sync 1 DAGs
[2022-11-06T04:01:16.919+0200] {logging_mixin.py:120} INFO - [2022-11-06T04:01:16.919+0200] {dag.py:3336} INFO - Setting next_dagrun for tutorial to 2022-11-05T02:01:16.918890+00:00, run_after=2022-11-06T02:01:16.918890+00:00
[2022-11-06T04:01:16.939+0200] {processor.py:176} INFO - Processing /Users/mnagy99/opt/anaconda3/envs/airflow-env/lib/python3.8/site-packages/airflow/example_dags/tutorial.py took 0.611 seconds
[2022-11-06T04:03:34.558+0200] {processor.py:154} INFO - Started process (PID=9629) to work on /Users/mnagy99/opt/anaconda3/envs/airflow-env/lib/python3.8/site-packages/airflow/example_dags/tutorial.py
[2022-11-06T04:03:34.558+0200] {processor.py:756} INFO - Processing file /Users/mnagy99/opt/anaconda3/envs/airflow-env/lib/python3.8/site-packages/airflow/example_dags/tutorial.py for tasks to queue
[2022-11-06T04:03:34.559+0200] {logging_mixin.py:120} INFO - [2022-11-06T04:03:34.559+0200] {dagbag.py:537} INFO - Filling up the DagBag from /Users/mnagy99/opt/anaconda3/envs/airflow-env/lib/python3.8/site-packages/airflow/example_dags/tutorial.py
[2022-11-06T04:03:34.579+0200] {processor.py:766} INFO - DAG(s) dict_keys(['tutorial']) retrieved from /Users/mnagy99/opt/anaconda3/envs/airflow-env/lib/python3.8/site-packages/airflow/example_dags/tutorial.py
[2022-11-06T04:03:35.008+0200] {logging_mixin.py:120} INFO - [2022-11-06T04:03:35.007+0200] {dag.py:2585} INFO - Sync 1 DAGs
[2022-11-06T04:03:35.021+0200] {logging_mixin.py:120} INFO - [2022-11-06T04:03:35.021+0200] {dag.py:3336} INFO - Setting next_dagrun for tutorial to 2022-11-05T02:03:35.021500+00:00, run_after=2022-11-06T02:03:35.021500+00:00
[2022-11-06T04:03:35.039+0200] {processor.py:176} INFO - Processing /Users/mnagy99/opt/anaconda3/envs/airflow-env/lib/python3.8/site-packages/airflow/example_dags/tutorial.py took 0.482 seconds
[2022-11-06T04:05:40.872+0200] {processor.py:154} INFO - Started process (PID=9771) to work on /Users/mnagy99/opt/anaconda3/envs/airflow-env/lib/python3.8/site-packages/airflow/example_dags/tutorial.py
[2022-11-06T04:05:40.875+0200] {processor.py:756} INFO - Processing file /Users/mnagy99/opt/anaconda3/envs/airflow-env/lib/python3.8/site-packages/airflow/example_dags/tutorial.py for tasks to queue
[2022-11-06T04:05:40.876+0200] {logging_mixin.py:120} INFO - [2022-11-06T04:05:40.876+0200] {dagbag.py:537} INFO - Filling up the DagBag from /Users/mnagy99/opt/anaconda3/envs/airflow-env/lib/python3.8/site-packages/airflow/example_dags/tutorial.py
[2022-11-06T04:05:40.901+0200] {processor.py:766} INFO - DAG(s) dict_keys(['tutorial']) retrieved from /Users/mnagy99/opt/anaconda3/envs/airflow-env/lib/python3.8/site-packages/airflow/example_dags/tutorial.py
[2022-11-06T04:05:41.350+0200] {logging_mixin.py:120} INFO - [2022-11-06T04:05:41.350+0200] {dag.py:2585} INFO - Sync 1 DAGs
[2022-11-06T04:05:41.364+0200] {logging_mixin.py:120} INFO - [2022-11-06T04:05:41.364+0200] {dag.py:3336} INFO - Setting next_dagrun for tutorial to 2022-11-05T02:05:41.364184+00:00, run_after=2022-11-06T02:05:41.364184+00:00
[2022-11-06T04:05:41.384+0200] {processor.py:176} INFO - Processing /Users/mnagy99/opt/anaconda3/envs/airflow-env/lib/python3.8/site-packages/airflow/example_dags/tutorial.py took 0.513 seconds
[2022-11-06T04:08:15.042+0200] {processor.py:154} INFO - Started process (PID=9922) to work on /Users/mnagy99/opt/anaconda3/envs/airflow-env/lib/python3.8/site-packages/airflow/example_dags/tutorial.py
[2022-11-06T04:08:15.045+0200] {processor.py:756} INFO - Processing file /Users/mnagy99/opt/anaconda3/envs/airflow-env/lib/python3.8/site-packages/airflow/example_dags/tutorial.py for tasks to queue
[2022-11-06T04:08:15.046+0200] {logging_mixin.py:120} INFO - [2022-11-06T04:08:15.045+0200] {dagbag.py:537} INFO - Filling up the DagBag from /Users/mnagy99/opt/anaconda3/envs/airflow-env/lib/python3.8/site-packages/airflow/example_dags/tutorial.py
[2022-11-06T04:08:15.073+0200] {processor.py:766} INFO - DAG(s) dict_keys(['tutorial']) retrieved from /Users/mnagy99/opt/anaconda3/envs/airflow-env/lib/python3.8/site-packages/airflow/example_dags/tutorial.py
[2022-11-06T04:08:15.573+0200] {logging_mixin.py:120} INFO - [2022-11-06T04:08:15.573+0200] {dag.py:2585} INFO - Sync 1 DAGs
[2022-11-06T04:08:15.593+0200] {logging_mixin.py:120} INFO - [2022-11-06T04:08:15.593+0200] {dag.py:3336} INFO - Setting next_dagrun for tutorial to 2022-11-05T02:08:15.593029+00:00, run_after=2022-11-06T02:08:15.593029+00:00
[2022-11-06T04:08:15.610+0200] {processor.py:176} INFO - Processing /Users/mnagy99/opt/anaconda3/envs/airflow-env/lib/python3.8/site-packages/airflow/example_dags/tutorial.py took 0.568 seconds
[2022-11-06T04:10:20.492+0200] {processor.py:154} INFO - Started process (PID=10059) to work on /Users/mnagy99/opt/anaconda3/envs/airflow-env/lib/python3.8/site-packages/airflow/example_dags/tutorial.py
[2022-11-06T04:10:20.494+0200] {processor.py:756} INFO - Processing file /Users/mnagy99/opt/anaconda3/envs/airflow-env/lib/python3.8/site-packages/airflow/example_dags/tutorial.py for tasks to queue
[2022-11-06T04:10:20.494+0200] {logging_mixin.py:120} INFO - [2022-11-06T04:10:20.494+0200] {dagbag.py:537} INFO - Filling up the DagBag from /Users/mnagy99/opt/anaconda3/envs/airflow-env/lib/python3.8/site-packages/airflow/example_dags/tutorial.py
[2022-11-06T04:10:20.520+0200] {processor.py:766} INFO - DAG(s) dict_keys(['tutorial']) retrieved from /Users/mnagy99/opt/anaconda3/envs/airflow-env/lib/python3.8/site-packages/airflow/example_dags/tutorial.py
[2022-11-06T04:10:20.989+0200] {logging_mixin.py:120} INFO - [2022-11-06T04:10:20.989+0200] {dag.py:2585} INFO - Sync 1 DAGs
[2022-11-06T04:10:21.003+0200] {logging_mixin.py:120} INFO - [2022-11-06T04:10:21.003+0200] {dag.py:3336} INFO - Setting next_dagrun for tutorial to 2022-11-05T02:10:21.003092+00:00, run_after=2022-11-06T02:10:21.003092+00:00
[2022-11-06T04:10:21.020+0200] {processor.py:176} INFO - Processing /Users/mnagy99/opt/anaconda3/envs/airflow-env/lib/python3.8/site-packages/airflow/example_dags/tutorial.py took 0.529 seconds
[2022-11-06T04:12:45.325+0200] {processor.py:154} INFO - Started process (PID=10208) to work on /Users/mnagy99/opt/anaconda3/envs/airflow-env/lib/python3.8/site-packages/airflow/example_dags/tutorial.py
[2022-11-06T04:12:45.327+0200] {processor.py:756} INFO - Processing file /Users/mnagy99/opt/anaconda3/envs/airflow-env/lib/python3.8/site-packages/airflow/example_dags/tutorial.py for tasks to queue
[2022-11-06T04:12:45.328+0200] {logging_mixin.py:120} INFO - [2022-11-06T04:12:45.328+0200] {dagbag.py:537} INFO - Filling up the DagBag from /Users/mnagy99/opt/anaconda3/envs/airflow-env/lib/python3.8/site-packages/airflow/example_dags/tutorial.py
[2022-11-06T04:12:45.351+0200] {processor.py:766} INFO - DAG(s) dict_keys(['tutorial']) retrieved from /Users/mnagy99/opt/anaconda3/envs/airflow-env/lib/python3.8/site-packages/airflow/example_dags/tutorial.py
[2022-11-06T04:12:45.813+0200] {logging_mixin.py:120} INFO - [2022-11-06T04:12:45.812+0200] {dag.py:2585} INFO - Sync 1 DAGs
[2022-11-06T04:12:45.827+0200] {logging_mixin.py:120} INFO - [2022-11-06T04:12:45.826+0200] {dag.py:3336} INFO - Setting next_dagrun for tutorial to 2022-11-05T02:12:45.826801+00:00, run_after=2022-11-06T02:12:45.826801+00:00
[2022-11-06T04:12:45.843+0200] {processor.py:176} INFO - Processing /Users/mnagy99/opt/anaconda3/envs/airflow-env/lib/python3.8/site-packages/airflow/example_dags/tutorial.py took 0.519 seconds
[2022-11-06T04:14:45.695+0200] {processor.py:154} INFO - Started process (PID=10339) to work on /Users/mnagy99/opt/anaconda3/envs/airflow-env/lib/python3.8/site-packages/airflow/example_dags/tutorial.py
[2022-11-06T04:14:45.697+0200] {processor.py:756} INFO - Processing file /Users/mnagy99/opt/anaconda3/envs/airflow-env/lib/python3.8/site-packages/airflow/example_dags/tutorial.py for tasks to queue
[2022-11-06T04:14:45.698+0200] {logging_mixin.py:120} INFO - [2022-11-06T04:14:45.698+0200] {dagbag.py:537} INFO - Filling up the DagBag from /Users/mnagy99/opt/anaconda3/envs/airflow-env/lib/python3.8/site-packages/airflow/example_dags/tutorial.py
[2022-11-06T04:14:45.719+0200] {processor.py:766} INFO - DAG(s) dict_keys(['tutorial']) retrieved from /Users/mnagy99/opt/anaconda3/envs/airflow-env/lib/python3.8/site-packages/airflow/example_dags/tutorial.py
[2022-11-06T04:14:46.147+0200] {logging_mixin.py:120} INFO - [2022-11-06T04:14:46.147+0200] {dag.py:2585} INFO - Sync 1 DAGs
[2022-11-06T04:14:46.161+0200] {logging_mixin.py:120} INFO - [2022-11-06T04:14:46.161+0200] {dag.py:3336} INFO - Setting next_dagrun for tutorial to 2022-11-05T02:14:46.161051+00:00, run_after=2022-11-06T02:14:46.161051+00:00
[2022-11-06T04:14:46.179+0200] {processor.py:176} INFO - Processing /Users/mnagy99/opt/anaconda3/envs/airflow-env/lib/python3.8/site-packages/airflow/example_dags/tutorial.py took 0.486 seconds
[2022-11-06T04:17:04.217+0200] {processor.py:154} INFO - Started process (PID=10475) to work on /Users/mnagy99/opt/anaconda3/envs/airflow-env/lib/python3.8/site-packages/airflow/example_dags/tutorial.py
[2022-11-06T04:17:04.220+0200] {processor.py:756} INFO - Processing file /Users/mnagy99/opt/anaconda3/envs/airflow-env/lib/python3.8/site-packages/airflow/example_dags/tutorial.py for tasks to queue
[2022-11-06T04:17:04.221+0200] {logging_mixin.py:120} INFO - [2022-11-06T04:17:04.220+0200] {dagbag.py:537} INFO - Filling up the DagBag from /Users/mnagy99/opt/anaconda3/envs/airflow-env/lib/python3.8/site-packages/airflow/example_dags/tutorial.py
[2022-11-06T04:17:04.247+0200] {processor.py:766} INFO - DAG(s) dict_keys(['tutorial']) retrieved from /Users/mnagy99/opt/anaconda3/envs/airflow-env/lib/python3.8/site-packages/airflow/example_dags/tutorial.py
[2022-11-06T04:17:04.716+0200] {logging_mixin.py:120} INFO - [2022-11-06T04:17:04.716+0200] {dag.py:2585} INFO - Sync 1 DAGs
[2022-11-06T04:17:04.731+0200] {logging_mixin.py:120} INFO - [2022-11-06T04:17:04.731+0200] {dag.py:3336} INFO - Setting next_dagrun for tutorial to 2022-11-05T02:17:04.731092+00:00, run_after=2022-11-06T02:17:04.731092+00:00
[2022-11-06T04:17:04.746+0200] {processor.py:176} INFO - Processing /Users/mnagy99/opt/anaconda3/envs/airflow-env/lib/python3.8/site-packages/airflow/example_dags/tutorial.py took 0.530 seconds
