[2022-11-06T02:01:25.451+0200] {processor.py:154} INFO - Started process (PID=1753) to work on /Users/mnagy99/airflow/dags/lesson1_exercises/exercise5.py
[2022-11-06T02:01:25.452+0200] {processor.py:756} INFO - Processing file /Users/mnagy99/airflow/dags/lesson1_exercises/exercise5.py for tasks to queue
[2022-11-06T02:01:25.452+0200] {logging_mixin.py:120} INFO - [2022-11-06T02:01:25.452+0200] {dagbag.py:537} INFO - Filling up the DagBag from /Users/mnagy99/airflow/dags/lesson1_exercises/exercise5.py
[2022-11-06T02:01:25.655+0200] {processor.py:766} INFO - DAG(s) dict_keys(['lesson1.exercise5']) retrieved from /Users/mnagy99/airflow/dags/lesson1_exercises/exercise5.py
[2022-11-06T02:01:26.912+0200] {logging_mixin.py:120} INFO - [2022-11-06T02:01:26.911+0200] {dag.py:2585} INFO - Sync 1 DAGs
[2022-11-06T02:01:26.932+0200] {logging_mixin.py:120} INFO - [2022-11-06T02:01:26.932+0200] {dag.py:3336} INFO - Setting next_dagrun for lesson1.exercise5 to 2022-11-05T00:00:00+00:00, run_after=2022-11-06T00:00:00+00:00
[2022-11-06T02:01:26.949+0200] {processor.py:176} INFO - Processing /Users/mnagy99/airflow/dags/lesson1_exercises/exercise5.py took 1.499 seconds
[2022-11-06T02:06:01.412+0200] {processor.py:154} INFO - Started process (PID=2257) to work on /Users/mnagy99/airflow/dags/lesson1_exercises/exercise5.py
[2022-11-06T02:06:01.414+0200] {processor.py:756} INFO - Processing file /Users/mnagy99/airflow/dags/lesson1_exercises/exercise5.py for tasks to queue
[2022-11-06T02:06:01.414+0200] {logging_mixin.py:120} INFO - [2022-11-06T02:06:01.414+0200] {dagbag.py:537} INFO - Filling up the DagBag from /Users/mnagy99/airflow/dags/lesson1_exercises/exercise5.py
[2022-11-06T02:06:01.641+0200] {processor.py:766} INFO - DAG(s) dict_keys(['lesson1.exercise5']) retrieved from /Users/mnagy99/airflow/dags/lesson1_exercises/exercise5.py
[2022-11-06T02:06:02.797+0200] {logging_mixin.py:120} INFO - [2022-11-06T02:06:02.797+0200] {dag.py:2585} INFO - Sync 1 DAGs
[2022-11-06T02:06:02.813+0200] {logging_mixin.py:120} INFO - [2022-11-06T02:06:02.813+0200] {dag.py:3336} INFO - Setting next_dagrun for lesson1.exercise5 to 2022-11-05T00:00:00+00:00, run_after=2022-11-06T00:00:00+00:00
[2022-11-06T02:06:02.837+0200] {processor.py:176} INFO - Processing /Users/mnagy99/airflow/dags/lesson1_exercises/exercise5.py took 1.425 seconds
[2022-11-06T02:10:37.300+0200] {processor.py:154} INFO - Started process (PID=2511) to work on /Users/mnagy99/airflow/dags/lesson1_exercises/exercise5.py
[2022-11-06T02:10:37.302+0200] {processor.py:756} INFO - Processing file /Users/mnagy99/airflow/dags/lesson1_exercises/exercise5.py for tasks to queue
[2022-11-06T02:10:37.303+0200] {logging_mixin.py:120} INFO - [2022-11-06T02:10:37.303+0200] {dagbag.py:537} INFO - Filling up the DagBag from /Users/mnagy99/airflow/dags/lesson1_exercises/exercise5.py
[2022-11-06T02:10:37.521+0200] {processor.py:766} INFO - DAG(s) dict_keys(['lesson1.exercise5']) retrieved from /Users/mnagy99/airflow/dags/lesson1_exercises/exercise5.py
[2022-11-06T02:10:38.770+0200] {logging_mixin.py:120} INFO - [2022-11-06T02:10:38.769+0200] {dag.py:2585} INFO - Sync 1 DAGs
[2022-11-06T02:10:38.787+0200] {logging_mixin.py:120} INFO - [2022-11-06T02:10:38.787+0200] {dag.py:3336} INFO - Setting next_dagrun for lesson1.exercise5 to 2022-11-05T00:00:00+00:00, run_after=2022-11-06T00:00:00+00:00
[2022-11-06T02:10:38.805+0200] {processor.py:176} INFO - Processing /Users/mnagy99/airflow/dags/lesson1_exercises/exercise5.py took 1.505 seconds
[2022-11-06T02:15:09.851+0200] {processor.py:154} INFO - Started process (PID=2834) to work on /Users/mnagy99/airflow/dags/lesson1_exercises/exercise5.py
[2022-11-06T02:15:09.853+0200] {processor.py:756} INFO - Processing file /Users/mnagy99/airflow/dags/lesson1_exercises/exercise5.py for tasks to queue
[2022-11-06T02:15:09.854+0200] {logging_mixin.py:120} INFO - [2022-11-06T02:15:09.853+0200] {dagbag.py:537} INFO - Filling up the DagBag from /Users/mnagy99/airflow/dags/lesson1_exercises/exercise5.py
[2022-11-06T02:15:10.246+0200] {processor.py:766} INFO - DAG(s) dict_keys(['lesson1.exercise5']) retrieved from /Users/mnagy99/airflow/dags/lesson1_exercises/exercise5.py
[2022-11-06T02:15:11.391+0200] {logging_mixin.py:120} INFO - [2022-11-06T02:15:11.391+0200] {dag.py:2585} INFO - Sync 1 DAGs
[2022-11-06T02:15:11.407+0200] {logging_mixin.py:120} INFO - [2022-11-06T02:15:11.407+0200] {dag.py:3336} INFO - Setting next_dagrun for lesson1.exercise5 to 2022-11-05T00:00:00+00:00, run_after=2022-11-06T00:00:00+00:00
[2022-11-06T02:15:11.423+0200] {processor.py:176} INFO - Processing /Users/mnagy99/airflow/dags/lesson1_exercises/exercise5.py took 1.572 seconds
[2022-11-06T02:19:33.499+0200] {processor.py:154} INFO - Started process (PID=3118) to work on /Users/mnagy99/airflow/dags/lesson1_exercises/exercise5.py
[2022-11-06T02:19:33.501+0200] {processor.py:756} INFO - Processing file /Users/mnagy99/airflow/dags/lesson1_exercises/exercise5.py for tasks to queue
[2022-11-06T02:19:33.502+0200] {logging_mixin.py:120} INFO - [2022-11-06T02:19:33.501+0200] {dagbag.py:537} INFO - Filling up the DagBag from /Users/mnagy99/airflow/dags/lesson1_exercises/exercise5.py
[2022-11-06T02:19:33.711+0200] {processor.py:766} INFO - DAG(s) dict_keys(['lesson1.exercise5']) retrieved from /Users/mnagy99/airflow/dags/lesson1_exercises/exercise5.py
[2022-11-06T02:19:34.676+0200] {logging_mixin.py:120} INFO - [2022-11-06T02:19:34.676+0200] {dag.py:2585} INFO - Sync 1 DAGs
[2022-11-06T02:19:34.690+0200] {logging_mixin.py:120} INFO - [2022-11-06T02:19:34.690+0200] {dag.py:3336} INFO - Setting next_dagrun for lesson1.exercise5 to 2022-11-05T00:00:00+00:00, run_after=2022-11-06T00:00:00+00:00
[2022-11-06T02:19:34.708+0200] {processor.py:176} INFO - Processing /Users/mnagy99/airflow/dags/lesson1_exercises/exercise5.py took 1.210 seconds
[2022-11-06T02:23:52.071+0200] {processor.py:154} INFO - Started process (PID=3388) to work on /Users/mnagy99/airflow/dags/lesson1_exercises/exercise5.py
[2022-11-06T02:23:52.073+0200] {processor.py:756} INFO - Processing file /Users/mnagy99/airflow/dags/lesson1_exercises/exercise5.py for tasks to queue
[2022-11-06T02:23:52.074+0200] {logging_mixin.py:120} INFO - [2022-11-06T02:23:52.074+0200] {dagbag.py:537} INFO - Filling up the DagBag from /Users/mnagy99/airflow/dags/lesson1_exercises/exercise5.py
[2022-11-06T02:23:52.240+0200] {processor.py:766} INFO - DAG(s) dict_keys(['lesson1.exercise5']) retrieved from /Users/mnagy99/airflow/dags/lesson1_exercises/exercise5.py
[2022-11-06T02:23:53.247+0200] {logging_mixin.py:120} INFO - [2022-11-06T02:23:53.247+0200] {dag.py:2585} INFO - Sync 1 DAGs
[2022-11-06T02:23:53.262+0200] {logging_mixin.py:120} INFO - [2022-11-06T02:23:53.262+0200] {dag.py:3336} INFO - Setting next_dagrun for lesson1.exercise5 to 2022-11-05T00:00:00+00:00, run_after=2022-11-06T00:00:00+00:00
[2022-11-06T02:23:53.278+0200] {processor.py:176} INFO - Processing /Users/mnagy99/airflow/dags/lesson1_exercises/exercise5.py took 1.208 seconds
[2022-11-06T02:28:20.492+0200] {processor.py:154} INFO - Started process (PID=3671) to work on /Users/mnagy99/airflow/dags/lesson1_exercises/exercise5.py
[2022-11-06T02:28:20.495+0200] {processor.py:756} INFO - Processing file /Users/mnagy99/airflow/dags/lesson1_exercises/exercise5.py for tasks to queue
[2022-11-06T02:28:20.495+0200] {logging_mixin.py:120} INFO - [2022-11-06T02:28:20.495+0200] {dagbag.py:537} INFO - Filling up the DagBag from /Users/mnagy99/airflow/dags/lesson1_exercises/exercise5.py
[2022-11-06T02:28:20.662+0200] {processor.py:766} INFO - DAG(s) dict_keys(['lesson1.exercise5']) retrieved from /Users/mnagy99/airflow/dags/lesson1_exercises/exercise5.py
[2022-11-06T02:28:21.616+0200] {logging_mixin.py:120} INFO - [2022-11-06T02:28:21.616+0200] {dag.py:2585} INFO - Sync 1 DAGs
[2022-11-06T02:28:21.630+0200] {logging_mixin.py:120} INFO - [2022-11-06T02:28:21.630+0200] {dag.py:3336} INFO - Setting next_dagrun for lesson1.exercise5 to 2022-11-05T00:00:00+00:00, run_after=2022-11-06T00:00:00+00:00
[2022-11-06T02:28:21.647+0200] {processor.py:176} INFO - Processing /Users/mnagy99/airflow/dags/lesson1_exercises/exercise5.py took 1.156 seconds
[2022-11-06T02:32:44.872+0200] {processor.py:154} INFO - Started process (PID=3967) to work on /Users/mnagy99/airflow/dags/lesson1_exercises/exercise5.py
[2022-11-06T02:32:44.873+0200] {processor.py:756} INFO - Processing file /Users/mnagy99/airflow/dags/lesson1_exercises/exercise5.py for tasks to queue
[2022-11-06T02:32:44.873+0200] {logging_mixin.py:120} INFO - [2022-11-06T02:32:44.873+0200] {dagbag.py:537} INFO - Filling up the DagBag from /Users/mnagy99/airflow/dags/lesson1_exercises/exercise5.py
[2022-11-06T02:32:45.050+0200] {processor.py:766} INFO - DAG(s) dict_keys(['lesson1.exercise5']) retrieved from /Users/mnagy99/airflow/dags/lesson1_exercises/exercise5.py
[2022-11-06T02:32:46.043+0200] {logging_mixin.py:120} INFO - [2022-11-06T02:32:46.042+0200] {dag.py:2585} INFO - Sync 1 DAGs
[2022-11-06T02:32:46.059+0200] {logging_mixin.py:120} INFO - [2022-11-06T02:32:46.058+0200] {dag.py:3336} INFO - Setting next_dagrun for lesson1.exercise5 to 2022-11-05T00:00:00+00:00, run_after=2022-11-06T00:00:00+00:00
[2022-11-06T02:32:46.074+0200] {processor.py:176} INFO - Processing /Users/mnagy99/airflow/dags/lesson1_exercises/exercise5.py took 1.204 seconds
[2022-11-06T02:37:02.752+0200] {processor.py:154} INFO - Started process (PID=4256) to work on /Users/mnagy99/airflow/dags/lesson1_exercises/exercise5.py
[2022-11-06T02:37:02.754+0200] {processor.py:756} INFO - Processing file /Users/mnagy99/airflow/dags/lesson1_exercises/exercise5.py for tasks to queue
[2022-11-06T02:37:02.756+0200] {logging_mixin.py:120} INFO - [2022-11-06T02:37:02.755+0200] {dagbag.py:537} INFO - Filling up the DagBag from /Users/mnagy99/airflow/dags/lesson1_exercises/exercise5.py
[2022-11-06T02:37:02.939+0200] {processor.py:766} INFO - DAG(s) dict_keys(['lesson1.exercise5']) retrieved from /Users/mnagy99/airflow/dags/lesson1_exercises/exercise5.py
[2022-11-06T02:37:04.486+0200] {logging_mixin.py:120} INFO - [2022-11-06T02:37:04.486+0200] {dag.py:2585} INFO - Sync 1 DAGs
[2022-11-06T02:37:04.505+0200] {logging_mixin.py:120} INFO - [2022-11-06T02:37:04.505+0200] {dag.py:3336} INFO - Setting next_dagrun for lesson1.exercise5 to 2022-11-05T00:00:00+00:00, run_after=2022-11-06T00:00:00+00:00
[2022-11-06T02:37:04.526+0200] {processor.py:176} INFO - Processing /Users/mnagy99/airflow/dags/lesson1_exercises/exercise5.py took 1.774 seconds
[2022-11-06T02:41:38.825+0200] {processor.py:154} INFO - Started process (PID=4555) to work on /Users/mnagy99/airflow/dags/lesson1_exercises/exercise5.py
[2022-11-06T02:41:38.828+0200] {processor.py:756} INFO - Processing file /Users/mnagy99/airflow/dags/lesson1_exercises/exercise5.py for tasks to queue
[2022-11-06T02:41:38.829+0200] {logging_mixin.py:120} INFO - [2022-11-06T02:41:38.829+0200] {dagbag.py:537} INFO - Filling up the DagBag from /Users/mnagy99/airflow/dags/lesson1_exercises/exercise5.py
[2022-11-06T02:41:39.049+0200] {processor.py:766} INFO - DAG(s) dict_keys(['lesson1.exercise5']) retrieved from /Users/mnagy99/airflow/dags/lesson1_exercises/exercise5.py
[2022-11-06T02:41:40.183+0200] {logging_mixin.py:120} INFO - [2022-11-06T02:41:40.182+0200] {dag.py:2585} INFO - Sync 1 DAGs
[2022-11-06T02:41:40.197+0200] {logging_mixin.py:120} INFO - [2022-11-06T02:41:40.197+0200] {dag.py:3336} INFO - Setting next_dagrun for lesson1.exercise5 to 2022-11-05T00:00:00+00:00, run_after=2022-11-06T00:00:00+00:00
[2022-11-06T02:41:40.215+0200] {processor.py:176} INFO - Processing /Users/mnagy99/airflow/dags/lesson1_exercises/exercise5.py took 1.392 seconds
[2022-11-06T02:46:20.024+0200] {processor.py:154} INFO - Started process (PID=4836) to work on /Users/mnagy99/airflow/dags/lesson1_exercises/exercise5.py
[2022-11-06T02:46:20.026+0200] {processor.py:756} INFO - Processing file /Users/mnagy99/airflow/dags/lesson1_exercises/exercise5.py for tasks to queue
[2022-11-06T02:46:20.027+0200] {logging_mixin.py:120} INFO - [2022-11-06T02:46:20.027+0200] {dagbag.py:537} INFO - Filling up the DagBag from /Users/mnagy99/airflow/dags/lesson1_exercises/exercise5.py
[2022-11-06T02:46:20.209+0200] {processor.py:766} INFO - DAG(s) dict_keys(['lesson1.exercise5']) retrieved from /Users/mnagy99/airflow/dags/lesson1_exercises/exercise5.py
[2022-11-06T02:46:21.178+0200] {logging_mixin.py:120} INFO - [2022-11-06T02:46:21.178+0200] {dag.py:2585} INFO - Sync 1 DAGs
[2022-11-06T02:46:21.193+0200] {logging_mixin.py:120} INFO - [2022-11-06T02:46:21.193+0200] {dag.py:3336} INFO - Setting next_dagrun for lesson1.exercise5 to 2022-11-05T00:00:00+00:00, run_after=2022-11-06T00:00:00+00:00
[2022-11-06T02:46:21.211+0200] {processor.py:176} INFO - Processing /Users/mnagy99/airflow/dags/lesson1_exercises/exercise5.py took 1.188 seconds
[2022-11-06T02:50:33.476+0200] {processor.py:154} INFO - Started process (PID=5084) to work on /Users/mnagy99/airflow/dags/lesson1_exercises/exercise5.py
[2022-11-06T02:50:33.478+0200] {processor.py:756} INFO - Processing file /Users/mnagy99/airflow/dags/lesson1_exercises/exercise5.py for tasks to queue
[2022-11-06T02:50:33.479+0200] {logging_mixin.py:120} INFO - [2022-11-06T02:50:33.479+0200] {dagbag.py:537} INFO - Filling up the DagBag from /Users/mnagy99/airflow/dags/lesson1_exercises/exercise5.py
[2022-11-06T02:50:33.648+0200] {processor.py:766} INFO - DAG(s) dict_keys(['lesson1.exercise5']) retrieved from /Users/mnagy99/airflow/dags/lesson1_exercises/exercise5.py
[2022-11-06T02:50:34.609+0200] {logging_mixin.py:120} INFO - [2022-11-06T02:50:34.608+0200] {dag.py:2585} INFO - Sync 1 DAGs
[2022-11-06T02:50:34.623+0200] {logging_mixin.py:120} INFO - [2022-11-06T02:50:34.623+0200] {dag.py:3336} INFO - Setting next_dagrun for lesson1.exercise5 to 2022-11-05T00:00:00+00:00, run_after=2022-11-06T00:00:00+00:00
[2022-11-06T02:50:34.642+0200] {processor.py:176} INFO - Processing /Users/mnagy99/airflow/dags/lesson1_exercises/exercise5.py took 1.167 seconds
[2022-11-06T02:54:47.012+0200] {processor.py:154} INFO - Started process (PID=5335) to work on /Users/mnagy99/airflow/dags/lesson1_exercises/exercise5.py
[2022-11-06T02:54:47.014+0200] {processor.py:756} INFO - Processing file /Users/mnagy99/airflow/dags/lesson1_exercises/exercise5.py for tasks to queue
[2022-11-06T02:54:47.015+0200] {logging_mixin.py:120} INFO - [2022-11-06T02:54:47.015+0200] {dagbag.py:537} INFO - Filling up the DagBag from /Users/mnagy99/airflow/dags/lesson1_exercises/exercise5.py
[2022-11-06T02:54:47.238+0200] {processor.py:766} INFO - DAG(s) dict_keys(['lesson1.exercise5']) retrieved from /Users/mnagy99/airflow/dags/lesson1_exercises/exercise5.py
[2022-11-06T02:54:48.579+0200] {logging_mixin.py:120} INFO - [2022-11-06T02:54:48.579+0200] {dag.py:2585} INFO - Sync 1 DAGs
[2022-11-06T02:54:48.597+0200] {logging_mixin.py:120} INFO - [2022-11-06T02:54:48.597+0200] {dag.py:3336} INFO - Setting next_dagrun for lesson1.exercise5 to 2022-11-05T00:00:00+00:00, run_after=2022-11-06T00:00:00+00:00
[2022-11-06T02:54:48.618+0200] {processor.py:176} INFO - Processing /Users/mnagy99/airflow/dags/lesson1_exercises/exercise5.py took 1.607 seconds
[2022-11-06T02:59:21.893+0200] {processor.py:154} INFO - Started process (PID=5615) to work on /Users/mnagy99/airflow/dags/lesson1_exercises/exercise5.py
[2022-11-06T02:59:21.895+0200] {processor.py:756} INFO - Processing file /Users/mnagy99/airflow/dags/lesson1_exercises/exercise5.py for tasks to queue
[2022-11-06T02:59:21.896+0200] {logging_mixin.py:120} INFO - [2022-11-06T02:59:21.896+0200] {dagbag.py:537} INFO - Filling up the DagBag from /Users/mnagy99/airflow/dags/lesson1_exercises/exercise5.py
[2022-11-06T02:59:22.102+0200] {processor.py:766} INFO - DAG(s) dict_keys(['lesson1.exercise5']) retrieved from /Users/mnagy99/airflow/dags/lesson1_exercises/exercise5.py
[2022-11-06T02:59:23.155+0200] {logging_mixin.py:120} INFO - [2022-11-06T02:59:23.155+0200] {dag.py:2585} INFO - Sync 1 DAGs
[2022-11-06T02:59:23.172+0200] {logging_mixin.py:120} INFO - [2022-11-06T02:59:23.172+0200] {dag.py:3336} INFO - Setting next_dagrun for lesson1.exercise5 to 2022-11-05T00:00:00+00:00, run_after=2022-11-06T00:00:00+00:00
[2022-11-06T02:59:23.189+0200] {processor.py:176} INFO - Processing /Users/mnagy99/airflow/dags/lesson1_exercises/exercise5.py took 1.297 seconds
[2022-11-06T03:04:20.239+0200] {processor.py:154} INFO - Started process (PID=5891) to work on /Users/mnagy99/airflow/dags/lesson1_exercises/exercise5.py
[2022-11-06T03:04:20.241+0200] {processor.py:756} INFO - Processing file /Users/mnagy99/airflow/dags/lesson1_exercises/exercise5.py for tasks to queue
[2022-11-06T03:04:20.242+0200] {logging_mixin.py:120} INFO - [2022-11-06T03:04:20.242+0200] {dagbag.py:537} INFO - Filling up the DagBag from /Users/mnagy99/airflow/dags/lesson1_exercises/exercise5.py
[2022-11-06T03:04:20.407+0200] {processor.py:766} INFO - DAG(s) dict_keys(['lesson1.exercise5']) retrieved from /Users/mnagy99/airflow/dags/lesson1_exercises/exercise5.py
[2022-11-06T03:04:21.444+0200] {logging_mixin.py:120} INFO - [2022-11-06T03:04:21.444+0200] {dag.py:2585} INFO - Sync 1 DAGs
[2022-11-06T03:04:21.460+0200] {logging_mixin.py:120} INFO - [2022-11-06T03:04:21.460+0200] {dag.py:3336} INFO - Setting next_dagrun for lesson1.exercise5 to 2022-11-05T00:00:00+00:00, run_after=2022-11-06T00:00:00+00:00
[2022-11-06T03:04:21.483+0200] {processor.py:176} INFO - Processing /Users/mnagy99/airflow/dags/lesson1_exercises/exercise5.py took 1.244 seconds
[2022-11-06T03:08:44.411+0200] {processor.py:154} INFO - Started process (PID=6148) to work on /Users/mnagy99/airflow/dags/lesson1_exercises/exercise5.py
[2022-11-06T03:08:44.414+0200] {processor.py:756} INFO - Processing file /Users/mnagy99/airflow/dags/lesson1_exercises/exercise5.py for tasks to queue
[2022-11-06T03:08:44.414+0200] {logging_mixin.py:120} INFO - [2022-11-06T03:08:44.414+0200] {dagbag.py:537} INFO - Filling up the DagBag from /Users/mnagy99/airflow/dags/lesson1_exercises/exercise5.py
[2022-11-06T03:08:44.596+0200] {processor.py:766} INFO - DAG(s) dict_keys(['lesson1.exercise5']) retrieved from /Users/mnagy99/airflow/dags/lesson1_exercises/exercise5.py
[2022-11-06T03:08:45.537+0200] {logging_mixin.py:120} INFO - [2022-11-06T03:08:45.536+0200] {dag.py:2585} INFO - Sync 1 DAGs
[2022-11-06T03:08:45.551+0200] {logging_mixin.py:120} INFO - [2022-11-06T03:08:45.550+0200] {dag.py:3336} INFO - Setting next_dagrun for lesson1.exercise5 to 2022-11-05T00:00:00+00:00, run_after=2022-11-06T00:00:00+00:00
[2022-11-06T03:08:45.570+0200] {processor.py:176} INFO - Processing /Users/mnagy99/airflow/dags/lesson1_exercises/exercise5.py took 1.159 seconds
[2022-11-06T03:12:56.513+0200] {processor.py:154} INFO - Started process (PID=6416) to work on /Users/mnagy99/airflow/dags/lesson1_exercises/exercise5.py
[2022-11-06T03:12:56.515+0200] {processor.py:756} INFO - Processing file /Users/mnagy99/airflow/dags/lesson1_exercises/exercise5.py for tasks to queue
[2022-11-06T03:12:56.516+0200] {logging_mixin.py:120} INFO - [2022-11-06T03:12:56.516+0200] {dagbag.py:537} INFO - Filling up the DagBag from /Users/mnagy99/airflow/dags/lesson1_exercises/exercise5.py
[2022-11-06T03:12:56.701+0200] {processor.py:766} INFO - DAG(s) dict_keys(['lesson1.exercise5']) retrieved from /Users/mnagy99/airflow/dags/lesson1_exercises/exercise5.py
[2022-11-06T03:12:57.671+0200] {logging_mixin.py:120} INFO - [2022-11-06T03:12:57.671+0200] {dag.py:2585} INFO - Sync 1 DAGs
[2022-11-06T03:12:57.685+0200] {logging_mixin.py:120} INFO - [2022-11-06T03:12:57.685+0200] {dag.py:3336} INFO - Setting next_dagrun for lesson1.exercise5 to 2022-11-05T00:00:00+00:00, run_after=2022-11-06T00:00:00+00:00
[2022-11-06T03:12:57.702+0200] {processor.py:176} INFO - Processing /Users/mnagy99/airflow/dags/lesson1_exercises/exercise5.py took 1.190 seconds
[2022-11-06T03:16:57.913+0200] {processor.py:154} INFO - Started process (PID=6676) to work on /Users/mnagy99/airflow/dags/lesson1_exercises/exercise5.py
[2022-11-06T03:16:57.915+0200] {processor.py:756} INFO - Processing file /Users/mnagy99/airflow/dags/lesson1_exercises/exercise5.py for tasks to queue
[2022-11-06T03:16:57.916+0200] {logging_mixin.py:120} INFO - [2022-11-06T03:16:57.915+0200] {dagbag.py:537} INFO - Filling up the DagBag from /Users/mnagy99/airflow/dags/lesson1_exercises/exercise5.py
[2022-11-06T03:16:58.139+0200] {processor.py:766} INFO - DAG(s) dict_keys(['lesson1.exercise5']) retrieved from /Users/mnagy99/airflow/dags/lesson1_exercises/exercise5.py
[2022-11-06T03:16:59.155+0200] {logging_mixin.py:120} INFO - [2022-11-06T03:16:59.155+0200] {dag.py:2585} INFO - Sync 1 DAGs
[2022-11-06T03:16:59.172+0200] {logging_mixin.py:120} INFO - [2022-11-06T03:16:59.172+0200] {dag.py:3336} INFO - Setting next_dagrun for lesson1.exercise5 to 2022-11-05T00:00:00+00:00, run_after=2022-11-06T00:00:00+00:00
[2022-11-06T03:16:59.193+0200] {processor.py:176} INFO - Processing /Users/mnagy99/airflow/dags/lesson1_exercises/exercise5.py took 1.281 seconds
[2022-11-06T03:20:53.141+0200] {processor.py:154} INFO - Started process (PID=6928) to work on /Users/mnagy99/airflow/dags/lesson1_exercises/exercise5.py
[2022-11-06T03:20:53.142+0200] {processor.py:756} INFO - Processing file /Users/mnagy99/airflow/dags/lesson1_exercises/exercise5.py for tasks to queue
[2022-11-06T03:20:53.142+0200] {logging_mixin.py:120} INFO - [2022-11-06T03:20:53.142+0200] {dagbag.py:537} INFO - Filling up the DagBag from /Users/mnagy99/airflow/dags/lesson1_exercises/exercise5.py
[2022-11-06T03:20:53.310+0200] {processor.py:766} INFO - DAG(s) dict_keys(['lesson1.exercise5']) retrieved from /Users/mnagy99/airflow/dags/lesson1_exercises/exercise5.py
[2022-11-06T03:20:54.316+0200] {logging_mixin.py:120} INFO - [2022-11-06T03:20:54.316+0200] {dag.py:2585} INFO - Sync 1 DAGs
[2022-11-06T03:20:54.330+0200] {logging_mixin.py:120} INFO - [2022-11-06T03:20:54.330+0200] {dag.py:3336} INFO - Setting next_dagrun for lesson1.exercise5 to 2022-11-05T00:00:00+00:00, run_after=2022-11-06T00:00:00+00:00
[2022-11-06T03:20:54.348+0200] {processor.py:176} INFO - Processing /Users/mnagy99/airflow/dags/lesson1_exercises/exercise5.py took 1.208 seconds
[2022-11-06T03:24:53.285+0200] {processor.py:154} INFO - Started process (PID=7178) to work on /Users/mnagy99/airflow/dags/lesson1_exercises/exercise5.py
[2022-11-06T03:24:53.287+0200] {processor.py:756} INFO - Processing file /Users/mnagy99/airflow/dags/lesson1_exercises/exercise5.py for tasks to queue
[2022-11-06T03:24:53.288+0200] {logging_mixin.py:120} INFO - [2022-11-06T03:24:53.288+0200] {dagbag.py:537} INFO - Filling up the DagBag from /Users/mnagy99/airflow/dags/lesson1_exercises/exercise5.py
[2022-11-06T03:24:53.452+0200] {processor.py:766} INFO - DAG(s) dict_keys(['lesson1.exercise5']) retrieved from /Users/mnagy99/airflow/dags/lesson1_exercises/exercise5.py
[2022-11-06T03:24:54.497+0200] {logging_mixin.py:120} INFO - [2022-11-06T03:24:54.497+0200] {dag.py:2585} INFO - Sync 1 DAGs
[2022-11-06T03:24:54.516+0200] {logging_mixin.py:120} INFO - [2022-11-06T03:24:54.516+0200] {dag.py:3336} INFO - Setting next_dagrun for lesson1.exercise5 to 2022-11-05T00:00:00+00:00, run_after=2022-11-06T00:00:00+00:00
[2022-11-06T03:24:54.534+0200] {processor.py:176} INFO - Processing /Users/mnagy99/airflow/dags/lesson1_exercises/exercise5.py took 1.250 seconds
[2022-11-06T03:28:56.957+0200] {processor.py:154} INFO - Started process (PID=7449) to work on /Users/mnagy99/airflow/dags/lesson1_exercises/exercise5.py
[2022-11-06T03:28:56.959+0200] {processor.py:756} INFO - Processing file /Users/mnagy99/airflow/dags/lesson1_exercises/exercise5.py for tasks to queue
[2022-11-06T03:28:56.960+0200] {logging_mixin.py:120} INFO - [2022-11-06T03:28:56.960+0200] {dagbag.py:537} INFO - Filling up the DagBag from /Users/mnagy99/airflow/dags/lesson1_exercises/exercise5.py
[2022-11-06T03:28:57.167+0200] {processor.py:766} INFO - DAG(s) dict_keys(['lesson1.exercise5']) retrieved from /Users/mnagy99/airflow/dags/lesson1_exercises/exercise5.py
[2022-11-06T03:28:58.145+0200] {logging_mixin.py:120} INFO - [2022-11-06T03:28:58.144+0200] {dag.py:2585} INFO - Sync 1 DAGs
[2022-11-06T03:28:58.159+0200] {logging_mixin.py:120} INFO - [2022-11-06T03:28:58.158+0200] {dag.py:3336} INFO - Setting next_dagrun for lesson1.exercise5 to 2022-11-05T00:00:00+00:00, run_after=2022-11-06T00:00:00+00:00
[2022-11-06T03:28:58.177+0200] {processor.py:176} INFO - Processing /Users/mnagy99/airflow/dags/lesson1_exercises/exercise5.py took 1.220 seconds
[2022-11-06T03:32:58.314+0200] {processor.py:154} INFO - Started process (PID=7703) to work on /Users/mnagy99/airflow/dags/lesson1_exercises/exercise5.py
[2022-11-06T03:32:58.317+0200] {processor.py:756} INFO - Processing file /Users/mnagy99/airflow/dags/lesson1_exercises/exercise5.py for tasks to queue
[2022-11-06T03:32:58.317+0200] {logging_mixin.py:120} INFO - [2022-11-06T03:32:58.317+0200] {dagbag.py:537} INFO - Filling up the DagBag from /Users/mnagy99/airflow/dags/lesson1_exercises/exercise5.py
[2022-11-06T03:32:58.472+0200] {processor.py:766} INFO - DAG(s) dict_keys(['lesson1.exercise5']) retrieved from /Users/mnagy99/airflow/dags/lesson1_exercises/exercise5.py
[2022-11-06T03:32:59.416+0200] {logging_mixin.py:120} INFO - [2022-11-06T03:32:59.416+0200] {dag.py:2585} INFO - Sync 1 DAGs
[2022-11-06T03:32:59.431+0200] {logging_mixin.py:120} INFO - [2022-11-06T03:32:59.431+0200] {dag.py:3336} INFO - Setting next_dagrun for lesson1.exercise5 to 2022-11-05T00:00:00+00:00, run_after=2022-11-06T00:00:00+00:00
[2022-11-06T03:32:59.448+0200] {processor.py:176} INFO - Processing /Users/mnagy99/airflow/dags/lesson1_exercises/exercise5.py took 1.135 seconds
[2022-11-06T03:37:12.983+0200] {processor.py:154} INFO - Started process (PID=8010) to work on /Users/mnagy99/airflow/dags/lesson1_exercises/exercise5.py
[2022-11-06T03:37:12.985+0200] {processor.py:756} INFO - Processing file /Users/mnagy99/airflow/dags/lesson1_exercises/exercise5.py for tasks to queue
[2022-11-06T03:37:12.985+0200] {logging_mixin.py:120} INFO - [2022-11-06T03:37:12.985+0200] {dagbag.py:537} INFO - Filling up the DagBag from /Users/mnagy99/airflow/dags/lesson1_exercises/exercise5.py
[2022-11-06T03:37:13.182+0200] {processor.py:766} INFO - DAG(s) dict_keys(['lesson1.exercise5']) retrieved from /Users/mnagy99/airflow/dags/lesson1_exercises/exercise5.py
[2022-11-06T03:37:14.159+0200] {logging_mixin.py:120} INFO - [2022-11-06T03:37:14.159+0200] {dag.py:2585} INFO - Sync 1 DAGs
[2022-11-06T03:37:14.174+0200] {logging_mixin.py:120} INFO - [2022-11-06T03:37:14.174+0200] {dag.py:3336} INFO - Setting next_dagrun for lesson1.exercise5 to 2022-11-05T00:00:00+00:00, run_after=2022-11-06T00:00:00+00:00
[2022-11-06T03:37:14.193+0200] {processor.py:176} INFO - Processing /Users/mnagy99/airflow/dags/lesson1_exercises/exercise5.py took 1.211 seconds
[2022-11-06T03:41:13.084+0200] {processor.py:154} INFO - Started process (PID=8256) to work on /Users/mnagy99/airflow/dags/lesson1_exercises/exercise5.py
[2022-11-06T03:41:13.087+0200] {processor.py:756} INFO - Processing file /Users/mnagy99/airflow/dags/lesson1_exercises/exercise5.py for tasks to queue
[2022-11-06T03:41:13.088+0200] {logging_mixin.py:120} INFO - [2022-11-06T03:41:13.088+0200] {dagbag.py:537} INFO - Filling up the DagBag from /Users/mnagy99/airflow/dags/lesson1_exercises/exercise5.py
[2022-11-06T03:41:13.271+0200] {processor.py:766} INFO - DAG(s) dict_keys(['lesson1.exercise5']) retrieved from /Users/mnagy99/airflow/dags/lesson1_exercises/exercise5.py
[2022-11-06T03:41:14.219+0200] {logging_mixin.py:120} INFO - [2022-11-06T03:41:14.219+0200] {dag.py:2585} INFO - Sync 1 DAGs
[2022-11-06T03:41:14.233+0200] {logging_mixin.py:120} INFO - [2022-11-06T03:41:14.233+0200] {dag.py:3336} INFO - Setting next_dagrun for lesson1.exercise5 to 2022-11-05T00:00:00+00:00, run_after=2022-11-06T00:00:00+00:00
[2022-11-06T03:41:14.254+0200] {processor.py:176} INFO - Processing /Users/mnagy99/airflow/dags/lesson1_exercises/exercise5.py took 1.170 seconds
[2022-11-06T03:45:14.668+0200] {processor.py:154} INFO - Started process (PID=8515) to work on /Users/mnagy99/airflow/dags/lesson1_exercises/exercise5.py
[2022-11-06T03:45:14.671+0200] {processor.py:756} INFO - Processing file /Users/mnagy99/airflow/dags/lesson1_exercises/exercise5.py for tasks to queue
[2022-11-06T03:45:14.671+0200] {logging_mixin.py:120} INFO - [2022-11-06T03:45:14.671+0200] {dagbag.py:537} INFO - Filling up the DagBag from /Users/mnagy99/airflow/dags/lesson1_exercises/exercise5.py
[2022-11-06T03:45:14.887+0200] {processor.py:766} INFO - DAG(s) dict_keys(['lesson1.exercise5']) retrieved from /Users/mnagy99/airflow/dags/lesson1_exercises/exercise5.py
[2022-11-06T03:45:15.829+0200] {logging_mixin.py:120} INFO - [2022-11-06T03:45:15.829+0200] {dag.py:2585} INFO - Sync 1 DAGs
[2022-11-06T03:45:15.844+0200] {logging_mixin.py:120} INFO - [2022-11-06T03:45:15.843+0200] {dag.py:3336} INFO - Setting next_dagrun for lesson1.exercise5 to 2022-11-05T00:00:00+00:00, run_after=2022-11-06T00:00:00+00:00
[2022-11-06T03:45:15.865+0200] {processor.py:176} INFO - Processing /Users/mnagy99/airflow/dags/lesson1_exercises/exercise5.py took 1.198 seconds
[2022-11-06T03:49:26.530+0200] {processor.py:154} INFO - Started process (PID=8765) to work on /Users/mnagy99/airflow/dags/lesson1_exercises/exercise5.py
[2022-11-06T03:49:26.533+0200] {processor.py:756} INFO - Processing file /Users/mnagy99/airflow/dags/lesson1_exercises/exercise5.py for tasks to queue
[2022-11-06T03:49:26.534+0200] {logging_mixin.py:120} INFO - [2022-11-06T03:49:26.533+0200] {dagbag.py:537} INFO - Filling up the DagBag from /Users/mnagy99/airflow/dags/lesson1_exercises/exercise5.py
[2022-11-06T03:49:26.743+0200] {processor.py:766} INFO - DAG(s) dict_keys(['lesson1.exercise5']) retrieved from /Users/mnagy99/airflow/dags/lesson1_exercises/exercise5.py
[2022-11-06T03:49:27.773+0200] {logging_mixin.py:120} INFO - [2022-11-06T03:49:27.773+0200] {dag.py:2585} INFO - Sync 1 DAGs
[2022-11-06T03:49:27.787+0200] {logging_mixin.py:120} INFO - [2022-11-06T03:49:27.787+0200] {dag.py:3336} INFO - Setting next_dagrun for lesson1.exercise5 to 2022-11-05T00:00:00+00:00, run_after=2022-11-06T00:00:00+00:00
[2022-11-06T03:49:27.804+0200] {processor.py:176} INFO - Processing /Users/mnagy99/airflow/dags/lesson1_exercises/exercise5.py took 1.275 seconds
[2022-11-06T03:53:38.580+0200] {processor.py:154} INFO - Started process (PID=9030) to work on /Users/mnagy99/airflow/dags/lesson1_exercises/exercise5.py
[2022-11-06T03:53:38.582+0200] {processor.py:756} INFO - Processing file /Users/mnagy99/airflow/dags/lesson1_exercises/exercise5.py for tasks to queue
[2022-11-06T03:53:38.583+0200] {logging_mixin.py:120} INFO - [2022-11-06T03:53:38.583+0200] {dagbag.py:537} INFO - Filling up the DagBag from /Users/mnagy99/airflow/dags/lesson1_exercises/exercise5.py
[2022-11-06T03:53:38.799+0200] {processor.py:766} INFO - DAG(s) dict_keys(['lesson1.exercise5']) retrieved from /Users/mnagy99/airflow/dags/lesson1_exercises/exercise5.py
[2022-11-06T03:53:40.065+0200] {logging_mixin.py:120} INFO - [2022-11-06T03:53:40.065+0200] {dag.py:2585} INFO - Sync 1 DAGs
[2022-11-06T03:53:40.082+0200] {logging_mixin.py:120} INFO - [2022-11-06T03:53:40.082+0200] {dag.py:3336} INFO - Setting next_dagrun for lesson1.exercise5 to 2022-11-05T00:00:00+00:00, run_after=2022-11-06T00:00:00+00:00
[2022-11-06T03:53:40.102+0200] {processor.py:176} INFO - Processing /Users/mnagy99/airflow/dags/lesson1_exercises/exercise5.py took 1.523 seconds
[2022-11-06T03:58:13.052+0200] {processor.py:154} INFO - Started process (PID=9299) to work on /Users/mnagy99/airflow/dags/lesson1_exercises/exercise5.py
[2022-11-06T03:58:13.054+0200] {processor.py:756} INFO - Processing file /Users/mnagy99/airflow/dags/lesson1_exercises/exercise5.py for tasks to queue
[2022-11-06T03:58:13.054+0200] {logging_mixin.py:120} INFO - [2022-11-06T03:58:13.054+0200] {dagbag.py:537} INFO - Filling up the DagBag from /Users/mnagy99/airflow/dags/lesson1_exercises/exercise5.py
[2022-11-06T03:58:13.259+0200] {processor.py:766} INFO - DAG(s) dict_keys(['lesson1.exercise5']) retrieved from /Users/mnagy99/airflow/dags/lesson1_exercises/exercise5.py
[2022-11-06T03:58:14.477+0200] {logging_mixin.py:120} INFO - [2022-11-06T03:58:14.477+0200] {dag.py:2585} INFO - Sync 1 DAGs
[2022-11-06T03:58:14.491+0200] {logging_mixin.py:120} INFO - [2022-11-06T03:58:14.491+0200] {dag.py:3336} INFO - Setting next_dagrun for lesson1.exercise5 to 2022-11-05T00:00:00+00:00, run_after=2022-11-06T00:00:00+00:00
[2022-11-06T03:58:14.508+0200] {processor.py:176} INFO - Processing /Users/mnagy99/airflow/dags/lesson1_exercises/exercise5.py took 1.457 seconds
[2022-11-06T04:02:59.429+0200] {processor.py:154} INFO - Started process (PID=9595) to work on /Users/mnagy99/airflow/dags/lesson1_exercises/exercise5.py
[2022-11-06T04:02:59.432+0200] {processor.py:756} INFO - Processing file /Users/mnagy99/airflow/dags/lesson1_exercises/exercise5.py for tasks to queue
[2022-11-06T04:02:59.433+0200] {logging_mixin.py:120} INFO - [2022-11-06T04:02:59.432+0200] {dagbag.py:537} INFO - Filling up the DagBag from /Users/mnagy99/airflow/dags/lesson1_exercises/exercise5.py
[2022-11-06T04:02:59.630+0200] {processor.py:766} INFO - DAG(s) dict_keys(['lesson1.exercise5']) retrieved from /Users/mnagy99/airflow/dags/lesson1_exercises/exercise5.py
[2022-11-06T04:03:00.796+0200] {logging_mixin.py:120} INFO - [2022-11-06T04:03:00.796+0200] {dag.py:2585} INFO - Sync 1 DAGs
[2022-11-06T04:03:00.814+0200] {logging_mixin.py:120} INFO - [2022-11-06T04:03:00.813+0200] {dag.py:3336} INFO - Setting next_dagrun for lesson1.exercise5 to 2022-11-05T00:00:00+00:00, run_after=2022-11-06T00:00:00+00:00
[2022-11-06T04:03:00.833+0200] {processor.py:176} INFO - Processing /Users/mnagy99/airflow/dags/lesson1_exercises/exercise5.py took 1.404 seconds
[2022-11-06T04:07:41.252+0200] {processor.py:154} INFO - Started process (PID=9889) to work on /Users/mnagy99/airflow/dags/lesson1_exercises/exercise5.py
[2022-11-06T04:07:41.255+0200] {processor.py:756} INFO - Processing file /Users/mnagy99/airflow/dags/lesson1_exercises/exercise5.py for tasks to queue
[2022-11-06T04:07:41.255+0200] {logging_mixin.py:120} INFO - [2022-11-06T04:07:41.255+0200] {dagbag.py:537} INFO - Filling up the DagBag from /Users/mnagy99/airflow/dags/lesson1_exercises/exercise5.py
[2022-11-06T04:07:41.466+0200] {processor.py:766} INFO - DAG(s) dict_keys(['lesson1.exercise5']) retrieved from /Users/mnagy99/airflow/dags/lesson1_exercises/exercise5.py
[2022-11-06T04:07:42.458+0200] {logging_mixin.py:120} INFO - [2022-11-06T04:07:42.458+0200] {dag.py:2585} INFO - Sync 1 DAGs
[2022-11-06T04:07:42.472+0200] {logging_mixin.py:120} INFO - [2022-11-06T04:07:42.472+0200] {dag.py:3336} INFO - Setting next_dagrun for lesson1.exercise5 to 2022-11-05T00:00:00+00:00, run_after=2022-11-06T00:00:00+00:00
[2022-11-06T04:07:42.490+0200] {processor.py:176} INFO - Processing /Users/mnagy99/airflow/dags/lesson1_exercises/exercise5.py took 1.239 seconds
[2022-11-06T04:12:10.482+0200] {processor.py:154} INFO - Started process (PID=10173) to work on /Users/mnagy99/airflow/dags/lesson1_exercises/exercise5.py
[2022-11-06T04:12:10.484+0200] {processor.py:756} INFO - Processing file /Users/mnagy99/airflow/dags/lesson1_exercises/exercise5.py for tasks to queue
[2022-11-06T04:12:10.485+0200] {logging_mixin.py:120} INFO - [2022-11-06T04:12:10.485+0200] {dagbag.py:537} INFO - Filling up the DagBag from /Users/mnagy99/airflow/dags/lesson1_exercises/exercise5.py
[2022-11-06T04:12:10.716+0200] {processor.py:766} INFO - DAG(s) dict_keys(['lesson1.exercise5']) retrieved from /Users/mnagy99/airflow/dags/lesson1_exercises/exercise5.py
[2022-11-06T04:12:11.718+0200] {logging_mixin.py:120} INFO - [2022-11-06T04:12:11.718+0200] {dag.py:2585} INFO - Sync 1 DAGs
[2022-11-06T04:12:11.734+0200] {logging_mixin.py:120} INFO - [2022-11-06T04:12:11.734+0200] {dag.py:3336} INFO - Setting next_dagrun for lesson1.exercise5 to 2022-11-05T00:00:00+00:00, run_after=2022-11-06T00:00:00+00:00
[2022-11-06T04:12:11.753+0200] {processor.py:176} INFO - Processing /Users/mnagy99/airflow/dags/lesson1_exercises/exercise5.py took 1.272 seconds
[2022-11-06T04:16:16.441+0200] {processor.py:154} INFO - Started process (PID=10433) to work on /Users/mnagy99/airflow/dags/lesson1_exercises/exercise5.py
[2022-11-06T04:16:16.443+0200] {processor.py:756} INFO - Processing file /Users/mnagy99/airflow/dags/lesson1_exercises/exercise5.py for tasks to queue
[2022-11-06T04:16:16.444+0200] {logging_mixin.py:120} INFO - [2022-11-06T04:16:16.444+0200] {dagbag.py:537} INFO - Filling up the DagBag from /Users/mnagy99/airflow/dags/lesson1_exercises/exercise5.py
[2022-11-06T04:16:16.637+0200] {processor.py:766} INFO - DAG(s) dict_keys(['lesson1.exercise5']) retrieved from /Users/mnagy99/airflow/dags/lesson1_exercises/exercise5.py
[2022-11-06T04:16:17.641+0200] {logging_mixin.py:120} INFO - [2022-11-06T04:16:17.641+0200] {dag.py:2585} INFO - Sync 1 DAGs
[2022-11-06T04:16:17.656+0200] {logging_mixin.py:120} INFO - [2022-11-06T04:16:17.656+0200] {dag.py:3336} INFO - Setting next_dagrun for lesson1.exercise5 to 2022-11-05T00:00:00+00:00, run_after=2022-11-06T00:00:00+00:00
[2022-11-06T04:16:17.671+0200] {processor.py:176} INFO - Processing /Users/mnagy99/airflow/dags/lesson1_exercises/exercise5.py took 1.231 seconds
[2022-11-06T04:18:51.110+0200] {processor.py:154} INFO - Started process (PID=10581) to work on /Users/mnagy99/airflow/dags/lesson1_exercises/exercise5.py
[2022-11-06T04:18:51.111+0200] {processor.py:756} INFO - Processing file /Users/mnagy99/airflow/dags/lesson1_exercises/exercise5.py for tasks to queue
[2022-11-06T04:18:51.111+0200] {logging_mixin.py:120} INFO - [2022-11-06T04:18:51.111+0200] {dagbag.py:537} INFO - Filling up the DagBag from /Users/mnagy99/airflow/dags/lesson1_exercises/exercise5.py
[2022-11-06T04:18:51.315+0200] {processor.py:766} INFO - DAG(s) dict_keys(['lesson1.exercise5']) retrieved from /Users/mnagy99/airflow/dags/lesson1_exercises/exercise5.py
[2022-11-06T04:18:52.515+0200] {logging_mixin.py:120} INFO - [2022-11-06T04:18:52.515+0200] {dag.py:2585} INFO - Sync 1 DAGs
[2022-11-06T04:18:52.529+0200] {logging_mixin.py:120} INFO - [2022-11-06T04:18:52.528+0200] {dag.py:3336} INFO - Setting next_dagrun for lesson1.exercise5 to 2022-11-05T00:00:00+00:00, run_after=2022-11-06T00:00:00+00:00
[2022-11-06T04:18:52.546+0200] {processor.py:176} INFO - Processing /Users/mnagy99/airflow/dags/lesson1_exercises/exercise5.py took 1.437 seconds
