[2022-11-06T02:01:32.248+0200] {processor.py:154} INFO - Started process (PID=1788) to work on /Users/mnagy99/airflow/dags/lesson1_exercises/exercise2.py
[2022-11-06T02:01:32.249+0200] {processor.py:756} INFO - Processing file /Users/mnagy99/airflow/dags/lesson1_exercises/exercise2.py for tasks to queue
[2022-11-06T02:01:32.249+0200] {logging_mixin.py:120} INFO - [2022-11-06T02:01:32.249+0200] {dagbag.py:537} INFO - Filling up the DagBag from /Users/mnagy99/airflow/dags/lesson1_exercises/exercise2.py
[2022-11-06T02:01:32.284+0200] {processor.py:766} INFO - DAG(s) dict_keys(['lesson1.exercise2']) retrieved from /Users/mnagy99/airflow/dags/lesson1_exercises/exercise2.py
[2022-11-06T02:01:33.396+0200] {logging_mixin.py:120} INFO - [2022-11-06T02:01:33.396+0200] {dag.py:2585} INFO - Sync 1 DAGs
[2022-11-06T02:01:33.410+0200] {logging_mixin.py:120} INFO - [2022-11-06T02:01:33.410+0200] {dag.py:3336} INFO - Setting next_dagrun for lesson1.exercise2 to 2022-11-04T02:01:32.273205+00:00, run_after=2022-11-05T02:01:32.273205+00:00
[2022-11-06T02:01:33.430+0200] {processor.py:176} INFO - Processing /Users/mnagy99/airflow/dags/lesson1_exercises/exercise2.py took 1.183 seconds
[2022-11-06T02:06:07.900+0200] {processor.py:154} INFO - Started process (PID=2262) to work on /Users/mnagy99/airflow/dags/lesson1_exercises/exercise2.py
[2022-11-06T02:06:07.902+0200] {processor.py:756} INFO - Processing file /Users/mnagy99/airflow/dags/lesson1_exercises/exercise2.py for tasks to queue
[2022-11-06T02:06:07.903+0200] {logging_mixin.py:120} INFO - [2022-11-06T02:06:07.903+0200] {dagbag.py:537} INFO - Filling up the DagBag from /Users/mnagy99/airflow/dags/lesson1_exercises/exercise2.py
[2022-11-06T02:06:07.939+0200] {processor.py:766} INFO - DAG(s) dict_keys(['lesson1.exercise2']) retrieved from /Users/mnagy99/airflow/dags/lesson1_exercises/exercise2.py
[2022-11-06T02:06:09.444+0200] {logging_mixin.py:120} INFO - [2022-11-06T02:06:09.444+0200] {dag.py:2585} INFO - Sync 1 DAGs
[2022-11-06T02:06:09.459+0200] {logging_mixin.py:120} INFO - [2022-11-06T02:06:09.459+0200] {dag.py:3336} INFO - Setting next_dagrun for lesson1.exercise2 to 2022-11-04T02:06:07.931466+00:00, run_after=2022-11-05T02:06:07.931466+00:00
[2022-11-06T02:06:09.480+0200] {processor.py:176} INFO - Processing /Users/mnagy99/airflow/dags/lesson1_exercises/exercise2.py took 1.581 seconds
[2022-11-06T02:10:42.057+0200] {processor.py:154} INFO - Started process (PID=2517) to work on /Users/mnagy99/airflow/dags/lesson1_exercises/exercise2.py
[2022-11-06T02:10:42.059+0200] {processor.py:756} INFO - Processing file /Users/mnagy99/airflow/dags/lesson1_exercises/exercise2.py for tasks to queue
[2022-11-06T02:10:42.061+0200] {logging_mixin.py:120} INFO - [2022-11-06T02:10:42.060+0200] {dagbag.py:537} INFO - Filling up the DagBag from /Users/mnagy99/airflow/dags/lesson1_exercises/exercise2.py
[2022-11-06T02:10:42.182+0200] {processor.py:766} INFO - DAG(s) dict_keys(['lesson1.exercise2']) retrieved from /Users/mnagy99/airflow/dags/lesson1_exercises/exercise2.py
[2022-11-06T02:10:43.705+0200] {logging_mixin.py:120} INFO - [2022-11-06T02:10:43.704+0200] {dag.py:2585} INFO - Sync 1 DAGs
[2022-11-06T02:10:43.739+0200] {logging_mixin.py:120} INFO - [2022-11-06T02:10:43.739+0200] {dag.py:3336} INFO - Setting next_dagrun for lesson1.exercise2 to 2022-11-04T02:10:42.157084+00:00, run_after=2022-11-05T02:10:42.157084+00:00
[2022-11-06T02:10:43.761+0200] {processor.py:176} INFO - Processing /Users/mnagy99/airflow/dags/lesson1_exercises/exercise2.py took 1.705 seconds
[2022-11-06T02:15:16.743+0200] {processor.py:154} INFO - Started process (PID=2843) to work on /Users/mnagy99/airflow/dags/lesson1_exercises/exercise2.py
[2022-11-06T02:15:16.746+0200] {processor.py:756} INFO - Processing file /Users/mnagy99/airflow/dags/lesson1_exercises/exercise2.py for tasks to queue
[2022-11-06T02:15:16.746+0200] {logging_mixin.py:120} INFO - [2022-11-06T02:15:16.746+0200] {dagbag.py:537} INFO - Filling up the DagBag from /Users/mnagy99/airflow/dags/lesson1_exercises/exercise2.py
[2022-11-06T02:15:16.782+0200] {processor.py:766} INFO - DAG(s) dict_keys(['lesson1.exercise2']) retrieved from /Users/mnagy99/airflow/dags/lesson1_exercises/exercise2.py
[2022-11-06T02:15:17.779+0200] {logging_mixin.py:120} INFO - [2022-11-06T02:15:17.779+0200] {dag.py:2585} INFO - Sync 1 DAGs
[2022-11-06T02:15:17.794+0200] {logging_mixin.py:120} INFO - [2022-11-06T02:15:17.793+0200] {dag.py:3336} INFO - Setting next_dagrun for lesson1.exercise2 to 2022-11-04T02:15:16.775346+00:00, run_after=2022-11-05T02:15:16.775346+00:00
[2022-11-06T02:15:17.812+0200] {processor.py:176} INFO - Processing /Users/mnagy99/airflow/dags/lesson1_exercises/exercise2.py took 1.069 seconds
[2022-11-06T02:19:38.541+0200] {processor.py:154} INFO - Started process (PID=3123) to work on /Users/mnagy99/airflow/dags/lesson1_exercises/exercise2.py
[2022-11-06T02:19:38.544+0200] {processor.py:756} INFO - Processing file /Users/mnagy99/airflow/dags/lesson1_exercises/exercise2.py for tasks to queue
[2022-11-06T02:19:38.544+0200] {logging_mixin.py:120} INFO - [2022-11-06T02:19:38.544+0200] {dagbag.py:537} INFO - Filling up the DagBag from /Users/mnagy99/airflow/dags/lesson1_exercises/exercise2.py
[2022-11-06T02:19:38.575+0200] {processor.py:766} INFO - DAG(s) dict_keys(['lesson1.exercise2']) retrieved from /Users/mnagy99/airflow/dags/lesson1_exercises/exercise2.py
[2022-11-06T02:19:39.520+0200] {logging_mixin.py:120} INFO - [2022-11-06T02:19:39.519+0200] {dag.py:2585} INFO - Sync 1 DAGs
[2022-11-06T02:19:39.535+0200] {logging_mixin.py:120} INFO - [2022-11-06T02:19:39.535+0200] {dag.py:3336} INFO - Setting next_dagrun for lesson1.exercise2 to 2022-11-04T02:19:38.568207+00:00, run_after=2022-11-05T02:19:38.568207+00:00
[2022-11-06T02:19:39.553+0200] {processor.py:176} INFO - Processing /Users/mnagy99/airflow/dags/lesson1_exercises/exercise2.py took 1.012 seconds
[2022-11-06T02:23:59.203+0200] {processor.py:154} INFO - Started process (PID=3396) to work on /Users/mnagy99/airflow/dags/lesson1_exercises/exercise2.py
[2022-11-06T02:23:59.206+0200] {processor.py:756} INFO - Processing file /Users/mnagy99/airflow/dags/lesson1_exercises/exercise2.py for tasks to queue
[2022-11-06T02:23:59.207+0200] {logging_mixin.py:120} INFO - [2022-11-06T02:23:59.207+0200] {dagbag.py:537} INFO - Filling up the DagBag from /Users/mnagy99/airflow/dags/lesson1_exercises/exercise2.py
[2022-11-06T02:23:59.243+0200] {processor.py:766} INFO - DAG(s) dict_keys(['lesson1.exercise2']) retrieved from /Users/mnagy99/airflow/dags/lesson1_exercises/exercise2.py
[2022-11-06T02:24:00.248+0200] {logging_mixin.py:120} INFO - [2022-11-06T02:24:00.248+0200] {dag.py:2585} INFO - Sync 1 DAGs
[2022-11-06T02:24:00.263+0200] {logging_mixin.py:120} INFO - [2022-11-06T02:24:00.262+0200] {dag.py:3336} INFO - Setting next_dagrun for lesson1.exercise2 to 2022-11-04T02:23:59.236002+00:00, run_after=2022-11-05T02:23:59.236002+00:00
[2022-11-06T02:24:00.280+0200] {processor.py:176} INFO - Processing /Users/mnagy99/airflow/dags/lesson1_exercises/exercise2.py took 1.077 seconds
[2022-11-06T02:28:26.425+0200] {processor.py:154} INFO - Started process (PID=3676) to work on /Users/mnagy99/airflow/dags/lesson1_exercises/exercise2.py
[2022-11-06T02:28:26.428+0200] {processor.py:756} INFO - Processing file /Users/mnagy99/airflow/dags/lesson1_exercises/exercise2.py for tasks to queue
[2022-11-06T02:28:26.428+0200] {logging_mixin.py:120} INFO - [2022-11-06T02:28:26.428+0200] {dagbag.py:537} INFO - Filling up the DagBag from /Users/mnagy99/airflow/dags/lesson1_exercises/exercise2.py
[2022-11-06T02:28:26.458+0200] {processor.py:766} INFO - DAG(s) dict_keys(['lesson1.exercise2']) retrieved from /Users/mnagy99/airflow/dags/lesson1_exercises/exercise2.py
[2022-11-06T02:28:27.429+0200] {logging_mixin.py:120} INFO - [2022-11-06T02:28:27.428+0200] {dag.py:2585} INFO - Sync 1 DAGs
[2022-11-06T02:28:27.443+0200] {logging_mixin.py:120} INFO - [2022-11-06T02:28:27.443+0200] {dag.py:3336} INFO - Setting next_dagrun for lesson1.exercise2 to 2022-11-04T02:28:26.451044+00:00, run_after=2022-11-05T02:28:26.451044+00:00
[2022-11-06T02:28:27.461+0200] {processor.py:176} INFO - Processing /Users/mnagy99/airflow/dags/lesson1_exercises/exercise2.py took 1.036 seconds
[2022-11-06T02:32:50.768+0200] {processor.py:154} INFO - Started process (PID=3978) to work on /Users/mnagy99/airflow/dags/lesson1_exercises/exercise2.py
[2022-11-06T02:32:50.769+0200] {processor.py:756} INFO - Processing file /Users/mnagy99/airflow/dags/lesson1_exercises/exercise2.py for tasks to queue
[2022-11-06T02:32:50.770+0200] {logging_mixin.py:120} INFO - [2022-11-06T02:32:50.770+0200] {dagbag.py:537} INFO - Filling up the DagBag from /Users/mnagy99/airflow/dags/lesson1_exercises/exercise2.py
[2022-11-06T02:32:50.806+0200] {processor.py:766} INFO - DAG(s) dict_keys(['lesson1.exercise2']) retrieved from /Users/mnagy99/airflow/dags/lesson1_exercises/exercise2.py
[2022-11-06T02:32:51.917+0200] {logging_mixin.py:120} INFO - [2022-11-06T02:32:51.917+0200] {dag.py:2585} INFO - Sync 1 DAGs
[2022-11-06T02:32:51.936+0200] {logging_mixin.py:120} INFO - [2022-11-06T02:32:51.936+0200] {dag.py:3336} INFO - Setting next_dagrun for lesson1.exercise2 to 2022-11-04T02:32:50.799055+00:00, run_after=2022-11-05T02:32:50.799055+00:00
[2022-11-06T02:32:51.952+0200] {processor.py:176} INFO - Processing /Users/mnagy99/airflow/dags/lesson1_exercises/exercise2.py took 1.185 seconds
[2022-11-06T02:37:09.495+0200] {processor.py:154} INFO - Started process (PID=4263) to work on /Users/mnagy99/airflow/dags/lesson1_exercises/exercise2.py
[2022-11-06T02:37:09.496+0200] {processor.py:756} INFO - Processing file /Users/mnagy99/airflow/dags/lesson1_exercises/exercise2.py for tasks to queue
[2022-11-06T02:37:09.497+0200] {logging_mixin.py:120} INFO - [2022-11-06T02:37:09.497+0200] {dagbag.py:537} INFO - Filling up the DagBag from /Users/mnagy99/airflow/dags/lesson1_exercises/exercise2.py
[2022-11-06T02:37:09.527+0200] {processor.py:766} INFO - DAG(s) dict_keys(['lesson1.exercise2']) retrieved from /Users/mnagy99/airflow/dags/lesson1_exercises/exercise2.py
[2022-11-06T02:37:10.549+0200] {logging_mixin.py:120} INFO - [2022-11-06T02:37:10.549+0200] {dag.py:2585} INFO - Sync 1 DAGs
[2022-11-06T02:37:10.577+0200] {logging_mixin.py:120} INFO - [2022-11-06T02:37:10.577+0200] {dag.py:3336} INFO - Setting next_dagrun for lesson1.exercise2 to 2022-11-04T02:37:09.520222+00:00, run_after=2022-11-05T02:37:09.520222+00:00
[2022-11-06T02:37:10.594+0200] {processor.py:176} INFO - Processing /Users/mnagy99/airflow/dags/lesson1_exercises/exercise2.py took 1.099 seconds
[2022-11-06T02:41:45.286+0200] {processor.py:154} INFO - Started process (PID=4563) to work on /Users/mnagy99/airflow/dags/lesson1_exercises/exercise2.py
[2022-11-06T02:41:45.287+0200] {processor.py:756} INFO - Processing file /Users/mnagy99/airflow/dags/lesson1_exercises/exercise2.py for tasks to queue
[2022-11-06T02:41:45.288+0200] {logging_mixin.py:120} INFO - [2022-11-06T02:41:45.288+0200] {dagbag.py:537} INFO - Filling up the DagBag from /Users/mnagy99/airflow/dags/lesson1_exercises/exercise2.py
[2022-11-06T02:41:45.318+0200] {processor.py:766} INFO - DAG(s) dict_keys(['lesson1.exercise2']) retrieved from /Users/mnagy99/airflow/dags/lesson1_exercises/exercise2.py
[2022-11-06T02:41:46.841+0200] {logging_mixin.py:120} INFO - [2022-11-06T02:41:46.841+0200] {dag.py:2585} INFO - Sync 1 DAGs
[2022-11-06T02:41:46.860+0200] {logging_mixin.py:120} INFO - [2022-11-06T02:41:46.860+0200] {dag.py:3336} INFO - Setting next_dagrun for lesson1.exercise2 to 2022-11-04T02:41:45.311911+00:00, run_after=2022-11-05T02:41:45.311911+00:00
[2022-11-06T02:41:46.878+0200] {processor.py:176} INFO - Processing /Users/mnagy99/airflow/dags/lesson1_exercises/exercise2.py took 1.593 seconds
[2022-11-06T02:46:24.918+0200] {processor.py:154} INFO - Started process (PID=4840) to work on /Users/mnagy99/airflow/dags/lesson1_exercises/exercise2.py
[2022-11-06T02:46:24.921+0200] {processor.py:756} INFO - Processing file /Users/mnagy99/airflow/dags/lesson1_exercises/exercise2.py for tasks to queue
[2022-11-06T02:46:24.921+0200] {logging_mixin.py:120} INFO - [2022-11-06T02:46:24.921+0200] {dagbag.py:537} INFO - Filling up the DagBag from /Users/mnagy99/airflow/dags/lesson1_exercises/exercise2.py
[2022-11-06T02:46:24.956+0200] {processor.py:766} INFO - DAG(s) dict_keys(['lesson1.exercise2']) retrieved from /Users/mnagy99/airflow/dags/lesson1_exercises/exercise2.py
[2022-11-06T02:46:25.912+0200] {logging_mixin.py:120} INFO - [2022-11-06T02:46:25.911+0200] {dag.py:2585} INFO - Sync 1 DAGs
[2022-11-06T02:46:25.926+0200] {logging_mixin.py:120} INFO - [2022-11-06T02:46:25.926+0200] {dag.py:3336} INFO - Setting next_dagrun for lesson1.exercise2 to 2022-11-04T02:46:24.948851+00:00, run_after=2022-11-05T02:46:24.948851+00:00
[2022-11-06T02:46:25.943+0200] {processor.py:176} INFO - Processing /Users/mnagy99/airflow/dags/lesson1_exercises/exercise2.py took 1.026 seconds
[2022-11-06T02:50:39.384+0200] {processor.py:154} INFO - Started process (PID=5090) to work on /Users/mnagy99/airflow/dags/lesson1_exercises/exercise2.py
[2022-11-06T02:50:39.387+0200] {processor.py:756} INFO - Processing file /Users/mnagy99/airflow/dags/lesson1_exercises/exercise2.py for tasks to queue
[2022-11-06T02:50:39.388+0200] {logging_mixin.py:120} INFO - [2022-11-06T02:50:39.388+0200] {dagbag.py:537} INFO - Filling up the DagBag from /Users/mnagy99/airflow/dags/lesson1_exercises/exercise2.py
[2022-11-06T02:50:39.422+0200] {processor.py:766} INFO - DAG(s) dict_keys(['lesson1.exercise2']) retrieved from /Users/mnagy99/airflow/dags/lesson1_exercises/exercise2.py
[2022-11-06T02:50:40.379+0200] {logging_mixin.py:120} INFO - [2022-11-06T02:50:40.379+0200] {dag.py:2585} INFO - Sync 1 DAGs
[2022-11-06T02:50:40.394+0200] {logging_mixin.py:120} INFO - [2022-11-06T02:50:40.394+0200] {dag.py:3336} INFO - Setting next_dagrun for lesson1.exercise2 to 2022-11-04T02:50:39.415984+00:00, run_after=2022-11-05T02:50:39.415984+00:00
[2022-11-06T02:50:40.412+0200] {processor.py:176} INFO - Processing /Users/mnagy99/airflow/dags/lesson1_exercises/exercise2.py took 1.029 seconds
[2022-11-06T02:54:53.229+0200] {processor.py:154} INFO - Started process (PID=5340) to work on /Users/mnagy99/airflow/dags/lesson1_exercises/exercise2.py
[2022-11-06T02:54:53.231+0200] {processor.py:756} INFO - Processing file /Users/mnagy99/airflow/dags/lesson1_exercises/exercise2.py for tasks to queue
[2022-11-06T02:54:53.231+0200] {logging_mixin.py:120} INFO - [2022-11-06T02:54:53.231+0200] {dagbag.py:537} INFO - Filling up the DagBag from /Users/mnagy99/airflow/dags/lesson1_exercises/exercise2.py
[2022-11-06T02:54:53.267+0200] {processor.py:766} INFO - DAG(s) dict_keys(['lesson1.exercise2']) retrieved from /Users/mnagy99/airflow/dags/lesson1_exercises/exercise2.py
[2022-11-06T02:54:54.437+0200] {logging_mixin.py:120} INFO - [2022-11-06T02:54:54.437+0200] {dag.py:2585} INFO - Sync 1 DAGs
[2022-11-06T02:54:54.467+0200] {logging_mixin.py:120} INFO - [2022-11-06T02:54:54.467+0200] {dag.py:3336} INFO - Setting next_dagrun for lesson1.exercise2 to 2022-11-04T02:54:53.256890+00:00, run_after=2022-11-05T02:54:53.256890+00:00
[2022-11-06T02:54:54.488+0200] {processor.py:176} INFO - Processing /Users/mnagy99/airflow/dags/lesson1_exercises/exercise2.py took 1.259 seconds
[2022-11-06T02:59:28.249+0200] {processor.py:154} INFO - Started process (PID=5620) to work on /Users/mnagy99/airflow/dags/lesson1_exercises/exercise2.py
[2022-11-06T02:59:28.252+0200] {processor.py:756} INFO - Processing file /Users/mnagy99/airflow/dags/lesson1_exercises/exercise2.py for tasks to queue
[2022-11-06T02:59:28.253+0200] {logging_mixin.py:120} INFO - [2022-11-06T02:59:28.253+0200] {dagbag.py:537} INFO - Filling up the DagBag from /Users/mnagy99/airflow/dags/lesson1_exercises/exercise2.py
[2022-11-06T02:59:28.290+0200] {processor.py:766} INFO - DAG(s) dict_keys(['lesson1.exercise2']) retrieved from /Users/mnagy99/airflow/dags/lesson1_exercises/exercise2.py
[2022-11-06T02:59:29.706+0200] {logging_mixin.py:120} INFO - [2022-11-06T02:59:29.706+0200] {dag.py:2585} INFO - Sync 1 DAGs
[2022-11-06T02:59:29.726+0200] {logging_mixin.py:120} INFO - [2022-11-06T02:59:29.726+0200] {dag.py:3336} INFO - Setting next_dagrun for lesson1.exercise2 to 2022-11-04T02:59:28.282613+00:00, run_after=2022-11-05T02:59:28.282613+00:00
[2022-11-06T02:59:29.746+0200] {processor.py:176} INFO - Processing /Users/mnagy99/airflow/dags/lesson1_exercises/exercise2.py took 1.499 seconds
[2022-11-06T03:04:26.091+0200] {processor.py:154} INFO - Started process (PID=5895) to work on /Users/mnagy99/airflow/dags/lesson1_exercises/exercise2.py
[2022-11-06T03:04:26.093+0200] {processor.py:756} INFO - Processing file /Users/mnagy99/airflow/dags/lesson1_exercises/exercise2.py for tasks to queue
[2022-11-06T03:04:26.094+0200] {logging_mixin.py:120} INFO - [2022-11-06T03:04:26.094+0200] {dagbag.py:537} INFO - Filling up the DagBag from /Users/mnagy99/airflow/dags/lesson1_exercises/exercise2.py
[2022-11-06T03:04:26.132+0200] {processor.py:766} INFO - DAG(s) dict_keys(['lesson1.exercise2']) retrieved from /Users/mnagy99/airflow/dags/lesson1_exercises/exercise2.py
[2022-11-06T03:04:27.125+0200] {logging_mixin.py:120} INFO - [2022-11-06T03:04:27.125+0200] {dag.py:2585} INFO - Sync 1 DAGs
[2022-11-06T03:04:27.141+0200] {logging_mixin.py:120} INFO - [2022-11-06T03:04:27.141+0200] {dag.py:3336} INFO - Setting next_dagrun for lesson1.exercise2 to 2022-11-04T03:04:26.125171+00:00, run_after=2022-11-05T03:04:26.125171+00:00
[2022-11-06T03:04:27.159+0200] {processor.py:176} INFO - Processing /Users/mnagy99/airflow/dags/lesson1_exercises/exercise2.py took 1.069 seconds
[2022-11-06T03:08:50.127+0200] {processor.py:154} INFO - Started process (PID=6154) to work on /Users/mnagy99/airflow/dags/lesson1_exercises/exercise2.py
[2022-11-06T03:08:50.132+0200] {processor.py:756} INFO - Processing file /Users/mnagy99/airflow/dags/lesson1_exercises/exercise2.py for tasks to queue
[2022-11-06T03:08:50.139+0200] {logging_mixin.py:120} INFO - [2022-11-06T03:08:50.137+0200] {dagbag.py:537} INFO - Filling up the DagBag from /Users/mnagy99/airflow/dags/lesson1_exercises/exercise2.py
[2022-11-06T03:08:50.175+0200] {processor.py:766} INFO - DAG(s) dict_keys(['lesson1.exercise2']) retrieved from /Users/mnagy99/airflow/dags/lesson1_exercises/exercise2.py
[2022-11-06T03:08:51.197+0200] {logging_mixin.py:120} INFO - [2022-11-06T03:08:51.196+0200] {dag.py:2585} INFO - Sync 1 DAGs
[2022-11-06T03:08:51.213+0200] {logging_mixin.py:120} INFO - [2022-11-06T03:08:51.213+0200] {dag.py:3336} INFO - Setting next_dagrun for lesson1.exercise2 to 2022-11-04T03:08:50.168770+00:00, run_after=2022-11-05T03:08:50.168770+00:00
[2022-11-06T03:08:51.231+0200] {processor.py:176} INFO - Processing /Users/mnagy99/airflow/dags/lesson1_exercises/exercise2.py took 1.106 seconds
[2022-11-06T03:13:02.063+0200] {processor.py:154} INFO - Started process (PID=6421) to work on /Users/mnagy99/airflow/dags/lesson1_exercises/exercise2.py
[2022-11-06T03:13:02.065+0200] {processor.py:756} INFO - Processing file /Users/mnagy99/airflow/dags/lesson1_exercises/exercise2.py for tasks to queue
[2022-11-06T03:13:02.066+0200] {logging_mixin.py:120} INFO - [2022-11-06T03:13:02.066+0200] {dagbag.py:537} INFO - Filling up the DagBag from /Users/mnagy99/airflow/dags/lesson1_exercises/exercise2.py
[2022-11-06T03:13:02.097+0200] {processor.py:766} INFO - DAG(s) dict_keys(['lesson1.exercise2']) retrieved from /Users/mnagy99/airflow/dags/lesson1_exercises/exercise2.py
[2022-11-06T03:13:03.046+0200] {logging_mixin.py:120} INFO - [2022-11-06T03:13:03.045+0200] {dag.py:2585} INFO - Sync 1 DAGs
[2022-11-06T03:13:03.060+0200] {logging_mixin.py:120} INFO - [2022-11-06T03:13:03.060+0200] {dag.py:3336} INFO - Setting next_dagrun for lesson1.exercise2 to 2022-11-04T03:13:02.089845+00:00, run_after=2022-11-05T03:13:02.089845+00:00
[2022-11-06T03:13:03.083+0200] {processor.py:176} INFO - Processing /Users/mnagy99/airflow/dags/lesson1_exercises/exercise2.py took 1.021 seconds
[2022-11-06T03:17:03.920+0200] {processor.py:154} INFO - Started process (PID=6683) to work on /Users/mnagy99/airflow/dags/lesson1_exercises/exercise2.py
[2022-11-06T03:17:03.922+0200] {processor.py:756} INFO - Processing file /Users/mnagy99/airflow/dags/lesson1_exercises/exercise2.py for tasks to queue
[2022-11-06T03:17:03.923+0200] {logging_mixin.py:120} INFO - [2022-11-06T03:17:03.923+0200] {dagbag.py:537} INFO - Filling up the DagBag from /Users/mnagy99/airflow/dags/lesson1_exercises/exercise2.py
[2022-11-06T03:17:03.964+0200] {processor.py:766} INFO - DAG(s) dict_keys(['lesson1.exercise2']) retrieved from /Users/mnagy99/airflow/dags/lesson1_exercises/exercise2.py
[2022-11-06T03:17:04.957+0200] {logging_mixin.py:120} INFO - [2022-11-06T03:17:04.956+0200] {dag.py:2585} INFO - Sync 1 DAGs
[2022-11-06T03:17:04.972+0200] {logging_mixin.py:120} INFO - [2022-11-06T03:17:04.972+0200] {dag.py:3336} INFO - Setting next_dagrun for lesson1.exercise2 to 2022-11-04T03:17:03.954247+00:00, run_after=2022-11-05T03:17:03.954247+00:00
[2022-11-06T03:17:04.992+0200] {processor.py:176} INFO - Processing /Users/mnagy99/airflow/dags/lesson1_exercises/exercise2.py took 1.073 seconds
[2022-11-06T03:20:58.919+0200] {processor.py:154} INFO - Started process (PID=6933) to work on /Users/mnagy99/airflow/dags/lesson1_exercises/exercise2.py
[2022-11-06T03:20:58.920+0200] {processor.py:756} INFO - Processing file /Users/mnagy99/airflow/dags/lesson1_exercises/exercise2.py for tasks to queue
[2022-11-06T03:20:58.920+0200] {logging_mixin.py:120} INFO - [2022-11-06T03:20:58.920+0200] {dagbag.py:537} INFO - Filling up the DagBag from /Users/mnagy99/airflow/dags/lesson1_exercises/exercise2.py
[2022-11-06T03:20:58.949+0200] {processor.py:766} INFO - DAG(s) dict_keys(['lesson1.exercise2']) retrieved from /Users/mnagy99/airflow/dags/lesson1_exercises/exercise2.py
[2022-11-06T03:20:59.948+0200] {logging_mixin.py:120} INFO - [2022-11-06T03:20:59.948+0200] {dag.py:2585} INFO - Sync 1 DAGs
[2022-11-06T03:20:59.964+0200] {logging_mixin.py:120} INFO - [2022-11-06T03:20:59.964+0200] {dag.py:3336} INFO - Setting next_dagrun for lesson1.exercise2 to 2022-11-04T03:20:58.942584+00:00, run_after=2022-11-05T03:20:58.942584+00:00
[2022-11-06T03:20:59.982+0200] {processor.py:176} INFO - Processing /Users/mnagy99/airflow/dags/lesson1_exercises/exercise2.py took 1.064 seconds
[2022-11-06T03:24:58.868+0200] {processor.py:154} INFO - Started process (PID=7183) to work on /Users/mnagy99/airflow/dags/lesson1_exercises/exercise2.py
[2022-11-06T03:24:58.871+0200] {processor.py:756} INFO - Processing file /Users/mnagy99/airflow/dags/lesson1_exercises/exercise2.py for tasks to queue
[2022-11-06T03:24:58.871+0200] {logging_mixin.py:120} INFO - [2022-11-06T03:24:58.871+0200] {dagbag.py:537} INFO - Filling up the DagBag from /Users/mnagy99/airflow/dags/lesson1_exercises/exercise2.py
[2022-11-06T03:24:58.907+0200] {processor.py:766} INFO - DAG(s) dict_keys(['lesson1.exercise2']) retrieved from /Users/mnagy99/airflow/dags/lesson1_exercises/exercise2.py
[2022-11-06T03:24:59.906+0200] {logging_mixin.py:120} INFO - [2022-11-06T03:24:59.906+0200] {dag.py:2585} INFO - Sync 1 DAGs
[2022-11-06T03:24:59.921+0200] {logging_mixin.py:120} INFO - [2022-11-06T03:24:59.921+0200] {dag.py:3336} INFO - Setting next_dagrun for lesson1.exercise2 to 2022-11-04T03:24:58.900007+00:00, run_after=2022-11-05T03:24:58.900007+00:00
[2022-11-06T03:24:59.939+0200] {processor.py:176} INFO - Processing /Users/mnagy99/airflow/dags/lesson1_exercises/exercise2.py took 1.071 seconds
[2022-11-06T03:29:01.910+0200] {processor.py:154} INFO - Started process (PID=7454) to work on /Users/mnagy99/airflow/dags/lesson1_exercises/exercise2.py
[2022-11-06T03:29:01.913+0200] {processor.py:756} INFO - Processing file /Users/mnagy99/airflow/dags/lesson1_exercises/exercise2.py for tasks to queue
[2022-11-06T03:29:01.913+0200] {logging_mixin.py:120} INFO - [2022-11-06T03:29:01.913+0200] {dagbag.py:537} INFO - Filling up the DagBag from /Users/mnagy99/airflow/dags/lesson1_exercises/exercise2.py
[2022-11-06T03:29:01.944+0200] {processor.py:766} INFO - DAG(s) dict_keys(['lesson1.exercise2']) retrieved from /Users/mnagy99/airflow/dags/lesson1_exercises/exercise2.py
[2022-11-06T03:29:02.884+0200] {logging_mixin.py:120} INFO - [2022-11-06T03:29:02.883+0200] {dag.py:2585} INFO - Sync 1 DAGs
[2022-11-06T03:29:02.898+0200] {logging_mixin.py:120} INFO - [2022-11-06T03:29:02.898+0200] {dag.py:3336} INFO - Setting next_dagrun for lesson1.exercise2 to 2022-11-04T03:29:01.937731+00:00, run_after=2022-11-05T03:29:01.937731+00:00
[2022-11-06T03:29:02.915+0200] {processor.py:176} INFO - Processing /Users/mnagy99/airflow/dags/lesson1_exercises/exercise2.py took 1.006 seconds
[2022-11-06T03:33:04.290+0200] {processor.py:154} INFO - Started process (PID=7707) to work on /Users/mnagy99/airflow/dags/lesson1_exercises/exercise2.py
[2022-11-06T03:33:04.293+0200] {processor.py:756} INFO - Processing file /Users/mnagy99/airflow/dags/lesson1_exercises/exercise2.py for tasks to queue
[2022-11-06T03:33:04.293+0200] {logging_mixin.py:120} INFO - [2022-11-06T03:33:04.293+0200] {dagbag.py:537} INFO - Filling up the DagBag from /Users/mnagy99/airflow/dags/lesson1_exercises/exercise2.py
[2022-11-06T03:33:04.327+0200] {processor.py:766} INFO - DAG(s) dict_keys(['lesson1.exercise2']) retrieved from /Users/mnagy99/airflow/dags/lesson1_exercises/exercise2.py
[2022-11-06T03:33:05.295+0200] {logging_mixin.py:120} INFO - [2022-11-06T03:33:05.295+0200] {dag.py:2585} INFO - Sync 1 DAGs
[2022-11-06T03:33:05.311+0200] {logging_mixin.py:120} INFO - [2022-11-06T03:33:05.311+0200] {dag.py:3336} INFO - Setting next_dagrun for lesson1.exercise2 to 2022-11-04T03:33:04.320372+00:00, run_after=2022-11-05T03:33:04.320372+00:00
[2022-11-06T03:33:05.332+0200] {processor.py:176} INFO - Processing /Users/mnagy99/airflow/dags/lesson1_exercises/exercise2.py took 1.042 seconds
[2022-11-06T03:37:18.620+0200] {processor.py:154} INFO - Started process (PID=8016) to work on /Users/mnagy99/airflow/dags/lesson1_exercises/exercise2.py
[2022-11-06T03:37:18.622+0200] {processor.py:756} INFO - Processing file /Users/mnagy99/airflow/dags/lesson1_exercises/exercise2.py for tasks to queue
[2022-11-06T03:37:18.622+0200] {logging_mixin.py:120} INFO - [2022-11-06T03:37:18.622+0200] {dagbag.py:537} INFO - Filling up the DagBag from /Users/mnagy99/airflow/dags/lesson1_exercises/exercise2.py
[2022-11-06T03:37:18.654+0200] {processor.py:766} INFO - DAG(s) dict_keys(['lesson1.exercise2']) retrieved from /Users/mnagy99/airflow/dags/lesson1_exercises/exercise2.py
[2022-11-06T03:37:19.855+0200] {logging_mixin.py:120} INFO - [2022-11-06T03:37:19.854+0200] {dag.py:2585} INFO - Sync 1 DAGs
[2022-11-06T03:37:19.877+0200] {logging_mixin.py:120} INFO - [2022-11-06T03:37:19.876+0200] {dag.py:3336} INFO - Setting next_dagrun for lesson1.exercise2 to 2022-11-04T03:37:18.647461+00:00, run_after=2022-11-05T03:37:18.647461+00:00
[2022-11-06T03:37:19.894+0200] {processor.py:176} INFO - Processing /Users/mnagy99/airflow/dags/lesson1_exercises/exercise2.py took 1.275 seconds
[2022-11-06T03:41:19.026+0200] {processor.py:154} INFO - Started process (PID=8262) to work on /Users/mnagy99/airflow/dags/lesson1_exercises/exercise2.py
[2022-11-06T03:41:19.028+0200] {processor.py:756} INFO - Processing file /Users/mnagy99/airflow/dags/lesson1_exercises/exercise2.py for tasks to queue
[2022-11-06T03:41:19.029+0200] {logging_mixin.py:120} INFO - [2022-11-06T03:41:19.029+0200] {dagbag.py:537} INFO - Filling up the DagBag from /Users/mnagy99/airflow/dags/lesson1_exercises/exercise2.py
[2022-11-06T03:41:19.065+0200] {processor.py:766} INFO - DAG(s) dict_keys(['lesson1.exercise2']) retrieved from /Users/mnagy99/airflow/dags/lesson1_exercises/exercise2.py
[2022-11-06T03:41:20.044+0200] {logging_mixin.py:120} INFO - [2022-11-06T03:41:20.044+0200] {dag.py:2585} INFO - Sync 1 DAGs
[2022-11-06T03:41:20.059+0200] {logging_mixin.py:120} INFO - [2022-11-06T03:41:20.059+0200] {dag.py:3336} INFO - Setting next_dagrun for lesson1.exercise2 to 2022-11-04T03:41:19.056100+00:00, run_after=2022-11-05T03:41:19.056100+00:00
[2022-11-06T03:41:20.079+0200] {processor.py:176} INFO - Processing /Users/mnagy99/airflow/dags/lesson1_exercises/exercise2.py took 1.054 seconds
[2022-11-06T03:45:20.588+0200] {processor.py:154} INFO - Started process (PID=8521) to work on /Users/mnagy99/airflow/dags/lesson1_exercises/exercise2.py
[2022-11-06T03:45:20.590+0200] {processor.py:756} INFO - Processing file /Users/mnagy99/airflow/dags/lesson1_exercises/exercise2.py for tasks to queue
[2022-11-06T03:45:20.591+0200] {logging_mixin.py:120} INFO - [2022-11-06T03:45:20.591+0200] {dagbag.py:537} INFO - Filling up the DagBag from /Users/mnagy99/airflow/dags/lesson1_exercises/exercise2.py
[2022-11-06T03:45:20.622+0200] {processor.py:766} INFO - DAG(s) dict_keys(['lesson1.exercise2']) retrieved from /Users/mnagy99/airflow/dags/lesson1_exercises/exercise2.py
[2022-11-06T03:45:21.590+0200] {logging_mixin.py:120} INFO - [2022-11-06T03:45:21.589+0200] {dag.py:2585} INFO - Sync 1 DAGs
[2022-11-06T03:45:21.604+0200] {logging_mixin.py:120} INFO - [2022-11-06T03:45:21.604+0200] {dag.py:3336} INFO - Setting next_dagrun for lesson1.exercise2 to 2022-11-04T03:45:20.615822+00:00, run_after=2022-11-05T03:45:20.615822+00:00
[2022-11-06T03:45:21.622+0200] {processor.py:176} INFO - Processing /Users/mnagy99/airflow/dags/lesson1_exercises/exercise2.py took 1.035 seconds
[2022-11-06T03:49:31.220+0200] {processor.py:154} INFO - Started process (PID=8770) to work on /Users/mnagy99/airflow/dags/lesson1_exercises/exercise2.py
[2022-11-06T03:49:31.223+0200] {processor.py:756} INFO - Processing file /Users/mnagy99/airflow/dags/lesson1_exercises/exercise2.py for tasks to queue
[2022-11-06T03:49:31.223+0200] {logging_mixin.py:120} INFO - [2022-11-06T03:49:31.223+0200] {dagbag.py:537} INFO - Filling up the DagBag from /Users/mnagy99/airflow/dags/lesson1_exercises/exercise2.py
[2022-11-06T03:49:31.257+0200] {processor.py:766} INFO - DAG(s) dict_keys(['lesson1.exercise2']) retrieved from /Users/mnagy99/airflow/dags/lesson1_exercises/exercise2.py
[2022-11-06T03:49:32.207+0200] {logging_mixin.py:120} INFO - [2022-11-06T03:49:32.207+0200] {dag.py:2585} INFO - Sync 1 DAGs
[2022-11-06T03:49:32.222+0200] {logging_mixin.py:120} INFO - [2022-11-06T03:49:32.222+0200] {dag.py:3336} INFO - Setting next_dagrun for lesson1.exercise2 to 2022-11-04T03:49:31.250827+00:00, run_after=2022-11-05T03:49:31.250827+00:00
[2022-11-06T03:49:32.244+0200] {processor.py:176} INFO - Processing /Users/mnagy99/airflow/dags/lesson1_exercises/exercise2.py took 1.024 seconds
[2022-11-06T03:53:44.886+0200] {processor.py:154} INFO - Started process (PID=9034) to work on /Users/mnagy99/airflow/dags/lesson1_exercises/exercise2.py
[2022-11-06T03:53:44.889+0200] {processor.py:756} INFO - Processing file /Users/mnagy99/airflow/dags/lesson1_exercises/exercise2.py for tasks to queue
[2022-11-06T03:53:44.889+0200] {logging_mixin.py:120} INFO - [2022-11-06T03:53:44.889+0200] {dagbag.py:537} INFO - Filling up the DagBag from /Users/mnagy99/airflow/dags/lesson1_exercises/exercise2.py
[2022-11-06T03:53:44.921+0200] {processor.py:766} INFO - DAG(s) dict_keys(['lesson1.exercise2']) retrieved from /Users/mnagy99/airflow/dags/lesson1_exercises/exercise2.py
[2022-11-06T03:53:45.943+0200] {logging_mixin.py:120} INFO - [2022-11-06T03:53:45.942+0200] {dag.py:2585} INFO - Sync 1 DAGs
[2022-11-06T03:53:45.958+0200] {logging_mixin.py:120} INFO - [2022-11-06T03:53:45.958+0200] {dag.py:3336} INFO - Setting next_dagrun for lesson1.exercise2 to 2022-11-04T03:53:44.914826+00:00, run_after=2022-11-05T03:53:44.914826+00:00
[2022-11-06T03:53:45.979+0200] {processor.py:176} INFO - Processing /Users/mnagy99/airflow/dags/lesson1_exercises/exercise2.py took 1.093 seconds
[2022-11-06T03:58:19.377+0200] {processor.py:154} INFO - Started process (PID=9305) to work on /Users/mnagy99/airflow/dags/lesson1_exercises/exercise2.py
[2022-11-06T03:58:19.379+0200] {processor.py:756} INFO - Processing file /Users/mnagy99/airflow/dags/lesson1_exercises/exercise2.py for tasks to queue
[2022-11-06T03:58:19.380+0200] {logging_mixin.py:120} INFO - [2022-11-06T03:58:19.380+0200] {dagbag.py:537} INFO - Filling up the DagBag from /Users/mnagy99/airflow/dags/lesson1_exercises/exercise2.py
[2022-11-06T03:58:19.412+0200] {processor.py:766} INFO - DAG(s) dict_keys(['lesson1.exercise2']) retrieved from /Users/mnagy99/airflow/dags/lesson1_exercises/exercise2.py
[2022-11-06T03:58:20.424+0200] {logging_mixin.py:120} INFO - [2022-11-06T03:58:20.424+0200] {dag.py:2585} INFO - Sync 1 DAGs
[2022-11-06T03:58:20.439+0200] {logging_mixin.py:120} INFO - [2022-11-06T03:58:20.438+0200] {dag.py:3336} INFO - Setting next_dagrun for lesson1.exercise2 to 2022-11-04T03:58:19.405607+00:00, run_after=2022-11-05T03:58:19.405607+00:00
[2022-11-06T03:58:20.455+0200] {processor.py:176} INFO - Processing /Users/mnagy99/airflow/dags/lesson1_exercises/exercise2.py took 1.079 seconds
[2022-11-06T04:03:05.623+0200] {processor.py:154} INFO - Started process (PID=9599) to work on /Users/mnagy99/airflow/dags/lesson1_exercises/exercise2.py
[2022-11-06T04:03:05.626+0200] {processor.py:756} INFO - Processing file /Users/mnagy99/airflow/dags/lesson1_exercises/exercise2.py for tasks to queue
[2022-11-06T04:03:05.626+0200] {logging_mixin.py:120} INFO - [2022-11-06T04:03:05.626+0200] {dagbag.py:537} INFO - Filling up the DagBag from /Users/mnagy99/airflow/dags/lesson1_exercises/exercise2.py
[2022-11-06T04:03:05.655+0200] {processor.py:766} INFO - DAG(s) dict_keys(['lesson1.exercise2']) retrieved from /Users/mnagy99/airflow/dags/lesson1_exercises/exercise2.py
[2022-11-06T04:03:06.647+0200] {logging_mixin.py:120} INFO - [2022-11-06T04:03:06.647+0200] {dag.py:2585} INFO - Sync 1 DAGs
[2022-11-06T04:03:06.663+0200] {logging_mixin.py:120} INFO - [2022-11-06T04:03:06.663+0200] {dag.py:3336} INFO - Setting next_dagrun for lesson1.exercise2 to 2022-11-04T04:03:05.648941+00:00, run_after=2022-11-05T04:03:05.648941+00:00
[2022-11-06T04:03:06.685+0200] {processor.py:176} INFO - Processing /Users/mnagy99/airflow/dags/lesson1_exercises/exercise2.py took 1.062 seconds
[2022-11-06T04:07:46.208+0200] {processor.py:154} INFO - Started process (PID=9893) to work on /Users/mnagy99/airflow/dags/lesson1_exercises/exercise2.py
[2022-11-06T04:07:46.209+0200] {processor.py:756} INFO - Processing file /Users/mnagy99/airflow/dags/lesson1_exercises/exercise2.py for tasks to queue
[2022-11-06T04:07:46.210+0200] {logging_mixin.py:120} INFO - [2022-11-06T04:07:46.210+0200] {dagbag.py:537} INFO - Filling up the DagBag from /Users/mnagy99/airflow/dags/lesson1_exercises/exercise2.py
[2022-11-06T04:07:46.240+0200] {processor.py:766} INFO - DAG(s) dict_keys(['lesson1.exercise2']) retrieved from /Users/mnagy99/airflow/dags/lesson1_exercises/exercise2.py
[2022-11-06T04:07:47.219+0200] {logging_mixin.py:120} INFO - [2022-11-06T04:07:47.219+0200] {dag.py:2585} INFO - Sync 1 DAGs
[2022-11-06T04:07:47.233+0200] {logging_mixin.py:120} INFO - [2022-11-06T04:07:47.233+0200] {dag.py:3336} INFO - Setting next_dagrun for lesson1.exercise2 to 2022-11-04T04:07:46.233873+00:00, run_after=2022-11-05T04:07:46.233873+00:00
[2022-11-06T04:07:47.253+0200] {processor.py:176} INFO - Processing /Users/mnagy99/airflow/dags/lesson1_exercises/exercise2.py took 1.046 seconds
[2022-11-06T04:12:16.887+0200] {processor.py:154} INFO - Started process (PID=10177) to work on /Users/mnagy99/airflow/dags/lesson1_exercises/exercise2.py
[2022-11-06T04:12:16.890+0200] {processor.py:756} INFO - Processing file /Users/mnagy99/airflow/dags/lesson1_exercises/exercise2.py for tasks to queue
[2022-11-06T04:12:16.890+0200] {logging_mixin.py:120} INFO - [2022-11-06T04:12:16.890+0200] {dagbag.py:537} INFO - Filling up the DagBag from /Users/mnagy99/airflow/dags/lesson1_exercises/exercise2.py
[2022-11-06T04:12:16.920+0200] {processor.py:766} INFO - DAG(s) dict_keys(['lesson1.exercise2']) retrieved from /Users/mnagy99/airflow/dags/lesson1_exercises/exercise2.py
[2022-11-06T04:12:17.892+0200] {logging_mixin.py:120} INFO - [2022-11-06T04:12:17.892+0200] {dag.py:2585} INFO - Sync 1 DAGs
[2022-11-06T04:12:17.907+0200] {logging_mixin.py:120} INFO - [2022-11-06T04:12:17.907+0200] {dag.py:3336} INFO - Setting next_dagrun for lesson1.exercise2 to 2022-11-04T04:12:16.913494+00:00, run_after=2022-11-05T04:12:16.913494+00:00
[2022-11-06T04:12:17.927+0200] {processor.py:176} INFO - Processing /Users/mnagy99/airflow/dags/lesson1_exercises/exercise2.py took 1.040 seconds
[2022-11-06T04:16:22.536+0200] {processor.py:154} INFO - Started process (PID=10439) to work on /Users/mnagy99/airflow/dags/lesson1_exercises/exercise2.py
[2022-11-06T04:16:22.538+0200] {processor.py:756} INFO - Processing file /Users/mnagy99/airflow/dags/lesson1_exercises/exercise2.py for tasks to queue
[2022-11-06T04:16:22.539+0200] {logging_mixin.py:120} INFO - [2022-11-06T04:16:22.538+0200] {dagbag.py:537} INFO - Filling up the DagBag from /Users/mnagy99/airflow/dags/lesson1_exercises/exercise2.py
[2022-11-06T04:16:22.570+0200] {processor.py:766} INFO - DAG(s) dict_keys(['lesson1.exercise2']) retrieved from /Users/mnagy99/airflow/dags/lesson1_exercises/exercise2.py
[2022-11-06T04:16:23.524+0200] {logging_mixin.py:120} INFO - [2022-11-06T04:16:23.524+0200] {dag.py:2585} INFO - Sync 1 DAGs
[2022-11-06T04:16:23.538+0200] {logging_mixin.py:120} INFO - [2022-11-06T04:16:23.538+0200] {dag.py:3336} INFO - Setting next_dagrun for lesson1.exercise2 to 2022-11-04T04:16:22.563316+00:00, run_after=2022-11-05T04:16:22.563316+00:00
[2022-11-06T04:16:23.558+0200] {processor.py:176} INFO - Processing /Users/mnagy99/airflow/dags/lesson1_exercises/exercise2.py took 1.023 seconds
