[2022-11-06T02:01:28.970+0200] {processor.py:154} INFO - Started process (PID=1777) to work on /Users/mnagy99/airflow/dags/lesson1_exercises/exercise3.py
[2022-11-06T02:01:28.971+0200] {processor.py:756} INFO - Processing file /Users/mnagy99/airflow/dags/lesson1_exercises/exercise3.py for tasks to queue
[2022-11-06T02:01:28.972+0200] {logging_mixin.py:120} INFO - [2022-11-06T02:01:28.972+0200] {dagbag.py:537} INFO - Filling up the DagBag from /Users/mnagy99/airflow/dags/lesson1_exercises/exercise3.py
[2022-11-06T02:01:29.013+0200] {processor.py:766} INFO - DAG(s) dict_keys(['lesson1.exercise3']) retrieved from /Users/mnagy99/airflow/dags/lesson1_exercises/exercise3.py
[2022-11-06T02:01:30.309+0200] {logging_mixin.py:120} INFO - [2022-11-06T02:01:30.309+0200] {dag.py:2585} INFO - Sync 1 DAGs
[2022-11-06T02:01:30.326+0200] {logging_mixin.py:120} INFO - [2022-11-06T02:01:30.326+0200] {dag.py:3336} INFO - Setting next_dagrun for lesson1.exercise3 to 2022-11-05T03:00:00+00:00, run_after=2022-11-05T04:00:00+00:00
[2022-11-06T02:01:30.346+0200] {processor.py:176} INFO - Processing /Users/mnagy99/airflow/dags/lesson1_exercises/exercise3.py took 1.377 seconds
[2022-11-06T02:06:04.839+0200] {processor.py:154} INFO - Started process (PID=2259) to work on /Users/mnagy99/airflow/dags/lesson1_exercises/exercise3.py
[2022-11-06T02:06:04.841+0200] {processor.py:756} INFO - Processing file /Users/mnagy99/airflow/dags/lesson1_exercises/exercise3.py for tasks to queue
[2022-11-06T02:06:04.842+0200] {logging_mixin.py:120} INFO - [2022-11-06T02:06:04.842+0200] {dagbag.py:537} INFO - Filling up the DagBag from /Users/mnagy99/airflow/dags/lesson1_exercises/exercise3.py
[2022-11-06T02:06:04.878+0200] {processor.py:766} INFO - DAG(s) dict_keys(['lesson1.exercise3']) retrieved from /Users/mnagy99/airflow/dags/lesson1_exercises/exercise3.py
[2022-11-06T02:06:05.992+0200] {logging_mixin.py:120} INFO - [2022-11-06T02:06:05.992+0200] {dag.py:2585} INFO - Sync 1 DAGs
[2022-11-06T02:06:06.007+0200] {logging_mixin.py:120} INFO - [2022-11-06T02:06:06.007+0200] {dag.py:3336} INFO - Setting next_dagrun for lesson1.exercise3 to 2022-11-05T03:00:00+00:00, run_after=2022-11-05T04:00:00+00:00
[2022-11-06T02:06:06.024+0200] {processor.py:176} INFO - Processing /Users/mnagy99/airflow/dags/lesson1_exercises/exercise3.py took 1.186 seconds
[2022-11-06T02:10:39.712+0200] {processor.py:154} INFO - Started process (PID=2515) to work on /Users/mnagy99/airflow/dags/lesson1_exercises/exercise3.py
[2022-11-06T02:10:39.714+0200] {processor.py:756} INFO - Processing file /Users/mnagy99/airflow/dags/lesson1_exercises/exercise3.py for tasks to queue
[2022-11-06T02:10:39.715+0200] {logging_mixin.py:120} INFO - [2022-11-06T02:10:39.715+0200] {dagbag.py:537} INFO - Filling up the DagBag from /Users/mnagy99/airflow/dags/lesson1_exercises/exercise3.py
[2022-11-06T02:10:39.748+0200] {processor.py:766} INFO - DAG(s) dict_keys(['lesson1.exercise3']) retrieved from /Users/mnagy99/airflow/dags/lesson1_exercises/exercise3.py
[2022-11-06T02:10:40.840+0200] {logging_mixin.py:120} INFO - [2022-11-06T02:10:40.839+0200] {dag.py:2585} INFO - Sync 1 DAGs
[2022-11-06T02:10:40.855+0200] {logging_mixin.py:120} INFO - [2022-11-06T02:10:40.855+0200] {dag.py:3336} INFO - Setting next_dagrun for lesson1.exercise3 to 2022-11-05T03:00:00+00:00, run_after=2022-11-05T04:00:00+00:00
[2022-11-06T02:10:40.873+0200] {processor.py:176} INFO - Processing /Users/mnagy99/airflow/dags/lesson1_exercises/exercise3.py took 1.162 seconds
[2022-11-06T02:15:13.371+0200] {processor.py:154} INFO - Started process (PID=2838) to work on /Users/mnagy99/airflow/dags/lesson1_exercises/exercise3.py
[2022-11-06T02:15:13.373+0200] {processor.py:756} INFO - Processing file /Users/mnagy99/airflow/dags/lesson1_exercises/exercise3.py for tasks to queue
[2022-11-06T02:15:13.374+0200] {logging_mixin.py:120} INFO - [2022-11-06T02:15:13.374+0200] {dagbag.py:537} INFO - Filling up the DagBag from /Users/mnagy99/airflow/dags/lesson1_exercises/exercise3.py
[2022-11-06T02:15:13.492+0200] {processor.py:766} INFO - DAG(s) dict_keys(['lesson1.exercise3']) retrieved from /Users/mnagy99/airflow/dags/lesson1_exercises/exercise3.py
[2022-11-06T02:15:14.845+0200] {logging_mixin.py:120} INFO - [2022-11-06T02:15:14.844+0200] {dag.py:2585} INFO - Sync 1 DAGs
[2022-11-06T02:15:14.859+0200] {logging_mixin.py:120} INFO - [2022-11-06T02:15:14.859+0200] {dag.py:3336} INFO - Setting next_dagrun for lesson1.exercise3 to 2022-11-05T03:00:00+00:00, run_after=2022-11-05T04:00:00+00:00
[2022-11-06T02:15:14.875+0200] {processor.py:176} INFO - Processing /Users/mnagy99/airflow/dags/lesson1_exercises/exercise3.py took 1.505 seconds
[2022-11-06T02:19:36.474+0200] {processor.py:154} INFO - Started process (PID=3121) to work on /Users/mnagy99/airflow/dags/lesson1_exercises/exercise3.py
[2022-11-06T02:19:36.477+0200] {processor.py:756} INFO - Processing file /Users/mnagy99/airflow/dags/lesson1_exercises/exercise3.py for tasks to queue
[2022-11-06T02:19:36.477+0200] {logging_mixin.py:120} INFO - [2022-11-06T02:19:36.477+0200] {dagbag.py:537} INFO - Filling up the DagBag from /Users/mnagy99/airflow/dags/lesson1_exercises/exercise3.py
[2022-11-06T02:19:36.513+0200] {processor.py:766} INFO - DAG(s) dict_keys(['lesson1.exercise3']) retrieved from /Users/mnagy99/airflow/dags/lesson1_exercises/exercise3.py
[2022-11-06T02:19:37.532+0200] {logging_mixin.py:120} INFO - [2022-11-06T02:19:37.531+0200] {dag.py:2585} INFO - Sync 1 DAGs
[2022-11-06T02:19:37.547+0200] {logging_mixin.py:120} INFO - [2022-11-06T02:19:37.547+0200] {dag.py:3336} INFO - Setting next_dagrun for lesson1.exercise3 to 2022-11-05T03:00:00+00:00, run_after=2022-11-05T04:00:00+00:00
[2022-11-06T02:19:37.565+0200] {processor.py:176} INFO - Processing /Users/mnagy99/airflow/dags/lesson1_exercises/exercise3.py took 1.091 seconds
[2022-11-06T02:23:55.239+0200] {processor.py:154} INFO - Started process (PID=3390) to work on /Users/mnagy99/airflow/dags/lesson1_exercises/exercise3.py
[2022-11-06T02:23:55.242+0200] {processor.py:756} INFO - Processing file /Users/mnagy99/airflow/dags/lesson1_exercises/exercise3.py for tasks to queue
[2022-11-06T02:23:55.242+0200] {logging_mixin.py:120} INFO - [2022-11-06T02:23:55.242+0200] {dagbag.py:537} INFO - Filling up the DagBag from /Users/mnagy99/airflow/dags/lesson1_exercises/exercise3.py
[2022-11-06T02:23:55.284+0200] {processor.py:766} INFO - DAG(s) dict_keys(['lesson1.exercise3']) retrieved from /Users/mnagy99/airflow/dags/lesson1_exercises/exercise3.py
[2022-11-06T02:23:57.503+0200] {logging_mixin.py:120} INFO - [2022-11-06T02:23:57.502+0200] {dag.py:2585} INFO - Sync 1 DAGs
[2022-11-06T02:23:57.530+0200] {logging_mixin.py:120} INFO - [2022-11-06T02:23:57.530+0200] {dag.py:3336} INFO - Setting next_dagrun for lesson1.exercise3 to 2022-11-05T03:00:00+00:00, run_after=2022-11-05T04:00:00+00:00
[2022-11-06T02:23:57.557+0200] {processor.py:176} INFO - Processing /Users/mnagy99/airflow/dags/lesson1_exercises/exercise3.py took 2.318 seconds
[2022-11-06T02:28:23.528+0200] {processor.py:154} INFO - Started process (PID=3673) to work on /Users/mnagy99/airflow/dags/lesson1_exercises/exercise3.py
[2022-11-06T02:28:23.531+0200] {processor.py:756} INFO - Processing file /Users/mnagy99/airflow/dags/lesson1_exercises/exercise3.py for tasks to queue
[2022-11-06T02:28:23.531+0200] {logging_mixin.py:120} INFO - [2022-11-06T02:28:23.531+0200] {dagbag.py:537} INFO - Filling up the DagBag from /Users/mnagy99/airflow/dags/lesson1_exercises/exercise3.py
[2022-11-06T02:28:23.564+0200] {processor.py:766} INFO - DAG(s) dict_keys(['lesson1.exercise3']) retrieved from /Users/mnagy99/airflow/dags/lesson1_exercises/exercise3.py
[2022-11-06T02:28:24.601+0200] {logging_mixin.py:120} INFO - [2022-11-06T02:28:24.601+0200] {dag.py:2585} INFO - Sync 1 DAGs
[2022-11-06T02:28:24.618+0200] {logging_mixin.py:120} INFO - [2022-11-06T02:28:24.618+0200] {dag.py:3336} INFO - Setting next_dagrun for lesson1.exercise3 to 2022-11-05T03:00:00+00:00, run_after=2022-11-05T04:00:00+00:00
[2022-11-06T02:28:24.637+0200] {processor.py:176} INFO - Processing /Users/mnagy99/airflow/dags/lesson1_exercises/exercise3.py took 1.110 seconds
[2022-11-06T02:32:47.781+0200] {processor.py:154} INFO - Started process (PID=3973) to work on /Users/mnagy99/airflow/dags/lesson1_exercises/exercise3.py
[2022-11-06T02:32:47.783+0200] {processor.py:756} INFO - Processing file /Users/mnagy99/airflow/dags/lesson1_exercises/exercise3.py for tasks to queue
[2022-11-06T02:32:47.784+0200] {logging_mixin.py:120} INFO - [2022-11-06T02:32:47.784+0200] {dagbag.py:537} INFO - Filling up the DagBag from /Users/mnagy99/airflow/dags/lesson1_exercises/exercise3.py
[2022-11-06T02:32:47.818+0200] {processor.py:766} INFO - DAG(s) dict_keys(['lesson1.exercise3']) retrieved from /Users/mnagy99/airflow/dags/lesson1_exercises/exercise3.py
[2022-11-06T02:32:48.836+0200] {logging_mixin.py:120} INFO - [2022-11-06T02:32:48.836+0200] {dag.py:2585} INFO - Sync 1 DAGs
[2022-11-06T02:32:48.853+0200] {logging_mixin.py:120} INFO - [2022-11-06T02:32:48.852+0200] {dag.py:3336} INFO - Setting next_dagrun for lesson1.exercise3 to 2022-11-05T03:00:00+00:00, run_after=2022-11-05T04:00:00+00:00
[2022-11-06T02:32:48.874+0200] {processor.py:176} INFO - Processing /Users/mnagy99/airflow/dags/lesson1_exercises/exercise3.py took 1.094 seconds
[2022-11-06T02:37:06.458+0200] {processor.py:154} INFO - Started process (PID=4261) to work on /Users/mnagy99/airflow/dags/lesson1_exercises/exercise3.py
[2022-11-06T02:37:06.459+0200] {processor.py:756} INFO - Processing file /Users/mnagy99/airflow/dags/lesson1_exercises/exercise3.py for tasks to queue
[2022-11-06T02:37:06.459+0200] {logging_mixin.py:120} INFO - [2022-11-06T02:37:06.459+0200] {dagbag.py:537} INFO - Filling up the DagBag from /Users/mnagy99/airflow/dags/lesson1_exercises/exercise3.py
[2022-11-06T02:37:06.499+0200] {processor.py:766} INFO - DAG(s) dict_keys(['lesson1.exercise3']) retrieved from /Users/mnagy99/airflow/dags/lesson1_exercises/exercise3.py
[2022-11-06T02:37:07.563+0200] {logging_mixin.py:120} INFO - [2022-11-06T02:37:07.562+0200] {dag.py:2585} INFO - Sync 1 DAGs
[2022-11-06T02:37:07.581+0200] {logging_mixin.py:120} INFO - [2022-11-06T02:37:07.581+0200] {dag.py:3336} INFO - Setting next_dagrun for lesson1.exercise3 to 2022-11-05T03:00:00+00:00, run_after=2022-11-05T04:00:00+00:00
[2022-11-06T02:37:07.601+0200] {processor.py:176} INFO - Processing /Users/mnagy99/airflow/dags/lesson1_exercises/exercise3.py took 1.144 seconds
[2022-11-06T02:41:42.222+0200] {processor.py:154} INFO - Started process (PID=4557) to work on /Users/mnagy99/airflow/dags/lesson1_exercises/exercise3.py
[2022-11-06T02:41:42.223+0200] {processor.py:756} INFO - Processing file /Users/mnagy99/airflow/dags/lesson1_exercises/exercise3.py for tasks to queue
[2022-11-06T02:41:42.224+0200] {logging_mixin.py:120} INFO - [2022-11-06T02:41:42.223+0200] {dagbag.py:537} INFO - Filling up the DagBag from /Users/mnagy99/airflow/dags/lesson1_exercises/exercise3.py
[2022-11-06T02:41:42.260+0200] {processor.py:766} INFO - DAG(s) dict_keys(['lesson1.exercise3']) retrieved from /Users/mnagy99/airflow/dags/lesson1_exercises/exercise3.py
[2022-11-06T02:41:43.333+0200] {logging_mixin.py:120} INFO - [2022-11-06T02:41:43.333+0200] {dag.py:2585} INFO - Sync 1 DAGs
[2022-11-06T02:41:43.352+0200] {logging_mixin.py:120} INFO - [2022-11-06T02:41:43.352+0200] {dag.py:3336} INFO - Setting next_dagrun for lesson1.exercise3 to 2022-11-05T03:00:00+00:00, run_after=2022-11-05T04:00:00+00:00
[2022-11-06T02:41:43.376+0200] {processor.py:176} INFO - Processing /Users/mnagy99/airflow/dags/lesson1_exercises/exercise3.py took 1.155 seconds
[2022-11-06T02:46:23.046+0200] {processor.py:154} INFO - Started process (PID=4838) to work on /Users/mnagy99/airflow/dags/lesson1_exercises/exercise3.py
[2022-11-06T02:46:23.047+0200] {processor.py:756} INFO - Processing file /Users/mnagy99/airflow/dags/lesson1_exercises/exercise3.py for tasks to queue
[2022-11-06T02:46:23.048+0200] {logging_mixin.py:120} INFO - [2022-11-06T02:46:23.048+0200] {dagbag.py:537} INFO - Filling up the DagBag from /Users/mnagy99/airflow/dags/lesson1_exercises/exercise3.py
[2022-11-06T02:46:23.084+0200] {processor.py:766} INFO - DAG(s) dict_keys(['lesson1.exercise3']) retrieved from /Users/mnagy99/airflow/dags/lesson1_exercises/exercise3.py
[2022-11-06T02:46:24.036+0200] {logging_mixin.py:120} INFO - [2022-11-06T02:46:24.036+0200] {dag.py:2585} INFO - Sync 1 DAGs
[2022-11-06T02:46:24.052+0200] {logging_mixin.py:120} INFO - [2022-11-06T02:46:24.052+0200] {dag.py:3336} INFO - Setting next_dagrun for lesson1.exercise3 to 2022-11-05T03:00:00+00:00, run_after=2022-11-05T04:00:00+00:00
[2022-11-06T02:46:24.070+0200] {processor.py:176} INFO - Processing /Users/mnagy99/airflow/dags/lesson1_exercises/exercise3.py took 1.024 seconds
[2022-11-06T02:50:36.532+0200] {processor.py:154} INFO - Started process (PID=5086) to work on /Users/mnagy99/airflow/dags/lesson1_exercises/exercise3.py
[2022-11-06T02:50:36.533+0200] {processor.py:756} INFO - Processing file /Users/mnagy99/airflow/dags/lesson1_exercises/exercise3.py for tasks to queue
[2022-11-06T02:50:36.534+0200] {logging_mixin.py:120} INFO - [2022-11-06T02:50:36.534+0200] {dagbag.py:537} INFO - Filling up the DagBag from /Users/mnagy99/airflow/dags/lesson1_exercises/exercise3.py
[2022-11-06T02:50:36.567+0200] {processor.py:766} INFO - DAG(s) dict_keys(['lesson1.exercise3']) retrieved from /Users/mnagy99/airflow/dags/lesson1_exercises/exercise3.py
[2022-11-06T02:50:37.525+0200] {logging_mixin.py:120} INFO - [2022-11-06T02:50:37.524+0200] {dag.py:2585} INFO - Sync 1 DAGs
[2022-11-06T02:50:37.540+0200] {logging_mixin.py:120} INFO - [2022-11-06T02:50:37.540+0200] {dag.py:3336} INFO - Setting next_dagrun for lesson1.exercise3 to 2022-11-05T03:00:00+00:00, run_after=2022-11-05T04:00:00+00:00
[2022-11-06T02:50:37.559+0200] {processor.py:176} INFO - Processing /Users/mnagy99/airflow/dags/lesson1_exercises/exercise3.py took 1.028 seconds
[2022-11-06T02:54:49.695+0200] {processor.py:154} INFO - Started process (PID=5337) to work on /Users/mnagy99/airflow/dags/lesson1_exercises/exercise3.py
[2022-11-06T02:54:49.696+0200] {processor.py:756} INFO - Processing file /Users/mnagy99/airflow/dags/lesson1_exercises/exercise3.py for tasks to queue
[2022-11-06T02:54:49.697+0200] {logging_mixin.py:120} INFO - [2022-11-06T02:54:49.697+0200] {dagbag.py:537} INFO - Filling up the DagBag from /Users/mnagy99/airflow/dags/lesson1_exercises/exercise3.py
[2022-11-06T02:54:49.734+0200] {processor.py:766} INFO - DAG(s) dict_keys(['lesson1.exercise3']) retrieved from /Users/mnagy99/airflow/dags/lesson1_exercises/exercise3.py
[2022-11-06T02:54:51.121+0200] {logging_mixin.py:120} INFO - [2022-11-06T02:54:51.120+0200] {dag.py:2585} INFO - Sync 1 DAGs
[2022-11-06T02:54:51.148+0200] {logging_mixin.py:120} INFO - [2022-11-06T02:54:51.148+0200] {dag.py:3336} INFO - Setting next_dagrun for lesson1.exercise3 to 2022-11-05T03:00:00+00:00, run_after=2022-11-05T04:00:00+00:00
[2022-11-06T02:54:51.192+0200] {processor.py:176} INFO - Processing /Users/mnagy99/airflow/dags/lesson1_exercises/exercise3.py took 1.498 seconds
[2022-11-06T02:59:25.180+0200] {processor.py:154} INFO - Started process (PID=5617) to work on /Users/mnagy99/airflow/dags/lesson1_exercises/exercise3.py
[2022-11-06T02:59:25.181+0200] {processor.py:756} INFO - Processing file /Users/mnagy99/airflow/dags/lesson1_exercises/exercise3.py for tasks to queue
[2022-11-06T02:59:25.181+0200] {logging_mixin.py:120} INFO - [2022-11-06T02:59:25.181+0200] {dagbag.py:537} INFO - Filling up the DagBag from /Users/mnagy99/airflow/dags/lesson1_exercises/exercise3.py
[2022-11-06T02:59:25.214+0200] {processor.py:766} INFO - DAG(s) dict_keys(['lesson1.exercise3']) retrieved from /Users/mnagy99/airflow/dags/lesson1_exercises/exercise3.py
[2022-11-06T02:59:26.246+0200] {logging_mixin.py:120} INFO - [2022-11-06T02:59:26.246+0200] {dag.py:2585} INFO - Sync 1 DAGs
[2022-11-06T02:59:26.261+0200] {logging_mixin.py:120} INFO - [2022-11-06T02:59:26.261+0200] {dag.py:3336} INFO - Setting next_dagrun for lesson1.exercise3 to 2022-11-05T03:00:00+00:00, run_after=2022-11-05T04:00:00+00:00
[2022-11-06T02:59:26.278+0200] {processor.py:176} INFO - Processing /Users/mnagy99/airflow/dags/lesson1_exercises/exercise3.py took 1.099 seconds
[2022-11-06T03:04:23.353+0200] {processor.py:154} INFO - Started process (PID=5893) to work on /Users/mnagy99/airflow/dags/lesson1_exercises/exercise3.py
[2022-11-06T03:04:23.355+0200] {processor.py:756} INFO - Processing file /Users/mnagy99/airflow/dags/lesson1_exercises/exercise3.py for tasks to queue
[2022-11-06T03:04:23.356+0200] {logging_mixin.py:120} INFO - [2022-11-06T03:04:23.356+0200] {dagbag.py:537} INFO - Filling up the DagBag from /Users/mnagy99/airflow/dags/lesson1_exercises/exercise3.py
[2022-11-06T03:04:23.393+0200] {processor.py:766} INFO - DAG(s) dict_keys(['lesson1.exercise3']) retrieved from /Users/mnagy99/airflow/dags/lesson1_exercises/exercise3.py
[2022-11-06T03:04:24.449+0200] {logging_mixin.py:120} INFO - [2022-11-06T03:04:24.449+0200] {dag.py:2585} INFO - Sync 1 DAGs
[2022-11-06T03:04:24.463+0200] {logging_mixin.py:120} INFO - [2022-11-06T03:04:24.463+0200] {dag.py:3336} INFO - Setting next_dagrun for lesson1.exercise3 to 2022-11-05T04:00:00+00:00, run_after=2022-11-05T05:00:00+00:00
[2022-11-06T03:04:24.481+0200] {processor.py:176} INFO - Processing /Users/mnagy99/airflow/dags/lesson1_exercises/exercise3.py took 1.129 seconds
[2022-11-06T03:08:47.158+0200] {processor.py:154} INFO - Started process (PID=6151) to work on /Users/mnagy99/airflow/dags/lesson1_exercises/exercise3.py
[2022-11-06T03:08:47.161+0200] {processor.py:756} INFO - Processing file /Users/mnagy99/airflow/dags/lesson1_exercises/exercise3.py for tasks to queue
[2022-11-06T03:08:47.162+0200] {logging_mixin.py:120} INFO - [2022-11-06T03:08:47.162+0200] {dagbag.py:537} INFO - Filling up the DagBag from /Users/mnagy99/airflow/dags/lesson1_exercises/exercise3.py
[2022-11-06T03:08:47.198+0200] {processor.py:766} INFO - DAG(s) dict_keys(['lesson1.exercise3']) retrieved from /Users/mnagy99/airflow/dags/lesson1_exercises/exercise3.py
[2022-11-06T03:08:48.241+0200] {logging_mixin.py:120} INFO - [2022-11-06T03:08:48.241+0200] {dag.py:2585} INFO - Sync 1 DAGs
[2022-11-06T03:08:48.257+0200] {logging_mixin.py:120} INFO - [2022-11-06T03:08:48.257+0200] {dag.py:3336} INFO - Setting next_dagrun for lesson1.exercise3 to 2022-11-05T04:00:00+00:00, run_after=2022-11-05T05:00:00+00:00
[2022-11-06T03:08:48.275+0200] {processor.py:176} INFO - Processing /Users/mnagy99/airflow/dags/lesson1_exercises/exercise3.py took 1.118 seconds
[2022-11-06T03:12:59.195+0200] {processor.py:154} INFO - Started process (PID=6419) to work on /Users/mnagy99/airflow/dags/lesson1_exercises/exercise3.py
[2022-11-06T03:12:59.197+0200] {processor.py:756} INFO - Processing file /Users/mnagy99/airflow/dags/lesson1_exercises/exercise3.py for tasks to queue
[2022-11-06T03:12:59.198+0200] {logging_mixin.py:120} INFO - [2022-11-06T03:12:59.198+0200] {dagbag.py:537} INFO - Filling up the DagBag from /Users/mnagy99/airflow/dags/lesson1_exercises/exercise3.py
[2022-11-06T03:12:59.231+0200] {processor.py:766} INFO - DAG(s) dict_keys(['lesson1.exercise3']) retrieved from /Users/mnagy99/airflow/dags/lesson1_exercises/exercise3.py
[2022-11-06T03:13:00.190+0200] {logging_mixin.py:120} INFO - [2022-11-06T03:13:00.190+0200] {dag.py:2585} INFO - Sync 1 DAGs
[2022-11-06T03:13:00.208+0200] {logging_mixin.py:120} INFO - [2022-11-06T03:13:00.208+0200] {dag.py:3336} INFO - Setting next_dagrun for lesson1.exercise3 to 2022-11-05T04:00:00+00:00, run_after=2022-11-05T05:00:00+00:00
[2022-11-06T03:13:00.225+0200] {processor.py:176} INFO - Processing /Users/mnagy99/airflow/dags/lesson1_exercises/exercise3.py took 1.031 seconds
[2022-11-06T03:17:01.041+0200] {processor.py:154} INFO - Started process (PID=6678) to work on /Users/mnagy99/airflow/dags/lesson1_exercises/exercise3.py
[2022-11-06T03:17:01.044+0200] {processor.py:756} INFO - Processing file /Users/mnagy99/airflow/dags/lesson1_exercises/exercise3.py for tasks to queue
[2022-11-06T03:17:01.045+0200] {logging_mixin.py:120} INFO - [2022-11-06T03:17:01.045+0200] {dagbag.py:537} INFO - Filling up the DagBag from /Users/mnagy99/airflow/dags/lesson1_exercises/exercise3.py
[2022-11-06T03:17:01.086+0200] {processor.py:766} INFO - DAG(s) dict_keys(['lesson1.exercise3']) retrieved from /Users/mnagy99/airflow/dags/lesson1_exercises/exercise3.py
[2022-11-06T03:17:02.038+0200] {logging_mixin.py:120} INFO - [2022-11-06T03:17:02.038+0200] {dag.py:2585} INFO - Sync 1 DAGs
[2022-11-06T03:17:02.054+0200] {logging_mixin.py:120} INFO - [2022-11-06T03:17:02.054+0200] {dag.py:3336} INFO - Setting next_dagrun for lesson1.exercise3 to 2022-11-05T04:00:00+00:00, run_after=2022-11-05T05:00:00+00:00
[2022-11-06T03:17:02.072+0200] {processor.py:176} INFO - Processing /Users/mnagy99/airflow/dags/lesson1_exercises/exercise3.py took 1.031 seconds
[2022-11-06T03:20:56.253+0200] {processor.py:154} INFO - Started process (PID=6930) to work on /Users/mnagy99/airflow/dags/lesson1_exercises/exercise3.py
[2022-11-06T03:20:56.254+0200] {processor.py:756} INFO - Processing file /Users/mnagy99/airflow/dags/lesson1_exercises/exercise3.py for tasks to queue
[2022-11-06T03:20:56.254+0200] {logging_mixin.py:120} INFO - [2022-11-06T03:20:56.254+0200] {dagbag.py:537} INFO - Filling up the DagBag from /Users/mnagy99/airflow/dags/lesson1_exercises/exercise3.py
[2022-11-06T03:20:56.285+0200] {processor.py:766} INFO - DAG(s) dict_keys(['lesson1.exercise3']) retrieved from /Users/mnagy99/airflow/dags/lesson1_exercises/exercise3.py
[2022-11-06T03:20:57.437+0200] {logging_mixin.py:120} INFO - [2022-11-06T03:20:57.437+0200] {dag.py:2585} INFO - Sync 1 DAGs
[2022-11-06T03:20:57.456+0200] {logging_mixin.py:120} INFO - [2022-11-06T03:20:57.456+0200] {dag.py:3336} INFO - Setting next_dagrun for lesson1.exercise3 to 2022-11-05T04:00:00+00:00, run_after=2022-11-05T05:00:00+00:00
[2022-11-06T03:20:57.473+0200] {processor.py:176} INFO - Processing /Users/mnagy99/airflow/dags/lesson1_exercises/exercise3.py took 1.221 seconds
[2022-11-06T03:24:56.347+0200] {processor.py:154} INFO - Started process (PID=7180) to work on /Users/mnagy99/airflow/dags/lesson1_exercises/exercise3.py
[2022-11-06T03:24:56.350+0200] {processor.py:756} INFO - Processing file /Users/mnagy99/airflow/dags/lesson1_exercises/exercise3.py for tasks to queue
[2022-11-06T03:24:56.351+0200] {logging_mixin.py:120} INFO - [2022-11-06T03:24:56.350+0200] {dagbag.py:537} INFO - Filling up the DagBag from /Users/mnagy99/airflow/dags/lesson1_exercises/exercise3.py
[2022-11-06T03:24:56.385+0200] {processor.py:766} INFO - DAG(s) dict_keys(['lesson1.exercise3']) retrieved from /Users/mnagy99/airflow/dags/lesson1_exercises/exercise3.py
[2022-11-06T03:24:57.350+0200] {logging_mixin.py:120} INFO - [2022-11-06T03:24:57.350+0200] {dag.py:2585} INFO - Sync 1 DAGs
[2022-11-06T03:24:57.365+0200] {logging_mixin.py:120} INFO - [2022-11-06T03:24:57.365+0200] {dag.py:3336} INFO - Setting next_dagrun for lesson1.exercise3 to 2022-11-05T04:00:00+00:00, run_after=2022-11-05T05:00:00+00:00
[2022-11-06T03:24:57.383+0200] {processor.py:176} INFO - Processing /Users/mnagy99/airflow/dags/lesson1_exercises/exercise3.py took 1.037 seconds
[2022-11-06T03:29:00.044+0200] {processor.py:154} INFO - Started process (PID=7452) to work on /Users/mnagy99/airflow/dags/lesson1_exercises/exercise3.py
[2022-11-06T03:29:00.046+0200] {processor.py:756} INFO - Processing file /Users/mnagy99/airflow/dags/lesson1_exercises/exercise3.py for tasks to queue
[2022-11-06T03:29:00.046+0200] {logging_mixin.py:120} INFO - [2022-11-06T03:29:00.046+0200] {dagbag.py:537} INFO - Filling up the DagBag from /Users/mnagy99/airflow/dags/lesson1_exercises/exercise3.py
[2022-11-06T03:29:00.080+0200] {processor.py:766} INFO - DAG(s) dict_keys(['lesson1.exercise3']) retrieved from /Users/mnagy99/airflow/dags/lesson1_exercises/exercise3.py
[2022-11-06T03:29:01.025+0200] {logging_mixin.py:120} INFO - [2022-11-06T03:29:01.025+0200] {dag.py:2585} INFO - Sync 1 DAGs
[2022-11-06T03:29:01.040+0200] {logging_mixin.py:120} INFO - [2022-11-06T03:29:01.040+0200] {dag.py:3336} INFO - Setting next_dagrun for lesson1.exercise3 to 2022-11-05T04:00:00+00:00, run_after=2022-11-05T05:00:00+00:00
[2022-11-06T03:29:01.059+0200] {processor.py:176} INFO - Processing /Users/mnagy99/airflow/dags/lesson1_exercises/exercise3.py took 1.016 seconds
[2022-11-06T03:33:01.371+0200] {processor.py:154} INFO - Started process (PID=7705) to work on /Users/mnagy99/airflow/dags/lesson1_exercises/exercise3.py
[2022-11-06T03:33:01.373+0200] {processor.py:756} INFO - Processing file /Users/mnagy99/airflow/dags/lesson1_exercises/exercise3.py for tasks to queue
[2022-11-06T03:33:01.374+0200] {logging_mixin.py:120} INFO - [2022-11-06T03:33:01.374+0200] {dagbag.py:537} INFO - Filling up the DagBag from /Users/mnagy99/airflow/dags/lesson1_exercises/exercise3.py
[2022-11-06T03:33:01.408+0200] {processor.py:766} INFO - DAG(s) dict_keys(['lesson1.exercise3']) retrieved from /Users/mnagy99/airflow/dags/lesson1_exercises/exercise3.py
[2022-11-06T03:33:02.403+0200] {logging_mixin.py:120} INFO - [2022-11-06T03:33:02.403+0200] {dag.py:2585} INFO - Sync 1 DAGs
[2022-11-06T03:33:02.418+0200] {logging_mixin.py:120} INFO - [2022-11-06T03:33:02.418+0200] {dag.py:3336} INFO - Setting next_dagrun for lesson1.exercise3 to 2022-11-05T04:00:00+00:00, run_after=2022-11-05T05:00:00+00:00
[2022-11-06T03:33:02.437+0200] {processor.py:176} INFO - Processing /Users/mnagy99/airflow/dags/lesson1_exercises/exercise3.py took 1.067 seconds
[2022-11-06T03:37:15.456+0200] {processor.py:154} INFO - Started process (PID=8012) to work on /Users/mnagy99/airflow/dags/lesson1_exercises/exercise3.py
[2022-11-06T03:37:15.458+0200] {processor.py:756} INFO - Processing file /Users/mnagy99/airflow/dags/lesson1_exercises/exercise3.py for tasks to queue
[2022-11-06T03:37:15.459+0200] {logging_mixin.py:120} INFO - [2022-11-06T03:37:15.459+0200] {dagbag.py:537} INFO - Filling up the DagBag from /Users/mnagy99/airflow/dags/lesson1_exercises/exercise3.py
[2022-11-06T03:37:15.496+0200] {processor.py:766} INFO - DAG(s) dict_keys(['lesson1.exercise3']) retrieved from /Users/mnagy99/airflow/dags/lesson1_exercises/exercise3.py
[2022-11-06T03:37:16.504+0200] {logging_mixin.py:120} INFO - [2022-11-06T03:37:16.504+0200] {dag.py:2585} INFO - Sync 1 DAGs
[2022-11-06T03:37:16.518+0200] {logging_mixin.py:120} INFO - [2022-11-06T03:37:16.518+0200] {dag.py:3336} INFO - Setting next_dagrun for lesson1.exercise3 to 2022-11-05T04:00:00+00:00, run_after=2022-11-05T05:00:00+00:00
[2022-11-06T03:37:16.535+0200] {processor.py:176} INFO - Processing /Users/mnagy99/airflow/dags/lesson1_exercises/exercise3.py took 1.080 seconds
[2022-11-06T03:41:16.122+0200] {processor.py:154} INFO - Started process (PID=8258) to work on /Users/mnagy99/airflow/dags/lesson1_exercises/exercise3.py
[2022-11-06T03:41:16.124+0200] {processor.py:756} INFO - Processing file /Users/mnagy99/airflow/dags/lesson1_exercises/exercise3.py for tasks to queue
[2022-11-06T03:41:16.125+0200] {logging_mixin.py:120} INFO - [2022-11-06T03:41:16.125+0200] {dagbag.py:537} INFO - Filling up the DagBag from /Users/mnagy99/airflow/dags/lesson1_exercises/exercise3.py
[2022-11-06T03:41:16.157+0200] {processor.py:766} INFO - DAG(s) dict_keys(['lesson1.exercise3']) retrieved from /Users/mnagy99/airflow/dags/lesson1_exercises/exercise3.py
[2022-11-06T03:41:17.151+0200] {logging_mixin.py:120} INFO - [2022-11-06T03:41:17.151+0200] {dag.py:2585} INFO - Sync 1 DAGs
[2022-11-06T03:41:17.167+0200] {logging_mixin.py:120} INFO - [2022-11-06T03:41:17.167+0200] {dag.py:3336} INFO - Setting next_dagrun for lesson1.exercise3 to 2022-11-05T04:00:00+00:00, run_after=2022-11-05T05:00:00+00:00
[2022-11-06T03:41:17.188+0200] {processor.py:176} INFO - Processing /Users/mnagy99/airflow/dags/lesson1_exercises/exercise3.py took 1.067 seconds
[2022-11-06T03:45:17.738+0200] {processor.py:154} INFO - Started process (PID=8518) to work on /Users/mnagy99/airflow/dags/lesson1_exercises/exercise3.py
[2022-11-06T03:45:17.739+0200] {processor.py:756} INFO - Processing file /Users/mnagy99/airflow/dags/lesson1_exercises/exercise3.py for tasks to queue
[2022-11-06T03:45:17.740+0200] {logging_mixin.py:120} INFO - [2022-11-06T03:45:17.740+0200] {dagbag.py:537} INFO - Filling up the DagBag from /Users/mnagy99/airflow/dags/lesson1_exercises/exercise3.py
[2022-11-06T03:45:17.773+0200] {processor.py:766} INFO - DAG(s) dict_keys(['lesson1.exercise3']) retrieved from /Users/mnagy99/airflow/dags/lesson1_exercises/exercise3.py
[2022-11-06T03:45:18.728+0200] {logging_mixin.py:120} INFO - [2022-11-06T03:45:18.728+0200] {dag.py:2585} INFO - Sync 1 DAGs
[2022-11-06T03:45:18.744+0200] {logging_mixin.py:120} INFO - [2022-11-06T03:45:18.744+0200] {dag.py:3336} INFO - Setting next_dagrun for lesson1.exercise3 to 2022-11-05T04:00:00+00:00, run_after=2022-11-05T05:00:00+00:00
[2022-11-06T03:45:18.764+0200] {processor.py:176} INFO - Processing /Users/mnagy99/airflow/dags/lesson1_exercises/exercise3.py took 1.027 seconds
[2022-11-06T03:49:29.194+0200] {processor.py:154} INFO - Started process (PID=8768) to work on /Users/mnagy99/airflow/dags/lesson1_exercises/exercise3.py
[2022-11-06T03:49:29.197+0200] {processor.py:756} INFO - Processing file /Users/mnagy99/airflow/dags/lesson1_exercises/exercise3.py for tasks to queue
[2022-11-06T03:49:29.197+0200] {logging_mixin.py:120} INFO - [2022-11-06T03:49:29.197+0200] {dagbag.py:537} INFO - Filling up the DagBag from /Users/mnagy99/airflow/dags/lesson1_exercises/exercise3.py
[2022-11-06T03:49:29.232+0200] {processor.py:766} INFO - DAG(s) dict_keys(['lesson1.exercise3']) retrieved from /Users/mnagy99/airflow/dags/lesson1_exercises/exercise3.py
[2022-11-06T03:49:30.208+0200] {logging_mixin.py:120} INFO - [2022-11-06T03:49:30.208+0200] {dag.py:2585} INFO - Sync 1 DAGs
[2022-11-06T03:49:30.223+0200] {logging_mixin.py:120} INFO - [2022-11-06T03:49:30.223+0200] {dag.py:3336} INFO - Setting next_dagrun for lesson1.exercise3 to 2022-11-05T04:00:00+00:00, run_after=2022-11-05T05:00:00+00:00
[2022-11-06T03:49:30.241+0200] {processor.py:176} INFO - Processing /Users/mnagy99/airflow/dags/lesson1_exercises/exercise3.py took 1.048 seconds
[2022-11-06T03:53:41.966+0200] {processor.py:154} INFO - Started process (PID=9032) to work on /Users/mnagy99/airflow/dags/lesson1_exercises/exercise3.py
[2022-11-06T03:53:41.969+0200] {processor.py:756} INFO - Processing file /Users/mnagy99/airflow/dags/lesson1_exercises/exercise3.py for tasks to queue
[2022-11-06T03:53:41.969+0200] {logging_mixin.py:120} INFO - [2022-11-06T03:53:41.969+0200] {dagbag.py:537} INFO - Filling up the DagBag from /Users/mnagy99/airflow/dags/lesson1_exercises/exercise3.py
[2022-11-06T03:53:42.005+0200] {processor.py:766} INFO - DAG(s) dict_keys(['lesson1.exercise3']) retrieved from /Users/mnagy99/airflow/dags/lesson1_exercises/exercise3.py
[2022-11-06T03:53:42.975+0200] {logging_mixin.py:120} INFO - [2022-11-06T03:53:42.975+0200] {dag.py:2585} INFO - Sync 1 DAGs
[2022-11-06T03:53:42.990+0200] {logging_mixin.py:120} INFO - [2022-11-06T03:53:42.990+0200] {dag.py:3336} INFO - Setting next_dagrun for lesson1.exercise3 to 2022-11-05T04:00:00+00:00, run_after=2022-11-05T05:00:00+00:00
[2022-11-06T03:53:43.008+0200] {processor.py:176} INFO - Processing /Users/mnagy99/airflow/dags/lesson1_exercises/exercise3.py took 1.043 seconds
[2022-11-06T03:58:16.390+0200] {processor.py:154} INFO - Started process (PID=9301) to work on /Users/mnagy99/airflow/dags/lesson1_exercises/exercise3.py
[2022-11-06T03:58:16.392+0200] {processor.py:756} INFO - Processing file /Users/mnagy99/airflow/dags/lesson1_exercises/exercise3.py for tasks to queue
[2022-11-06T03:58:16.393+0200] {logging_mixin.py:120} INFO - [2022-11-06T03:58:16.392+0200] {dagbag.py:537} INFO - Filling up the DagBag from /Users/mnagy99/airflow/dags/lesson1_exercises/exercise3.py
[2022-11-06T03:58:16.427+0200] {processor.py:766} INFO - DAG(s) dict_keys(['lesson1.exercise3']) retrieved from /Users/mnagy99/airflow/dags/lesson1_exercises/exercise3.py
[2022-11-06T03:58:17.493+0200] {logging_mixin.py:120} INFO - [2022-11-06T03:58:17.493+0200] {dag.py:2585} INFO - Sync 1 DAGs
[2022-11-06T03:58:17.509+0200] {logging_mixin.py:120} INFO - [2022-11-06T03:58:17.509+0200] {dag.py:3336} INFO - Setting next_dagrun for lesson1.exercise3 to 2022-11-05T04:00:00+00:00, run_after=2022-11-05T05:00:00+00:00
[2022-11-06T03:58:17.529+0200] {processor.py:176} INFO - Processing /Users/mnagy99/airflow/dags/lesson1_exercises/exercise3.py took 1.140 seconds
[2022-11-06T04:03:02.678+0200] {processor.py:154} INFO - Started process (PID=9597) to work on /Users/mnagy99/airflow/dags/lesson1_exercises/exercise3.py
[2022-11-06T04:03:02.680+0200] {processor.py:756} INFO - Processing file /Users/mnagy99/airflow/dags/lesson1_exercises/exercise3.py for tasks to queue
[2022-11-06T04:03:02.680+0200] {logging_mixin.py:120} INFO - [2022-11-06T04:03:02.680+0200] {dagbag.py:537} INFO - Filling up the DagBag from /Users/mnagy99/airflow/dags/lesson1_exercises/exercise3.py
[2022-11-06T04:03:02.710+0200] {processor.py:766} INFO - DAG(s) dict_keys(['lesson1.exercise3']) retrieved from /Users/mnagy99/airflow/dags/lesson1_exercises/exercise3.py
[2022-11-06T04:03:03.715+0200] {logging_mixin.py:120} INFO - [2022-11-06T04:03:03.715+0200] {dag.py:2585} INFO - Sync 1 DAGs
[2022-11-06T04:03:03.731+0200] {logging_mixin.py:120} INFO - [2022-11-06T04:03:03.730+0200] {dag.py:3336} INFO - Setting next_dagrun for lesson1.exercise3 to 2022-11-05T05:00:00+00:00, run_after=2022-11-05T06:00:00+00:00
[2022-11-06T04:03:03.750+0200] {processor.py:176} INFO - Processing /Users/mnagy99/airflow/dags/lesson1_exercises/exercise3.py took 1.073 seconds
[2022-11-06T04:07:44.119+0200] {processor.py:154} INFO - Started process (PID=9891) to work on /Users/mnagy99/airflow/dags/lesson1_exercises/exercise3.py
[2022-11-06T04:07:44.121+0200] {processor.py:756} INFO - Processing file /Users/mnagy99/airflow/dags/lesson1_exercises/exercise3.py for tasks to queue
[2022-11-06T04:07:44.122+0200] {logging_mixin.py:120} INFO - [2022-11-06T04:07:44.122+0200] {dagbag.py:537} INFO - Filling up the DagBag from /Users/mnagy99/airflow/dags/lesson1_exercises/exercise3.py
[2022-11-06T04:07:44.155+0200] {processor.py:766} INFO - DAG(s) dict_keys(['lesson1.exercise3']) retrieved from /Users/mnagy99/airflow/dags/lesson1_exercises/exercise3.py
[2022-11-06T04:07:45.151+0200] {logging_mixin.py:120} INFO - [2022-11-06T04:07:45.151+0200] {dag.py:2585} INFO - Sync 1 DAGs
[2022-11-06T04:07:45.167+0200] {logging_mixin.py:120} INFO - [2022-11-06T04:07:45.166+0200] {dag.py:3336} INFO - Setting next_dagrun for lesson1.exercise3 to 2022-11-05T05:00:00+00:00, run_after=2022-11-05T06:00:00+00:00
[2022-11-06T04:07:45.188+0200] {processor.py:176} INFO - Processing /Users/mnagy99/airflow/dags/lesson1_exercises/exercise3.py took 1.069 seconds
[2022-11-06T04:12:13.620+0200] {processor.py:154} INFO - Started process (PID=10175) to work on /Users/mnagy99/airflow/dags/lesson1_exercises/exercise3.py
[2022-11-06T04:12:13.623+0200] {processor.py:756} INFO - Processing file /Users/mnagy99/airflow/dags/lesson1_exercises/exercise3.py for tasks to queue
[2022-11-06T04:12:13.623+0200] {logging_mixin.py:120} INFO - [2022-11-06T04:12:13.623+0200] {dagbag.py:537} INFO - Filling up the DagBag from /Users/mnagy99/airflow/dags/lesson1_exercises/exercise3.py
[2022-11-06T04:12:13.655+0200] {processor.py:766} INFO - DAG(s) dict_keys(['lesson1.exercise3']) retrieved from /Users/mnagy99/airflow/dags/lesson1_exercises/exercise3.py
[2022-11-06T04:12:14.727+0200] {logging_mixin.py:120} INFO - [2022-11-06T04:12:14.727+0200] {dag.py:2585} INFO - Sync 1 DAGs
[2022-11-06T04:12:14.743+0200] {logging_mixin.py:120} INFO - [2022-11-06T04:12:14.743+0200] {dag.py:3336} INFO - Setting next_dagrun for lesson1.exercise3 to 2022-11-05T05:00:00+00:00, run_after=2022-11-05T06:00:00+00:00
[2022-11-06T04:12:14.762+0200] {processor.py:176} INFO - Processing /Users/mnagy99/airflow/dags/lesson1_exercises/exercise3.py took 1.142 seconds
[2022-11-06T04:16:19.600+0200] {processor.py:154} INFO - Started process (PID=10437) to work on /Users/mnagy99/airflow/dags/lesson1_exercises/exercise3.py
[2022-11-06T04:16:19.603+0200] {processor.py:756} INFO - Processing file /Users/mnagy99/airflow/dags/lesson1_exercises/exercise3.py for tasks to queue
[2022-11-06T04:16:19.603+0200] {logging_mixin.py:120} INFO - [2022-11-06T04:16:19.603+0200] {dagbag.py:537} INFO - Filling up the DagBag from /Users/mnagy99/airflow/dags/lesson1_exercises/exercise3.py
[2022-11-06T04:16:19.636+0200] {processor.py:766} INFO - DAG(s) dict_keys(['lesson1.exercise3']) retrieved from /Users/mnagy99/airflow/dags/lesson1_exercises/exercise3.py
[2022-11-06T04:16:20.652+0200] {logging_mixin.py:120} INFO - [2022-11-06T04:16:20.652+0200] {dag.py:2585} INFO - Sync 1 DAGs
[2022-11-06T04:16:20.668+0200] {logging_mixin.py:120} INFO - [2022-11-06T04:16:20.668+0200] {dag.py:3336} INFO - Setting next_dagrun for lesson1.exercise3 to 2022-11-05T05:00:00+00:00, run_after=2022-11-05T06:00:00+00:00
[2022-11-06T04:16:20.685+0200] {processor.py:176} INFO - Processing /Users/mnagy99/airflow/dags/lesson1_exercises/exercise3.py took 1.086 seconds
[2022-11-06T04:18:54.425+0200] {processor.py:154} INFO - Started process (PID=10590) to work on /Users/mnagy99/airflow/dags/lesson1_exercises/exercise3.py
[2022-11-06T04:18:54.428+0200] {processor.py:756} INFO - Processing file /Users/mnagy99/airflow/dags/lesson1_exercises/exercise3.py for tasks to queue
[2022-11-06T04:18:54.429+0200] {logging_mixin.py:120} INFO - [2022-11-06T04:18:54.429+0200] {dagbag.py:537} INFO - Filling up the DagBag from /Users/mnagy99/airflow/dags/lesson1_exercises/exercise3.py
[2022-11-06T04:18:54.467+0200] {processor.py:766} INFO - DAG(s) dict_keys(['lesson1.exercise3']) retrieved from /Users/mnagy99/airflow/dags/lesson1_exercises/exercise3.py
[2022-11-06T04:18:55.493+0200] {logging_mixin.py:120} INFO - [2022-11-06T04:18:55.493+0200] {dag.py:2585} INFO - Sync 1 DAGs
[2022-11-06T04:18:55.520+0200] {logging_mixin.py:120} INFO - [2022-11-06T04:18:55.520+0200] {dag.py:3336} INFO - Setting next_dagrun for lesson1.exercise3 to 2022-11-05T05:00:00+00:00, run_after=2022-11-05T06:00:00+00:00
[2022-11-06T04:18:55.543+0200] {processor.py:176} INFO - Processing /Users/mnagy99/airflow/dags/lesson1_exercises/exercise3.py took 1.119 seconds
