[2022-11-06T02:01:21.866+0200] {processor.py:154} INFO - Started process (PID=1742) to work on /Users/mnagy99/airflow/dags/lesson1_exercises/exercise6.py
[2022-11-06T02:01:21.867+0200] {processor.py:756} INFO - Processing file /Users/mnagy99/airflow/dags/lesson1_exercises/exercise6.py for tasks to queue
[2022-11-06T02:01:21.868+0200] {logging_mixin.py:120} INFO - [2022-11-06T02:01:21.867+0200] {dagbag.py:537} INFO - Filling up the DagBag from /Users/mnagy99/airflow/dags/lesson1_exercises/exercise6.py
[2022-11-06T02:01:22.793+0200] {processor.py:766} INFO - DAG(s) dict_keys(['lesson1.exercise6']) retrieved from /Users/mnagy99/airflow/dags/lesson1_exercises/exercise6.py
[2022-11-06T02:01:23.224+0200] {logging_mixin.py:120} INFO - [2022-11-06T02:01:23.224+0200] {dag.py:2585} INFO - Sync 1 DAGs
[2022-11-06T02:01:23.244+0200] {logging_mixin.py:120} INFO - [2022-11-06T02:01:23.244+0200] {dag.py:3336} INFO - Setting next_dagrun for lesson1.exercise6 to 2022-11-06T02:01:22.783986+00:00, run_after=2022-11-07T02:01:22.783986+00:00
[2022-11-06T02:01:23.259+0200] {processor.py:176} INFO - Processing /Users/mnagy99/airflow/dags/lesson1_exercises/exercise6.py took 1.394 seconds
[2022-11-06T02:05:57.989+0200] {processor.py:154} INFO - Started process (PID=2255) to work on /Users/mnagy99/airflow/dags/lesson1_exercises/exercise6.py
[2022-11-06T02:05:57.992+0200] {processor.py:756} INFO - Processing file /Users/mnagy99/airflow/dags/lesson1_exercises/exercise6.py for tasks to queue
[2022-11-06T02:05:57.993+0200] {logging_mixin.py:120} INFO - [2022-11-06T02:05:57.993+0200] {dagbag.py:537} INFO - Filling up the DagBag from /Users/mnagy99/airflow/dags/lesson1_exercises/exercise6.py
[2022-11-06T02:05:58.888+0200] {processor.py:766} INFO - DAG(s) dict_keys(['lesson1.exercise6']) retrieved from /Users/mnagy99/airflow/dags/lesson1_exercises/exercise6.py
[2022-11-06T02:05:59.299+0200] {logging_mixin.py:120} INFO - [2022-11-06T02:05:59.298+0200] {dag.py:2585} INFO - Sync 1 DAGs
[2022-11-06T02:05:59.312+0200] {logging_mixin.py:120} INFO - [2022-11-06T02:05:59.312+0200] {dag.py:3336} INFO - Setting next_dagrun for lesson1.exercise6 to 2022-11-06T02:05:58.877001+00:00, run_after=2022-11-07T02:05:58.877001+00:00
[2022-11-06T02:05:59.333+0200] {processor.py:176} INFO - Processing /Users/mnagy99/airflow/dags/lesson1_exercises/exercise6.py took 1.344 seconds
[2022-11-06T02:10:34.133+0200] {processor.py:154} INFO - Started process (PID=2508) to work on /Users/mnagy99/airflow/dags/lesson1_exercises/exercise6.py
[2022-11-06T02:10:34.135+0200] {processor.py:756} INFO - Processing file /Users/mnagy99/airflow/dags/lesson1_exercises/exercise6.py for tasks to queue
[2022-11-06T02:10:34.136+0200] {logging_mixin.py:120} INFO - [2022-11-06T02:10:34.136+0200] {dagbag.py:537} INFO - Filling up the DagBag from /Users/mnagy99/airflow/dags/lesson1_exercises/exercise6.py
[2022-11-06T02:10:34.909+0200] {processor.py:766} INFO - DAG(s) dict_keys(['lesson1.exercise6']) retrieved from /Users/mnagy99/airflow/dags/lesson1_exercises/exercise6.py
[2022-11-06T02:10:35.288+0200] {logging_mixin.py:120} INFO - [2022-11-06T02:10:35.287+0200] {dag.py:2585} INFO - Sync 1 DAGs
[2022-11-06T02:10:35.303+0200] {logging_mixin.py:120} INFO - [2022-11-06T02:10:35.303+0200] {dag.py:3336} INFO - Setting next_dagrun for lesson1.exercise6 to 2022-11-06T02:10:34.897684+00:00, run_after=2022-11-07T02:10:34.897684+00:00
[2022-11-06T02:10:35.321+0200] {processor.py:176} INFO - Processing /Users/mnagy99/airflow/dags/lesson1_exercises/exercise6.py took 1.189 seconds
[2022-11-06T02:15:03.360+0200] {processor.py:154} INFO - Started process (PID=2818) to work on /Users/mnagy99/airflow/dags/lesson1_exercises/exercise6.py
[2022-11-06T02:15:03.362+0200] {processor.py:756} INFO - Processing file /Users/mnagy99/airflow/dags/lesson1_exercises/exercise6.py for tasks to queue
[2022-11-06T02:15:03.363+0200] {logging_mixin.py:120} INFO - [2022-11-06T02:15:03.363+0200] {dagbag.py:537} INFO - Filling up the DagBag from /Users/mnagy99/airflow/dags/lesson1_exercises/exercise6.py
[2022-11-06T02:15:04.239+0200] {processor.py:766} INFO - DAG(s) dict_keys(['lesson1.exercise6']) retrieved from /Users/mnagy99/airflow/dags/lesson1_exercises/exercise6.py
[2022-11-06T02:15:04.642+0200] {logging_mixin.py:120} INFO - [2022-11-06T02:15:04.642+0200] {dag.py:2585} INFO - Sync 1 DAGs
[2022-11-06T02:15:04.657+0200] {logging_mixin.py:120} INFO - [2022-11-06T02:15:04.656+0200] {dag.py:3336} INFO - Setting next_dagrun for lesson1.exercise6 to 2022-11-06T02:15:04.228656+00:00, run_after=2022-11-07T02:15:04.228656+00:00
[2022-11-06T02:15:04.673+0200] {processor.py:176} INFO - Processing /Users/mnagy99/airflow/dags/lesson1_exercises/exercise6.py took 1.315 seconds
[2022-11-06T02:19:30.441+0200] {processor.py:154} INFO - Started process (PID=3116) to work on /Users/mnagy99/airflow/dags/lesson1_exercises/exercise6.py
[2022-11-06T02:19:30.443+0200] {processor.py:756} INFO - Processing file /Users/mnagy99/airflow/dags/lesson1_exercises/exercise6.py for tasks to queue
[2022-11-06T02:19:30.444+0200] {logging_mixin.py:120} INFO - [2022-11-06T02:19:30.444+0200] {dagbag.py:537} INFO - Filling up the DagBag from /Users/mnagy99/airflow/dags/lesson1_exercises/exercise6.py
[2022-11-06T02:19:31.253+0200] {processor.py:766} INFO - DAG(s) dict_keys(['lesson1.exercise6']) retrieved from /Users/mnagy99/airflow/dags/lesson1_exercises/exercise6.py
[2022-11-06T02:19:31.651+0200] {logging_mixin.py:120} INFO - [2022-11-06T02:19:31.651+0200] {dag.py:2585} INFO - Sync 1 DAGs
[2022-11-06T02:19:31.664+0200] {logging_mixin.py:120} INFO - [2022-11-06T02:19:31.664+0200] {dag.py:3336} INFO - Setting next_dagrun for lesson1.exercise6 to 2022-11-06T02:19:31.245098+00:00, run_after=2022-11-07T02:19:31.245098+00:00
[2022-11-06T02:19:31.679+0200] {processor.py:176} INFO - Processing /Users/mnagy99/airflow/dags/lesson1_exercises/exercise6.py took 1.238 seconds
[2022-11-06T02:23:48.979+0200] {processor.py:154} INFO - Started process (PID=3385) to work on /Users/mnagy99/airflow/dags/lesson1_exercises/exercise6.py
[2022-11-06T02:23:48.981+0200] {processor.py:756} INFO - Processing file /Users/mnagy99/airflow/dags/lesson1_exercises/exercise6.py for tasks to queue
[2022-11-06T02:23:48.982+0200] {logging_mixin.py:120} INFO - [2022-11-06T02:23:48.982+0200] {dagbag.py:537} INFO - Filling up the DagBag from /Users/mnagy99/airflow/dags/lesson1_exercises/exercise6.py
[2022-11-06T02:23:49.794+0200] {processor.py:766} INFO - DAG(s) dict_keys(['lesson1.exercise6']) retrieved from /Users/mnagy99/airflow/dags/lesson1_exercises/exercise6.py
[2022-11-06T02:23:50.162+0200] {logging_mixin.py:120} INFO - [2022-11-06T02:23:50.162+0200] {dag.py:2585} INFO - Sync 1 DAGs
[2022-11-06T02:23:50.176+0200] {logging_mixin.py:120} INFO - [2022-11-06T02:23:50.176+0200] {dag.py:3336} INFO - Setting next_dagrun for lesson1.exercise6 to 2022-11-06T02:23:49.785864+00:00, run_after=2022-11-07T02:23:49.785864+00:00
[2022-11-06T02:23:50.195+0200] {processor.py:176} INFO - Processing /Users/mnagy99/airflow/dags/lesson1_exercises/exercise6.py took 1.217 seconds
[2022-11-06T02:28:17.244+0200] {processor.py:154} INFO - Started process (PID=3669) to work on /Users/mnagy99/airflow/dags/lesson1_exercises/exercise6.py
[2022-11-06T02:28:17.246+0200] {processor.py:756} INFO - Processing file /Users/mnagy99/airflow/dags/lesson1_exercises/exercise6.py for tasks to queue
[2022-11-06T02:28:17.246+0200] {logging_mixin.py:120} INFO - [2022-11-06T02:28:17.246+0200] {dagbag.py:537} INFO - Filling up the DagBag from /Users/mnagy99/airflow/dags/lesson1_exercises/exercise6.py
[2022-11-06T02:28:18.111+0200] {processor.py:766} INFO - DAG(s) dict_keys(['lesson1.exercise6']) retrieved from /Users/mnagy99/airflow/dags/lesson1_exercises/exercise6.py
[2022-11-06T02:28:18.506+0200] {logging_mixin.py:120} INFO - [2022-11-06T02:28:18.506+0200] {dag.py:2585} INFO - Sync 1 DAGs
[2022-11-06T02:28:18.522+0200] {logging_mixin.py:120} INFO - [2022-11-06T02:28:18.522+0200] {dag.py:3336} INFO - Setting next_dagrun for lesson1.exercise6 to 2022-11-06T02:28:18.103595+00:00, run_after=2022-11-07T02:28:18.103595+00:00
[2022-11-06T02:28:18.549+0200] {processor.py:176} INFO - Processing /Users/mnagy99/airflow/dags/lesson1_exercises/exercise6.py took 1.305 seconds
[2022-11-06T02:32:41.738+0200] {processor.py:154} INFO - Started process (PID=3965) to work on /Users/mnagy99/airflow/dags/lesson1_exercises/exercise6.py
[2022-11-06T02:32:41.740+0200] {processor.py:756} INFO - Processing file /Users/mnagy99/airflow/dags/lesson1_exercises/exercise6.py for tasks to queue
[2022-11-06T02:32:41.741+0200] {logging_mixin.py:120} INFO - [2022-11-06T02:32:41.740+0200] {dagbag.py:537} INFO - Filling up the DagBag from /Users/mnagy99/airflow/dags/lesson1_exercises/exercise6.py
[2022-11-06T02:32:42.545+0200] {processor.py:766} INFO - DAG(s) dict_keys(['lesson1.exercise6']) retrieved from /Users/mnagy99/airflow/dags/lesson1_exercises/exercise6.py
[2022-11-06T02:32:42.944+0200] {logging_mixin.py:120} INFO - [2022-11-06T02:32:42.943+0200] {dag.py:2585} INFO - Sync 1 DAGs
[2022-11-06T02:32:42.966+0200] {logging_mixin.py:120} INFO - [2022-11-06T02:32:42.966+0200] {dag.py:3336} INFO - Setting next_dagrun for lesson1.exercise6 to 2022-11-06T02:32:42.535318+00:00, run_after=2022-11-07T02:32:42.535318+00:00
[2022-11-06T02:32:42.987+0200] {processor.py:176} INFO - Processing /Users/mnagy99/airflow/dags/lesson1_exercises/exercise6.py took 1.249 seconds
[2022-11-06T02:36:59.547+0200] {processor.py:154} INFO - Started process (PID=4254) to work on /Users/mnagy99/airflow/dags/lesson1_exercises/exercise6.py
[2022-11-06T02:36:59.549+0200] {processor.py:756} INFO - Processing file /Users/mnagy99/airflow/dags/lesson1_exercises/exercise6.py for tasks to queue
[2022-11-06T02:36:59.550+0200] {logging_mixin.py:120} INFO - [2022-11-06T02:36:59.550+0200] {dagbag.py:537} INFO - Filling up the DagBag from /Users/mnagy99/airflow/dags/lesson1_exercises/exercise6.py
[2022-11-06T02:37:00.363+0200] {processor.py:766} INFO - DAG(s) dict_keys(['lesson1.exercise6']) retrieved from /Users/mnagy99/airflow/dags/lesson1_exercises/exercise6.py
[2022-11-06T02:37:00.796+0200] {logging_mixin.py:120} INFO - [2022-11-06T02:37:00.796+0200] {dag.py:2585} INFO - Sync 1 DAGs
[2022-11-06T02:37:00.810+0200] {logging_mixin.py:120} INFO - [2022-11-06T02:37:00.810+0200] {dag.py:3336} INFO - Setting next_dagrun for lesson1.exercise6 to 2022-11-06T02:37:00.354812+00:00, run_after=2022-11-07T02:37:00.354812+00:00
[2022-11-06T02:37:00.825+0200] {processor.py:176} INFO - Processing /Users/mnagy99/airflow/dags/lesson1_exercises/exercise6.py took 1.279 seconds
[2022-11-06T02:41:34.907+0200] {processor.py:154} INFO - Started process (PID=4551) to work on /Users/mnagy99/airflow/dags/lesson1_exercises/exercise6.py
[2022-11-06T02:41:34.908+0200] {processor.py:756} INFO - Processing file /Users/mnagy99/airflow/dags/lesson1_exercises/exercise6.py for tasks to queue
[2022-11-06T02:41:34.909+0200] {logging_mixin.py:120} INFO - [2022-11-06T02:41:34.909+0200] {dagbag.py:537} INFO - Filling up the DagBag from /Users/mnagy99/airflow/dags/lesson1_exercises/exercise6.py
[2022-11-06T02:41:36.068+0200] {processor.py:766} INFO - DAG(s) dict_keys(['lesson1.exercise6']) retrieved from /Users/mnagy99/airflow/dags/lesson1_exercises/exercise6.py
[2022-11-06T02:41:36.721+0200] {logging_mixin.py:120} INFO - [2022-11-06T02:41:36.721+0200] {dag.py:2585} INFO - Sync 1 DAGs
[2022-11-06T02:41:36.752+0200] {logging_mixin.py:120} INFO - [2022-11-06T02:41:36.751+0200] {dag.py:3336} INFO - Setting next_dagrun for lesson1.exercise6 to 2022-11-06T02:41:36.052477+00:00, run_after=2022-11-07T02:41:36.052477+00:00
[2022-11-06T02:41:36.770+0200] {processor.py:176} INFO - Processing /Users/mnagy99/airflow/dags/lesson1_exercises/exercise6.py took 1.864 seconds
[2022-11-06T02:46:15.105+0200] {processor.py:154} INFO - Started process (PID=4826) to work on /Users/mnagy99/airflow/dags/lesson1_exercises/exercise6.py
[2022-11-06T02:46:15.106+0200] {processor.py:756} INFO - Processing file /Users/mnagy99/airflow/dags/lesson1_exercises/exercise6.py for tasks to queue
[2022-11-06T02:46:15.107+0200] {logging_mixin.py:120} INFO - [2022-11-06T02:46:15.107+0200] {dagbag.py:537} INFO - Filling up the DagBag from /Users/mnagy99/airflow/dags/lesson1_exercises/exercise6.py
[2022-11-06T02:46:15.936+0200] {processor.py:766} INFO - DAG(s) dict_keys(['lesson1.exercise6']) retrieved from /Users/mnagy99/airflow/dags/lesson1_exercises/exercise6.py
[2022-11-06T02:46:16.310+0200] {logging_mixin.py:120} INFO - [2022-11-06T02:46:16.309+0200] {dag.py:2585} INFO - Sync 1 DAGs
[2022-11-06T02:46:16.324+0200] {logging_mixin.py:120} INFO - [2022-11-06T02:46:16.324+0200] {dag.py:3336} INFO - Setting next_dagrun for lesson1.exercise6 to 2022-11-06T02:46:15.927821+00:00, run_after=2022-11-07T02:46:15.927821+00:00
[2022-11-06T02:46:16.342+0200] {processor.py:176} INFO - Processing /Users/mnagy99/airflow/dags/lesson1_exercises/exercise6.py took 1.237 seconds
[2022-11-06T02:50:30.434+0200] {processor.py:154} INFO - Started process (PID=5082) to work on /Users/mnagy99/airflow/dags/lesson1_exercises/exercise6.py
[2022-11-06T02:50:30.436+0200] {processor.py:756} INFO - Processing file /Users/mnagy99/airflow/dags/lesson1_exercises/exercise6.py for tasks to queue
[2022-11-06T02:50:30.437+0200] {logging_mixin.py:120} INFO - [2022-11-06T02:50:30.437+0200] {dagbag.py:537} INFO - Filling up the DagBag from /Users/mnagy99/airflow/dags/lesson1_exercises/exercise6.py
[2022-11-06T02:50:31.218+0200] {processor.py:766} INFO - DAG(s) dict_keys(['lesson1.exercise6']) retrieved from /Users/mnagy99/airflow/dags/lesson1_exercises/exercise6.py
[2022-11-06T02:50:31.596+0200] {logging_mixin.py:120} INFO - [2022-11-06T02:50:31.595+0200] {dag.py:2585} INFO - Sync 1 DAGs
[2022-11-06T02:50:31.610+0200] {logging_mixin.py:120} INFO - [2022-11-06T02:50:31.610+0200] {dag.py:3336} INFO - Setting next_dagrun for lesson1.exercise6 to 2022-11-06T02:50:31.210302+00:00, run_after=2022-11-07T02:50:31.210302+00:00
[2022-11-06T02:50:31.626+0200] {processor.py:176} INFO - Processing /Users/mnagy99/airflow/dags/lesson1_exercises/exercise6.py took 1.193 seconds
[2022-11-06T02:54:43.799+0200] {processor.py:154} INFO - Started process (PID=5332) to work on /Users/mnagy99/airflow/dags/lesson1_exercises/exercise6.py
[2022-11-06T02:54:43.801+0200] {processor.py:756} INFO - Processing file /Users/mnagy99/airflow/dags/lesson1_exercises/exercise6.py for tasks to queue
[2022-11-06T02:54:43.802+0200] {logging_mixin.py:120} INFO - [2022-11-06T02:54:43.802+0200] {dagbag.py:537} INFO - Filling up the DagBag from /Users/mnagy99/airflow/dags/lesson1_exercises/exercise6.py
[2022-11-06T02:54:44.650+0200] {processor.py:766} INFO - DAG(s) dict_keys(['lesson1.exercise6']) retrieved from /Users/mnagy99/airflow/dags/lesson1_exercises/exercise6.py
[2022-11-06T02:54:45.081+0200] {logging_mixin.py:120} INFO - [2022-11-06T02:54:45.080+0200] {dag.py:2585} INFO - Sync 1 DAGs
[2022-11-06T02:54:45.094+0200] {logging_mixin.py:120} INFO - [2022-11-06T02:54:45.094+0200] {dag.py:3336} INFO - Setting next_dagrun for lesson1.exercise6 to 2022-11-06T02:54:44.641220+00:00, run_after=2022-11-07T02:54:44.641220+00:00
[2022-11-06T02:54:45.114+0200] {processor.py:176} INFO - Processing /Users/mnagy99/airflow/dags/lesson1_exercises/exercise6.py took 1.317 seconds
[2022-11-06T02:59:18.210+0200] {processor.py:154} INFO - Started process (PID=5613) to work on /Users/mnagy99/airflow/dags/lesson1_exercises/exercise6.py
[2022-11-06T02:59:18.212+0200] {processor.py:756} INFO - Processing file /Users/mnagy99/airflow/dags/lesson1_exercises/exercise6.py for tasks to queue
[2022-11-06T02:59:18.214+0200] {logging_mixin.py:120} INFO - [2022-11-06T02:59:18.213+0200] {dagbag.py:537} INFO - Filling up the DagBag from /Users/mnagy99/airflow/dags/lesson1_exercises/exercise6.py
[2022-11-06T02:59:19.489+0200] {processor.py:766} INFO - DAG(s) dict_keys(['lesson1.exercise6']) retrieved from /Users/mnagy99/airflow/dags/lesson1_exercises/exercise6.py
[2022-11-06T02:59:19.955+0200] {logging_mixin.py:120} INFO - [2022-11-06T02:59:19.955+0200] {dag.py:2585} INFO - Sync 1 DAGs
[2022-11-06T02:59:19.971+0200] {logging_mixin.py:120} INFO - [2022-11-06T02:59:19.970+0200] {dag.py:3336} INFO - Setting next_dagrun for lesson1.exercise6 to 2022-11-06T02:59:19.457496+00:00, run_after=2022-11-07T02:59:19.457496+00:00
[2022-11-06T02:59:19.988+0200] {processor.py:176} INFO - Processing /Users/mnagy99/airflow/dags/lesson1_exercises/exercise6.py took 1.779 seconds
[2022-11-06T03:04:17.075+0200] {processor.py:154} INFO - Started process (PID=5889) to work on /Users/mnagy99/airflow/dags/lesson1_exercises/exercise6.py
[2022-11-06T03:04:17.077+0200] {processor.py:756} INFO - Processing file /Users/mnagy99/airflow/dags/lesson1_exercises/exercise6.py for tasks to queue
[2022-11-06T03:04:17.078+0200] {logging_mixin.py:120} INFO - [2022-11-06T03:04:17.078+0200] {dagbag.py:537} INFO - Filling up the DagBag from /Users/mnagy99/airflow/dags/lesson1_exercises/exercise6.py
[2022-11-06T03:04:17.933+0200] {processor.py:766} INFO - DAG(s) dict_keys(['lesson1.exercise6']) retrieved from /Users/mnagy99/airflow/dags/lesson1_exercises/exercise6.py
[2022-11-06T03:04:18.325+0200] {logging_mixin.py:120} INFO - [2022-11-06T03:04:18.325+0200] {dag.py:2585} INFO - Sync 1 DAGs
[2022-11-06T03:04:18.340+0200] {logging_mixin.py:120} INFO - [2022-11-06T03:04:18.340+0200] {dag.py:3336} INFO - Setting next_dagrun for lesson1.exercise6 to 2022-11-06T03:04:17.924794+00:00, run_after=2022-11-07T03:04:17.924794+00:00
[2022-11-06T03:04:18.357+0200] {processor.py:176} INFO - Processing /Users/mnagy99/airflow/dags/lesson1_exercises/exercise6.py took 1.283 seconds
[2022-11-06T03:08:41.379+0200] {processor.py:154} INFO - Started process (PID=6146) to work on /Users/mnagy99/airflow/dags/lesson1_exercises/exercise6.py
[2022-11-06T03:08:41.382+0200] {processor.py:756} INFO - Processing file /Users/mnagy99/airflow/dags/lesson1_exercises/exercise6.py for tasks to queue
[2022-11-06T03:08:41.382+0200] {logging_mixin.py:120} INFO - [2022-11-06T03:08:41.382+0200] {dagbag.py:537} INFO - Filling up the DagBag from /Users/mnagy99/airflow/dags/lesson1_exercises/exercise6.py
[2022-11-06T03:08:42.162+0200] {processor.py:766} INFO - DAG(s) dict_keys(['lesson1.exercise6']) retrieved from /Users/mnagy99/airflow/dags/lesson1_exercises/exercise6.py
[2022-11-06T03:08:42.531+0200] {logging_mixin.py:120} INFO - [2022-11-06T03:08:42.531+0200] {dag.py:2585} INFO - Sync 1 DAGs
[2022-11-06T03:08:42.546+0200] {logging_mixin.py:120} INFO - [2022-11-06T03:08:42.546+0200] {dag.py:3336} INFO - Setting next_dagrun for lesson1.exercise6 to 2022-11-06T03:08:42.154904+00:00, run_after=2022-11-07T03:08:42.154904+00:00
[2022-11-06T03:08:42.566+0200] {processor.py:176} INFO - Processing /Users/mnagy99/airflow/dags/lesson1_exercises/exercise6.py took 1.188 seconds
[2022-11-06T03:12:53.451+0200] {processor.py:154} INFO - Started process (PID=6414) to work on /Users/mnagy99/airflow/dags/lesson1_exercises/exercise6.py
[2022-11-06T03:12:53.454+0200] {processor.py:756} INFO - Processing file /Users/mnagy99/airflow/dags/lesson1_exercises/exercise6.py for tasks to queue
[2022-11-06T03:12:53.455+0200] {logging_mixin.py:120} INFO - [2022-11-06T03:12:53.454+0200] {dagbag.py:537} INFO - Filling up the DagBag from /Users/mnagy99/airflow/dags/lesson1_exercises/exercise6.py
[2022-11-06T03:12:54.251+0200] {processor.py:766} INFO - DAG(s) dict_keys(['lesson1.exercise6']) retrieved from /Users/mnagy99/airflow/dags/lesson1_exercises/exercise6.py
[2022-11-06T03:12:54.650+0200] {logging_mixin.py:120} INFO - [2022-11-06T03:12:54.650+0200] {dag.py:2585} INFO - Sync 1 DAGs
[2022-11-06T03:12:54.665+0200] {logging_mixin.py:120} INFO - [2022-11-06T03:12:54.665+0200] {dag.py:3336} INFO - Setting next_dagrun for lesson1.exercise6 to 2022-11-06T03:12:54.243209+00:00, run_after=2022-11-07T03:12:54.243209+00:00
[2022-11-06T03:12:54.686+0200] {processor.py:176} INFO - Processing /Users/mnagy99/airflow/dags/lesson1_exercises/exercise6.py took 1.235 seconds
[2022-11-06T03:16:54.853+0200] {processor.py:154} INFO - Started process (PID=6672) to work on /Users/mnagy99/airflow/dags/lesson1_exercises/exercise6.py
[2022-11-06T03:16:54.856+0200] {processor.py:756} INFO - Processing file /Users/mnagy99/airflow/dags/lesson1_exercises/exercise6.py for tasks to queue
[2022-11-06T03:16:54.857+0200] {logging_mixin.py:120} INFO - [2022-11-06T03:16:54.856+0200] {dagbag.py:537} INFO - Filling up the DagBag from /Users/mnagy99/airflow/dags/lesson1_exercises/exercise6.py
[2022-11-06T03:16:55.652+0200] {processor.py:766} INFO - DAG(s) dict_keys(['lesson1.exercise6']) retrieved from /Users/mnagy99/airflow/dags/lesson1_exercises/exercise6.py
[2022-11-06T03:16:56.017+0200] {logging_mixin.py:120} INFO - [2022-11-06T03:16:56.017+0200] {dag.py:2585} INFO - Sync 1 DAGs
[2022-11-06T03:16:56.033+0200] {logging_mixin.py:120} INFO - [2022-11-06T03:16:56.033+0200] {dag.py:3336} INFO - Setting next_dagrun for lesson1.exercise6 to 2022-11-06T03:16:55.644760+00:00, run_after=2022-11-07T03:16:55.644760+00:00
[2022-11-06T03:16:56.051+0200] {processor.py:176} INFO - Processing /Users/mnagy99/airflow/dags/lesson1_exercises/exercise6.py took 1.199 seconds
[2022-11-06T03:20:49.974+0200] {processor.py:154} INFO - Started process (PID=6925) to work on /Users/mnagy99/airflow/dags/lesson1_exercises/exercise6.py
[2022-11-06T03:20:49.975+0200] {processor.py:756} INFO - Processing file /Users/mnagy99/airflow/dags/lesson1_exercises/exercise6.py for tasks to queue
[2022-11-06T03:20:49.975+0200] {logging_mixin.py:120} INFO - [2022-11-06T03:20:49.975+0200] {dagbag.py:537} INFO - Filling up the DagBag from /Users/mnagy99/airflow/dags/lesson1_exercises/exercise6.py
[2022-11-06T03:20:50.804+0200] {processor.py:766} INFO - DAG(s) dict_keys(['lesson1.exercise6']) retrieved from /Users/mnagy99/airflow/dags/lesson1_exercises/exercise6.py
[2022-11-06T03:20:51.219+0200] {logging_mixin.py:120} INFO - [2022-11-06T03:20:51.219+0200] {dag.py:2585} INFO - Sync 1 DAGs
[2022-11-06T03:20:51.241+0200] {logging_mixin.py:120} INFO - [2022-11-06T03:20:51.241+0200] {dag.py:3336} INFO - Setting next_dagrun for lesson1.exercise6 to 2022-11-06T03:20:50.794412+00:00, run_after=2022-11-07T03:20:50.794412+00:00
[2022-11-06T03:20:51.263+0200] {processor.py:176} INFO - Processing /Users/mnagy99/airflow/dags/lesson1_exercises/exercise6.py took 1.289 seconds
[2022-11-06T03:24:50.267+0200] {processor.py:154} INFO - Started process (PID=7175) to work on /Users/mnagy99/airflow/dags/lesson1_exercises/exercise6.py
[2022-11-06T03:24:50.269+0200] {processor.py:756} INFO - Processing file /Users/mnagy99/airflow/dags/lesson1_exercises/exercise6.py for tasks to queue
[2022-11-06T03:24:50.270+0200] {logging_mixin.py:120} INFO - [2022-11-06T03:24:50.269+0200] {dagbag.py:537} INFO - Filling up the DagBag from /Users/mnagy99/airflow/dags/lesson1_exercises/exercise6.py
[2022-11-06T03:24:51.036+0200] {processor.py:766} INFO - DAG(s) dict_keys(['lesson1.exercise6']) retrieved from /Users/mnagy99/airflow/dags/lesson1_exercises/exercise6.py
[2022-11-06T03:24:51.410+0200] {logging_mixin.py:120} INFO - [2022-11-06T03:24:51.410+0200] {dag.py:2585} INFO - Sync 1 DAGs
[2022-11-06T03:24:51.425+0200] {logging_mixin.py:120} INFO - [2022-11-06T03:24:51.424+0200] {dag.py:3336} INFO - Setting next_dagrun for lesson1.exercise6 to 2022-11-06T03:24:51.028302+00:00, run_after=2022-11-07T03:24:51.028302+00:00
[2022-11-06T03:24:51.441+0200] {processor.py:176} INFO - Processing /Users/mnagy99/airflow/dags/lesson1_exercises/exercise6.py took 1.175 seconds
[2022-11-06T03:28:54.262+0200] {processor.py:154} INFO - Started process (PID=7447) to work on /Users/mnagy99/airflow/dags/lesson1_exercises/exercise6.py
[2022-11-06T03:28:54.264+0200] {processor.py:756} INFO - Processing file /Users/mnagy99/airflow/dags/lesson1_exercises/exercise6.py for tasks to queue
[2022-11-06T03:28:54.265+0200] {logging_mixin.py:120} INFO - [2022-11-06T03:28:54.264+0200] {dagbag.py:537} INFO - Filling up the DagBag from /Users/mnagy99/airflow/dags/lesson1_exercises/exercise6.py
[2022-11-06T03:28:55.124+0200] {processor.py:766} INFO - DAG(s) dict_keys(['lesson1.exercise6']) retrieved from /Users/mnagy99/airflow/dags/lesson1_exercises/exercise6.py
[2022-11-06T03:28:55.521+0200] {logging_mixin.py:120} INFO - [2022-11-06T03:28:55.521+0200] {dag.py:2585} INFO - Sync 1 DAGs
[2022-11-06T03:28:55.536+0200] {logging_mixin.py:120} INFO - [2022-11-06T03:28:55.536+0200] {dag.py:3336} INFO - Setting next_dagrun for lesson1.exercise6 to 2022-11-06T03:28:55.115746+00:00, run_after=2022-11-07T03:28:55.115746+00:00
[2022-11-06T03:28:55.550+0200] {processor.py:176} INFO - Processing /Users/mnagy99/airflow/dags/lesson1_exercises/exercise6.py took 1.289 seconds
[2022-11-06T03:32:55.149+0200] {processor.py:154} INFO - Started process (PID=7700) to work on /Users/mnagy99/airflow/dags/lesson1_exercises/exercise6.py
[2022-11-06T03:32:55.153+0200] {processor.py:756} INFO - Processing file /Users/mnagy99/airflow/dags/lesson1_exercises/exercise6.py for tasks to queue
[2022-11-06T03:32:55.153+0200] {logging_mixin.py:120} INFO - [2022-11-06T03:32:55.153+0200] {dagbag.py:537} INFO - Filling up the DagBag from /Users/mnagy99/airflow/dags/lesson1_exercises/exercise6.py
[2022-11-06T03:32:56.588+0200] {processor.py:766} INFO - DAG(s) dict_keys(['lesson1.exercise6']) retrieved from /Users/mnagy99/airflow/dags/lesson1_exercises/exercise6.py
[2022-11-06T03:32:56.963+0200] {logging_mixin.py:120} INFO - [2022-11-06T03:32:56.963+0200] {dag.py:2585} INFO - Sync 1 DAGs
[2022-11-06T03:32:56.977+0200] {logging_mixin.py:120} INFO - [2022-11-06T03:32:56.977+0200] {dag.py:3336} INFO - Setting next_dagrun for lesson1.exercise6 to 2022-11-06T03:32:56.578776+00:00, run_after=2022-11-07T03:32:56.578776+00:00
[2022-11-06T03:32:56.993+0200] {processor.py:176} INFO - Processing /Users/mnagy99/airflow/dags/lesson1_exercises/exercise6.py took 1.846 seconds
[2022-11-06T03:37:09.737+0200] {processor.py:154} INFO - Started process (PID=8008) to work on /Users/mnagy99/airflow/dags/lesson1_exercises/exercise6.py
[2022-11-06T03:37:09.740+0200] {processor.py:756} INFO - Processing file /Users/mnagy99/airflow/dags/lesson1_exercises/exercise6.py for tasks to queue
[2022-11-06T03:37:09.741+0200] {logging_mixin.py:120} INFO - [2022-11-06T03:37:09.741+0200] {dagbag.py:537} INFO - Filling up the DagBag from /Users/mnagy99/airflow/dags/lesson1_exercises/exercise6.py
[2022-11-06T03:37:10.511+0200] {processor.py:766} INFO - DAG(s) dict_keys(['lesson1.exercise6']) retrieved from /Users/mnagy99/airflow/dags/lesson1_exercises/exercise6.py
[2022-11-06T03:37:11.059+0200] {logging_mixin.py:120} INFO - [2022-11-06T03:37:11.059+0200] {dag.py:2585} INFO - Sync 1 DAGs
[2022-11-06T03:37:11.078+0200] {logging_mixin.py:120} INFO - [2022-11-06T03:37:11.078+0200] {dag.py:3336} INFO - Setting next_dagrun for lesson1.exercise6 to 2022-11-06T03:37:10.503219+00:00, run_after=2022-11-07T03:37:10.503219+00:00
[2022-11-06T03:37:11.099+0200] {processor.py:176} INFO - Processing /Users/mnagy99/airflow/dags/lesson1_exercises/exercise6.py took 1.363 seconds
[2022-11-06T03:41:09.954+0200] {processor.py:154} INFO - Started process (PID=8254) to work on /Users/mnagy99/airflow/dags/lesson1_exercises/exercise6.py
[2022-11-06T03:41:09.956+0200] {processor.py:756} INFO - Processing file /Users/mnagy99/airflow/dags/lesson1_exercises/exercise6.py for tasks to queue
[2022-11-06T03:41:09.957+0200] {logging_mixin.py:120} INFO - [2022-11-06T03:41:09.957+0200] {dagbag.py:537} INFO - Filling up the DagBag from /Users/mnagy99/airflow/dags/lesson1_exercises/exercise6.py
[2022-11-06T03:41:10.834+0200] {processor.py:766} INFO - DAG(s) dict_keys(['lesson1.exercise6']) retrieved from /Users/mnagy99/airflow/dags/lesson1_exercises/exercise6.py
[2022-11-06T03:41:11.213+0200] {logging_mixin.py:120} INFO - [2022-11-06T03:41:11.213+0200] {dag.py:2585} INFO - Sync 1 DAGs
[2022-11-06T03:41:11.228+0200] {logging_mixin.py:120} INFO - [2022-11-06T03:41:11.227+0200] {dag.py:3336} INFO - Setting next_dagrun for lesson1.exercise6 to 2022-11-06T03:41:10.824379+00:00, run_after=2022-11-07T03:41:10.824379+00:00
[2022-11-06T03:41:11.244+0200] {processor.py:176} INFO - Processing /Users/mnagy99/airflow/dags/lesson1_exercises/exercise6.py took 1.291 seconds
[2022-11-06T03:45:11.591+0200] {processor.py:154} INFO - Started process (PID=8513) to work on /Users/mnagy99/airflow/dags/lesson1_exercises/exercise6.py
[2022-11-06T03:45:11.594+0200] {processor.py:756} INFO - Processing file /Users/mnagy99/airflow/dags/lesson1_exercises/exercise6.py for tasks to queue
[2022-11-06T03:45:11.594+0200] {logging_mixin.py:120} INFO - [2022-11-06T03:45:11.594+0200] {dagbag.py:537} INFO - Filling up the DagBag from /Users/mnagy99/airflow/dags/lesson1_exercises/exercise6.py
[2022-11-06T03:45:12.391+0200] {processor.py:766} INFO - DAG(s) dict_keys(['lesson1.exercise6']) retrieved from /Users/mnagy99/airflow/dags/lesson1_exercises/exercise6.py
[2022-11-06T03:45:12.764+0200] {logging_mixin.py:120} INFO - [2022-11-06T03:45:12.763+0200] {dag.py:2585} INFO - Sync 1 DAGs
[2022-11-06T03:45:12.778+0200] {logging_mixin.py:120} INFO - [2022-11-06T03:45:12.778+0200] {dag.py:3336} INFO - Setting next_dagrun for lesson1.exercise6 to 2022-11-06T03:45:12.382824+00:00, run_after=2022-11-07T03:45:12.382824+00:00
[2022-11-06T03:45:12.796+0200] {processor.py:176} INFO - Processing /Users/mnagy99/airflow/dags/lesson1_exercises/exercise6.py took 1.206 seconds
[2022-11-06T03:49:23.386+0200] {processor.py:154} INFO - Started process (PID=8763) to work on /Users/mnagy99/airflow/dags/lesson1_exercises/exercise6.py
[2022-11-06T03:49:23.389+0200] {processor.py:756} INFO - Processing file /Users/mnagy99/airflow/dags/lesson1_exercises/exercise6.py for tasks to queue
[2022-11-06T03:49:23.390+0200] {logging_mixin.py:120} INFO - [2022-11-06T03:49:23.390+0200] {dagbag.py:537} INFO - Filling up the DagBag from /Users/mnagy99/airflow/dags/lesson1_exercises/exercise6.py
[2022-11-06T03:49:24.224+0200] {processor.py:766} INFO - DAG(s) dict_keys(['lesson1.exercise6']) retrieved from /Users/mnagy99/airflow/dags/lesson1_exercises/exercise6.py
[2022-11-06T03:49:24.621+0200] {logging_mixin.py:120} INFO - [2022-11-06T03:49:24.620+0200] {dag.py:2585} INFO - Sync 1 DAGs
[2022-11-06T03:49:24.635+0200] {logging_mixin.py:120} INFO - [2022-11-06T03:49:24.635+0200] {dag.py:3336} INFO - Setting next_dagrun for lesson1.exercise6 to 2022-11-06T03:49:24.215525+00:00, run_after=2022-11-07T03:49:24.215525+00:00
[2022-11-06T03:49:24.655+0200] {processor.py:176} INFO - Processing /Users/mnagy99/airflow/dags/lesson1_exercises/exercise6.py took 1.269 seconds
[2022-11-06T03:53:35.878+0200] {processor.py:154} INFO - Started process (PID=9027) to work on /Users/mnagy99/airflow/dags/lesson1_exercises/exercise6.py
[2022-11-06T03:53:35.881+0200] {processor.py:756} INFO - Processing file /Users/mnagy99/airflow/dags/lesson1_exercises/exercise6.py for tasks to queue
[2022-11-06T03:53:35.881+0200] {logging_mixin.py:120} INFO - [2022-11-06T03:53:35.881+0200] {dagbag.py:537} INFO - Filling up the DagBag from /Users/mnagy99/airflow/dags/lesson1_exercises/exercise6.py
[2022-11-06T03:53:36.698+0200] {processor.py:766} INFO - DAG(s) dict_keys(['lesson1.exercise6']) retrieved from /Users/mnagy99/airflow/dags/lesson1_exercises/exercise6.py
[2022-11-06T03:53:37.102+0200] {logging_mixin.py:120} INFO - [2022-11-06T03:53:37.101+0200] {dag.py:2585} INFO - Sync 1 DAGs
[2022-11-06T03:53:37.122+0200] {logging_mixin.py:120} INFO - [2022-11-06T03:53:37.122+0200] {dag.py:3336} INFO - Setting next_dagrun for lesson1.exercise6 to 2022-11-06T03:53:36.689477+00:00, run_after=2022-11-07T03:53:36.689477+00:00
[2022-11-06T03:53:37.160+0200] {processor.py:176} INFO - Processing /Users/mnagy99/airflow/dags/lesson1_exercises/exercise6.py took 1.282 seconds
[2022-11-06T03:58:09.823+0200] {processor.py:154} INFO - Started process (PID=9297) to work on /Users/mnagy99/airflow/dags/lesson1_exercises/exercise6.py
[2022-11-06T03:58:09.825+0200] {processor.py:756} INFO - Processing file /Users/mnagy99/airflow/dags/lesson1_exercises/exercise6.py for tasks to queue
[2022-11-06T03:58:09.826+0200] {logging_mixin.py:120} INFO - [2022-11-06T03:58:09.825+0200] {dagbag.py:537} INFO - Filling up the DagBag from /Users/mnagy99/airflow/dags/lesson1_exercises/exercise6.py
[2022-11-06T03:58:10.664+0200] {processor.py:766} INFO - DAG(s) dict_keys(['lesson1.exercise6']) retrieved from /Users/mnagy99/airflow/dags/lesson1_exercises/exercise6.py
[2022-11-06T03:58:11.050+0200] {logging_mixin.py:120} INFO - [2022-11-06T03:58:11.050+0200] {dag.py:2585} INFO - Sync 1 DAGs
[2022-11-06T03:58:11.069+0200] {logging_mixin.py:120} INFO - [2022-11-06T03:58:11.069+0200] {dag.py:3336} INFO - Setting next_dagrun for lesson1.exercise6 to 2022-11-06T03:58:10.656677+00:00, run_after=2022-11-07T03:58:10.656677+00:00
[2022-11-06T03:58:11.092+0200] {processor.py:176} INFO - Processing /Users/mnagy99/airflow/dags/lesson1_exercises/exercise6.py took 1.270 seconds
[2022-11-06T04:02:56.473+0200] {processor.py:154} INFO - Started process (PID=9592) to work on /Users/mnagy99/airflow/dags/lesson1_exercises/exercise6.py
[2022-11-06T04:02:56.474+0200] {processor.py:756} INFO - Processing file /Users/mnagy99/airflow/dags/lesson1_exercises/exercise6.py for tasks to queue
[2022-11-06T04:02:56.475+0200] {logging_mixin.py:120} INFO - [2022-11-06T04:02:56.475+0200] {dagbag.py:537} INFO - Filling up the DagBag from /Users/mnagy99/airflow/dags/lesson1_exercises/exercise6.py
[2022-11-06T04:02:57.289+0200] {processor.py:766} INFO - DAG(s) dict_keys(['lesson1.exercise6']) retrieved from /Users/mnagy99/airflow/dags/lesson1_exercises/exercise6.py
[2022-11-06T04:02:57.688+0200] {logging_mixin.py:120} INFO - [2022-11-06T04:02:57.688+0200] {dag.py:2585} INFO - Sync 1 DAGs
[2022-11-06T04:02:57.703+0200] {logging_mixin.py:120} INFO - [2022-11-06T04:02:57.703+0200] {dag.py:3336} INFO - Setting next_dagrun for lesson1.exercise6 to 2022-11-06T04:02:57.281125+00:00, run_after=2022-11-07T04:02:57.281125+00:00
[2022-11-06T04:02:57.722+0200] {processor.py:176} INFO - Processing /Users/mnagy99/airflow/dags/lesson1_exercises/exercise6.py took 1.250 seconds
[2022-11-06T04:07:38.200+0200] {processor.py:154} INFO - Started process (PID=9886) to work on /Users/mnagy99/airflow/dags/lesson1_exercises/exercise6.py
[2022-11-06T04:07:38.202+0200] {processor.py:756} INFO - Processing file /Users/mnagy99/airflow/dags/lesson1_exercises/exercise6.py for tasks to queue
[2022-11-06T04:07:38.203+0200] {logging_mixin.py:120} INFO - [2022-11-06T04:07:38.203+0200] {dagbag.py:537} INFO - Filling up the DagBag from /Users/mnagy99/airflow/dags/lesson1_exercises/exercise6.py
[2022-11-06T04:07:38.982+0200] {processor.py:766} INFO - DAG(s) dict_keys(['lesson1.exercise6']) retrieved from /Users/mnagy99/airflow/dags/lesson1_exercises/exercise6.py
[2022-11-06T04:07:39.351+0200] {logging_mixin.py:120} INFO - [2022-11-06T04:07:39.350+0200] {dag.py:2585} INFO - Sync 1 DAGs
[2022-11-06T04:07:39.365+0200] {logging_mixin.py:120} INFO - [2022-11-06T04:07:39.365+0200] {dag.py:3336} INFO - Setting next_dagrun for lesson1.exercise6 to 2022-11-06T04:07:38.974382+00:00, run_after=2022-11-07T04:07:38.974382+00:00
[2022-11-06T04:07:39.386+0200] {processor.py:176} INFO - Processing /Users/mnagy99/airflow/dags/lesson1_exercises/exercise6.py took 1.187 seconds
[2022-11-06T04:12:07.394+0200] {processor.py:154} INFO - Started process (PID=10170) to work on /Users/mnagy99/airflow/dags/lesson1_exercises/exercise6.py
[2022-11-06T04:12:07.397+0200] {processor.py:756} INFO - Processing file /Users/mnagy99/airflow/dags/lesson1_exercises/exercise6.py for tasks to queue
[2022-11-06T04:12:07.398+0200] {logging_mixin.py:120} INFO - [2022-11-06T04:12:07.397+0200] {dagbag.py:537} INFO - Filling up the DagBag from /Users/mnagy99/airflow/dags/lesson1_exercises/exercise6.py
[2022-11-06T04:12:08.181+0200] {processor.py:766} INFO - DAG(s) dict_keys(['lesson1.exercise6']) retrieved from /Users/mnagy99/airflow/dags/lesson1_exercises/exercise6.py
[2022-11-06T04:12:08.571+0200] {logging_mixin.py:120} INFO - [2022-11-06T04:12:08.571+0200] {dag.py:2585} INFO - Sync 1 DAGs
[2022-11-06T04:12:08.585+0200] {logging_mixin.py:120} INFO - [2022-11-06T04:12:08.585+0200] {dag.py:3336} INFO - Setting next_dagrun for lesson1.exercise6 to 2022-11-06T04:12:08.173440+00:00, run_after=2022-11-07T04:12:08.173440+00:00
[2022-11-06T04:12:08.601+0200] {processor.py:176} INFO - Processing /Users/mnagy99/airflow/dags/lesson1_exercises/exercise6.py took 1.207 seconds
[2022-11-06T04:16:14.350+0200] {processor.py:154} INFO - Started process (PID=10431) to work on /Users/mnagy99/airflow/dags/lesson1_exercises/exercise6.py
[2022-11-06T04:16:14.353+0200] {processor.py:756} INFO - Processing file /Users/mnagy99/airflow/dags/lesson1_exercises/exercise6.py for tasks to queue
[2022-11-06T04:16:14.353+0200] {logging_mixin.py:120} INFO - [2022-11-06T04:16:14.353+0200] {dagbag.py:537} INFO - Filling up the DagBag from /Users/mnagy99/airflow/dags/lesson1_exercises/exercise6.py
[2022-11-06T04:16:15.124+0200] {processor.py:766} INFO - DAG(s) dict_keys(['lesson1.exercise6']) retrieved from /Users/mnagy99/airflow/dags/lesson1_exercises/exercise6.py
[2022-11-06T04:16:15.496+0200] {logging_mixin.py:120} INFO - [2022-11-06T04:16:15.496+0200] {dag.py:2585} INFO - Sync 1 DAGs
[2022-11-06T04:16:15.510+0200] {logging_mixin.py:120} INFO - [2022-11-06T04:16:15.510+0200] {dag.py:3336} INFO - Setting next_dagrun for lesson1.exercise6 to 2022-11-06T04:16:15.115946+00:00, run_after=2022-11-07T04:16:15.115946+00:00
[2022-11-06T04:16:15.531+0200] {processor.py:176} INFO - Processing /Users/mnagy99/airflow/dags/lesson1_exercises/exercise6.py took 1.182 seconds
[2022-11-06T04:18:47.371+0200] {processor.py:154} INFO - Started process (PID=10575) to work on /Users/mnagy99/airflow/dags/lesson1_exercises/exercise6.py
[2022-11-06T04:18:47.374+0200] {processor.py:756} INFO - Processing file /Users/mnagy99/airflow/dags/lesson1_exercises/exercise6.py for tasks to queue
[2022-11-06T04:18:47.375+0200] {logging_mixin.py:120} INFO - [2022-11-06T04:18:47.375+0200] {dagbag.py:537} INFO - Filling up the DagBag from /Users/mnagy99/airflow/dags/lesson1_exercises/exercise6.py
[2022-11-06T04:18:48.369+0200] {processor.py:766} INFO - DAG(s) dict_keys(['lesson1.exercise6']) retrieved from /Users/mnagy99/airflow/dags/lesson1_exercises/exercise6.py
[2022-11-06T04:18:48.962+0200] {logging_mixin.py:120} INFO - [2022-11-06T04:18:48.962+0200] {dag.py:2585} INFO - Sync 1 DAGs
[2022-11-06T04:18:48.985+0200] {logging_mixin.py:120} INFO - [2022-11-06T04:18:48.985+0200] {dag.py:3336} INFO - Setting next_dagrun for lesson1.exercise6 to 2022-11-06T04:18:48.352372+00:00, run_after=2022-11-07T04:18:48.352372+00:00
[2022-11-06T04:18:49.006+0200] {processor.py:176} INFO - Processing /Users/mnagy99/airflow/dags/lesson1_exercises/exercise6.py took 1.636 seconds
