[2022-11-06T02:03:22.377+0200] {processor.py:154} INFO - Started process (PID=2109) to work on /Users/mnagy99/airflow/dags/lesson1_exercises/exercise1.py
[2022-11-06T02:03:22.378+0200] {processor.py:756} INFO - Processing file /Users/mnagy99/airflow/dags/lesson1_exercises/exercise1.py for tasks to queue
[2022-11-06T02:03:22.379+0200] {logging_mixin.py:120} INFO - [2022-11-06T02:03:22.379+0200] {dagbag.py:537} INFO - Filling up the DagBag from /Users/mnagy99/airflow/dags/lesson1_exercises/exercise1.py
[2022-11-06T02:03:22.412+0200] {processor.py:766} INFO - DAG(s) dict_keys(['lesson1.exercise1']) retrieved from /Users/mnagy99/airflow/dags/lesson1_exercises/exercise1.py
[2022-11-06T02:03:23.605+0200] {logging_mixin.py:120} INFO - [2022-11-06T02:03:23.604+0200] {dag.py:2585} INFO - Sync 1 DAGs
[2022-11-06T02:03:23.622+0200] {logging_mixin.py:120} INFO - [2022-11-06T02:03:23.621+0200] {dag.py:3336} INFO - Setting next_dagrun for lesson1.exercise1 to 2022-11-06T02:03:22.406720+00:00, run_after=2022-11-07T02:03:22.406720+00:00
[2022-11-06T02:03:23.642+0200] {processor.py:176} INFO - Processing /Users/mnagy99/airflow/dags/lesson1_exercises/exercise1.py took 1.266 seconds
[2022-11-06T02:06:11.409+0200] {processor.py:154} INFO - Started process (PID=2264) to work on /Users/mnagy99/airflow/dags/lesson1_exercises/exercise1.py
[2022-11-06T02:06:11.412+0200] {processor.py:756} INFO - Processing file /Users/mnagy99/airflow/dags/lesson1_exercises/exercise1.py for tasks to queue
[2022-11-06T02:06:11.412+0200] {logging_mixin.py:120} INFO - [2022-11-06T02:06:11.412+0200] {dagbag.py:537} INFO - Filling up the DagBag from /Users/mnagy99/airflow/dags/lesson1_exercises/exercise1.py
[2022-11-06T02:06:11.452+0200] {processor.py:766} INFO - DAG(s) dict_keys(['lesson1.exercise1']) retrieved from /Users/mnagy99/airflow/dags/lesson1_exercises/exercise1.py
[2022-11-06T02:06:12.592+0200] {logging_mixin.py:120} INFO - [2022-11-06T02:06:12.592+0200] {dag.py:2585} INFO - Sync 1 DAGs
[2022-11-06T02:06:12.605+0200] {logging_mixin.py:120} INFO - [2022-11-06T02:06:12.605+0200] {dag.py:3336} INFO - Setting next_dagrun for lesson1.exercise1 to 2022-11-06T02:06:11.446954+00:00, run_after=2022-11-07T02:06:11.446954+00:00
[2022-11-06T02:06:12.630+0200] {processor.py:176} INFO - Processing /Users/mnagy99/airflow/dags/lesson1_exercises/exercise1.py took 1.221 seconds
[2022-11-06T02:10:46.087+0200] {processor.py:154} INFO - Started process (PID=2519) to work on /Users/mnagy99/airflow/dags/lesson1_exercises/exercise1.py
[2022-11-06T02:10:46.089+0200] {processor.py:756} INFO - Processing file /Users/mnagy99/airflow/dags/lesson1_exercises/exercise1.py for tasks to queue
[2022-11-06T02:10:46.090+0200] {logging_mixin.py:120} INFO - [2022-11-06T02:10:46.090+0200] {dagbag.py:537} INFO - Filling up the DagBag from /Users/mnagy99/airflow/dags/lesson1_exercises/exercise1.py
[2022-11-06T02:10:46.137+0200] {processor.py:766} INFO - DAG(s) dict_keys(['lesson1.exercise1']) retrieved from /Users/mnagy99/airflow/dags/lesson1_exercises/exercise1.py
[2022-11-06T02:10:47.620+0200] {logging_mixin.py:120} INFO - [2022-11-06T02:10:47.620+0200] {dag.py:2585} INFO - Sync 1 DAGs
[2022-11-06T02:10:47.635+0200] {logging_mixin.py:120} INFO - [2022-11-06T02:10:47.635+0200] {dag.py:3336} INFO - Setting next_dagrun for lesson1.exercise1 to 2022-11-06T02:10:46.129639+00:00, run_after=2022-11-07T02:10:46.129639+00:00
[2022-11-06T02:10:47.652+0200] {processor.py:176} INFO - Processing /Users/mnagy99/airflow/dags/lesson1_exercises/exercise1.py took 1.566 seconds
[2022-11-06T02:15:19.510+0200] {processor.py:154} INFO - Started process (PID=2845) to work on /Users/mnagy99/airflow/dags/lesson1_exercises/exercise1.py
[2022-11-06T02:15:19.513+0200] {processor.py:756} INFO - Processing file /Users/mnagy99/airflow/dags/lesson1_exercises/exercise1.py for tasks to queue
[2022-11-06T02:15:19.514+0200] {logging_mixin.py:120} INFO - [2022-11-06T02:15:19.513+0200] {dagbag.py:537} INFO - Filling up the DagBag from /Users/mnagy99/airflow/dags/lesson1_exercises/exercise1.py
[2022-11-06T02:15:19.549+0200] {processor.py:766} INFO - DAG(s) dict_keys(['lesson1.exercise1']) retrieved from /Users/mnagy99/airflow/dags/lesson1_exercises/exercise1.py
[2022-11-06T02:15:20.540+0200] {logging_mixin.py:120} INFO - [2022-11-06T02:15:20.540+0200] {dag.py:2585} INFO - Sync 1 DAGs
[2022-11-06T02:15:20.557+0200] {logging_mixin.py:120} INFO - [2022-11-06T02:15:20.557+0200] {dag.py:3336} INFO - Setting next_dagrun for lesson1.exercise1 to 2022-11-06T02:15:19.544162+00:00, run_after=2022-11-07T02:15:19.544162+00:00
[2022-11-06T02:15:20.575+0200] {processor.py:176} INFO - Processing /Users/mnagy99/airflow/dags/lesson1_exercises/exercise1.py took 1.065 seconds
[2022-11-06T02:19:41.360+0200] {processor.py:154} INFO - Started process (PID=3125) to work on /Users/mnagy99/airflow/dags/lesson1_exercises/exercise1.py
[2022-11-06T02:19:41.362+0200] {processor.py:756} INFO - Processing file /Users/mnagy99/airflow/dags/lesson1_exercises/exercise1.py for tasks to queue
[2022-11-06T02:19:41.363+0200] {logging_mixin.py:120} INFO - [2022-11-06T02:19:41.363+0200] {dagbag.py:537} INFO - Filling up the DagBag from /Users/mnagy99/airflow/dags/lesson1_exercises/exercise1.py
[2022-11-06T02:19:41.416+0200] {processor.py:766} INFO - DAG(s) dict_keys(['lesson1.exercise1']) retrieved from /Users/mnagy99/airflow/dags/lesson1_exercises/exercise1.py
[2022-11-06T02:19:42.723+0200] {logging_mixin.py:120} INFO - [2022-11-06T02:19:42.723+0200] {dag.py:2585} INFO - Sync 1 DAGs
[2022-11-06T02:19:42.737+0200] {logging_mixin.py:120} INFO - [2022-11-06T02:19:42.737+0200] {dag.py:3336} INFO - Setting next_dagrun for lesson1.exercise1 to 2022-11-06T02:19:41.407951+00:00, run_after=2022-11-07T02:19:41.407951+00:00
[2022-11-06T02:19:42.757+0200] {processor.py:176} INFO - Processing /Users/mnagy99/airflow/dags/lesson1_exercises/exercise1.py took 1.398 seconds
[2022-11-06T02:24:02.089+0200] {processor.py:154} INFO - Started process (PID=3398) to work on /Users/mnagy99/airflow/dags/lesson1_exercises/exercise1.py
[2022-11-06T02:24:02.091+0200] {processor.py:756} INFO - Processing file /Users/mnagy99/airflow/dags/lesson1_exercises/exercise1.py for tasks to queue
[2022-11-06T02:24:02.092+0200] {logging_mixin.py:120} INFO - [2022-11-06T02:24:02.092+0200] {dagbag.py:537} INFO - Filling up the DagBag from /Users/mnagy99/airflow/dags/lesson1_exercises/exercise1.py
[2022-11-06T02:24:02.122+0200] {processor.py:766} INFO - DAG(s) dict_keys(['lesson1.exercise1']) retrieved from /Users/mnagy99/airflow/dags/lesson1_exercises/exercise1.py
[2022-11-06T02:24:03.108+0200] {logging_mixin.py:120} INFO - [2022-11-06T02:24:03.107+0200] {dag.py:2585} INFO - Sync 1 DAGs
[2022-11-06T02:24:03.132+0200] {logging_mixin.py:120} INFO - [2022-11-06T02:24:03.132+0200] {dag.py:3336} INFO - Setting next_dagrun for lesson1.exercise1 to 2022-11-06T02:24:02.116750+00:00, run_after=2022-11-07T02:24:02.116750+00:00
[2022-11-06T02:24:03.194+0200] {processor.py:176} INFO - Processing /Users/mnagy99/airflow/dags/lesson1_exercises/exercise1.py took 1.106 seconds
[2022-11-06T02:28:28.673+0200] {processor.py:154} INFO - Started process (PID=3678) to work on /Users/mnagy99/airflow/dags/lesson1_exercises/exercise1.py
[2022-11-06T02:28:28.675+0200] {processor.py:756} INFO - Processing file /Users/mnagy99/airflow/dags/lesson1_exercises/exercise1.py for tasks to queue
[2022-11-06T02:28:28.675+0200] {logging_mixin.py:120} INFO - [2022-11-06T02:28:28.675+0200] {dagbag.py:537} INFO - Filling up the DagBag from /Users/mnagy99/airflow/dags/lesson1_exercises/exercise1.py
[2022-11-06T02:28:28.730+0200] {processor.py:766} INFO - DAG(s) dict_keys(['lesson1.exercise1']) retrieved from /Users/mnagy99/airflow/dags/lesson1_exercises/exercise1.py
[2022-11-06T02:28:29.737+0200] {logging_mixin.py:120} INFO - [2022-11-06T02:28:29.737+0200] {dag.py:2585} INFO - Sync 1 DAGs
[2022-11-06T02:28:29.752+0200] {logging_mixin.py:120} INFO - [2022-11-06T02:28:29.752+0200] {dag.py:3336} INFO - Setting next_dagrun for lesson1.exercise1 to 2022-11-06T02:28:28.724449+00:00, run_after=2022-11-07T02:28:28.724449+00:00
[2022-11-06T02:28:29.768+0200] {processor.py:176} INFO - Processing /Users/mnagy99/airflow/dags/lesson1_exercises/exercise1.py took 1.101 seconds
[2022-11-06T02:32:53.970+0200] {processor.py:154} INFO - Started process (PID=3980) to work on /Users/mnagy99/airflow/dags/lesson1_exercises/exercise1.py
[2022-11-06T02:32:53.973+0200] {processor.py:756} INFO - Processing file /Users/mnagy99/airflow/dags/lesson1_exercises/exercise1.py for tasks to queue
[2022-11-06T02:32:53.974+0200] {logging_mixin.py:120} INFO - [2022-11-06T02:32:53.974+0200] {dagbag.py:537} INFO - Filling up the DagBag from /Users/mnagy99/airflow/dags/lesson1_exercises/exercise1.py
[2022-11-06T02:32:54.011+0200] {processor.py:766} INFO - DAG(s) dict_keys(['lesson1.exercise1']) retrieved from /Users/mnagy99/airflow/dags/lesson1_exercises/exercise1.py
[2022-11-06T02:32:55.087+0200] {logging_mixin.py:120} INFO - [2022-11-06T02:32:55.086+0200] {dag.py:2585} INFO - Sync 1 DAGs
[2022-11-06T02:32:55.103+0200] {logging_mixin.py:120} INFO - [2022-11-06T02:32:55.102+0200] {dag.py:3336} INFO - Setting next_dagrun for lesson1.exercise1 to 2022-11-06T02:32:54.001100+00:00, run_after=2022-11-07T02:32:54.001100+00:00
[2022-11-06T02:32:55.120+0200] {processor.py:176} INFO - Processing /Users/mnagy99/airflow/dags/lesson1_exercises/exercise1.py took 1.151 seconds
[2022-11-06T02:37:12.440+0200] {processor.py:154} INFO - Started process (PID=4265) to work on /Users/mnagy99/airflow/dags/lesson1_exercises/exercise1.py
[2022-11-06T02:37:12.443+0200] {processor.py:756} INFO - Processing file /Users/mnagy99/airflow/dags/lesson1_exercises/exercise1.py for tasks to queue
[2022-11-06T02:37:12.443+0200] {logging_mixin.py:120} INFO - [2022-11-06T02:37:12.443+0200] {dagbag.py:537} INFO - Filling up the DagBag from /Users/mnagy99/airflow/dags/lesson1_exercises/exercise1.py
[2022-11-06T02:37:12.472+0200] {processor.py:766} INFO - DAG(s) dict_keys(['lesson1.exercise1']) retrieved from /Users/mnagy99/airflow/dags/lesson1_exercises/exercise1.py
[2022-11-06T02:37:13.439+0200] {logging_mixin.py:120} INFO - [2022-11-06T02:37:13.438+0200] {dag.py:2585} INFO - Sync 1 DAGs
[2022-11-06T02:37:13.454+0200] {logging_mixin.py:120} INFO - [2022-11-06T02:37:13.454+0200] {dag.py:3336} INFO - Setting next_dagrun for lesson1.exercise1 to 2022-11-06T02:37:12.466461+00:00, run_after=2022-11-07T02:37:12.466461+00:00
[2022-11-06T02:37:13.477+0200] {processor.py:176} INFO - Processing /Users/mnagy99/airflow/dags/lesson1_exercises/exercise1.py took 1.037 seconds
[2022-11-06T02:41:47.868+0200] {processor.py:154} INFO - Started process (PID=4566) to work on /Users/mnagy99/airflow/dags/lesson1_exercises/exercise1.py
[2022-11-06T02:41:47.871+0200] {processor.py:756} INFO - Processing file /Users/mnagy99/airflow/dags/lesson1_exercises/exercise1.py for tasks to queue
[2022-11-06T02:41:47.871+0200] {logging_mixin.py:120} INFO - [2022-11-06T02:41:47.871+0200] {dagbag.py:537} INFO - Filling up the DagBag from /Users/mnagy99/airflow/dags/lesson1_exercises/exercise1.py
[2022-11-06T02:41:47.904+0200] {processor.py:766} INFO - DAG(s) dict_keys(['lesson1.exercise1']) retrieved from /Users/mnagy99/airflow/dags/lesson1_exercises/exercise1.py
[2022-11-06T02:41:49.127+0200] {logging_mixin.py:120} INFO - [2022-11-06T02:41:49.127+0200] {dag.py:2585} INFO - Sync 1 DAGs
[2022-11-06T02:41:49.151+0200] {logging_mixin.py:120} INFO - [2022-11-06T02:41:49.151+0200] {dag.py:3336} INFO - Setting next_dagrun for lesson1.exercise1 to 2022-11-06T02:41:47.898466+00:00, run_after=2022-11-07T02:41:47.898466+00:00
[2022-11-06T02:41:49.175+0200] {processor.py:176} INFO - Processing /Users/mnagy99/airflow/dags/lesson1_exercises/exercise1.py took 1.307 seconds
[2022-11-06T02:46:27.781+0200] {processor.py:154} INFO - Started process (PID=4843) to work on /Users/mnagy99/airflow/dags/lesson1_exercises/exercise1.py
[2022-11-06T02:46:27.784+0200] {processor.py:756} INFO - Processing file /Users/mnagy99/airflow/dags/lesson1_exercises/exercise1.py for tasks to queue
[2022-11-06T02:46:27.785+0200] {logging_mixin.py:120} INFO - [2022-11-06T02:46:27.785+0200] {dagbag.py:537} INFO - Filling up the DagBag from /Users/mnagy99/airflow/dags/lesson1_exercises/exercise1.py
[2022-11-06T02:46:27.819+0200] {processor.py:766} INFO - DAG(s) dict_keys(['lesson1.exercise1']) retrieved from /Users/mnagy99/airflow/dags/lesson1_exercises/exercise1.py
[2022-11-06T02:46:28.867+0200] {logging_mixin.py:120} INFO - [2022-11-06T02:46:28.867+0200] {dag.py:2585} INFO - Sync 1 DAGs
[2022-11-06T02:46:28.882+0200] {logging_mixin.py:120} INFO - [2022-11-06T02:46:28.882+0200] {dag.py:3336} INFO - Setting next_dagrun for lesson1.exercise1 to 2022-11-06T02:46:27.813591+00:00, run_after=2022-11-07T02:46:27.813591+00:00
[2022-11-06T02:46:28.901+0200] {processor.py:176} INFO - Processing /Users/mnagy99/airflow/dags/lesson1_exercises/exercise1.py took 1.120 seconds
[2022-11-06T02:50:42.250+0200] {processor.py:154} INFO - Started process (PID=5092) to work on /Users/mnagy99/airflow/dags/lesson1_exercises/exercise1.py
[2022-11-06T02:50:42.252+0200] {processor.py:756} INFO - Processing file /Users/mnagy99/airflow/dags/lesson1_exercises/exercise1.py for tasks to queue
[2022-11-06T02:50:42.253+0200] {logging_mixin.py:120} INFO - [2022-11-06T02:50:42.252+0200] {dagbag.py:537} INFO - Filling up the DagBag from /Users/mnagy99/airflow/dags/lesson1_exercises/exercise1.py
[2022-11-06T02:50:42.283+0200] {processor.py:766} INFO - DAG(s) dict_keys(['lesson1.exercise1']) retrieved from /Users/mnagy99/airflow/dags/lesson1_exercises/exercise1.py
[2022-11-06T02:50:43.326+0200] {logging_mixin.py:120} INFO - [2022-11-06T02:50:43.326+0200] {dag.py:2585} INFO - Sync 1 DAGs
[2022-11-06T02:50:43.344+0200] {logging_mixin.py:120} INFO - [2022-11-06T02:50:43.343+0200] {dag.py:3336} INFO - Setting next_dagrun for lesson1.exercise1 to 2022-11-06T02:50:42.277405+00:00, run_after=2022-11-07T02:50:42.277405+00:00
[2022-11-06T02:50:43.366+0200] {processor.py:176} INFO - Processing /Users/mnagy99/airflow/dags/lesson1_exercises/exercise1.py took 1.117 seconds
[2022-11-06T02:54:56.441+0200] {processor.py:154} INFO - Started process (PID=5342) to work on /Users/mnagy99/airflow/dags/lesson1_exercises/exercise1.py
[2022-11-06T02:54:56.444+0200] {processor.py:756} INFO - Processing file /Users/mnagy99/airflow/dags/lesson1_exercises/exercise1.py for tasks to queue
[2022-11-06T02:54:56.445+0200] {logging_mixin.py:120} INFO - [2022-11-06T02:54:56.444+0200] {dagbag.py:537} INFO - Filling up the DagBag from /Users/mnagy99/airflow/dags/lesson1_exercises/exercise1.py
[2022-11-06T02:54:56.486+0200] {processor.py:766} INFO - DAG(s) dict_keys(['lesson1.exercise1']) retrieved from /Users/mnagy99/airflow/dags/lesson1_exercises/exercise1.py
[2022-11-06T02:54:57.734+0200] {logging_mixin.py:120} INFO - [2022-11-06T02:54:57.734+0200] {dag.py:2585} INFO - Sync 1 DAGs
[2022-11-06T02:54:57.749+0200] {logging_mixin.py:120} INFO - [2022-11-06T02:54:57.749+0200] {dag.py:3336} INFO - Setting next_dagrun for lesson1.exercise1 to 2022-11-06T02:54:56.475398+00:00, run_after=2022-11-07T02:54:56.475398+00:00
[2022-11-06T02:54:57.766+0200] {processor.py:176} INFO - Processing /Users/mnagy99/airflow/dags/lesson1_exercises/exercise1.py took 1.326 seconds
[2022-11-06T02:59:30.920+0200] {processor.py:154} INFO - Started process (PID=5622) to work on /Users/mnagy99/airflow/dags/lesson1_exercises/exercise1.py
[2022-11-06T02:59:30.922+0200] {processor.py:756} INFO - Processing file /Users/mnagy99/airflow/dags/lesson1_exercises/exercise1.py for tasks to queue
[2022-11-06T02:59:30.922+0200] {logging_mixin.py:120} INFO - [2022-11-06T02:59:30.922+0200] {dagbag.py:537} INFO - Filling up the DagBag from /Users/mnagy99/airflow/dags/lesson1_exercises/exercise1.py
[2022-11-06T02:59:30.955+0200] {processor.py:766} INFO - DAG(s) dict_keys(['lesson1.exercise1']) retrieved from /Users/mnagy99/airflow/dags/lesson1_exercises/exercise1.py
[2022-11-06T02:59:31.996+0200] {logging_mixin.py:120} INFO - [2022-11-06T02:59:31.995+0200] {dag.py:2585} INFO - Sync 1 DAGs
[2022-11-06T02:59:32.010+0200] {logging_mixin.py:120} INFO - [2022-11-06T02:59:32.010+0200] {dag.py:3336} INFO - Setting next_dagrun for lesson1.exercise1 to 2022-11-06T02:59:30.949603+00:00, run_after=2022-11-07T02:59:30.949603+00:00
[2022-11-06T02:59:32.026+0200] {processor.py:176} INFO - Processing /Users/mnagy99/airflow/dags/lesson1_exercises/exercise1.py took 1.107 seconds
[2022-11-06T03:04:28.194+0200] {processor.py:154} INFO - Started process (PID=5898) to work on /Users/mnagy99/airflow/dags/lesson1_exercises/exercise1.py
[2022-11-06T03:04:28.196+0200] {processor.py:756} INFO - Processing file /Users/mnagy99/airflow/dags/lesson1_exercises/exercise1.py for tasks to queue
[2022-11-06T03:04:28.197+0200] {logging_mixin.py:120} INFO - [2022-11-06T03:04:28.197+0200] {dagbag.py:537} INFO - Filling up the DagBag from /Users/mnagy99/airflow/dags/lesson1_exercises/exercise1.py
[2022-11-06T03:04:28.225+0200] {processor.py:766} INFO - DAG(s) dict_keys(['lesson1.exercise1']) retrieved from /Users/mnagy99/airflow/dags/lesson1_exercises/exercise1.py
[2022-11-06T03:04:29.215+0200] {logging_mixin.py:120} INFO - [2022-11-06T03:04:29.215+0200] {dag.py:2585} INFO - Sync 1 DAGs
[2022-11-06T03:04:29.229+0200] {logging_mixin.py:120} INFO - [2022-11-06T03:04:29.229+0200] {dag.py:3336} INFO - Setting next_dagrun for lesson1.exercise1 to 2022-11-06T03:04:28.220129+00:00, run_after=2022-11-07T03:04:28.220129+00:00
[2022-11-06T03:04:29.246+0200] {processor.py:176} INFO - Processing /Users/mnagy99/airflow/dags/lesson1_exercises/exercise1.py took 1.053 seconds
[2022-11-06T03:08:52.178+0200] {processor.py:154} INFO - Started process (PID=6156) to work on /Users/mnagy99/airflow/dags/lesson1_exercises/exercise1.py
[2022-11-06T03:08:52.181+0200] {processor.py:756} INFO - Processing file /Users/mnagy99/airflow/dags/lesson1_exercises/exercise1.py for tasks to queue
[2022-11-06T03:08:52.181+0200] {logging_mixin.py:120} INFO - [2022-11-06T03:08:52.181+0200] {dagbag.py:537} INFO - Filling up the DagBag from /Users/mnagy99/airflow/dags/lesson1_exercises/exercise1.py
[2022-11-06T03:08:52.212+0200] {processor.py:766} INFO - DAG(s) dict_keys(['lesson1.exercise1']) retrieved from /Users/mnagy99/airflow/dags/lesson1_exercises/exercise1.py
[2022-11-06T03:08:53.166+0200] {logging_mixin.py:120} INFO - [2022-11-06T03:08:53.166+0200] {dag.py:2585} INFO - Sync 1 DAGs
[2022-11-06T03:08:53.181+0200] {logging_mixin.py:120} INFO - [2022-11-06T03:08:53.180+0200] {dag.py:3336} INFO - Setting next_dagrun for lesson1.exercise1 to 2022-11-06T03:08:52.207296+00:00, run_after=2022-11-07T03:08:52.207296+00:00
[2022-11-06T03:08:53.200+0200] {processor.py:176} INFO - Processing /Users/mnagy99/airflow/dags/lesson1_exercises/exercise1.py took 1.023 seconds
[2022-11-06T03:13:04.931+0200] {processor.py:154} INFO - Started process (PID=6423) to work on /Users/mnagy99/airflow/dags/lesson1_exercises/exercise1.py
[2022-11-06T03:13:04.935+0200] {processor.py:756} INFO - Processing file /Users/mnagy99/airflow/dags/lesson1_exercises/exercise1.py for tasks to queue
[2022-11-06T03:13:04.935+0200] {logging_mixin.py:120} INFO - [2022-11-06T03:13:04.935+0200] {dagbag.py:537} INFO - Filling up the DagBag from /Users/mnagy99/airflow/dags/lesson1_exercises/exercise1.py
[2022-11-06T03:13:04.975+0200] {processor.py:766} INFO - DAG(s) dict_keys(['lesson1.exercise1']) retrieved from /Users/mnagy99/airflow/dags/lesson1_exercises/exercise1.py
[2022-11-06T03:13:06.005+0200] {logging_mixin.py:120} INFO - [2022-11-06T03:13:06.005+0200] {dag.py:2585} INFO - Sync 1 DAGs
[2022-11-06T03:13:06.022+0200] {logging_mixin.py:120} INFO - [2022-11-06T03:13:06.022+0200] {dag.py:3336} INFO - Setting next_dagrun for lesson1.exercise1 to 2022-11-06T03:13:04.967715+00:00, run_after=2022-11-07T03:13:04.967715+00:00
[2022-11-06T03:13:06.040+0200] {processor.py:176} INFO - Processing /Users/mnagy99/airflow/dags/lesson1_exercises/exercise1.py took 1.111 seconds
[2022-11-06T03:17:06.793+0200] {processor.py:154} INFO - Started process (PID=6687) to work on /Users/mnagy99/airflow/dags/lesson1_exercises/exercise1.py
[2022-11-06T03:17:06.796+0200] {processor.py:756} INFO - Processing file /Users/mnagy99/airflow/dags/lesson1_exercises/exercise1.py for tasks to queue
[2022-11-06T03:17:06.797+0200] {logging_mixin.py:120} INFO - [2022-11-06T03:17:06.797+0200] {dagbag.py:537} INFO - Filling up the DagBag from /Users/mnagy99/airflow/dags/lesson1_exercises/exercise1.py
[2022-11-06T03:17:06.833+0200] {processor.py:766} INFO - DAG(s) dict_keys(['lesson1.exercise1']) retrieved from /Users/mnagy99/airflow/dags/lesson1_exercises/exercise1.py
[2022-11-06T03:17:07.809+0200] {logging_mixin.py:120} INFO - [2022-11-06T03:17:07.809+0200] {dag.py:2585} INFO - Sync 1 DAGs
[2022-11-06T03:17:07.823+0200] {logging_mixin.py:120} INFO - [2022-11-06T03:17:07.823+0200] {dag.py:3336} INFO - Setting next_dagrun for lesson1.exercise1 to 2022-11-06T03:17:06.826059+00:00, run_after=2022-11-07T03:17:06.826059+00:00
[2022-11-06T03:17:07.844+0200] {processor.py:176} INFO - Processing /Users/mnagy99/airflow/dags/lesson1_exercises/exercise1.py took 1.051 seconds
[2022-11-06T03:21:01.815+0200] {processor.py:154} INFO - Started process (PID=6935) to work on /Users/mnagy99/airflow/dags/lesson1_exercises/exercise1.py
[2022-11-06T03:21:01.816+0200] {processor.py:756} INFO - Processing file /Users/mnagy99/airflow/dags/lesson1_exercises/exercise1.py for tasks to queue
[2022-11-06T03:21:01.816+0200] {logging_mixin.py:120} INFO - [2022-11-06T03:21:01.816+0200] {dagbag.py:537} INFO - Filling up the DagBag from /Users/mnagy99/airflow/dags/lesson1_exercises/exercise1.py
[2022-11-06T03:21:01.846+0200] {processor.py:766} INFO - DAG(s) dict_keys(['lesson1.exercise1']) retrieved from /Users/mnagy99/airflow/dags/lesson1_exercises/exercise1.py
[2022-11-06T03:21:02.883+0200] {logging_mixin.py:120} INFO - [2022-11-06T03:21:02.882+0200] {dag.py:2585} INFO - Sync 1 DAGs
[2022-11-06T03:21:02.904+0200] {logging_mixin.py:120} INFO - [2022-11-06T03:21:02.904+0200] {dag.py:3336} INFO - Setting next_dagrun for lesson1.exercise1 to 2022-11-06T03:21:01.840982+00:00, run_after=2022-11-07T03:21:01.840982+00:00
[2022-11-06T03:21:02.948+0200] {processor.py:176} INFO - Processing /Users/mnagy99/airflow/dags/lesson1_exercises/exercise1.py took 1.134 seconds
[2022-11-06T03:25:01.762+0200] {processor.py:154} INFO - Started process (PID=7186) to work on /Users/mnagy99/airflow/dags/lesson1_exercises/exercise1.py
[2022-11-06T03:25:01.764+0200] {processor.py:756} INFO - Processing file /Users/mnagy99/airflow/dags/lesson1_exercises/exercise1.py for tasks to queue
[2022-11-06T03:25:01.765+0200] {logging_mixin.py:120} INFO - [2022-11-06T03:25:01.765+0200] {dagbag.py:537} INFO - Filling up the DagBag from /Users/mnagy99/airflow/dags/lesson1_exercises/exercise1.py
[2022-11-06T03:25:01.800+0200] {processor.py:766} INFO - DAG(s) dict_keys(['lesson1.exercise1']) retrieved from /Users/mnagy99/airflow/dags/lesson1_exercises/exercise1.py
[2022-11-06T03:25:02.805+0200] {logging_mixin.py:120} INFO - [2022-11-06T03:25:02.805+0200] {dag.py:2585} INFO - Sync 1 DAGs
[2022-11-06T03:25:02.820+0200] {logging_mixin.py:120} INFO - [2022-11-06T03:25:02.820+0200] {dag.py:3336} INFO - Setting next_dagrun for lesson1.exercise1 to 2022-11-06T03:25:01.794354+00:00, run_after=2022-11-07T03:25:01.794354+00:00
[2022-11-06T03:25:02.838+0200] {processor.py:176} INFO - Processing /Users/mnagy99/airflow/dags/lesson1_exercises/exercise1.py took 1.077 seconds
[2022-11-06T03:29:03.982+0200] {processor.py:154} INFO - Started process (PID=7456) to work on /Users/mnagy99/airflow/dags/lesson1_exercises/exercise1.py
[2022-11-06T03:29:03.984+0200] {processor.py:756} INFO - Processing file /Users/mnagy99/airflow/dags/lesson1_exercises/exercise1.py for tasks to queue
[2022-11-06T03:29:03.985+0200] {logging_mixin.py:120} INFO - [2022-11-06T03:29:03.985+0200] {dagbag.py:537} INFO - Filling up the DagBag from /Users/mnagy99/airflow/dags/lesson1_exercises/exercise1.py
[2022-11-06T03:29:04.015+0200] {processor.py:766} INFO - DAG(s) dict_keys(['lesson1.exercise1']) retrieved from /Users/mnagy99/airflow/dags/lesson1_exercises/exercise1.py
[2022-11-06T03:29:05.040+0200] {logging_mixin.py:120} INFO - [2022-11-06T03:29:05.039+0200] {dag.py:2585} INFO - Sync 1 DAGs
[2022-11-06T03:29:05.057+0200] {logging_mixin.py:120} INFO - [2022-11-06T03:29:05.057+0200] {dag.py:3336} INFO - Setting next_dagrun for lesson1.exercise1 to 2022-11-06T03:29:04.009964+00:00, run_after=2022-11-07T03:29:04.009964+00:00
[2022-11-06T03:29:05.076+0200] {processor.py:176} INFO - Processing /Users/mnagy99/airflow/dags/lesson1_exercises/exercise1.py took 1.095 seconds
[2022-11-06T03:33:07.139+0200] {processor.py:154} INFO - Started process (PID=7710) to work on /Users/mnagy99/airflow/dags/lesson1_exercises/exercise1.py
[2022-11-06T03:33:07.141+0200] {processor.py:756} INFO - Processing file /Users/mnagy99/airflow/dags/lesson1_exercises/exercise1.py for tasks to queue
[2022-11-06T03:33:07.142+0200] {logging_mixin.py:120} INFO - [2022-11-06T03:33:07.142+0200] {dagbag.py:537} INFO - Filling up the DagBag from /Users/mnagy99/airflow/dags/lesson1_exercises/exercise1.py
[2022-11-06T03:33:07.174+0200] {processor.py:766} INFO - DAG(s) dict_keys(['lesson1.exercise1']) retrieved from /Users/mnagy99/airflow/dags/lesson1_exercises/exercise1.py
[2022-11-06T03:33:08.217+0200] {logging_mixin.py:120} INFO - [2022-11-06T03:33:08.216+0200] {dag.py:2585} INFO - Sync 1 DAGs
[2022-11-06T03:33:08.233+0200] {logging_mixin.py:120} INFO - [2022-11-06T03:33:08.232+0200] {dag.py:3336} INFO - Setting next_dagrun for lesson1.exercise1 to 2022-11-06T03:33:07.168976+00:00, run_after=2022-11-07T03:33:07.168976+00:00
[2022-11-06T03:33:08.251+0200] {processor.py:176} INFO - Processing /Users/mnagy99/airflow/dags/lesson1_exercises/exercise1.py took 1.113 seconds
[2022-11-06T03:37:21.974+0200] {processor.py:154} INFO - Started process (PID=8019) to work on /Users/mnagy99/airflow/dags/lesson1_exercises/exercise1.py
[2022-11-06T03:37:21.975+0200] {processor.py:756} INFO - Processing file /Users/mnagy99/airflow/dags/lesson1_exercises/exercise1.py for tasks to queue
[2022-11-06T03:37:21.975+0200] {logging_mixin.py:120} INFO - [2022-11-06T03:37:21.975+0200] {dagbag.py:537} INFO - Filling up the DagBag from /Users/mnagy99/airflow/dags/lesson1_exercises/exercise1.py
[2022-11-06T03:37:22.017+0200] {processor.py:766} INFO - DAG(s) dict_keys(['lesson1.exercise1']) retrieved from /Users/mnagy99/airflow/dags/lesson1_exercises/exercise1.py
[2022-11-06T03:37:23.103+0200] {logging_mixin.py:120} INFO - [2022-11-06T03:37:23.103+0200] {dag.py:2585} INFO - Sync 1 DAGs
[2022-11-06T03:37:23.118+0200] {logging_mixin.py:120} INFO - [2022-11-06T03:37:23.118+0200] {dag.py:3336} INFO - Setting next_dagrun for lesson1.exercise1 to 2022-11-06T03:37:22.011206+00:00, run_after=2022-11-07T03:37:22.011206+00:00
[2022-11-06T03:37:23.145+0200] {processor.py:176} INFO - Processing /Users/mnagy99/airflow/dags/lesson1_exercises/exercise1.py took 1.172 seconds
[2022-11-06T03:41:21.892+0200] {processor.py:154} INFO - Started process (PID=8264) to work on /Users/mnagy99/airflow/dags/lesson1_exercises/exercise1.py
[2022-11-06T03:41:21.894+0200] {processor.py:756} INFO - Processing file /Users/mnagy99/airflow/dags/lesson1_exercises/exercise1.py for tasks to queue
[2022-11-06T03:41:21.895+0200] {logging_mixin.py:120} INFO - [2022-11-06T03:41:21.895+0200] {dagbag.py:537} INFO - Filling up the DagBag from /Users/mnagy99/airflow/dags/lesson1_exercises/exercise1.py
[2022-11-06T03:41:21.926+0200] {processor.py:766} INFO - DAG(s) dict_keys(['lesson1.exercise1']) retrieved from /Users/mnagy99/airflow/dags/lesson1_exercises/exercise1.py
[2022-11-06T03:41:22.907+0200] {logging_mixin.py:120} INFO - [2022-11-06T03:41:22.907+0200] {dag.py:2585} INFO - Sync 1 DAGs
[2022-11-06T03:41:22.921+0200] {logging_mixin.py:120} INFO - [2022-11-06T03:41:22.921+0200] {dag.py:3336} INFO - Setting next_dagrun for lesson1.exercise1 to 2022-11-06T03:41:21.920574+00:00, run_after=2022-11-07T03:41:21.920574+00:00
[2022-11-06T03:41:22.942+0200] {processor.py:176} INFO - Processing /Users/mnagy99/airflow/dags/lesson1_exercises/exercise1.py took 1.051 seconds
[2022-11-06T03:45:23.443+0200] {processor.py:154} INFO - Started process (PID=8523) to work on /Users/mnagy99/airflow/dags/lesson1_exercises/exercise1.py
[2022-11-06T03:45:23.446+0200] {processor.py:756} INFO - Processing file /Users/mnagy99/airflow/dags/lesson1_exercises/exercise1.py for tasks to queue
[2022-11-06T03:45:23.446+0200] {logging_mixin.py:120} INFO - [2022-11-06T03:45:23.446+0200] {dagbag.py:537} INFO - Filling up the DagBag from /Users/mnagy99/airflow/dags/lesson1_exercises/exercise1.py
[2022-11-06T03:45:23.476+0200] {processor.py:766} INFO - DAG(s) dict_keys(['lesson1.exercise1']) retrieved from /Users/mnagy99/airflow/dags/lesson1_exercises/exercise1.py
[2022-11-06T03:45:24.448+0200] {logging_mixin.py:120} INFO - [2022-11-06T03:45:24.448+0200] {dag.py:2585} INFO - Sync 1 DAGs
[2022-11-06T03:45:24.463+0200] {logging_mixin.py:120} INFO - [2022-11-06T03:45:24.463+0200] {dag.py:3336} INFO - Setting next_dagrun for lesson1.exercise1 to 2022-11-06T03:45:23.471137+00:00, run_after=2022-11-07T03:45:23.471137+00:00
[2022-11-06T03:45:24.481+0200] {processor.py:176} INFO - Processing /Users/mnagy99/airflow/dags/lesson1_exercises/exercise1.py took 1.038 seconds
[2022-11-06T03:49:34.050+0200] {processor.py:154} INFO - Started process (PID=8772) to work on /Users/mnagy99/airflow/dags/lesson1_exercises/exercise1.py
[2022-11-06T03:49:34.053+0200] {processor.py:756} INFO - Processing file /Users/mnagy99/airflow/dags/lesson1_exercises/exercise1.py for tasks to queue
[2022-11-06T03:49:34.053+0200] {logging_mixin.py:120} INFO - [2022-11-06T03:49:34.053+0200] {dagbag.py:537} INFO - Filling up the DagBag from /Users/mnagy99/airflow/dags/lesson1_exercises/exercise1.py
[2022-11-06T03:49:34.087+0200] {processor.py:766} INFO - DAG(s) dict_keys(['lesson1.exercise1']) retrieved from /Users/mnagy99/airflow/dags/lesson1_exercises/exercise1.py
[2022-11-06T03:49:35.043+0200] {logging_mixin.py:120} INFO - [2022-11-06T03:49:35.043+0200] {dag.py:2585} INFO - Sync 1 DAGs
[2022-11-06T03:49:35.058+0200] {logging_mixin.py:120} INFO - [2022-11-06T03:49:35.058+0200] {dag.py:3336} INFO - Setting next_dagrun for lesson1.exercise1 to 2022-11-06T03:49:34.081164+00:00, run_after=2022-11-07T03:49:34.081164+00:00
[2022-11-06T03:49:35.079+0200] {processor.py:176} INFO - Processing /Users/mnagy99/airflow/dags/lesson1_exercises/exercise1.py took 1.029 seconds
[2022-11-06T03:53:47.926+0200] {processor.py:154} INFO - Started process (PID=9037) to work on /Users/mnagy99/airflow/dags/lesson1_exercises/exercise1.py
[2022-11-06T03:53:47.928+0200] {processor.py:756} INFO - Processing file /Users/mnagy99/airflow/dags/lesson1_exercises/exercise1.py for tasks to queue
[2022-11-06T03:53:47.928+0200] {logging_mixin.py:120} INFO - [2022-11-06T03:53:47.928+0200] {dagbag.py:537} INFO - Filling up the DagBag from /Users/mnagy99/airflow/dags/lesson1_exercises/exercise1.py
[2022-11-06T03:53:47.958+0200] {processor.py:766} INFO - DAG(s) dict_keys(['lesson1.exercise1']) retrieved from /Users/mnagy99/airflow/dags/lesson1_exercises/exercise1.py
[2022-11-06T03:53:48.976+0200] {logging_mixin.py:120} INFO - [2022-11-06T03:53:48.976+0200] {dag.py:2585} INFO - Sync 1 DAGs
[2022-11-06T03:53:48.990+0200] {logging_mixin.py:120} INFO - [2022-11-06T03:53:48.990+0200] {dag.py:3336} INFO - Setting next_dagrun for lesson1.exercise1 to 2022-11-06T03:53:47.952978+00:00, run_after=2022-11-07T03:53:47.952978+00:00
[2022-11-06T03:53:49.011+0200] {processor.py:176} INFO - Processing /Users/mnagy99/airflow/dags/lesson1_exercises/exercise1.py took 1.086 seconds
[2022-11-06T03:58:22.225+0200] {processor.py:154} INFO - Started process (PID=9307) to work on /Users/mnagy99/airflow/dags/lesson1_exercises/exercise1.py
[2022-11-06T03:58:22.227+0200] {processor.py:756} INFO - Processing file /Users/mnagy99/airflow/dags/lesson1_exercises/exercise1.py for tasks to queue
[2022-11-06T03:58:22.228+0200] {logging_mixin.py:120} INFO - [2022-11-06T03:58:22.227+0200] {dagbag.py:537} INFO - Filling up the DagBag from /Users/mnagy99/airflow/dags/lesson1_exercises/exercise1.py
[2022-11-06T03:58:22.261+0200] {processor.py:766} INFO - DAG(s) dict_keys(['lesson1.exercise1']) retrieved from /Users/mnagy99/airflow/dags/lesson1_exercises/exercise1.py
[2022-11-06T03:58:23.517+0200] {logging_mixin.py:120} INFO - [2022-11-06T03:58:23.517+0200] {dag.py:2585} INFO - Sync 1 DAGs
[2022-11-06T03:58:23.540+0200] {logging_mixin.py:120} INFO - [2022-11-06T03:58:23.540+0200] {dag.py:3336} INFO - Setting next_dagrun for lesson1.exercise1 to 2022-11-06T03:58:22.255677+00:00, run_after=2022-11-07T03:58:22.255677+00:00
[2022-11-06T03:58:23.559+0200] {processor.py:176} INFO - Processing /Users/mnagy99/airflow/dags/lesson1_exercises/exercise1.py took 1.334 seconds
[2022-11-06T04:03:08.571+0200] {processor.py:154} INFO - Started process (PID=9603) to work on /Users/mnagy99/airflow/dags/lesson1_exercises/exercise1.py
[2022-11-06T04:03:08.573+0200] {processor.py:756} INFO - Processing file /Users/mnagy99/airflow/dags/lesson1_exercises/exercise1.py for tasks to queue
[2022-11-06T04:03:08.574+0200] {logging_mixin.py:120} INFO - [2022-11-06T04:03:08.574+0200] {dagbag.py:537} INFO - Filling up the DagBag from /Users/mnagy99/airflow/dags/lesson1_exercises/exercise1.py
[2022-11-06T04:03:08.625+0200] {processor.py:766} INFO - DAG(s) dict_keys(['lesson1.exercise1']) retrieved from /Users/mnagy99/airflow/dags/lesson1_exercises/exercise1.py
[2022-11-06T04:03:09.619+0200] {logging_mixin.py:120} INFO - [2022-11-06T04:03:09.619+0200] {dag.py:2585} INFO - Sync 1 DAGs
[2022-11-06T04:03:09.634+0200] {logging_mixin.py:120} INFO - [2022-11-06T04:03:09.634+0200] {dag.py:3336} INFO - Setting next_dagrun for lesson1.exercise1 to 2022-11-06T04:03:08.619364+00:00, run_after=2022-11-07T04:03:08.619364+00:00
[2022-11-06T04:03:09.649+0200] {processor.py:176} INFO - Processing /Users/mnagy99/airflow/dags/lesson1_exercises/exercise1.py took 1.079 seconds
[2022-11-06T04:07:49.065+0200] {processor.py:154} INFO - Started process (PID=9896) to work on /Users/mnagy99/airflow/dags/lesson1_exercises/exercise1.py
[2022-11-06T04:07:49.067+0200] {processor.py:756} INFO - Processing file /Users/mnagy99/airflow/dags/lesson1_exercises/exercise1.py for tasks to queue
[2022-11-06T04:07:49.068+0200] {logging_mixin.py:120} INFO - [2022-11-06T04:07:49.068+0200] {dagbag.py:537} INFO - Filling up the DagBag from /Users/mnagy99/airflow/dags/lesson1_exercises/exercise1.py
[2022-11-06T04:07:49.100+0200] {processor.py:766} INFO - DAG(s) dict_keys(['lesson1.exercise1']) retrieved from /Users/mnagy99/airflow/dags/lesson1_exercises/exercise1.py
[2022-11-06T04:07:50.065+0200] {logging_mixin.py:120} INFO - [2022-11-06T04:07:50.064+0200] {dag.py:2585} INFO - Sync 1 DAGs
[2022-11-06T04:07:50.080+0200] {logging_mixin.py:120} INFO - [2022-11-06T04:07:50.080+0200] {dag.py:3336} INFO - Setting next_dagrun for lesson1.exercise1 to 2022-11-06T04:07:49.094980+00:00, run_after=2022-11-07T04:07:49.094980+00:00
[2022-11-06T04:07:50.095+0200] {processor.py:176} INFO - Processing /Users/mnagy99/airflow/dags/lesson1_exercises/exercise1.py took 1.030 seconds
[2022-11-06T04:12:19.778+0200] {processor.py:154} INFO - Started process (PID=10181) to work on /Users/mnagy99/airflow/dags/lesson1_exercises/exercise1.py
[2022-11-06T04:12:19.780+0200] {processor.py:756} INFO - Processing file /Users/mnagy99/airflow/dags/lesson1_exercises/exercise1.py for tasks to queue
[2022-11-06T04:12:19.781+0200] {logging_mixin.py:120} INFO - [2022-11-06T04:12:19.781+0200] {dagbag.py:537} INFO - Filling up the DagBag from /Users/mnagy99/airflow/dags/lesson1_exercises/exercise1.py
[2022-11-06T04:12:19.810+0200] {processor.py:766} INFO - DAG(s) dict_keys(['lesson1.exercise1']) retrieved from /Users/mnagy99/airflow/dags/lesson1_exercises/exercise1.py
[2022-11-06T04:12:20.809+0200] {logging_mixin.py:120} INFO - [2022-11-06T04:12:20.809+0200] {dag.py:2585} INFO - Sync 1 DAGs
[2022-11-06T04:12:20.824+0200] {logging_mixin.py:120} INFO - [2022-11-06T04:12:20.823+0200] {dag.py:3336} INFO - Setting next_dagrun for lesson1.exercise1 to 2022-11-06T04:12:19.804560+00:00, run_after=2022-11-07T04:12:19.804560+00:00
[2022-11-06T04:12:20.839+0200] {processor.py:176} INFO - Processing /Users/mnagy99/airflow/dags/lesson1_exercises/exercise1.py took 1.062 seconds
[2022-11-06T04:16:25.409+0200] {processor.py:154} INFO - Started process (PID=10441) to work on /Users/mnagy99/airflow/dags/lesson1_exercises/exercise1.py
[2022-11-06T04:16:25.411+0200] {processor.py:756} INFO - Processing file /Users/mnagy99/airflow/dags/lesson1_exercises/exercise1.py for tasks to queue
[2022-11-06T04:16:25.411+0200] {logging_mixin.py:120} INFO - [2022-11-06T04:16:25.411+0200] {dagbag.py:537} INFO - Filling up the DagBag from /Users/mnagy99/airflow/dags/lesson1_exercises/exercise1.py
[2022-11-06T04:16:25.442+0200] {processor.py:766} INFO - DAG(s) dict_keys(['lesson1.exercise1']) retrieved from /Users/mnagy99/airflow/dags/lesson1_exercises/exercise1.py
[2022-11-06T04:16:26.577+0200] {logging_mixin.py:120} INFO - [2022-11-06T04:16:26.577+0200] {dag.py:2585} INFO - Sync 1 DAGs
[2022-11-06T04:16:26.592+0200] {logging_mixin.py:120} INFO - [2022-11-06T04:16:26.592+0200] {dag.py:3336} INFO - Setting next_dagrun for lesson1.exercise1 to 2022-11-06T04:16:25.436074+00:00, run_after=2022-11-07T04:16:25.436074+00:00
[2022-11-06T04:16:26.611+0200] {processor.py:176} INFO - Processing /Users/mnagy99/airflow/dags/lesson1_exercises/exercise1.py took 1.203 seconds
