[2022-11-06T02:01:11.656+0200] {processor.py:154} INFO - Started process (PID=1725) to work on /Users/mnagy99/airflow/dags/lesson2_exercises/exercise3.py
[2022-11-06T02:01:11.657+0200] {processor.py:756} INFO - Processing file /Users/mnagy99/airflow/dags/lesson2_exercises/exercise3.py for tasks to queue
[2022-11-06T02:01:11.658+0200] {logging_mixin.py:120} INFO - [2022-11-06T02:01:11.657+0200] {dagbag.py:537} INFO - Filling up the DagBag from /Users/mnagy99/airflow/dags/lesson2_exercises/exercise3.py
[2022-11-06T02:01:12.592+0200] {processor.py:766} INFO - DAG(s) dict_keys(['lesson2.exercise3']) retrieved from /Users/mnagy99/airflow/dags/lesson2_exercises/exercise3.py
[2022-11-06T02:01:13.036+0200] {logging_mixin.py:120} INFO - [2022-11-06T02:01:13.036+0200] {dag.py:2585} INFO - Sync 1 DAGs
[2022-11-06T02:01:13.052+0200] {logging_mixin.py:120} INFO - [2022-11-06T02:01:13.052+0200] {dag.py:3336} INFO - Setting next_dagrun for lesson2.exercise3 to 2018-01-01T00:00:00+00:00, run_after=2018-02-01T00:00:00+00:00
[2022-11-06T02:01:13.071+0200] {processor.py:176} INFO - Processing /Users/mnagy99/airflow/dags/lesson2_exercises/exercise3.py took 1.415 seconds
[2022-11-06T02:05:47.248+0200] {processor.py:154} INFO - Started process (PID=2246) to work on /Users/mnagy99/airflow/dags/lesson2_exercises/exercise3.py
[2022-11-06T02:05:47.250+0200] {processor.py:756} INFO - Processing file /Users/mnagy99/airflow/dags/lesson2_exercises/exercise3.py for tasks to queue
[2022-11-06T02:05:47.250+0200] {logging_mixin.py:120} INFO - [2022-11-06T02:05:47.250+0200] {dagbag.py:537} INFO - Filling up the DagBag from /Users/mnagy99/airflow/dags/lesson2_exercises/exercise3.py
[2022-11-06T02:05:48.208+0200] {processor.py:766} INFO - DAG(s) dict_keys(['lesson2.exercise3']) retrieved from /Users/mnagy99/airflow/dags/lesson2_exercises/exercise3.py
[2022-11-06T02:05:48.652+0200] {logging_mixin.py:120} INFO - [2022-11-06T02:05:48.651+0200] {dag.py:2585} INFO - Sync 1 DAGs
[2022-11-06T02:05:48.667+0200] {logging_mixin.py:120} INFO - [2022-11-06T02:05:48.667+0200] {dag.py:3336} INFO - Setting next_dagrun for lesson2.exercise3 to 2018-01-01T00:00:00+00:00, run_after=2018-02-01T00:00:00+00:00
[2022-11-06T02:05:48.688+0200] {processor.py:176} INFO - Processing /Users/mnagy99/airflow/dags/lesson2_exercises/exercise3.py took 1.440 seconds
[2022-11-06T02:10:24.684+0200] {processor.py:154} INFO - Started process (PID=2501) to work on /Users/mnagy99/airflow/dags/lesson2_exercises/exercise3.py
[2022-11-06T02:10:24.686+0200] {processor.py:756} INFO - Processing file /Users/mnagy99/airflow/dags/lesson2_exercises/exercise3.py for tasks to queue
[2022-11-06T02:10:24.687+0200] {logging_mixin.py:120} INFO - [2022-11-06T02:10:24.687+0200] {dagbag.py:537} INFO - Filling up the DagBag from /Users/mnagy99/airflow/dags/lesson2_exercises/exercise3.py
[2022-11-06T02:10:25.515+0200] {processor.py:766} INFO - DAG(s) dict_keys(['lesson2.exercise3']) retrieved from /Users/mnagy99/airflow/dags/lesson2_exercises/exercise3.py
[2022-11-06T02:10:25.948+0200] {logging_mixin.py:120} INFO - [2022-11-06T02:10:25.948+0200] {dag.py:2585} INFO - Sync 1 DAGs
[2022-11-06T02:10:25.965+0200] {logging_mixin.py:120} INFO - [2022-11-06T02:10:25.965+0200] {dag.py:3336} INFO - Setting next_dagrun for lesson2.exercise3 to 2018-01-01T00:00:00+00:00, run_after=2018-02-01T00:00:00+00:00
[2022-11-06T02:10:25.983+0200] {processor.py:176} INFO - Processing /Users/mnagy99/airflow/dags/lesson2_exercises/exercise3.py took 1.300 seconds
[2022-11-06T02:14:51.960+0200] {processor.py:154} INFO - Started process (PID=2809) to work on /Users/mnagy99/airflow/dags/lesson2_exercises/exercise3.py
[2022-11-06T02:14:51.963+0200] {processor.py:756} INFO - Processing file /Users/mnagy99/airflow/dags/lesson2_exercises/exercise3.py for tasks to queue
[2022-11-06T02:14:51.963+0200] {logging_mixin.py:120} INFO - [2022-11-06T02:14:51.963+0200] {dagbag.py:537} INFO - Filling up the DagBag from /Users/mnagy99/airflow/dags/lesson2_exercises/exercise3.py
[2022-11-06T02:14:52.886+0200] {processor.py:766} INFO - DAG(s) dict_keys(['lesson2.exercise3']) retrieved from /Users/mnagy99/airflow/dags/lesson2_exercises/exercise3.py
[2022-11-06T02:14:53.350+0200] {logging_mixin.py:120} INFO - [2022-11-06T02:14:53.350+0200] {dag.py:2585} INFO - Sync 1 DAGs
[2022-11-06T02:14:53.365+0200] {logging_mixin.py:120} INFO - [2022-11-06T02:14:53.365+0200] {dag.py:3336} INFO - Setting next_dagrun for lesson2.exercise3 to 2018-01-01T00:00:00+00:00, run_after=2018-02-01T00:00:00+00:00
[2022-11-06T02:14:53.384+0200] {processor.py:176} INFO - Processing /Users/mnagy99/airflow/dags/lesson2_exercises/exercise3.py took 1.424 seconds
[2022-11-06T02:19:21.161+0200] {processor.py:154} INFO - Started process (PID=3109) to work on /Users/mnagy99/airflow/dags/lesson2_exercises/exercise3.py
[2022-11-06T02:19:21.164+0200] {processor.py:756} INFO - Processing file /Users/mnagy99/airflow/dags/lesson2_exercises/exercise3.py for tasks to queue
[2022-11-06T02:19:21.165+0200] {logging_mixin.py:120} INFO - [2022-11-06T02:19:21.164+0200] {dagbag.py:537} INFO - Filling up the DagBag from /Users/mnagy99/airflow/dags/lesson2_exercises/exercise3.py
[2022-11-06T02:19:21.966+0200] {processor.py:766} INFO - DAG(s) dict_keys(['lesson2.exercise3']) retrieved from /Users/mnagy99/airflow/dags/lesson2_exercises/exercise3.py
[2022-11-06T02:19:22.421+0200] {logging_mixin.py:120} INFO - [2022-11-06T02:19:22.421+0200] {dag.py:2585} INFO - Sync 1 DAGs
[2022-11-06T02:19:22.437+0200] {logging_mixin.py:120} INFO - [2022-11-06T02:19:22.437+0200] {dag.py:3336} INFO - Setting next_dagrun for lesson2.exercise3 to 2018-01-01T00:00:00+00:00, run_after=2018-02-01T00:00:00+00:00
[2022-11-06T02:19:22.458+0200] {processor.py:176} INFO - Processing /Users/mnagy99/airflow/dags/lesson2_exercises/exercise3.py took 1.298 seconds
[2022-11-06T02:23:40.130+0200] {processor.py:154} INFO - Started process (PID=3378) to work on /Users/mnagy99/airflow/dags/lesson2_exercises/exercise3.py
[2022-11-06T02:23:40.131+0200] {processor.py:756} INFO - Processing file /Users/mnagy99/airflow/dags/lesson2_exercises/exercise3.py for tasks to queue
[2022-11-06T02:23:40.132+0200] {logging_mixin.py:120} INFO - [2022-11-06T02:23:40.132+0200] {dagbag.py:537} INFO - Filling up the DagBag from /Users/mnagy99/airflow/dags/lesson2_exercises/exercise3.py
[2022-11-06T02:23:40.925+0200] {processor.py:766} INFO - DAG(s) dict_keys(['lesson2.exercise3']) retrieved from /Users/mnagy99/airflow/dags/lesson2_exercises/exercise3.py
[2022-11-06T02:23:41.295+0200] {logging_mixin.py:120} INFO - [2022-11-06T02:23:41.294+0200] {dag.py:2585} INFO - Sync 1 DAGs
[2022-11-06T02:23:41.310+0200] {logging_mixin.py:120} INFO - [2022-11-06T02:23:41.310+0200] {dag.py:3336} INFO - Setting next_dagrun for lesson2.exercise3 to 2018-01-01T00:00:00+00:00, run_after=2018-02-01T00:00:00+00:00
[2022-11-06T02:23:41.327+0200] {processor.py:176} INFO - Processing /Users/mnagy99/airflow/dags/lesson2_exercises/exercise3.py took 1.198 seconds
[2022-11-06T02:28:08.288+0200] {processor.py:154} INFO - Started process (PID=3660) to work on /Users/mnagy99/airflow/dags/lesson2_exercises/exercise3.py
[2022-11-06T02:28:08.289+0200] {processor.py:756} INFO - Processing file /Users/mnagy99/airflow/dags/lesson2_exercises/exercise3.py for tasks to queue
[2022-11-06T02:28:08.289+0200] {logging_mixin.py:120} INFO - [2022-11-06T02:28:08.289+0200] {dagbag.py:537} INFO - Filling up the DagBag from /Users/mnagy99/airflow/dags/lesson2_exercises/exercise3.py
[2022-11-06T02:28:09.097+0200] {processor.py:766} INFO - DAG(s) dict_keys(['lesson2.exercise3']) retrieved from /Users/mnagy99/airflow/dags/lesson2_exercises/exercise3.py
[2022-11-06T02:28:09.467+0200] {logging_mixin.py:120} INFO - [2022-11-06T02:28:09.467+0200] {dag.py:2585} INFO - Sync 1 DAGs
[2022-11-06T02:28:09.486+0200] {logging_mixin.py:120} INFO - [2022-11-06T02:28:09.486+0200] {dag.py:3336} INFO - Setting next_dagrun for lesson2.exercise3 to 2018-01-01T00:00:00+00:00, run_after=2018-02-01T00:00:00+00:00
[2022-11-06T02:28:09.504+0200] {processor.py:176} INFO - Processing /Users/mnagy99/airflow/dags/lesson2_exercises/exercise3.py took 1.217 seconds
[2022-11-06T02:32:32.790+0200] {processor.py:154} INFO - Started process (PID=3958) to work on /Users/mnagy99/airflow/dags/lesson2_exercises/exercise3.py
[2022-11-06T02:32:32.791+0200] {processor.py:756} INFO - Processing file /Users/mnagy99/airflow/dags/lesson2_exercises/exercise3.py for tasks to queue
[2022-11-06T02:32:32.792+0200] {logging_mixin.py:120} INFO - [2022-11-06T02:32:32.792+0200] {dagbag.py:537} INFO - Filling up the DagBag from /Users/mnagy99/airflow/dags/lesson2_exercises/exercise3.py
[2022-11-06T02:32:33.608+0200] {processor.py:766} INFO - DAG(s) dict_keys(['lesson2.exercise3']) retrieved from /Users/mnagy99/airflow/dags/lesson2_exercises/exercise3.py
[2022-11-06T02:32:33.977+0200] {logging_mixin.py:120} INFO - [2022-11-06T02:32:33.976+0200] {dag.py:2585} INFO - Sync 1 DAGs
[2022-11-06T02:32:33.992+0200] {logging_mixin.py:120} INFO - [2022-11-06T02:32:33.992+0200] {dag.py:3336} INFO - Setting next_dagrun for lesson2.exercise3 to 2018-01-01T00:00:00+00:00, run_after=2018-02-01T00:00:00+00:00
[2022-11-06T02:32:34.013+0200] {processor.py:176} INFO - Processing /Users/mnagy99/airflow/dags/lesson2_exercises/exercise3.py took 1.224 seconds
[2022-11-06T02:36:50.461+0200] {processor.py:154} INFO - Started process (PID=4247) to work on /Users/mnagy99/airflow/dags/lesson2_exercises/exercise3.py
[2022-11-06T02:36:50.464+0200] {processor.py:756} INFO - Processing file /Users/mnagy99/airflow/dags/lesson2_exercises/exercise3.py for tasks to queue
[2022-11-06T02:36:50.464+0200] {logging_mixin.py:120} INFO - [2022-11-06T02:36:50.464+0200] {dagbag.py:537} INFO - Filling up the DagBag from /Users/mnagy99/airflow/dags/lesson2_exercises/exercise3.py
[2022-11-06T02:36:51.256+0200] {processor.py:766} INFO - DAG(s) dict_keys(['lesson2.exercise3']) retrieved from /Users/mnagy99/airflow/dags/lesson2_exercises/exercise3.py
[2022-11-06T02:36:51.817+0200] {logging_mixin.py:120} INFO - [2022-11-06T02:36:51.816+0200] {dag.py:2585} INFO - Sync 1 DAGs
[2022-11-06T02:36:51.833+0200] {logging_mixin.py:120} INFO - [2022-11-06T02:36:51.833+0200] {dag.py:3336} INFO - Setting next_dagrun for lesson2.exercise3 to 2018-01-01T00:00:00+00:00, run_after=2018-02-01T00:00:00+00:00
[2022-11-06T02:36:51.851+0200] {processor.py:176} INFO - Processing /Users/mnagy99/airflow/dags/lesson2_exercises/exercise3.py took 1.391 seconds
[2022-11-06T02:41:23.988+0200] {processor.py:154} INFO - Started process (PID=4541) to work on /Users/mnagy99/airflow/dags/lesson2_exercises/exercise3.py
[2022-11-06T02:41:23.990+0200] {processor.py:756} INFO - Processing file /Users/mnagy99/airflow/dags/lesson2_exercises/exercise3.py for tasks to queue
[2022-11-06T02:41:23.991+0200] {logging_mixin.py:120} INFO - [2022-11-06T02:41:23.991+0200] {dagbag.py:537} INFO - Filling up the DagBag from /Users/mnagy99/airflow/dags/lesson2_exercises/exercise3.py
[2022-11-06T02:41:24.885+0200] {processor.py:766} INFO - DAG(s) dict_keys(['lesson2.exercise3']) retrieved from /Users/mnagy99/airflow/dags/lesson2_exercises/exercise3.py
[2022-11-06T02:41:25.375+0200] {logging_mixin.py:120} INFO - [2022-11-06T02:41:25.375+0200] {dag.py:2585} INFO - Sync 1 DAGs
[2022-11-06T02:41:25.398+0200] {logging_mixin.py:120} INFO - [2022-11-06T02:41:25.397+0200] {dag.py:3336} INFO - Setting next_dagrun for lesson2.exercise3 to 2018-01-01T00:00:00+00:00, run_after=2018-02-01T00:00:00+00:00
[2022-11-06T02:41:25.416+0200] {processor.py:176} INFO - Processing /Users/mnagy99/airflow/dags/lesson2_exercises/exercise3.py took 1.430 seconds
[2022-11-06T02:46:05.967+0200] {processor.py:154} INFO - Started process (PID=4820) to work on /Users/mnagy99/airflow/dags/lesson2_exercises/exercise3.py
[2022-11-06T02:46:05.968+0200] {processor.py:756} INFO - Processing file /Users/mnagy99/airflow/dags/lesson2_exercises/exercise3.py for tasks to queue
[2022-11-06T02:46:05.969+0200] {logging_mixin.py:120} INFO - [2022-11-06T02:46:05.968+0200] {dagbag.py:537} INFO - Filling up the DagBag from /Users/mnagy99/airflow/dags/lesson2_exercises/exercise3.py
[2022-11-06T02:46:06.745+0200] {processor.py:766} INFO - DAG(s) dict_keys(['lesson2.exercise3']) retrieved from /Users/mnagy99/airflow/dags/lesson2_exercises/exercise3.py
[2022-11-06T02:46:07.113+0200] {logging_mixin.py:120} INFO - [2022-11-06T02:46:07.113+0200] {dag.py:2585} INFO - Sync 1 DAGs
[2022-11-06T02:46:07.128+0200] {logging_mixin.py:120} INFO - [2022-11-06T02:46:07.128+0200] {dag.py:3336} INFO - Setting next_dagrun for lesson2.exercise3 to 2018-01-01T00:00:00+00:00, run_after=2018-02-01T00:00:00+00:00
[2022-11-06T02:46:07.145+0200] {processor.py:176} INFO - Processing /Users/mnagy99/airflow/dags/lesson2_exercises/exercise3.py took 1.179 seconds
[2022-11-06T02:50:21.442+0200] {processor.py:154} INFO - Started process (PID=5075) to work on /Users/mnagy99/airflow/dags/lesson2_exercises/exercise3.py
[2022-11-06T02:50:21.444+0200] {processor.py:756} INFO - Processing file /Users/mnagy99/airflow/dags/lesson2_exercises/exercise3.py for tasks to queue
[2022-11-06T02:50:21.445+0200] {logging_mixin.py:120} INFO - [2022-11-06T02:50:21.445+0200] {dagbag.py:537} INFO - Filling up the DagBag from /Users/mnagy99/airflow/dags/lesson2_exercises/exercise3.py
[2022-11-06T02:50:22.240+0200] {processor.py:766} INFO - DAG(s) dict_keys(['lesson2.exercise3']) retrieved from /Users/mnagy99/airflow/dags/lesson2_exercises/exercise3.py
[2022-11-06T02:50:22.617+0200] {logging_mixin.py:120} INFO - [2022-11-06T02:50:22.616+0200] {dag.py:2585} INFO - Sync 1 DAGs
[2022-11-06T02:50:22.632+0200] {logging_mixin.py:120} INFO - [2022-11-06T02:50:22.632+0200] {dag.py:3336} INFO - Setting next_dagrun for lesson2.exercise3 to 2018-01-01T00:00:00+00:00, run_after=2018-02-01T00:00:00+00:00
[2022-11-06T02:50:22.650+0200] {processor.py:176} INFO - Processing /Users/mnagy99/airflow/dags/lesson2_exercises/exercise3.py took 1.208 seconds
[2022-11-06T02:54:34.495+0200] {processor.py:154} INFO - Started process (PID=5324) to work on /Users/mnagy99/airflow/dags/lesson2_exercises/exercise3.py
[2022-11-06T02:54:34.497+0200] {processor.py:756} INFO - Processing file /Users/mnagy99/airflow/dags/lesson2_exercises/exercise3.py for tasks to queue
[2022-11-06T02:54:34.498+0200] {logging_mixin.py:120} INFO - [2022-11-06T02:54:34.498+0200] {dagbag.py:537} INFO - Filling up the DagBag from /Users/mnagy99/airflow/dags/lesson2_exercises/exercise3.py
[2022-11-06T02:54:35.392+0200] {processor.py:766} INFO - DAG(s) dict_keys(['lesson2.exercise3']) retrieved from /Users/mnagy99/airflow/dags/lesson2_exercises/exercise3.py
[2022-11-06T02:54:35.797+0200] {logging_mixin.py:120} INFO - [2022-11-06T02:54:35.796+0200] {dag.py:2585} INFO - Sync 1 DAGs
[2022-11-06T02:54:35.811+0200] {logging_mixin.py:120} INFO - [2022-11-06T02:54:35.811+0200] {dag.py:3336} INFO - Setting next_dagrun for lesson2.exercise3 to 2018-01-01T00:00:00+00:00, run_after=2018-02-01T00:00:00+00:00
[2022-11-06T02:54:35.827+0200] {processor.py:176} INFO - Processing /Users/mnagy99/airflow/dags/lesson2_exercises/exercise3.py took 1.332 seconds
[2022-11-06T02:59:07.886+0200] {processor.py:154} INFO - Started process (PID=5604) to work on /Users/mnagy99/airflow/dags/lesson2_exercises/exercise3.py
[2022-11-06T02:59:07.888+0200] {processor.py:756} INFO - Processing file /Users/mnagy99/airflow/dags/lesson2_exercises/exercise3.py for tasks to queue
[2022-11-06T02:59:07.888+0200] {logging_mixin.py:120} INFO - [2022-11-06T02:59:07.888+0200] {dagbag.py:537} INFO - Filling up the DagBag from /Users/mnagy99/airflow/dags/lesson2_exercises/exercise3.py
[2022-11-06T02:59:09.151+0200] {processor.py:766} INFO - DAG(s) dict_keys(['lesson2.exercise3']) retrieved from /Users/mnagy99/airflow/dags/lesson2_exercises/exercise3.py
[2022-11-06T02:59:09.544+0200] {logging_mixin.py:120} INFO - [2022-11-06T02:59:09.544+0200] {dag.py:2585} INFO - Sync 1 DAGs
[2022-11-06T02:59:09.561+0200] {logging_mixin.py:120} INFO - [2022-11-06T02:59:09.561+0200] {dag.py:3336} INFO - Setting next_dagrun for lesson2.exercise3 to 2018-01-01T00:00:00+00:00, run_after=2018-02-01T00:00:00+00:00
[2022-11-06T02:59:09.580+0200] {processor.py:176} INFO - Processing /Users/mnagy99/airflow/dags/lesson2_exercises/exercise3.py took 1.695 seconds
[2022-11-06T03:04:08.063+0200] {processor.py:154} INFO - Started process (PID=5881) to work on /Users/mnagy99/airflow/dags/lesson2_exercises/exercise3.py
[2022-11-06T03:04:08.066+0200] {processor.py:756} INFO - Processing file /Users/mnagy99/airflow/dags/lesson2_exercises/exercise3.py for tasks to queue
[2022-11-06T03:04:08.066+0200] {logging_mixin.py:120} INFO - [2022-11-06T03:04:08.066+0200] {dagbag.py:537} INFO - Filling up the DagBag from /Users/mnagy99/airflow/dags/lesson2_exercises/exercise3.py
[2022-11-06T03:04:08.861+0200] {processor.py:766} INFO - DAG(s) dict_keys(['lesson2.exercise3']) retrieved from /Users/mnagy99/airflow/dags/lesson2_exercises/exercise3.py
[2022-11-06T03:04:09.250+0200] {logging_mixin.py:120} INFO - [2022-11-06T03:04:09.249+0200] {dag.py:2585} INFO - Sync 1 DAGs
[2022-11-06T03:04:09.265+0200] {logging_mixin.py:120} INFO - [2022-11-06T03:04:09.265+0200] {dag.py:3336} INFO - Setting next_dagrun for lesson2.exercise3 to 2018-01-01T00:00:00+00:00, run_after=2018-02-01T00:00:00+00:00
[2022-11-06T03:04:09.285+0200] {processor.py:176} INFO - Processing /Users/mnagy99/airflow/dags/lesson2_exercises/exercise3.py took 1.223 seconds
[2022-11-06T03:06:26.046+0200] {processor.py:154} INFO - Started process (PID=6017) to work on /Users/mnagy99/airflow/dags/lesson2_exercises/exercise3.py
[2022-11-06T03:06:26.049+0200] {processor.py:756} INFO - Processing file /Users/mnagy99/airflow/dags/lesson2_exercises/exercise3.py for tasks to queue
[2022-11-06T03:06:26.050+0200] {logging_mixin.py:120} INFO - [2022-11-06T03:06:26.049+0200] {dagbag.py:537} INFO - Filling up the DagBag from /Users/mnagy99/airflow/dags/lesson2_exercises/exercise3.py
[2022-11-06T03:06:26.853+0200] {processor.py:766} INFO - DAG(s) dict_keys(['lesson2.exercise3']) retrieved from /Users/mnagy99/airflow/dags/lesson2_exercises/exercise3.py
[2022-11-06T03:06:27.220+0200] {logging_mixin.py:120} INFO - [2022-11-06T03:06:27.220+0200] {dag.py:2585} INFO - Sync 1 DAGs
[2022-11-06T03:06:27.237+0200] {logging_mixin.py:120} INFO - [2022-11-06T03:06:27.236+0200] {dag.py:3336} INFO - Setting next_dagrun for lesson2.exercise3 to 2018-01-01T00:00:00+00:00, run_after=2018-02-01T00:00:00+00:00
[2022-11-06T03:06:27.254+0200] {processor.py:176} INFO - Processing /Users/mnagy99/airflow/dags/lesson2_exercises/exercise3.py took 1.209 seconds
[2022-11-06T03:10:46.953+0200] {processor.py:154} INFO - Started process (PID=6287) to work on /Users/mnagy99/airflow/dags/lesson2_exercises/exercise3.py
[2022-11-06T03:10:46.955+0200] {processor.py:756} INFO - Processing file /Users/mnagy99/airflow/dags/lesson2_exercises/exercise3.py for tasks to queue
[2022-11-06T03:10:46.956+0200] {logging_mixin.py:120} INFO - [2022-11-06T03:10:46.956+0200] {dagbag.py:537} INFO - Filling up the DagBag from /Users/mnagy99/airflow/dags/lesson2_exercises/exercise3.py
[2022-11-06T03:10:47.728+0200] {processor.py:766} INFO - DAG(s) dict_keys(['lesson2.exercise3']) retrieved from /Users/mnagy99/airflow/dags/lesson2_exercises/exercise3.py
[2022-11-06T03:10:48.096+0200] {logging_mixin.py:120} INFO - [2022-11-06T03:10:48.096+0200] {dag.py:2585} INFO - Sync 1 DAGs
[2022-11-06T03:10:48.117+0200] {logging_mixin.py:120} INFO - [2022-11-06T03:10:48.117+0200] {dag.py:3336} INFO - Setting next_dagrun for lesson2.exercise3 to 2018-01-01T00:00:00+00:00, run_after=2018-02-01T00:00:00+00:00
[2022-11-06T03:10:48.136+0200] {processor.py:176} INFO - Processing /Users/mnagy99/airflow/dags/lesson2_exercises/exercise3.py took 1.184 seconds
[2022-11-06T03:14:56.119+0200] {processor.py:154} INFO - Started process (PID=6542) to work on /Users/mnagy99/airflow/dags/lesson2_exercises/exercise3.py
[2022-11-06T03:14:56.122+0200] {processor.py:756} INFO - Processing file /Users/mnagy99/airflow/dags/lesson2_exercises/exercise3.py for tasks to queue
[2022-11-06T03:14:56.123+0200] {logging_mixin.py:120} INFO - [2022-11-06T03:14:56.122+0200] {dagbag.py:537} INFO - Filling up the DagBag from /Users/mnagy99/airflow/dags/lesson2_exercises/exercise3.py
[2022-11-06T03:14:56.959+0200] {processor.py:766} INFO - DAG(s) dict_keys(['lesson2.exercise3']) retrieved from /Users/mnagy99/airflow/dags/lesson2_exercises/exercise3.py
[2022-11-06T03:14:57.302+0200] {logging_mixin.py:120} INFO - [2022-11-06T03:14:57.301+0200] {dag.py:2585} INFO - Sync 1 DAGs
[2022-11-06T03:14:57.317+0200] {logging_mixin.py:120} INFO - [2022-11-06T03:14:57.317+0200] {dag.py:3336} INFO - Setting next_dagrun for lesson2.exercise3 to 2018-01-01T00:00:00+00:00, run_after=2018-02-01T00:00:00+00:00
[2022-11-06T03:14:57.337+0200] {processor.py:176} INFO - Processing /Users/mnagy99/airflow/dags/lesson2_exercises/exercise3.py took 1.218 seconds
[2022-11-06T03:18:50.706+0200] {processor.py:154} INFO - Started process (PID=6801) to work on /Users/mnagy99/airflow/dags/lesson2_exercises/exercise3.py
[2022-11-06T03:18:50.709+0200] {processor.py:756} INFO - Processing file /Users/mnagy99/airflow/dags/lesson2_exercises/exercise3.py for tasks to queue
[2022-11-06T03:18:50.710+0200] {logging_mixin.py:120} INFO - [2022-11-06T03:18:50.710+0200] {dagbag.py:537} INFO - Filling up the DagBag from /Users/mnagy99/airflow/dags/lesson2_exercises/exercise3.py
[2022-11-06T03:18:51.549+0200] {processor.py:766} INFO - DAG(s) dict_keys(['lesson2.exercise3']) retrieved from /Users/mnagy99/airflow/dags/lesson2_exercises/exercise3.py
[2022-11-06T03:18:51.999+0200] {logging_mixin.py:120} INFO - [2022-11-06T03:18:51.998+0200] {dag.py:2585} INFO - Sync 1 DAGs
[2022-11-06T03:18:52.019+0200] {logging_mixin.py:120} INFO - [2022-11-06T03:18:52.018+0200] {dag.py:3336} INFO - Setting next_dagrun for lesson2.exercise3 to 2018-01-01T00:00:00+00:00, run_after=2018-02-01T00:00:00+00:00
[2022-11-06T03:18:52.040+0200] {processor.py:176} INFO - Processing /Users/mnagy99/airflow/dags/lesson2_exercises/exercise3.py took 1.334 seconds
[2022-11-06T03:22:53.793+0200] {processor.py:154} INFO - Started process (PID=7057) to work on /Users/mnagy99/airflow/dags/lesson2_exercises/exercise3.py
[2022-11-06T03:22:53.796+0200] {processor.py:756} INFO - Processing file /Users/mnagy99/airflow/dags/lesson2_exercises/exercise3.py for tasks to queue
[2022-11-06T03:22:53.797+0200] {logging_mixin.py:120} INFO - [2022-11-06T03:22:53.797+0200] {dagbag.py:537} INFO - Filling up the DagBag from /Users/mnagy99/airflow/dags/lesson2_exercises/exercise3.py
[2022-11-06T03:22:54.642+0200] {processor.py:766} INFO - DAG(s) dict_keys(['lesson2.exercise3']) retrieved from /Users/mnagy99/airflow/dags/lesson2_exercises/exercise3.py
[2022-11-06T03:22:54.981+0200] {logging_mixin.py:120} INFO - [2022-11-06T03:22:54.981+0200] {dag.py:2585} INFO - Sync 1 DAGs
[2022-11-06T03:22:54.997+0200] {logging_mixin.py:120} INFO - [2022-11-06T03:22:54.997+0200] {dag.py:3336} INFO - Setting next_dagrun for lesson2.exercise3 to 2018-01-01T00:00:00+00:00, run_after=2018-02-01T00:00:00+00:00
[2022-11-06T03:22:55.014+0200] {processor.py:176} INFO - Processing /Users/mnagy99/airflow/dags/lesson2_exercises/exercise3.py took 1.222 seconds
[2022-11-06T03:26:51.575+0200] {processor.py:154} INFO - Started process (PID=7324) to work on /Users/mnagy99/airflow/dags/lesson2_exercises/exercise3.py
[2022-11-06T03:26:51.577+0200] {processor.py:756} INFO - Processing file /Users/mnagy99/airflow/dags/lesson2_exercises/exercise3.py for tasks to queue
[2022-11-06T03:26:51.578+0200] {logging_mixin.py:120} INFO - [2022-11-06T03:26:51.578+0200] {dagbag.py:537} INFO - Filling up the DagBag from /Users/mnagy99/airflow/dags/lesson2_exercises/exercise3.py
[2022-11-06T03:26:52.410+0200] {processor.py:766} INFO - DAG(s) dict_keys(['lesson2.exercise3']) retrieved from /Users/mnagy99/airflow/dags/lesson2_exercises/exercise3.py
[2022-11-06T03:26:52.814+0200] {logging_mixin.py:120} INFO - [2022-11-06T03:26:52.813+0200] {dag.py:2585} INFO - Sync 1 DAGs
[2022-11-06T03:26:52.829+0200] {logging_mixin.py:120} INFO - [2022-11-06T03:26:52.829+0200] {dag.py:3336} INFO - Setting next_dagrun for lesson2.exercise3 to 2018-01-01T00:00:00+00:00, run_after=2018-02-01T00:00:00+00:00
[2022-11-06T03:26:52.848+0200] {processor.py:176} INFO - Processing /Users/mnagy99/airflow/dags/lesson2_exercises/exercise3.py took 1.274 seconds
[2022-11-06T03:30:50.755+0200] {processor.py:154} INFO - Started process (PID=7575) to work on /Users/mnagy99/airflow/dags/lesson2_exercises/exercise3.py
[2022-11-06T03:30:50.758+0200] {processor.py:756} INFO - Processing file /Users/mnagy99/airflow/dags/lesson2_exercises/exercise3.py for tasks to queue
[2022-11-06T03:30:50.758+0200] {logging_mixin.py:120} INFO - [2022-11-06T03:30:50.758+0200] {dagbag.py:537} INFO - Filling up the DagBag from /Users/mnagy99/airflow/dags/lesson2_exercises/exercise3.py
[2022-11-06T03:30:51.612+0200] {processor.py:766} INFO - DAG(s) dict_keys(['lesson2.exercise3']) retrieved from /Users/mnagy99/airflow/dags/lesson2_exercises/exercise3.py
[2022-11-06T03:30:52.002+0200] {logging_mixin.py:120} INFO - [2022-11-06T03:30:52.001+0200] {dag.py:2585} INFO - Sync 1 DAGs
[2022-11-06T03:30:52.018+0200] {logging_mixin.py:120} INFO - [2022-11-06T03:30:52.017+0200] {dag.py:3336} INFO - Setting next_dagrun for lesson2.exercise3 to 2018-01-01T00:00:00+00:00, run_after=2018-02-01T00:00:00+00:00
[2022-11-06T03:30:52.032+0200] {processor.py:176} INFO - Processing /Users/mnagy99/airflow/dags/lesson2_exercises/exercise3.py took 1.278 seconds
[2022-11-06T03:35:10.714+0200] {processor.py:154} INFO - Started process (PID=7886) to work on /Users/mnagy99/airflow/dags/lesson2_exercises/exercise3.py
[2022-11-06T03:35:10.716+0200] {processor.py:756} INFO - Processing file /Users/mnagy99/airflow/dags/lesson2_exercises/exercise3.py for tasks to queue
[2022-11-06T03:35:10.716+0200] {logging_mixin.py:120} INFO - [2022-11-06T03:35:10.716+0200] {dagbag.py:537} INFO - Filling up the DagBag from /Users/mnagy99/airflow/dags/lesson2_exercises/exercise3.py
[2022-11-06T03:35:11.490+0200] {processor.py:766} INFO - DAG(s) dict_keys(['lesson2.exercise3']) retrieved from /Users/mnagy99/airflow/dags/lesson2_exercises/exercise3.py
[2022-11-06T03:35:11.898+0200] {logging_mixin.py:120} INFO - [2022-11-06T03:35:11.897+0200] {dag.py:2585} INFO - Sync 1 DAGs
[2022-11-06T03:35:11.914+0200] {logging_mixin.py:120} INFO - [2022-11-06T03:35:11.914+0200] {dag.py:3336} INFO - Setting next_dagrun for lesson2.exercise3 to 2018-01-01T00:00:00+00:00, run_after=2018-02-01T00:00:00+00:00
[2022-11-06T03:35:11.930+0200] {processor.py:176} INFO - Processing /Users/mnagy99/airflow/dags/lesson2_exercises/exercise3.py took 1.217 seconds
[2022-11-06T03:39:14.522+0200] {processor.py:154} INFO - Started process (PID=8133) to work on /Users/mnagy99/airflow/dags/lesson2_exercises/exercise3.py
[2022-11-06T03:39:14.524+0200] {processor.py:756} INFO - Processing file /Users/mnagy99/airflow/dags/lesson2_exercises/exercise3.py for tasks to queue
[2022-11-06T03:39:14.525+0200] {logging_mixin.py:120} INFO - [2022-11-06T03:39:14.525+0200] {dagbag.py:537} INFO - Filling up the DagBag from /Users/mnagy99/airflow/dags/lesson2_exercises/exercise3.py
[2022-11-06T03:39:15.300+0200] {processor.py:766} INFO - DAG(s) dict_keys(['lesson2.exercise3']) retrieved from /Users/mnagy99/airflow/dags/lesson2_exercises/exercise3.py
[2022-11-06T03:39:15.639+0200] {logging_mixin.py:120} INFO - [2022-11-06T03:39:15.639+0200] {dag.py:2585} INFO - Sync 1 DAGs
[2022-11-06T03:39:15.654+0200] {logging_mixin.py:120} INFO - [2022-11-06T03:39:15.654+0200] {dag.py:3336} INFO - Setting next_dagrun for lesson2.exercise3 to 2018-01-01T00:00:00+00:00, run_after=2018-02-01T00:00:00+00:00
[2022-11-06T03:39:15.671+0200] {processor.py:176} INFO - Processing /Users/mnagy99/airflow/dags/lesson2_exercises/exercise3.py took 1.150 seconds
[2022-11-06T03:43:11.592+0200] {processor.py:154} INFO - Started process (PID=8374) to work on /Users/mnagy99/airflow/dags/lesson2_exercises/exercise3.py
[2022-11-06T03:43:11.595+0200] {processor.py:756} INFO - Processing file /Users/mnagy99/airflow/dags/lesson2_exercises/exercise3.py for tasks to queue
[2022-11-06T03:43:11.595+0200] {logging_mixin.py:120} INFO - [2022-11-06T03:43:11.595+0200] {dagbag.py:537} INFO - Filling up the DagBag from /Users/mnagy99/airflow/dags/lesson2_exercises/exercise3.py
[2022-11-06T03:43:12.446+0200] {processor.py:766} INFO - DAG(s) dict_keys(['lesson2.exercise3']) retrieved from /Users/mnagy99/airflow/dags/lesson2_exercises/exercise3.py
[2022-11-06T03:43:12.907+0200] {logging_mixin.py:120} INFO - [2022-11-06T03:43:12.907+0200] {dag.py:2585} INFO - Sync 1 DAGs
[2022-11-06T03:43:12.923+0200] {logging_mixin.py:120} INFO - [2022-11-06T03:43:12.923+0200] {dag.py:3336} INFO - Setting next_dagrun for lesson2.exercise3 to 2018-01-01T00:00:00+00:00, run_after=2018-02-01T00:00:00+00:00
[2022-11-06T03:43:12.941+0200] {processor.py:176} INFO - Processing /Users/mnagy99/airflow/dags/lesson2_exercises/exercise3.py took 1.349 seconds
[2022-11-06T03:47:16.532+0200] {processor.py:154} INFO - Started process (PID=8642) to work on /Users/mnagy99/airflow/dags/lesson2_exercises/exercise3.py
[2022-11-06T03:47:16.535+0200] {processor.py:756} INFO - Processing file /Users/mnagy99/airflow/dags/lesson2_exercises/exercise3.py for tasks to queue
[2022-11-06T03:47:16.536+0200] {logging_mixin.py:120} INFO - [2022-11-06T03:47:16.535+0200] {dagbag.py:537} INFO - Filling up the DagBag from /Users/mnagy99/airflow/dags/lesson2_exercises/exercise3.py
[2022-11-06T03:47:17.328+0200] {processor.py:766} INFO - DAG(s) dict_keys(['lesson2.exercise3']) retrieved from /Users/mnagy99/airflow/dags/lesson2_exercises/exercise3.py
[2022-11-06T03:47:17.700+0200] {logging_mixin.py:120} INFO - [2022-11-06T03:47:17.700+0200] {dag.py:2585} INFO - Sync 1 DAGs
[2022-11-06T03:47:17.716+0200] {logging_mixin.py:120} INFO - [2022-11-06T03:47:17.716+0200] {dag.py:3336} INFO - Setting next_dagrun for lesson2.exercise3 to 2018-01-01T00:00:00+00:00, run_after=2018-02-01T00:00:00+00:00
[2022-11-06T03:47:17.736+0200] {processor.py:176} INFO - Processing /Users/mnagy99/airflow/dags/lesson2_exercises/exercise3.py took 1.204 seconds
[2022-11-06T03:51:26.697+0200] {processor.py:154} INFO - Started process (PID=8893) to work on /Users/mnagy99/airflow/dags/lesson2_exercises/exercise3.py
[2022-11-06T03:51:26.700+0200] {processor.py:756} INFO - Processing file /Users/mnagy99/airflow/dags/lesson2_exercises/exercise3.py for tasks to queue
[2022-11-06T03:51:26.700+0200] {logging_mixin.py:120} INFO - [2022-11-06T03:51:26.700+0200] {dagbag.py:537} INFO - Filling up the DagBag from /Users/mnagy99/airflow/dags/lesson2_exercises/exercise3.py
[2022-11-06T03:51:27.630+0200] {processor.py:766} INFO - DAG(s) dict_keys(['lesson2.exercise3']) retrieved from /Users/mnagy99/airflow/dags/lesson2_exercises/exercise3.py
[2022-11-06T03:51:28.149+0200] {logging_mixin.py:120} INFO - [2022-11-06T03:51:28.148+0200] {dag.py:2585} INFO - Sync 1 DAGs
[2022-11-06T03:51:28.173+0200] {logging_mixin.py:120} INFO - [2022-11-06T03:51:28.173+0200] {dag.py:3336} INFO - Setting next_dagrun for lesson2.exercise3 to 2018-01-01T00:00:00+00:00, run_after=2018-02-01T00:00:00+00:00
[2022-11-06T03:51:28.196+0200] {processor.py:176} INFO - Processing /Users/mnagy99/airflow/dags/lesson2_exercises/exercise3.py took 1.500 seconds
[2022-11-06T03:55:59.128+0200] {processor.py:154} INFO - Started process (PID=9167) to work on /Users/mnagy99/airflow/dags/lesson2_exercises/exercise3.py
[2022-11-06T03:55:59.130+0200] {processor.py:756} INFO - Processing file /Users/mnagy99/airflow/dags/lesson2_exercises/exercise3.py for tasks to queue
[2022-11-06T03:55:59.131+0200] {logging_mixin.py:120} INFO - [2022-11-06T03:55:59.131+0200] {dagbag.py:537} INFO - Filling up the DagBag from /Users/mnagy99/airflow/dags/lesson2_exercises/exercise3.py
[2022-11-06T03:56:00.012+0200] {processor.py:766} INFO - DAG(s) dict_keys(['lesson2.exercise3']) retrieved from /Users/mnagy99/airflow/dags/lesson2_exercises/exercise3.py
[2022-11-06T03:56:00.380+0200] {logging_mixin.py:120} INFO - [2022-11-06T03:56:00.379+0200] {dag.py:2585} INFO - Sync 1 DAGs
[2022-11-06T03:56:00.395+0200] {logging_mixin.py:120} INFO - [2022-11-06T03:56:00.395+0200] {dag.py:3336} INFO - Setting next_dagrun for lesson2.exercise3 to 2018-01-01T00:00:00+00:00, run_after=2018-02-01T00:00:00+00:00
[2022-11-06T03:56:00.412+0200] {processor.py:176} INFO - Processing /Users/mnagy99/airflow/dags/lesson2_exercises/exercise3.py took 1.285 seconds
[2022-11-06T04:00:25.871+0200] {processor.py:154} INFO - Started process (PID=9433) to work on /Users/mnagy99/airflow/dags/lesson2_exercises/exercise3.py
[2022-11-06T04:00:25.874+0200] {processor.py:756} INFO - Processing file /Users/mnagy99/airflow/dags/lesson2_exercises/exercise3.py for tasks to queue
[2022-11-06T04:00:25.875+0200] {logging_mixin.py:120} INFO - [2022-11-06T04:00:25.874+0200] {dagbag.py:537} INFO - Filling up the DagBag from /Users/mnagy99/airflow/dags/lesson2_exercises/exercise3.py
[2022-11-06T04:00:26.718+0200] {processor.py:766} INFO - DAG(s) dict_keys(['lesson2.exercise3']) retrieved from /Users/mnagy99/airflow/dags/lesson2_exercises/exercise3.py
[2022-11-06T04:00:27.193+0200] {logging_mixin.py:120} INFO - [2022-11-06T04:00:27.193+0200] {dag.py:2585} INFO - Sync 1 DAGs
[2022-11-06T04:00:27.209+0200] {logging_mixin.py:120} INFO - [2022-11-06T04:00:27.209+0200] {dag.py:3336} INFO - Setting next_dagrun for lesson2.exercise3 to 2018-01-01T00:00:00+00:00, run_after=2018-02-01T00:00:00+00:00
[2022-11-06T04:00:27.227+0200] {processor.py:176} INFO - Processing /Users/mnagy99/airflow/dags/lesson2_exercises/exercise3.py took 1.357 seconds
[2022-11-06T04:02:47.385+0200] {processor.py:154} INFO - Started process (PID=9584) to work on /Users/mnagy99/airflow/dags/lesson2_exercises/exercise3.py
[2022-11-06T04:02:47.387+0200] {processor.py:756} INFO - Processing file /Users/mnagy99/airflow/dags/lesson2_exercises/exercise3.py for tasks to queue
[2022-11-06T04:02:47.388+0200] {logging_mixin.py:120} INFO - [2022-11-06T04:02:47.388+0200] {dagbag.py:537} INFO - Filling up the DagBag from /Users/mnagy99/airflow/dags/lesson2_exercises/exercise3.py
[2022-11-06T04:02:48.170+0200] {processor.py:766} INFO - DAG(s) dict_keys(['lesson2.exercise3']) retrieved from /Users/mnagy99/airflow/dags/lesson2_exercises/exercise3.py
[2022-11-06T04:02:48.515+0200] {logging_mixin.py:120} INFO - [2022-11-06T04:02:48.515+0200] {dag.py:2585} INFO - Sync 1 DAGs
[2022-11-06T04:02:48.531+0200] {logging_mixin.py:120} INFO - [2022-11-06T04:02:48.531+0200] {dag.py:3336} INFO - Setting next_dagrun for lesson2.exercise3 to 2018-01-01T00:00:00+00:00, run_after=2018-02-01T00:00:00+00:00
[2022-11-06T04:02:48.550+0200] {processor.py:176} INFO - Processing /Users/mnagy99/airflow/dags/lesson2_exercises/exercise3.py took 1.166 seconds
[2022-11-06T04:05:07.564+0200] {processor.py:154} INFO - Started process (PID=9732) to work on /Users/mnagy99/airflow/dags/lesson2_exercises/exercise3.py
[2022-11-06T04:05:07.566+0200] {processor.py:756} INFO - Processing file /Users/mnagy99/airflow/dags/lesson2_exercises/exercise3.py for tasks to queue
[2022-11-06T04:05:07.566+0200] {logging_mixin.py:120} INFO - [2022-11-06T04:05:07.566+0200] {dagbag.py:537} INFO - Filling up the DagBag from /Users/mnagy99/airflow/dags/lesson2_exercises/exercise3.py
[2022-11-06T04:05:08.560+0200] {processor.py:766} INFO - DAG(s) dict_keys(['lesson2.exercise3']) retrieved from /Users/mnagy99/airflow/dags/lesson2_exercises/exercise3.py
[2022-11-06T04:05:09.009+0200] {logging_mixin.py:120} INFO - [2022-11-06T04:05:09.008+0200] {dag.py:2585} INFO - Sync 1 DAGs
[2022-11-06T04:05:09.024+0200] {logging_mixin.py:120} INFO - [2022-11-06T04:05:09.024+0200] {dag.py:3336} INFO - Setting next_dagrun for lesson2.exercise3 to 2018-01-01T00:00:00+00:00, run_after=2018-02-01T00:00:00+00:00
[2022-11-06T04:05:09.042+0200] {processor.py:176} INFO - Processing /Users/mnagy99/airflow/dags/lesson2_exercises/exercise3.py took 1.479 seconds
[2022-11-06T04:09:47.305+0200] {processor.py:154} INFO - Started process (PID=10016) to work on /Users/mnagy99/airflow/dags/lesson2_exercises/exercise3.py
[2022-11-06T04:09:47.308+0200] {processor.py:756} INFO - Processing file /Users/mnagy99/airflow/dags/lesson2_exercises/exercise3.py for tasks to queue
[2022-11-06T04:09:47.308+0200] {logging_mixin.py:120} INFO - [2022-11-06T04:09:47.308+0200] {dagbag.py:537} INFO - Filling up the DagBag from /Users/mnagy99/airflow/dags/lesson2_exercises/exercise3.py
[2022-11-06T04:09:48.229+0200] {processor.py:766} INFO - DAG(s) dict_keys(['lesson2.exercise3']) retrieved from /Users/mnagy99/airflow/dags/lesson2_exercises/exercise3.py
[2022-11-06T04:09:48.619+0200] {logging_mixin.py:120} INFO - [2022-11-06T04:09:48.619+0200] {dag.py:2585} INFO - Sync 1 DAGs
[2022-11-06T04:09:48.635+0200] {logging_mixin.py:120} INFO - [2022-11-06T04:09:48.635+0200] {dag.py:3336} INFO - Setting next_dagrun for lesson2.exercise3 to 2018-01-01T00:00:00+00:00, run_after=2018-02-01T00:00:00+00:00
[2022-11-06T04:09:48.653+0200] {processor.py:176} INFO - Processing /Users/mnagy99/airflow/dags/lesson2_exercises/exercise3.py took 1.349 seconds
[2022-11-06T04:14:13.744+0200] {processor.py:154} INFO - Started process (PID=10308) to work on /Users/mnagy99/airflow/dags/lesson2_exercises/exercise3.py
[2022-11-06T04:14:13.747+0200] {processor.py:756} INFO - Processing file /Users/mnagy99/airflow/dags/lesson2_exercises/exercise3.py for tasks to queue
[2022-11-06T04:14:13.747+0200] {logging_mixin.py:120} INFO - [2022-11-06T04:14:13.747+0200] {dagbag.py:537} INFO - Filling up the DagBag from /Users/mnagy99/airflow/dags/lesson2_exercises/exercise3.py
[2022-11-06T04:14:14.552+0200] {processor.py:766} INFO - DAG(s) dict_keys(['lesson2.exercise3']) retrieved from /Users/mnagy99/airflow/dags/lesson2_exercises/exercise3.py
[2022-11-06T04:14:14.944+0200] {logging_mixin.py:120} INFO - [2022-11-06T04:14:14.944+0200] {dag.py:2585} INFO - Sync 1 DAGs
[2022-11-06T04:14:14.960+0200] {logging_mixin.py:120} INFO - [2022-11-06T04:14:14.960+0200] {dag.py:3336} INFO - Setting next_dagrun for lesson2.exercise3 to 2018-01-01T00:00:00+00:00, run_after=2018-02-01T00:00:00+00:00
[2022-11-06T04:14:14.980+0200] {processor.py:176} INFO - Processing /Users/mnagy99/airflow/dags/lesson2_exercises/exercise3.py took 1.237 seconds
[2022-11-06T04:18:37.531+0200] {processor.py:154} INFO - Started process (PID=10567) to work on /Users/mnagy99/airflow/dags/lesson2_exercises/exercise3.py
[2022-11-06T04:18:37.533+0200] {processor.py:756} INFO - Processing file /Users/mnagy99/airflow/dags/lesson2_exercises/exercise3.py for tasks to queue
[2022-11-06T04:18:37.534+0200] {logging_mixin.py:120} INFO - [2022-11-06T04:18:37.534+0200] {dagbag.py:537} INFO - Filling up the DagBag from /Users/mnagy99/airflow/dags/lesson2_exercises/exercise3.py
[2022-11-06T04:18:38.308+0200] {processor.py:766} INFO - DAG(s) dict_keys(['lesson2.exercise3']) retrieved from /Users/mnagy99/airflow/dags/lesson2_exercises/exercise3.py
[2022-11-06T04:18:38.687+0200] {logging_mixin.py:120} INFO - [2022-11-06T04:18:38.687+0200] {dag.py:2585} INFO - Sync 1 DAGs
[2022-11-06T04:18:38.703+0200] {logging_mixin.py:120} INFO - [2022-11-06T04:18:38.702+0200] {dag.py:3336} INFO - Setting next_dagrun for lesson2.exercise3 to 2018-01-01T00:00:00+00:00, run_after=2018-02-01T00:00:00+00:00
[2022-11-06T04:18:38.720+0200] {processor.py:176} INFO - Processing /Users/mnagy99/airflow/dags/lesson2_exercises/exercise3.py took 1.190 seconds
