[2022-11-06T02:01:18.352+0200] {processor.py:154} INFO - Started process (PID=1737) to work on /Users/mnagy99/airflow/dags/lesson2_exercises/exercise1.py
[2022-11-06T02:01:18.353+0200] {processor.py:756} INFO - Processing file /Users/mnagy99/airflow/dags/lesson2_exercises/exercise1.py for tasks to queue
[2022-11-06T02:01:18.353+0200] {logging_mixin.py:120} INFO - [2022-11-06T02:01:18.353+0200] {dagbag.py:537} INFO - Filling up the DagBag from /Users/mnagy99/airflow/dags/lesson2_exercises/exercise1.py
[2022-11-06T02:01:19.273+0200] {processor.py:766} INFO - DAG(s) dict_keys(['lesson2.exercise1']) retrieved from /Users/mnagy99/airflow/dags/lesson2_exercises/exercise1.py
[2022-11-06T02:01:19.710+0200] {logging_mixin.py:120} INFO - [2022-11-06T02:01:19.710+0200] {dag.py:2585} INFO - Sync 1 DAGs
[2022-11-06T02:01:19.731+0200] {logging_mixin.py:120} INFO - [2022-11-06T02:01:19.731+0200] {dag.py:3336} INFO - Setting next_dagrun for lesson2.exercise1 to 2022-11-06T02:01:19.263122+00:00, run_after=2022-11-07T02:01:19.263122+00:00
[2022-11-06T02:01:19.749+0200] {processor.py:176} INFO - Processing /Users/mnagy99/airflow/dags/lesson2_exercises/exercise1.py took 1.398 seconds
[2022-11-06T02:05:54.261+0200] {processor.py:154} INFO - Started process (PID=2252) to work on /Users/mnagy99/airflow/dags/lesson2_exercises/exercise1.py
[2022-11-06T02:05:54.264+0200] {processor.py:756} INFO - Processing file /Users/mnagy99/airflow/dags/lesson2_exercises/exercise1.py for tasks to queue
[2022-11-06T02:05:54.264+0200] {logging_mixin.py:120} INFO - [2022-11-06T02:05:54.264+0200] {dagbag.py:537} INFO - Filling up the DagBag from /Users/mnagy99/airflow/dags/lesson2_exercises/exercise1.py
[2022-11-06T02:05:55.499+0200] {processor.py:766} INFO - DAG(s) dict_keys(['lesson2.exercise1']) retrieved from /Users/mnagy99/airflow/dags/lesson2_exercises/exercise1.py
[2022-11-06T02:05:55.996+0200] {logging_mixin.py:120} INFO - [2022-11-06T02:05:55.996+0200] {dag.py:2585} INFO - Sync 1 DAGs
[2022-11-06T02:05:56.012+0200] {logging_mixin.py:120} INFO - [2022-11-06T02:05:56.012+0200] {dag.py:3336} INFO - Setting next_dagrun for lesson2.exercise1 to 2022-11-06T02:05:55.488832+00:00, run_after=2022-11-07T02:05:55.488832+00:00
[2022-11-06T02:05:56.035+0200] {processor.py:176} INFO - Processing /Users/mnagy99/airflow/dags/lesson2_exercises/exercise1.py took 1.774 seconds
[2022-11-06T02:10:30.686+0200] {processor.py:154} INFO - Started process (PID=2506) to work on /Users/mnagy99/airflow/dags/lesson2_exercises/exercise1.py
[2022-11-06T02:10:30.688+0200] {processor.py:756} INFO - Processing file /Users/mnagy99/airflow/dags/lesson2_exercises/exercise1.py for tasks to queue
[2022-11-06T02:10:30.689+0200] {logging_mixin.py:120} INFO - [2022-11-06T02:10:30.689+0200] {dagbag.py:537} INFO - Filling up the DagBag from /Users/mnagy99/airflow/dags/lesson2_exercises/exercise1.py
[2022-11-06T02:10:31.591+0200] {processor.py:766} INFO - DAG(s) dict_keys(['lesson2.exercise1']) retrieved from /Users/mnagy99/airflow/dags/lesson2_exercises/exercise1.py
[2022-11-06T02:10:32.210+0200] {logging_mixin.py:120} INFO - [2022-11-06T02:10:32.210+0200] {dag.py:2585} INFO - Sync 1 DAGs
[2022-11-06T02:10:32.237+0200] {logging_mixin.py:120} INFO - [2022-11-06T02:10:32.237+0200] {dag.py:3336} INFO - Setting next_dagrun for lesson2.exercise1 to 2022-11-06T02:10:31.582916+00:00, run_after=2022-11-07T02:10:31.582916+00:00
[2022-11-06T02:10:32.264+0200] {processor.py:176} INFO - Processing /Users/mnagy99/airflow/dags/lesson2_exercises/exercise1.py took 1.579 seconds
[2022-11-06T02:14:59.835+0200] {processor.py:154} INFO - Started process (PID=2816) to work on /Users/mnagy99/airflow/dags/lesson2_exercises/exercise1.py
[2022-11-06T02:14:59.838+0200] {processor.py:756} INFO - Processing file /Users/mnagy99/airflow/dags/lesson2_exercises/exercise1.py for tasks to queue
[2022-11-06T02:14:59.839+0200] {logging_mixin.py:120} INFO - [2022-11-06T02:14:59.838+0200] {dagbag.py:537} INFO - Filling up the DagBag from /Users/mnagy99/airflow/dags/lesson2_exercises/exercise1.py
[2022-11-06T02:15:00.928+0200] {processor.py:766} INFO - DAG(s) dict_keys(['lesson2.exercise1']) retrieved from /Users/mnagy99/airflow/dags/lesson2_exercises/exercise1.py
[2022-11-06T02:15:01.319+0200] {logging_mixin.py:120} INFO - [2022-11-06T02:15:01.318+0200] {dag.py:2585} INFO - Sync 1 DAGs
[2022-11-06T02:15:01.351+0200] {logging_mixin.py:120} INFO - [2022-11-06T02:15:01.350+0200] {dag.py:3336} INFO - Setting next_dagrun for lesson2.exercise1 to 2022-11-06T02:15:00.919348+00:00, run_after=2022-11-07T02:15:00.919348+00:00
[2022-11-06T02:15:01.373+0200] {processor.py:176} INFO - Processing /Users/mnagy99/airflow/dags/lesson2_exercises/exercise1.py took 1.544 seconds
[2022-11-06T02:19:27.348+0200] {processor.py:154} INFO - Started process (PID=3114) to work on /Users/mnagy99/airflow/dags/lesson2_exercises/exercise1.py
[2022-11-06T02:19:27.351+0200] {processor.py:756} INFO - Processing file /Users/mnagy99/airflow/dags/lesson2_exercises/exercise1.py for tasks to queue
[2022-11-06T02:19:27.351+0200] {logging_mixin.py:120} INFO - [2022-11-06T02:19:27.351+0200] {dagbag.py:537} INFO - Filling up the DagBag from /Users/mnagy99/airflow/dags/lesson2_exercises/exercise1.py
[2022-11-06T02:19:28.134+0200] {processor.py:766} INFO - DAG(s) dict_keys(['lesson2.exercise1']) retrieved from /Users/mnagy99/airflow/dags/lesson2_exercises/exercise1.py
[2022-11-06T02:19:28.517+0200] {logging_mixin.py:120} INFO - [2022-11-06T02:19:28.517+0200] {dag.py:2585} INFO - Sync 1 DAGs
[2022-11-06T02:19:28.532+0200] {logging_mixin.py:120} INFO - [2022-11-06T02:19:28.532+0200] {dag.py:3336} INFO - Setting next_dagrun for lesson2.exercise1 to 2022-11-06T02:19:28.126331+00:00, run_after=2022-11-07T02:19:28.126331+00:00
[2022-11-06T02:19:28.550+0200] {processor.py:176} INFO - Processing /Users/mnagy99/airflow/dags/lesson2_exercises/exercise1.py took 1.203 seconds
[2022-11-06T02:23:45.915+0200] {processor.py:154} INFO - Started process (PID=3382) to work on /Users/mnagy99/airflow/dags/lesson2_exercises/exercise1.py
[2022-11-06T02:23:45.917+0200] {processor.py:756} INFO - Processing file /Users/mnagy99/airflow/dags/lesson2_exercises/exercise1.py for tasks to queue
[2022-11-06T02:23:45.918+0200] {logging_mixin.py:120} INFO - [2022-11-06T02:23:45.918+0200] {dagbag.py:537} INFO - Filling up the DagBag from /Users/mnagy99/airflow/dags/lesson2_exercises/exercise1.py
[2022-11-06T02:23:46.688+0200] {processor.py:766} INFO - DAG(s) dict_keys(['lesson2.exercise1']) retrieved from /Users/mnagy99/airflow/dags/lesson2_exercises/exercise1.py
[2022-11-06T02:23:47.058+0200] {logging_mixin.py:120} INFO - [2022-11-06T02:23:47.058+0200] {dag.py:2585} INFO - Sync 1 DAGs
[2022-11-06T02:23:47.072+0200] {logging_mixin.py:120} INFO - [2022-11-06T02:23:47.072+0200] {dag.py:3336} INFO - Setting next_dagrun for lesson2.exercise1 to 2022-11-06T02:23:46.679983+00:00, run_after=2022-11-07T02:23:46.679983+00:00
[2022-11-06T02:23:47.093+0200] {processor.py:176} INFO - Processing /Users/mnagy99/airflow/dags/lesson2_exercises/exercise1.py took 1.179 seconds
[2022-11-06T02:28:14.147+0200] {processor.py:154} INFO - Started process (PID=3665) to work on /Users/mnagy99/airflow/dags/lesson2_exercises/exercise1.py
[2022-11-06T02:28:14.150+0200] {processor.py:756} INFO - Processing file /Users/mnagy99/airflow/dags/lesson2_exercises/exercise1.py for tasks to queue
[2022-11-06T02:28:14.150+0200] {logging_mixin.py:120} INFO - [2022-11-06T02:28:14.150+0200] {dagbag.py:537} INFO - Filling up the DagBag from /Users/mnagy99/airflow/dags/lesson2_exercises/exercise1.py
[2022-11-06T02:28:14.926+0200] {processor.py:766} INFO - DAG(s) dict_keys(['lesson2.exercise1']) retrieved from /Users/mnagy99/airflow/dags/lesson2_exercises/exercise1.py
[2022-11-06T02:28:15.298+0200] {logging_mixin.py:120} INFO - [2022-11-06T02:28:15.298+0200] {dag.py:2585} INFO - Sync 1 DAGs
[2022-11-06T02:28:15.313+0200] {logging_mixin.py:120} INFO - [2022-11-06T02:28:15.312+0200] {dag.py:3336} INFO - Setting next_dagrun for lesson2.exercise1 to 2022-11-06T02:28:14.917306+00:00, run_after=2022-11-07T02:28:14.917306+00:00
[2022-11-06T02:28:15.330+0200] {processor.py:176} INFO - Processing /Users/mnagy99/airflow/dags/lesson2_exercises/exercise1.py took 1.183 seconds
[2022-11-06T02:32:38.757+0200] {processor.py:154} INFO - Started process (PID=3963) to work on /Users/mnagy99/airflow/dags/lesson2_exercises/exercise1.py
[2022-11-06T02:32:38.759+0200] {processor.py:756} INFO - Processing file /Users/mnagy99/airflow/dags/lesson2_exercises/exercise1.py for tasks to queue
[2022-11-06T02:32:38.760+0200] {logging_mixin.py:120} INFO - [2022-11-06T02:32:38.760+0200] {dagbag.py:537} INFO - Filling up the DagBag from /Users/mnagy99/airflow/dags/lesson2_exercises/exercise1.py
[2022-11-06T02:32:39.536+0200] {processor.py:766} INFO - DAG(s) dict_keys(['lesson2.exercise1']) retrieved from /Users/mnagy99/airflow/dags/lesson2_exercises/exercise1.py
[2022-11-06T02:32:39.911+0200] {logging_mixin.py:120} INFO - [2022-11-06T02:32:39.910+0200] {dag.py:2585} INFO - Sync 1 DAGs
[2022-11-06T02:32:39.924+0200] {logging_mixin.py:120} INFO - [2022-11-06T02:32:39.924+0200] {dag.py:3336} INFO - Setting next_dagrun for lesson2.exercise1 to 2022-11-06T02:32:39.527685+00:00, run_after=2022-11-07T02:32:39.527685+00:00
[2022-11-06T02:32:39.944+0200] {processor.py:176} INFO - Processing /Users/mnagy99/airflow/dags/lesson2_exercises/exercise1.py took 1.188 seconds
[2022-11-06T02:36:56.220+0200] {processor.py:154} INFO - Started process (PID=4251) to work on /Users/mnagy99/airflow/dags/lesson2_exercises/exercise1.py
[2022-11-06T02:36:56.222+0200] {processor.py:756} INFO - Processing file /Users/mnagy99/airflow/dags/lesson2_exercises/exercise1.py for tasks to queue
[2022-11-06T02:36:56.223+0200] {logging_mixin.py:120} INFO - [2022-11-06T02:36:56.222+0200] {dagbag.py:537} INFO - Filling up the DagBag from /Users/mnagy99/airflow/dags/lesson2_exercises/exercise1.py
[2022-11-06T02:36:57.202+0200] {processor.py:766} INFO - DAG(s) dict_keys(['lesson2.exercise1']) retrieved from /Users/mnagy99/airflow/dags/lesson2_exercises/exercise1.py
[2022-11-06T02:36:57.609+0200] {logging_mixin.py:120} INFO - [2022-11-06T02:36:57.609+0200] {dag.py:2585} INFO - Sync 1 DAGs
[2022-11-06T02:36:57.624+0200] {logging_mixin.py:120} INFO - [2022-11-06T02:36:57.624+0200] {dag.py:3336} INFO - Setting next_dagrun for lesson2.exercise1 to 2022-11-06T02:36:57.194443+00:00, run_after=2022-11-07T02:36:57.194443+00:00
[2022-11-06T02:36:57.645+0200] {processor.py:176} INFO - Processing /Users/mnagy99/airflow/dags/lesson2_exercises/exercise1.py took 1.425 seconds
[2022-11-06T02:41:31.079+0200] {processor.py:154} INFO - Started process (PID=4547) to work on /Users/mnagy99/airflow/dags/lesson2_exercises/exercise1.py
[2022-11-06T02:41:31.082+0200] {processor.py:756} INFO - Processing file /Users/mnagy99/airflow/dags/lesson2_exercises/exercise1.py for tasks to queue
[2022-11-06T02:41:31.082+0200] {logging_mixin.py:120} INFO - [2022-11-06T02:41:31.082+0200] {dagbag.py:537} INFO - Filling up the DagBag from /Users/mnagy99/airflow/dags/lesson2_exercises/exercise1.py
[2022-11-06T02:41:32.082+0200] {processor.py:766} INFO - DAG(s) dict_keys(['lesson2.exercise1']) retrieved from /Users/mnagy99/airflow/dags/lesson2_exercises/exercise1.py
[2022-11-06T02:41:32.693+0200] {logging_mixin.py:120} INFO - [2022-11-06T02:41:32.693+0200] {dag.py:2585} INFO - Sync 1 DAGs
[2022-11-06T02:41:32.714+0200] {logging_mixin.py:120} INFO - [2022-11-06T02:41:32.714+0200] {dag.py:3336} INFO - Setting next_dagrun for lesson2.exercise1 to 2022-11-06T02:41:32.067806+00:00, run_after=2022-11-07T02:41:32.067806+00:00
[2022-11-06T02:41:32.737+0200] {processor.py:176} INFO - Processing /Users/mnagy99/airflow/dags/lesson2_exercises/exercise1.py took 1.658 seconds
[2022-11-06T02:46:12.006+0200] {processor.py:154} INFO - Started process (PID=4824) to work on /Users/mnagy99/airflow/dags/lesson2_exercises/exercise1.py
[2022-11-06T02:46:12.008+0200] {processor.py:756} INFO - Processing file /Users/mnagy99/airflow/dags/lesson2_exercises/exercise1.py for tasks to queue
[2022-11-06T02:46:12.009+0200] {logging_mixin.py:120} INFO - [2022-11-06T02:46:12.009+0200] {dagbag.py:537} INFO - Filling up the DagBag from /Users/mnagy99/airflow/dags/lesson2_exercises/exercise1.py
[2022-11-06T02:46:12.775+0200] {processor.py:766} INFO - DAG(s) dict_keys(['lesson2.exercise1']) retrieved from /Users/mnagy99/airflow/dags/lesson2_exercises/exercise1.py
[2022-11-06T02:46:13.144+0200] {logging_mixin.py:120} INFO - [2022-11-06T02:46:13.144+0200] {dag.py:2585} INFO - Sync 1 DAGs
[2022-11-06T02:46:13.159+0200] {logging_mixin.py:120} INFO - [2022-11-06T02:46:13.159+0200] {dag.py:3336} INFO - Setting next_dagrun for lesson2.exercise1 to 2022-11-06T02:46:12.767182+00:00, run_after=2022-11-07T02:46:12.767182+00:00
[2022-11-06T02:46:13.176+0200] {processor.py:176} INFO - Processing /Users/mnagy99/airflow/dags/lesson2_exercises/exercise1.py took 1.171 seconds
[2022-11-06T02:50:27.598+0200] {processor.py:154} INFO - Started process (PID=5080) to work on /Users/mnagy99/airflow/dags/lesson2_exercises/exercise1.py
[2022-11-06T02:50:27.600+0200] {processor.py:756} INFO - Processing file /Users/mnagy99/airflow/dags/lesson2_exercises/exercise1.py for tasks to queue
[2022-11-06T02:50:27.601+0200] {logging_mixin.py:120} INFO - [2022-11-06T02:50:27.601+0200] {dagbag.py:537} INFO - Filling up the DagBag from /Users/mnagy99/airflow/dags/lesson2_exercises/exercise1.py
[2022-11-06T02:50:28.397+0200] {processor.py:766} INFO - DAG(s) dict_keys(['lesson2.exercise1']) retrieved from /Users/mnagy99/airflow/dags/lesson2_exercises/exercise1.py
[2022-11-06T02:50:28.773+0200] {logging_mixin.py:120} INFO - [2022-11-06T02:50:28.773+0200] {dag.py:2585} INFO - Sync 1 DAGs
[2022-11-06T02:50:28.788+0200] {logging_mixin.py:120} INFO - [2022-11-06T02:50:28.788+0200] {dag.py:3336} INFO - Setting next_dagrun for lesson2.exercise1 to 2022-11-06T02:50:28.388914+00:00, run_after=2022-11-07T02:50:28.388914+00:00
[2022-11-06T02:50:28.805+0200] {processor.py:176} INFO - Processing /Users/mnagy99/airflow/dags/lesson2_exercises/exercise1.py took 1.208 seconds
[2022-11-06T02:54:40.614+0200] {processor.py:154} INFO - Started process (PID=5329) to work on /Users/mnagy99/airflow/dags/lesson2_exercises/exercise1.py
[2022-11-06T02:54:40.615+0200] {processor.py:756} INFO - Processing file /Users/mnagy99/airflow/dags/lesson2_exercises/exercise1.py for tasks to queue
[2022-11-06T02:54:40.616+0200] {logging_mixin.py:120} INFO - [2022-11-06T02:54:40.616+0200] {dagbag.py:537} INFO - Filling up the DagBag from /Users/mnagy99/airflow/dags/lesson2_exercises/exercise1.py
[2022-11-06T02:54:41.484+0200] {processor.py:766} INFO - DAG(s) dict_keys(['lesson2.exercise1']) retrieved from /Users/mnagy99/airflow/dags/lesson2_exercises/exercise1.py
[2022-11-06T02:54:41.903+0200] {logging_mixin.py:120} INFO - [2022-11-06T02:54:41.902+0200] {dag.py:2585} INFO - Sync 1 DAGs
[2022-11-06T02:54:41.919+0200] {logging_mixin.py:120} INFO - [2022-11-06T02:54:41.918+0200] {dag.py:3336} INFO - Setting next_dagrun for lesson2.exercise1 to 2022-11-06T02:54:41.470462+00:00, run_after=2022-11-07T02:54:41.470462+00:00
[2022-11-06T02:54:41.935+0200] {processor.py:176} INFO - Processing /Users/mnagy99/airflow/dags/lesson2_exercises/exercise1.py took 1.322 seconds
[2022-11-06T02:59:14.709+0200] {processor.py:154} INFO - Started process (PID=5609) to work on /Users/mnagy99/airflow/dags/lesson2_exercises/exercise1.py
[2022-11-06T02:59:14.711+0200] {processor.py:756} INFO - Processing file /Users/mnagy99/airflow/dags/lesson2_exercises/exercise1.py for tasks to queue
[2022-11-06T02:59:14.711+0200] {logging_mixin.py:120} INFO - [2022-11-06T02:59:14.711+0200] {dagbag.py:537} INFO - Filling up the DagBag from /Users/mnagy99/airflow/dags/lesson2_exercises/exercise1.py
[2022-11-06T02:59:15.789+0200] {processor.py:766} INFO - DAG(s) dict_keys(['lesson2.exercise1']) retrieved from /Users/mnagy99/airflow/dags/lesson2_exercises/exercise1.py
[2022-11-06T02:59:16.258+0200] {logging_mixin.py:120} INFO - [2022-11-06T02:59:16.258+0200] {dag.py:2585} INFO - Sync 1 DAGs
[2022-11-06T02:59:16.273+0200] {logging_mixin.py:120} INFO - [2022-11-06T02:59:16.273+0200] {dag.py:3336} INFO - Setting next_dagrun for lesson2.exercise1 to 2022-11-06T02:59:15.779330+00:00, run_after=2022-11-07T02:59:15.779330+00:00
[2022-11-06T02:59:16.291+0200] {processor.py:176} INFO - Processing /Users/mnagy99/airflow/dags/lesson2_exercises/exercise1.py took 1.583 seconds
[2022-11-06T03:04:13.965+0200] {processor.py:154} INFO - Started process (PID=5885) to work on /Users/mnagy99/airflow/dags/lesson2_exercises/exercise1.py
[2022-11-06T03:04:13.968+0200] {processor.py:756} INFO - Processing file /Users/mnagy99/airflow/dags/lesson2_exercises/exercise1.py for tasks to queue
[2022-11-06T03:04:13.968+0200] {logging_mixin.py:120} INFO - [2022-11-06T03:04:13.968+0200] {dagbag.py:537} INFO - Filling up the DagBag from /Users/mnagy99/airflow/dags/lesson2_exercises/exercise1.py
[2022-11-06T03:04:14.792+0200] {processor.py:766} INFO - DAG(s) dict_keys(['lesson2.exercise1']) retrieved from /Users/mnagy99/airflow/dags/lesson2_exercises/exercise1.py
[2022-11-06T03:04:15.160+0200] {logging_mixin.py:120} INFO - [2022-11-06T03:04:15.160+0200] {dag.py:2585} INFO - Sync 1 DAGs
[2022-11-06T03:04:15.175+0200] {logging_mixin.py:120} INFO - [2022-11-06T03:04:15.175+0200] {dag.py:3336} INFO - Setting next_dagrun for lesson2.exercise1 to 2022-11-06T03:04:14.784082+00:00, run_after=2022-11-07T03:04:14.784082+00:00
[2022-11-06T03:04:15.193+0200] {processor.py:176} INFO - Processing /Users/mnagy99/airflow/dags/lesson2_exercises/exercise1.py took 1.228 seconds
[2022-11-06T03:08:38.229+0200] {processor.py:154} INFO - Started process (PID=6144) to work on /Users/mnagy99/airflow/dags/lesson2_exercises/exercise1.py
[2022-11-06T03:08:38.231+0200] {processor.py:756} INFO - Processing file /Users/mnagy99/airflow/dags/lesson2_exercises/exercise1.py for tasks to queue
[2022-11-06T03:08:38.232+0200] {logging_mixin.py:120} INFO - [2022-11-06T03:08:38.232+0200] {dagbag.py:537} INFO - Filling up the DagBag from /Users/mnagy99/airflow/dags/lesson2_exercises/exercise1.py
[2022-11-06T03:08:39.028+0200] {processor.py:766} INFO - DAG(s) dict_keys(['lesson2.exercise1']) retrieved from /Users/mnagy99/airflow/dags/lesson2_exercises/exercise1.py
[2022-11-06T03:08:39.421+0200] {logging_mixin.py:120} INFO - [2022-11-06T03:08:39.421+0200] {dag.py:2585} INFO - Sync 1 DAGs
[2022-11-06T03:08:39.438+0200] {logging_mixin.py:120} INFO - [2022-11-06T03:08:39.438+0200] {dag.py:3336} INFO - Setting next_dagrun for lesson2.exercise1 to 2022-11-06T03:08:39.020827+00:00, run_after=2022-11-07T03:08:39.020827+00:00
[2022-11-06T03:08:39.456+0200] {processor.py:176} INFO - Processing /Users/mnagy99/airflow/dags/lesson2_exercises/exercise1.py took 1.228 seconds
[2022-11-06T03:12:50.199+0200] {processor.py:154} INFO - Started process (PID=6412) to work on /Users/mnagy99/airflow/dags/lesson2_exercises/exercise1.py
[2022-11-06T03:12:50.200+0200] {processor.py:756} INFO - Processing file /Users/mnagy99/airflow/dags/lesson2_exercises/exercise1.py for tasks to queue
[2022-11-06T03:12:50.201+0200] {logging_mixin.py:120} INFO - [2022-11-06T03:12:50.201+0200] {dagbag.py:537} INFO - Filling up the DagBag from /Users/mnagy99/airflow/dags/lesson2_exercises/exercise1.py
[2022-11-06T03:12:51.170+0200] {processor.py:766} INFO - DAG(s) dict_keys(['lesson2.exercise1']) retrieved from /Users/mnagy99/airflow/dags/lesson2_exercises/exercise1.py
[2022-11-06T03:12:51.579+0200] {logging_mixin.py:120} INFO - [2022-11-06T03:12:51.579+0200] {dag.py:2585} INFO - Sync 1 DAGs
[2022-11-06T03:12:51.594+0200] {logging_mixin.py:120} INFO - [2022-11-06T03:12:51.594+0200] {dag.py:3336} INFO - Setting next_dagrun for lesson2.exercise1 to 2022-11-06T03:12:51.160825+00:00, run_after=2022-11-07T03:12:51.160825+00:00
[2022-11-06T03:12:51.610+0200] {processor.py:176} INFO - Processing /Users/mnagy99/airflow/dags/lesson2_exercises/exercise1.py took 1.411 seconds
[2022-11-06T03:16:51.796+0200] {processor.py:154} INFO - Started process (PID=6670) to work on /Users/mnagy99/airflow/dags/lesson2_exercises/exercise1.py
[2022-11-06T03:16:51.798+0200] {processor.py:756} INFO - Processing file /Users/mnagy99/airflow/dags/lesson2_exercises/exercise1.py for tasks to queue
[2022-11-06T03:16:51.799+0200] {logging_mixin.py:120} INFO - [2022-11-06T03:16:51.799+0200] {dagbag.py:537} INFO - Filling up the DagBag from /Users/mnagy99/airflow/dags/lesson2_exercises/exercise1.py
[2022-11-06T03:16:52.593+0200] {processor.py:766} INFO - DAG(s) dict_keys(['lesson2.exercise1']) retrieved from /Users/mnagy99/airflow/dags/lesson2_exercises/exercise1.py
[2022-11-06T03:16:52.967+0200] {logging_mixin.py:120} INFO - [2022-11-06T03:16:52.966+0200] {dag.py:2585} INFO - Sync 1 DAGs
[2022-11-06T03:16:52.981+0200] {logging_mixin.py:120} INFO - [2022-11-06T03:16:52.981+0200] {dag.py:3336} INFO - Setting next_dagrun for lesson2.exercise1 to 2022-11-06T03:16:52.585518+00:00, run_after=2022-11-07T03:16:52.585518+00:00
[2022-11-06T03:16:53.001+0200] {processor.py:176} INFO - Processing /Users/mnagy99/airflow/dags/lesson2_exercises/exercise1.py took 1.206 seconds
[2022-11-06T03:20:46.733+0200] {processor.py:154} INFO - Started process (PID=6922) to work on /Users/mnagy99/airflow/dags/lesson2_exercises/exercise1.py
[2022-11-06T03:20:46.733+0200] {processor.py:756} INFO - Processing file /Users/mnagy99/airflow/dags/lesson2_exercises/exercise1.py for tasks to queue
[2022-11-06T03:20:46.734+0200] {logging_mixin.py:120} INFO - [2022-11-06T03:20:46.734+0200] {dagbag.py:537} INFO - Filling up the DagBag from /Users/mnagy99/airflow/dags/lesson2_exercises/exercise1.py
[2022-11-06T03:20:47.580+0200] {processor.py:766} INFO - DAG(s) dict_keys(['lesson2.exercise1']) retrieved from /Users/mnagy99/airflow/dags/lesson2_exercises/exercise1.py
[2022-11-06T03:20:47.991+0200] {logging_mixin.py:120} INFO - [2022-11-06T03:20:47.991+0200] {dag.py:2585} INFO - Sync 1 DAGs
[2022-11-06T03:20:48.006+0200] {logging_mixin.py:120} INFO - [2022-11-06T03:20:48.006+0200] {dag.py:3336} INFO - Setting next_dagrun for lesson2.exercise1 to 2022-11-06T03:20:47.570818+00:00, run_after=2022-11-07T03:20:47.570818+00:00
[2022-11-06T03:20:48.025+0200] {processor.py:176} INFO - Processing /Users/mnagy99/airflow/dags/lesson2_exercises/exercise1.py took 1.293 seconds
[2022-11-06T03:24:47.204+0200] {processor.py:154} INFO - Started process (PID=7173) to work on /Users/mnagy99/airflow/dags/lesson2_exercises/exercise1.py
[2022-11-06T03:24:47.207+0200] {processor.py:756} INFO - Processing file /Users/mnagy99/airflow/dags/lesson2_exercises/exercise1.py for tasks to queue
[2022-11-06T03:24:47.207+0200] {logging_mixin.py:120} INFO - [2022-11-06T03:24:47.207+0200] {dagbag.py:537} INFO - Filling up the DagBag from /Users/mnagy99/airflow/dags/lesson2_exercises/exercise1.py
[2022-11-06T03:24:48.004+0200] {processor.py:766} INFO - DAG(s) dict_keys(['lesson2.exercise1']) retrieved from /Users/mnagy99/airflow/dags/lesson2_exercises/exercise1.py
[2022-11-06T03:24:48.407+0200] {logging_mixin.py:120} INFO - [2022-11-06T03:24:48.407+0200] {dag.py:2585} INFO - Sync 1 DAGs
[2022-11-06T03:24:48.423+0200] {logging_mixin.py:120} INFO - [2022-11-06T03:24:48.423+0200] {dag.py:3336} INFO - Setting next_dagrun for lesson2.exercise1 to 2022-11-06T03:24:47.996462+00:00, run_after=2022-11-07T03:24:47.996462+00:00
[2022-11-06T03:24:48.442+0200] {processor.py:176} INFO - Processing /Users/mnagy99/airflow/dags/lesson2_exercises/exercise1.py took 1.238 seconds
[2022-11-06T03:28:51.108+0200] {processor.py:154} INFO - Started process (PID=7445) to work on /Users/mnagy99/airflow/dags/lesson2_exercises/exercise1.py
[2022-11-06T03:28:51.110+0200] {processor.py:756} INFO - Processing file /Users/mnagy99/airflow/dags/lesson2_exercises/exercise1.py for tasks to queue
[2022-11-06T03:28:51.111+0200] {logging_mixin.py:120} INFO - [2022-11-06T03:28:51.111+0200] {dagbag.py:537} INFO - Filling up the DagBag from /Users/mnagy99/airflow/dags/lesson2_exercises/exercise1.py
[2022-11-06T03:28:51.951+0200] {processor.py:766} INFO - DAG(s) dict_keys(['lesson2.exercise1']) retrieved from /Users/mnagy99/airflow/dags/lesson2_exercises/exercise1.py
[2022-11-06T03:28:52.328+0200] {logging_mixin.py:120} INFO - [2022-11-06T03:28:52.327+0200] {dag.py:2585} INFO - Sync 1 DAGs
[2022-11-06T03:28:52.342+0200] {logging_mixin.py:120} INFO - [2022-11-06T03:28:52.342+0200] {dag.py:3336} INFO - Setting next_dagrun for lesson2.exercise1 to 2022-11-06T03:28:51.943049+00:00, run_after=2022-11-07T03:28:51.943049+00:00
[2022-11-06T03:28:52.362+0200] {processor.py:176} INFO - Processing /Users/mnagy99/airflow/dags/lesson2_exercises/exercise1.py took 1.255 seconds
[2022-11-06T03:32:51.513+0200] {processor.py:154} INFO - Started process (PID=7696) to work on /Users/mnagy99/airflow/dags/lesson2_exercises/exercise1.py
[2022-11-06T03:32:51.516+0200] {processor.py:756} INFO - Processing file /Users/mnagy99/airflow/dags/lesson2_exercises/exercise1.py for tasks to queue
[2022-11-06T03:32:51.517+0200] {logging_mixin.py:120} INFO - [2022-11-06T03:32:51.517+0200] {dagbag.py:537} INFO - Filling up the DagBag from /Users/mnagy99/airflow/dags/lesson2_exercises/exercise1.py
[2022-11-06T03:32:52.290+0200] {processor.py:766} INFO - DAG(s) dict_keys(['lesson2.exercise1']) retrieved from /Users/mnagy99/airflow/dags/lesson2_exercises/exercise1.py
[2022-11-06T03:32:52.668+0200] {logging_mixin.py:120} INFO - [2022-11-06T03:32:52.667+0200] {dag.py:2585} INFO - Sync 1 DAGs
[2022-11-06T03:32:52.684+0200] {logging_mixin.py:120} INFO - [2022-11-06T03:32:52.684+0200] {dag.py:3336} INFO - Setting next_dagrun for lesson2.exercise1 to 2022-11-06T03:32:52.282489+00:00, run_after=2022-11-07T03:32:52.282489+00:00
[2022-11-06T03:32:52.702+0200] {processor.py:176} INFO - Processing /Users/mnagy99/airflow/dags/lesson2_exercises/exercise1.py took 1.190 seconds
[2022-11-06T03:37:06.490+0200] {processor.py:154} INFO - Started process (PID=8005) to work on /Users/mnagy99/airflow/dags/lesson2_exercises/exercise1.py
[2022-11-06T03:37:06.493+0200] {processor.py:756} INFO - Processing file /Users/mnagy99/airflow/dags/lesson2_exercises/exercise1.py for tasks to queue
[2022-11-06T03:37:06.494+0200] {logging_mixin.py:120} INFO - [2022-11-06T03:37:06.494+0200] {dagbag.py:537} INFO - Filling up the DagBag from /Users/mnagy99/airflow/dags/lesson2_exercises/exercise1.py
[2022-11-06T03:37:07.346+0200] {processor.py:766} INFO - DAG(s) dict_keys(['lesson2.exercise1']) retrieved from /Users/mnagy99/airflow/dags/lesson2_exercises/exercise1.py
[2022-11-06T03:37:07.811+0200] {logging_mixin.py:120} INFO - [2022-11-06T03:37:07.811+0200] {dag.py:2585} INFO - Sync 1 DAGs
[2022-11-06T03:37:07.829+0200] {logging_mixin.py:120} INFO - [2022-11-06T03:37:07.829+0200] {dag.py:3336} INFO - Setting next_dagrun for lesson2.exercise1 to 2022-11-06T03:37:07.337681+00:00, run_after=2022-11-07T03:37:07.337681+00:00
[2022-11-06T03:37:07.848+0200] {processor.py:176} INFO - Processing /Users/mnagy99/airflow/dags/lesson2_exercises/exercise1.py took 1.358 seconds
[2022-11-06T03:41:07.648+0200] {processor.py:154} INFO - Started process (PID=8251) to work on /Users/mnagy99/airflow/dags/lesson2_exercises/exercise1.py
[2022-11-06T03:41:07.650+0200] {processor.py:756} INFO - Processing file /Users/mnagy99/airflow/dags/lesson2_exercises/exercise1.py for tasks to queue
[2022-11-06T03:41:07.651+0200] {logging_mixin.py:120} INFO - [2022-11-06T03:41:07.651+0200] {dagbag.py:537} INFO - Filling up the DagBag from /Users/mnagy99/airflow/dags/lesson2_exercises/exercise1.py
[2022-11-06T03:41:08.443+0200] {processor.py:766} INFO - DAG(s) dict_keys(['lesson2.exercise1']) retrieved from /Users/mnagy99/airflow/dags/lesson2_exercises/exercise1.py
[2022-11-06T03:41:08.874+0200] {logging_mixin.py:120} INFO - [2022-11-06T03:41:08.873+0200] {dag.py:2585} INFO - Sync 1 DAGs
[2022-11-06T03:41:08.891+0200] {logging_mixin.py:120} INFO - [2022-11-06T03:41:08.891+0200] {dag.py:3336} INFO - Setting next_dagrun for lesson2.exercise1 to 2022-11-06T03:41:08.435010+00:00, run_after=2022-11-07T03:41:08.435010+00:00
[2022-11-06T03:41:08.910+0200] {processor.py:176} INFO - Processing /Users/mnagy99/airflow/dags/lesson2_exercises/exercise1.py took 1.262 seconds
[2022-11-06T03:45:09.314+0200] {processor.py:154} INFO - Started process (PID=8511) to work on /Users/mnagy99/airflow/dags/lesson2_exercises/exercise1.py
[2022-11-06T03:45:09.316+0200] {processor.py:756} INFO - Processing file /Users/mnagy99/airflow/dags/lesson2_exercises/exercise1.py for tasks to queue
[2022-11-06T03:45:09.317+0200] {logging_mixin.py:120} INFO - [2022-11-06T03:45:09.317+0200] {dagbag.py:537} INFO - Filling up the DagBag from /Users/mnagy99/airflow/dags/lesson2_exercises/exercise1.py
[2022-11-06T03:45:10.103+0200] {processor.py:766} INFO - DAG(s) dict_keys(['lesson2.exercise1']) retrieved from /Users/mnagy99/airflow/dags/lesson2_exercises/exercise1.py
[2022-11-06T03:45:10.473+0200] {logging_mixin.py:120} INFO - [2022-11-06T03:45:10.473+0200] {dag.py:2585} INFO - Sync 1 DAGs
[2022-11-06T03:45:10.487+0200] {logging_mixin.py:120} INFO - [2022-11-06T03:45:10.487+0200] {dag.py:3336} INFO - Setting next_dagrun for lesson2.exercise1 to 2022-11-06T03:45:10.095106+00:00, run_after=2022-11-07T03:45:10.095106+00:00
[2022-11-06T03:45:10.505+0200] {processor.py:176} INFO - Processing /Users/mnagy99/airflow/dags/lesson2_exercises/exercise1.py took 1.192 seconds
[2022-11-06T03:49:20.198+0200] {processor.py:154} INFO - Started process (PID=8761) to work on /Users/mnagy99/airflow/dags/lesson2_exercises/exercise1.py
[2022-11-06T03:49:20.200+0200] {processor.py:756} INFO - Processing file /Users/mnagy99/airflow/dags/lesson2_exercises/exercise1.py for tasks to queue
[2022-11-06T03:49:20.201+0200] {logging_mixin.py:120} INFO - [2022-11-06T03:49:20.201+0200] {dagbag.py:537} INFO - Filling up the DagBag from /Users/mnagy99/airflow/dags/lesson2_exercises/exercise1.py
[2022-11-06T03:49:21.044+0200] {processor.py:766} INFO - DAG(s) dict_keys(['lesson2.exercise1']) retrieved from /Users/mnagy99/airflow/dags/lesson2_exercises/exercise1.py
[2022-11-06T03:49:21.473+0200] {logging_mixin.py:120} INFO - [2022-11-06T03:49:21.472+0200] {dag.py:2585} INFO - Sync 1 DAGs
[2022-11-06T03:49:21.487+0200] {logging_mixin.py:120} INFO - [2022-11-06T03:49:21.487+0200] {dag.py:3336} INFO - Setting next_dagrun for lesson2.exercise1 to 2022-11-06T03:49:21.034606+00:00, run_after=2022-11-07T03:49:21.034606+00:00
[2022-11-06T03:49:21.504+0200] {processor.py:176} INFO - Processing /Users/mnagy99/airflow/dags/lesson2_exercises/exercise1.py took 1.306 seconds
[2022-11-06T03:53:32.725+0200] {processor.py:154} INFO - Started process (PID=9025) to work on /Users/mnagy99/airflow/dags/lesson2_exercises/exercise1.py
[2022-11-06T03:53:32.728+0200] {processor.py:756} INFO - Processing file /Users/mnagy99/airflow/dags/lesson2_exercises/exercise1.py for tasks to queue
[2022-11-06T03:53:32.729+0200] {logging_mixin.py:120} INFO - [2022-11-06T03:53:32.729+0200] {dagbag.py:537} INFO - Filling up the DagBag from /Users/mnagy99/airflow/dags/lesson2_exercises/exercise1.py
[2022-11-06T03:53:33.534+0200] {processor.py:766} INFO - DAG(s) dict_keys(['lesson2.exercise1']) retrieved from /Users/mnagy99/airflow/dags/lesson2_exercises/exercise1.py
[2022-11-06T03:53:33.939+0200] {logging_mixin.py:120} INFO - [2022-11-06T03:53:33.939+0200] {dag.py:2585} INFO - Sync 1 DAGs
[2022-11-06T03:53:33.955+0200] {logging_mixin.py:120} INFO - [2022-11-06T03:53:33.955+0200] {dag.py:3336} INFO - Setting next_dagrun for lesson2.exercise1 to 2022-11-06T03:53:33.524509+00:00, run_after=2022-11-07T03:53:33.524509+00:00
[2022-11-06T03:53:33.973+0200] {processor.py:176} INFO - Processing /Users/mnagy99/airflow/dags/lesson2_exercises/exercise1.py took 1.248 seconds
[2022-11-06T03:58:06.572+0200] {processor.py:154} INFO - Started process (PID=9294) to work on /Users/mnagy99/airflow/dags/lesson2_exercises/exercise1.py
[2022-11-06T03:58:06.574+0200] {processor.py:756} INFO - Processing file /Users/mnagy99/airflow/dags/lesson2_exercises/exercise1.py for tasks to queue
[2022-11-06T03:58:06.575+0200] {logging_mixin.py:120} INFO - [2022-11-06T03:58:06.574+0200] {dagbag.py:537} INFO - Filling up the DagBag from /Users/mnagy99/airflow/dags/lesson2_exercises/exercise1.py
[2022-11-06T03:58:07.417+0200] {processor.py:766} INFO - DAG(s) dict_keys(['lesson2.exercise1']) retrieved from /Users/mnagy99/airflow/dags/lesson2_exercises/exercise1.py
[2022-11-06T03:58:07.828+0200] {logging_mixin.py:120} INFO - [2022-11-06T03:58:07.828+0200] {dag.py:2585} INFO - Sync 1 DAGs
[2022-11-06T03:58:07.857+0200] {logging_mixin.py:120} INFO - [2022-11-06T03:58:07.857+0200] {dag.py:3336} INFO - Setting next_dagrun for lesson2.exercise1 to 2022-11-06T03:58:07.408530+00:00, run_after=2022-11-07T03:58:07.408530+00:00
[2022-11-06T03:58:07.892+0200] {processor.py:176} INFO - Processing /Users/mnagy99/airflow/dags/lesson2_exercises/exercise1.py took 1.321 seconds
[2022-11-06T04:02:53.401+0200] {processor.py:154} INFO - Started process (PID=9590) to work on /Users/mnagy99/airflow/dags/lesson2_exercises/exercise1.py
[2022-11-06T04:02:53.403+0200] {processor.py:756} INFO - Processing file /Users/mnagy99/airflow/dags/lesson2_exercises/exercise1.py for tasks to queue
[2022-11-06T04:02:53.404+0200] {logging_mixin.py:120} INFO - [2022-11-06T04:02:53.404+0200] {dagbag.py:537} INFO - Filling up the DagBag from /Users/mnagy99/airflow/dags/lesson2_exercises/exercise1.py
[2022-11-06T04:02:54.169+0200] {processor.py:766} INFO - DAG(s) dict_keys(['lesson2.exercise1']) retrieved from /Users/mnagy99/airflow/dags/lesson2_exercises/exercise1.py
[2022-11-06T04:02:54.543+0200] {logging_mixin.py:120} INFO - [2022-11-06T04:02:54.542+0200] {dag.py:2585} INFO - Sync 1 DAGs
[2022-11-06T04:02:54.557+0200] {logging_mixin.py:120} INFO - [2022-11-06T04:02:54.557+0200] {dag.py:3336} INFO - Setting next_dagrun for lesson2.exercise1 to 2022-11-06T04:02:54.161141+00:00, run_after=2022-11-07T04:02:54.161141+00:00
[2022-11-06T04:02:54.574+0200] {processor.py:176} INFO - Processing /Users/mnagy99/airflow/dags/lesson2_exercises/exercise1.py took 1.174 seconds
[2022-11-06T04:07:35.082+0200] {processor.py:154} INFO - Started process (PID=9884) to work on /Users/mnagy99/airflow/dags/lesson2_exercises/exercise1.py
[2022-11-06T04:07:35.085+0200] {processor.py:756} INFO - Processing file /Users/mnagy99/airflow/dags/lesson2_exercises/exercise1.py for tasks to queue
[2022-11-06T04:07:35.085+0200] {logging_mixin.py:120} INFO - [2022-11-06T04:07:35.085+0200] {dagbag.py:537} INFO - Filling up the DagBag from /Users/mnagy99/airflow/dags/lesson2_exercises/exercise1.py
[2022-11-06T04:07:35.949+0200] {processor.py:766} INFO - DAG(s) dict_keys(['lesson2.exercise1']) retrieved from /Users/mnagy99/airflow/dags/lesson2_exercises/exercise1.py
[2022-11-06T04:07:36.334+0200] {logging_mixin.py:120} INFO - [2022-11-06T04:07:36.334+0200] {dag.py:2585} INFO - Sync 1 DAGs
[2022-11-06T04:07:36.349+0200] {logging_mixin.py:120} INFO - [2022-11-06T04:07:36.349+0200] {dag.py:3336} INFO - Setting next_dagrun for lesson2.exercise1 to 2022-11-06T04:07:35.941166+00:00, run_after=2022-11-07T04:07:35.941166+00:00
[2022-11-06T04:07:36.366+0200] {processor.py:176} INFO - Processing /Users/mnagy99/airflow/dags/lesson2_exercises/exercise1.py took 1.284 seconds
[2022-11-06T04:12:04.359+0200] {processor.py:154} INFO - Started process (PID=10168) to work on /Users/mnagy99/airflow/dags/lesson2_exercises/exercise1.py
[2022-11-06T04:12:04.361+0200] {processor.py:756} INFO - Processing file /Users/mnagy99/airflow/dags/lesson2_exercises/exercise1.py for tasks to queue
[2022-11-06T04:12:04.362+0200] {logging_mixin.py:120} INFO - [2022-11-06T04:12:04.362+0200] {dagbag.py:537} INFO - Filling up the DagBag from /Users/mnagy99/airflow/dags/lesson2_exercises/exercise1.py
[2022-11-06T04:12:05.129+0200] {processor.py:766} INFO - DAG(s) dict_keys(['lesson2.exercise1']) retrieved from /Users/mnagy99/airflow/dags/lesson2_exercises/exercise1.py
[2022-11-06T04:12:05.495+0200] {logging_mixin.py:120} INFO - [2022-11-06T04:12:05.495+0200] {dag.py:2585} INFO - Sync 1 DAGs
[2022-11-06T04:12:05.509+0200] {logging_mixin.py:120} INFO - [2022-11-06T04:12:05.509+0200] {dag.py:3336} INFO - Setting next_dagrun for lesson2.exercise1 to 2022-11-06T04:12:05.121110+00:00, run_after=2022-11-07T04:12:05.121110+00:00
[2022-11-06T04:12:05.526+0200] {processor.py:176} INFO - Processing /Users/mnagy99/airflow/dags/lesson2_exercises/exercise1.py took 1.168 seconds
[2022-11-06T04:16:11.009+0200] {processor.py:154} INFO - Started process (PID=10429) to work on /Users/mnagy99/airflow/dags/lesson2_exercises/exercise1.py
[2022-11-06T04:16:11.011+0200] {processor.py:756} INFO - Processing file /Users/mnagy99/airflow/dags/lesson2_exercises/exercise1.py for tasks to queue
[2022-11-06T04:16:11.011+0200] {logging_mixin.py:120} INFO - [2022-11-06T04:16:11.011+0200] {dagbag.py:537} INFO - Filling up the DagBag from /Users/mnagy99/airflow/dags/lesson2_exercises/exercise1.py
[2022-11-06T04:16:12.055+0200] {processor.py:766} INFO - DAG(s) dict_keys(['lesson2.exercise1']) retrieved from /Users/mnagy99/airflow/dags/lesson2_exercises/exercise1.py
[2022-11-06T04:16:12.449+0200] {logging_mixin.py:120} INFO - [2022-11-06T04:16:12.448+0200] {dag.py:2585} INFO - Sync 1 DAGs
[2022-11-06T04:16:12.463+0200] {logging_mixin.py:120} INFO - [2022-11-06T04:16:12.463+0200] {dag.py:3336} INFO - Setting next_dagrun for lesson2.exercise1 to 2022-11-06T04:16:12.046646+00:00, run_after=2022-11-07T04:16:12.046646+00:00
[2022-11-06T04:16:12.481+0200] {processor.py:176} INFO - Processing /Users/mnagy99/airflow/dags/lesson2_exercises/exercise1.py took 1.473 seconds
[2022-11-06T04:18:44.128+0200] {processor.py:154} INFO - Started process (PID=10573) to work on /Users/mnagy99/airflow/dags/lesson2_exercises/exercise1.py
[2022-11-06T04:18:44.179+0200] {processor.py:756} INFO - Processing file /Users/mnagy99/airflow/dags/lesson2_exercises/exercise1.py for tasks to queue
[2022-11-06T04:18:44.180+0200] {logging_mixin.py:120} INFO - [2022-11-06T04:18:44.180+0200] {dagbag.py:537} INFO - Filling up the DagBag from /Users/mnagy99/airflow/dags/lesson2_exercises/exercise1.py
[2022-11-06T04:18:44.995+0200] {processor.py:766} INFO - DAG(s) dict_keys(['lesson2.exercise1']) retrieved from /Users/mnagy99/airflow/dags/lesson2_exercises/exercise1.py
[2022-11-06T04:18:45.440+0200] {logging_mixin.py:120} INFO - [2022-11-06T04:18:45.439+0200] {dag.py:2585} INFO - Sync 1 DAGs
[2022-11-06T04:18:45.458+0200] {logging_mixin.py:120} INFO - [2022-11-06T04:18:45.458+0200] {dag.py:3336} INFO - Setting next_dagrun for lesson2.exercise1 to 2022-11-06T04:18:44.987013+00:00, run_after=2022-11-07T04:18:44.987013+00:00
[2022-11-06T04:18:45.474+0200] {processor.py:176} INFO - Processing /Users/mnagy99/airflow/dags/lesson2_exercises/exercise1.py took 1.347 seconds
