[2022-11-06T02:01:15.009+0200] {processor.py:154} INFO - Started process (PID=1728) to work on /Users/mnagy99/airflow/dags/lesson2_exercises/exercise2.py
[2022-11-06T02:01:15.010+0200] {processor.py:756} INFO - Processing file /Users/mnagy99/airflow/dags/lesson2_exercises/exercise2.py for tasks to queue
[2022-11-06T02:01:15.010+0200] {logging_mixin.py:120} INFO - [2022-11-06T02:01:15.010+0200] {dagbag.py:537} INFO - Filling up the DagBag from /Users/mnagy99/airflow/dags/lesson2_exercises/exercise2.py
[2022-11-06T02:01:15.967+0200] {processor.py:766} INFO - DAG(s) dict_keys(['lesson2.exercise2']) retrieved from /Users/mnagy99/airflow/dags/lesson2_exercises/exercise2.py
[2022-11-06T02:01:16.396+0200] {logging_mixin.py:120} INFO - [2022-11-06T02:01:16.396+0200] {dag.py:2585} INFO - Sync 1 DAGs
[2022-11-06T02:01:16.410+0200] {logging_mixin.py:120} INFO - [2022-11-06T02:01:16.410+0200] {dag.py:3336} INFO - Setting next_dagrun for lesson2.exercise2 to 2018-01-01T00:00:00+00:00, run_after=2018-01-02T00:00:00+00:00
[2022-11-06T02:01:16.430+0200] {processor.py:176} INFO - Processing /Users/mnagy99/airflow/dags/lesson2_exercises/exercise2.py took 1.421 seconds
[2022-11-06T02:05:50.714+0200] {processor.py:154} INFO - Started process (PID=2250) to work on /Users/mnagy99/airflow/dags/lesson2_exercises/exercise2.py
[2022-11-06T02:05:50.717+0200] {processor.py:756} INFO - Processing file /Users/mnagy99/airflow/dags/lesson2_exercises/exercise2.py for tasks to queue
[2022-11-06T02:05:50.717+0200] {logging_mixin.py:120} INFO - [2022-11-06T02:05:50.717+0200] {dagbag.py:537} INFO - Filling up the DagBag from /Users/mnagy99/airflow/dags/lesson2_exercises/exercise2.py
[2022-11-06T02:05:51.605+0200] {processor.py:766} INFO - DAG(s) dict_keys(['lesson2.exercise2']) retrieved from /Users/mnagy99/airflow/dags/lesson2_exercises/exercise2.py
[2022-11-06T02:05:52.066+0200] {logging_mixin.py:120} INFO - [2022-11-06T02:05:52.065+0200] {dag.py:2585} INFO - Sync 1 DAGs
[2022-11-06T02:05:52.090+0200] {logging_mixin.py:120} INFO - [2022-11-06T02:05:52.090+0200] {dag.py:3336} INFO - Setting next_dagrun for lesson2.exercise2 to 2018-01-01T00:00:00+00:00, run_after=2018-01-02T00:00:00+00:00
[2022-11-06T02:05:52.107+0200] {processor.py:176} INFO - Processing /Users/mnagy99/airflow/dags/lesson2_exercises/exercise2.py took 1.394 seconds
[2022-11-06T02:10:27.568+0200] {processor.py:154} INFO - Started process (PID=2504) to work on /Users/mnagy99/airflow/dags/lesson2_exercises/exercise2.py
[2022-11-06T02:10:27.570+0200] {processor.py:756} INFO - Processing file /Users/mnagy99/airflow/dags/lesson2_exercises/exercise2.py for tasks to queue
[2022-11-06T02:10:27.571+0200] {logging_mixin.py:120} INFO - [2022-11-06T02:10:27.571+0200] {dagbag.py:537} INFO - Filling up the DagBag from /Users/mnagy99/airflow/dags/lesson2_exercises/exercise2.py
[2022-11-06T02:10:28.424+0200] {processor.py:766} INFO - DAG(s) dict_keys(['lesson2.exercise2']) retrieved from /Users/mnagy99/airflow/dags/lesson2_exercises/exercise2.py
[2022-11-06T02:10:28.797+0200] {logging_mixin.py:120} INFO - [2022-11-06T02:10:28.797+0200] {dag.py:2585} INFO - Sync 1 DAGs
[2022-11-06T02:10:28.811+0200] {logging_mixin.py:120} INFO - [2022-11-06T02:10:28.811+0200] {dag.py:3336} INFO - Setting next_dagrun for lesson2.exercise2 to 2018-01-01T00:00:00+00:00, run_after=2018-01-02T00:00:00+00:00
[2022-11-06T02:10:28.830+0200] {processor.py:176} INFO - Processing /Users/mnagy99/airflow/dags/lesson2_exercises/exercise2.py took 1.263 seconds
[2022-11-06T02:14:55.259+0200] {processor.py:154} INFO - Started process (PID=2811) to work on /Users/mnagy99/airflow/dags/lesson2_exercises/exercise2.py
[2022-11-06T02:14:55.261+0200] {processor.py:756} INFO - Processing file /Users/mnagy99/airflow/dags/lesson2_exercises/exercise2.py for tasks to queue
[2022-11-06T02:14:55.261+0200] {logging_mixin.py:120} INFO - [2022-11-06T02:14:55.261+0200] {dagbag.py:537} INFO - Filling up the DagBag from /Users/mnagy99/airflow/dags/lesson2_exercises/exercise2.py
[2022-11-06T02:14:56.463+0200] {processor.py:766} INFO - DAG(s) dict_keys(['lesson2.exercise2']) retrieved from /Users/mnagy99/airflow/dags/lesson2_exercises/exercise2.py
[2022-11-06T02:14:57.356+0200] {logging_mixin.py:120} INFO - [2022-11-06T02:14:57.356+0200] {dag.py:2585} INFO - Sync 1 DAGs
[2022-11-06T02:14:57.408+0200] {logging_mixin.py:120} INFO - [2022-11-06T02:14:57.408+0200] {dag.py:3336} INFO - Setting next_dagrun for lesson2.exercise2 to 2018-01-01T00:00:00+00:00, run_after=2018-01-02T00:00:00+00:00
[2022-11-06T02:14:57.442+0200] {processor.py:176} INFO - Processing /Users/mnagy99/airflow/dags/lesson2_exercises/exercise2.py took 2.184 seconds
[2022-11-06T02:19:24.300+0200] {processor.py:154} INFO - Started process (PID=3111) to work on /Users/mnagy99/airflow/dags/lesson2_exercises/exercise2.py
[2022-11-06T02:19:24.302+0200] {processor.py:756} INFO - Processing file /Users/mnagy99/airflow/dags/lesson2_exercises/exercise2.py for tasks to queue
[2022-11-06T02:19:24.303+0200] {logging_mixin.py:120} INFO - [2022-11-06T02:19:24.303+0200] {dagbag.py:537} INFO - Filling up the DagBag from /Users/mnagy99/airflow/dags/lesson2_exercises/exercise2.py
[2022-11-06T02:19:25.092+0200] {processor.py:766} INFO - DAG(s) dict_keys(['lesson2.exercise2']) retrieved from /Users/mnagy99/airflow/dags/lesson2_exercises/exercise2.py
[2022-11-06T02:19:25.464+0200] {logging_mixin.py:120} INFO - [2022-11-06T02:19:25.463+0200] {dag.py:2585} INFO - Sync 1 DAGs
[2022-11-06T02:19:25.479+0200] {logging_mixin.py:120} INFO - [2022-11-06T02:19:25.479+0200] {dag.py:3336} INFO - Setting next_dagrun for lesson2.exercise2 to 2018-01-01T00:00:00+00:00, run_after=2018-01-02T00:00:00+00:00
[2022-11-06T02:19:25.499+0200] {processor.py:176} INFO - Processing /Users/mnagy99/airflow/dags/lesson2_exercises/exercise2.py took 1.201 seconds
[2022-11-06T02:23:42.759+0200] {processor.py:154} INFO - Started process (PID=3380) to work on /Users/mnagy99/airflow/dags/lesson2_exercises/exercise2.py
[2022-11-06T02:23:42.761+0200] {processor.py:756} INFO - Processing file /Users/mnagy99/airflow/dags/lesson2_exercises/exercise2.py for tasks to queue
[2022-11-06T02:23:42.763+0200] {logging_mixin.py:120} INFO - [2022-11-06T02:23:42.762+0200] {dagbag.py:537} INFO - Filling up the DagBag from /Users/mnagy99/airflow/dags/lesson2_exercises/exercise2.py
[2022-11-06T02:23:43.601+0200] {processor.py:766} INFO - DAG(s) dict_keys(['lesson2.exercise2']) retrieved from /Users/mnagy99/airflow/dags/lesson2_exercises/exercise2.py
[2022-11-06T02:23:44.011+0200] {logging_mixin.py:120} INFO - [2022-11-06T02:23:44.010+0200] {dag.py:2585} INFO - Sync 1 DAGs
[2022-11-06T02:23:44.027+0200] {logging_mixin.py:120} INFO - [2022-11-06T02:23:44.027+0200] {dag.py:3336} INFO - Setting next_dagrun for lesson2.exercise2 to 2018-01-01T00:00:00+00:00, run_after=2018-01-02T00:00:00+00:00
[2022-11-06T02:23:44.048+0200] {processor.py:176} INFO - Processing /Users/mnagy99/airflow/dags/lesson2_exercises/exercise2.py took 1.290 seconds
[2022-11-06T02:28:11.409+0200] {processor.py:154} INFO - Started process (PID=3663) to work on /Users/mnagy99/airflow/dags/lesson2_exercises/exercise2.py
[2022-11-06T02:28:11.411+0200] {processor.py:756} INFO - Processing file /Users/mnagy99/airflow/dags/lesson2_exercises/exercise2.py for tasks to queue
[2022-11-06T02:28:11.412+0200] {logging_mixin.py:120} INFO - [2022-11-06T02:28:11.412+0200] {dagbag.py:537} INFO - Filling up the DagBag from /Users/mnagy99/airflow/dags/lesson2_exercises/exercise2.py
[2022-11-06T02:28:12.325+0200] {processor.py:766} INFO - DAG(s) dict_keys(['lesson2.exercise2']) retrieved from /Users/mnagy99/airflow/dags/lesson2_exercises/exercise2.py
[2022-11-06T02:28:12.705+0200] {logging_mixin.py:120} INFO - [2022-11-06T02:28:12.705+0200] {dag.py:2585} INFO - Sync 1 DAGs
[2022-11-06T02:28:12.719+0200] {logging_mixin.py:120} INFO - [2022-11-06T02:28:12.719+0200] {dag.py:3336} INFO - Setting next_dagrun for lesson2.exercise2 to 2018-01-01T00:00:00+00:00, run_after=2018-01-02T00:00:00+00:00
[2022-11-06T02:28:12.739+0200] {processor.py:176} INFO - Processing /Users/mnagy99/airflow/dags/lesson2_exercises/exercise2.py took 1.331 seconds
[2022-11-06T02:32:35.677+0200] {processor.py:154} INFO - Started process (PID=3960) to work on /Users/mnagy99/airflow/dags/lesson2_exercises/exercise2.py
[2022-11-06T02:32:35.678+0200] {processor.py:756} INFO - Processing file /Users/mnagy99/airflow/dags/lesson2_exercises/exercise2.py for tasks to queue
[2022-11-06T02:32:35.679+0200] {logging_mixin.py:120} INFO - [2022-11-06T02:32:35.679+0200] {dagbag.py:537} INFO - Filling up the DagBag from /Users/mnagy99/airflow/dags/lesson2_exercises/exercise2.py
[2022-11-06T02:32:36.487+0200] {processor.py:766} INFO - DAG(s) dict_keys(['lesson2.exercise2']) retrieved from /Users/mnagy99/airflow/dags/lesson2_exercises/exercise2.py
[2022-11-06T02:32:36.865+0200] {logging_mixin.py:120} INFO - [2022-11-06T02:32:36.864+0200] {dag.py:2585} INFO - Sync 1 DAGs
[2022-11-06T02:32:36.879+0200] {logging_mixin.py:120} INFO - [2022-11-06T02:32:36.878+0200] {dag.py:3336} INFO - Setting next_dagrun for lesson2.exercise2 to 2018-01-01T00:00:00+00:00, run_after=2018-01-02T00:00:00+00:00
[2022-11-06T02:32:36.897+0200] {processor.py:176} INFO - Processing /Users/mnagy99/airflow/dags/lesson2_exercises/exercise2.py took 1.221 seconds
[2022-11-06T02:36:53.092+0200] {processor.py:154} INFO - Started process (PID=4249) to work on /Users/mnagy99/airflow/dags/lesson2_exercises/exercise2.py
[2022-11-06T02:36:53.095+0200] {processor.py:756} INFO - Processing file /Users/mnagy99/airflow/dags/lesson2_exercises/exercise2.py for tasks to queue
[2022-11-06T02:36:53.095+0200] {logging_mixin.py:120} INFO - [2022-11-06T02:36:53.095+0200] {dagbag.py:537} INFO - Filling up the DagBag from /Users/mnagy99/airflow/dags/lesson2_exercises/exercise2.py
[2022-11-06T02:36:53.921+0200] {processor.py:766} INFO - DAG(s) dict_keys(['lesson2.exercise2']) retrieved from /Users/mnagy99/airflow/dags/lesson2_exercises/exercise2.py
[2022-11-06T02:36:54.315+0200] {logging_mixin.py:120} INFO - [2022-11-06T02:36:54.315+0200] {dag.py:2585} INFO - Sync 1 DAGs
[2022-11-06T02:36:54.328+0200] {logging_mixin.py:120} INFO - [2022-11-06T02:36:54.328+0200] {dag.py:3336} INFO - Setting next_dagrun for lesson2.exercise2 to 2018-01-01T00:00:00+00:00, run_after=2018-01-02T00:00:00+00:00
[2022-11-06T02:36:54.348+0200] {processor.py:176} INFO - Processing /Users/mnagy99/airflow/dags/lesson2_exercises/exercise2.py took 1.256 seconds
[2022-11-06T02:41:27.440+0200] {processor.py:154} INFO - Started process (PID=4545) to work on /Users/mnagy99/airflow/dags/lesson2_exercises/exercise2.py
[2022-11-06T02:41:27.442+0200] {processor.py:756} INFO - Processing file /Users/mnagy99/airflow/dags/lesson2_exercises/exercise2.py for tasks to queue
[2022-11-06T02:41:27.442+0200] {logging_mixin.py:120} INFO - [2022-11-06T02:41:27.442+0200] {dagbag.py:537} INFO - Filling up the DagBag from /Users/mnagy99/airflow/dags/lesson2_exercises/exercise2.py
[2022-11-06T02:41:28.504+0200] {processor.py:766} INFO - DAG(s) dict_keys(['lesson2.exercise2']) retrieved from /Users/mnagy99/airflow/dags/lesson2_exercises/exercise2.py
[2022-11-06T02:41:28.999+0200] {logging_mixin.py:120} INFO - [2022-11-06T02:41:28.999+0200] {dag.py:2585} INFO - Sync 1 DAGs
[2022-11-06T02:41:29.015+0200] {logging_mixin.py:120} INFO - [2022-11-06T02:41:29.015+0200] {dag.py:3336} INFO - Setting next_dagrun for lesson2.exercise2 to 2018-01-01T00:00:00+00:00, run_after=2018-01-02T00:00:00+00:00
[2022-11-06T02:41:29.034+0200] {processor.py:176} INFO - Processing /Users/mnagy99/airflow/dags/lesson2_exercises/exercise2.py took 1.595 seconds
[2022-11-06T02:46:08.993+0200] {processor.py:154} INFO - Started process (PID=4822) to work on /Users/mnagy99/airflow/dags/lesson2_exercises/exercise2.py
[2022-11-06T02:46:08.995+0200] {processor.py:756} INFO - Processing file /Users/mnagy99/airflow/dags/lesson2_exercises/exercise2.py for tasks to queue
[2022-11-06T02:46:08.996+0200] {logging_mixin.py:120} INFO - [2022-11-06T02:46:08.996+0200] {dagbag.py:537} INFO - Filling up the DagBag from /Users/mnagy99/airflow/dags/lesson2_exercises/exercise2.py
[2022-11-06T02:46:09.769+0200] {processor.py:766} INFO - DAG(s) dict_keys(['lesson2.exercise2']) retrieved from /Users/mnagy99/airflow/dags/lesson2_exercises/exercise2.py
[2022-11-06T02:46:10.138+0200] {logging_mixin.py:120} INFO - [2022-11-06T02:46:10.138+0200] {dag.py:2585} INFO - Sync 1 DAGs
[2022-11-06T02:46:10.152+0200] {logging_mixin.py:120} INFO - [2022-11-06T02:46:10.152+0200] {dag.py:3336} INFO - Setting next_dagrun for lesson2.exercise2 to 2018-01-01T00:00:00+00:00, run_after=2018-01-02T00:00:00+00:00
[2022-11-06T02:46:10.171+0200] {processor.py:176} INFO - Processing /Users/mnagy99/airflow/dags/lesson2_exercises/exercise2.py took 1.179 seconds
[2022-11-06T02:50:24.522+0200] {processor.py:154} INFO - Started process (PID=5077) to work on /Users/mnagy99/airflow/dags/lesson2_exercises/exercise2.py
[2022-11-06T02:50:24.525+0200] {processor.py:756} INFO - Processing file /Users/mnagy99/airflow/dags/lesson2_exercises/exercise2.py for tasks to queue
[2022-11-06T02:50:24.526+0200] {logging_mixin.py:120} INFO - [2022-11-06T02:50:24.526+0200] {dagbag.py:537} INFO - Filling up the DagBag from /Users/mnagy99/airflow/dags/lesson2_exercises/exercise2.py
[2022-11-06T02:50:25.350+0200] {processor.py:766} INFO - DAG(s) dict_keys(['lesson2.exercise2']) retrieved from /Users/mnagy99/airflow/dags/lesson2_exercises/exercise2.py
[2022-11-06T02:50:25.731+0200] {logging_mixin.py:120} INFO - [2022-11-06T02:50:25.731+0200] {dag.py:2585} INFO - Sync 1 DAGs
[2022-11-06T02:50:25.750+0200] {logging_mixin.py:120} INFO - [2022-11-06T02:50:25.750+0200] {dag.py:3336} INFO - Setting next_dagrun for lesson2.exercise2 to 2018-01-01T00:00:00+00:00, run_after=2018-01-02T00:00:00+00:00
[2022-11-06T02:50:25.771+0200] {processor.py:176} INFO - Processing /Users/mnagy99/airflow/dags/lesson2_exercises/exercise2.py took 1.249 seconds
[2022-11-06T02:54:37.534+0200] {processor.py:154} INFO - Started process (PID=5327) to work on /Users/mnagy99/airflow/dags/lesson2_exercises/exercise2.py
[2022-11-06T02:54:37.535+0200] {processor.py:756} INFO - Processing file /Users/mnagy99/airflow/dags/lesson2_exercises/exercise2.py for tasks to queue
[2022-11-06T02:54:37.536+0200] {logging_mixin.py:120} INFO - [2022-11-06T02:54:37.536+0200] {dagbag.py:537} INFO - Filling up the DagBag from /Users/mnagy99/airflow/dags/lesson2_exercises/exercise2.py
[2022-11-06T02:54:38.330+0200] {processor.py:766} INFO - DAG(s) dict_keys(['lesson2.exercise2']) retrieved from /Users/mnagy99/airflow/dags/lesson2_exercises/exercise2.py
[2022-11-06T02:54:38.704+0200] {logging_mixin.py:120} INFO - [2022-11-06T02:54:38.704+0200] {dag.py:2585} INFO - Sync 1 DAGs
[2022-11-06T02:54:38.718+0200] {logging_mixin.py:120} INFO - [2022-11-06T02:54:38.718+0200] {dag.py:3336} INFO - Setting next_dagrun for lesson2.exercise2 to 2018-01-01T00:00:00+00:00, run_after=2018-01-02T00:00:00+00:00
[2022-11-06T02:54:38.740+0200] {processor.py:176} INFO - Processing /Users/mnagy99/airflow/dags/lesson2_exercises/exercise2.py took 1.207 seconds
[2022-11-06T02:59:11.517+0200] {processor.py:154} INFO - Started process (PID=5607) to work on /Users/mnagy99/airflow/dags/lesson2_exercises/exercise2.py
[2022-11-06T02:59:11.519+0200] {processor.py:756} INFO - Processing file /Users/mnagy99/airflow/dags/lesson2_exercises/exercise2.py for tasks to queue
[2022-11-06T02:59:11.520+0200] {logging_mixin.py:120} INFO - [2022-11-06T02:59:11.520+0200] {dagbag.py:537} INFO - Filling up the DagBag from /Users/mnagy99/airflow/dags/lesson2_exercises/exercise2.py
[2022-11-06T02:59:12.342+0200] {processor.py:766} INFO - DAG(s) dict_keys(['lesson2.exercise2']) retrieved from /Users/mnagy99/airflow/dags/lesson2_exercises/exercise2.py
[2022-11-06T02:59:12.742+0200] {logging_mixin.py:120} INFO - [2022-11-06T02:59:12.742+0200] {dag.py:2585} INFO - Sync 1 DAGs
[2022-11-06T02:59:12.757+0200] {logging_mixin.py:120} INFO - [2022-11-06T02:59:12.757+0200] {dag.py:3336} INFO - Setting next_dagrun for lesson2.exercise2 to 2018-01-01T00:00:00+00:00, run_after=2018-01-02T00:00:00+00:00
[2022-11-06T02:59:12.773+0200] {processor.py:176} INFO - Processing /Users/mnagy99/airflow/dags/lesson2_exercises/exercise2.py took 1.256 seconds
[2022-11-06T03:04:11.168+0200] {processor.py:154} INFO - Started process (PID=5883) to work on /Users/mnagy99/airflow/dags/lesson2_exercises/exercise2.py
[2022-11-06T03:04:11.171+0200] {processor.py:756} INFO - Processing file /Users/mnagy99/airflow/dags/lesson2_exercises/exercise2.py for tasks to queue
[2022-11-06T03:04:11.172+0200] {logging_mixin.py:120} INFO - [2022-11-06T03:04:11.171+0200] {dagbag.py:537} INFO - Filling up the DagBag from /Users/mnagy99/airflow/dags/lesson2_exercises/exercise2.py
[2022-11-06T03:04:11.941+0200] {processor.py:766} INFO - DAG(s) dict_keys(['lesson2.exercise2']) retrieved from /Users/mnagy99/airflow/dags/lesson2_exercises/exercise2.py
[2022-11-06T03:04:12.307+0200] {logging_mixin.py:120} INFO - [2022-11-06T03:04:12.307+0200] {dag.py:2585} INFO - Sync 1 DAGs
[2022-11-06T03:04:12.321+0200] {logging_mixin.py:120} INFO - [2022-11-06T03:04:12.321+0200] {dag.py:3336} INFO - Setting next_dagrun for lesson2.exercise2 to 2018-01-01T00:00:00+00:00, run_after=2018-01-02T00:00:00+00:00
[2022-11-06T03:04:12.338+0200] {processor.py:176} INFO - Processing /Users/mnagy99/airflow/dags/lesson2_exercises/exercise2.py took 1.171 seconds
[2022-11-06T03:08:35.056+0200] {processor.py:154} INFO - Started process (PID=6141) to work on /Users/mnagy99/airflow/dags/lesson2_exercises/exercise2.py
[2022-11-06T03:08:35.058+0200] {processor.py:756} INFO - Processing file /Users/mnagy99/airflow/dags/lesson2_exercises/exercise2.py for tasks to queue
[2022-11-06T03:08:35.059+0200] {logging_mixin.py:120} INFO - [2022-11-06T03:08:35.059+0200] {dagbag.py:537} INFO - Filling up the DagBag from /Users/mnagy99/airflow/dags/lesson2_exercises/exercise2.py
[2022-11-06T03:08:35.896+0200] {processor.py:766} INFO - DAG(s) dict_keys(['lesson2.exercise2']) retrieved from /Users/mnagy99/airflow/dags/lesson2_exercises/exercise2.py
[2022-11-06T03:08:36.284+0200] {logging_mixin.py:120} INFO - [2022-11-06T03:08:36.283+0200] {dag.py:2585} INFO - Sync 1 DAGs
[2022-11-06T03:08:36.298+0200] {logging_mixin.py:120} INFO - [2022-11-06T03:08:36.298+0200] {dag.py:3336} INFO - Setting next_dagrun for lesson2.exercise2 to 2018-01-01T00:00:00+00:00, run_after=2018-01-02T00:00:00+00:00
[2022-11-06T03:08:36.316+0200] {processor.py:176} INFO - Processing /Users/mnagy99/airflow/dags/lesson2_exercises/exercise2.py took 1.261 seconds
[2022-11-06T03:12:47.034+0200] {processor.py:154} INFO - Started process (PID=6409) to work on /Users/mnagy99/airflow/dags/lesson2_exercises/exercise2.py
[2022-11-06T03:12:47.035+0200] {processor.py:756} INFO - Processing file /Users/mnagy99/airflow/dags/lesson2_exercises/exercise2.py for tasks to queue
[2022-11-06T03:12:47.036+0200] {logging_mixin.py:120} INFO - [2022-11-06T03:12:47.036+0200] {dagbag.py:537} INFO - Filling up the DagBag from /Users/mnagy99/airflow/dags/lesson2_exercises/exercise2.py
[2022-11-06T03:12:47.902+0200] {processor.py:766} INFO - DAG(s) dict_keys(['lesson2.exercise2']) retrieved from /Users/mnagy99/airflow/dags/lesson2_exercises/exercise2.py
[2022-11-06T03:12:48.282+0200] {logging_mixin.py:120} INFO - [2022-11-06T03:12:48.281+0200] {dag.py:2585} INFO - Sync 1 DAGs
[2022-11-06T03:12:48.296+0200] {logging_mixin.py:120} INFO - [2022-11-06T03:12:48.296+0200] {dag.py:3336} INFO - Setting next_dagrun for lesson2.exercise2 to 2018-01-01T00:00:00+00:00, run_after=2018-01-02T00:00:00+00:00
[2022-11-06T03:12:48.313+0200] {processor.py:176} INFO - Processing /Users/mnagy99/airflow/dags/lesson2_exercises/exercise2.py took 1.280 seconds
[2022-11-06T03:16:48.786+0200] {processor.py:154} INFO - Started process (PID=6665) to work on /Users/mnagy99/airflow/dags/lesson2_exercises/exercise2.py
[2022-11-06T03:16:48.787+0200] {processor.py:756} INFO - Processing file /Users/mnagy99/airflow/dags/lesson2_exercises/exercise2.py for tasks to queue
[2022-11-06T03:16:48.787+0200] {logging_mixin.py:120} INFO - [2022-11-06T03:16:48.787+0200] {dagbag.py:537} INFO - Filling up the DagBag from /Users/mnagy99/airflow/dags/lesson2_exercises/exercise2.py
[2022-11-06T03:16:49.570+0200] {processor.py:766} INFO - DAG(s) dict_keys(['lesson2.exercise2']) retrieved from /Users/mnagy99/airflow/dags/lesson2_exercises/exercise2.py
[2022-11-06T03:16:49.940+0200] {logging_mixin.py:120} INFO - [2022-11-06T03:16:49.940+0200] {dag.py:2585} INFO - Sync 1 DAGs
[2022-11-06T03:16:49.955+0200] {logging_mixin.py:120} INFO - [2022-11-06T03:16:49.954+0200] {dag.py:3336} INFO - Setting next_dagrun for lesson2.exercise2 to 2018-01-01T00:00:00+00:00, run_after=2018-01-02T00:00:00+00:00
[2022-11-06T03:16:49.972+0200] {processor.py:176} INFO - Processing /Users/mnagy99/airflow/dags/lesson2_exercises/exercise2.py took 1.187 seconds
[2022-11-06T03:20:43.604+0200] {processor.py:154} INFO - Started process (PID=6920) to work on /Users/mnagy99/airflow/dags/lesson2_exercises/exercise2.py
[2022-11-06T03:20:43.605+0200] {processor.py:756} INFO - Processing file /Users/mnagy99/airflow/dags/lesson2_exercises/exercise2.py for tasks to queue
[2022-11-06T03:20:43.605+0200] {logging_mixin.py:120} INFO - [2022-11-06T03:20:43.605+0200] {dagbag.py:537} INFO - Filling up the DagBag from /Users/mnagy99/airflow/dags/lesson2_exercises/exercise2.py
[2022-11-06T03:20:44.431+0200] {processor.py:766} INFO - DAG(s) dict_keys(['lesson2.exercise2']) retrieved from /Users/mnagy99/airflow/dags/lesson2_exercises/exercise2.py
[2022-11-06T03:20:44.809+0200] {logging_mixin.py:120} INFO - [2022-11-06T03:20:44.809+0200] {dag.py:2585} INFO - Sync 1 DAGs
[2022-11-06T03:20:44.824+0200] {logging_mixin.py:120} INFO - [2022-11-06T03:20:44.824+0200] {dag.py:3336} INFO - Setting next_dagrun for lesson2.exercise2 to 2018-01-01T00:00:00+00:00, run_after=2018-01-02T00:00:00+00:00
[2022-11-06T03:20:44.846+0200] {processor.py:176} INFO - Processing /Users/mnagy99/airflow/dags/lesson2_exercises/exercise2.py took 1.243 seconds
[2022-11-06T03:24:44.864+0200] {processor.py:154} INFO - Started process (PID=7170) to work on /Users/mnagy99/airflow/dags/lesson2_exercises/exercise2.py
[2022-11-06T03:24:44.867+0200] {processor.py:756} INFO - Processing file /Users/mnagy99/airflow/dags/lesson2_exercises/exercise2.py for tasks to queue
[2022-11-06T03:24:44.867+0200] {logging_mixin.py:120} INFO - [2022-11-06T03:24:44.867+0200] {dagbag.py:537} INFO - Filling up the DagBag from /Users/mnagy99/airflow/dags/lesson2_exercises/exercise2.py
[2022-11-06T03:24:45.655+0200] {processor.py:766} INFO - DAG(s) dict_keys(['lesson2.exercise2']) retrieved from /Users/mnagy99/airflow/dags/lesson2_exercises/exercise2.py
[2022-11-06T03:24:46.028+0200] {logging_mixin.py:120} INFO - [2022-11-06T03:24:46.028+0200] {dag.py:2585} INFO - Sync 1 DAGs
[2022-11-06T03:24:46.043+0200] {logging_mixin.py:120} INFO - [2022-11-06T03:24:46.043+0200] {dag.py:3336} INFO - Setting next_dagrun for lesson2.exercise2 to 2018-01-01T00:00:00+00:00, run_after=2018-01-02T00:00:00+00:00
[2022-11-06T03:24:46.064+0200] {processor.py:176} INFO - Processing /Users/mnagy99/airflow/dags/lesson2_exercises/exercise2.py took 1.200 seconds
[2022-11-06T03:28:47.992+0200] {processor.py:154} INFO - Started process (PID=7442) to work on /Users/mnagy99/airflow/dags/lesson2_exercises/exercise2.py
[2022-11-06T03:28:47.995+0200] {processor.py:756} INFO - Processing file /Users/mnagy99/airflow/dags/lesson2_exercises/exercise2.py for tasks to queue
[2022-11-06T03:28:47.995+0200] {logging_mixin.py:120} INFO - [2022-11-06T03:28:47.995+0200] {dagbag.py:537} INFO - Filling up the DagBag from /Users/mnagy99/airflow/dags/lesson2_exercises/exercise2.py
[2022-11-06T03:28:48.762+0200] {processor.py:766} INFO - DAG(s) dict_keys(['lesson2.exercise2']) retrieved from /Users/mnagy99/airflow/dags/lesson2_exercises/exercise2.py
[2022-11-06T03:28:49.140+0200] {logging_mixin.py:120} INFO - [2022-11-06T03:28:49.140+0200] {dag.py:2585} INFO - Sync 1 DAGs
[2022-11-06T03:28:49.156+0200] {logging_mixin.py:120} INFO - [2022-11-06T03:28:49.156+0200] {dag.py:3336} INFO - Setting next_dagrun for lesson2.exercise2 to 2018-01-01T00:00:00+00:00, run_after=2018-01-02T00:00:00+00:00
[2022-11-06T03:28:49.175+0200] {processor.py:176} INFO - Processing /Users/mnagy99/airflow/dags/lesson2_exercises/exercise2.py took 1.184 seconds
[2022-11-06T03:32:48.406+0200] {processor.py:154} INFO - Started process (PID=7693) to work on /Users/mnagy99/airflow/dags/lesson2_exercises/exercise2.py
[2022-11-06T03:32:48.408+0200] {processor.py:756} INFO - Processing file /Users/mnagy99/airflow/dags/lesson2_exercises/exercise2.py for tasks to queue
[2022-11-06T03:32:48.409+0200] {logging_mixin.py:120} INFO - [2022-11-06T03:32:48.409+0200] {dagbag.py:537} INFO - Filling up the DagBag from /Users/mnagy99/airflow/dags/lesson2_exercises/exercise2.py
[2022-11-06T03:32:49.239+0200] {processor.py:766} INFO - DAG(s) dict_keys(['lesson2.exercise2']) retrieved from /Users/mnagy99/airflow/dags/lesson2_exercises/exercise2.py
[2022-11-06T03:32:49.644+0200] {logging_mixin.py:120} INFO - [2022-11-06T03:32:49.643+0200] {dag.py:2585} INFO - Sync 1 DAGs
[2022-11-06T03:32:49.659+0200] {logging_mixin.py:120} INFO - [2022-11-06T03:32:49.659+0200] {dag.py:3336} INFO - Setting next_dagrun for lesson2.exercise2 to 2018-01-01T00:00:00+00:00, run_after=2018-01-02T00:00:00+00:00
[2022-11-06T03:32:49.677+0200] {processor.py:176} INFO - Processing /Users/mnagy99/airflow/dags/lesson2_exercises/exercise2.py took 1.272 seconds
[2022-11-06T03:37:03.166+0200] {processor.py:154} INFO - Started process (PID=8003) to work on /Users/mnagy99/airflow/dags/lesson2_exercises/exercise2.py
[2022-11-06T03:37:03.168+0200] {processor.py:756} INFO - Processing file /Users/mnagy99/airflow/dags/lesson2_exercises/exercise2.py for tasks to queue
[2022-11-06T03:37:03.169+0200] {logging_mixin.py:120} INFO - [2022-11-06T03:37:03.169+0200] {dagbag.py:537} INFO - Filling up the DagBag from /Users/mnagy99/airflow/dags/lesson2_exercises/exercise2.py
[2022-11-06T03:37:04.063+0200] {processor.py:766} INFO - DAG(s) dict_keys(['lesson2.exercise2']) retrieved from /Users/mnagy99/airflow/dags/lesson2_exercises/exercise2.py
[2022-11-06T03:37:04.462+0200] {logging_mixin.py:120} INFO - [2022-11-06T03:37:04.461+0200] {dag.py:2585} INFO - Sync 1 DAGs
[2022-11-06T03:37:04.495+0200] {logging_mixin.py:120} INFO - [2022-11-06T03:37:04.495+0200] {dag.py:3336} INFO - Setting next_dagrun for lesson2.exercise2 to 2018-01-01T00:00:00+00:00, run_after=2018-01-02T00:00:00+00:00
[2022-11-06T03:37:04.535+0200] {processor.py:176} INFO - Processing /Users/mnagy99/airflow/dags/lesson2_exercises/exercise2.py took 1.370 seconds
[2022-11-06T03:41:04.750+0200] {processor.py:154} INFO - Started process (PID=8249) to work on /Users/mnagy99/airflow/dags/lesson2_exercises/exercise2.py
[2022-11-06T03:41:04.752+0200] {processor.py:756} INFO - Processing file /Users/mnagy99/airflow/dags/lesson2_exercises/exercise2.py for tasks to queue
[2022-11-06T03:41:04.753+0200] {logging_mixin.py:120} INFO - [2022-11-06T03:41:04.753+0200] {dagbag.py:537} INFO - Filling up the DagBag from /Users/mnagy99/airflow/dags/lesson2_exercises/exercise2.py
[2022-11-06T03:41:05.732+0200] {processor.py:766} INFO - DAG(s) dict_keys(['lesson2.exercise2']) retrieved from /Users/mnagy99/airflow/dags/lesson2_exercises/exercise2.py
[2022-11-06T03:41:06.150+0200] {logging_mixin.py:120} INFO - [2022-11-06T03:41:06.150+0200] {dag.py:2585} INFO - Sync 1 DAGs
[2022-11-06T03:41:06.166+0200] {logging_mixin.py:120} INFO - [2022-11-06T03:41:06.166+0200] {dag.py:3336} INFO - Setting next_dagrun for lesson2.exercise2 to 2018-01-01T00:00:00+00:00, run_after=2018-01-02T00:00:00+00:00
[2022-11-06T03:41:06.185+0200] {processor.py:176} INFO - Processing /Users/mnagy99/airflow/dags/lesson2_exercises/exercise2.py took 1.436 seconds
[2022-11-06T03:45:06.223+0200] {processor.py:154} INFO - Started process (PID=8508) to work on /Users/mnagy99/airflow/dags/lesson2_exercises/exercise2.py
[2022-11-06T03:45:06.226+0200] {processor.py:756} INFO - Processing file /Users/mnagy99/airflow/dags/lesson2_exercises/exercise2.py for tasks to queue
[2022-11-06T03:45:06.227+0200] {logging_mixin.py:120} INFO - [2022-11-06T03:45:06.226+0200] {dagbag.py:537} INFO - Filling up the DagBag from /Users/mnagy99/airflow/dags/lesson2_exercises/exercise2.py
[2022-11-06T03:45:07.010+0200] {processor.py:766} INFO - DAG(s) dict_keys(['lesson2.exercise2']) retrieved from /Users/mnagy99/airflow/dags/lesson2_exercises/exercise2.py
[2022-11-06T03:45:07.411+0200] {logging_mixin.py:120} INFO - [2022-11-06T03:45:07.411+0200] {dag.py:2585} INFO - Sync 1 DAGs
[2022-11-06T03:45:07.425+0200] {logging_mixin.py:120} INFO - [2022-11-06T03:45:07.425+0200] {dag.py:3336} INFO - Setting next_dagrun for lesson2.exercise2 to 2018-01-01T00:00:00+00:00, run_after=2018-01-02T00:00:00+00:00
[2022-11-06T03:45:07.443+0200] {processor.py:176} INFO - Processing /Users/mnagy99/airflow/dags/lesson2_exercises/exercise2.py took 1.221 seconds
[2022-11-06T03:49:16.801+0200] {processor.py:154} INFO - Started process (PID=8757) to work on /Users/mnagy99/airflow/dags/lesson2_exercises/exercise2.py
[2022-11-06T03:49:16.804+0200] {processor.py:756} INFO - Processing file /Users/mnagy99/airflow/dags/lesson2_exercises/exercise2.py for tasks to queue
[2022-11-06T03:49:16.805+0200] {logging_mixin.py:120} INFO - [2022-11-06T03:49:16.804+0200] {dagbag.py:537} INFO - Filling up the DagBag from /Users/mnagy99/airflow/dags/lesson2_exercises/exercise2.py
[2022-11-06T03:49:17.662+0200] {processor.py:766} INFO - DAG(s) dict_keys(['lesson2.exercise2']) retrieved from /Users/mnagy99/airflow/dags/lesson2_exercises/exercise2.py
[2022-11-06T03:49:18.309+0200] {logging_mixin.py:120} INFO - [2022-11-06T03:49:18.308+0200] {dag.py:2585} INFO - Sync 1 DAGs
[2022-11-06T03:49:18.326+0200] {logging_mixin.py:120} INFO - [2022-11-06T03:49:18.326+0200] {dag.py:3336} INFO - Setting next_dagrun for lesson2.exercise2 to 2018-01-01T00:00:00+00:00, run_after=2018-01-02T00:00:00+00:00
[2022-11-06T03:49:18.350+0200] {processor.py:176} INFO - Processing /Users/mnagy99/airflow/dags/lesson2_exercises/exercise2.py took 1.549 seconds
[2022-11-06T03:53:29.637+0200] {processor.py:154} INFO - Started process (PID=9021) to work on /Users/mnagy99/airflow/dags/lesson2_exercises/exercise2.py
[2022-11-06T03:53:29.638+0200] {processor.py:756} INFO - Processing file /Users/mnagy99/airflow/dags/lesson2_exercises/exercise2.py for tasks to queue
[2022-11-06T03:53:29.638+0200] {logging_mixin.py:120} INFO - [2022-11-06T03:53:29.638+0200] {dagbag.py:537} INFO - Filling up the DagBag from /Users/mnagy99/airflow/dags/lesson2_exercises/exercise2.py
[2022-11-06T03:53:30.447+0200] {processor.py:766} INFO - DAG(s) dict_keys(['lesson2.exercise2']) retrieved from /Users/mnagy99/airflow/dags/lesson2_exercises/exercise2.py
[2022-11-06T03:53:30.832+0200] {logging_mixin.py:120} INFO - [2022-11-06T03:53:30.831+0200] {dag.py:2585} INFO - Sync 1 DAGs
[2022-11-06T03:53:30.846+0200] {logging_mixin.py:120} INFO - [2022-11-06T03:53:30.846+0200] {dag.py:3336} INFO - Setting next_dagrun for lesson2.exercise2 to 2018-01-01T00:00:00+00:00, run_after=2018-01-02T00:00:00+00:00
[2022-11-06T03:53:30.864+0200] {processor.py:176} INFO - Processing /Users/mnagy99/airflow/dags/lesson2_exercises/exercise2.py took 1.228 seconds
[2022-11-06T03:58:02.958+0200] {processor.py:154} INFO - Started process (PID=9292) to work on /Users/mnagy99/airflow/dags/lesson2_exercises/exercise2.py
[2022-11-06T03:58:02.961+0200] {processor.py:756} INFO - Processing file /Users/mnagy99/airflow/dags/lesson2_exercises/exercise2.py for tasks to queue
[2022-11-06T03:58:02.962+0200] {logging_mixin.py:120} INFO - [2022-11-06T03:58:02.961+0200] {dagbag.py:537} INFO - Filling up the DagBag from /Users/mnagy99/airflow/dags/lesson2_exercises/exercise2.py
[2022-11-06T03:58:03.921+0200] {processor.py:766} INFO - DAG(s) dict_keys(['lesson2.exercise2']) retrieved from /Users/mnagy99/airflow/dags/lesson2_exercises/exercise2.py
[2022-11-06T03:58:04.557+0200] {logging_mixin.py:120} INFO - [2022-11-06T03:58:04.556+0200] {dag.py:2585} INFO - Sync 1 DAGs
[2022-11-06T03:58:04.586+0200] {logging_mixin.py:120} INFO - [2022-11-06T03:58:04.586+0200] {dag.py:3336} INFO - Setting next_dagrun for lesson2.exercise2 to 2018-01-01T00:00:00+00:00, run_after=2018-01-02T00:00:00+00:00
[2022-11-06T03:58:04.617+0200] {processor.py:176} INFO - Processing /Users/mnagy99/airflow/dags/lesson2_exercises/exercise2.py took 1.660 seconds
[2022-11-06T04:00:29.233+0200] {processor.py:154} INFO - Started process (PID=9436) to work on /Users/mnagy99/airflow/dags/lesson2_exercises/exercise2.py
[2022-11-06T04:00:29.235+0200] {processor.py:756} INFO - Processing file /Users/mnagy99/airflow/dags/lesson2_exercises/exercise2.py for tasks to queue
[2022-11-06T04:00:29.236+0200] {logging_mixin.py:120} INFO - [2022-11-06T04:00:29.236+0200] {dagbag.py:537} INFO - Filling up the DagBag from /Users/mnagy99/airflow/dags/lesson2_exercises/exercise2.py
[2022-11-06T04:00:30.137+0200] {processor.py:766} INFO - DAG(s) dict_keys(['lesson2.exercise2']) retrieved from /Users/mnagy99/airflow/dags/lesson2_exercises/exercise2.py
[2022-11-06T04:00:30.512+0200] {logging_mixin.py:120} INFO - [2022-11-06T04:00:30.512+0200] {dag.py:2585} INFO - Sync 1 DAGs
[2022-11-06T04:00:30.527+0200] {logging_mixin.py:120} INFO - [2022-11-06T04:00:30.527+0200] {dag.py:3336} INFO - Setting next_dagrun for lesson2.exercise2 to 2018-01-01T00:00:00+00:00, run_after=2018-01-02T00:00:00+00:00
[2022-11-06T04:00:30.545+0200] {processor.py:176} INFO - Processing /Users/mnagy99/airflow/dags/lesson2_exercises/exercise2.py took 1.313 seconds
[2022-11-06T04:02:50.394+0200] {processor.py:154} INFO - Started process (PID=9587) to work on /Users/mnagy99/airflow/dags/lesson2_exercises/exercise2.py
[2022-11-06T04:02:50.397+0200] {processor.py:756} INFO - Processing file /Users/mnagy99/airflow/dags/lesson2_exercises/exercise2.py for tasks to queue
[2022-11-06T04:02:50.397+0200] {logging_mixin.py:120} INFO - [2022-11-06T04:02:50.397+0200] {dagbag.py:537} INFO - Filling up the DagBag from /Users/mnagy99/airflow/dags/lesson2_exercises/exercise2.py
[2022-11-06T04:02:51.158+0200] {processor.py:766} INFO - DAG(s) dict_keys(['lesson2.exercise2']) retrieved from /Users/mnagy99/airflow/dags/lesson2_exercises/exercise2.py
[2022-11-06T04:02:51.535+0200] {logging_mixin.py:120} INFO - [2022-11-06T04:02:51.535+0200] {dag.py:2585} INFO - Sync 1 DAGs
[2022-11-06T04:02:51.550+0200] {logging_mixin.py:120} INFO - [2022-11-06T04:02:51.549+0200] {dag.py:3336} INFO - Setting next_dagrun for lesson2.exercise2 to 2018-01-01T00:00:00+00:00, run_after=2018-01-02T00:00:00+00:00
[2022-11-06T04:02:51.567+0200] {processor.py:176} INFO - Processing /Users/mnagy99/airflow/dags/lesson2_exercises/exercise2.py took 1.174 seconds
[2022-11-06T04:05:10.949+0200] {processor.py:154} INFO - Started process (PID=9735) to work on /Users/mnagy99/airflow/dags/lesson2_exercises/exercise2.py
[2022-11-06T04:05:10.952+0200] {processor.py:756} INFO - Processing file /Users/mnagy99/airflow/dags/lesson2_exercises/exercise2.py for tasks to queue
[2022-11-06T04:05:10.953+0200] {logging_mixin.py:120} INFO - [2022-11-06T04:05:10.952+0200] {dagbag.py:537} INFO - Filling up the DagBag from /Users/mnagy99/airflow/dags/lesson2_exercises/exercise2.py
[2022-11-06T04:05:11.775+0200] {processor.py:766} INFO - DAG(s) dict_keys(['lesson2.exercise2']) retrieved from /Users/mnagy99/airflow/dags/lesson2_exercises/exercise2.py
[2022-11-06T04:05:12.260+0200] {logging_mixin.py:120} INFO - [2022-11-06T04:05:12.260+0200] {dag.py:2585} INFO - Sync 1 DAGs
[2022-11-06T04:05:12.277+0200] {logging_mixin.py:120} INFO - [2022-11-06T04:05:12.277+0200] {dag.py:3336} INFO - Setting next_dagrun for lesson2.exercise2 to 2018-01-01T00:00:00+00:00, run_after=2018-01-02T00:00:00+00:00
[2022-11-06T04:05:12.296+0200] {processor.py:176} INFO - Processing /Users/mnagy99/airflow/dags/lesson2_exercises/exercise2.py took 1.348 seconds
[2022-11-06T04:09:50.462+0200] {processor.py:154} INFO - Started process (PID=10019) to work on /Users/mnagy99/airflow/dags/lesson2_exercises/exercise2.py
[2022-11-06T04:09:50.464+0200] {processor.py:756} INFO - Processing file /Users/mnagy99/airflow/dags/lesson2_exercises/exercise2.py for tasks to queue
[2022-11-06T04:09:50.465+0200] {logging_mixin.py:120} INFO - [2022-11-06T04:09:50.465+0200] {dagbag.py:537} INFO - Filling up the DagBag from /Users/mnagy99/airflow/dags/lesson2_exercises/exercise2.py
[2022-11-06T04:09:51.232+0200] {processor.py:766} INFO - DAG(s) dict_keys(['lesson2.exercise2']) retrieved from /Users/mnagy99/airflow/dags/lesson2_exercises/exercise2.py
[2022-11-06T04:09:51.620+0200] {logging_mixin.py:120} INFO - [2022-11-06T04:09:51.620+0200] {dag.py:2585} INFO - Sync 1 DAGs
[2022-11-06T04:09:51.635+0200] {logging_mixin.py:120} INFO - [2022-11-06T04:09:51.635+0200] {dag.py:3336} INFO - Setting next_dagrun for lesson2.exercise2 to 2018-01-01T00:00:00+00:00, run_after=2018-01-02T00:00:00+00:00
[2022-11-06T04:09:51.655+0200] {processor.py:176} INFO - Processing /Users/mnagy99/airflow/dags/lesson2_exercises/exercise2.py took 1.193 seconds
[2022-11-06T04:14:16.841+0200] {processor.py:154} INFO - Started process (PID=10310) to work on /Users/mnagy99/airflow/dags/lesson2_exercises/exercise2.py
[2022-11-06T04:14:16.844+0200] {processor.py:756} INFO - Processing file /Users/mnagy99/airflow/dags/lesson2_exercises/exercise2.py for tasks to queue
[2022-11-06T04:14:16.844+0200] {logging_mixin.py:120} INFO - [2022-11-06T04:14:16.844+0200] {dagbag.py:537} INFO - Filling up the DagBag from /Users/mnagy99/airflow/dags/lesson2_exercises/exercise2.py
[2022-11-06T04:14:17.692+0200] {processor.py:766} INFO - DAG(s) dict_keys(['lesson2.exercise2']) retrieved from /Users/mnagy99/airflow/dags/lesson2_exercises/exercise2.py
[2022-11-06T04:14:18.032+0200] {logging_mixin.py:120} INFO - [2022-11-06T04:14:18.032+0200] {dag.py:2585} INFO - Sync 1 DAGs
[2022-11-06T04:14:18.046+0200] {logging_mixin.py:120} INFO - [2022-11-06T04:14:18.046+0200] {dag.py:3336} INFO - Setting next_dagrun for lesson2.exercise2 to 2018-01-01T00:00:00+00:00, run_after=2018-01-02T00:00:00+00:00
[2022-11-06T04:14:18.062+0200] {processor.py:176} INFO - Processing /Users/mnagy99/airflow/dags/lesson2_exercises/exercise2.py took 1.222 seconds
[2022-11-06T04:18:41.006+0200] {processor.py:154} INFO - Started process (PID=10570) to work on /Users/mnagy99/airflow/dags/lesson2_exercises/exercise2.py
[2022-11-06T04:18:41.008+0200] {processor.py:756} INFO - Processing file /Users/mnagy99/airflow/dags/lesson2_exercises/exercise2.py for tasks to queue
[2022-11-06T04:18:41.009+0200] {logging_mixin.py:120} INFO - [2022-11-06T04:18:41.009+0200] {dagbag.py:537} INFO - Filling up the DagBag from /Users/mnagy99/airflow/dags/lesson2_exercises/exercise2.py
[2022-11-06T04:18:41.821+0200] {processor.py:766} INFO - DAG(s) dict_keys(['lesson2.exercise2']) retrieved from /Users/mnagy99/airflow/dags/lesson2_exercises/exercise2.py
[2022-11-06T04:18:42.222+0200] {logging_mixin.py:120} INFO - [2022-11-06T04:18:42.221+0200] {dag.py:2585} INFO - Sync 1 DAGs
[2022-11-06T04:18:42.237+0200] {logging_mixin.py:120} INFO - [2022-11-06T04:18:42.237+0200] {dag.py:3336} INFO - Setting next_dagrun for lesson2.exercise2 to 2018-01-01T00:00:00+00:00, run_after=2018-01-02T00:00:00+00:00
[2022-11-06T04:18:42.255+0200] {processor.py:176} INFO - Processing /Users/mnagy99/airflow/dags/lesson2_exercises/exercise2.py took 1.251 seconds
